[00:34:08] [SAVE][temp] override tmp='D:\Python test\talkback-a11y-helper\output\.tmp' temp='D:\Python test\talkback-a11y-helper\output\.tmp' applied=true
[00:34:08] [MAIN] script start (version=1.7.79, log_level=NORMAL)
[00:34:09] [PREFLIGHT] talkback status='enabled'
[00:34:09] [MAIN] output file: output/talkback_compare_20260412_003408.xlsx
[00:34:09] [MAIN] image dir base: output\talkback_compare_20260412_003408
[00:34:09] [CONFIG] runtime config loaded path='config\runtime_config.json'
[00:34:09] [GLOBAL_NAV][guard] forcing stabilization_mode='tab_context' scenario='global_nav_main' requested='anchor_then_context'
[00:34:09] [CONFIG] scenario resolved scenario='global_nav_main' group='main_tabs' max_steps=10 enabled=False
[00:34:09] [CONFIG] applied shared_navigation='default_global_nav'
[00:34:09] [CONFIG] scenario enabled scenario='global_nav_main' source='runtime' enabled=False base_enabled=False
[00:34:09] [CONFIG] scenario resolved scenario='home_main' group='main_tabs' max_steps=5 enabled=False
[00:34:09] [CONFIG] applied shared_navigation='bottom_tab_global_nav'
[00:34:09] [CONFIG] scenario enabled scenario='home_main' source='runtime' enabled=False base_enabled=False
[00:34:09] [CONFIG] scenario resolved scenario='life_food_plugin' group='plugin_screen' max_steps=5 enabled=False
[00:34:09] [CONFIG] applied pre_navigation_ref='enter_food_plugin'
[00:34:09] [CONFIG] scenario enabled scenario='life_food_plugin' source='runtime' enabled=False base_enabled=False
[00:34:09] [CONFIG] scenario resolved scenario='life_air_care_plugin' group='-' max_steps=10 enabled=True
[00:34:09] [CONFIG] scenario enabled scenario='life_air_care_plugin' source='runtime' enabled=True base_enabled=False
[00:34:09] [CONFIG] scenario resolved scenario='life_home_care_plugin' group='-' max_steps=10 enabled=True
[00:34:09] [CONFIG] scenario enabled scenario='life_home_care_plugin' source='runtime' enabled=True base_enabled=False
[00:34:09] [CONFIG] scenario resolved scenario='life_energy_plugin' group='-' max_steps=10 enabled=True
[00:34:09] [CONFIG] scenario enabled scenario='life_energy_plugin' source='runtime' enabled=True base_enabled=False
[00:34:09] [CONFIG] scenario resolved scenario='devices_main' group='main_tabs' max_steps=10 enabled=False
[00:34:09] [CONFIG] applied shared_navigation='bottom_tab_global_nav'
[00:34:09] [CONFIG] applied anchor_ref='home_tab_anchor'
[00:34:09] [CONFIG] scenario enabled scenario='devices_main' source='runtime' enabled=False base_enabled=False
[00:34:09] [CONFIG] scenario resolved scenario='life_main' group='main_tabs' max_steps=30 enabled=False
[00:34:09] [CONFIG] applied shared_navigation='bottom_tab_global_nav'
[00:34:09] [CONFIG] scenario enabled scenario='life_main' source='runtime' enabled=False base_enabled=False
[00:34:09] [CONFIG] scenario resolved scenario='routines_main' group='main_tabs' max_steps=30 enabled=False
[00:34:09] [CONFIG] applied shared_navigation='bottom_tab_global_nav'
[00:34:09] [CONFIG] scenario enabled scenario='routines_main' source='runtime' enabled=False base_enabled=False
[00:34:09] [CONFIG] scenario resolved scenario='menu_main' group='main_tabs' max_steps=30 enabled=False
[00:34:09] [CONFIG] applied shared_navigation='bottom_tab_global_nav'
[00:34:09] [CONFIG] scenario enabled scenario='menu_main' source='runtime' enabled=False base_enabled=False
[00:34:09] [CONFIG] scenario resolved scenario='settings_entry_example' group='plugin_screen' max_steps=40 enabled=False
[00:34:09] [CONFIG] applied anchor_ref='settings_button_anchor'
[00:34:09] [CONFIG] applied pre_navigation_ref='enter_settings'
[00:34:09] [CONFIG] scenario enabled scenario='settings_entry_example' source='runtime' enabled=False base_enabled=False
[00:34:09] [CONFIG] scenario resolved scenario='life_pet_care_example' group='-' max_steps=10 enabled=True
[00:34:09] [CONFIG] scenario enabled scenario='life_pet_care_example' source='runtime' enabled=True base_enabled=False
[00:34:09] [MAIN] skip disabled scenario_id='global_nav_main' tab='(?i).*(home|devices|life|routines|menu).*'
[00:34:09] [MAIN] skip disabled scenario_id='home_main' tab='(?i).*home.*'
[00:34:09] [MAIN] skip disabled scenario_id='life_food_plugin' tab='(?i).*life.*'
[00:34:09] [SCENARIO][stabilization] scenario='life_air_care_plugin' screen_context_mode='new_screen' stabilization_mode='anchor_only'
[00:34:09] [CONTEXT] skipped reason='new_screen_mode' phase='tab_select'
[00:34:09] [TAB][select] fallback_to_legacy=True scenario='life_air_care_plugin'
[00:34:13] [TRACE][open_scenario] scenario='life_air_care_plugin' stabilization_mode='anchor_only' focus_align_attempted=True focus_align_ok=True focus_align_reason='' context_ok=False anchor_matched=False anchor_stable=False
[00:34:15] [SCENARIO][pre_nav][stabilization] phase='before_pre_navigation' attempt=1/2 life_selected=false app_bar_hits=4 visible_card_hits=0 life_root_signature_present=false navigate_up_hits=0 family_care_signature_seen=true final_score=2 ok=false pass_reason='' fail_reason='life_root_not_stable'
[00:34:15] [SCENARIO][pre_nav][stabilization][life_energy_relaxed_gate] phase='before_pre_navigation' attempt=1/2 allow_scrolltouch=true reason='life_plugin_list_likely'
[00:34:15] [SCENARIO][pre_nav] step=1 action=scrolltouch target='(?i)(^smart\s*air\s*care$|^air\s*care$|air\s*care\.|\baircare\b|에어\s*케어)'
[00:34:15] [SCENARIO][pre_nav] before scrolltouch, scroll_to_top invoked cumulative_mode=true
[00:34:18] [SCENARIO][pre_nav] scroll_to_top result={'ok': True, 'reached_top': True, 'attempts': 1, 'reason': 'scroll_failed'}
[00:34:18] [SCENARIO][pre_nav] top_state_verify ok=false reason='top_marker_missing' scenario='life_air_care_plugin'
[00:34:22] [SCENARIO][pre_nav] top_state_verify retry=1/2 ok=false reason='top_marker_missing'
[00:34:25] [SCENARIO][pre_nav] top_state_verify retry=2/2 ok=false reason='top_marker_missing'
[00:34:25] [SCENARIO][pre_nav][scrolltouch][debug] scroll_step=1/5 visible_candidate_count=0 partial_match_count=0 exact_match_count=0 xml_fallback_attempted=false xml_fallback_reason='not_attempted' rejections='filtered_before_candidate:21' visible_top='-' partial_top='-' pre_candidate_top='-' local_search_nodes=21 selected=false selected_reason='no_visible_candidate'
[00:34:25] [SCENARIO][pre_nav][scrolltouch][inspect] scroll_step=1/5 samples='label='우리 집 QR code 우리 집 QR code' rid='com.samsung.android.oneconnect:id/home_button' cls='android.widget.ImageButton' visible=true clickable=true focusable=true effectiveClickable=true matched_text_node='com.samsung.android.oneconnect:id/home_button' promoted_container=false promotion_reason='none' promoted_from='' promoted_to='' stage='label_filter' reason='filtered_before_candidate' | label='우리 집, Change location 우리 집, Change location' rid='com.samsung.android.oneconnect:id/tab_title' cls='android.widget.LinearLayout' visible=true clickable=true focusable=true effectiveClickable=true matched_text_node='com.samsung.android.oneconnect:id/tab_title' promoted_container=false promotion_reason='none' promoted_from='' promoted_to='' stage='label_filter' reason='filtered_before_candidate' | label='Add Add' rid='com.samsung.android.oneconnect:id/add_menu_butto' cls='android.widget.ImageButton' visible=true clickable=true focusable=true effectiveClickable=true matched_text_node='com.samsung.android.oneconnect:id/add_menu_button' promoted_container=false promotion_reason='none' promoted_from='' promoted_to='' stage='label_filter' reason='filtered_before_candidate' | label='More options Mor'
[00:34:26] [CAPTURE][scrolltouch_step] saved path='output\capture_bundles\life_air_care_plugin\20260411_153415\step_01' step=1 visible_candidate_count=0 partial_match_count=0
[00:34:28] [SCENARIO][pre_nav][scrolltouch] visible_candidate_count=0 partial_match_count=0 scroll_step=1/5 action='scroll_forward_and_retry_local_search' scroll_performed=true settle_wait_ms=250 cumulative_mode=true
[00:34:30] [SCENARIO][pre_nav][scrolltouch][debug] scroll_step=2/5 visible_candidate_count=0 partial_match_count=0 exact_match_count=0 xml_fallback_attempted=false xml_fallback_reason='not_attempted' rejections='filtered_before_candidate:13' visible_top='-' partial_top='-' pre_candidate_top='-' local_search_nodes=13 selected=false selected_reason='no_visible_candidate'
[00:34:30] [SCENARIO][pre_nav][scrolltouch][inspect] scroll_step=2/5 samples='label='우리 집 QR code 우리 집 QR code' rid='com.samsung.android.oneconnect:id/home_button' cls='android.widget.ImageButton' visible=true clickable=true focusable=true effectiveClickable=true matched_text_node='com.samsung.android.oneconnect:id/home_button' promoted_container=false promotion_reason='none' promoted_from='' promoted_to='' stage='label_filter' reason='filtered_before_candidate' | label='우리 집, Change location 우리 집, Change location' rid='com.samsung.android.oneconnect:id/tab_title' cls='android.widget.LinearLayout' visible=true clickable=true focusable=true effectiveClickable=true matched_text_node='com.samsung.android.oneconnect:id/tab_title' promoted_container=false promotion_reason='none' promoted_from='' promoted_to='' stage='label_filter' reason='filtered_before_candidate' | label='Add Add' rid='com.samsung.android.oneconnect:id/add_menu_butto' cls='android.widget.ImageButton' visible=true clickable=true focusable=true effectiveClickable=true matched_text_node='com.samsung.android.oneconnect:id/add_menu_button' promoted_container=false promotion_reason='none' promoted_from='' promoted_to='' stage='label_filter' reason='filtered_before_candidate' | label='More options Mor'
[00:34:31] [CAPTURE][scrolltouch_step] saved path='output\capture_bundles\life_air_care_plugin\20260411_153415\step_02' step=2 visible_candidate_count=0 partial_match_count=0
[00:34:33] [SCENARIO][pre_nav][scrolltouch] visible_candidate_count=0 partial_match_count=0 scroll_step=2/5 action='scroll_forward_and_retry_local_search' scroll_performed=true settle_wait_ms=250 cumulative_mode=true
[00:34:36] [SCENARIO][pre_nav][scrolltouch][debug] scroll_step=3/5 visible_candidate_count=1 partial_match_count=1 exact_match_count=0 xml_fallback_attempted=true xml_fallback_reason='ok' rejections='filtered_before_candidate:11' visible_top='label='Monitor air quality and air comfort in each room of your hom' rid='com.samsung.android.oneconnect:id/frameL' cls='android.widget.FrameLayout' bounds='42,1752,1038,2316'' partial_top='label='Monitor air quality and air comfort in each room of your hom' rid='com.samsung.android.oneconnect:id/frameL' cls='android.widget.FrameLayout' bounds='42,1752,1038,2316'' pre_candidate_top='-' local_search_nodes=12 selected=true selected_reason='candidate_count=1'
[00:34:36] [SCENARIO][pre_nav][scrolltouch][inspect] scroll_step=3/5 samples='label='우리 집 QR code 우리 집 QR code' rid='com.samsung.android.oneconnect:id/home_button' cls='android.widget.ImageButton' visible=true clickable=true focusable=true effectiveClickable=true matched_text_node='com.samsung.android.oneconnect:id/home_button' promoted_container=false promotion_reason='none' promoted_from='' promoted_to='' stage='label_filter' reason='filtered_before_candidate' | label='우리 집, Change location 우리 집, Change location' rid='com.samsung.android.oneconnect:id/tab_title' cls='android.widget.LinearLayout' visible=true clickable=true focusable=true effectiveClickable=true matched_text_node='com.samsung.android.oneconnect:id/tab_title' promoted_container=false promotion_reason='none' promoted_from='' promoted_to='' stage='label_filter' reason='filtered_before_candidate' | label='Add Add' rid='com.samsung.android.oneconnect:id/add_menu_butto' cls='android.widget.ImageButton' visible=true clickable=true focusable=true effectiveClickable=true matched_text_node='com.samsung.android.oneconnect:id/add_menu_button' promoted_container=false promotion_reason='none' promoted_from='' promoted_to='' stage='label_filter' reason='filtered_before_candidate' | label='More options Mor'
[00:34:38] [CAPTURE][scrolltouch_step] saved path='output\capture_bundles\life_air_care_plugin\20260411_153415\step_03' step=3 visible_candidate_count=1 partial_match_count=1
[00:34:38] [SCENARIO][pre_nav][scrolltouch] candidate_select reason='candidate_count=1' class='android.widget.FrameLayout' resource='com.samsung.android.oneconnect:id/frameLayout' bounds='42,1752,1038,2316' visible=true label='' promoted_container=true promotion_attempted=true promotion_source='xml_live' matched_text_node='com.samsung.android.oneconnect:id/tvHeaderTitle' promotion_reason='xml_live_containment_container' promotion_candidate_count=8 promotion_debug_summary='helper:no_candidate;xml_live:candidate_count=8' promoted_from='com.samsung.android.oneconnect:id/tvHeaderTitle' promoted_to='com.samsung.android.oneconnect:id/frameLayout' selected_area=561744 text_area=161424 area_ratio=3.480 ancestor_distance=-1 tap_point='540,2034' tap_strategy='center' rank_summary_top3='com.samsung.android.oneconnect:id/containerHeaderLayout:xml_live_containment_container:ov=1000:ar=1.18:sp=3:ad=-1 | android.widget.RelativeLayout:xml_live_containment_container:ov=1000:ar=1.18:sp=-1:ad=-1 | com.samsung.a' scroll_step=3/5 cumulative_mode=true
[00:34:38] [SCENARIO][pre_nav][scrolltouch] candidate_select reason='no_local_match' fallback='helper_scrollTouch' reason_detail='local_search_exhausted' cumulative_mode=true
[00:34:49] [SCENARIO][pre_nav][scrolltouch] post_click_transition same_screen=false signal='air_care_verify'
[00:34:49] [SCENARIO][pre_nav] success step=1 reason='ACTION_CLICK success'
[00:34:50] [SCENARIO][pre_nav] success
[00:34:54] [CONTEXT] skipped reason='anchor_only_mode'
[00:34:54] [CONTEXT] skipped reason='anchor_only_mode'
[00:34:54] [CONTEXT] scenario='life_air_care_plugin' type='skipped' expected='' actual='' ok=True
[00:34:54] [CONTEXT] verification passed scenario='life_air_care_plugin'
[00:34:54] [ANCHOR][scenario_start] success scenario='life_air_care_plugin' selected=True matched=True stable=True context_ok=True reason='selected_and_verified'
[00:34:54] [TRACE][open_scenario] scenario='life_air_care_plugin' stabilization_mode='anchor_only' focus_align_attempted=True focus_align_ok=True focus_align_reason='' context_ok=False anchor_matched=False anchor_stable=True
[00:34:55] [SCENARIO][entry_contract] success scenario='life_air_care_plugin' entry_type='card' reason='success_verified' detail='plugin_open_verified'
[00:34:56] [TRACE][post_open_focus] scenario='life_air_care_plugin' view_id='back' label='Navigate up' speech='Navigate up' bounds='{'l': 72, 't': 118, 'r': 144, 'b': 310, 'left': 72, 'top': 118, 'right': 144, 'bottom': 310}' source='top_level' top_level=True
[00:35:01] [TRACE][anchor_row] scenario='life_air_care_plugin' step=0 view_id='back' visible='Navigate up' speech='Navigate up' normalized_visible='navigate up' is_global_nav=False
[00:35:01] [ROW] fingerprint='back|navigate up|navigate up|108,214' normalized_fingerprint='back|navigate up|navigate up' duplicate=false recent_duplicate=false distance=0 recent_semantic_duplicate=false semantic_distance=0 semantic_window_unique=1 noise=false
[00:35:01] [RESULT] skipped anchor rows count=1
[00:35:01] [SAVE] writing sheets raw/filtered/summary/result
[00:35:01] [SAVE] filtered rows=1, raw rows=1
[00:35:01] [SAVE] saved excel: output/talkback_compare_20260412_003408.xlsx rows=1 with_images=False
[00:35:01] [STEP] START tab='(?i).*life.*' step=1
[00:35:06] [ROW] fingerprint='|air care|air care|552,214' normalized_fingerprint='|air care|air care' duplicate=false recent_duplicate=false distance=0 recent_semantic_duplicate=false semantic_distance=0 semantic_window_unique=2 noise=false
[00:35:06] [STEP] END tab='(?i).*life.*' step=1 elapsed=4.46s move_result='{'success': True, 'status': 'moved', 'detail': 'moved', 'raw': {'timestamp': 1775921703299, 'reqId': 'bf011522', 'success': True, 'status': 'moved', 'detail': 'moved', 'flags': []}}' visible='Air Care' speech='Air Care' crop='output\talkback_compare_20260412_003408\crops\i_._life._step_1_Air_Care.png' timing(move=0.421s ann=3.052s get_focus=0.986s get_focus_fallback_dump=0.000s step_dump=0.000s crop=0.495s total=4.954s) focus_reason='' fallback_used=False fallback_found=False step_dump_used=False step_dump_reason='focus_payload_sufficient' req_id='b059fd34'
[00:35:06] [STOP][eval] step=1 scenario='life_air_care_plugin' terminal=false same_like_count=0 no_progress=false scenario_type='content' is_global_nav=false after_realign=false recent_repeat=false bounded_two_card_loop=false semantic_same_like=false recent_duplicate=false recent_duplicate_distance=0 recent_semantic_duplicate=false recent_semantic_duplicate_distance=0 recent_semantic_unique_count=2 strict_duplicate=false semantic_duplicate=false repeat_class='none' loop_classification='none' hard_no_progress=false soft_no_progress=false no_progress_class='none' overlay_realign_grace_active=false min_step_gate_blocked=false realign_grace_suppressed=false repeat_stop_hit=false decision='continue' reason='none' stop_explain_version='pr7_explain_v1' stop_explain_input='step:1|move:{'success': true, 'status': 'moved', 'detail': 'moved', 'raw': {'timestamp': 1775921703299, 'reqid': 'bf011522', 'success': true, 'status': 'moved', 'detail': 'moved', 'flags': []}}|smart:moved|same:0|fail:0' stop_explain_repeat='recent:false|class:none|strict:false|semantic:false|loop:none|two_card:false' stop_explain_no_progress='hit:false|class:none|hard:false|soft:false' stop_explain_gate='candidate:false|min_block:false|realign_suppress:false|realign_active:false|decision:continue'
[00:35:06] [STEP] START tab='(?i).*life.*' step=2
[00:35:11] [ROW] fingerprint='more|more options|more options|972,214' normalized_fingerprint='more|more options|more options' duplicate=false recent_duplicate=false distance=0 recent_semantic_duplicate=false semantic_distance=0 semantic_window_unique=3 noise=false
[00:35:11] [STEP] END tab='(?i).*life.*' step=2 elapsed=4.56s move_result='{'success': True, 'status': 'moved', 'detail': 'moved', 'raw': {'timestamp': 1775921708328, 'reqId': 'd2e4bb33', 'success': True, 'status': 'moved', 'detail': 'moved', 'flags': []}}' visible='More options' speech='More options' crop='output\talkback_compare_20260412_003408\crops\i_._life._step_2_More_options.png' timing(move=0.489s ann=3.062s get_focus=1.013s get_focus_fallback_dump=0.000s step_dump=0.000s crop=0.486s total=5.050s) focus_reason='' fallback_used=False fallback_found=False step_dump_used=False step_dump_reason='focus_payload_sufficient' req_id='221b134f'
[00:35:11] [STOP][eval] step=2 scenario='life_air_care_plugin' terminal=false same_like_count=0 no_progress=false scenario_type='content' is_global_nav=false after_realign=false recent_repeat=false bounded_two_card_loop=false semantic_same_like=false recent_duplicate=false recent_duplicate_distance=0 recent_semantic_duplicate=false recent_semantic_duplicate_distance=0 recent_semantic_unique_count=3 strict_duplicate=false semantic_duplicate=false repeat_class='none' loop_classification='none' hard_no_progress=false soft_no_progress=false no_progress_class='none' overlay_realign_grace_active=false min_step_gate_blocked=false realign_grace_suppressed=false repeat_stop_hit=false decision='continue' reason='none' stop_explain_version='pr7_explain_v1' stop_explain_input='step:2|move:{'success': true, 'status': 'moved', 'detail': 'moved', 'raw': {'timestamp': 1775921708328, 'reqid': 'd2e4bb33', 'success': true, 'status': 'moved', 'detail': 'moved', 'flags': []}}|smart:moved|same:0|fail:0' stop_explain_repeat='recent:false|class:none|strict:false|semantic:false|loop:none|two_card:false' stop_explain_no_progress='hit:false|class:none|hard:false|soft:false' stop_explain_gate='candidate:false|min_block:false|realign_suppress:false|realign_active:false|decision:continue'
[00:35:11] [OVERLAY] candidate matched scenario='life_air_care_plugin' tab='(?i).*life.*' step=2 view_id='more' label='More options' reason='matched_scenario_policy'
[00:35:22] [OVERLAY] post_click classification='overlay' scenario='life_air_care_plugin' tab='(?i).*life.*' entry_view_id='more' entry_label='More options' post_view_id='addToHomescreen' post_label='Add to Home screen'
[00:35:35] [RESULT] skipped anchor rows count=1
[00:35:35] [SAVE] writing sheets raw/filtered/summary/result
[00:35:35] [SAVE] filtered rows=6, raw rows=6
[00:35:35] [SAVE] saved excel: output/talkback_compare_20260412_003408.xlsx rows=6 with_images=False
[00:35:39] [OVERLAY][repeat] same_focus_detected=true step=4 view_id='info' bounds='462,556,1053,706' normalized_visible_label='information' move_result=''
[00:35:39] [OVERLAY][break] reason='same_overlay_fingerprint' step=4
[00:35:39] [RESULT] skipped anchor rows count=1
[00:35:39] [SAVE] writing sheets raw/filtered/summary/result
[00:35:39] [SAVE] filtered rows=6, raw rows=6
[00:35:39] [SAVE] saved excel: output/talkback_compare_20260412_003408.xlsx rows=6 with_images=False
[00:35:42] [RESULT] skipped anchor rows count=1
[00:35:42] [SAVE] writing sheets raw/filtered/summary/result
[00:35:42] [SAVE] filtered rows=6, raw rows=6
[00:35:42] [SAVE] saved excel: output/talkback_compare_20260412_003408.xlsx rows=6 with_images=False
[00:35:45] [OVERLAY] realign status='realign_entry_reached' entry_reached=True steps_taken=2 match_by='view_id'
[00:35:51] [CONTEXT] skipped reason='anchor_only_mode'
[00:35:51] [CONTEXT] skipped reason='anchor_only_mode'
[00:35:51] [CONTEXT] scenario='life_air_care_plugin' type='skipped' expected='' actual='' ok=True
[00:35:51] [CONTEXT] verification passed scenario='life_air_care_plugin'
[00:35:51] [ANCHOR][overlay_realign] success scenario='life_air_care_plugin' selected=True matched=True stable=True context_ok=True reason='selected_and_verified'
[00:35:51] [ANCHOR][overlay_realign] success scenario='life_air_care_plugin' reason='overlay_realign_verified'
[00:35:51] [STEP] START tab='(?i).*life.*' step=3
[00:35:56] [ROW] fingerprint='|air care|air care|552,214' normalized_fingerprint='|air care|air care' duplicate=false recent_duplicate=true distance=2 recent_semantic_duplicate=true semantic_distance=2 semantic_window_unique=3 noise=false
[00:35:56] [STEP] END tab='(?i).*life.*' step=3 elapsed=4.59s move_result='{'success': True, 'status': 'moved', 'detail': 'moved', 'raw': {'timestamp': 1775921753155, 'reqId': 'e5f2318c', 'success': True, 'status': 'moved', 'detail': 'moved', 'flags': []}}' visible='Air Care' speech='Air Care' crop='output\talkback_compare_20260412_003408\crops\i_._life._step_3_Air_Care.png' timing(move=0.522s ann=3.073s get_focus=0.996s get_focus_fallback_dump=0.000s step_dump=0.000s crop=0.499s total=5.091s) focus_reason='' fallback_used=False fallback_found=False step_dump_used=False step_dump_reason='focus_payload_sufficient' req_id='c6de7a3c'
[00:35:56] [STOP][eval] step=3 scenario='life_air_care_plugin' terminal=false same_like_count=0 no_progress=false scenario_type='content' is_global_nav=false after_realign=true recent_repeat=false bounded_two_card_loop=false semantic_same_like=false recent_duplicate=true recent_duplicate_distance=2 recent_semantic_duplicate=true recent_semantic_duplicate_distance=2 recent_semantic_unique_count=3 strict_duplicate=false semantic_duplicate=false repeat_class='none' loop_classification='none' hard_no_progress=false soft_no_progress=false no_progress_class='none' overlay_realign_grace_active=false min_step_gate_blocked=false realign_grace_suppressed=false repeat_stop_hit=false decision='continue' reason='none' stop_explain_version='pr7_explain_v1' stop_explain_input='step:3|move:{'success': true, 'status': 'moved', 'detail': 'moved', 'raw': {'timestamp': 1775921753155, 'reqid': 'e5f2318c', 'success': true, 'status': 'moved', 'detail': 'moved', 'flags': []}}|smart:moved|same:0|fail:0' stop_explain_repeat='recent:false|class:none|strict:false|semantic:false|loop:none|two_card:false' stop_explain_no_progress='hit:false|class:none|hard:false|soft:false' stop_explain_gate='candidate:false|min_block:false|realign_suppress:false|realign_active:false|decision:continue'
[00:35:56] [RESULT] skipped anchor rows count=1
[00:35:56] [SAVE] writing sheets raw/filtered/summary/result
[00:35:56] [SAVE] filtered rows=6, raw rows=7
[00:35:56] [SAVE] saved excel: output/talkback_compare_20260412_003408.xlsx rows=7 with_images=False
[00:35:56] [STEP] START tab='(?i).*life.*' step=4
[00:36:01] [ROW] fingerprint='more|more options|more options|972,214' normalized_fingerprint='more|more options|more options' duplicate=false recent_duplicate=true distance=2 recent_semantic_duplicate=true semantic_distance=2 semantic_window_unique=3 noise=false
[00:36:01] [STEP] END tab='(?i).*life.*' step=4 elapsed=4.51s move_result='{'success': True, 'status': 'moved', 'detail': 'moved', 'raw': {'timestamp': 1775921758334, 'reqId': 'c91028bf', 'success': True, 'status': 'moved', 'detail': 'moved', 'flags': []}}' visible='More options' speech='More options' crop='output\talkback_compare_20260412_003408\crops\i_._life._step_4_More_options.png' timing(move=0.480s ann=3.036s get_focus=0.997s get_focus_fallback_dump=0.000s step_dump=0.000s crop=0.474s total=4.987s) focus_reason='' fallback_used=False fallback_found=False step_dump_used=False step_dump_reason='focus_payload_sufficient' req_id='f90d8444'
[00:36:01] [STOP][eval] step=4 scenario='life_air_care_plugin' terminal=false same_like_count=0 no_progress=false scenario_type='content' is_global_nav=false after_realign=false recent_repeat=false bounded_two_card_loop=false semantic_same_like=false recent_duplicate=true recent_duplicate_distance=2 recent_semantic_duplicate=true recent_semantic_duplicate_distance=2 recent_semantic_unique_count=3 strict_duplicate=false semantic_duplicate=false repeat_class='none' loop_classification='none' hard_no_progress=false soft_no_progress=false no_progress_class='none' overlay_realign_grace_active=false min_step_gate_blocked=false realign_grace_suppressed=false repeat_stop_hit=false decision='continue' reason='none' stop_explain_version='pr7_explain_v1' stop_explain_input='step:4|move:{'success': true, 'status': 'moved', 'detail': 'moved', 'raw': {'timestamp': 1775921758334, 'reqid': 'c91028bf', 'success': true, 'status': 'moved', 'detail': 'moved', 'flags': []}}|smart:moved|same:0|fail:0' stop_explain_repeat='recent:false|class:none|strict:false|semantic:false|loop:none|two_card:false' stop_explain_no_progress='hit:false|class:none|hard:false|soft:false' stop_explain_gate='candidate:false|min_block:false|realign_suppress:false|realign_active:false|decision:continue'
[00:36:01] [OVERLAY] skip already expanded entry fingerprint='(?i).*life.*|more|more options'
[00:36:01] [STEP] START tab='(?i).*life.*' step=5
[00:36:06] [ROW] fingerprint='|set geolocation to monitor outdoor air quality|set geolocation to monitor outdoor air quality|516,418' normalized_fingerprint='|set geolocation to monitor outdoor air quality|set geolocation to monitor outdoor air quality' duplicate=false recent_duplicate=false distance=0 recent_semantic_duplicate=false semantic_distance=0 semantic_window_unique=4 noise=false
[00:36:06] [STEP] END tab='(?i).*life.*' step=5 elapsed=4.57s move_result='{'success': True, 'status': 'moved', 'detail': 'moved', 'raw': {'timestamp': 1775921763325, 'reqId': '42b0e3ea', 'success': True, 'status': 'moved', 'detail': 'moved', 'flags': []}}' visible='Set geolocation to monitor outdoor air quality' speech='Set geolocation to monitor outdoor air quality' crop='output\talkback_compare_20260412_003408\crops\i_._life._step_5_Set_geolocation_to_monitor_outdoor_air_q.png' timing(move=0.489s ann=3.053s get_focus=1.024s get_focus_fallback_dump=0.000s step_dump=0.000s crop=0.493s total=5.059s) focus_reason='' fallback_used=False fallback_found=False step_dump_used=False step_dump_reason='focus_payload_sufficient' req_id='b4ee2b3e'
[00:36:06] [STOP][eval] step=5 scenario='life_air_care_plugin' terminal=false same_like_count=0 no_progress=false scenario_type='content' is_global_nav=false after_realign=false recent_repeat=false bounded_two_card_loop=false semantic_same_like=false recent_duplicate=false recent_duplicate_distance=0 recent_semantic_duplicate=false recent_semantic_duplicate_distance=0 recent_semantic_unique_count=4 strict_duplicate=false semantic_duplicate=false repeat_class='none' loop_classification='none' hard_no_progress=false soft_no_progress=false no_progress_class='none' overlay_realign_grace_active=false min_step_gate_blocked=false realign_grace_suppressed=false repeat_stop_hit=false decision='continue' reason='none' stop_explain_version='pr7_explain_v1' stop_explain_input='step:5|move:{'success': true, 'status': 'moved', 'detail': 'moved', 'raw': {'timestamp': 1775921763325, 'reqid': '42b0e3ea', 'success': true, 'status': 'moved', 'detail': 'moved', 'flags': []}}|smart:moved|same:0|fail:0' stop_explain_repeat='recent:false|class:none|strict:false|semantic:false|loop:none|two_card:false' stop_explain_no_progress='hit:false|class:none|hard:false|soft:false' stop_explain_gate='candidate:false|min_block:false|realign_suppress:false|realign_active:false|decision:continue'
[00:36:06] [STEP] START tab='(?i).*life.*' step=6
[00:36:11] [ROW] fingerprint='dismiss|dismiss|dismiss|457,520' normalized_fingerprint='dismiss|dismiss|dismiss' duplicate=false recent_duplicate=false distance=0 recent_semantic_duplicate=false semantic_distance=0 semantic_window_unique=4 noise=false
[00:36:11] [STEP] END tab='(?i).*life.*' step=6 elapsed=4.50s move_result='{'success': True, 'status': 'moved', 'detail': 'moved', 'raw': {'timestamp': 1775921768369, 'reqId': 'fb93b6bb', 'success': True, 'status': 'moved', 'detail': 'moved', 'flags': []}}' visible='Dismiss' speech='Dismiss' crop='output\talkback_compare_20260412_003408\crops\i_._life._step_6_Dismiss.png' timing(move=0.456s ann=3.043s get_focus=0.999s get_focus_fallback_dump=0.000s step_dump=0.000s crop=0.467s total=4.967s) focus_reason='' fallback_used=False fallback_found=False step_dump_used=False step_dump_reason='focus_payload_sufficient' req_id='b510c6a7'
[00:36:11] [STOP][eval] step=6 scenario='life_air_care_plugin' terminal=false same_like_count=0 no_progress=false scenario_type='content' is_global_nav=false after_realign=false recent_repeat=false bounded_two_card_loop=false semantic_same_like=false recent_duplicate=false recent_duplicate_distance=0 recent_semantic_duplicate=false recent_semantic_duplicate_distance=0 recent_semantic_unique_count=4 strict_duplicate=false semantic_duplicate=false repeat_class='none' loop_classification='none' hard_no_progress=false soft_no_progress=false no_progress_class='none' overlay_realign_grace_active=false min_step_gate_blocked=false realign_grace_suppressed=false repeat_stop_hit=false decision='continue' reason='none' stop_explain_version='pr7_explain_v1' stop_explain_input='step:6|move:{'success': true, 'status': 'moved', 'detail': 'moved', 'raw': {'timestamp': 1775921768369, 'reqid': 'fb93b6bb', 'success': true, 'status': 'moved', 'detail': 'moved', 'flags': []}}|smart:moved|same:0|fail:0' stop_explain_repeat='recent:false|class:none|strict:false|semantic:false|loop:none|two_card:false' stop_explain_no_progress='hit:false|class:none|hard:false|soft:false' stop_explain_gate='candidate:false|min_block:false|realign_suppress:false|realign_active:false|decision:continue'
[00:36:11] [RESULT] skipped anchor rows count=1
[00:36:11] [SAVE] writing sheets raw/filtered/summary/result
[00:36:11] [SAVE] filtered rows=8, raw rows=10
[00:36:11] [SAVE] saved excel: output/talkback_compare_20260412_003408.xlsx rows=10 with_images=False
[00:36:11] [STEP] START tab='(?i).*life.*' step=7
[00:36:16] [ROW] fingerprint='set_geo|set geolocation|set geolocation|808,520' normalized_fingerprint='set geo|set geolocation|set geolocation' duplicate=false recent_duplicate=false distance=0 recent_semantic_duplicate=false semantic_distance=0 semantic_window_unique=5 noise=false
[00:36:16] [STEP] END tab='(?i).*life.*' step=7 elapsed=4.45s move_result='{'success': True, 'status': 'moved', 'detail': 'moved', 'raw': {'timestamp': 1775921773476, 'reqId': '03d889bd', 'success': True, 'status': 'moved', 'detail': 'moved', 'flags': []}}' visible='Set geolocation' speech='Set geolocation' crop='output\talkback_compare_20260412_003408\crops\i_._life._step_7_Set_geolocation.png' timing(move=0.489s ann=2.926s get_focus=1.032s get_focus_fallback_dump=0.000s step_dump=0.000s crop=0.466s total=4.913s) focus_reason='' fallback_used=False fallback_found=False step_dump_used=False step_dump_reason='focus_payload_sufficient' req_id='04bc4def'
[00:36:16] [STOP][eval] step=7 scenario='life_air_care_plugin' terminal=false same_like_count=0 no_progress=false scenario_type='content' is_global_nav=false after_realign=false recent_repeat=false bounded_two_card_loop=false semantic_same_like=false recent_duplicate=false recent_duplicate_distance=0 recent_semantic_duplicate=false recent_semantic_duplicate_distance=0 recent_semantic_unique_count=5 strict_duplicate=false semantic_duplicate=false repeat_class='none' loop_classification='none' hard_no_progress=false soft_no_progress=false no_progress_class='none' overlay_realign_grace_active=false min_step_gate_blocked=false realign_grace_suppressed=false repeat_stop_hit=false decision='continue' reason='none' stop_explain_version='pr7_explain_v1' stop_explain_input='step:7|move:{'success': true, 'status': 'moved', 'detail': 'moved', 'raw': {'timestamp': 1775921773476, 'reqid': '03d889bd', 'success': true, 'status': 'moved', 'detail': 'moved', 'flags': []}}|smart:moved|same:0|fail:0' stop_explain_repeat='recent:false|class:none|strict:false|semantic:false|loop:none|two_card:false' stop_explain_no_progress='hit:false|class:none|hard:false|soft:false' stop_explain_gate='candidate:false|min_block:false|realign_suppress:false|realign_active:false|decision:continue'
[00:36:16] [STEP] START tab='(?i).*life.*' step=8
[00:36:21] [ROW] fingerprint='|outdoor air quality (fine dust)|outdoor air quality (fine dust)|486,724' normalized_fingerprint='|outdoor air quality fine dust|outdoor air quality fine dust' duplicate=false recent_duplicate=false distance=0 recent_semantic_duplicate=false semantic_distance=0 semantic_window_unique=6 noise=false
[00:36:21] [STEP] END tab='(?i).*life.*' step=8 elapsed=4.50s move_result='{'success': True, 'status': 'moved', 'detail': 'moved', 'raw': {'timestamp': 1775921778357, 'reqId': 'ee8daa26', 'success': True, 'status': 'moved', 'detail': 'moved', 'flags': []}}' visible='Outdoor air quality (fine dust)' speech='Outdoor air quality (fine dust)' crop='output\talkback_compare_20260412_003408\crops\i_._life._step_8_Outdoor_air_quality__fine_dust.png' timing(move=0.452s ann=3.022s get_focus=1.027s get_focus_fallback_dump=0.000s step_dump=0.000s crop=0.487s total=4.989s) focus_reason='' fallback_used=False fallback_found=False step_dump_used=False step_dump_reason='focus_payload_sufficient' req_id='d7f0725f'
[00:36:21] [STOP][eval] step=8 scenario='life_air_care_plugin' terminal=false same_like_count=0 no_progress=false scenario_type='content' is_global_nav=false after_realign=false recent_repeat=false bounded_two_card_loop=false semantic_same_like=false recent_duplicate=false recent_duplicate_distance=0 recent_semantic_duplicate=false recent_semantic_duplicate_distance=0 recent_semantic_unique_count=6 strict_duplicate=false semantic_duplicate=false repeat_class='none' loop_classification='none' hard_no_progress=false soft_no_progress=false no_progress_class='none' overlay_realign_grace_active=false min_step_gate_blocked=false realign_grace_suppressed=false repeat_stop_hit=false decision='continue' reason='none' stop_explain_version='pr7_explain_v1' stop_explain_input='step:8|move:{'success': true, 'status': 'moved', 'detail': 'moved', 'raw': {'timestamp': 1775921778357, 'reqid': 'ee8daa26', 'success': true, 'status': 'moved', 'detail': 'moved', 'flags': []}}|smart:moved|same:0|fail:0' stop_explain_repeat='recent:false|class:none|strict:false|semantic:false|loop:none|two_card:false' stop_explain_no_progress='hit:false|class:none|hard:false|soft:false' stop_explain_gate='candidate:false|min_block:false|realign_suppress:false|realign_active:false|decision:continue'
[00:36:21] [STEP] START tab='(?i).*life.*' step=9
[00:36:26] [ROW] fingerprint='|information|information|966,724' normalized_fingerprint='|information|information' duplicate=false recent_duplicate=false distance=0 recent_semantic_duplicate=false semantic_distance=0 semantic_window_unique=6 noise=false
[00:36:26] [STEP] END tab='(?i).*life.*' step=9 elapsed=4.59s move_result='{'success': True, 'status': 'moved', 'detail': 'moved', 'raw': {'timestamp': 1775921783412, 'reqId': 'fb4c19f6', 'success': True, 'status': 'moved', 'detail': 'moved', 'flags': []}}' visible='Information' speech='Information' crop='output\talkback_compare_20260412_003408\crops\i_._life._step_9_Information.png' timing(move=0.513s ann=3.076s get_focus=1.005s get_focus_fallback_dump=0.000s step_dump=0.000s crop=0.473s total=5.067s) focus_reason='' fallback_used=False fallback_found=False step_dump_used=False step_dump_reason='focus_payload_sufficient' req_id='d505dae9'
[00:36:26] [STOP][eval] step=9 scenario='life_air_care_plugin' terminal=false same_like_count=0 no_progress=false scenario_type='content' is_global_nav=false after_realign=false recent_repeat=false bounded_two_card_loop=false semantic_same_like=false recent_duplicate=false recent_duplicate_distance=0 recent_semantic_duplicate=false recent_semantic_duplicate_distance=0 recent_semantic_unique_count=6 strict_duplicate=false semantic_duplicate=false repeat_class='none' loop_classification='none' hard_no_progress=false soft_no_progress=false no_progress_class='none' overlay_realign_grace_active=false min_step_gate_blocked=false realign_grace_suppressed=false repeat_stop_hit=false decision='continue' reason='none' stop_explain_version='pr7_explain_v1' stop_explain_input='step:9|move:{'success': true, 'status': 'moved', 'detail': 'moved', 'raw': {'timestamp': 1775921783412, 'reqid': 'fb4c19f6', 'success': true, 'status': 'moved', 'detail': 'moved', 'flags': []}}|smart:moved|same:0|fail:0' stop_explain_repeat='recent:false|class:none|strict:false|semantic:false|loop:none|two_card:false' stop_explain_no_progress='hit:false|class:none|hard:false|soft:false' stop_explain_gate='candidate:false|min_block:false|realign_suppress:false|realign_active:false|decision:continue'
[00:36:26] [RESULT] skipped anchor rows count=1
[00:36:26] [SAVE] writing sheets raw/filtered/summary/result
[00:36:26] [SAVE] filtered rows=11, raw rows=13
[00:36:26] [SAVE] saved excel: output/talkback_compare_20260412_003408.xlsx rows=13 with_images=False
[00:36:26] [STEP] START tab='(?i).*life.*' step=10
[00:36:32] [ROW] fingerprint='|previous time|previous time|120,871' normalized_fingerprint='|previous time|previous time' duplicate=false recent_duplicate=false distance=0 recent_semantic_duplicate=false semantic_distance=0 semantic_window_unique=6 noise=false
[00:36:32] [STEP] END tab='(?i).*life.*' step=10 elapsed=4.63s move_result='{'success': True, 'status': 'moved', 'detail': 'moved', 'raw': {'timestamp': 1775921788613, 'reqId': 'de0d317f', 'success': True, 'status': 'moved', 'detail': 'moved', 'flags': []}}' visible='Previous time' speech='Previous time' crop='output\talkback_compare_20260412_003408\crops\i_._life._step_10_Previous_time.png' timing(move=0.505s ann=3.078s get_focus=1.047s get_focus_fallback_dump=0.000s step_dump=0.000s crop=0.484s total=5.115s) focus_reason='' fallback_used=False fallback_found=False step_dump_used=False step_dump_reason='focus_payload_sufficient' req_id='882a4b09'
[00:36:32] [STOP][eval] step=10 scenario='life_air_care_plugin' terminal=false same_like_count=0 no_progress=false scenario_type='content' is_global_nav=false after_realign=false recent_repeat=false bounded_two_card_loop=false semantic_same_like=false recent_duplicate=false recent_duplicate_distance=0 recent_semantic_duplicate=false recent_semantic_duplicate_distance=0 recent_semantic_unique_count=6 strict_duplicate=false semantic_duplicate=false repeat_class='none' loop_classification='none' hard_no_progress=false soft_no_progress=false no_progress_class='none' overlay_realign_grace_active=false min_step_gate_blocked=false realign_grace_suppressed=false repeat_stop_hit=false decision='continue' reason='none' stop_explain_version='pr7_explain_v1' stop_explain_input='step:10|move:{'success': true, 'status': 'moved', 'detail': 'moved', 'raw': {'timestamp': 1775921788613, 'reqid': 'de0d317f', 'success': true, 'status': 'moved', 'detail': 'moved', 'flags': []}}|smart:moved|same:0|fail:0' stop_explain_repeat='recent:false|class:none|strict:false|semantic:false|loop:none|two_card:false' stop_explain_no_progress='hit:false|class:none|hard:false|soft:false' stop_explain_gate='candidate:false|min_block:false|realign_suppress:false|realign_active:false|decision:continue'
[00:36:32] [STOP][summary] scenario='life_air_care_plugin' stop_triggered=false stop_step=10 reason='safety_limit'
[00:36:32] [PERF][scenario_summary] scenario=life_air_care_plugin tab=(?i).*life.* total_runtime=142.3 total_steps=14 main_step_count=11 overlay_step_count=3 overlay_count=1 avg_get_focus=0.929 avg_move=0.471 avg_crop=0.485 avg_step_total=4.999 step_total_sample_count=11 avg_get_focus_main=1.012 avg_get_focus_overlay=0.624 fallback_dump_count=0 success_false_top_level_dump_attempt_count=0 success_false_top_level_dump_found_count=0 fallback_dump_rate=0.0 get_focus_strong_skip_count=14 get_focus_strong_skip_rate=100.0 step_dump_used_count=0 save_excel_count=7 realign_attempt_count=1 realign_success_count=1 realign_success_rate=100.0
[00:36:32] [RECOVER] start
[00:36:37] [RECOVER] success
[00:36:37] [SCENARIO][stabilization] scenario='life_home_care_plugin' screen_context_mode='new_screen' stabilization_mode='anchor_only'
[00:36:37] [CONTEXT] skipped reason='new_screen_mode' phase='tab_select'
[00:36:37] [TAB][select] fallback_to_legacy=True scenario='life_home_care_plugin'
[00:36:41] [TRACE][open_scenario] scenario='life_home_care_plugin' stabilization_mode='anchor_only' focus_align_attempted=True focus_align_ok=True focus_align_reason='' context_ok=False anchor_matched=False anchor_stable=False
[00:36:42] [SCENARIO][pre_nav][stabilization] phase='before_pre_navigation' attempt=1/2 life_selected=false app_bar_hits=4 visible_card_hits=0 life_root_signature_present=false navigate_up_hits=0 family_care_signature_seen=true final_score=2 ok=false pass_reason='' fail_reason='life_root_not_stable'
[00:36:42] [SCENARIO][pre_nav][stabilization][life_energy_relaxed_gate] phase='before_pre_navigation' attempt=1/2 allow_scrolltouch=true reason='life_plugin_list_likely'
[00:36:42] [SCENARIO][pre_nav] step=1 action=scrolltouch target='(?i)(^home\s*care$|home\s*care\.|\bhomecare\b|홈\s*케어)'
[00:36:43] [SCENARIO][pre_nav] before scrolltouch, scroll_to_top invoked cumulative_mode=true
[00:36:45] [SCENARIO][pre_nav] scroll_to_top result={'ok': True, 'reached_top': True, 'attempts': 1, 'reason': 'scroll_failed'}
[00:36:46] [SCENARIO][pre_nav] top_state_verify ok=false reason='top_marker_missing' scenario='life_home_care_plugin'
[00:36:49] [SCENARIO][pre_nav] top_state_verify retry=1/2 ok=false reason='top_marker_missing'
[00:36:52] [SCENARIO][pre_nav] top_state_verify retry=2/2 ok=false reason='top_marker_missing'
[00:36:55] [SCENARIO][pre_nav][scrolltouch][debug] scroll_step=1/5 visible_candidate_count=1 partial_match_count=1 exact_match_count=0 xml_fallback_attempted=true xml_fallback_reason='ok' rejections='filtered_before_candidate:20' visible_top='label='Connect Samsung home appliances and get smart care using the' rid='com.samsung.android.oneconnect:id/frameL' cls='android.widget.FrameLayout' bounds='42,1858,1038,2316'' partial_top='label='Connect Samsung home appliances and get smart care using the' rid='com.samsung.android.oneconnect:id/frameL' cls='android.widget.FrameLayout' bounds='42,1858,1038,2316'' pre_candidate_top='-' local_search_nodes=21 selected=true selected_reason='candidate_count=1'
[00:36:55] [SCENARIO][pre_nav][scrolltouch][inspect] scroll_step=1/5 samples='label='우리 집 QR code 우리 집 QR code' rid='com.samsung.android.oneconnect:id/home_button' cls='android.widget.ImageButton' visible=true clickable=true focusable=true effectiveClickable=true matched_text_node='com.samsung.android.oneconnect:id/home_button' promoted_container=false promotion_reason='none' promoted_from='' promoted_to='' stage='label_filter' reason='filtered_before_candidate' | label='우리 집, Change location 우리 집, Change location' rid='com.samsung.android.oneconnect:id/tab_title' cls='android.widget.LinearLayout' visible=true clickable=true focusable=true effectiveClickable=true matched_text_node='com.samsung.android.oneconnect:id/tab_title' promoted_container=false promotion_reason='none' promoted_from='' promoted_to='' stage='label_filter' reason='filtered_before_candidate' | label='Add Add' rid='com.samsung.android.oneconnect:id/add_menu_butto' cls='android.widget.ImageButton' visible=true clickable=true focusable=true effectiveClickable=true matched_text_node='com.samsung.android.oneconnect:id/add_menu_button' promoted_container=false promotion_reason='none' promoted_from='' promoted_to='' stage='label_filter' reason='filtered_before_candidate' | label='More options Mor'
[00:36:55] [SCENARIO][pre_nav][scrolltouch] candidate_select reason='candidate_count=1' class='android.widget.FrameLayout' resource='com.samsung.android.oneconnect:id/frameLayout' bounds='42,1858,1038,2316' visible=true label='' promoted_container=true promotion_attempted=true promotion_source='xml_live' matched_text_node='com.samsung.android.oneconnect:id/tvHeaderTitle' promotion_reason='xml_live_containment_container' promotion_candidate_count=8 promotion_debug_summary='helper:no_candidate;xml_live:candidate_count=8' promoted_from='com.samsung.android.oneconnect:id/tvHeaderTitle' promoted_to='com.samsung.android.oneconnect:id/frameLayout' selected_area=456168 text_area=161424 area_ratio=2.826 ancestor_distance=-1 tap_point='540,2087' tap_strategy='center' rank_summary_top3='com.samsung.android.oneconnect:id/frameLayout:xml_live_containment_container:ov=1000:ar=2.83:sp=5:ad=-1 | com.samsung.android.oneconnect:id/generic_view_pager:xml_live_containment_container:ov=1000:ar=2.83:sp=4:ad=-1 | c' scroll_step=1/5 cumulative_mode=true
[00:36:55] [SCENARIO][pre_nav][scrolltouch] candidate_select reason='no_local_match' fallback='helper_scrollTouch' reason_detail='local_search_exhausted' cumulative_mode=true
[00:37:18] [SCENARIO][pre_nav][scrolltouch] post_click_transition same_screen=false signal='screen_text'
[00:37:18] [SCENARIO][pre_nav] success step=1 reason='ACTION_CLICK success'
[00:37:20] [SCENARIO][pre_nav] success
[00:37:26] [ANCHOR][fallback] explicit anchor not matched, trying top content fallback
[00:37:26] [ANCHOR][fallback] selected candidate label='Always manage your home appliances optimally, Home Care constantly monitors devices that support AI diagnosis and informs you when they need cleaning, replacing, or other maintenance. Always manage your home appliances optimally, Home Care constantly monitors devices that support AI diagnosis and informs you when they need cleaning, replacing, or other maintenance.' position='top_center'
[00:37:26] [ANCHOR][plugin_fallback] using_top_start_candidate position='top_center'
[00:37:35] [CONTEXT] skipped reason='anchor_only_mode'
[00:37:35] [CONTEXT] skipped reason='anchor_only_mode'
[00:37:35] [CONTEXT] scenario='life_home_care_plugin' type='skipped' expected='' actual='' ok=True
[00:37:35] [ANCHOR][scenario_start] anchor mismatch scenario='life_home_care_plugin'
[00:37:35] [ANCHOR][scenario_start] anchor not stable scenario='life_home_care_plugin'
[00:37:41] [ANCHOR][fallback] explicit anchor not matched, trying top content fallback
[00:37:41] [ANCHOR][fallback] selected candidate label='Always manage your home appliances optimally, Home Care constantly monitors devices that support AI diagnosis and informs you when they need cleaning, replacing, or other maintenance. Always manage your home appliances optimally, Home Care constantly monitors devices that support AI diagnosis and informs you when they need cleaning, replacing, or other maintenance.' position='top_center'
[00:37:41] [ANCHOR][plugin_fallback] using_top_start_candidate position='top_center'
[00:37:51] [CONTEXT] skipped reason='anchor_only_mode'
[00:37:51] [CONTEXT] skipped reason='anchor_only_mode'
[00:37:51] [CONTEXT] scenario='life_home_care_plugin' type='skipped' expected='' actual='' ok=True
[00:37:51] [ANCHOR][scenario_start] anchor mismatch scenario='life_home_care_plugin'
[00:37:51] [ANCHOR][scenario_start] anchor not stable scenario='life_home_care_plugin'
[00:37:51] [TRACE][open_scenario] scenario='life_home_care_plugin' stabilization_mode='anchor_only' focus_align_attempted=True focus_align_ok=True focus_align_reason='' context_ok=False anchor_matched=False anchor_stable=False
[00:37:51] [ANCHOR][scenario_start] stabilization failed but proceeding with low-confidence fallback start scenario='life_home_care_plugin' source='fallback_top_center' reason='fallback_candidate_and_focus_evidence'
[00:37:51] [ANCHOR][plugin_fallback] candidate_label='Always manage your home appliances optimally, Home Care constantly monitors devices that support AI diagnosis and informs you when they need cleaning, replacing, or other maintenance. Always manage your home appliances optimally, Home Care constantly monitors devices that support AI diagnosis and informs you when they need cleaning, replacing, or other maintenance.' candidate_view_id='' reason='new_screen_evidence_confirmed'
[00:37:51] [ANCHOR][plugin_fallback] stabilized_by='post_focus_verified'
[00:37:51] [SCENARIO][start_mode] scenario='life_home_care_plugin' mode='low_confidence_fallback'
[00:37:57] [SCENARIO][special_state] detected scenario='life_home_care_plugin' entry_type='card' kind='onboarding_or_empty_state' handling='back_after_read' verify_hit=true long_intro_like=true special_hits='smartthings home care,always manage your home appliances optimally,home care constantly monitors devices,ai diagnosis,maintenance' cta_hits='start'
[00:37:59] [SCENARIO][entry_contract] handled scenario='life_home_care_plugin' entry_type='card' reason='special_state_handled' detail='onboarding_back_exit' back_status='back_sent_exit'
[00:37:59] [PERF][scenario_summary] scenario=life_home_care_plugin tab=(?i).*life.* total_runtime=82.3 total_steps=1 main_step_count=1 overlay_step_count=0 overlay_count=0 avg_get_focus=0.0 avg_move=0.0 avg_crop=0.0 avg_step_total=0.0 step_total_sample_count=0 avg_get_focus_main=0.0 avg_get_focus_overlay=0.0 fallback_dump_count=0 success_false_top_level_dump_attempt_count=0 success_false_top_level_dump_found_count=0 fallback_dump_rate=0.0 get_focus_strong_skip_count=0 get_focus_strong_skip_rate=0.0 step_dump_used_count=0 save_excel_count=0 realign_attempt_count=0 realign_success_count=0 realign_success_rate=0.0
[00:37:59] [RESULT] skipped anchor rows count=1
[00:37:59] [SAVE] writing sheets raw/filtered/summary/result
[00:37:59] [SAVE] filtered rows=13, raw rows=15
[00:37:59] [SAVE] saved excel: output/talkback_compare_20260412_003408.xlsx rows=15 with_images=False
[00:37:59] [RECOVER] start
[00:38:03] [RECOVER] success
[00:38:03] [SCENARIO][stabilization] scenario='life_energy_plugin' screen_context_mode='new_screen' stabilization_mode='anchor_only'
[00:38:03] [CONTEXT] skipped reason='new_screen_mode' phase='tab_select'
[00:38:03] [TAB][select] fallback_to_legacy=True scenario='life_energy_plugin'
[00:38:07] [TRACE][open_scenario] scenario='life_energy_plugin' stabilization_mode='anchor_only' focus_align_attempted=True focus_align_ok=True focus_align_reason='' context_ok=False anchor_matched=False anchor_stable=False
[00:38:08] [SCENARIO][pre_nav][stabilization] phase='before_pre_navigation' attempt=1/2 life_selected=false app_bar_hits=4 visible_card_hits=0 life_root_signature_present=false navigate_up_hits=0 family_care_signature_seen=true final_score=2 ok=false pass_reason='' fail_reason='life_root_not_stable'
[00:38:08] [SCENARIO][pre_nav][stabilization][life_energy_relaxed_gate] phase='before_pre_navigation' attempt=1/2 allow_scrolltouch=true reason='life_plugin_list_likely'
[00:38:08] [SCENARIO][pre_nav] step=1 action=scrolltouch target='(?i)(^energy$|energy\.|\bsmart\s*energy\b|\benergy\b)'
[00:38:09] [SCENARIO][pre_nav] before scrolltouch, scroll_to_top invoked cumulative_mode=true
[00:38:11] [SCENARIO][pre_nav] scroll_to_top result={'ok': True, 'reached_top': True, 'attempts': 1, 'reason': 'scroll_failed'}
[00:38:12] [SCENARIO][pre_nav] top_state_verify ok=false reason='top_marker_missing' scenario='life_energy_plugin'
[00:38:15] [SCENARIO][pre_nav] top_state_verify retry=1/2 ok=false reason='top_marker_missing'
[00:38:18] [SCENARIO][pre_nav] top_state_verify retry=2/2 ok=false reason='top_marker_missing'
[00:38:21] [SCENARIO][pre_nav][scrolltouch][debug] scroll_step=1/5 visible_candidate_count=1 partial_match_count=1 exact_match_count=0 xml_fallback_attempted=true xml_fallback_reason='ok' rejections='filtered_before_candidate:20' visible_top='label='Connect Samsung home appliances and get smart care using the' rid='com.samsung.android.oneconnect:id/frameL' cls='android.widget.FrameLayout' bounds='42,1858,1038,2316'' partial_top='label='Connect Samsung home appliances and get smart care using the' rid='com.samsung.android.oneconnect:id/frameL' cls='android.widget.FrameLayout' bounds='42,1858,1038,2316'' pre_candidate_top='-' local_search_nodes=21 selected=true selected_reason='candidate_count=1'
[00:38:21] [SCENARIO][pre_nav][scrolltouch][inspect] scroll_step=1/5 samples='label='우리 집 QR code 우리 집 QR code' rid='com.samsung.android.oneconnect:id/home_button' cls='android.widget.ImageButton' visible=true clickable=true focusable=true effectiveClickable=true matched_text_node='com.samsung.android.oneconnect:id/home_button' promoted_container=false promotion_reason='none' promoted_from='' promoted_to='' stage='label_filter' reason='filtered_before_candidate' | label='우리 집, Change location 우리 집, Change location' rid='com.samsung.android.oneconnect:id/tab_title' cls='android.widget.LinearLayout' visible=true clickable=true focusable=true effectiveClickable=true matched_text_node='com.samsung.android.oneconnect:id/tab_title' promoted_container=false promotion_reason='none' promoted_from='' promoted_to='' stage='label_filter' reason='filtered_before_candidate' | label='Add Add' rid='com.samsung.android.oneconnect:id/add_menu_butto' cls='android.widget.ImageButton' visible=true clickable=true focusable=true effectiveClickable=true matched_text_node='com.samsung.android.oneconnect:id/add_menu_button' promoted_container=false promotion_reason='none' promoted_from='' promoted_to='' stage='label_filter' reason='filtered_before_candidate' | label='More options Mor'
[00:38:21] [SCENARIO][pre_nav][scrolltouch] candidate_select reason='candidate_count=1' class='android.widget.FrameLayout' resource='com.samsung.android.oneconnect:id/frameLayout' bounds='42,1858,1038,2316' visible=true label='' promoted_container=true promotion_attempted=true promotion_source='xml_live' matched_text_node='com.samsung.android.oneconnect:id/tvHeaderTitle' promotion_reason='xml_live_containment_container' promotion_candidate_count=8 promotion_debug_summary='helper:no_candidate;xml_live:candidate_count=8' promoted_from='com.samsung.android.oneconnect:id/tvHeaderTitle' promoted_to='com.samsung.android.oneconnect:id/frameLayout' selected_area=456168 text_area=161424 area_ratio=2.826 ancestor_distance=-1 tap_point='540,2087' tap_strategy='center' rank_summary_top3='com.samsung.android.oneconnect:id/frameLayout:xml_live_containment_container:ov=1000:ar=2.83:sp=5:ad=-1 | com.samsung.android.oneconnect:id/generic_view_pager:xml_live_containment_container:ov=1000:ar=2.83:sp=4:ad=-1 | c' scroll_step=1/5 cumulative_mode=true
[00:38:22] [SCENARIO][pre_nav][scrolltouch] candidate_select reason='no_local_match' fallback='helper_scrollTouch' reason_detail='local_search_exhausted' cumulative_mode=true
[00:38:33] [SCENARIO][pre_nav][scrolltouch] post_click_transition same_screen=false signal='screen_text'
[00:38:33] [SCENARIO][pre_nav] success step=1 reason='ACTION_CLICK success'
[00:38:34] [SCENARIO][pre_nav] success
[00:38:38] [CONTEXT] skipped reason='anchor_only_mode'
[00:38:38] [CONTEXT] skipped reason='anchor_only_mode'
[00:38:38] [CONTEXT] scenario='life_energy_plugin' type='skipped' expected='' actual='' ok=True
[00:38:38] [CONTEXT] verification passed scenario='life_energy_plugin'
[00:38:38] [ANCHOR][scenario_start] success scenario='life_energy_plugin' selected=True matched=True stable=True context_ok=True reason='selected_and_verified'
[00:38:38] [TRACE][open_scenario] scenario='life_energy_plugin' stabilization_mode='anchor_only' focus_align_attempted=True focus_align_ok=True focus_align_reason='' context_ok=False anchor_matched=False anchor_stable=True
[00:38:40] [SCENARIO][entry_contract] success scenario='life_energy_plugin' entry_type='card' reason='success_verified' detail='plugin_open_verified'
[00:38:40] [TRACE][post_open_focus] scenario='life_energy_plugin' view_id='back' label='Navigate up' speech='Navigate up' bounds='{'l': 72, 't': 118, 'r': 144, 'b': 310, 'left': 72, 'top': 118, 'right': 144, 'bottom': 310}' source='top_level' top_level=True
[00:38:45] [TRACE][anchor_row] scenario='life_energy_plugin' step=0 view_id='back' visible='Navigate up' speech='Navigate up' normalized_visible='navigate up' is_global_nav=False
[00:38:45] [ROW] fingerprint='back|navigate up|navigate up|108,214' normalized_fingerprint='back|navigate up|navigate up' duplicate=false recent_duplicate=false distance=0 recent_semantic_duplicate=false semantic_distance=0 semantic_window_unique=1 noise=false
[00:38:45] [RESULT] skipped anchor rows count=2
[00:38:45] [SAVE] writing sheets raw/filtered/summary/result
[00:38:45] [SAVE] filtered rows=14, raw rows=16
[00:38:45] [SAVE] saved excel: output/talkback_compare_20260412_003408.xlsx rows=16 with_images=False
[00:38:45] [STEP] START tab='(?i).*life.*' step=1
[00:38:51] [ROW] fingerprint='|energy|energy|552,214' normalized_fingerprint='|energy|energy' duplicate=false recent_duplicate=false distance=0 recent_semantic_duplicate=false semantic_distance=0 semantic_window_unique=2 noise=false
[00:38:51] [STEP] END tab='(?i).*life.*' step=1 elapsed=4.53s move_result='{'success': True, 'status': 'moved', 'detail': 'moved', 'raw': {'timestamp': 1775921927658, 'reqId': 'bb3db019', 'success': True, 'status': 'moved', 'detail': 'moved', 'flags': []}}' visible='Energy' speech='Energy' crop='output\talkback_compare_20260412_003408\crops\i_._life._step_1_Energy.png' timing(move=0.470s ann=3.058s get_focus=1.005s get_focus_fallback_dump=0.000s step_dump=0.000s crop=0.501s total=5.034s) focus_reason='' fallback_used=False fallback_found=False step_dump_used=False step_dump_reason='focus_payload_sufficient' req_id='3f7b4b3b'
[00:38:51] [STOP][eval] step=1 scenario='life_energy_plugin' terminal=false same_like_count=0 no_progress=false scenario_type='content' is_global_nav=false after_realign=false recent_repeat=false bounded_two_card_loop=false semantic_same_like=false recent_duplicate=false recent_duplicate_distance=0 recent_semantic_duplicate=false recent_semantic_duplicate_distance=0 recent_semantic_unique_count=2 strict_duplicate=false semantic_duplicate=false repeat_class='none' loop_classification='none' hard_no_progress=false soft_no_progress=false no_progress_class='none' overlay_realign_grace_active=false min_step_gate_blocked=false realign_grace_suppressed=false repeat_stop_hit=false decision='continue' reason='none' stop_explain_version='pr7_explain_v1' stop_explain_input='step:1|move:{'success': true, 'status': 'moved', 'detail': 'moved', 'raw': {'timestamp': 1775921927658, 'reqid': 'bb3db019', 'success': true, 'status': 'moved', 'detail': 'moved', 'flags': []}}|smart:moved|same:0|fail:0' stop_explain_repeat='recent:false|class:none|strict:false|semantic:false|loop:none|two_card:false' stop_explain_no_progress='hit:false|class:none|hard:false|soft:false' stop_explain_gate='candidate:false|min_block:false|realign_suppress:false|realign_active:false|decision:continue'
[00:38:51] [STEP] START tab='(?i).*life.*' step=2
[00:38:56] [ROW] fingerprint='more|more options|more options|972,214' normalized_fingerprint='more|more options|more options' duplicate=false recent_duplicate=false distance=0 recent_semantic_duplicate=false semantic_distance=0 semantic_window_unique=3 noise=false
[00:38:56] [STEP] END tab='(?i).*life.*' step=2 elapsed=4.55s move_result='{'success': True, 'status': 'moved', 'detail': 'moved', 'raw': {'timestamp': 1775921932729, 'reqId': '5510bf5b', 'success': True, 'status': 'moved', 'detail': 'moved', 'flags': []}}' visible='More options' speech='More options' crop='output\talkback_compare_20260412_003408\crops\i_._life._step_2_More_options.png' timing(move=0.507s ann=3.041s get_focus=1.005s get_focus_fallback_dump=0.000s step_dump=0.000s crop=0.483s total=5.037s) focus_reason='' fallback_used=False fallback_found=False step_dump_used=False step_dump_reason='focus_payload_sufficient' req_id='49618684'
[00:38:56] [STOP][eval] step=2 scenario='life_energy_plugin' terminal=false same_like_count=0 no_progress=false scenario_type='content' is_global_nav=false after_realign=false recent_repeat=false bounded_two_card_loop=false semantic_same_like=false recent_duplicate=false recent_duplicate_distance=0 recent_semantic_duplicate=false recent_semantic_duplicate_distance=0 recent_semantic_unique_count=3 strict_duplicate=false semantic_duplicate=false repeat_class='none' loop_classification='none' hard_no_progress=false soft_no_progress=false no_progress_class='none' overlay_realign_grace_active=false min_step_gate_blocked=false realign_grace_suppressed=false repeat_stop_hit=false decision='continue' reason='none' stop_explain_version='pr7_explain_v1' stop_explain_input='step:2|move:{'success': true, 'status': 'moved', 'detail': 'moved', 'raw': {'timestamp': 1775921932729, 'reqid': '5510bf5b', 'success': true, 'status': 'moved', 'detail': 'moved', 'flags': []}}|smart:moved|same:0|fail:0' stop_explain_repeat='recent:false|class:none|strict:false|semantic:false|loop:none|two_card:false' stop_explain_no_progress='hit:false|class:none|hard:false|soft:false' stop_explain_gate='candidate:false|min_block:false|realign_suppress:false|realign_active:false|decision:continue'
[00:38:56] [OVERLAY] candidate matched scenario='life_energy_plugin' tab='(?i).*life.*' step=2 view_id='more' label='More options' reason='matched_scenario_policy'
[00:39:06] [OVERLAY] post_click classification='overlay' scenario='life_energy_plugin' tab='(?i).*life.*' entry_view_id='more' entry_label='More options' post_view_id='addToHomeScreen' post_label='Add to Home screen'
[00:39:18] [RESULT] skipped anchor rows count=2
[00:39:18] [SAVE] writing sheets raw/filtered/summary/result
[00:39:18] [SAVE] filtered rows=19, raw rows=21
[00:39:18] [SAVE] saved excel: output/talkback_compare_20260412_003408.xlsx rows=21 with_images=False
[00:39:31] [OVERLAY][repeat] same_focus_detected=true step=6 view_id='moreInformation' bounds='396,820,1053,970' normalized_visible_label='information' move_result=''
[00:39:31] [OVERLAY][break] reason='same_overlay_fingerprint' step=6
[00:39:31] [RESULT] skipped anchor rows count=2
[00:39:31] [SAVE] writing sheets raw/filtered/summary/result
[00:39:31] [SAVE] filtered rows=21, raw rows=23
[00:39:31] [SAVE] saved excel: output/talkback_compare_20260412_003408.xlsx rows=23 with_images=False
[00:39:34] [RESULT] skipped anchor rows count=2
[00:39:34] [SAVE] writing sheets raw/filtered/summary/result
[00:39:34] [SAVE] filtered rows=21, raw rows=23
[00:39:35] [SAVE] saved excel: output/talkback_compare_20260412_003408.xlsx rows=23 with_images=False
[00:39:37] [OVERLAY] realign status='realign_entry_reached' entry_reached=True steps_taken=2 match_by='view_id'
[00:39:43] [CONTEXT] skipped reason='anchor_only_mode'
[00:39:43] [CONTEXT] skipped reason='anchor_only_mode'
[00:39:43] [CONTEXT] scenario='life_energy_plugin' type='skipped' expected='' actual='' ok=True
[00:39:43] [CONTEXT] verification passed scenario='life_energy_plugin'
[00:39:43] [ANCHOR][overlay_realign] success scenario='life_energy_plugin' selected=True matched=True stable=True context_ok=True reason='selected_and_verified'
[00:39:43] [ANCHOR][overlay_realign] success scenario='life_energy_plugin' reason='overlay_realign_verified'
[00:39:43] [STEP] START tab='(?i).*life.*' step=3
[00:39:48] [ROW] fingerprint='|energy|energy|552,214' normalized_fingerprint='|energy|energy' duplicate=false recent_duplicate=true distance=2 recent_semantic_duplicate=true semantic_distance=2 semantic_window_unique=3 noise=false
[00:39:48] [STEP] END tab='(?i).*life.*' step=3 elapsed=4.63s move_result='{'success': True, 'status': 'moved', 'detail': 'moved', 'raw': {'timestamp': 1775921985252, 'reqId': 'dc049ea3', 'success': True, 'status': 'moved', 'detail': 'moved', 'flags': []}}' visible='Energy' speech='Energy' crop='output\talkback_compare_20260412_003408\crops\i_._life._step_3_Energy.png' timing(move=0.521s ann=3.093s get_focus=1.017s get_focus_fallback_dump=0.000s step_dump=0.000s crop=0.491s total=5.122s) focus_reason='' fallback_used=False fallback_found=False step_dump_used=False step_dump_reason='focus_payload_sufficient' req_id='b7004472'
[00:39:48] [STOP][eval] step=3 scenario='life_energy_plugin' terminal=false same_like_count=0 no_progress=false scenario_type='content' is_global_nav=false after_realign=true recent_repeat=false bounded_two_card_loop=false semantic_same_like=false recent_duplicate=true recent_duplicate_distance=2 recent_semantic_duplicate=true recent_semantic_duplicate_distance=2 recent_semantic_unique_count=3 strict_duplicate=false semantic_duplicate=false repeat_class='none' loop_classification='none' hard_no_progress=false soft_no_progress=false no_progress_class='none' overlay_realign_grace_active=false min_step_gate_blocked=false realign_grace_suppressed=false repeat_stop_hit=false decision='continue' reason='none' stop_explain_version='pr7_explain_v1' stop_explain_input='step:3|move:{'success': true, 'status': 'moved', 'detail': 'moved', 'raw': {'timestamp': 1775921985252, 'reqid': 'dc049ea3', 'success': true, 'status': 'moved', 'detail': 'moved', 'flags': []}}|smart:moved|same:0|fail:0' stop_explain_repeat='recent:false|class:none|strict:false|semantic:false|loop:none|two_card:false' stop_explain_no_progress='hit:false|class:none|hard:false|soft:false' stop_explain_gate='candidate:false|min_block:false|realign_suppress:false|realign_active:false|decision:continue'
[00:39:48] [RESULT] skipped anchor rows count=2
[00:39:48] [SAVE] writing sheets raw/filtered/summary/result
[00:39:48] [SAVE] filtered rows=21, raw rows=24
[00:39:48] [SAVE] saved excel: output/talkback_compare_20260412_003408.xlsx rows=24 with_images=False
[00:39:48] [STEP] START tab='(?i).*life.*' step=4
[00:39:53] [ROW] fingerprint='more|more options|more options|972,214' normalized_fingerprint='more|more options|more options' duplicate=false recent_duplicate=true distance=2 recent_semantic_duplicate=true semantic_distance=2 semantic_window_unique=3 noise=false
[00:39:53] [STEP] END tab='(?i).*life.*' step=4 elapsed=4.60s move_result='{'success': True, 'status': 'moved', 'detail': 'moved', 'raw': {'timestamp': 1775921990562, 'reqId': '6aad55a6', 'success': True, 'status': 'moved', 'detail': 'moved', 'flags': []}}' visible='More options' speech='More options' crop='output\talkback_compare_20260412_003408\crops\i_._life._step_4_More_options.png' timing(move=0.503s ann=3.072s get_focus=1.023s get_focus_fallback_dump=0.000s step_dump=0.000s crop=0.510s total=5.108s) focus_reason='' fallback_used=False fallback_found=False step_dump_used=False step_dump_reason='focus_payload_sufficient' req_id='d30eb03c'
[00:39:53] [STOP][eval] step=4 scenario='life_energy_plugin' terminal=false same_like_count=0 no_progress=false scenario_type='content' is_global_nav=false after_realign=false recent_repeat=false bounded_two_card_loop=false semantic_same_like=false recent_duplicate=true recent_duplicate_distance=2 recent_semantic_duplicate=true recent_semantic_duplicate_distance=2 recent_semantic_unique_count=3 strict_duplicate=false semantic_duplicate=false repeat_class='none' loop_classification='none' hard_no_progress=false soft_no_progress=false no_progress_class='none' overlay_realign_grace_active=false min_step_gate_blocked=false realign_grace_suppressed=false repeat_stop_hit=false decision='continue' reason='none' stop_explain_version='pr7_explain_v1' stop_explain_input='step:4|move:{'success': true, 'status': 'moved', 'detail': 'moved', 'raw': {'timestamp': 1775921990562, 'reqid': '6aad55a6', 'success': true, 'status': 'moved', 'detail': 'moved', 'flags': []}}|smart:moved|same:0|fail:0' stop_explain_repeat='recent:false|class:none|strict:false|semantic:false|loop:none|two_card:false' stop_explain_no_progress='hit:false|class:none|hard:false|soft:false' stop_explain_gate='candidate:false|min_block:false|realign_suppress:false|realign_active:false|decision:continue'
[00:39:53] [OVERLAY] skip already expanded entry fingerprint='(?i).*life.*|more|more options'
[00:39:53] [STEP] START tab='(?i).*life.*' step=5
[00:39:58] [ROW] fingerprint='|save energy with ai energy mode and earn reward points|save energy with ai energy mode and earn reward points|642,461' normalized_fingerprint='|save energy with ai energy mode and earn reward points|save energy with ai energy mode and earn reward points' duplicate=false recent_duplicate=false distance=0 recent_semantic_duplicate=false semantic_distance=0 semantic_window_unique=4 noise=false
[00:39:58] [STEP] END tab='(?i).*life.*' step=5 elapsed=4.55s move_result='{'success': True, 'status': 'moved', 'detail': 'moved', 'raw': {'timestamp': 1775921995678, 'reqId': '21cb97c2', 'success': True, 'status': 'moved', 'detail': 'moved', 'flags': []}}' visible='Save energy with AI Energy Mode and earn reward points' speech='Save energy with AI Energy Mode and earn reward points' crop='output\talkback_compare_20260412_003408\crops\i_._life._step_5_Save_energy_with_AI_Energy_Mode_and_earn.png' timing(move=0.481s ann=3.031s get_focus=1.039s get_focus_fallback_dump=0.000s step_dump=0.000s crop=0.483s total=5.035s) focus_reason='' fallback_used=False fallback_found=False step_dump_used=False step_dump_reason='focus_payload_sufficient' req_id='340e6f21'
[00:39:58] [STOP][eval] step=5 scenario='life_energy_plugin' terminal=false same_like_count=0 no_progress=false scenario_type='content' is_global_nav=false after_realign=false recent_repeat=false bounded_two_card_loop=false semantic_same_like=false recent_duplicate=false recent_duplicate_distance=0 recent_semantic_duplicate=false recent_semantic_duplicate_distance=0 recent_semantic_unique_count=4 strict_duplicate=false semantic_duplicate=false repeat_class='none' loop_classification='none' hard_no_progress=false soft_no_progress=false no_progress_class='none' overlay_realign_grace_active=false min_step_gate_blocked=false realign_grace_suppressed=false repeat_stop_hit=false decision='continue' reason='none' stop_explain_version='pr7_explain_v1' stop_explain_input='step:5|move:{'success': true, 'status': 'moved', 'detail': 'moved', 'raw': {'timestamp': 1775921995678, 'reqid': '21cb97c2', 'success': true, 'status': 'moved', 'detail': 'moved', 'flags': []}}|smart:moved|same:0|fail:0' stop_explain_repeat='recent:false|class:none|strict:false|semantic:false|loop:none|two_card:false' stop_explain_no_progress='hit:false|class:none|hard:false|soft:false' stop_explain_gate='candidate:false|min_block:false|realign_suppress:false|realign_active:false|decision:continue'
[00:39:58] [STEP] START tab='(?i).*life.*' step=6
[00:40:04] [ROW] fingerprint='|dismiss|dismiss|648,629' normalized_fingerprint='|dismiss|dismiss' duplicate=false recent_duplicate=false distance=0 recent_semantic_duplicate=false semantic_distance=0 semantic_window_unique=4 noise=false
[00:40:04] [STEP] END tab='(?i).*life.*' step=6 elapsed=4.60s move_result='{'success': True, 'status': 'moved', 'detail': 'moved', 'raw': {'timestamp': 1775922000745, 'reqId': 'da7d2e20', 'success': True, 'status': 'moved', 'detail': 'moved', 'flags': []}}' visible='Dismiss' speech='Dismiss' crop='output\talkback_compare_20260412_003408\crops\i_._life._step_6_Dismiss.png' timing(move=0.529s ann=3.080s get_focus=0.995s get_focus_fallback_dump=0.000s step_dump=0.000s crop=0.486s total=5.090s) focus_reason='' fallback_used=False fallback_found=False step_dump_used=False step_dump_reason='focus_payload_sufficient' req_id='57d85fcd'
[00:40:04] [STOP][eval] step=6 scenario='life_energy_plugin' terminal=false same_like_count=0 no_progress=false scenario_type='content' is_global_nav=false after_realign=false recent_repeat=false bounded_two_card_loop=false semantic_same_like=false recent_duplicate=false recent_duplicate_distance=0 recent_semantic_duplicate=false recent_semantic_duplicate_distance=0 recent_semantic_unique_count=4 strict_duplicate=false semantic_duplicate=false repeat_class='none' loop_classification='none' hard_no_progress=false soft_no_progress=false no_progress_class='none' overlay_realign_grace_active=false min_step_gate_blocked=false realign_grace_suppressed=false repeat_stop_hit=false decision='continue' reason='none' stop_explain_version='pr7_explain_v1' stop_explain_input='step:6|move:{'success': true, 'status': 'moved', 'detail': 'moved', 'raw': {'timestamp': 1775922000745, 'reqid': 'da7d2e20', 'success': true, 'status': 'moved', 'detail': 'moved', 'flags': []}}|smart:moved|same:0|fail:0' stop_explain_repeat='recent:false|class:none|strict:false|semantic:false|loop:none|two_card:false' stop_explain_no_progress='hit:false|class:none|hard:false|soft:false' stop_explain_gate='candidate:false|min_block:false|realign_suppress:false|realign_active:false|decision:continue'
[00:40:04] [RESULT] skipped anchor rows count=2
[00:40:04] [SAVE] writing sheets raw/filtered/summary/result
[00:40:04] [SAVE] filtered rows=23, raw rows=27
[00:40:04] [SAVE] saved excel: output/talkback_compare_20260412_003408.xlsx rows=27 with_images=False
[00:40:04] [STEP] START tab='(?i).*life.*' step=7
[00:40:09] [ROW] fingerprint='|more|more|876,629' normalized_fingerprint='|more|more' duplicate=false recent_duplicate=false distance=0 recent_semantic_duplicate=false semantic_distance=0 semantic_window_unique=5 noise=false
[00:40:09] [STEP] END tab='(?i).*life.*' step=7 elapsed=4.60s move_result='{'success': True, 'status': 'moved', 'detail': 'moved', 'raw': {'timestamp': 1775922005965, 'reqId': '4ad90f42', 'success': True, 'status': 'moved', 'detail': 'moved', 'flags': []}}' visible='More' speech='More' crop='output\talkback_compare_20260412_003408\crops\i_._life._step_7_More.png' timing(move=0.472s ann=3.058s get_focus=1.070s get_focus_fallback_dump=0.000s step_dump=0.000s crop=0.488s total=5.089s) focus_reason='' fallback_used=False fallback_found=False step_dump_used=False step_dump_reason='focus_payload_sufficient' req_id='0d984988'
[00:40:09] [STOP][eval] step=7 scenario='life_energy_plugin' terminal=false same_like_count=0 no_progress=false scenario_type='content' is_global_nav=false after_realign=false recent_repeat=false bounded_two_card_loop=false semantic_same_like=false recent_duplicate=false recent_duplicate_distance=0 recent_semantic_duplicate=false recent_semantic_duplicate_distance=0 recent_semantic_unique_count=5 strict_duplicate=false semantic_duplicate=false repeat_class='none' loop_classification='none' hard_no_progress=false soft_no_progress=false no_progress_class='none' overlay_realign_grace_active=false min_step_gate_blocked=false realign_grace_suppressed=false repeat_stop_hit=false decision='continue' reason='none' stop_explain_version='pr7_explain_v1' stop_explain_input='step:7|move:{'success': true, 'status': 'moved', 'detail': 'moved', 'raw': {'timestamp': 1775922005965, 'reqid': '4ad90f42', 'success': true, 'status': 'moved', 'detail': 'moved', 'flags': []}}|smart:moved|same:0|fail:0' stop_explain_repeat='recent:false|class:none|strict:false|semantic:false|loop:none|two_card:false' stop_explain_no_progress='hit:false|class:none|hard:false|soft:false' stop_explain_gate='candidate:false|min_block:false|realign_suppress:false|realign_active:false|decision:continue'
[00:40:09] [STEP] START tab='(?i).*life.*' step=8
[00:40:14] [ROW] fingerprint='|device energy usage loading… loading… usage no data savings 0 watt-hours|device energy usage loading… loading… usage no data savings 0 watt-hours|540,1331' normalized_fingerprint='|device energy usage loading loading usage no data savings 0 watt hours|device energy usage loading loading usage no data savings 0 watt hours' duplicate=false recent_duplicate=false distance=0 recent_semantic_duplicate=false semantic_distance=0 semantic_window_unique=6 noise=false
[00:40:14] [STEP] END tab='(?i).*life.*' step=8 elapsed=4.56s move_result='{'success': True, 'status': 'moved', 'detail': 'moved', 'raw': {'timestamp': 1775922011041, 'reqId': '910251cf', 'success': True, 'status': 'moved', 'detail': 'moved', 'flags': []}}' visible='Device energy usage, Loading… Loading… Usage No data Savings 0 watt-hours' speech='Device energy usage, Loading… Loading… Usage No data Savings 0 watt-hours' crop='output\talkback_compare_20260412_003408\crops\i_._life._step_8_Device_energy_usage__Loading__Loading__U.png' timing(move=0.471s ann=3.080s get_focus=1.006s get_focus_fallback_dump=0.000s step_dump=0.000s crop=0.497s total=5.055s) focus_reason='' fallback_used=False fallback_found=False step_dump_used=False step_dump_reason='focus_payload_sufficient' req_id='ab45e36f'
[00:40:14] [STOP][eval] step=8 scenario='life_energy_plugin' terminal=false same_like_count=0 no_progress=false scenario_type='content' is_global_nav=false after_realign=false recent_repeat=false bounded_two_card_loop=false semantic_same_like=false recent_duplicate=false recent_duplicate_distance=0 recent_semantic_duplicate=false recent_semantic_duplicate_distance=0 recent_semantic_unique_count=6 strict_duplicate=false semantic_duplicate=false repeat_class='none' loop_classification='none' hard_no_progress=false soft_no_progress=false no_progress_class='none' overlay_realign_grace_active=false min_step_gate_blocked=false realign_grace_suppressed=false repeat_stop_hit=false decision='continue' reason='none' stop_explain_version='pr7_explain_v1' stop_explain_input='step:8|move:{'success': true, 'status': 'moved', 'detail': 'moved', 'raw': {'timestamp': 1775922011041, 'reqid': '910251cf', 'success': true, 'status': 'moved', 'detail': 'moved', 'flags': []}}|smart:moved|same:0|fail:0' stop_explain_repeat='recent:false|class:none|strict:false|semantic:false|loop:none|two_card:false' stop_explain_no_progress='hit:false|class:none|hard:false|soft:false' stop_explain_gate='candidate:false|min_block:false|realign_suppress:false|realign_active:false|decision:continue'
[00:40:14] [STEP] START tab='(?i).*life.*' step=9
[00:40:20] [ROW] fingerprint='|carbon emissions aware current carbon intensity 403 grams per kilowatt-hours car|carbon emissions aware current carbon intensity 403 grams per kilowatt-hours car|540,1850' normalized_fingerprint='|carbon emissions aware current carbon intensity 403 grams per kilowatt hours carbon emissions are relatively low during |carbon emissions aware current carbon intensity 403 grams per kilowatt hours carbon emissions are relatively low during ' duplicate=false recent_duplicate=false distance=0 recent_semantic_duplicate=false semantic_distance=0 semantic_window_unique=6 noise=false
[00:40:20] [STEP] END tab='(?i).*life.*' step=9 elapsed=5.22s move_result='{'success': True, 'status': 'moved', 'detail': 'moved', 'raw': {'timestamp': 1775922016825, 'reqId': 'b2c9e391', 'success': True, 'status': 'moved', 'detail': 'moved', 'flags': []}}' visible='Carbon emissions aware, Current carbon intensity 403 grams per kilowatt-hours Carbon emissions are relatively low during this time of day.' speech='Carbon emissions aware, Current carbon intensity 403 grams per kilowatt-hours Carbon emissions are relatively low during this time of day.' crop='output\talkback_compare_20260412_003408\crops\i_._life._step_9_Carbon_emissions_aware__Current_carbon_i.png' timing(move=1.188s ann=3.037s get_focus=0.991s get_focus_fallback_dump=0.000s step_dump=0.000s crop=0.503s total=5.720s) focus_reason='' fallback_used=False fallback_found=False step_dump_used=False step_dump_reason='focus_payload_sufficient' req_id='936299b5'
[00:40:20] [STOP][eval] step=9 scenario='life_energy_plugin' terminal=false same_like_count=0 no_progress=false scenario_type='content' is_global_nav=false after_realign=false recent_repeat=false bounded_two_card_loop=false semantic_same_like=false recent_duplicate=false recent_duplicate_distance=0 recent_semantic_duplicate=false recent_semantic_duplicate_distance=0 recent_semantic_unique_count=6 strict_duplicate=false semantic_duplicate=false repeat_class='none' loop_classification='none' hard_no_progress=false soft_no_progress=false no_progress_class='none' overlay_realign_grace_active=false min_step_gate_blocked=false realign_grace_suppressed=false repeat_stop_hit=false decision='continue' reason='none' stop_explain_version='pr7_explain_v1' stop_explain_input='step:9|move:{'success': true, 'status': 'moved', 'detail': 'moved', 'raw': {'timestamp': 1775922016825, 'reqid': 'b2c9e391', 'success': true, 'status': 'moved', 'detail': 'moved', 'flags': []}}|smart:moved|same:0|fail:0' stop_explain_repeat='recent:false|class:none|strict:false|semantic:false|loop:none|two_card:false' stop_explain_no_progress='hit:false|class:none|hard:false|soft:false' stop_explain_gate='candidate:false|min_block:false|realign_suppress:false|realign_active:false|decision:continue'
[00:40:20] [RESULT] skipped anchor rows count=2
[00:40:20] [SAVE] writing sheets raw/filtered/summary/result
[00:40:20] [SAVE] filtered rows=26, raw rows=30
[00:40:20] [SAVE] saved excel: output/talkback_compare_20260412_003408.xlsx rows=30 with_images=False
[00:40:20] [STEP] START tab='(?i).*life.*' step=10
[00:40:25] [ROW] fingerprint='title-help-icon|carbon emissions aware information|carbon emissions aware information|870,1700' normalized_fingerprint='title help icon|carbon emissions aware information|carbon emissions aware information' duplicate=false recent_duplicate=false distance=0 recent_semantic_duplicate=false semantic_distance=0 semantic_window_unique=6 noise=false
[00:40:25] [STEP] END tab='(?i).*life.*' step=10 elapsed=4.53s move_result='{'success': True, 'status': 'moved', 'detail': 'moved', 'raw': {'timestamp': 1775922022054, 'reqId': '50927cce', 'success': True, 'status': 'moved', 'detail': 'moved', 'flags': []}}' visible='Carbon emissions aware Information' speech='Carbon emissions aware Information' crop='output\talkback_compare_20260412_003408\crops\i_._life._step_10_Carbon_emissions_aware_Information.png' timing(move=0.505s ann=3.029s get_focus=0.994s get_focus_fallback_dump=0.000s step_dump=0.000s crop=0.453s total=4.982s) focus_reason='' fallback_used=False fallback_found=False step_dump_used=False step_dump_reason='focus_payload_sufficient' req_id='ae83148c'
[00:40:25] [STOP][eval] step=10 scenario='life_energy_plugin' terminal=false same_like_count=0 no_progress=false scenario_type='content' is_global_nav=false after_realign=false recent_repeat=false bounded_two_card_loop=false semantic_same_like=false recent_duplicate=false recent_duplicate_distance=0 recent_semantic_duplicate=false recent_semantic_duplicate_distance=0 recent_semantic_unique_count=6 strict_duplicate=false semantic_duplicate=false repeat_class='none' loop_classification='none' hard_no_progress=false soft_no_progress=false no_progress_class='none' overlay_realign_grace_active=false min_step_gate_blocked=false realign_grace_suppressed=false repeat_stop_hit=false decision='continue' reason='none' stop_explain_version='pr7_explain_v1' stop_explain_input='step:10|move:{'success': true, 'status': 'moved', 'detail': 'moved', 'raw': {'timestamp': 1775922022054, 'reqid': '50927cce', 'success': true, 'status': 'moved', 'detail': 'moved', 'flags': []}}|smart:moved|same:0|fail:0' stop_explain_repeat='recent:false|class:none|strict:false|semantic:false|loop:none|two_card:false' stop_explain_no_progress='hit:false|class:none|hard:false|soft:false' stop_explain_gate='candidate:false|min_block:false|realign_suppress:false|realign_active:false|decision:continue'
[00:40:25] [STOP][summary] scenario='life_energy_plugin' stop_triggered=false stop_step=10 reason='safety_limit'
[00:40:25] [PERF][scenario_summary] scenario=life_energy_plugin tab=(?i).*life.* total_runtime=142.2 total_steps=16 main_step_count=11 overlay_step_count=5 overlay_count=1 avg_get_focus=0.904 avg_move=0.527 avg_crop=0.489 avg_step_total=5.096 step_total_sample_count=11 avg_get_focus_main=1.013 avg_get_focus_overlay=0.664 fallback_dump_count=0 success_false_top_level_dump_attempt_count=0 success_false_top_level_dump_found_count=0 fallback_dump_rate=0.0 get_focus_strong_skip_count=16 get_focus_strong_skip_rate=100.0 step_dump_used_count=0 save_excel_count=7 realign_attempt_count=1 realign_success_count=1 realign_success_rate=100.0
[00:40:25] [MAIN] skip disabled scenario_id='devices_main' tab='(?i).*devices.*'
[00:40:25] [MAIN] skip disabled scenario_id='life_main' tab='(?i).*life.*'
[00:40:25] [MAIN] skip disabled scenario_id='routines_main' tab='(?i).*routines.*'
[00:40:25] [MAIN] skip disabled scenario_id='menu_main' tab='(?i).*(menu|more).*'
[00:40:25] [MAIN] skip disabled scenario_id='settings_entry_example' tab='(?i).*menu.*'
[00:40:25] [RECOVER] start
[00:40:30] [RECOVER] success
[00:40:30] [SCENARIO][stabilization] scenario='life_pet_care_example' screen_context_mode='new_screen' stabilization_mode='anchor_only'
[00:40:30] [CONTEXT] skipped reason='new_screen_mode' phase='tab_select'
[00:40:30] [TAB][select] fallback_to_legacy=True scenario='life_pet_care_example'
[00:40:35] [TRACE][open_scenario] scenario='life_pet_care_example' stabilization_mode='anchor_only' focus_align_attempted=True focus_align_ok=True focus_align_reason='' context_ok=False anchor_matched=False anchor_stable=False
[00:40:35] [SCENARIO][pre_nav] step=1 action=select target='(?i).*pet\s*care.*|.*펫\s*케어.*'
[00:40:36] [SCENARIO][pre_nav] success step=1 reason='ACTION_ACCESSIBILITY_FOCUS success'
[00:40:37] [SCENARIO][pre_nav] success
[00:40:38] [ANCHOR][fallback] explicit anchor not matched, trying top content fallback
[00:40:38] [ANCHOR][fallback] selected candidate label='안 창준 (Me)
No activity Picture 안 창준 (Me) 안 창준 (Me) No activity No activity 안 창준 (Me)
No activity Picture 안 창준 (Me) 안 창준 (Me) No activity No activity' position='top_center'
[00:40:38] [ANCHOR][plugin_fallback] using_top_start_candidate position='top_center'
[00:40:41] [CONTEXT] skipped reason='anchor_only_mode'
[00:40:41] [CONTEXT] skipped reason='anchor_only_mode'
[00:40:41] [CONTEXT] scenario='life_pet_care_example' type='skipped' expected='' actual='' ok=True
[00:40:41] [CONTEXT] verification passed scenario='life_pet_care_example'
[00:40:41] [ANCHOR][scenario_start] success scenario='life_pet_care_example' selected=True matched=True stable=True context_ok=True reason='selected_and_verified'
[00:40:41] [ANCHOR][plugin_fallback] stabilized_by='selected'
[00:40:41] [TRACE][open_scenario] scenario='life_pet_care_example' stabilization_mode='anchor_only' focus_align_attempted=True focus_align_ok=True focus_align_reason='' context_ok=False anchor_matched=False anchor_stable=True
[00:40:43] [SCENARIO][entry_contract] failed scenario='life_pet_care_example' entry_type='direct_select' reason='wrong_open' detail='post_open_negative_verify_token'
[00:40:43] [PERF][scenario_summary] scenario=life_pet_care_example tab=(?i).*life.* total_runtime=12.7 total_steps=1 main_step_count=1 overlay_step_count=0 overlay_count=0 avg_get_focus=0.0 avg_move=0.0 avg_crop=0.0 avg_step_total=0.0 step_total_sample_count=0 avg_get_focus_main=0.0 avg_get_focus_overlay=0.0 fallback_dump_count=0 success_false_top_level_dump_attempt_count=0 success_false_top_level_dump_found_count=0 fallback_dump_rate=0.0 get_focus_strong_skip_count=0 get_focus_strong_skip_rate=0.0 step_dump_used_count=0 save_excel_count=0 realign_attempt_count=0 realign_success_count=0 realign_success_rate=0.0
[00:40:43] [RESULT] skipped anchor rows count=2
[00:40:43] [SAVE] writing sheets raw/filtered/summary/result
[00:40:43] [SAVE] filtered rows=28, raw rows=32
[00:40:43] [SAVE] saved excel: output/talkback_compare_20260412_003408.xlsx rows=32 with_images=False
[00:40:43] [RESULT] skipped anchor rows count=2
[00:40:43] [SAVE] writing sheets raw/filtered/summary/result
[00:40:43] [SAVE] filtered rows=28, raw rows=32
[00:40:44] [SAVE] saved excel: output/talkback_compare_20260412_003408.xlsx rows=32 with_images=True
[00:40:44] [MAIN] final save complete
[00:40:44] [PERF][run_summary] total_runtime=394.4 total_scenarios=4 total_steps=32 total_overlay_count=2 avg_get_focus=0.858 avg_move=0.47 fallback_dump_count=0 success_false_top_level_dump_attempt_count=0 success_false_top_level_dump_found_count=0 fallback_dump_rate=0.0 get_focus_strong_skip_rate=93.8 realign_success_rate=100.0 save_excel_count=17
