[21:31:41] [SAVE][temp] override tmp='D:\Python test\talkback-a11y-helper\output\.tmp' temp='D:\Python test\talkback-a11y-helper\output\.tmp' applied=true
[21:31:41] [MAIN] script start (version=1.7.99, log_level=NORMAL)
[21:31:42] [PREFLIGHT] talkback status='enabled'
[21:31:42] [MAIN] output file: output/talkback_compare_20260421_213141.xlsx
[21:31:42] [MAIN] image dir base: output\talkback_compare_20260421_213141
[21:31:42] [CONFIG] runtime config loaded path='config\runtime_config.json'
[21:31:42] [GLOBAL_NAV][guard] forcing stabilization_mode='tab_context' scenario='global_nav_main' requested='anchor_then_context'
[21:31:42] [CONFIG] scenario resolved scenario='global_nav_main' group='main_tabs' max_steps=10 enabled=False
[21:31:42] [CONFIG] applied shared_navigation='default_global_nav'
[21:31:42] [CONFIG] scenario enabled scenario='global_nav_main' source='runtime' enabled=False base_enabled=False
[21:31:42] [CONFIG] scenario resolved scenario='home_main' group='main_tabs' max_steps=10 enabled=False
[21:31:42] [CONFIG] applied shared_navigation='bottom_tab_global_nav'
[21:31:42] [CONFIG] scenario enabled scenario='home_main' source='runtime' enabled=False base_enabled=False
[21:31:42] [CONFIG] scenario resolved scenario='life_food_plugin' group='plugin_screen' max_steps=50 enabled=False
[21:31:42] [CONFIG] applied pre_navigation_ref='enter_food_plugin'
[21:31:42] [CONFIG] scenario enabled scenario='life_food_plugin' source='runtime' enabled=False base_enabled=False
[21:31:42] [CONFIG] scenario resolved scenario='life_air_care_plugin' group='-' max_steps=50 enabled=False
[21:31:42] [CONFIG] scenario enabled scenario='life_air_care_plugin' source='runtime' enabled=False base_enabled=False
[21:31:42] [CONFIG] scenario resolved scenario='life_home_care_plugin' group='-' max_steps=50 enabled=False
[21:31:42] [CONFIG] scenario enabled scenario='life_home_care_plugin' source='runtime' enabled=False base_enabled=False
[21:31:42] [CONFIG] scenario resolved scenario='life_energy_plugin' group='-' max_steps=50 enabled=False
[21:31:42] [CONFIG] scenario enabled scenario='life_energy_plugin' source='runtime' enabled=False base_enabled=False
[21:31:42] [CONFIG] scenario resolved scenario='devices_main' group='main_tabs' max_steps=10 enabled=False
[21:31:42] [CONFIG] applied shared_navigation='bottom_tab_global_nav'
[21:31:42] [CONFIG] applied anchor_ref='home_tab_anchor'
[21:31:42] [CONFIG] scenario enabled scenario='devices_main' source='runtime' enabled=False base_enabled=False
[21:31:42] [CONFIG] scenario resolved scenario='life_main' group='main_tabs' max_steps=50 enabled=False
[21:31:42] [CONFIG] applied shared_navigation='bottom_tab_global_nav'
[21:31:42] [CONFIG] scenario enabled scenario='life_main' source='runtime' enabled=False base_enabled=False
[21:31:42] [CONFIG] scenario resolved scenario='routines_main' group='main_tabs' max_steps=10 enabled=False
[21:31:42] [CONFIG] applied shared_navigation='bottom_tab_global_nav'
[21:31:42] [CONFIG] scenario enabled scenario='routines_main' source='runtime' enabled=False base_enabled=False
[21:31:42] [CONFIG] scenario resolved scenario='menu_main' group='main_tabs' max_steps=50 enabled=False
[21:31:42] [CONFIG] applied shared_navigation='bottom_tab_global_nav'
[21:31:42] [CONFIG] scenario enabled scenario='menu_main' source='runtime' enabled=False base_enabled=False
[21:31:42] [CONFIG] scenario resolved scenario='settings_entry_example' group='plugin_screen' max_steps=50 enabled=False
[21:31:42] [CONFIG] applied anchor_ref='settings_button_anchor'
[21:31:42] [CONFIG] applied pre_navigation_ref='enter_settings'
[21:31:42] [CONFIG] scenario enabled scenario='settings_entry_example' source='runtime' enabled=False base_enabled=False
[21:31:42] [CONFIG] scenario resolved scenario='life_pet_care_plugin' group='-' max_steps=50 enabled=False
[21:31:42] [CONFIG] scenario enabled scenario='life_pet_care_plugin' source='runtime' enabled=False base_enabled=False
[21:31:42] [CONFIG] scenario resolved scenario='life_family_care_plugin' group='-' max_steps=50 enabled=True
[21:31:42] [CONFIG] scenario enabled scenario='life_family_care_plugin' source='runtime' enabled=True base_enabled=False
[21:31:42] [CONFIG] scenario resolved scenario='life_plant_care_plugin' group='-' max_steps=50 enabled=False
[21:31:42] [CONFIG] scenario enabled scenario='life_plant_care_plugin' source='runtime' enabled=False base_enabled=False
[21:31:42] [CONFIG] scenario resolved scenario='life_clothing_care_plugin' group='-' max_steps=50 enabled=False
[21:31:42] [CONFIG] scenario enabled scenario='life_clothing_care_plugin' source='runtime' enabled=False base_enabled=False
[21:31:42] [CONFIG] scenario resolved scenario='life_find_plugin' group='-' max_steps=50 enabled=False
[21:31:42] [CONFIG] scenario enabled scenario='life_find_plugin' source='runtime' enabled=False base_enabled=False
[21:31:42] [CONFIG] scenario resolved scenario='life_video_plugin' group='-' max_steps=50 enabled=False
[21:31:42] [CONFIG] scenario enabled scenario='life_video_plugin' source='runtime' enabled=False base_enabled=False
[21:31:42] [CONFIG] scenario resolved scenario='life_home_monitor_plugin' group='-' max_steps=50 enabled=False
[21:31:42] [CONFIG] scenario enabled scenario='life_home_monitor_plugin' source='runtime' enabled=False base_enabled=False
[21:31:42] [CONFIG] scenario resolved scenario='life_music_sync_plugin' group='-' max_steps=10 enabled=False
[21:31:42] [CONFIG] scenario enabled scenario='life_music_sync_plugin' source='runtime' enabled=False base_enabled=False
[21:31:42] [MAIN] skip disabled scenario_id='global_nav_main' tab='(?i).*(home|devices|life|routines|menu).*'
[21:31:42] [MAIN] skip disabled scenario_id='home_main' tab='(?i).*home.*'
[21:31:42] [MAIN] skip disabled scenario_id='life_food_plugin' tab='(?i).*life.*'
[21:31:42] [MAIN] skip disabled scenario_id='life_air_care_plugin' tab='(?i).*life.*'
[21:31:42] [MAIN] skip disabled scenario_id='life_home_care_plugin' tab='(?i).*life.*'
[21:31:42] [MAIN] skip disabled scenario_id='life_energy_plugin' tab='(?i).*life.*'
[21:31:42] [MAIN] skip disabled scenario_id='devices_main' tab='(?i).*devices.*'
[21:31:42] [MAIN] skip disabled scenario_id='life_main' tab='(?i).*life.*'
[21:31:42] [MAIN] skip disabled scenario_id='routines_main' tab='(?i).*routines.*'
[21:31:42] [MAIN] skip disabled scenario_id='menu_main' tab='(?i).*(menu|more).*'
[21:31:42] [MAIN] skip disabled scenario_id='settings_entry_example' tab='(?i).*menu.*'
[21:31:42] [MAIN] skip disabled scenario_id='life_pet_care_plugin' tab='(?i).*life.*'
[21:31:42] [SCENARIO][stabilization] scenario='life_family_care_plugin' screen_context_mode='new_screen' stabilization_mode='anchor_only'
[21:31:43] [LIFE_RESET] verify phase='plugin_start_initial' attempt=1/2 global_nav_visible=true life_tab_selected=true plugin_card_list_visible=false life_list_ready=true
[21:31:43] [LIFE_RESET] plugin_card_list_visible=false (soft_only=true)
[21:31:43] [PLUGIN_START][recover_before_entry] triggered=false
[21:31:43] [PLUGIN_START][life_list_check] ok=true reason='life_tab_ready'
[21:31:43] [PLUGIN_START][recover_before_entry] success=true
[21:31:43] [CONTEXT] skipped reason='new_screen_mode' phase='tab_select'
[21:31:43] [TAB][select] fallback_to_legacy=True scenario='life_family_care_plugin'
[21:31:47] [TRACE][open_scenario] scenario='life_family_care_plugin' stabilization_mode='anchor_only' focus_align_attempted=True focus_align_ok=True focus_align_reason='' context_ok=False anchor_matched=False anchor_stable=False
[21:31:48] [SCENARIO][pre_nav] step=1 action=xml_scroll_search_tap target='(?i)(^family\s*care$|.*family\s*care.*|.*패밀리\s*케어.*)'
[21:31:48] [XMLENTRY][search] pre_reset scroll_to_top=true
[21:31:53] [XMLENTRY][search] step=0/5 visible_candidates=69 target_candidates=5
[21:31:53] [XMLENTRY][search][top] rank=1 reason='actionable_container' text='' rid='' class='android.widget.RelativeLayout' bounds='42,310,1038,1042' area_ratio='0.3516' target_match=true match_source='descendant_title' matched_phrase='family care' negative_plugin_phrase=''
[21:31:53] [XMLENTRY][search][top] rank=2 reason='actionable_container' text='Family Care' rid='com.samsung.android.oneconnect:id/frameLayout' class='android.widget.FrameLayout' bounds='42,310,1038,1042' area_ratio='0.3516' target_match=true match_source='title' matched_phrase='family care' negative_plugin_phrase=''
[21:31:53] [XMLENTRY][search][top] rank=3 reason='card_like_container' text='' rid='com.samsung.android.oneconnect:id/llCard' class='android.widget.LinearLayout' bounds='42,310,1038,1042' area_ratio='0.3516' target_match=true match_source='descendant_title' matched_phrase='family care' negative_plugin_phrase=''
[21:31:53] [XMLENTRY][candidate_compare] scenario_id='life_family_care_plugin' rank=1 rid='' class='android.widget.RelativeLayout' bounds='42,310,1038,1042' own_text='' descendant_text_summary='Family Care,Family Care,Take care of yourself an' matched_phrase='family care' match_source='descendant_title' selected_priority='240:actionable_container' negative_plugin_phrase='' selected=true
[21:31:53] [XMLENTRY][candidate_compare] scenario_id='life_family_care_plugin' rank=2 rid='com.samsung.android.oneconnect:id/frameLayout' class='android.widget.FrameLayout' bounds='42,310,1038,1042' own_text='' descendant_text_summary='Family Care,Family Care,Take care of yourself an' matched_phrase='family care' match_source='title' selected_priority='240:actionable_container' negative_plugin_phrase='' selected=false
[21:31:53] [XMLENTRY][candidate_compare] scenario_id='life_family_care_plugin' rank=3 rid='com.samsung.android.oneconnect:id/llCard' class='android.widget.LinearLayout' bounds='42,310,1038,1042' own_text='Family Care' descendant_text_summary='Family Care,Take care of yourself an,안 창준 (Me)
Active' matched_phrase='family care' match_source='descendant_title' selected_priority='240:card_like_container' negative_plugin_phrase='' selected=false
[21:31:53] [XMLENTRY][select] reason='actionable_container' resource='' bounds='42,310,1038,1042' text='' target_match=true match_source='descendant_title' matched_phrase='family care'
[21:31:53] [XMLENTRY][select_debug] scenario_id='life_family_care_plugin' class='android.widget.RelativeLayout' rid='' bounds='42,310,1038,1042' own_text='' own_content_desc='' normalized_own_text='' descendant_text_summary='Family Care,Family Care,Take care of yourself an' matched_phrase='family care' match_source='descendant_title' selected_reason='actionable_container' candidate_rank=1 title_descendant_disagree=false representative_visible_label='' representative_label_source='descendant'
[21:31:54] [XMLENTRY][result] success=true reason='transition_confirmed'
[21:31:54] [SCENARIO][pre_nav] success step=1 reason='ACTION_ACCESSIBILITY_FOCUS success'
[21:31:55] [SCENARIO][pre_nav] success
[21:32:00] [CONTEXT] skipped reason='anchor_only_mode'
[21:32:00] [CONTEXT] skipped reason='anchor_only_mode'
[21:32:00] [CONTEXT] scenario='life_family_care_plugin' type='skipped' expected='' actual='' ok=True
[21:32:00] [CONTEXT] verification passed scenario='life_family_care_plugin'
[21:32:00] [ANCHOR][scenario_start] success scenario='life_family_care_plugin' selected={'success': False, 'status': 'failed', 'detail': 'ACTION_ACCESSIBILITY_FOCUS failed (resourceId=null, class=android.widget.ImageButton)', 'raw': {'timestamp': 1776774718572, 'reqId': '83e86dd4', 'success': False, 'reason': 'ACTION_ACCESSIBILITY_FOCUS failed (resourceId=null, class=android.widget.ImageButton)', 'action': 'FOCUS', 'targetName': '(?i).*navigate\\s*up.*', 'targetType': 'a', 'targetIndex': 0, 'attemptedClassName': 'android.widget.ImageButton', 'target': {'timestamp': 1776774718572, 'schemaVersion': '1.2.0', 'snapshotBuilderVersion': '1.2.0', 'packageName': 'com.samsung.android.oneconnect', 'className': 'android.widget.ImageButton', 'viewIdResourceName': None, 'text': None, 'contentDescription': 'Navigate up', 'mergedLabel': 'Navigate up', 'talkbackLabel': 'Navigate up', 'clickable': True, 'focusable': True, 'focused': True, 'accessibilityFocused': True, 'visibleToUser': True, 'isVisibleToUser': True, 'selected': False, 'checkable': False, 'checked': False, 'enabled': True, 'boundsInScreen': {'l': 0, 't': 118, 'r': 180, 'b': 310, 'left': 0, 'top': 118, 'right': 180, 'bottom': 310}, 'children': []}}} matched=True stable=True context_ok=True reason='verified_without_select'
[21:32:00] [TRACE][open_scenario] scenario='life_family_care_plugin' stabilization_mode='anchor_only' focus_align_attempted=True focus_align_ok=True focus_align_reason='' context_ok=False anchor_matched=False anchor_stable=True
[21:32:01] [ENTRY][post_open_identity] scenario_id='life_family_care_plugin' top_visible_labels='Navigate up Navigate up,Family Care,Add family member Add fa,More options More option,Me' top_focus_label='Navigate up Navigate up' back_button_present=true body_texts='Navigate up Navigate up,Family Care,Add family member Add fa,More options More option,View profile View profil' plugin_title_candidates='Navigate up Navigate up,Family Care,Add family member Add fa' verify_hit=true special_token_hit=false
[21:32:01] [ENTRY][special_state_check] detected=true signals='long_intro,cta,top_chrome_intro_cta' kind='setup_needed_or_empty_state'
[21:32:01] [ENTRY][special_state_debug] phase='pre_route' focus_label='Navigate up Navigate up' focus_visible='Navigate up Navigate up Family Care Add family member Add family member More options More options Me View profile View p' verify_hit=true long_intro_like=true intro_focus=false top_chrome_intro_cta=true
[21:32:01] [ENTRY][special_state_debug] top_visible='Navigate up Navigate up,Family Care,Add family member Add family member,More options More options,Me' body_texts='Navigate up Navigate up,Family Care,Add family member Add family member,More options More options,View profile View profile'
[21:32:01] [ENTRY][special_state_debug] special_hits='none' cta_hits='set up' signals='long_intro,cta,top_chrome_intro_cta' verify_hit=true
[21:32:01] [ENTRY][special_state_grace] start max_steps=3 verify_success=true signals='long_intro,cta,top_chrome_intro_cta'
[21:32:01] [ENTRY][special_state_grace] step=1 move_attempted=false move_result='snapshot_reused' focus_label='Navigate up Navigate up' focus_visible='Navigate up Navigate up Family Care Add family member Add family member More options More option' top_visible='navigate up navigate up,family care,add family member add family member,more options more options,me' body_texts='navigate up navigate up,family care,add family member add family member,more options more options,view profile view profile' home_like_hits='profile,view profile,member,family member,me' onboarding_hits='set up' evidence='home_like_profile' decision='normal_traversal'
[21:32:01] [ENTRY][special_state_check] decision='normal_traversal_after_grace'
[21:32:02] [SCENARIO][entry_contract] success scenario='life_family_care_plugin' entry_type='card' reason='success_verified' detail='plugin_open_verified'
[21:32:02] [TRACE][post_open_focus] scenario='life_family_care_plugin' view_id='' label='Navigate up' speech='Navigate up' bounds='{'l': 0, 't': 118, 'r': 180, 'b': 310, 'left': 0, 'top': 118, 'right': 180, 'bottom': 310}' source='top_level' top_level=True
[21:32:07] [TRACE][anchor_row] scenario='life_family_care_plugin' step=0 view_id='' visible='Navigate up' speech='Navigate up' normalized_visible='navigate up' is_global_nav=False
[21:32:07] [ROW] fingerprint='|navigate up|navigate up|90,214' normalized_fingerprint='|navigate up|navigate up' duplicate=false recent_duplicate=false distance=0 recent_semantic_duplicate=false semantic_distance=0 semantic_window_unique=1 noise=false
[21:32:07] [RESULT] skipped anchor rows count=1
[21:32:07] [SAVE] writing sheets raw/filtered/summary/result
[21:32:07] [SAVE] filtered rows=1, raw rows=1
[21:32:07] [SAVE] saved excel: output/talkback_compare_20260421_213141.xlsx rows=1 with_images=False
[21:32:07] [STEP] START tab='(?i).*life.*' step=1
[21:32:13] [ROW] fingerprint='|family care|family care|357,213' normalized_fingerprint='|family care|family care' duplicate=false recent_duplicate=false distance=0 recent_semantic_duplicate=false semantic_distance=0 semantic_window_unique=2 noise=false
[21:32:13] [STEP] END tab='(?i).*life.*' step=1 elapsed=4.61s move_result='{'success': True, 'status': 'moved', 'detail': 'moved', 'raw': {'timestamp': 1776774728900, 'reqId': '41055951', 'success': True, 'status': 'moved', 'detail': 'moved', 'flags': []}}' visible='Family Care' speech='Family Care' crop='output\talkback_compare_20260421_213141\crops\i_._life._step_1_Family_Care.png' timing(move=0.500s ann=3.086s get_focus=1.028s get_focus_fallback_dump=0.000s step_dump=0.000s crop=0.484s total=5.099s) focus_reason='' fallback_used=False fallback_found=False step_dump_used=False step_dump_reason='focus_payload_sufficient' req_id='152096db'
[21:32:13] [STOP][eval] step=1 scenario='life_family_care_plugin' terminal=false same_like_count=0 no_progress=false scenario_type='content' is_global_nav=false after_realign=false recent_repeat=false bounded_two_card_loop=false semantic_same_like=false recent_duplicate=false recent_duplicate_distance=0 recent_semantic_duplicate=false recent_semantic_duplicate_distance=0 recent_semantic_unique_count=2 strict_duplicate=false semantic_duplicate=false repeat_class='none' loop_classification='none' hard_no_progress=false soft_no_progress=false no_progress_class='none' overlay_realign_grace_active=false min_step_gate_blocked=false realign_grace_suppressed=false cta_descend_applied=false promoted_from_container=false repeat_stop_hit=false decision='continue' reason='none' traversal_result='PASS_MOVED' final_result='PASS' failure_reason='' stop_explain_version='pr7_explain_v1' stop_explain_input='step:1|move:moved|smart:moved|same:0|fail:0' stop_explain_repeat='recent:false|class:none|strict:false|semantic:false|loop:none|two_card:false' stop_explain_no_progress='hit:false|class:none|hard:false|soft:false' stop_explain_gate='candidate:false|min_block:false|realign_suppress:false|realign_active:false|decision:continue'
[21:32:13] [OVERLAY] blocked no_overlay_policy scenario='life_family_care_plugin' tab='(?i).*life.*' step=1
[21:32:13] [STEP] START tab='(?i).*life.*' step=2
[21:32:18] [ROW] fingerprint='com.samsung.android.plugin.care:id/menu_main_invite_member|add family member|add family member|864,214' normalized_fingerprint='com samsung android plugin care id menu main invite member|add family member|add family member' duplicate=false recent_duplicate=false distance=0 recent_semantic_duplicate=false semantic_distance=0 semantic_window_unique=3 noise=false
[21:32:18] [STEP] END tab='(?i).*life.*' step=2 elapsed=4.54s move_result='{'success': True, 'status': 'moved', 'detail': 'moved', 'raw': {'timestamp': 1776774734008, 'reqId': '61ce1c55', 'success': True, 'status': 'moved', 'detail': 'moved', 'flags': []}}' visible='Add family member' speech='Add family member' crop='output\talkback_compare_20260421_213141\crops\i_._life._step_2_Add_family_member.png' timing(move=0.477s ann=3.038s get_focus=1.023s get_focus_fallback_dump=0.000s step_dump=0.000s crop=0.485s total=5.024s) focus_reason='' fallback_used=False fallback_found=False step_dump_used=False step_dump_reason='focus_payload_sufficient' req_id='15abd162'
[21:32:18] [STOP][eval] step=2 scenario='life_family_care_plugin' terminal=false same_like_count=0 no_progress=false scenario_type='content' is_global_nav=false after_realign=false recent_repeat=false bounded_two_card_loop=false semantic_same_like=false recent_duplicate=false recent_duplicate_distance=0 recent_semantic_duplicate=false recent_semantic_duplicate_distance=0 recent_semantic_unique_count=3 strict_duplicate=false semantic_duplicate=false repeat_class='none' loop_classification='none' hard_no_progress=false soft_no_progress=false no_progress_class='none' overlay_realign_grace_active=false min_step_gate_blocked=false realign_grace_suppressed=false cta_descend_applied=false promoted_from_container=false repeat_stop_hit=false decision='continue' reason='none' traversal_result='PASS_MOVED' final_result='PASS' failure_reason='' stop_explain_version='pr7_explain_v1' stop_explain_input='step:2|move:moved|smart:moved|same:0|fail:0' stop_explain_repeat='recent:false|class:none|strict:false|semantic:false|loop:none|two_card:false' stop_explain_no_progress='hit:false|class:none|hard:false|soft:false' stop_explain_gate='candidate:false|min_block:false|realign_suppress:false|realign_active:false|decision:continue'
[21:32:18] [OVERLAY] blocked no_overlay_policy scenario='life_family_care_plugin' tab='(?i).*life.*' step=2
[21:32:18] [STEP] START tab='(?i).*life.*' step=3
[21:32:23] [ROW] fingerprint='|more options|more options|1002,214' normalized_fingerprint='|more options|more options' duplicate=false recent_duplicate=false distance=0 recent_semantic_duplicate=false semantic_distance=0 semantic_window_unique=4 noise=false
[21:32:23] [STEP] END tab='(?i).*life.*' step=3 elapsed=4.43s move_result='{'success': True, 'status': 'moved', 'detail': 'moved', 'raw': {'timestamp': 1776774738962, 'reqId': '781e77f0', 'success': True, 'status': 'moved', 'detail': 'moved', 'flags': []}}' visible='More options' speech='More options' crop='output\talkback_compare_20260421_213141\crops\i_._life._step_3_More_options.png' timing(move=0.407s ann=3.013s get_focus=1.013s get_focus_fallback_dump=0.000s step_dump=0.000s crop=0.488s total=4.922s) focus_reason='' fallback_used=False fallback_found=False step_dump_used=False step_dump_reason='focus_payload_sufficient' req_id='db098c0f'
[21:32:23] [STOP][eval] step=3 scenario='life_family_care_plugin' terminal=false same_like_count=0 no_progress=false scenario_type='content' is_global_nav=false after_realign=false recent_repeat=false bounded_two_card_loop=false semantic_same_like=false recent_duplicate=false recent_duplicate_distance=0 recent_semantic_duplicate=false recent_semantic_duplicate_distance=0 recent_semantic_unique_count=4 strict_duplicate=false semantic_duplicate=false repeat_class='none' loop_classification='none' hard_no_progress=false soft_no_progress=false no_progress_class='none' overlay_realign_grace_active=false min_step_gate_blocked=false realign_grace_suppressed=false cta_descend_applied=false promoted_from_container=false repeat_stop_hit=false decision='continue' reason='none' traversal_result='PASS_MOVED' final_result='PASS' failure_reason='' stop_explain_version='pr7_explain_v1' stop_explain_input='step:3|move:moved|smart:moved|same:0|fail:0' stop_explain_repeat='recent:false|class:none|strict:false|semantic:false|loop:none|two_card:false' stop_explain_no_progress='hit:false|class:none|hard:false|soft:false' stop_explain_gate='candidate:false|min_block:false|realign_suppress:false|realign_active:false|decision:continue'
[21:32:23] [RESULT] skipped anchor rows count=1
[21:32:23] [SAVE] writing sheets raw/filtered/summary/result
[21:32:23] [SAVE] filtered rows=4, raw rows=4
[21:32:23] [SAVE] saved excel: output/talkback_compare_20260421_213141.xlsx rows=4 with_images=False
[21:32:23] [OVERLAY] blocked no_overlay_policy scenario='life_family_care_plugin' tab='(?i).*life.*' step=3
[21:32:23] [STEP] START tab='(?i).*life.*' step=4
[21:32:28] [ROW] fingerprint='com.samsung.android.plugin.care:id/profile_text|me|me|141,394' normalized_fingerprint='com samsung android plugin care id profile text|me|me' duplicate=false recent_duplicate=false distance=0 recent_semantic_duplicate=false semantic_distance=0 semantic_window_unique=5 noise=false
[21:32:28] [STEP] END tab='(?i).*life.*' step=4 elapsed=4.47s move_result='{'success': True, 'status': 'moved', 'detail': 'moved', 'raw': {'timestamp': 1776774744083, 'reqId': 'ccfc7820', 'success': True, 'status': 'moved', 'detail': 'moved', 'flags': []}}' visible='Me' speech='Me' crop='output\talkback_compare_20260421_213141\crops\i_._life._step_4_Me.png' timing(move=0.527s ann=2.918s get_focus=1.028s get_focus_fallback_dump=0.000s step_dump=0.000s crop=0.482s total=4.956s) focus_reason='' fallback_used=False fallback_found=False step_dump_used=False step_dump_reason='focus_payload_sufficient' req_id='da11b7eb'
[21:32:28] [STOP][eval] step=4 scenario='life_family_care_plugin' terminal=false same_like_count=0 no_progress=false scenario_type='content' is_global_nav=false after_realign=false recent_repeat=false bounded_two_card_loop=false semantic_same_like=false recent_duplicate=false recent_duplicate_distance=0 recent_semantic_duplicate=false recent_semantic_duplicate_distance=0 recent_semantic_unique_count=5 strict_duplicate=false semantic_duplicate=false repeat_class='none' loop_classification='none' hard_no_progress=false soft_no_progress=false no_progress_class='none' overlay_realign_grace_active=false min_step_gate_blocked=false realign_grace_suppressed=false cta_descend_applied=false promoted_from_container=false repeat_stop_hit=false decision='continue' reason='none' traversal_result='PASS_MOVED' final_result='PASS' failure_reason='' stop_explain_version='pr7_explain_v1' stop_explain_input='step:4|move:moved|smart:moved|same:0|fail:0' stop_explain_repeat='recent:false|class:none|strict:false|semantic:false|loop:none|two_card:false' stop_explain_no_progress='hit:false|class:none|hard:false|soft:false' stop_explain_gate='candidate:false|min_block:false|realign_suppress:false|realign_active:false|decision:continue'
[21:32:28] [OVERLAY] blocked no_overlay_policy scenario='life_family_care_plugin' tab='(?i).*life.*' step=4
[21:32:28] [STEP] START tab='(?i).*life.*' step=5
[21:32:33] [ROW] fingerprint='com.samsung.android.plugin.care:id/profile_icon|view profile|view profile|903,451' normalized_fingerprint='com samsung android plugin care id profile icon|view profile|view profile' duplicate=false recent_duplicate=false distance=0 recent_semantic_duplicate=false semantic_distance=0 semantic_window_unique=6 noise=false
[21:32:33] [STEP] END tab='(?i).*life.*' step=5 elapsed=4.52s move_result='{'success': True, 'status': 'moved', 'detail': 'moved', 'raw': {'timestamp': 1776774749019, 'reqId': 'c84f2047', 'success': True, 'status': 'moved', 'detail': 'moved', 'flags': []}}' visible='View profile' speech='View profile' crop='output\talkback_compare_20260421_213141\crops\i_._life._step_5_View_profile.png' timing(move=0.502s ann=3.020s get_focus=0.995s get_focus_fallback_dump=0.000s step_dump=0.000s crop=0.486s total=5.004s) focus_reason='' fallback_used=False fallback_found=False step_dump_used=False step_dump_reason='focus_payload_sufficient' req_id='ed03f94a'
[21:32:33] [STOP][eval] step=5 scenario='life_family_care_plugin' terminal=false same_like_count=0 no_progress=false scenario_type='content' is_global_nav=false after_realign=false recent_repeat=false bounded_two_card_loop=false semantic_same_like=false recent_duplicate=false recent_duplicate_distance=0 recent_semantic_duplicate=false recent_semantic_duplicate_distance=0 recent_semantic_unique_count=6 strict_duplicate=false semantic_duplicate=false repeat_class='none' loop_classification='none' hard_no_progress=false soft_no_progress=false no_progress_class='none' overlay_realign_grace_active=false min_step_gate_blocked=false realign_grace_suppressed=false cta_descend_applied=false promoted_from_container=false repeat_stop_hit=false decision='continue' reason='none' traversal_result='PASS_MOVED' final_result='PASS' failure_reason='' stop_explain_version='pr7_explain_v1' stop_explain_input='step:5|move:moved|smart:moved|same:0|fail:0' stop_explain_repeat='recent:false|class:none|strict:false|semantic:false|loop:none|two_card:false' stop_explain_no_progress='hit:false|class:none|hard:false|soft:false' stop_explain_gate='candidate:false|min_block:false|realign_suppress:false|realign_active:false|decision:continue'
[21:32:33] [OVERLAY] blocked no_overlay_policy scenario='life_family_care_plugin' tab='(?i).*life.*' step=5
[21:32:33] [STEP] START tab='(?i).*life.*' step=6
[21:32:38] [ROW] fingerprint='com.samsung.android.plugin.care:id/profile_status_text|active now|active now|288,520' normalized_fingerprint='com samsung android plugin care id profile status text|active now|active now' duplicate=false recent_duplicate=false distance=0 recent_semantic_duplicate=false semantic_distance=0 semantic_window_unique=6 noise=false
[21:32:38] [STEP] END tab='(?i).*life.*' step=6 elapsed=4.55s move_result='{'success': True, 'status': 'moved', 'detail': 'moved', 'raw': {'timestamp': 1776774754050, 'reqId': 'aacffd4d', 'success': True, 'status': 'moved', 'detail': 'moved', 'flags': []}}' visible='Active now' speech='Active now' crop='output\talkback_compare_20260421_213141\crops\i_._life._step_6_Active_now.png' timing(move=0.515s ann=3.047s get_focus=0.991s get_focus_fallback_dump=0.000s step_dump=0.000s crop=0.498s total=5.051s) focus_reason='' fallback_used=False fallback_found=False step_dump_used=False step_dump_reason='focus_payload_sufficient' req_id='49834f98'
[21:32:38] [STOP][eval] step=6 scenario='life_family_care_plugin' terminal=false same_like_count=0 no_progress=false scenario_type='content' is_global_nav=false after_realign=false recent_repeat=false bounded_two_card_loop=false semantic_same_like=false recent_duplicate=false recent_duplicate_distance=0 recent_semantic_duplicate=false recent_semantic_duplicate_distance=0 recent_semantic_unique_count=6 strict_duplicate=false semantic_duplicate=false repeat_class='none' loop_classification='none' hard_no_progress=false soft_no_progress=false no_progress_class='none' overlay_realign_grace_active=false min_step_gate_blocked=false realign_grace_suppressed=false cta_descend_applied=false promoted_from_container=false repeat_stop_hit=false decision='continue' reason='none' traversal_result='PASS_MOVED' final_result='PASS' failure_reason='' stop_explain_version='pr7_explain_v1' stop_explain_input='step:6|move:moved|smart:moved|same:0|fail:0' stop_explain_repeat='recent:false|class:none|strict:false|semantic:false|loop:none|two_card:false' stop_explain_no_progress='hit:false|class:none|hard:false|soft:false' stop_explain_gate='candidate:false|min_block:false|realign_suppress:false|realign_active:false|decision:continue'
[21:32:38] [RESULT] skipped anchor rows count=1
[21:32:38] [SAVE] writing sheets raw/filtered/summary/result
[21:32:38] [SAVE] filtered rows=7, raw rows=7
[21:32:38] [SAVE] saved excel: output/talkback_compare_20260421_213141.xlsx rows=7 with_images=False
[21:32:38] [OVERLAY] blocked no_overlay_policy scenario='life_family_care_plugin' tab='(?i).*life.*' step=6
[21:32:38] [STEP] START tab='(?i).*life.*' step=7
[21:32:43] [ROW] fingerprint='com.samsung.android.plugin.care:id/suggestion_text|how did your day go? wind down relax and finish the day.|how did your day go? wind down relax and finish the day.|546,753' normalized_fingerprint='com samsung android plugin care id suggestion text|how did your day go wind down relax and finish the day|how did your day go wind down relax and finish the day' duplicate=false recent_duplicate=false distance=0 recent_semantic_duplicate=false semantic_distance=0 semantic_window_unique=6 noise=false
[21:32:43] [STEP] END tab='(?i).*life.*' step=7 elapsed=4.55s move_result='{'success': True, 'status': 'moved', 'detail': 'moved', 'raw': {'timestamp': 1776774759225, 'reqId': '0b0c5b69', 'success': True, 'status': 'moved', 'detail': 'moved', 'flags': []}}' visible='How did your day go? Wind down, relax, and finish the day.' speech='How did your day go? Wind down, relax, and finish the day.' crop='output\talkback_compare_20260421_213141\crops\i_._life._step_7_How_did_your_day_go__Wind_down__relax__a.png' timing(move=0.525s ann=3.040s get_focus=0.988s get_focus_fallback_dump=0.000s step_dump=0.000s crop=0.475s total=5.028s) focus_reason='' fallback_used=False fallback_found=False step_dump_used=False step_dump_reason='focus_payload_sufficient' req_id='75afddd2'
[21:32:43] [STOP][eval] step=7 scenario='life_family_care_plugin' terminal=false same_like_count=0 no_progress=false scenario_type='content' is_global_nav=false after_realign=false recent_repeat=false bounded_two_card_loop=false semantic_same_like=false recent_duplicate=false recent_duplicate_distance=0 recent_semantic_duplicate=false recent_semantic_duplicate_distance=0 recent_semantic_unique_count=6 strict_duplicate=false semantic_duplicate=false repeat_class='none' loop_classification='none' hard_no_progress=false soft_no_progress=false no_progress_class='none' overlay_realign_grace_active=false min_step_gate_blocked=false realign_grace_suppressed=false cta_descend_applied=false promoted_from_container=false repeat_stop_hit=false decision='continue' reason='none' traversal_result='PASS_MOVED' final_result='PASS' failure_reason='' stop_explain_version='pr7_explain_v1' stop_explain_input='step:7|move:moved|smart:moved|same:0|fail:0' stop_explain_repeat='recent:false|class:none|strict:false|semantic:false|loop:none|two_card:false' stop_explain_no_progress='hit:false|class:none|hard:false|soft:false' stop_explain_gate='candidate:false|min_block:false|realign_suppress:false|realign_active:false|decision:continue'
[21:32:43] [OVERLAY] blocked no_overlay_policy scenario='life_family_care_plugin' tab='(?i).*life.*' step=7
[21:32:43] [STEP] START tab='(?i).*life.*' step=8
[21:32:48] [ROW] fingerprint='com.samsung.android.plugin.care:id/banner_frame_layout|weather information icon. add home information|weather information icon. add home information|498,948' normalized_fingerprint='com samsung android plugin care id banner frame layout|weather information icon add home information|weather information icon add home information' duplicate=false recent_duplicate=false distance=0 recent_semantic_duplicate=false semantic_distance=0 semantic_window_unique=6 noise=false
[21:32:48] [STEP] END tab='(?i).*life.*' step=8 elapsed=4.92s move_result='{'success': True, 'status': 'moved', 'detail': 'moved', 'raw': {'timestamp': 1776774764194, 'reqId': 'af70fe40', 'success': True, 'status': 'moved', 'detail': 'moved', 'flags': []}}' visible='Weather information, Icon. Add home information' speech='Weather information, Icon. Add home information' crop='output\talkback_compare_20260421_213141\crops\i_._life._step_8_Weather_information__Icon._Add_home_info.png' timing(move=0.450s ann=3.048s get_focus=1.422s get_focus_fallback_dump=0.000s step_dump=0.000s crop=0.534s total=5.455s) focus_reason='' fallback_used=False fallback_found=False step_dump_used=False step_dump_reason='focus_payload_sufficient' req_id='7acb6968'
[21:32:48] [STOP][eval] step=8 scenario='life_family_care_plugin' terminal=false same_like_count=0 no_progress=false scenario_type='content' is_global_nav=false after_realign=false recent_repeat=false bounded_two_card_loop=false semantic_same_like=false recent_duplicate=false recent_duplicate_distance=0 recent_semantic_duplicate=false recent_semantic_duplicate_distance=0 recent_semantic_unique_count=6 strict_duplicate=false semantic_duplicate=false repeat_class='none' loop_classification='none' hard_no_progress=false soft_no_progress=false no_progress_class='none' overlay_realign_grace_active=false min_step_gate_blocked=false realign_grace_suppressed=false cta_descend_applied=false promoted_from_container=false repeat_stop_hit=false decision='continue' reason='none' traversal_result='PASS_MOVED' final_result='PASS' failure_reason='' stop_explain_version='pr7_explain_v1' stop_explain_input='step:8|move:moved|smart:moved|same:0|fail:0' stop_explain_repeat='recent:false|class:none|strict:false|semantic:false|loop:none|two_card:false' stop_explain_no_progress='hit:false|class:none|hard:false|soft:false' stop_explain_gate='candidate:false|min_block:false|realign_suppress:false|realign_active:false|decision:continue'
[21:32:48] [OVERLAY] blocked no_overlay_policy scenario='life_family_care_plugin' tab='(?i).*life.*' step=8
[21:32:48] [STEP] START tab='(?i).*life.*' step=9
[21:32:54] [STEP][cta_sibling_visit] step=9 scenario='life_family_care_plugin' cluster='com.samsung.android.plugin.care:id/suggestion_card_container||com.samsung.android.plugin.care:id/first_button||com.sa...' visited='com.samsung.android.plugin.care:id/first_button'
[21:32:54] [STEP][cta_promote] step=9 scenario='life_family_care_plugin' container_rid='com.samsung.android.plugin.care:id/suggestion_card_container' selected_cta_rid='com.samsung.android.plugin.care:id/first_button' selected_cta_label='none' cta_candidates='none' reason='actionable_child_promoted'
[21:32:54] [ROW] fingerprint='com.samsung.android.plugin.care:id/first_button|want better insight into your daily life? set up the smartthings devices that yo|later want better insight into your daily life? set up the smartthings devices t|596,1558' normalized_fingerprint='com samsung android plugin care id first button|want better insight into your daily life set up the smartthings devices that you use to better understand your daily lif|later want better insight into your daily life set up the smartthings devices that you use to better understand your dai' duplicate=false recent_duplicate=false distance=0 recent_semantic_duplicate=false semantic_distance=0 semantic_window_unique=6 noise=false
[21:32:54] [STEP] END tab='(?i).*life.*' step=9 elapsed=5.23s move_result='{'success': True, 'status': 'moved', 'detail': 'moved', 'raw': {'timestamp': 1776774770337, 'reqId': '2123e2a3', 'success': True, 'status': 'moved', 'detail': 'moved', 'flags': []}}' visible='Want better insight into your daily life? Set up the SmartThings devices that you use to better understand your daily life. Later Set up now' speech='Later Want better insight into your daily life? Set up the SmartThings devices that you use to better understand your daily life. Later Set up now' crop='output\talkback_compare_20260421_213141\crops\i_._life._step_9_Want_better_insight_into_your_daily_life.png' timing(move=1.172s ann=3.083s get_focus=0.975s get_focus_fallback_dump=0.000s step_dump=0.000s crop=0.508s total=5.739s) focus_reason='' fallback_used=False fallback_found=False step_dump_used=False step_dump_reason='focus_payload_sufficient' req_id='47c9b94a'
[21:32:54] [STOP][eval] step=9 scenario='life_family_care_plugin' terminal=false same_like_count=0 no_progress=false scenario_type='content' is_global_nav=false after_realign=false recent_repeat=false bounded_two_card_loop=false semantic_same_like=false recent_duplicate=false recent_duplicate_distance=0 recent_semantic_duplicate=false recent_semantic_duplicate_distance=0 recent_semantic_unique_count=6 strict_duplicate=false semantic_duplicate=false repeat_class='none' loop_classification='none' hard_no_progress=false soft_no_progress=false no_progress_class='none' overlay_realign_grace_active=false min_step_gate_blocked=false realign_grace_suppressed=false cta_descend_applied=false promoted_from_container=true repeat_stop_hit=false decision='continue' reason='none' traversal_result='PASS_MOVED' final_result='PASS' failure_reason='' stop_explain_version='pr7_explain_v1' stop_explain_input='step:9|move:moved|smart:moved|same:0|fail:0' stop_explain_repeat='recent:false|class:none|strict:false|semantic:false|loop:none|two_card:false' stop_explain_no_progress='hit:false|class:none|hard:false|soft:false' stop_explain_gate='candidate:false|min_block:false|realign_suppress:false|realign_active:false|decision:continue'
[21:32:54] [RESULT] skipped anchor rows count=1
[21:32:54] [SAVE] writing sheets raw/filtered/summary/result
[21:32:54] [SAVE] filtered rows=10, raw rows=10
[21:32:54] [SAVE] saved excel: output/talkback_compare_20260421_213141.xlsx rows=10 with_images=False
[21:32:54] [OVERLAY] blocked no_overlay_policy scenario='life_family_care_plugin' tab='(?i).*life.*' step=9
[21:32:54] [STEP] START tab='(?i).*life.*' step=10
[21:33:00] [STEP][cta_promote_keep] step=10 scenario='life_family_care_plugin' cluster='com.samsung.android.plugin.care:id/suggestion_card_container||com.samsung.android.plugin.care:id/first_button||com.sa...' kept_rid='com.samsung.android.plugin.care:id/first_button' reason='preserve_committed_cta_sibling'
[21:33:00] [STEP][cta_sibling_visit] step=10 scenario='life_family_care_plugin' cluster='com.samsung.android.plugin.care:id/suggestion_card_container||com.samsung.android.plugin.care:id/first_button||com.sa...' visited='com.samsung.android.plugin.care:id/first_button'
[21:33:00] [STEP][cta_promote] step=10 scenario='life_family_care_plugin' container_rid='com.samsung.android.plugin.care:id/suggestion_card_container' selected_cta_rid='com.samsung.android.plugin.care:id/first_button' selected_cta_label='none' cta_candidates='none' reason='actionable_child_promoted'
[21:33:00] [STEP][cta_sibling_visit] step=10 scenario='life_family_care_plugin' cluster='com.samsung.android.plugin.care:id/suggestion_card_container||com.samsung.android.plugin.care:id/first_button||com.sa...' visited='com.samsung.android.plugin.care:id/first_button|com.samsung.android.plugin.care:id/second_button'
[21:33:00] [STEP][cta_sibling_commit] step=10 scenario='life_family_care_plugin' current_rid='com.samsung.android.plugin.care:id/first_button' committed_rid='com.samsung.android.plugin.care:id/second_button' reason='cta_sibling_committed'
[21:33:00] [STEP][cta_sibling] step=10 scenario='life_family_care_plugin' current_rid='com.samsung.android.plugin.care:id/first_button' next_candidate='com.samsung.android.plugin.care:id/second_button' reason='cta_sibling_progression'
[21:33:00] [STEP][cta_focus_align] step=10 scenario='life_family_care_plugin' target_rid='com.samsung.android.plugin.care:id/second_button' method='select' attempt=1
[21:33:01] [STEP][cta_focus_align_success] step=10 scenario='life_family_care_plugin' target_rid='com.samsung.android.plugin.care:id/second_button'
[21:33:01] [ROW] fingerprint='com.samsung.android.plugin.care:id/second_button|want better insight into your daily life? set up the smartthings devices that yo|want better insight into your daily life? set up the smartthings devices that yo|876,1558' normalized_fingerprint='com samsung android plugin care id second button|want better insight into your daily life set up the smartthings devices that you use to better understand your daily lif|want better insight into your daily life set up the smartthings devices that you use to better understand your daily lif' duplicate=false recent_duplicate=false distance=0 recent_semantic_duplicate=false semantic_distance=0 semantic_window_unique=6 noise=false
[21:33:01] [STEP] END tab='(?i).*life.*' step=10 elapsed=5.28s move_result='' visible='Want better insight into your daily life? Set up the SmartThings devices that you use to better understand your daily life. Later Set up now' speech='Want better insight into your daily life? Set up the SmartThings devices that you use to better understand your daily life. Later Set up now' crop='output\talkback_compare_20260421_213141\crops\i_._life._step_10_Want_better_insight_into_your_daily_life.png' timing(move=0.408s ann=3.831s get_focus=1.043s get_focus_fallback_dump=0.000s step_dump=0.000s crop=0.502s total=5.785s) focus_reason='' fallback_used=False fallback_found=False step_dump_used=False step_dump_reason='focus_payload_sufficient' req_id='1183dca2'
[21:33:01] [STOP][eval] step=10 scenario='life_family_care_plugin' terminal=false same_like_count=0 no_progress=false scenario_type='content' is_global_nav=false after_realign=false recent_repeat=false bounded_two_card_loop=false semantic_same_like=false recent_duplicate=false recent_duplicate_distance=0 recent_semantic_duplicate=false recent_semantic_duplicate_distance=0 recent_semantic_unique_count=6 strict_duplicate=false semantic_duplicate=false repeat_class='none' loop_classification='none' hard_no_progress=false soft_no_progress=false no_progress_class='none' overlay_realign_grace_active=false min_step_gate_blocked=false realign_grace_suppressed=false cta_descend_applied=false promoted_from_container=true repeat_stop_hit=false decision='continue' reason='none' traversal_result='FAIL_MOVE' final_result='FAIL' failure_reason='move_failed' stop_explain_version='pr7_explain_v1' stop_explain_input='step:10|move:failed|smart:failed|same:0|fail:1' stop_explain_repeat='recent:false|class:none|strict:false|semantic:false|loop:none|two_card:false' stop_explain_no_progress='hit:false|class:none|hard:false|soft:false' stop_explain_gate='candidate:false|min_block:false|realign_suppress:false|realign_active:false|decision:continue'
[21:33:01] [OVERLAY] blocked no_overlay_policy scenario='life_family_care_plugin' tab='(?i).*life.*' step=10
[21:33:01] [STEP] START tab='(?i).*life.*' step=11
[21:33:06] [ROW] fingerprint='com.samsung.android.plugin.care:id/activity_toolbar|activity|activity|540,1764' normalized_fingerprint='com samsung android plugin care id activity toolbar|activity|activity' duplicate=false recent_duplicate=false distance=0 recent_semantic_duplicate=false semantic_distance=0 semantic_window_unique=6 noise=false
[21:33:06] [STEP] END tab='(?i).*life.*' step=11 elapsed=4.65s move_result='{'success': True, 'status': 'moved', 'detail': 'moved', 'raw': {'timestamp': 1776774782630, 'reqId': 'a39f7a62', 'success': True, 'status': 'moved', 'detail': 'moved', 'flags': []}}' visible='Activity' speech='Activity' crop='output\talkback_compare_20260421_213141\crops\i_._life._step_11_Activity.png' timing(move=0.470s ann=3.110s get_focus=1.067s get_focus_fallback_dump=0.000s step_dump=0.000s crop=0.487s total=5.134s) focus_reason='' fallback_used=False fallback_found=False step_dump_used=False step_dump_reason='focus_payload_sufficient' req_id='27702cc3'
[21:33:06] [STOP][eval] step=11 scenario='life_family_care_plugin' terminal=false same_like_count=0 no_progress=false scenario_type='content' is_global_nav=false after_realign=false recent_repeat=false bounded_two_card_loop=false semantic_same_like=false recent_duplicate=false recent_duplicate_distance=0 recent_semantic_duplicate=false recent_semantic_duplicate_distance=0 recent_semantic_unique_count=6 strict_duplicate=false semantic_duplicate=false repeat_class='none' loop_classification='none' hard_no_progress=false soft_no_progress=false no_progress_class='none' overlay_realign_grace_active=false min_step_gate_blocked=false realign_grace_suppressed=false cta_descend_applied=false promoted_from_container=false repeat_stop_hit=false decision='continue' reason='none' traversal_result='PASS_MOVED' final_result='PASS' failure_reason='' stop_explain_version='pr7_explain_v1' stop_explain_input='step:11|move:moved|smart:moved|same:0|fail:0' stop_explain_repeat='recent:false|class:none|strict:false|semantic:false|loop:none|two_card:false' stop_explain_no_progress='hit:false|class:none|hard:false|soft:false' stop_explain_gate='candidate:false|min_block:false|realign_suppress:false|realign_active:false|decision:continue'
[21:33:06] [OVERLAY] blocked no_overlay_policy scenario='life_family_care_plugin' tab='(?i).*life.*' step=11
[21:33:06] [STEP] START tab='(?i).*life.*' step=12
[21:33:12] [STEP][cta_sibling_visit] step=12 scenario='life_family_care_plugin' cluster='com.samsung.android.plugin.care:id/first_activity_layout||com.samsung.android.plugin.care:id/device_info' visited='com.samsung.android.plugin.care:id/device_info'
[21:33:12] [STEP][cta_promote] step=12 scenario='life_family_care_plugin' container_rid='com.samsung.android.plugin.care:id/first_activity_layout' selected_cta_rid='com.samsung.android.plugin.care:id/device_info' selected_cta_label='View information' cta_candidates='View information' reason='actionable_child_promoted'
[21:33:12] [ROW] fingerprint='com.samsung.android.plugin.care:id/device_info|view information|view information|489,2028' normalized_fingerprint='com samsung android plugin care id device info|view information|view information' duplicate=false recent_duplicate=false distance=0 recent_semantic_duplicate=false semantic_distance=0 semantic_window_unique=6 noise=false
[21:33:12] [STEP] END tab='(?i).*life.*' step=12 elapsed=5.30s move_result='{'success': True, 'status': 'moved', 'detail': 'moved', 'raw': {'timestamp': 1776774788490, 'reqId': 'faafc285', 'success': True, 'status': 'moved', 'detail': 'moved', 'flags': []}}' visible='View information' speech='View information' crop='output\talkback_compare_20260421_213141\crops\i_._life._step_12_First_activity_5_55_pm_건우의_Z_Flip6_View.png' timing(move=1.174s ann=3.107s get_focus=1.015s get_focus_fallback_dump=0.000s step_dump=0.000s crop=0.505s total=5.802s) focus_reason='' fallback_used=False fallback_found=False step_dump_used=False step_dump_reason='focus_payload_sufficient' req_id='69bac718'
[21:33:12] [STOP][eval] step=12 scenario='life_family_care_plugin' terminal=false same_like_count=0 no_progress=false scenario_type='content' is_global_nav=false after_realign=false recent_repeat=false bounded_two_card_loop=false semantic_same_like=false recent_duplicate=false recent_duplicate_distance=0 recent_semantic_duplicate=false recent_semantic_duplicate_distance=0 recent_semantic_unique_count=6 strict_duplicate=false semantic_duplicate=false repeat_class='none' loop_classification='none' hard_no_progress=false soft_no_progress=false no_progress_class='none' overlay_realign_grace_active=false min_step_gate_blocked=false realign_grace_suppressed=false cta_descend_applied=false promoted_from_container=true repeat_stop_hit=false decision='continue' reason='none' traversal_result='PASS_MOVED' final_result='PASS' failure_reason='' stop_explain_version='pr7_explain_v1' stop_explain_input='step:12|move:moved|smart:moved|same:0|fail:0' stop_explain_repeat='recent:false|class:none|strict:false|semantic:false|loop:none|two_card:false' stop_explain_no_progress='hit:false|class:none|hard:false|soft:false' stop_explain_gate='candidate:false|min_block:false|realign_suppress:false|realign_active:false|decision:continue'
[21:33:12] [RESULT] skipped anchor rows count=1
[21:33:12] [SAVE] writing sheets raw/filtered/summary/result
[21:33:12] [SAVE] filtered rows=13, raw rows=13
[21:33:12] [SAVE] saved excel: output/talkback_compare_20260421_213141.xlsx rows=13 with_images=False
[21:33:12] [OVERLAY] blocked no_overlay_policy scenario='life_family_care_plugin' tab='(?i).*life.*' step=12
[21:33:12] [STEP] START tab='(?i).*life.*' step=13
[21:33:17] [ROW] fingerprint='com.samsung.android.plugin.care:id/subtext|first activity|first activity|248,1857' normalized_fingerprint='com samsung android plugin care id subtext|first activity|first activity' duplicate=false recent_duplicate=false distance=0 recent_semantic_duplicate=false semantic_distance=0 semantic_window_unique=6 noise=false
[21:33:17] [STEP] END tab='(?i).*life.*' step=13 elapsed=4.52s move_result='{'success': True, 'status': 'moved', 'detail': 'moved', 'raw': {'timestamp': 1776774793728, 'reqId': '1aa47cb4', 'success': True, 'status': 'moved', 'detail': 'moved', 'flags': []}}' visible='First activity' speech='First activity' crop='output\talkback_compare_20260421_213141\crops\i_._life._step_13_First_activity.png' timing(move=0.472s ann=3.044s get_focus=0.998s get_focus_fallback_dump=0.000s step_dump=0.000s crop=0.503s total=5.020s) focus_reason='' fallback_used=False fallback_found=False step_dump_used=False step_dump_reason='focus_payload_sufficient' req_id='a51997f1'
[21:33:17] [STOP][eval] step=13 scenario='life_family_care_plugin' terminal=false same_like_count=0 no_progress=false scenario_type='content' is_global_nav=false after_realign=false recent_repeat=false bounded_two_card_loop=false semantic_same_like=false recent_duplicate=false recent_duplicate_distance=0 recent_semantic_duplicate=false recent_semantic_duplicate_distance=0 recent_semantic_unique_count=6 strict_duplicate=false semantic_duplicate=false repeat_class='none' loop_classification='none' hard_no_progress=false soft_no_progress=false no_progress_class='none' overlay_realign_grace_active=false min_step_gate_blocked=false realign_grace_suppressed=false cta_descend_applied=false promoted_from_container=false repeat_stop_hit=false decision='continue' reason='none' traversal_result='PASS_MOVED' final_result='PASS' failure_reason='' stop_explain_version='pr7_explain_v1' stop_explain_input='step:13|move:moved|smart:moved|same:0|fail:0' stop_explain_repeat='recent:false|class:none|strict:false|semantic:false|loop:none|two_card:false' stop_explain_no_progress='hit:false|class:none|hard:false|soft:false' stop_explain_gate='candidate:false|min_block:false|realign_suppress:false|realign_active:false|decision:continue'
[21:33:17] [OVERLAY] blocked no_overlay_policy scenario='life_family_care_plugin' tab='(?i).*life.*' step=13
[21:33:17] [STEP] START tab='(?i).*life.*' step=14
[21:33:22] [ROW] fingerprint='com.samsung.android.plugin.care:id/subtext|latest activity|latest activity|733,1857' normalized_fingerprint='com samsung android plugin care id subtext|latest activity|latest activity' duplicate=false recent_duplicate=false distance=0 recent_semantic_duplicate=false semantic_distance=0 semantic_window_unique=6 noise=false
[21:33:22] [STEP] END tab='(?i).*life.*' step=14 elapsed=4.55s move_result='{'success': True, 'status': 'moved', 'detail': 'moved', 'raw': {'timestamp': 1776774798750, 'reqId': 'df827f4b', 'success': True, 'status': 'moved', 'detail': 'moved', 'flags': []}}' visible='Latest activity' speech='Latest activity' crop='output\talkback_compare_20260421_213141\crops\i_._life._step_14_Latest_activity.png' timing(move=0.463s ann=3.072s get_focus=1.010s get_focus_fallback_dump=0.000s step_dump=0.000s crop=0.505s total=5.051s) focus_reason='' fallback_used=False fallback_found=False step_dump_used=False step_dump_reason='focus_payload_sufficient' req_id='20f2b132'
[21:33:22] [STOP][eval] step=14 scenario='life_family_care_plugin' terminal=false same_like_count=0 no_progress=false scenario_type='content' is_global_nav=false after_realign=false recent_repeat=false bounded_two_card_loop=false semantic_same_like=false recent_duplicate=false recent_duplicate_distance=0 recent_semantic_duplicate=false recent_semantic_duplicate_distance=0 recent_semantic_unique_count=6 strict_duplicate=false semantic_duplicate=false repeat_class='none' loop_classification='none' hard_no_progress=false soft_no_progress=false no_progress_class='none' overlay_realign_grace_active=false min_step_gate_blocked=false realign_grace_suppressed=false cta_descend_applied=false promoted_from_container=false repeat_stop_hit=false decision='continue' reason='none' traversal_result='PASS_MOVED' final_result='PASS' failure_reason='' stop_explain_version='pr7_explain_v1' stop_explain_input='step:14|move:moved|smart:moved|same:0|fail:0' stop_explain_repeat='recent:false|class:none|strict:false|semantic:false|loop:none|two_card:false' stop_explain_no_progress='hit:false|class:none|hard:false|soft:false' stop_explain_gate='candidate:false|min_block:false|realign_suppress:false|realign_active:false|decision:continue'
[21:33:22] [OVERLAY] blocked no_overlay_policy scenario='life_family_care_plugin' tab='(?i).*life.*' step=14
[21:33:22] [STEP] START tab='(?i).*life.*' step=15
[21:33:27] [ROW] fingerprint='|5 55|5 55|165,1939' normalized_fingerprint='|5 55|5 55' duplicate=false recent_duplicate=false distance=0 recent_semantic_duplicate=false semantic_distance=0 semantic_window_unique=6 noise=false
[21:33:27] [STEP] END tab='(?i).*life.*' step=15 elapsed=4.63s move_result='{'success': True, 'status': 'moved', 'detail': 'moved', 'raw': {'timestamp': 1776774803861, 'reqId': 'd7bae939', 'success': True, 'status': 'moved', 'detail': 'moved', 'flags': []}}' visible='5:55' speech='5:55' crop='output\talkback_compare_20260421_213141\crops\i_._life._step_15_5_55.png' timing(move=0.553s ann=3.080s get_focus=0.999s get_focus_fallback_dump=0.000s step_dump=0.000s crop=0.477s total=5.111s) focus_reason='' fallback_used=False fallback_found=False step_dump_used=False step_dump_reason='focus_payload_sufficient' req_id='735859c4'
[21:33:27] [STOP][eval] step=15 scenario='life_family_care_plugin' terminal=false same_like_count=0 no_progress=false scenario_type='content' is_global_nav=false after_realign=false recent_repeat=false bounded_two_card_loop=false semantic_same_like=false recent_duplicate=false recent_duplicate_distance=0 recent_semantic_duplicate=false recent_semantic_duplicate_distance=0 recent_semantic_unique_count=6 strict_duplicate=false semantic_duplicate=false repeat_class='none' loop_classification='none' hard_no_progress=false soft_no_progress=false no_progress_class='none' overlay_realign_grace_active=false min_step_gate_blocked=false realign_grace_suppressed=false cta_descend_applied=false promoted_from_container=false repeat_stop_hit=false decision='continue' reason='none' traversal_result='PASS_MOVED' final_result='PASS' failure_reason='' stop_explain_version='pr7_explain_v1' stop_explain_input='step:15|move:moved|smart:moved|same:0|fail:0' stop_explain_repeat='recent:false|class:none|strict:false|semantic:false|loop:none|two_card:false' stop_explain_no_progress='hit:false|class:none|hard:false|soft:false' stop_explain_gate='candidate:false|min_block:false|realign_suppress:false|realign_active:false|decision:continue'
[21:33:28] [RESULT] skipped anchor rows count=1
[21:33:28] [SAVE] writing sheets raw/filtered/summary/result
[21:33:28] [SAVE] filtered rows=16, raw rows=16
[21:33:28] [SAVE] saved excel: output/talkback_compare_20260421_213141.xlsx rows=16 with_images=False
[21:33:28] [OVERLAY] blocked no_overlay_policy scenario='life_family_care_plugin' tab='(?i).*life.*' step=15
[21:33:28] [STEP] START tab='(?i).*life.*' step=16
[21:33:33] [ROW] fingerprint='|9 31|9 31|629,1939' normalized_fingerprint='|9 31|9 31' duplicate=false recent_duplicate=false distance=0 recent_semantic_duplicate=false semantic_distance=0 semantic_window_unique=6 noise=false
[21:33:33] [STEP] END tab='(?i).*life.*' step=16 elapsed=4.61s move_result='{'success': True, 'status': 'moved', 'detail': 'moved', 'raw': {'timestamp': 1776774809102, 'reqId': 'ccb8da98', 'success': True, 'status': 'moved', 'detail': 'moved', 'flags': []}}' visible='9:31' speech='9:31' crop='output\talkback_compare_20260421_213141\crops\i_._life._step_16_9_31.png' timing(move=0.553s ann=3.085s get_focus=0.969s get_focus_fallback_dump=0.000s step_dump=0.000s crop=0.480s total=5.086s) focus_reason='' fallback_used=False fallback_found=False step_dump_used=False step_dump_reason='focus_payload_sufficient' req_id='3201485d'
[21:33:33] [STOP][eval] step=16 scenario='life_family_care_plugin' terminal=false same_like_count=0 no_progress=false scenario_type='content' is_global_nav=false after_realign=false recent_repeat=false bounded_two_card_loop=false semantic_same_like=false recent_duplicate=false recent_duplicate_distance=0 recent_semantic_duplicate=false recent_semantic_duplicate_distance=0 recent_semantic_unique_count=6 strict_duplicate=false semantic_duplicate=false repeat_class='none' loop_classification='none' hard_no_progress=false soft_no_progress=false no_progress_class='none' overlay_realign_grace_active=false min_step_gate_blocked=false realign_grace_suppressed=false cta_descend_applied=false promoted_from_container=false repeat_stop_hit=false decision='continue' reason='none' traversal_result='PASS_MOVED' final_result='PASS' failure_reason='' stop_explain_version='pr7_explain_v1' stop_explain_input='step:16|move:moved|smart:moved|same:0|fail:0' stop_explain_repeat='recent:false|class:none|strict:false|semantic:false|loop:none|two_card:false' stop_explain_no_progress='hit:false|class:none|hard:false|soft:false' stop_explain_gate='candidate:false|min_block:false|realign_suppress:false|realign_active:false|decision:continue'
[21:33:33] [OVERLAY] blocked no_overlay_policy scenario='life_family_care_plugin' tab='(?i).*life.*' step=16
[21:33:33] [STEP] START tab='(?i).*life.*' step=17
[21:33:38] [ROW] fingerprint='|pm|pm|292,1947' normalized_fingerprint='|pm|pm' duplicate=false recent_duplicate=false distance=0 recent_semantic_duplicate=false semantic_distance=0 semantic_window_unique=6 noise=false
[21:33:38] [STEP] END tab='(?i).*life.*' step=17 elapsed=4.61s move_result='{'success': True, 'status': 'moved', 'detail': 'moved', 'raw': {'timestamp': 1776774814161, 'reqId': 'aea2d3ce', 'success': True, 'status': 'moved', 'detail': 'moved', 'flags': []}}' visible='pm' speech='pm' crop='output\talkback_compare_20260421_213141\crops\i_._life._step_17_pm.png' timing(move=0.497s ann=3.106s get_focus=1.010s get_focus_fallback_dump=0.000s step_dump=0.000s crop=0.481s total=5.095s) focus_reason='' fallback_used=False fallback_found=False step_dump_used=False step_dump_reason='focus_payload_sufficient' req_id='50c9927c'
[21:33:38] [STOP][eval] step=17 scenario='life_family_care_plugin' terminal=false same_like_count=0 no_progress=false scenario_type='content' is_global_nav=false after_realign=false recent_repeat=false bounded_two_card_loop=false semantic_same_like=false recent_duplicate=false recent_duplicate_distance=0 recent_semantic_duplicate=false recent_semantic_duplicate_distance=0 recent_semantic_unique_count=6 strict_duplicate=false semantic_duplicate=false repeat_class='none' loop_classification='none' hard_no_progress=false soft_no_progress=false no_progress_class='none' overlay_realign_grace_active=false min_step_gate_blocked=false realign_grace_suppressed=false cta_descend_applied=false promoted_from_container=false repeat_stop_hit=false decision='continue' reason='none' traversal_result='PASS_MOVED' final_result='PASS' failure_reason='' stop_explain_version='pr7_explain_v1' stop_explain_input='step:17|move:moved|smart:moved|same:0|fail:0' stop_explain_repeat='recent:false|class:none|strict:false|semantic:false|loop:none|two_card:false' stop_explain_no_progress='hit:false|class:none|hard:false|soft:false' stop_explain_gate='candidate:false|min_block:false|realign_suppress:false|realign_active:false|decision:continue'
[21:33:38] [OVERLAY] blocked no_overlay_policy scenario='life_family_care_plugin' tab='(?i).*life.*' step=17
[21:33:38] [STEP] START tab='(?i).*life.*' step=18
[21:33:43] [ROW] fingerprint='com.samsung.android.plugin.care:id/device_info|view information|view information|957,2028' normalized_fingerprint='com samsung android plugin care id device info|view information|view information' duplicate=false recent_duplicate=false distance=0 recent_semantic_duplicate=false semantic_distance=0 semantic_window_unique=6 noise=false
[21:33:43] [STEP] END tab='(?i).*life.*' step=18 elapsed=4.55s move_result='{'success': True, 'status': 'moved', 'detail': 'moved', 'raw': {'timestamp': 1776774819337, 'reqId': '995811f3', 'success': True, 'status': 'moved', 'detail': 'moved', 'flags': []}}' visible='View information' speech='View information' crop='output\talkback_compare_20260421_213141\crops\i_._life._step_18_View_information.png' timing(move=0.562s ann=3.010s get_focus=0.979s get_focus_fallback_dump=0.000s step_dump=0.000s crop=0.469s total=5.022s) focus_reason='' fallback_used=False fallback_found=False step_dump_used=False step_dump_reason='focus_payload_sufficient' req_id='99c7cca0'
[21:33:43] [STOP][eval] step=18 scenario='life_family_care_plugin' terminal=false same_like_count=0 no_progress=false scenario_type='content' is_global_nav=false after_realign=false recent_repeat=false bounded_two_card_loop=false semantic_same_like=false recent_duplicate=false recent_duplicate_distance=0 recent_semantic_duplicate=false recent_semantic_duplicate_distance=0 recent_semantic_unique_count=6 strict_duplicate=false semantic_duplicate=false repeat_class='none' loop_classification='none' hard_no_progress=false soft_no_progress=false no_progress_class='none' overlay_realign_grace_active=false min_step_gate_blocked=false realign_grace_suppressed=false cta_descend_applied=false promoted_from_container=false repeat_stop_hit=false decision='continue' reason='none' traversal_result='PASS_MOVED' final_result='PASS' failure_reason='' stop_explain_version='pr7_explain_v1' stop_explain_input='step:18|move:moved|smart:moved|same:0|fail:0' stop_explain_repeat='recent:false|class:none|strict:false|semantic:false|loop:none|two_card:false' stop_explain_no_progress='hit:false|class:none|hard:false|soft:false' stop_explain_gate='candidate:false|min_block:false|realign_suppress:false|realign_active:false|decision:continue'
[21:33:43] [RESULT] skipped anchor rows count=1
[21:33:43] [SAVE] writing sheets raw/filtered/summary/result
[21:33:43] [SAVE] filtered rows=19, raw rows=19
[21:33:43] [SAVE] saved excel: output/talkback_compare_20260421_213141.xlsx rows=19 with_images=False
[21:33:43] [OVERLAY] blocked no_overlay_policy scenario='life_family_care_plugin' tab='(?i).*life.*' step=18
[21:33:43] [STEP] START tab='(?i).*life.*' step=19
[21:33:48] [ROW] fingerprint='com.samsung.android.plugin.care:id/subtext|first activity|first activity|248,1857' normalized_fingerprint='com samsung android plugin care id subtext|first activity|first activity' duplicate=false recent_duplicate=false distance=0 recent_semantic_duplicate=false semantic_distance=0 semantic_window_unique=6 noise=false
[21:33:48] [STEP] END tab='(?i).*life.*' step=19 elapsed=4.49s move_result='{'success': True, 'status': 'moved', 'detail': 'moved', 'raw': {'timestamp': 1776774824421, 'reqId': '5546a9f3', 'success': True, 'status': 'moved', 'detail': 'moved', 'flags': []}}' visible='First activity' speech='First activity' crop='output\talkback_compare_20260421_213141\crops\i_._life._step_19_First_activity.png' timing(move=0.465s ann=3.042s get_focus=0.983s get_focus_fallback_dump=0.000s step_dump=0.000s crop=0.472s total=4.964s) focus_reason='' fallback_used=False fallback_found=False step_dump_used=False step_dump_reason='focus_payload_sufficient' req_id='378edd55'
[21:33:48] [STOP][eval] step=19 scenario='life_family_care_plugin' terminal=false same_like_count=0 no_progress=false scenario_type='content' is_global_nav=false after_realign=false recent_repeat=false bounded_two_card_loop=false semantic_same_like=false recent_duplicate=false recent_duplicate_distance=0 recent_semantic_duplicate=false recent_semantic_duplicate_distance=0 recent_semantic_unique_count=6 strict_duplicate=false semantic_duplicate=false repeat_class='none' loop_classification='none' hard_no_progress=false soft_no_progress=false no_progress_class='none' overlay_realign_grace_active=false min_step_gate_blocked=false realign_grace_suppressed=false cta_descend_applied=false promoted_from_container=false repeat_stop_hit=false decision='continue' reason='none' traversal_result='PASS_MOVED' final_result='PASS' failure_reason='' stop_explain_version='pr7_explain_v1' stop_explain_input='step:19|move:moved|smart:moved|same:0|fail:0' stop_explain_repeat='recent:false|class:none|strict:false|semantic:false|loop:none|two_card:false' stop_explain_no_progress='hit:false|class:none|hard:false|soft:false' stop_explain_gate='candidate:false|min_block:false|realign_suppress:false|realign_active:false|decision:continue'
[21:33:48] [OVERLAY] blocked no_overlay_policy scenario='life_family_care_plugin' tab='(?i).*life.*' step=19
[21:33:48] [STEP] START tab='(?i).*life.*' step=20
[21:33:53] [ROW] fingerprint='com.samsung.android.plugin.care:id/subtext|latest activity|latest activity|733,1857' normalized_fingerprint='com samsung android plugin care id subtext|latest activity|latest activity' duplicate=false recent_duplicate=false distance=0 recent_semantic_duplicate=false semantic_distance=0 semantic_window_unique=6 noise=false
[21:33:53] [STEP] END tab='(?i).*life.*' step=20 elapsed=4.60s move_result='{'success': True, 'status': 'moved', 'detail': 'moved', 'raw': {'timestamp': 1776774829432, 'reqId': 'd7648192', 'success': True, 'status': 'moved', 'detail': 'moved', 'flags': []}}' visible='Latest activity' speech='Latest activity' crop='output\talkback_compare_20260421_213141\crops\i_._life._step_20_Latest_activity.png' timing(move=0.519s ann=3.081s get_focus=0.996s get_focus_fallback_dump=0.000s step_dump=0.000s crop=0.455s total=5.052s) focus_reason='' fallback_used=False fallback_found=False step_dump_used=False step_dump_reason='focus_payload_sufficient' req_id='04a87138'
[21:33:53] [STOP][eval] step=20 scenario='life_family_care_plugin' terminal=false same_like_count=0 no_progress=false scenario_type='content' is_global_nav=false after_realign=false recent_repeat=false bounded_two_card_loop=false semantic_same_like=false recent_duplicate=false recent_duplicate_distance=0 recent_semantic_duplicate=false recent_semantic_duplicate_distance=0 recent_semantic_unique_count=6 strict_duplicate=false semantic_duplicate=false repeat_class='none' loop_classification='none' hard_no_progress=false soft_no_progress=false no_progress_class='none' overlay_realign_grace_active=false min_step_gate_blocked=false realign_grace_suppressed=false cta_descend_applied=false promoted_from_container=false repeat_stop_hit=false decision='continue' reason='none' traversal_result='PASS_MOVED' final_result='PASS' failure_reason='' stop_explain_version='pr7_explain_v1' stop_explain_input='step:20|move:moved|smart:moved|same:0|fail:0' stop_explain_repeat='recent:false|class:none|strict:false|semantic:false|loop:none|two_card:false' stop_explain_no_progress='hit:false|class:none|hard:false|soft:false' stop_explain_gate='candidate:false|min_block:false|realign_suppress:false|realign_active:false|decision:continue'
[21:33:53] [OVERLAY] blocked no_overlay_policy scenario='life_family_care_plugin' tab='(?i).*life.*' step=20
[21:33:53] [STEP] START tab='(?i).*life.*' step=21
[21:33:58] [ROW] fingerprint='|5 55|5 55|165,1939' normalized_fingerprint='|5 55|5 55' duplicate=false recent_duplicate=false distance=0 recent_semantic_duplicate=false semantic_distance=0 semantic_window_unique=6 noise=false
[21:33:58] [STEP] END tab='(?i).*life.*' step=21 elapsed=4.53s move_result='{'success': True, 'status': 'moved', 'detail': 'moved', 'raw': {'timestamp': 1776774834505, 'reqId': '8b0256a8', 'success': True, 'status': 'moved', 'detail': 'moved', 'flags': []}}' visible='5:55' speech='5:55' crop='output\talkback_compare_20260421_213141\crops\i_._life._step_21_5_55.png' timing(move=0.546s ann=2.973s get_focus=1.013s get_focus_fallback_dump=0.000s step_dump=0.000s crop=0.490s total=5.023s) focus_reason='' fallback_used=False fallback_found=False step_dump_used=False step_dump_reason='focus_payload_sufficient' req_id='3c828b96'
[21:33:58] [STOP][eval] step=21 scenario='life_family_care_plugin' terminal=false same_like_count=0 no_progress=false scenario_type='content' is_global_nav=false after_realign=false recent_repeat=false bounded_two_card_loop=false semantic_same_like=false recent_duplicate=false recent_duplicate_distance=0 recent_semantic_duplicate=false recent_semantic_duplicate_distance=0 recent_semantic_unique_count=6 strict_duplicate=false semantic_duplicate=false repeat_class='none' loop_classification='none' hard_no_progress=false soft_no_progress=false no_progress_class='none' overlay_realign_grace_active=false min_step_gate_blocked=false realign_grace_suppressed=false cta_descend_applied=false promoted_from_container=false repeat_stop_hit=false decision='continue' reason='none' traversal_result='PASS_MOVED' final_result='PASS' failure_reason='' stop_explain_version='pr7_explain_v1' stop_explain_input='step:21|move:moved|smart:moved|same:0|fail:0' stop_explain_repeat='recent:false|class:none|strict:false|semantic:false|loop:none|two_card:false' stop_explain_no_progress='hit:false|class:none|hard:false|soft:false' stop_explain_gate='candidate:false|min_block:false|realign_suppress:false|realign_active:false|decision:continue'
[21:33:58] [RESULT] skipped anchor rows count=1
[21:33:58] [SAVE] writing sheets raw/filtered/summary/result
[21:33:58] [SAVE] filtered rows=22, raw rows=22
[21:33:58] [SAVE] saved excel: output/talkback_compare_20260421_213141.xlsx rows=22 with_images=False
[21:33:58] [OVERLAY] blocked no_overlay_policy scenario='life_family_care_plugin' tab='(?i).*life.*' step=21
[21:33:58] [STEP] START tab='(?i).*life.*' step=22
[21:34:03] [ROW] fingerprint='|9 31|9 31|629,1939' normalized_fingerprint='|9 31|9 31' duplicate=false recent_duplicate=false distance=0 recent_semantic_duplicate=false semantic_distance=0 semantic_window_unique=6 noise=false
[21:34:03] [STEP] END tab='(?i).*life.*' step=22 elapsed=4.69s move_result='{'success': True, 'status': 'moved', 'detail': 'moved', 'raw': {'timestamp': 1776774839699, 'reqId': 'fa952ec0', 'success': True, 'status': 'moved', 'detail': 'moved', 'flags': []}}' visible='9:31' speech='9:31' crop='output\talkback_compare_20260421_213141\crops\i_._life._step_22_9_31.png' timing(move=0.553s ann=3.137s get_focus=0.998s get_focus_fallback_dump=0.000s step_dump=0.000s crop=0.472s total=5.160s) focus_reason='' fallback_used=False fallback_found=False step_dump_used=False step_dump_reason='focus_payload_sufficient' req_id='26dbbe3d'
[21:34:03] [STOP][eval] step=22 scenario='life_family_care_plugin' terminal=false same_like_count=0 no_progress=false scenario_type='content' is_global_nav=false after_realign=false recent_repeat=false bounded_two_card_loop=false semantic_same_like=false recent_duplicate=false recent_duplicate_distance=0 recent_semantic_duplicate=false recent_semantic_duplicate_distance=0 recent_semantic_unique_count=6 strict_duplicate=false semantic_duplicate=false repeat_class='none' loop_classification='none' hard_no_progress=false soft_no_progress=false no_progress_class='none' overlay_realign_grace_active=false min_step_gate_blocked=false realign_grace_suppressed=false cta_descend_applied=false promoted_from_container=false repeat_stop_hit=false decision='continue' reason='none' traversal_result='PASS_MOVED' final_result='PASS' failure_reason='' stop_explain_version='pr7_explain_v1' stop_explain_input='step:22|move:moved|smart:moved|same:0|fail:0' stop_explain_repeat='recent:false|class:none|strict:false|semantic:false|loop:none|two_card:false' stop_explain_no_progress='hit:false|class:none|hard:false|soft:false' stop_explain_gate='candidate:false|min_block:false|realign_suppress:false|realign_active:false|decision:continue'
[21:34:03] [OVERLAY] blocked no_overlay_policy scenario='life_family_care_plugin' tab='(?i).*life.*' step=22
[21:34:03] [STEP] START tab='(?i).*life.*' step=23
[21:34:08] [ROW] fingerprint='|pm|pm|292,1947' normalized_fingerprint='|pm|pm' duplicate=false recent_duplicate=false distance=0 recent_semantic_duplicate=false semantic_distance=0 semantic_window_unique=6 noise=false
[21:34:08] [STEP] END tab='(?i).*life.*' step=23 elapsed=4.62s move_result='{'success': True, 'status': 'moved', 'detail': 'moved', 'raw': {'timestamp': 1776774844802, 'reqId': '7c753f3d', 'success': True, 'status': 'moved', 'detail': 'moved', 'flags': []}}' visible='pm' speech='pm' crop='output\talkback_compare_20260421_213141\crops\i_._life._step_23_pm.png' timing(move=0.473s ann=3.121s get_focus=1.021s get_focus_fallback_dump=0.000s step_dump=0.000s crop=0.470s total=5.086s) focus_reason='' fallback_used=False fallback_found=False step_dump_used=False step_dump_reason='focus_payload_sufficient' req_id='3cd56b81'
[21:34:08] [STOP][eval] step=23 scenario='life_family_care_plugin' terminal=false same_like_count=0 no_progress=false scenario_type='content' is_global_nav=false after_realign=false recent_repeat=false bounded_two_card_loop=false semantic_same_like=false recent_duplicate=false recent_duplicate_distance=0 recent_semantic_duplicate=false recent_semantic_duplicate_distance=0 recent_semantic_unique_count=6 strict_duplicate=false semantic_duplicate=false repeat_class='none' loop_classification='none' hard_no_progress=false soft_no_progress=false no_progress_class='none' overlay_realign_grace_active=false min_step_gate_blocked=false realign_grace_suppressed=false cta_descend_applied=false promoted_from_container=false repeat_stop_hit=false decision='continue' reason='none' traversal_result='PASS_MOVED' final_result='PASS' failure_reason='' stop_explain_version='pr7_explain_v1' stop_explain_input='step:23|move:moved|smart:moved|same:0|fail:0' stop_explain_repeat='recent:false|class:none|strict:false|semantic:false|loop:none|two_card:false' stop_explain_no_progress='hit:false|class:none|hard:false|soft:false' stop_explain_gate='candidate:false|min_block:false|realign_suppress:false|realign_active:false|decision:continue'
[21:34:08] [OVERLAY] blocked no_overlay_policy scenario='life_family_care_plugin' tab='(?i).*life.*' step=23
[21:34:08] [STEP] START tab='(?i).*life.*' step=24
[21:34:14] [STEP][cta_sibling_visit] step=24 scenario='life_family_care_plugin' cluster='com.samsung.android.plugin.care:id/last_activity_layout||com.samsung.android.plugin.care:id/device_info' visited='com.samsung.android.plugin.care:id/device_info'
[21:34:14] [STEP][cta_promote] step=24 scenario='life_family_care_plugin' container_rid='com.samsung.android.plugin.care:id/last_activity_layout' selected_cta_rid='com.samsung.android.plugin.care:id/device_info' selected_cta_label='View information' cta_candidates='View information' reason='actionable_child_promoted'
[21:34:14] [ROW] fingerprint='com.samsung.android.plugin.care:id/device_info|view information|view information|957,2028' normalized_fingerprint='com samsung android plugin care id device info|view information|view information' duplicate=false recent_duplicate=false distance=0 recent_semantic_duplicate=false semantic_distance=0 semantic_window_unique=6 noise=false
[21:34:14] [STEP] END tab='(?i).*life.*' step=24 elapsed=4.64s move_result='{'success': True, 'status': 'moved', 'detail': 'moved', 'raw': {'timestamp': 1776774849964, 'reqId': '9e34243a', 'success': True, 'status': 'moved', 'detail': 'moved', 'flags': []}}' visible='View information' speech='View information' crop='output\talkback_compare_20260421_213141\crops\i_._life._step_24_Latest_activity_9_31_pm_건우의_Z_Flip6_View.png' timing(move=0.551s ann=3.054s get_focus=1.031s get_focus_fallback_dump=0.000s step_dump=0.000s crop=0.475s total=5.112s) focus_reason='' fallback_used=False fallback_found=False step_dump_used=False step_dump_reason='focus_payload_sufficient' req_id='c08ed587'
[21:34:14] [STOP][eval] step=24 scenario='life_family_care_plugin' terminal=false same_like_count=0 no_progress=false scenario_type='content' is_global_nav=false after_realign=false recent_repeat=false bounded_two_card_loop=false semantic_same_like=false recent_duplicate=false recent_duplicate_distance=0 recent_semantic_duplicate=false recent_semantic_duplicate_distance=0 recent_semantic_unique_count=6 strict_duplicate=false semantic_duplicate=false repeat_class='none' loop_classification='none' hard_no_progress=false soft_no_progress=false no_progress_class='none' overlay_realign_grace_active=false min_step_gate_blocked=false realign_grace_suppressed=false cta_descend_applied=false promoted_from_container=true repeat_stop_hit=false decision='continue' reason='none' traversal_result='PASS_MOVED' final_result='PASS' failure_reason='' stop_explain_version='pr7_explain_v1' stop_explain_input='step:24|move:moved|smart:moved|same:0|fail:0' stop_explain_repeat='recent:false|class:none|strict:false|semantic:false|loop:none|two_card:false' stop_explain_no_progress='hit:false|class:none|hard:false|soft:false' stop_explain_gate='candidate:false|min_block:false|realign_suppress:false|realign_active:false|decision:continue'
[21:34:14] [RESULT] skipped anchor rows count=1
[21:34:14] [SAVE] writing sheets raw/filtered/summary/result
[21:34:14] [SAVE] filtered rows=25, raw rows=25
[21:34:14] [SAVE] saved excel: output/talkback_compare_20260421_213141.xlsx rows=25 with_images=False
[21:34:14] [OVERLAY] blocked no_overlay_policy scenario='life_family_care_plugin' tab='(?i).*life.*' step=24
[21:34:14] [STEP] START tab='(?i).*life.*' step=25
[21:34:19] [ROW] fingerprint='|pm|pm|753,1947' normalized_fingerprint='|pm|pm' duplicate=false recent_duplicate=false distance=0 recent_semantic_duplicate=true semantic_distance=2 semantic_window_unique=5 noise=false
[21:34:19] [STEP] END tab='(?i).*life.*' step=25 elapsed=4.66s move_result='{'success': True, 'status': 'moved', 'detail': 'moved', 'raw': {'timestamp': 1776774855242, 'reqId': 'f441b181', 'success': True, 'status': 'moved', 'detail': 'moved', 'flags': []}}' visible='pm' speech='pm' crop='output\talkback_compare_20260421_213141\crops\i_._life._step_25_pm.png' timing(move=0.549s ann=3.063s get_focus=1.052s get_focus_fallback_dump=0.000s step_dump=0.000s crop=0.491s total=5.155s) focus_reason='' fallback_used=False fallback_found=False step_dump_used=False step_dump_reason='focus_payload_sufficient' req_id='a6dfc281'
[21:34:19] [STOP][eval] step=25 scenario='life_family_care_plugin' terminal=false same_like_count=0 no_progress=false scenario_type='content' is_global_nav=false after_realign=false recent_repeat=false bounded_two_card_loop=false semantic_same_like=false recent_duplicate=false recent_duplicate_distance=0 recent_semantic_duplicate=true recent_semantic_duplicate_distance=2 recent_semantic_unique_count=5 strict_duplicate=false semantic_duplicate=false repeat_class='none' loop_classification='none' hard_no_progress=false soft_no_progress=false no_progress_class='none' overlay_realign_grace_active=false min_step_gate_blocked=false realign_grace_suppressed=false cta_descend_applied=false promoted_from_container=false repeat_stop_hit=false decision='continue' reason='none' traversal_result='PASS_MOVED' final_result='PASS' failure_reason='' stop_explain_version='pr7_explain_v1' stop_explain_input='step:25|move:moved|smart:moved|same:0|fail:0' stop_explain_repeat='recent:false|class:none|strict:false|semantic:false|loop:none|two_card:false' stop_explain_no_progress='hit:false|class:none|hard:false|soft:false' stop_explain_gate='candidate:false|min_block:false|realign_suppress:false|realign_active:false|decision:continue'
[21:34:19] [OVERLAY] blocked no_overlay_policy scenario='life_family_care_plugin' tab='(?i).*life.*' step=25
[21:34:19] [STEP] START tab='(?i).*life.*' step=26
[21:34:24] [ROW] fingerprint='com.samsung.android.plugin.care:id/device_name|건우의 z flip6|건우의 z flip6|279,2027' normalized_fingerprint='com samsung android plugin care id device name|건우의 z flip6|건우의 z flip6' duplicate=false recent_duplicate=false distance=0 recent_semantic_duplicate=false semantic_distance=0 semantic_window_unique=5 noise=false
[21:34:24] [STEP] END tab='(?i).*life.*' step=26 elapsed=4.55s move_result='{'success': True, 'status': 'moved', 'detail': 'moved', 'raw': {'timestamp': 1776774860357, 'reqId': '4d8d5cec', 'success': True, 'status': 'moved', 'detail': 'moved', 'flags': []}}' visible='건우의 Z Flip6' speech='건우의 Z Flip6' crop='output\talkback_compare_20260421_213141\crops\i_._life._step_26_건우의_Z_Flip6.png' timing(move=0.496s ann=3.059s get_focus=0.993s get_focus_fallback_dump=0.000s step_dump=0.000s crop=0.488s total=5.036s) focus_reason='' fallback_used=False fallback_found=False step_dump_used=False step_dump_reason='focus_payload_sufficient' req_id='81f066ff'
[21:34:24] [STOP][eval] step=26 scenario='life_family_care_plugin' terminal=false same_like_count=0 no_progress=false scenario_type='content' is_global_nav=false after_realign=false recent_repeat=false bounded_two_card_loop=false semantic_same_like=false recent_duplicate=false recent_duplicate_distance=0 recent_semantic_duplicate=false recent_semantic_duplicate_distance=0 recent_semantic_unique_count=5 strict_duplicate=false semantic_duplicate=false repeat_class='none' loop_classification='none' hard_no_progress=false soft_no_progress=false no_progress_class='none' overlay_realign_grace_active=false min_step_gate_blocked=false realign_grace_suppressed=false cta_descend_applied=false promoted_from_container=false repeat_stop_hit=false decision='continue' reason='none' traversal_result='PASS_MOVED' final_result='PASS' failure_reason='' stop_explain_version='pr7_explain_v1' stop_explain_input='step:26|move:moved|smart:moved|same:0|fail:0' stop_explain_repeat='recent:false|class:none|strict:false|semantic:false|loop:none|two_card:false' stop_explain_no_progress='hit:false|class:none|hard:false|soft:false' stop_explain_gate='candidate:false|min_block:false|realign_suppress:false|realign_active:false|decision:continue'
[21:34:24] [OVERLAY] blocked no_overlay_policy scenario='life_family_care_plugin' tab='(?i).*life.*' step=26
[21:34:24] [STEP] START tab='(?i).*life.*' step=27
[21:34:30] [ROW] fingerprint='com.samsung.android.plugin.care:id/device_name|건우의 z flip6|건우의 z flip6|747,2027' normalized_fingerprint='com samsung android plugin care id device name|건우의 z flip6|건우의 z flip6' duplicate=false recent_duplicate=false distance=0 recent_semantic_duplicate=true semantic_distance=1 semantic_window_unique=4 noise=false
[21:34:30] [STEP] END tab='(?i).*life.*' step=27 elapsed=5.39s move_result='{'success': True, 'status': 'moved', 'detail': 'moved', 'raw': {'timestamp': 1776774865375, 'reqId': '5e67d515', 'success': True, 'status': 'moved', 'detail': 'moved', 'flags': []}}' visible='건우의 Z Flip6' speech='건우의 Z Flip6' crop='output\talkback_compare_20260421_213141\crops\i_._life._step_27_건우의_Z_Flip6.png' timing(move=0.480s ann=3.878s get_focus=1.027s get_focus_fallback_dump=0.000s step_dump=0.000s crop=0.486s total=5.873s) focus_reason='' fallback_used=False fallback_found=False step_dump_used=False step_dump_reason='focus_payload_sufficient' req_id='19862df8'
[21:34:30] [MISMATCH] step=27 tab='(?i).*life.*' reason='speech_bounds_diverged' speech='건우의 Z Flip6' visible='건우의 Z Flip6' focus_bounds='576,2002,918,2053' source='top_level'
[21:34:30] [STOP][eval] step=27 scenario='life_family_care_plugin' terminal=false same_like_count=1 no_progress=false scenario_type='content' is_global_nav=false after_realign=false recent_repeat=false bounded_two_card_loop=false semantic_same_like=true recent_duplicate=false recent_duplicate_distance=0 recent_semantic_duplicate=true recent_semantic_duplicate_distance=1 recent_semantic_unique_count=4 strict_duplicate=false semantic_duplicate=true repeat_class='semantic_duplicate' loop_classification='benign_repeat' hard_no_progress=false soft_no_progress=false no_progress_class='none' overlay_realign_grace_active=false min_step_gate_blocked=false realign_grace_suppressed=false cta_descend_applied=false promoted_from_container=false repeat_stop_hit=false decision='continue' reason='none' traversal_result='PASS_MOVED' final_result='PASS' failure_reason='' stop_explain_version='pr7_explain_v1' stop_explain_input='step:27|move:moved|smart:moved|same:1|fail:0' stop_explain_repeat='recent:false|class:semantic_duplicate|strict:false|semantic:true|loop:benign_repeat|two_card:false' stop_explain_no_progress='hit:false|class:none|hard:false|soft:false' stop_explain_gate='candidate:false|min_block:false|realign_suppress:false|realign_active:false|decision:continue'
[21:34:30] [RESULT] skipped anchor rows count=1
[21:34:30] [SAVE] writing sheets raw/filtered/summary/result
[21:34:30] [SAVE] filtered rows=28, raw rows=28
[21:34:30] [SAVE] saved excel: output/talkback_compare_20260421_213141.xlsx rows=28 with_images=False
[21:34:30] [OVERLAY] blocked no_overlay_policy scenario='life_family_care_plugin' tab='(?i).*life.*' step=27
[21:34:30] [STEP] START tab='(?i).*life.*' step=28
[21:34:35] [ROW] fingerprint='|activitybutton|activitybutton|200,2406' normalized_fingerprint='|activitybutton|activitybutton' duplicate=false recent_duplicate=false distance=0 recent_semantic_duplicate=false semantic_distance=0 semantic_window_unique=4 noise=false
[21:34:35] [STEP] END tab='(?i).*life.*' step=28 elapsed=4.87s move_result='{'success': True, 'status': 'moved', 'detail': 'moved', 'raw': {'timestamp': 1776774871819, 'reqId': 'd2b4ff3d', 'success': True, 'status': 'moved', 'detail': 'moved', 'flags': []}}' visible='ActivityButton' speech='ActivityButton' crop='output\talkback_compare_20260421_213141\crops\i_._life._step_28_ActivityButton.png' timing(move=0.819s ann=3.076s get_focus=0.976s get_focus_fallback_dump=0.000s step_dump=0.000s crop=0.524s total=5.396s) focus_reason='' fallback_used=False fallback_found=False step_dump_used=False step_dump_reason='focus_payload_sufficient' req_id='de230bba'
[21:34:35] [STOP][eval] step=28 scenario='life_family_care_plugin' terminal=false same_like_count=0 no_progress=false scenario_type='content' is_global_nav=false after_realign=false recent_repeat=false bounded_two_card_loop=false semantic_same_like=false recent_duplicate=false recent_duplicate_distance=0 recent_semantic_duplicate=false recent_semantic_duplicate_distance=0 recent_semantic_unique_count=4 strict_duplicate=false semantic_duplicate=false repeat_class='none' loop_classification='none' hard_no_progress=false soft_no_progress=false no_progress_class='none' overlay_realign_grace_active=false min_step_gate_blocked=false realign_grace_suppressed=false cta_descend_applied=false promoted_from_container=false repeat_stop_hit=false decision='continue' reason='none' traversal_result='PASS_MOVED' final_result='PASS' failure_reason='' stop_explain_version='pr7_explain_v1' stop_explain_input='step:28|move:moved|smart:moved|same:0|fail:0' stop_explain_repeat='recent:false|class:none|strict:false|semantic:false|loop:none|two_card:false' stop_explain_no_progress='hit:false|class:none|hard:false|soft:false' stop_explain_gate='candidate:false|min_block:false|realign_suppress:false|realign_active:false|decision:continue'
[21:34:35] [OVERLAY] blocked no_overlay_policy scenario='life_family_care_plugin' tab='(?i).*life.*' step=28
[21:34:35] [STEP] START tab='(?i).*life.*' step=29
[21:34:41] [ROW] fingerprint='|locationbutton|locationbutton|540,2406' normalized_fingerprint='|locationbutton|locationbutton' duplicate=false recent_duplicate=false distance=0 recent_semantic_duplicate=false semantic_distance=0 semantic_window_unique=5 noise=false
[21:34:41] [STEP] END tab='(?i).*life.*' step=29 elapsed=4.81s move_result='{'success': True, 'status': 'moved', 'detail': 'moved', 'raw': {'timestamp': 1776774877393, 'reqId': '73787066', 'success': True, 'status': 'moved', 'detail': 'moved', 'flags': []}}' visible='LocationButton' speech='LocationButton' crop='output\talkback_compare_20260421_213141\crops\i_._life._step_29_LocationButton.png' timing(move=1.014s ann=2.807s get_focus=0.993s get_focus_fallback_dump=0.000s step_dump=0.000s crop=0.464s total=5.279s) focus_reason='' fallback_used=False fallback_found=False step_dump_used=False step_dump_reason='focus_payload_sufficient' req_id='591fa1ea'
[21:34:41] [STOP][eval] step=29 scenario='life_family_care_plugin' terminal=false same_like_count=0 no_progress=false scenario_type='content' is_global_nav=false after_realign=false recent_repeat=false bounded_two_card_loop=false semantic_same_like=false recent_duplicate=false recent_duplicate_distance=0 recent_semantic_duplicate=false recent_semantic_duplicate_distance=0 recent_semantic_unique_count=5 strict_duplicate=false semantic_duplicate=false repeat_class='none' loop_classification='none' hard_no_progress=false soft_no_progress=false no_progress_class='none' overlay_realign_grace_active=false min_step_gate_blocked=false realign_grace_suppressed=false cta_descend_applied=false promoted_from_container=false repeat_stop_hit=false decision='continue' reason='none' traversal_result='PASS_MOVED' final_result='PASS' failure_reason='' stop_explain_version='pr7_explain_v1' stop_explain_input='step:29|move:moved|smart:moved|same:0|fail:0' stop_explain_repeat='recent:false|class:none|strict:false|semantic:false|loop:none|two_card:false' stop_explain_no_progress='hit:false|class:none|hard:false|soft:false' stop_explain_gate='candidate:false|min_block:false|realign_suppress:false|realign_active:false|decision:continue'
[21:34:41] [OVERLAY] blocked no_overlay_policy scenario='life_family_care_plugin' tab='(?i).*life.*' step=29
[21:34:41] [STEP] START tab='(?i).*life.*' step=30
[21:34:46] [ROW] fingerprint='|locationbutton|locationbutton|540,2406' normalized_fingerprint='|locationbutton|locationbutton' duplicate=true recent_duplicate=true distance=1 recent_semantic_duplicate=true semantic_distance=1 semantic_window_unique=4 noise=false
[21:34:46] [STEP] END tab='(?i).*life.*' step=30 elapsed=5.24s move_result='' visible='LocationButton' speech='LocationButton' crop='output\talkback_compare_20260421_213141\crops\i_._life._step_30_LocationButton.png' timing(move=0.388s ann=3.847s get_focus=1.005s get_focus_fallback_dump=0.000s step_dump=0.000s crop=0.477s total=5.718s) focus_reason='' fallback_used=False fallback_found=False step_dump_used=False step_dump_reason='focus_payload_sufficient' req_id='79e11df3'
[21:34:46] [STOP][eval] step=30 scenario='life_family_care_plugin' terminal=false same_like_count=1 no_progress=true scenario_type='content' is_global_nav=false after_realign=false recent_repeat=false bounded_two_card_loop=false semantic_same_like=true recent_duplicate=true recent_duplicate_distance=1 recent_semantic_duplicate=true recent_semantic_duplicate_distance=1 recent_semantic_unique_count=4 strict_duplicate=true semantic_duplicate=true repeat_class='mixed_repeat' loop_classification='harmful_loop' hard_no_progress=true soft_no_progress=false no_progress_class='hard_no_progress' overlay_realign_grace_active=false min_step_gate_blocked=false realign_grace_suppressed=false cta_descend_applied=false promoted_from_container=false repeat_stop_hit=true decision='stop' reason='repeat_no_progress' traversal_result='FAIL_STUCK' final_result='FAIL' failure_reason='repeat_no_progress' stop_explain_version='pr7_explain_v1' stop_explain_input='step:30|move:failed|smart:failed|same:1|fail:1' stop_explain_repeat='recent:false|class:mixed_repeat|strict:true|semantic:true|loop:harmful_loop|two_card:false' stop_explain_no_progress='hit:true|class:hard_no_progress|hard:true|soft:false' stop_explain_gate='candidate:true|min_block:false|realign_suppress:false|realign_active:false|decision:stop'
[21:34:46] [STEP][move_debug] step=30 attempted=true status='failed' detail='failed' target='none' terminal=false raw='failed'
[21:34:46] [STEP][move_debug] step=29 attempted=true status='moved' detail='moved' target='none' terminal=false raw='moved'
[21:34:46] [STEP][focus_debug] step=30 focus_label='LocationButton' focus_visible='LocationButton' visible_labels='LocationButton' top_visible='LocationButton' body_texts='LocationButton' action_hits='none' rid='none' class='android.widget.LinearLayout'
[21:34:46] [STEP][focus_debug] step=29 focus_label='LocationButton' focus_visible='LocationButton' visible_labels='LocationButton' top_visible='LocationButton' body_texts='LocationButton' action_hits='none' rid='none' class='android.widget.LinearLayout'
[21:34:46] [STOP][debug] curr_visible='LocationButton' prev_visible='LocationButton' curr_speech='LocationButton' prev_speech='LocationButton'
[21:34:46] [STOP][debug] curr_fp='|locationbutton|locationbutton|540,2406' prev_fp='|locationbutton|locationbutton|540,2406' curr_nfp='|locationbutton|locationbutton' prev_nfp='|locationbutton|locationbutton'
[21:34:46] [STOP][eval_debug] step=30 prev_step=29 same_like_count=1 recent_repeat=false strict_duplicate=true semantic_same_like=true semantic_distance=1 recent_duplicate_distance=1 recent_duplicate_semantic_distance=1 bounded_two_card_loop=false no_progress=true hard_no_progress=true terminal=false
[21:34:46] [STOP][compare] prev_step=29 prev_move='moved' curr_step=30 curr_move='failed' same_object=true
[21:34:46] [STOP][cta_promote_state] step=30 scenario='life_family_care_plugin' current_rid='none' promoted_from_container=false
[21:34:46] [RESULT] skipped anchor rows count=1
[21:34:46] [SAVE] writing sheets raw/filtered/summary/result
[21:34:46] [SAVE] filtered rows=31, raw rows=31
[21:34:47] [SAVE] saved excel: output/talkback_compare_20260421_213141.xlsx rows=31 with_images=False
[21:34:47] [OVERLAY] blocked no_overlay_policy scenario='life_family_care_plugin' tab='(?i).*life.*' step=30
[21:34:47] [STOP][triggered] step=30 scenario='life_family_care_plugin' decision='stop' reason='repeat_no_progress'
[21:34:47] [STOP][summary] scenario='life_family_care_plugin' stop_triggered=true stop_step=30 reason='repeat_no_progress'
[21:34:47] [PERF][scenario_summary] scenario=life_family_care_plugin tab=(?i).*life.* total_runtime=184.4 total_steps=31 main_step_count=31 overlay_step_count=0 overlay_count=0 avg_get_focus=1.021 avg_move=0.551 avg_crop=0.488 avg_step_total=5.195 step_total_sample_count=31 avg_get_focus_main=1.021 avg_get_focus_overlay=0.0 fallback_dump_count=0 success_false_top_level_dump_attempt_count=0 success_false_top_level_dump_found_count=0 fallback_dump_rate=0.0 get_focus_strong_skip_count=31 get_focus_strong_skip_rate=100.0 step_dump_used_count=0 save_excel_count=11 realign_attempt_count=0 realign_success_count=0 realign_success_rate=0.0
[21:34:47] [MAIN] skip disabled scenario_id='life_plant_care_plugin' tab='(?i).*life.*'
[21:34:47] [MAIN] skip disabled scenario_id='life_clothing_care_plugin' tab='(?i).*life.*'
[21:34:47] [MAIN] skip disabled scenario_id='life_find_plugin' tab='(?i).*life.*'
[21:34:47] [MAIN] skip disabled scenario_id='life_video_plugin' tab='(?i).*life.*'
[21:34:47] [MAIN] skip disabled scenario_id='life_home_monitor_plugin' tab='(?i).*life.*'
[21:34:47] [MAIN] skip disabled scenario_id='life_music_sync_plugin' tab='(?i).*life.*'
[21:34:47] [RESULT] skipped anchor rows count=1
[21:34:47] [SAVE] writing sheets raw/filtered/summary/result
[21:34:47] [SAVE] filtered rows=31, raw rows=31
[21:34:47] [SAVE] saved excel: output/talkback_compare_20260421_213141.xlsx rows=31 with_images=True
[21:34:47] [MAIN] final save complete
[21:34:47] [PERF][run_summary] total_runtime=185.0 total_scenarios=1 total_steps=31 total_overlay_count=0 avg_get_focus=1.021 avg_move=0.551 fallback_dump_count=0 success_false_top_level_dump_attempt_count=0 success_false_top_level_dump_found_count=0 fallback_dump_rate=0.0 get_focus_strong_skip_rate=100.0 realign_success_rate=0.0 save_excel_count=12
