[01:11:44] [SAVE][temp] override tmp='D:\Python test\talkback-a11y-helper\output\.tmp' temp='D:\Python test\talkback-a11y-helper\output\.tmp' applied=true
[01:11:44] [MAIN] script start (version=1.7.80, log_level=NORMAL)
[01:11:46] [PREFLIGHT] talkback status='enabled'
[01:11:46] [MAIN] output file: output/talkback_compare_20260412_011144.xlsx
[01:11:46] [MAIN] image dir base: output\talkback_compare_20260412_011144
[01:11:46] [CONFIG] runtime config loaded path='config\runtime_config.json'
[01:11:46] [GLOBAL_NAV][guard] forcing stabilization_mode='tab_context' scenario='global_nav_main' requested='anchor_then_context'
[01:11:46] [CONFIG] scenario resolved scenario='global_nav_main' group='main_tabs' max_steps=10 enabled=False
[01:11:46] [CONFIG] applied shared_navigation='default_global_nav'
[01:11:46] [CONFIG] scenario enabled scenario='global_nav_main' source='runtime' enabled=False base_enabled=False
[01:11:46] [CONFIG] scenario resolved scenario='home_main' group='main_tabs' max_steps=5 enabled=False
[01:11:46] [CONFIG] applied shared_navigation='bottom_tab_global_nav'
[01:11:46] [CONFIG] scenario enabled scenario='home_main' source='runtime' enabled=False base_enabled=False
[01:11:46] [CONFIG] scenario resolved scenario='life_food_plugin' group='plugin_screen' max_steps=5 enabled=False
[01:11:46] [CONFIG] applied pre_navigation_ref='enter_food_plugin'
[01:11:46] [CONFIG] scenario enabled scenario='life_food_plugin' source='runtime' enabled=False base_enabled=False
[01:11:46] [CONFIG] scenario resolved scenario='life_air_care_plugin' group='-' max_steps=10 enabled=True
[01:11:46] [CONFIG] scenario enabled scenario='life_air_care_plugin' source='runtime' enabled=True base_enabled=False
[01:11:46] [CONFIG] scenario resolved scenario='life_home_care_plugin' group='-' max_steps=10 enabled=True
[01:11:46] [CONFIG] scenario enabled scenario='life_home_care_plugin' source='runtime' enabled=True base_enabled=False
[01:11:46] [CONFIG] scenario resolved scenario='life_energy_plugin' group='-' max_steps=10 enabled=True
[01:11:46] [CONFIG] scenario enabled scenario='life_energy_plugin' source='runtime' enabled=True base_enabled=False
[01:11:46] [CONFIG] scenario resolved scenario='devices_main' group='main_tabs' max_steps=10 enabled=False
[01:11:46] [CONFIG] applied shared_navigation='bottom_tab_global_nav'
[01:11:46] [CONFIG] applied anchor_ref='home_tab_anchor'
[01:11:46] [CONFIG] scenario enabled scenario='devices_main' source='runtime' enabled=False base_enabled=False
[01:11:46] [CONFIG] scenario resolved scenario='life_main' group='main_tabs' max_steps=30 enabled=False
[01:11:46] [CONFIG] applied shared_navigation='bottom_tab_global_nav'
[01:11:46] [CONFIG] scenario enabled scenario='life_main' source='runtime' enabled=False base_enabled=False
[01:11:46] [CONFIG] scenario resolved scenario='routines_main' group='main_tabs' max_steps=30 enabled=False
[01:11:46] [CONFIG] applied shared_navigation='bottom_tab_global_nav'
[01:11:46] [CONFIG] scenario enabled scenario='routines_main' source='runtime' enabled=False base_enabled=False
[01:11:46] [CONFIG] scenario resolved scenario='menu_main' group='main_tabs' max_steps=30 enabled=False
[01:11:46] [CONFIG] applied shared_navigation='bottom_tab_global_nav'
[01:11:46] [CONFIG] scenario enabled scenario='menu_main' source='runtime' enabled=False base_enabled=False
[01:11:46] [CONFIG] scenario resolved scenario='settings_entry_example' group='plugin_screen' max_steps=40 enabled=False
[01:11:46] [CONFIG] applied anchor_ref='settings_button_anchor'
[01:11:46] [CONFIG] applied pre_navigation_ref='enter_settings'
[01:11:46] [CONFIG] scenario enabled scenario='settings_entry_example' source='runtime' enabled=False base_enabled=False
[01:11:46] [CONFIG] scenario resolved scenario='life_pet_care_example' group='-' max_steps=10 enabled=True
[01:11:46] [CONFIG] scenario enabled scenario='life_pet_care_example' source='runtime' enabled=True base_enabled=False
[01:11:46] [MAIN] skip disabled scenario_id='global_nav_main' tab='(?i).*(home|devices|life|routines|menu).*'
[01:11:46] [MAIN] skip disabled scenario_id='home_main' tab='(?i).*home.*'
[01:11:46] [MAIN] skip disabled scenario_id='life_food_plugin' tab='(?i).*life.*'
[01:11:46] [SCENARIO][stabilization] scenario='life_air_care_plugin' screen_context_mode='new_screen' stabilization_mode='anchor_only'
[01:11:46] [CONTEXT] skipped reason='new_screen_mode' phase='tab_select'
[01:11:46] [TAB][select] fallback_to_legacy=True scenario='life_air_care_plugin'
[01:11:50] [TRACE][open_scenario] scenario='life_air_care_plugin' stabilization_mode='anchor_only' focus_align_attempted=True focus_align_ok=True focus_align_reason='' context_ok=False anchor_matched=False anchor_stable=False
[01:11:52] [SCENARIO][pre_nav][stabilization] phase='before_pre_navigation' attempt=1/2 life_selected=false app_bar_hits=4 visible_card_hits=0 life_root_signature_present=false navigate_up_hits=0 family_care_signature_seen=true final_score=2 ok=false pass_reason='' fail_reason='life_root_not_stable'
[01:11:52] [SCENARIO][pre_nav][stabilization][life_energy_relaxed_gate] phase='before_pre_navigation' attempt=1/2 allow_scrolltouch=true reason='life_plugin_list_likely'
[01:11:52] [SCENARIO][pre_nav] step=1 action=scrolltouch target='(?i)(^smart\s*air\s*care$|^air\s*care$|air\s*care\.|\baircare\b|에어\s*케어)'
[01:11:52] [SCENARIO][pre_nav] before scrolltouch, scroll_to_top invoked cumulative_mode=true
[01:11:55] [SCENARIO][pre_nav] scroll_to_top result={'ok': True, 'reached_top': True, 'attempts': 1, 'reason': 'scroll_failed'}
[01:11:55] [SCENARIO][pre_nav] top_state_verify ok=false reason='top_marker_missing' scenario='life_air_care_plugin'
[01:11:58] [SCENARIO][pre_nav] top_state_verify retry=1/2 ok=false reason='top_marker_missing'
[01:12:02] [SCENARIO][pre_nav] top_state_verify retry=2/2 ok=false reason='top_marker_missing'
[01:12:02] [SCENARIO][pre_nav][scrolltouch][debug] scroll_step=1/5 visible_candidate_count=0 partial_match_count=0 exact_match_count=0 xml_fallback_attempted=false xml_fallback_reason='not_attempted' rejections='filtered_before_candidate:21' visible_top='-' partial_top='-' pre_candidate_top='-' local_search_nodes=21 selected=false selected_reason='no_visible_candidate'
[01:12:02] [SCENARIO][pre_nav][scrolltouch][inspect] scroll_step=1/5 samples='label='우리 집 QR code 우리 집 QR code' rid='com.samsung.android.oneconnect:id/home_button' cls='android.widget.ImageButton' visible=true clickable=true focusable=true effectiveClickable=true matched_text_node='com.samsung.android.oneconnect:id/home_button' promoted_container=false promotion_reason='none' promoted_from='' promoted_to='' stage='label_filter' reason='filtered_before_candidate' | label='우리 집, Change location 우리 집, Change location' rid='com.samsung.android.oneconnect:id/tab_title' cls='android.widget.LinearLayout' visible=true clickable=true focusable=true effectiveClickable=true matched_text_node='com.samsung.android.oneconnect:id/tab_title' promoted_container=false promotion_reason='none' promoted_from='' promoted_to='' stage='label_filter' reason='filtered_before_candidate' | label='Add Add' rid='com.samsung.android.oneconnect:id/add_menu_butto' cls='android.widget.ImageButton' visible=true clickable=true focusable=true effectiveClickable=true matched_text_node='com.samsung.android.oneconnect:id/add_menu_button' promoted_container=false promotion_reason='none' promoted_from='' promoted_to='' stage='label_filter' reason='filtered_before_candidate' | label='More options Mor'
[01:12:03] [CAPTURE][scrolltouch_step] saved path='output\capture_bundles\life_air_care_plugin\20260411_161152\step_01' step=1 visible_candidate_count=0 partial_match_count=0
[01:12:05] [SCENARIO][pre_nav][scrolltouch] visible_candidate_count=0 partial_match_count=0 scroll_step=1/5 action='scroll_forward_and_retry_local_search' scroll_performed=true settle_wait_ms=250 cumulative_mode=true
[01:12:06] [SCENARIO][pre_nav][scrolltouch][debug] scroll_step=2/5 visible_candidate_count=0 partial_match_count=0 exact_match_count=0 xml_fallback_attempted=false xml_fallback_reason='not_attempted' rejections='filtered_before_candidate:13' visible_top='-' partial_top='-' pre_candidate_top='-' local_search_nodes=13 selected=false selected_reason='no_visible_candidate'
[01:12:06] [SCENARIO][pre_nav][scrolltouch][inspect] scroll_step=2/5 samples='label='우리 집 QR code 우리 집 QR code' rid='com.samsung.android.oneconnect:id/home_button' cls='android.widget.ImageButton' visible=true clickable=true focusable=true effectiveClickable=true matched_text_node='com.samsung.android.oneconnect:id/home_button' promoted_container=false promotion_reason='none' promoted_from='' promoted_to='' stage='label_filter' reason='filtered_before_candidate' | label='우리 집, Change location 우리 집, Change location' rid='com.samsung.android.oneconnect:id/tab_title' cls='android.widget.LinearLayout' visible=true clickable=true focusable=true effectiveClickable=true matched_text_node='com.samsung.android.oneconnect:id/tab_title' promoted_container=false promotion_reason='none' promoted_from='' promoted_to='' stage='label_filter' reason='filtered_before_candidate' | label='Add Add' rid='com.samsung.android.oneconnect:id/add_menu_butto' cls='android.widget.ImageButton' visible=true clickable=true focusable=true effectiveClickable=true matched_text_node='com.samsung.android.oneconnect:id/add_menu_button' promoted_container=false promotion_reason='none' promoted_from='' promoted_to='' stage='label_filter' reason='filtered_before_candidate' | label='More options Mor'
[01:12:08] [CAPTURE][scrolltouch_step] saved path='output\capture_bundles\life_air_care_plugin\20260411_161152\step_02' step=2 visible_candidate_count=0 partial_match_count=0
[01:12:10] [SCENARIO][pre_nav][scrolltouch] visible_candidate_count=0 partial_match_count=0 scroll_step=2/5 action='scroll_forward_and_retry_local_search' scroll_performed=true settle_wait_ms=250 cumulative_mode=true
[01:12:14] [SCENARIO][pre_nav][scrolltouch][debug] scroll_step=3/5 visible_candidate_count=1 partial_match_count=1 exact_match_count=0 xml_fallback_attempted=true xml_fallback_reason='ok' rejections='filtered_before_candidate:11' visible_top='label='Monitor air quality and air comfort in each room of your hom' rid='com.samsung.android.oneconnect:id/frameL' cls='android.widget.FrameLayout' bounds='42,1752,1038,2316'' partial_top='label='Monitor air quality and air comfort in each room of your hom' rid='com.samsung.android.oneconnect:id/frameL' cls='android.widget.FrameLayout' bounds='42,1752,1038,2316'' pre_candidate_top='-' local_search_nodes=12 selected=true selected_reason='candidate_count=1'
[01:12:14] [SCENARIO][pre_nav][scrolltouch][inspect] scroll_step=3/5 samples='label='우리 집 QR code 우리 집 QR code' rid='com.samsung.android.oneconnect:id/home_button' cls='android.widget.ImageButton' visible=true clickable=true focusable=true effectiveClickable=true matched_text_node='com.samsung.android.oneconnect:id/home_button' promoted_container=false promotion_reason='none' promoted_from='' promoted_to='' stage='label_filter' reason='filtered_before_candidate' | label='우리 집, Change location 우리 집, Change location' rid='com.samsung.android.oneconnect:id/tab_title' cls='android.widget.LinearLayout' visible=true clickable=true focusable=true effectiveClickable=true matched_text_node='com.samsung.android.oneconnect:id/tab_title' promoted_container=false promotion_reason='none' promoted_from='' promoted_to='' stage='label_filter' reason='filtered_before_candidate' | label='Add Add' rid='com.samsung.android.oneconnect:id/add_menu_butto' cls='android.widget.ImageButton' visible=true clickable=true focusable=true effectiveClickable=true matched_text_node='com.samsung.android.oneconnect:id/add_menu_button' promoted_container=false promotion_reason='none' promoted_from='' promoted_to='' stage='label_filter' reason='filtered_before_candidate' | label='More options Mor'
[01:12:15] [CAPTURE][scrolltouch_step] saved path='output\capture_bundles\life_air_care_plugin\20260411_161152\step_03' step=3 visible_candidate_count=1 partial_match_count=1
[01:12:15] [SCENARIO][pre_nav][scrolltouch] candidate_select reason='candidate_count=1' class='android.widget.FrameLayout' resource='com.samsung.android.oneconnect:id/frameLayout' bounds='42,1752,1038,2316' visible=true label='' promoted_container=true promotion_attempted=true promotion_source='xml_live' matched_text_node='com.samsung.android.oneconnect:id/tvHeaderTitle' promotion_reason='xml_live_containment_container' promotion_candidate_count=8 promotion_debug_summary='helper:no_candidate;xml_live:candidate_count=8' promoted_from='com.samsung.android.oneconnect:id/tvHeaderTitle' promoted_to='com.samsung.android.oneconnect:id/frameLayout' selected_area=561744 text_area=161424 area_ratio=3.480 ancestor_distance=-1 tap_point='540,2034' tap_strategy='center' rank_summary_top3='com.samsung.android.oneconnect:id/containerHeaderLayout:xml_live_containment_container:ov=1000:ar=1.18:sp=3:ad=-1 | android.widget.RelativeLayout:xml_live_containment_container:ov=1000:ar=1.18:sp=-1:ad=-1 | com.samsung.a' scroll_step=3/5 cumulative_mode=true
[01:12:16] [SCENARIO][pre_nav][scrolltouch] candidate_select reason='no_local_match' fallback='helper_scrollTouch' reason_detail='local_search_exhausted' cumulative_mode=true
[01:12:27] [SCENARIO][pre_nav][scrolltouch] post_click_transition same_screen=false signal='air_care_verify'
[01:12:27] [SCENARIO][pre_nav] success step=1 reason='ACTION_CLICK success'
[01:12:28] [SCENARIO][pre_nav] success
[01:12:32] [CONTEXT] skipped reason='anchor_only_mode'
[01:12:32] [CONTEXT] skipped reason='anchor_only_mode'
[01:12:32] [CONTEXT] scenario='life_air_care_plugin' type='skipped' expected='' actual='' ok=True
[01:12:32] [CONTEXT] verification passed scenario='life_air_care_plugin'
[01:12:32] [ANCHOR][scenario_start] success scenario='life_air_care_plugin' selected=True matched=True stable=True context_ok=True reason='selected_and_verified'
[01:12:32] [TRACE][open_scenario] scenario='life_air_care_plugin' stabilization_mode='anchor_only' focus_align_attempted=True focus_align_ok=True focus_align_reason='' context_ok=False anchor_matched=False anchor_stable=True
[01:12:33] [SCENARIO][entry_contract] success scenario='life_air_care_plugin' entry_type='card' reason='success_verified' detail='plugin_open_verified'
[01:12:34] [TRACE][post_open_focus] scenario='life_air_care_plugin' view_id='back' label='Navigate up' speech='Navigate up' bounds='{'l': 72, 't': 118, 'r': 144, 'b': 310, 'left': 72, 'top': 118, 'right': 144, 'bottom': 310}' source='top_level' top_level=True
[01:12:38] [TRACE][anchor_row] scenario='life_air_care_plugin' step=0 view_id='back' visible='Navigate up' speech='Navigate up' normalized_visible='navigate up' is_global_nav=False
[01:12:39] [ROW] fingerprint='back|navigate up|navigate up|108,214' normalized_fingerprint='back|navigate up|navigate up' duplicate=false recent_duplicate=false distance=0 recent_semantic_duplicate=false semantic_distance=0 semantic_window_unique=1 noise=false
[01:12:39] [RESULT] skipped anchor rows count=1
[01:12:39] [SAVE] writing sheets raw/filtered/summary/result
[01:12:39] [SAVE] filtered rows=1, raw rows=1
[01:12:39] [SAVE] saved excel: output/talkback_compare_20260412_011144.xlsx rows=1 with_images=False
[01:12:39] [STEP] START tab='(?i).*life.*' step=1
[01:12:44] [ROW] fingerprint='|air care|air care|552,214' normalized_fingerprint='|air care|air care' duplicate=false recent_duplicate=false distance=0 recent_semantic_duplicate=false semantic_distance=0 semantic_window_unique=2 noise=false
[01:12:44] [STEP] END tab='(?i).*life.*' step=1 elapsed=4.68s move_result='{'success': True, 'status': 'moved', 'detail': 'moved', 'raw': {'timestamp': 1775923961248, 'reqId': 'a51d787e', 'success': True, 'status': 'moved', 'detail': 'moved', 'flags': []}}' visible='Air Care' speech='Air Care' crop='output\talkback_compare_20260412_011144\crops\i_._life._step_1_Air_Care.png' timing(move=0.529s ann=3.078s get_focus=1.075s get_focus_fallback_dump=0.000s step_dump=0.000s crop=0.480s total=5.163s) focus_reason='' fallback_used=False fallback_found=False step_dump_used=False step_dump_reason='focus_payload_sufficient' req_id='38644cf0'
[01:12:44] [STOP][eval] step=1 scenario='life_air_care_plugin' terminal=false same_like_count=0 no_progress=false scenario_type='content' is_global_nav=false after_realign=false recent_repeat=false bounded_two_card_loop=false semantic_same_like=false recent_duplicate=false recent_duplicate_distance=0 recent_semantic_duplicate=false recent_semantic_duplicate_distance=0 recent_semantic_unique_count=2 strict_duplicate=false semantic_duplicate=false repeat_class='none' loop_classification='none' hard_no_progress=false soft_no_progress=false no_progress_class='none' overlay_realign_grace_active=false min_step_gate_blocked=false realign_grace_suppressed=false repeat_stop_hit=false decision='continue' reason='none' stop_explain_version='pr7_explain_v1' stop_explain_input='step:1|move:{'success': true, 'status': 'moved', 'detail': 'moved', 'raw': {'timestamp': 1775923961248, 'reqid': 'a51d787e', 'success': true, 'status': 'moved', 'detail': 'moved', 'flags': []}}|smart:moved|same:0|fail:0' stop_explain_repeat='recent:false|class:none|strict:false|semantic:false|loop:none|two_card:false' stop_explain_no_progress='hit:false|class:none|hard:false|soft:false' stop_explain_gate='candidate:false|min_block:false|realign_suppress:false|realign_active:false|decision:continue'
[01:12:44] [STEP] START tab='(?i).*life.*' step=2
[01:12:49] [ROW] fingerprint='more|more options|more options|972,214' normalized_fingerprint='more|more options|more options' duplicate=false recent_duplicate=false distance=0 recent_semantic_duplicate=false semantic_distance=0 semantic_window_unique=3 noise=false
[01:12:49] [STEP] END tab='(?i).*life.*' step=2 elapsed=4.61s move_result='{'success': True, 'status': 'moved', 'detail': 'moved', 'raw': {'timestamp': 1775923966360, 'reqId': '27627ee1', 'success': True, 'status': 'moved', 'detail': 'moved', 'flags': []}}' visible='More options' speech='More options' crop='output\talkback_compare_20260412_011144\crops\i_._life._step_2_More_options.png' timing(move=0.510s ann=3.099s get_focus=1.004s get_focus_fallback_dump=0.000s step_dump=0.000s crop=0.469s total=5.082s) focus_reason='' fallback_used=False fallback_found=False step_dump_used=False step_dump_reason='focus_payload_sufficient' req_id='8c5346d7'
[01:12:49] [STOP][eval] step=2 scenario='life_air_care_plugin' terminal=false same_like_count=0 no_progress=false scenario_type='content' is_global_nav=false after_realign=false recent_repeat=false bounded_two_card_loop=false semantic_same_like=false recent_duplicate=false recent_duplicate_distance=0 recent_semantic_duplicate=false recent_semantic_duplicate_distance=0 recent_semantic_unique_count=3 strict_duplicate=false semantic_duplicate=false repeat_class='none' loop_classification='none' hard_no_progress=false soft_no_progress=false no_progress_class='none' overlay_realign_grace_active=false min_step_gate_blocked=false realign_grace_suppressed=false repeat_stop_hit=false decision='continue' reason='none' stop_explain_version='pr7_explain_v1' stop_explain_input='step:2|move:{'success': true, 'status': 'moved', 'detail': 'moved', 'raw': {'timestamp': 1775923966360, 'reqid': '27627ee1', 'success': true, 'status': 'moved', 'detail': 'moved', 'flags': []}}|smart:moved|same:0|fail:0' stop_explain_repeat='recent:false|class:none|strict:false|semantic:false|loop:none|two_card:false' stop_explain_no_progress='hit:false|class:none|hard:false|soft:false' stop_explain_gate='candidate:false|min_block:false|realign_suppress:false|realign_active:false|decision:continue'
[01:12:49] [OVERLAY] candidate matched scenario='life_air_care_plugin' tab='(?i).*life.*' step=2 view_id='more' label='More options' reason='matched_scenario_policy'
[01:13:00] [OVERLAY] post_click classification='overlay' scenario='life_air_care_plugin' tab='(?i).*life.*' entry_view_id='more' entry_label='More options' post_view_id='addToHomescreen' post_label='Add to Home screen'
[01:13:13] [RESULT] skipped anchor rows count=1
[01:13:13] [SAVE] writing sheets raw/filtered/summary/result
[01:13:13] [SAVE] filtered rows=6, raw rows=6
[01:13:13] [SAVE] saved excel: output/talkback_compare_20260412_011144.xlsx rows=6 with_images=False
[01:13:17] [OVERLAY][repeat] same_focus_detected=true step=4 view_id='info' bounds='462,556,1053,706' normalized_visible_label='information' move_result=''
[01:13:17] [OVERLAY][break] reason='same_overlay_fingerprint' step=4
[01:13:17] [RESULT] skipped anchor rows count=1
[01:13:17] [SAVE] writing sheets raw/filtered/summary/result
[01:13:17] [SAVE] filtered rows=6, raw rows=6
[01:13:17] [SAVE] saved excel: output/talkback_compare_20260412_011144.xlsx rows=6 with_images=False
[01:13:20] [RESULT] skipped anchor rows count=1
[01:13:20] [SAVE] writing sheets raw/filtered/summary/result
[01:13:20] [SAVE] filtered rows=6, raw rows=6
[01:13:20] [SAVE] saved excel: output/talkback_compare_20260412_011144.xlsx rows=6 with_images=False
[01:13:23] [OVERLAY] realign status='realign_entry_reached' entry_reached=True steps_taken=2 match_by='view_id'
[01:13:29] [CONTEXT] skipped reason='anchor_only_mode'
[01:13:29] [CONTEXT] skipped reason='anchor_only_mode'
[01:13:29] [CONTEXT] scenario='life_air_care_plugin' type='skipped' expected='' actual='' ok=True
[01:13:29] [CONTEXT] verification passed scenario='life_air_care_plugin'
[01:13:29] [ANCHOR][overlay_realign] success scenario='life_air_care_plugin' selected=True matched=True stable=True context_ok=True reason='selected_and_verified'
[01:13:29] [ANCHOR][overlay_realign] success scenario='life_air_care_plugin' reason='overlay_realign_verified'
[01:13:29] [STEP] START tab='(?i).*life.*' step=3
[01:13:34] [ROW] fingerprint='|air care|air care|552,214' normalized_fingerprint='|air care|air care' duplicate=false recent_duplicate=true distance=2 recent_semantic_duplicate=true semantic_distance=2 semantic_window_unique=3 noise=false
[01:13:34] [STEP] END tab='(?i).*life.*' step=3 elapsed=4.53s move_result='{'success': True, 'status': 'moved', 'detail': 'moved', 'raw': {'timestamp': 1775924010980, 'reqId': 'a6bf3b1b', 'success': True, 'status': 'moved', 'detail': 'moved', 'flags': []}}' visible='Air Care' speech='Air Care' crop='output\talkback_compare_20260412_011144\crops\i_._life._step_3_Air_Care.png' timing(move=0.483s ann=3.038s get_focus=1.012s get_focus_fallback_dump=0.000s step_dump=0.000s crop=0.490s total=5.024s) focus_reason='' fallback_used=False fallback_found=False step_dump_used=False step_dump_reason='focus_payload_sufficient' req_id='331d058a'
[01:13:34] [STOP][eval] step=3 scenario='life_air_care_plugin' terminal=false same_like_count=0 no_progress=false scenario_type='content' is_global_nav=false after_realign=true recent_repeat=false bounded_two_card_loop=false semantic_same_like=false recent_duplicate=true recent_duplicate_distance=2 recent_semantic_duplicate=true recent_semantic_duplicate_distance=2 recent_semantic_unique_count=3 strict_duplicate=false semantic_duplicate=false repeat_class='none' loop_classification='none' hard_no_progress=false soft_no_progress=false no_progress_class='none' overlay_realign_grace_active=false min_step_gate_blocked=false realign_grace_suppressed=false repeat_stop_hit=false decision='continue' reason='none' stop_explain_version='pr7_explain_v1' stop_explain_input='step:3|move:{'success': true, 'status': 'moved', 'detail': 'moved', 'raw': {'timestamp': 1775924010980, 'reqid': 'a6bf3b1b', 'success': true, 'status': 'moved', 'detail': 'moved', 'flags': []}}|smart:moved|same:0|fail:0' stop_explain_repeat='recent:false|class:none|strict:false|semantic:false|loop:none|two_card:false' stop_explain_no_progress='hit:false|class:none|hard:false|soft:false' stop_explain_gate='candidate:false|min_block:false|realign_suppress:false|realign_active:false|decision:continue'
[01:13:34] [RESULT] skipped anchor rows count=1
[01:13:34] [SAVE] writing sheets raw/filtered/summary/result
[01:13:34] [SAVE] filtered rows=6, raw rows=7
[01:13:34] [SAVE] saved excel: output/talkback_compare_20260412_011144.xlsx rows=7 with_images=False
[01:13:34] [STEP] START tab='(?i).*life.*' step=4
[01:13:39] [ROW] fingerprint='more|more options|more options|972,214' normalized_fingerprint='more|more options|more options' duplicate=false recent_duplicate=true distance=2 recent_semantic_duplicate=true semantic_distance=2 semantic_window_unique=3 noise=false
[01:13:39] [STEP] END tab='(?i).*life.*' step=4 elapsed=4.65s move_result='{'success': True, 'status': 'moved', 'detail': 'moved', 'raw': {'timestamp': 1775924016138, 'reqId': '312a3816', 'success': True, 'status': 'moved', 'detail': 'moved', 'flags': []}}' visible='More options' speech='More options' crop='output\talkback_compare_20260412_011144\crops\i_._life._step_4_More_options.png' timing(move=0.514s ann=3.111s get_focus=1.020s get_focus_fallback_dump=0.000s step_dump=0.000s crop=0.482s total=5.128s) focus_reason='' fallback_used=False fallback_found=False step_dump_used=False step_dump_reason='focus_payload_sufficient' req_id='271863d3'
[01:13:39] [STOP][eval] step=4 scenario='life_air_care_plugin' terminal=false same_like_count=0 no_progress=false scenario_type='content' is_global_nav=false after_realign=false recent_repeat=false bounded_two_card_loop=false semantic_same_like=false recent_duplicate=true recent_duplicate_distance=2 recent_semantic_duplicate=true recent_semantic_duplicate_distance=2 recent_semantic_unique_count=3 strict_duplicate=false semantic_duplicate=false repeat_class='none' loop_classification='none' hard_no_progress=false soft_no_progress=false no_progress_class='none' overlay_realign_grace_active=false min_step_gate_blocked=false realign_grace_suppressed=false repeat_stop_hit=false decision='continue' reason='none' stop_explain_version='pr7_explain_v1' stop_explain_input='step:4|move:{'success': true, 'status': 'moved', 'detail': 'moved', 'raw': {'timestamp': 1775924016138, 'reqid': '312a3816', 'success': true, 'status': 'moved', 'detail': 'moved', 'flags': []}}|smart:moved|same:0|fail:0' stop_explain_repeat='recent:false|class:none|strict:false|semantic:false|loop:none|two_card:false' stop_explain_no_progress='hit:false|class:none|hard:false|soft:false' stop_explain_gate='candidate:false|min_block:false|realign_suppress:false|realign_active:false|decision:continue'
[01:13:39] [OVERLAY] skip already expanded entry fingerprint='(?i).*life.*|more|more options'
[01:13:39] [STEP] START tab='(?i).*life.*' step=5
[01:13:44] [ROW] fingerprint='|set geolocation to monitor outdoor air quality|set geolocation to monitor outdoor air quality|516,418' normalized_fingerprint='|set geolocation to monitor outdoor air quality|set geolocation to monitor outdoor air quality' duplicate=false recent_duplicate=false distance=0 recent_semantic_duplicate=false semantic_distance=0 semantic_window_unique=4 noise=false
[01:13:44] [STEP] END tab='(?i).*life.*' step=5 elapsed=4.56s move_result='{'success': True, 'status': 'moved', 'detail': 'moved', 'raw': {'timestamp': 1775924021238, 'reqId': '5c67e2cd', 'success': True, 'status': 'moved', 'detail': 'moved', 'flags': []}}' visible='Set geolocation to monitor outdoor air quality' speech='Set geolocation to monitor outdoor air quality' crop='output\talkback_compare_20260412_011144\crops\i_._life._step_5_Set_geolocation_to_monitor_outdoor_air_q.png' timing(move=0.480s ann=3.055s get_focus=1.026s get_focus_fallback_dump=0.000s step_dump=0.000s crop=0.511s total=5.072s) focus_reason='' fallback_used=False fallback_found=False step_dump_used=False step_dump_reason='focus_payload_sufficient' req_id='9c0cfbd3'
[01:13:44] [STOP][eval] step=5 scenario='life_air_care_plugin' terminal=false same_like_count=0 no_progress=false scenario_type='content' is_global_nav=false after_realign=false recent_repeat=false bounded_two_card_loop=false semantic_same_like=false recent_duplicate=false recent_duplicate_distance=0 recent_semantic_duplicate=false recent_semantic_duplicate_distance=0 recent_semantic_unique_count=4 strict_duplicate=false semantic_duplicate=false repeat_class='none' loop_classification='none' hard_no_progress=false soft_no_progress=false no_progress_class='none' overlay_realign_grace_active=false min_step_gate_blocked=false realign_grace_suppressed=false repeat_stop_hit=false decision='continue' reason='none' stop_explain_version='pr7_explain_v1' stop_explain_input='step:5|move:{'success': true, 'status': 'moved', 'detail': 'moved', 'raw': {'timestamp': 1775924021238, 'reqid': '5c67e2cd', 'success': true, 'status': 'moved', 'detail': 'moved', 'flags': []}}|smart:moved|same:0|fail:0' stop_explain_repeat='recent:false|class:none|strict:false|semantic:false|loop:none|two_card:false' stop_explain_no_progress='hit:false|class:none|hard:false|soft:false' stop_explain_gate='candidate:false|min_block:false|realign_suppress:false|realign_active:false|decision:continue'
[01:13:44] [STEP] START tab='(?i).*life.*' step=6
[01:13:49] [ROW] fingerprint='dismiss|dismiss|dismiss|457,520' normalized_fingerprint='dismiss|dismiss|dismiss' duplicate=false recent_duplicate=false distance=0 recent_semantic_duplicate=false semantic_distance=0 semantic_window_unique=4 noise=false
[01:13:49] [STEP] END tab='(?i).*life.*' step=6 elapsed=4.55s move_result='{'success': True, 'status': 'moved', 'detail': 'moved', 'raw': {'timestamp': 1775924026314, 'reqId': 'd50aba91', 'success': True, 'status': 'moved', 'detail': 'moved', 'flags': []}}' visible='Dismiss' speech='Dismiss' crop='output\talkback_compare_20260412_011144\crops\i_._life._step_6_Dismiss.png' timing(move=0.478s ann=3.052s get_focus=1.024s get_focus_fallback_dump=0.000s step_dump=0.000s crop=0.491s total=5.045s) focus_reason='' fallback_used=False fallback_found=False step_dump_used=False step_dump_reason='focus_payload_sufficient' req_id='3c7d51e7'
[01:13:49] [STOP][eval] step=6 scenario='life_air_care_plugin' terminal=false same_like_count=0 no_progress=false scenario_type='content' is_global_nav=false after_realign=false recent_repeat=false bounded_two_card_loop=false semantic_same_like=false recent_duplicate=false recent_duplicate_distance=0 recent_semantic_duplicate=false recent_semantic_duplicate_distance=0 recent_semantic_unique_count=4 strict_duplicate=false semantic_duplicate=false repeat_class='none' loop_classification='none' hard_no_progress=false soft_no_progress=false no_progress_class='none' overlay_realign_grace_active=false min_step_gate_blocked=false realign_grace_suppressed=false repeat_stop_hit=false decision='continue' reason='none' stop_explain_version='pr7_explain_v1' stop_explain_input='step:6|move:{'success': true, 'status': 'moved', 'detail': 'moved', 'raw': {'timestamp': 1775924026314, 'reqid': 'd50aba91', 'success': true, 'status': 'moved', 'detail': 'moved', 'flags': []}}|smart:moved|same:0|fail:0' stop_explain_repeat='recent:false|class:none|strict:false|semantic:false|loop:none|two_card:false' stop_explain_no_progress='hit:false|class:none|hard:false|soft:false' stop_explain_gate='candidate:false|min_block:false|realign_suppress:false|realign_active:false|decision:continue'
[01:13:49] [RESULT] skipped anchor rows count=1
[01:13:49] [SAVE] writing sheets raw/filtered/summary/result
[01:13:49] [SAVE] filtered rows=8, raw rows=10
[01:13:49] [SAVE] saved excel: output/talkback_compare_20260412_011144.xlsx rows=10 with_images=False
[01:13:49] [STEP] START tab='(?i).*life.*' step=7
[01:13:54] [ROW] fingerprint='set_geo|set geolocation|set geolocation|808,520' normalized_fingerprint='set geo|set geolocation|set geolocation' duplicate=false recent_duplicate=false distance=0 recent_semantic_duplicate=false semantic_distance=0 semantic_window_unique=5 noise=false
[01:13:54] [STEP] END tab='(?i).*life.*' step=7 elapsed=4.55s move_result='{'success': True, 'status': 'moved', 'detail': 'moved', 'raw': {'timestamp': 1775924031468, 'reqId': 'edbb1142', 'success': True, 'status': 'moved', 'detail': 'moved', 'flags': []}}' visible='Set geolocation' speech='Set geolocation' crop='output\talkback_compare_20260412_011144\crops\i_._life._step_7_Set_geolocation.png' timing(move=0.472s ann=3.045s get_focus=1.031s get_focus_fallback_dump=0.000s step_dump=0.000s crop=0.477s total=5.027s) focus_reason='' fallback_used=False fallback_found=False step_dump_used=False step_dump_reason='focus_payload_sufficient' req_id='10cbf868'
[01:13:54] [STOP][eval] step=7 scenario='life_air_care_plugin' terminal=false same_like_count=0 no_progress=false scenario_type='content' is_global_nav=false after_realign=false recent_repeat=false bounded_two_card_loop=false semantic_same_like=false recent_duplicate=false recent_duplicate_distance=0 recent_semantic_duplicate=false recent_semantic_duplicate_distance=0 recent_semantic_unique_count=5 strict_duplicate=false semantic_duplicate=false repeat_class='none' loop_classification='none' hard_no_progress=false soft_no_progress=false no_progress_class='none' overlay_realign_grace_active=false min_step_gate_blocked=false realign_grace_suppressed=false repeat_stop_hit=false decision='continue' reason='none' stop_explain_version='pr7_explain_v1' stop_explain_input='step:7|move:{'success': true, 'status': 'moved', 'detail': 'moved', 'raw': {'timestamp': 1775924031468, 'reqid': 'edbb1142', 'success': true, 'status': 'moved', 'detail': 'moved', 'flags': []}}|smart:moved|same:0|fail:0' stop_explain_repeat='recent:false|class:none|strict:false|semantic:false|loop:none|two_card:false' stop_explain_no_progress='hit:false|class:none|hard:false|soft:false' stop_explain_gate='candidate:false|min_block:false|realign_suppress:false|realign_active:false|decision:continue'
[01:13:54] [STEP] START tab='(?i).*life.*' step=8
[01:13:59] [ROW] fingerprint='|outdoor air quality (fine dust)|outdoor air quality (fine dust)|486,724' normalized_fingerprint='|outdoor air quality fine dust|outdoor air quality fine dust' duplicate=false recent_duplicate=false distance=0 recent_semantic_duplicate=false semantic_distance=0 semantic_window_unique=6 noise=false
[01:13:59] [STEP] END tab='(?i).*life.*' step=8 elapsed=4.59s move_result='{'success': True, 'status': 'moved', 'detail': 'moved', 'raw': {'timestamp': 1775924036543, 'reqId': '85468c16', 'success': True, 'status': 'moved', 'detail': 'moved', 'flags': []}}' visible='Outdoor air quality (fine dust)' speech='Outdoor air quality (fine dust)' crop='output\talkback_compare_20260412_011144\crops\i_._life._step_8_Outdoor_air_quality__fine_dust.png' timing(move=0.518s ann=3.048s get_focus=1.024s get_focus_fallback_dump=0.000s step_dump=0.000s crop=0.506s total=5.096s) focus_reason='' fallback_used=False fallback_found=False step_dump_used=False step_dump_reason='focus_payload_sufficient' req_id='31702c45'
[01:13:59] [STOP][eval] step=8 scenario='life_air_care_plugin' terminal=false same_like_count=0 no_progress=false scenario_type='content' is_global_nav=false after_realign=false recent_repeat=false bounded_two_card_loop=false semantic_same_like=false recent_duplicate=false recent_duplicate_distance=0 recent_semantic_duplicate=false recent_semantic_duplicate_distance=0 recent_semantic_unique_count=6 strict_duplicate=false semantic_duplicate=false repeat_class='none' loop_classification='none' hard_no_progress=false soft_no_progress=false no_progress_class='none' overlay_realign_grace_active=false min_step_gate_blocked=false realign_grace_suppressed=false repeat_stop_hit=false decision='continue' reason='none' stop_explain_version='pr7_explain_v1' stop_explain_input='step:8|move:{'success': true, 'status': 'moved', 'detail': 'moved', 'raw': {'timestamp': 1775924036543, 'reqid': '85468c16', 'success': true, 'status': 'moved', 'detail': 'moved', 'flags': []}}|smart:moved|same:0|fail:0' stop_explain_repeat='recent:false|class:none|strict:false|semantic:false|loop:none|two_card:false' stop_explain_no_progress='hit:false|class:none|hard:false|soft:false' stop_explain_gate='candidate:false|min_block:false|realign_suppress:false|realign_active:false|decision:continue'
[01:13:59] [STEP] START tab='(?i).*life.*' step=9
[01:14:04] [ROW] fingerprint='|information|information|966,724' normalized_fingerprint='|information|information' duplicate=false recent_duplicate=false distance=0 recent_semantic_duplicate=false semantic_distance=0 semantic_window_unique=6 noise=false
[01:14:04] [STEP] END tab='(?i).*life.*' step=9 elapsed=4.61s move_result='{'success': True, 'status': 'moved', 'detail': 'moved', 'raw': {'timestamp': 1775924041612, 'reqId': '3616e526', 'success': True, 'status': 'moved', 'detail': 'moved', 'flags': []}}' visible='Information' speech='Information' crop='output\talkback_compare_20260412_011144\crops\i_._life._step_9_Information.png' timing(move=0.477s ann=3.078s get_focus=1.054s get_focus_fallback_dump=0.000s step_dump=0.000s crop=0.519s total=5.128s) focus_reason='' fallback_used=False fallback_found=False step_dump_used=False step_dump_reason='focus_payload_sufficient' req_id='3639a7b6'
[01:14:04] [STOP][eval] step=9 scenario='life_air_care_plugin' terminal=false same_like_count=0 no_progress=false scenario_type='content' is_global_nav=false after_realign=false recent_repeat=false bounded_two_card_loop=false semantic_same_like=false recent_duplicate=false recent_duplicate_distance=0 recent_semantic_duplicate=false recent_semantic_duplicate_distance=0 recent_semantic_unique_count=6 strict_duplicate=false semantic_duplicate=false repeat_class='none' loop_classification='none' hard_no_progress=false soft_no_progress=false no_progress_class='none' overlay_realign_grace_active=false min_step_gate_blocked=false realign_grace_suppressed=false repeat_stop_hit=false decision='continue' reason='none' stop_explain_version='pr7_explain_v1' stop_explain_input='step:9|move:{'success': true, 'status': 'moved', 'detail': 'moved', 'raw': {'timestamp': 1775924041612, 'reqid': '3616e526', 'success': true, 'status': 'moved', 'detail': 'moved', 'flags': []}}|smart:moved|same:0|fail:0' stop_explain_repeat='recent:false|class:none|strict:false|semantic:false|loop:none|two_card:false' stop_explain_no_progress='hit:false|class:none|hard:false|soft:false' stop_explain_gate='candidate:false|min_block:false|realign_suppress:false|realign_active:false|decision:continue'
[01:14:04] [RESULT] skipped anchor rows count=1
[01:14:05] [SAVE] writing sheets raw/filtered/summary/result
[01:14:05] [SAVE] filtered rows=11, raw rows=13
[01:14:05] [SAVE] saved excel: output/talkback_compare_20260412_011144.xlsx rows=13 with_images=False
[01:14:05] [STEP] START tab='(?i).*life.*' step=10
[01:14:10] [ROW] fingerprint='|previous time|previous time|120,871' normalized_fingerprint='|previous time|previous time' duplicate=false recent_duplicate=false distance=0 recent_semantic_duplicate=false semantic_distance=0 semantic_window_unique=6 noise=false
[01:14:10] [STEP] END tab='(?i).*life.*' step=10 elapsed=4.56s move_result='{'success': True, 'status': 'moved', 'detail': 'moved', 'raw': {'timestamp': 1775924046870, 'reqId': '6deb983a', 'success': True, 'status': 'moved', 'detail': 'moved', 'flags': []}}' visible='Previous time' speech='Previous time' crop='output\talkback_compare_20260412_011144\crops\i_._life._step_10_Previous_time.png' timing(move=0.486s ann=3.071s get_focus=1.001s get_focus_fallback_dump=0.000s step_dump=0.000s crop=0.484s total=5.043s) focus_reason='' fallback_used=False fallback_found=False step_dump_used=False step_dump_reason='focus_payload_sufficient' req_id='cc4fe12a'
[01:14:10] [STOP][eval] step=10 scenario='life_air_care_plugin' terminal=false same_like_count=0 no_progress=false scenario_type='content' is_global_nav=false after_realign=false recent_repeat=false bounded_two_card_loop=false semantic_same_like=false recent_duplicate=false recent_duplicate_distance=0 recent_semantic_duplicate=false recent_semantic_duplicate_distance=0 recent_semantic_unique_count=6 strict_duplicate=false semantic_duplicate=false repeat_class='none' loop_classification='none' hard_no_progress=false soft_no_progress=false no_progress_class='none' overlay_realign_grace_active=false min_step_gate_blocked=false realign_grace_suppressed=false repeat_stop_hit=false decision='continue' reason='none' stop_explain_version='pr7_explain_v1' stop_explain_input='step:10|move:{'success': true, 'status': 'moved', 'detail': 'moved', 'raw': {'timestamp': 1775924046870, 'reqid': '6deb983a', 'success': true, 'status': 'moved', 'detail': 'moved', 'flags': []}}|smart:moved|same:0|fail:0' stop_explain_repeat='recent:false|class:none|strict:false|semantic:false|loop:none|two_card:false' stop_explain_no_progress='hit:false|class:none|hard:false|soft:false' stop_explain_gate='candidate:false|min_block:false|realign_suppress:false|realign_active:false|decision:continue'
[01:14:10] [STOP][summary] scenario='life_air_care_plugin' stop_triggered=false stop_step=10 reason='safety_limit'
[01:14:10] [PERF][scenario_summary] scenario=life_air_care_plugin tab=(?i).*life.* total_runtime=143.6 total_steps=14 main_step_count=11 overlay_step_count=3 overlay_count=1 avg_get_focus=0.942 avg_move=0.481 avg_crop=0.491 avg_step_total=5.059 step_total_sample_count=11 avg_get_focus_main=1.028 avg_get_focus_overlay=0.624 fallback_dump_count=0 success_false_top_level_dump_attempt_count=0 success_false_top_level_dump_found_count=0 fallback_dump_rate=0.0 get_focus_strong_skip_count=14 get_focus_strong_skip_rate=100.0 step_dump_used_count=0 save_excel_count=7 realign_attempt_count=1 realign_success_count=1 realign_success_rate=100.0
[01:14:10] [RECOVER] start
[01:14:15] [RECOVER] success
[01:14:15] [SCENARIO][stabilization] scenario='life_home_care_plugin' screen_context_mode='new_screen' stabilization_mode='anchor_only'
[01:14:15] [CONTEXT] skipped reason='new_screen_mode' phase='tab_select'
[01:14:15] [TAB][select] fallback_to_legacy=True scenario='life_home_care_plugin'
[01:14:19] [TRACE][open_scenario] scenario='life_home_care_plugin' stabilization_mode='anchor_only' focus_align_attempted=True focus_align_ok=True focus_align_reason='' context_ok=False anchor_matched=False anchor_stable=False
[01:14:20] [SCENARIO][pre_nav][stabilization] phase='before_pre_navigation' attempt=1/2 life_selected=false app_bar_hits=4 visible_card_hits=0 life_root_signature_present=false navigate_up_hits=0 family_care_signature_seen=true final_score=2 ok=false pass_reason='' fail_reason='life_root_not_stable'
[01:14:20] [SCENARIO][pre_nav][stabilization][life_energy_relaxed_gate] phase='before_pre_navigation' attempt=1/2 allow_scrolltouch=true reason='life_plugin_list_likely'
[01:14:20] [SCENARIO][pre_nav] step=1 action=scrolltouch target='(?i)(^home\s*care$|home\s*care\.|\bhomecare\b|홈\s*케어)'
[01:14:21] [SCENARIO][pre_nav] before scrolltouch, scroll_to_top invoked cumulative_mode=true
[01:14:23] [SCENARIO][pre_nav] scroll_to_top result={'ok': True, 'reached_top': True, 'attempts': 1, 'reason': 'scroll_failed'}
[01:14:24] [SCENARIO][pre_nav] top_state_verify ok=false reason='top_marker_missing' scenario='life_home_care_plugin'
[01:14:27] [SCENARIO][pre_nav] top_state_verify retry=1/2 ok=false reason='top_marker_missing'
[01:14:31] [SCENARIO][pre_nav] top_state_verify retry=2/2 ok=false reason='top_marker_missing'
[01:14:33] [SCENARIO][pre_nav][scrolltouch][debug] scroll_step=1/5 visible_candidate_count=1 partial_match_count=1 exact_match_count=0 xml_fallback_attempted=true xml_fallback_reason='ok' rejections='filtered_before_candidate:20' visible_top='label='Connect Samsung home appliances and get smart care using the' rid='com.samsung.android.oneconnect:id/frameL' cls='android.widget.FrameLayout' bounds='42,1858,1038,2316'' partial_top='label='Connect Samsung home appliances and get smart care using the' rid='com.samsung.android.oneconnect:id/frameL' cls='android.widget.FrameLayout' bounds='42,1858,1038,2316'' pre_candidate_top='-' local_search_nodes=21 selected=true selected_reason='candidate_count=1'
[01:14:33] [SCENARIO][pre_nav][scrolltouch][inspect] scroll_step=1/5 samples='label='우리 집 QR code 우리 집 QR code' rid='com.samsung.android.oneconnect:id/home_button' cls='android.widget.ImageButton' visible=true clickable=true focusable=true effectiveClickable=true matched_text_node='com.samsung.android.oneconnect:id/home_button' promoted_container=false promotion_reason='none' promoted_from='' promoted_to='' stage='label_filter' reason='filtered_before_candidate' | label='우리 집, Change location 우리 집, Change location' rid='com.samsung.android.oneconnect:id/tab_title' cls='android.widget.LinearLayout' visible=true clickable=true focusable=true effectiveClickable=true matched_text_node='com.samsung.android.oneconnect:id/tab_title' promoted_container=false promotion_reason='none' promoted_from='' promoted_to='' stage='label_filter' reason='filtered_before_candidate' | label='Add Add' rid='com.samsung.android.oneconnect:id/add_menu_butto' cls='android.widget.ImageButton' visible=true clickable=true focusable=true effectiveClickable=true matched_text_node='com.samsung.android.oneconnect:id/add_menu_button' promoted_container=false promotion_reason='none' promoted_from='' promoted_to='' stage='label_filter' reason='filtered_before_candidate' | label='More options Mor'
[01:14:33] [SCENARIO][pre_nav][scrolltouch] candidate_select reason='candidate_count=1' class='android.widget.FrameLayout' resource='com.samsung.android.oneconnect:id/frameLayout' bounds='42,1858,1038,2316' visible=true label='' promoted_container=true promotion_attempted=true promotion_source='xml_live' matched_text_node='com.samsung.android.oneconnect:id/tvHeaderTitle' promotion_reason='xml_live_containment_container' promotion_candidate_count=8 promotion_debug_summary='helper:no_candidate;xml_live:candidate_count=8' promoted_from='com.samsung.android.oneconnect:id/tvHeaderTitle' promoted_to='com.samsung.android.oneconnect:id/frameLayout' selected_area=456168 text_area=161424 area_ratio=2.826 ancestor_distance=-1 tap_point='540,2087' tap_strategy='center' rank_summary_top3='com.samsung.android.oneconnect:id/frameLayout:xml_live_containment_container:ov=1000:ar=2.83:sp=5:ad=-1 | com.samsung.android.oneconnect:id/generic_view_pager:xml_live_containment_container:ov=1000:ar=2.83:sp=4:ad=-1 | c' scroll_step=1/5 cumulative_mode=true
[01:14:34] [SCENARIO][pre_nav][scrolltouch] candidate_select reason='no_local_match' fallback='helper_scrollTouch' reason_detail='local_search_exhausted' cumulative_mode=true
[01:14:57] [SCENARIO][pre_nav][scrolltouch] post_click_transition same_screen=false signal='screen_text'
[01:14:57] [SCENARIO][pre_nav] success step=1 reason='ACTION_CLICK success'
[01:14:58] [SCENARIO][pre_nav] success
[01:15:04] [ANCHOR][fallback] explicit anchor not matched, trying top content fallback
[01:15:04] [ANCHOR][fallback] selected candidate label='Always manage your home appliances optimally, Home Care constantly monitors devices that support AI diagnosis and informs you when they need cleaning, replacing, or other maintenance. Always manage your home appliances optimally, Home Care constantly monitors devices that support AI diagnosis and informs you when they need cleaning, replacing, or other maintenance.' position='top_center'
[01:15:04] [ANCHOR][plugin_fallback] using_top_start_candidate position='top_center'
[01:15:14] [CONTEXT] skipped reason='anchor_only_mode'
[01:15:14] [CONTEXT] skipped reason='anchor_only_mode'
[01:15:14] [CONTEXT] scenario='life_home_care_plugin' type='skipped' expected='' actual='' ok=True
[01:15:14] [ANCHOR][scenario_start] anchor mismatch scenario='life_home_care_plugin'
[01:15:14] [ANCHOR][scenario_start] anchor not stable scenario='life_home_care_plugin'
[01:15:19] [ANCHOR][fallback] explicit anchor not matched, trying top content fallback
[01:15:19] [ANCHOR][fallback] selected candidate label='Always manage your home appliances optimally, Home Care constantly monitors devices that support AI diagnosis and informs you when they need cleaning, replacing, or other maintenance. Always manage your home appliances optimally, Home Care constantly monitors devices that support AI diagnosis and informs you when they need cleaning, replacing, or other maintenance.' position='top_center'
[01:15:19] [ANCHOR][plugin_fallback] using_top_start_candidate position='top_center'
[01:15:29] [CONTEXT] skipped reason='anchor_only_mode'
[01:15:29] [CONTEXT] skipped reason='anchor_only_mode'
[01:15:29] [CONTEXT] scenario='life_home_care_plugin' type='skipped' expected='' actual='' ok=True
[01:15:29] [ANCHOR][scenario_start] anchor mismatch scenario='life_home_care_plugin'
[01:15:29] [ANCHOR][scenario_start] anchor not stable scenario='life_home_care_plugin'
[01:15:29] [TRACE][open_scenario] scenario='life_home_care_plugin' stabilization_mode='anchor_only' focus_align_attempted=True focus_align_ok=True focus_align_reason='' context_ok=False anchor_matched=False anchor_stable=False
[01:15:29] [ANCHOR][scenario_start] stabilization failed but proceeding with low-confidence fallback start scenario='life_home_care_plugin' source='fallback_top_center' reason='fallback_candidate_and_focus_evidence'
[01:15:29] [ANCHOR][plugin_fallback] candidate_label='Always manage your home appliances optimally, Home Care constantly monitors devices that support AI diagnosis and informs you when they need cleaning, replacing, or other maintenance. Always manage your home appliances optimally, Home Care constantly monitors devices that support AI diagnosis and informs you when they need cleaning, replacing, or other maintenance.' candidate_view_id='' reason='new_screen_evidence_confirmed'
[01:15:29] [ANCHOR][plugin_fallback] stabilized_by='post_focus_verified'
[01:15:29] [SCENARIO][start_mode] scenario='life_home_care_plugin' mode='low_confidence_fallback'
[01:15:35] [SCENARIO][special_state] detected scenario='life_home_care_plugin' entry_type='card' kind='onboarding_or_empty_state' handling='back_after_read' verify_hit=true long_intro_like=true special_hits='smartthings home care,always manage your home appliances optimally,home care constantly monitors devices,ai diagnosis,maintenance' cta_hits='start'
[01:15:37] [SCENARIO][entry_contract] handled scenario='life_home_care_plugin' entry_type='card' reason='special_state_handled' detail='onboarding_back_exit' back_status='back_sent_exit'
[01:15:37] [PERF][scenario_summary] scenario=life_home_care_plugin tab=(?i).*life.* total_runtime=82.3 total_steps=1 main_step_count=1 overlay_step_count=0 overlay_count=0 avg_get_focus=0.0 avg_move=0.0 avg_crop=0.0 avg_step_total=0.0 step_total_sample_count=0 avg_get_focus_main=0.0 avg_get_focus_overlay=0.0 fallback_dump_count=0 success_false_top_level_dump_attempt_count=0 success_false_top_level_dump_found_count=0 fallback_dump_rate=0.0 get_focus_strong_skip_count=0 get_focus_strong_skip_rate=0.0 step_dump_used_count=0 save_excel_count=0 realign_attempt_count=0 realign_success_count=0 realign_success_rate=0.0
[01:15:37] [RESULT] skipped anchor rows count=1
[01:15:37] [SAVE] writing sheets raw/filtered/summary/result
[01:15:37] [SAVE] filtered rows=13, raw rows=15
[01:15:38] [SAVE] saved excel: output/talkback_compare_20260412_011144.xlsx rows=15 with_images=False
[01:15:38] [RECOVER] start
[01:15:41] [RECOVER] success
[01:15:41] [SCENARIO][stabilization] scenario='life_energy_plugin' screen_context_mode='new_screen' stabilization_mode='anchor_only'
[01:15:41] [CONTEXT] skipped reason='new_screen_mode' phase='tab_select'
[01:15:41] [TAB][select] fallback_to_legacy=True scenario='life_energy_plugin'
[01:15:45] [TRACE][open_scenario] scenario='life_energy_plugin' stabilization_mode='anchor_only' focus_align_attempted=True focus_align_ok=True focus_align_reason='' context_ok=False anchor_matched=False anchor_stable=False
[01:15:46] [SCENARIO][pre_nav][stabilization] phase='before_pre_navigation' attempt=1/2 life_selected=false app_bar_hits=4 visible_card_hits=0 life_root_signature_present=false navigate_up_hits=0 family_care_signature_seen=true final_score=2 ok=false pass_reason='' fail_reason='life_root_not_stable'
[01:15:46] [SCENARIO][pre_nav][stabilization][life_energy_relaxed_gate] phase='before_pre_navigation' attempt=1/2 allow_scrolltouch=true reason='life_plugin_list_likely'
[01:15:46] [SCENARIO][pre_nav] step=1 action=scrolltouch target='(?i)(^energy$|energy\.|\bsmart\s*energy\b|\benergy\b)'
[01:15:47] [SCENARIO][pre_nav] before scrolltouch, scroll_to_top invoked cumulative_mode=true
[01:15:50] [SCENARIO][pre_nav] scroll_to_top result={'ok': True, 'reached_top': True, 'attempts': 1, 'reason': 'scroll_failed'}
[01:15:50] [SCENARIO][pre_nav] top_state_verify ok=false reason='top_marker_missing' scenario='life_energy_plugin'
[01:15:54] [SCENARIO][pre_nav] top_state_verify retry=1/2 ok=false reason='top_marker_missing'
[01:15:57] [SCENARIO][pre_nav] top_state_verify retry=2/2 ok=false reason='top_marker_missing'
[01:15:59] [SCENARIO][pre_nav][scrolltouch][debug] scroll_step=1/5 visible_candidate_count=1 partial_match_count=1 exact_match_count=0 xml_fallback_attempted=true xml_fallback_reason='ok' rejections='filtered_before_candidate:20' visible_top='label='Connect Samsung home appliances and get smart care using the' rid='com.samsung.android.oneconnect:id/frameL' cls='android.widget.FrameLayout' bounds='42,1858,1038,2316'' partial_top='label='Connect Samsung home appliances and get smart care using the' rid='com.samsung.android.oneconnect:id/frameL' cls='android.widget.FrameLayout' bounds='42,1858,1038,2316'' pre_candidate_top='-' local_search_nodes=21 selected=true selected_reason='candidate_count=1'
[01:15:59] [SCENARIO][pre_nav][scrolltouch][inspect] scroll_step=1/5 samples='label='우리 집 QR code 우리 집 QR code' rid='com.samsung.android.oneconnect:id/home_button' cls='android.widget.ImageButton' visible=true clickable=true focusable=true effectiveClickable=true matched_text_node='com.samsung.android.oneconnect:id/home_button' promoted_container=false promotion_reason='none' promoted_from='' promoted_to='' stage='label_filter' reason='filtered_before_candidate' | label='우리 집, Change location 우리 집, Change location' rid='com.samsung.android.oneconnect:id/tab_title' cls='android.widget.LinearLayout' visible=true clickable=true focusable=true effectiveClickable=true matched_text_node='com.samsung.android.oneconnect:id/tab_title' promoted_container=false promotion_reason='none' promoted_from='' promoted_to='' stage='label_filter' reason='filtered_before_candidate' | label='Add Add' rid='com.samsung.android.oneconnect:id/add_menu_butto' cls='android.widget.ImageButton' visible=true clickable=true focusable=true effectiveClickable=true matched_text_node='com.samsung.android.oneconnect:id/add_menu_button' promoted_container=false promotion_reason='none' promoted_from='' promoted_to='' stage='label_filter' reason='filtered_before_candidate' | label='More options Mor'
[01:15:59] [SCENARIO][pre_nav][scrolltouch] candidate_select reason='candidate_count=1' class='android.widget.FrameLayout' resource='com.samsung.android.oneconnect:id/frameLayout' bounds='42,1858,1038,2316' visible=true label='' promoted_container=true promotion_attempted=true promotion_source='xml_live' matched_text_node='com.samsung.android.oneconnect:id/tvHeaderTitle' promotion_reason='xml_live_containment_container' promotion_candidate_count=8 promotion_debug_summary='helper:no_candidate;xml_live:candidate_count=8' promoted_from='com.samsung.android.oneconnect:id/tvHeaderTitle' promoted_to='com.samsung.android.oneconnect:id/frameLayout' selected_area=456168 text_area=161424 area_ratio=2.826 ancestor_distance=-1 tap_point='540,2087' tap_strategy='center' rank_summary_top3='com.samsung.android.oneconnect:id/frameLayout:xml_live_containment_container:ov=1000:ar=2.83:sp=5:ad=-1 | com.samsung.android.oneconnect:id/generic_view_pager:xml_live_containment_container:ov=1000:ar=2.83:sp=4:ad=-1 | c' scroll_step=1/5 cumulative_mode=true
[01:16:00] [SCENARIO][pre_nav][scrolltouch] candidate_select reason='no_local_match' fallback='helper_scrollTouch' reason_detail='local_search_exhausted' cumulative_mode=true
[01:16:11] [SCENARIO][pre_nav][scrolltouch] post_click_transition same_screen=false signal='screen_text'
[01:16:11] [SCENARIO][pre_nav] success step=1 reason='ACTION_CLICK success'
[01:16:12] [SCENARIO][pre_nav] success
[01:16:16] [CONTEXT] skipped reason='anchor_only_mode'
[01:16:16] [CONTEXT] skipped reason='anchor_only_mode'
[01:16:16] [CONTEXT] scenario='life_energy_plugin' type='skipped' expected='' actual='' ok=True
[01:16:16] [CONTEXT] verification passed scenario='life_energy_plugin'
[01:16:16] [ANCHOR][scenario_start] success scenario='life_energy_plugin' selected=True matched=True stable=True context_ok=True reason='selected_and_verified'
[01:16:16] [TRACE][open_scenario] scenario='life_energy_plugin' stabilization_mode='anchor_only' focus_align_attempted=True focus_align_ok=True focus_align_reason='' context_ok=False anchor_matched=False anchor_stable=True
[01:16:18] [SCENARIO][entry_contract] success scenario='life_energy_plugin' entry_type='card' reason='success_verified' detail='plugin_open_verified'
[01:16:18] [TRACE][post_open_focus] scenario='life_energy_plugin' view_id='back' label='Navigate up' speech='Navigate up' bounds='{'l': 72, 't': 118, 'r': 144, 'b': 310, 'left': 72, 'top': 118, 'right': 144, 'bottom': 310}' source='top_level' top_level=True
[01:16:23] [TRACE][anchor_row] scenario='life_energy_plugin' step=0 view_id='back' visible='Navigate up' speech='Navigate up' normalized_visible='navigate up' is_global_nav=False
[01:16:24] [ROW] fingerprint='back|navigate up|navigate up|108,214' normalized_fingerprint='back|navigate up|navigate up' duplicate=false recent_duplicate=false distance=0 recent_semantic_duplicate=false semantic_distance=0 semantic_window_unique=1 noise=false
[01:16:24] [RESULT] skipped anchor rows count=2
[01:16:24] [SAVE] writing sheets raw/filtered/summary/result
[01:16:24] [SAVE] filtered rows=14, raw rows=16
[01:16:24] [SAVE] saved excel: output/talkback_compare_20260412_011144.xlsx rows=16 with_images=False
[01:16:24] [STEP] START tab='(?i).*life.*' step=1
[01:16:29] [ROW] fingerprint='|energy|energy|552,214' normalized_fingerprint='|energy|energy' duplicate=false recent_duplicate=false distance=0 recent_semantic_duplicate=false semantic_distance=0 semantic_window_unique=2 noise=false
[01:16:29] [STEP] END tab='(?i).*life.*' step=1 elapsed=4.49s move_result='{'success': True, 'status': 'moved', 'detail': 'moved', 'raw': {'timestamp': 1775924186147, 'reqId': '7a7cdbc5', 'success': True, 'status': 'moved', 'detail': 'moved', 'flags': []}}' visible='Energy' speech='Energy' crop='output\talkback_compare_20260412_011144\crops\i_._life._step_1_Energy.png' timing(move=0.434s ann=3.057s get_focus=1.002s get_focus_fallback_dump=0.000s step_dump=0.000s crop=0.481s total=4.975s) focus_reason='' fallback_used=False fallback_found=False step_dump_used=False step_dump_reason='focus_payload_sufficient' req_id='211b75cc'
[01:16:29] [STOP][eval] step=1 scenario='life_energy_plugin' terminal=false same_like_count=0 no_progress=false scenario_type='content' is_global_nav=false after_realign=false recent_repeat=false bounded_two_card_loop=false semantic_same_like=false recent_duplicate=false recent_duplicate_distance=0 recent_semantic_duplicate=false recent_semantic_duplicate_distance=0 recent_semantic_unique_count=2 strict_duplicate=false semantic_duplicate=false repeat_class='none' loop_classification='none' hard_no_progress=false soft_no_progress=false no_progress_class='none' overlay_realign_grace_active=false min_step_gate_blocked=false realign_grace_suppressed=false repeat_stop_hit=false decision='continue' reason='none' stop_explain_version='pr7_explain_v1' stop_explain_input='step:1|move:{'success': true, 'status': 'moved', 'detail': 'moved', 'raw': {'timestamp': 1775924186147, 'reqid': '7a7cdbc5', 'success': true, 'status': 'moved', 'detail': 'moved', 'flags': []}}|smart:moved|same:0|fail:0' stop_explain_repeat='recent:false|class:none|strict:false|semantic:false|loop:none|two_card:false' stop_explain_no_progress='hit:false|class:none|hard:false|soft:false' stop_explain_gate='candidate:false|min_block:false|realign_suppress:false|realign_active:false|decision:continue'
[01:16:29] [STEP] START tab='(?i).*life.*' step=2
[01:16:34] [ROW] fingerprint='more|more options|more options|972,214' normalized_fingerprint='more|more options|more options' duplicate=false recent_duplicate=false distance=0 recent_semantic_duplicate=false semantic_distance=0 semantic_window_unique=3 noise=false
[01:16:34] [STEP] END tab='(?i).*life.*' step=2 elapsed=4.48s move_result='{'success': True, 'status': 'moved', 'detail': 'moved', 'raw': {'timestamp': 1775924191170, 'reqId': '40b1bdfe', 'success': True, 'status': 'moved', 'detail': 'moved', 'flags': []}}' visible='More options' speech='More options' crop='output\talkback_compare_20260412_011144\crops\i_._life._step_2_More_options.png' timing(move=0.487s ann=3.042s get_focus=0.952s get_focus_fallback_dump=0.000s step_dump=0.000s crop=0.461s total=4.942s) focus_reason='' fallback_used=False fallback_found=False step_dump_used=False step_dump_reason='focus_payload_sufficient' req_id='e9c6f312'
[01:16:34] [STOP][eval] step=2 scenario='life_energy_plugin' terminal=false same_like_count=0 no_progress=false scenario_type='content' is_global_nav=false after_realign=false recent_repeat=false bounded_two_card_loop=false semantic_same_like=false recent_duplicate=false recent_duplicate_distance=0 recent_semantic_duplicate=false recent_semantic_duplicate_distance=0 recent_semantic_unique_count=3 strict_duplicate=false semantic_duplicate=false repeat_class='none' loop_classification='none' hard_no_progress=false soft_no_progress=false no_progress_class='none' overlay_realign_grace_active=false min_step_gate_blocked=false realign_grace_suppressed=false repeat_stop_hit=false decision='continue' reason='none' stop_explain_version='pr7_explain_v1' stop_explain_input='step:2|move:{'success': true, 'status': 'moved', 'detail': 'moved', 'raw': {'timestamp': 1775924191170, 'reqid': '40b1bdfe', 'success': true, 'status': 'moved', 'detail': 'moved', 'flags': []}}|smart:moved|same:0|fail:0' stop_explain_repeat='recent:false|class:none|strict:false|semantic:false|loop:none|two_card:false' stop_explain_no_progress='hit:false|class:none|hard:false|soft:false' stop_explain_gate='candidate:false|min_block:false|realign_suppress:false|realign_active:false|decision:continue'
[01:16:34] [OVERLAY] candidate matched scenario='life_energy_plugin' tab='(?i).*life.*' step=2 view_id='more' label='More options' reason='matched_scenario_policy'
[01:16:44] [OVERLAY] post_click classification='overlay' scenario='life_energy_plugin' tab='(?i).*life.*' entry_view_id='more' entry_label='More options' post_view_id='addToHomeScreen' post_label='Add to Home screen'
[01:16:57] [RESULT] skipped anchor rows count=2
[01:16:57] [SAVE] writing sheets raw/filtered/summary/result
[01:16:57] [SAVE] filtered rows=19, raw rows=21
[01:16:57] [SAVE] saved excel: output/talkback_compare_20260412_011144.xlsx rows=21 with_images=False
[01:17:09] [OVERLAY][repeat] same_focus_detected=true step=6 view_id='moreInformation' bounds='396,820,1053,970' normalized_visible_label='information' move_result=''
[01:17:09] [OVERLAY][break] reason='same_overlay_fingerprint' step=6
[01:17:09] [RESULT] skipped anchor rows count=2
[01:17:09] [SAVE] writing sheets raw/filtered/summary/result
[01:17:09] [SAVE] filtered rows=21, raw rows=23
[01:17:10] [SAVE] saved excel: output/talkback_compare_20260412_011144.xlsx rows=23 with_images=False
[01:17:13] [RESULT] skipped anchor rows count=2
[01:17:13] [SAVE] writing sheets raw/filtered/summary/result
[01:17:13] [SAVE] filtered rows=21, raw rows=23
[01:17:13] [SAVE] saved excel: output/talkback_compare_20260412_011144.xlsx rows=23 with_images=False
[01:17:16] [OVERLAY] realign status='realign_entry_reached' entry_reached=True steps_taken=2 match_by='view_id'
[01:17:22] [CONTEXT] skipped reason='anchor_only_mode'
[01:17:22] [CONTEXT] skipped reason='anchor_only_mode'
[01:17:22] [CONTEXT] scenario='life_energy_plugin' type='skipped' expected='' actual='' ok=True
[01:17:22] [CONTEXT] verification passed scenario='life_energy_plugin'
[01:17:22] [ANCHOR][overlay_realign] success scenario='life_energy_plugin' selected=True matched=True stable=True context_ok=True reason='selected_and_verified'
[01:17:22] [ANCHOR][overlay_realign] success scenario='life_energy_plugin' reason='overlay_realign_verified'
[01:17:22] [STEP] START tab='(?i).*life.*' step=3
[01:17:26] [ROW] fingerprint='|energy|energy|552,214' normalized_fingerprint='|energy|energy' duplicate=false recent_duplicate=true distance=2 recent_semantic_duplicate=true semantic_distance=2 semantic_window_unique=3 noise=false
[01:17:26] [STEP] END tab='(?i).*life.*' step=3 elapsed=3.92s move_result='{'success': True, 'status': 'moved', 'detail': 'moved', 'raw': {'timestamp': 1775924244284, 'reqId': 'a88fad95', 'success': True, 'status': 'moved', 'detail': 'moved', 'flags': []}}' visible='Energy' speech='Energy' crop='output\talkback_compare_20260412_011144\crops\i_._life._step_3_Energy.png' timing(move=0.433s ann=3.033s get_focus=0.452s get_focus_fallback_dump=0.000s step_dump=0.000s crop=0.479s total=4.398s) focus_reason='' fallback_used=False fallback_found=False step_dump_used=False step_dump_reason='focus_payload_sufficient' req_id='f979874e'
[01:17:26] [STOP][eval] step=3 scenario='life_energy_plugin' terminal=false same_like_count=0 no_progress=false scenario_type='content' is_global_nav=false after_realign=true recent_repeat=false bounded_two_card_loop=false semantic_same_like=false recent_duplicate=true recent_duplicate_distance=2 recent_semantic_duplicate=true recent_semantic_duplicate_distance=2 recent_semantic_unique_count=3 strict_duplicate=false semantic_duplicate=false repeat_class='none' loop_classification='none' hard_no_progress=false soft_no_progress=false no_progress_class='none' overlay_realign_grace_active=false min_step_gate_blocked=false realign_grace_suppressed=false repeat_stop_hit=false decision='continue' reason='none' stop_explain_version='pr7_explain_v1' stop_explain_input='step:3|move:{'success': true, 'status': 'moved', 'detail': 'moved', 'raw': {'timestamp': 1775924244284, 'reqid': 'a88fad95', 'success': true, 'status': 'moved', 'detail': 'moved', 'flags': []}}|smart:moved|same:0|fail:0' stop_explain_repeat='recent:false|class:none|strict:false|semantic:false|loop:none|two_card:false' stop_explain_no_progress='hit:false|class:none|hard:false|soft:false' stop_explain_gate='candidate:false|min_block:false|realign_suppress:false|realign_active:false|decision:continue'
[01:17:26] [RESULT] skipped anchor rows count=2
[01:17:27] [SAVE] writing sheets raw/filtered/summary/result
[01:17:27] [SAVE] filtered rows=21, raw rows=24
[01:17:27] [SAVE] saved excel: output/talkback_compare_20260412_011144.xlsx rows=24 with_images=False
[01:17:27] [STEP] START tab='(?i).*life.*' step=4
[01:17:32] [ROW] fingerprint='more|more options|more options|972,214' normalized_fingerprint='more|more options|more options' duplicate=false recent_duplicate=true distance=2 recent_semantic_duplicate=true semantic_distance=2 semantic_window_unique=3 noise=false
[01:17:32] [STEP] END tab='(?i).*life.*' step=4 elapsed=4.60s move_result='{'success': True, 'status': 'moved', 'detail': 'moved', 'raw': {'timestamp': 1775924249506, 'reqId': '015ce561', 'success': True, 'status': 'moved', 'detail': 'moved', 'flags': []}}' visible='More options' speech='More options' crop='output\talkback_compare_20260412_011144\crops\i_._life._step_4_More_options.png' timing(move=1.077s ann=3.060s get_focus=0.467s get_focus_fallback_dump=0.000s step_dump=0.000s crop=0.510s total=5.114s) focus_reason='' fallback_used=False fallback_found=False step_dump_used=False step_dump_reason='focus_payload_sufficient' req_id='19c873af'
[01:17:32] [STOP][eval] step=4 scenario='life_energy_plugin' terminal=false same_like_count=0 no_progress=false scenario_type='content' is_global_nav=false after_realign=false recent_repeat=false bounded_two_card_loop=false semantic_same_like=false recent_duplicate=true recent_duplicate_distance=2 recent_semantic_duplicate=true recent_semantic_duplicate_distance=2 recent_semantic_unique_count=3 strict_duplicate=false semantic_duplicate=false repeat_class='none' loop_classification='none' hard_no_progress=false soft_no_progress=false no_progress_class='none' overlay_realign_grace_active=false min_step_gate_blocked=false realign_grace_suppressed=false repeat_stop_hit=false decision='continue' reason='none' stop_explain_version='pr7_explain_v1' stop_explain_input='step:4|move:{'success': true, 'status': 'moved', 'detail': 'moved', 'raw': {'timestamp': 1775924249506, 'reqid': '015ce561', 'success': true, 'status': 'moved', 'detail': 'moved', 'flags': []}}|smart:moved|same:0|fail:0' stop_explain_repeat='recent:false|class:none|strict:false|semantic:false|loop:none|two_card:false' stop_explain_no_progress='hit:false|class:none|hard:false|soft:false' stop_explain_gate='candidate:false|min_block:false|realign_suppress:false|realign_active:false|decision:continue'
[01:17:32] [OVERLAY] skip already expanded entry fingerprint='(?i).*life.*|more|more options'
[01:17:32] [STEP] START tab='(?i).*life.*' step=5
[01:17:37] [ROW] fingerprint='|save energy with ai energy mode and earn reward points|save energy with ai energy mode and earn reward points|642,461' normalized_fingerprint='|save energy with ai energy mode and earn reward points|save energy with ai energy mode and earn reward points' duplicate=false recent_duplicate=false distance=0 recent_semantic_duplicate=false semantic_distance=0 semantic_window_unique=4 noise=false
[01:17:37] [STEP] END tab='(?i).*life.*' step=5 elapsed=4.45s move_result='{'success': True, 'status': 'moved', 'detail': 'moved', 'raw': {'timestamp': 1775924254601, 'reqId': '12bf9869', 'success': True, 'status': 'moved', 'detail': 'moved', 'flags': []}}' visible='Save energy with AI Energy Mode and earn reward points' speech='Save energy with AI Energy Mode and earn reward points' crop='output\talkback_compare_20260412_011144\crops\i_._life._step_5_Save_energy_with_AI_Energy_Mode_and_earn.png' timing(move=1.055s ann=2.965s get_focus=0.426s get_focus_fallback_dump=0.000s step_dump=0.000s crop=0.477s total=4.925s) focus_reason='' fallback_used=False fallback_found=False step_dump_used=False step_dump_reason='focus_payload_sufficient' req_id='28f0a1d2'
[01:17:37] [STOP][eval] step=5 scenario='life_energy_plugin' terminal=false same_like_count=0 no_progress=false scenario_type='content' is_global_nav=false after_realign=false recent_repeat=false bounded_two_card_loop=false semantic_same_like=false recent_duplicate=false recent_duplicate_distance=0 recent_semantic_duplicate=false recent_semantic_duplicate_distance=0 recent_semantic_unique_count=4 strict_duplicate=false semantic_duplicate=false repeat_class='none' loop_classification='none' hard_no_progress=false soft_no_progress=false no_progress_class='none' overlay_realign_grace_active=false min_step_gate_blocked=false realign_grace_suppressed=false repeat_stop_hit=false decision='continue' reason='none' stop_explain_version='pr7_explain_v1' stop_explain_input='step:5|move:{'success': true, 'status': 'moved', 'detail': 'moved', 'raw': {'timestamp': 1775924254601, 'reqid': '12bf9869', 'success': true, 'status': 'moved', 'detail': 'moved', 'flags': []}}|smart:moved|same:0|fail:0' stop_explain_repeat='recent:false|class:none|strict:false|semantic:false|loop:none|two_card:false' stop_explain_no_progress='hit:false|class:none|hard:false|soft:false' stop_explain_gate='candidate:false|min_block:false|realign_suppress:false|realign_active:false|decision:continue'
[01:17:37] [STEP] START tab='(?i).*life.*' step=6
[01:17:42] [ROW] fingerprint='|dismiss|dismiss|648,629' normalized_fingerprint='|dismiss|dismiss' duplicate=false recent_duplicate=false distance=0 recent_semantic_duplicate=false semantic_distance=0 semantic_window_unique=4 noise=false
[01:17:42] [STEP] END tab='(?i).*life.*' step=6 elapsed=4.44s move_result='{'success': True, 'status': 'moved', 'detail': 'moved', 'raw': {'timestamp': 1775924259454, 'reqId': 'fdd7b3dd', 'success': True, 'status': 'moved', 'detail': 'moved', 'flags': []}}' visible='Dismiss' speech='Dismiss' crop='output\talkback_compare_20260412_011144\crops\i_._life._step_6_Dismiss.png' timing(move=0.989s ann=3.006s get_focus=0.445s get_focus_fallback_dump=0.000s step_dump=0.000s crop=0.475s total=4.916s) focus_reason='' fallback_used=False fallback_found=False step_dump_used=False step_dump_reason='focus_payload_sufficient' req_id='ecc4a904'
[01:17:42] [STOP][eval] step=6 scenario='life_energy_plugin' terminal=false same_like_count=0 no_progress=false scenario_type='content' is_global_nav=false after_realign=false recent_repeat=false bounded_two_card_loop=false semantic_same_like=false recent_duplicate=false recent_duplicate_distance=0 recent_semantic_duplicate=false recent_semantic_duplicate_distance=0 recent_semantic_unique_count=4 strict_duplicate=false semantic_duplicate=false repeat_class='none' loop_classification='none' hard_no_progress=false soft_no_progress=false no_progress_class='none' overlay_realign_grace_active=false min_step_gate_blocked=false realign_grace_suppressed=false repeat_stop_hit=false decision='continue' reason='none' stop_explain_version='pr7_explain_v1' stop_explain_input='step:6|move:{'success': true, 'status': 'moved', 'detail': 'moved', 'raw': {'timestamp': 1775924259454, 'reqid': 'fdd7b3dd', 'success': true, 'status': 'moved', 'detail': 'moved', 'flags': []}}|smart:moved|same:0|fail:0' stop_explain_repeat='recent:false|class:none|strict:false|semantic:false|loop:none|two_card:false' stop_explain_no_progress='hit:false|class:none|hard:false|soft:false' stop_explain_gate='candidate:false|min_block:false|realign_suppress:false|realign_active:false|decision:continue'
[01:17:42] [RESULT] skipped anchor rows count=2
[01:17:42] [SAVE] writing sheets raw/filtered/summary/result
[01:17:42] [SAVE] filtered rows=23, raw rows=27
[01:17:42] [SAVE] saved excel: output/talkback_compare_20260412_011144.xlsx rows=27 with_images=False
[01:17:42] [STEP] START tab='(?i).*life.*' step=7
[01:17:47] [ROW] fingerprint='|more|more|876,629' normalized_fingerprint='|more|more' duplicate=false recent_duplicate=false distance=0 recent_semantic_duplicate=false semantic_distance=0 semantic_window_unique=5 noise=false
[01:17:47] [STEP] END tab='(?i).*life.*' step=7 elapsed=4.50s move_result='{'success': True, 'status': 'moved', 'detail': 'moved', 'raw': {'timestamp': 1775924264568, 'reqId': 'b6603875', 'success': True, 'status': 'moved', 'detail': 'moved', 'flags': []}}' visible='More' speech='More' crop='output\talkback_compare_20260412_011144\crops\i_._life._step_7_More.png' timing(move=0.996s ann=3.066s get_focus=0.440s get_focus_fallback_dump=0.000s step_dump=0.000s crop=0.470s total=4.972s) focus_reason='' fallback_used=False fallback_found=False step_dump_used=False step_dump_reason='focus_payload_sufficient' req_id='7dbc494c'
[01:17:47] [STOP][eval] step=7 scenario='life_energy_plugin' terminal=false same_like_count=0 no_progress=false scenario_type='content' is_global_nav=false after_realign=false recent_repeat=false bounded_two_card_loop=false semantic_same_like=false recent_duplicate=false recent_duplicate_distance=0 recent_semantic_duplicate=false recent_semantic_duplicate_distance=0 recent_semantic_unique_count=5 strict_duplicate=false semantic_duplicate=false repeat_class='none' loop_classification='none' hard_no_progress=false soft_no_progress=false no_progress_class='none' overlay_realign_grace_active=false min_step_gate_blocked=false realign_grace_suppressed=false repeat_stop_hit=false decision='continue' reason='none' stop_explain_version='pr7_explain_v1' stop_explain_input='step:7|move:{'success': true, 'status': 'moved', 'detail': 'moved', 'raw': {'timestamp': 1775924264568, 'reqid': 'b6603875', 'success': true, 'status': 'moved', 'detail': 'moved', 'flags': []}}|smart:moved|same:0|fail:0' stop_explain_repeat='recent:false|class:none|strict:false|semantic:false|loop:none|two_card:false' stop_explain_no_progress='hit:false|class:none|hard:false|soft:false' stop_explain_gate='candidate:false|min_block:false|realign_suppress:false|realign_active:false|decision:continue'
[01:17:47] [STEP] START tab='(?i).*life.*' step=8
[01:17:52] [ROW] fingerprint='|device energy usage loading… loading… usage no data savings 0 watt-hours|device energy usage loading… loading… usage no data savings 0 watt-hours|540,1331' normalized_fingerprint='|device energy usage loading loading usage no data savings 0 watt hours|device energy usage loading loading usage no data savings 0 watt hours' duplicate=false recent_duplicate=false distance=0 recent_semantic_duplicate=false semantic_distance=0 semantic_window_unique=6 noise=false
[01:17:52] [STEP] END tab='(?i).*life.*' step=8 elapsed=4.50s move_result='{'success': True, 'status': 'moved', 'detail': 'moved', 'raw': {'timestamp': 1775924269566, 'reqId': 'c5c9c4fb', 'success': True, 'status': 'moved', 'detail': 'moved', 'flags': []}}' visible='Device energy usage, Loading… Loading… Usage No data Savings 0 watt-hours' speech='Device energy usage, Loading… Loading… Usage No data Savings 0 watt-hours' crop='output\talkback_compare_20260412_011144\crops\i_._life._step_8_Device_energy_usage__Loading__Loading__U.png' timing(move=1.032s ann=3.022s get_focus=0.443s get_focus_fallback_dump=0.000s step_dump=0.000s crop=0.495s total=4.992s) focus_reason='' fallback_used=False fallback_found=False step_dump_used=False step_dump_reason='focus_payload_sufficient' req_id='eaead5fa'
[01:17:52] [STOP][eval] step=8 scenario='life_energy_plugin' terminal=false same_like_count=0 no_progress=false scenario_type='content' is_global_nav=false after_realign=false recent_repeat=false bounded_two_card_loop=false semantic_same_like=false recent_duplicate=false recent_duplicate_distance=0 recent_semantic_duplicate=false recent_semantic_duplicate_distance=0 recent_semantic_unique_count=6 strict_duplicate=false semantic_duplicate=false repeat_class='none' loop_classification='none' hard_no_progress=false soft_no_progress=false no_progress_class='none' overlay_realign_grace_active=false min_step_gate_blocked=false realign_grace_suppressed=false repeat_stop_hit=false decision='continue' reason='none' stop_explain_version='pr7_explain_v1' stop_explain_input='step:8|move:{'success': true, 'status': 'moved', 'detail': 'moved', 'raw': {'timestamp': 1775924269566, 'reqid': 'c5c9c4fb', 'success': true, 'status': 'moved', 'detail': 'moved', 'flags': []}}|smart:moved|same:0|fail:0' stop_explain_repeat='recent:false|class:none|strict:false|semantic:false|loop:none|two_card:false' stop_explain_no_progress='hit:false|class:none|hard:false|soft:false' stop_explain_gate='candidate:false|min_block:false|realign_suppress:false|realign_active:false|decision:continue'
[01:17:52] [STEP] START tab='(?i).*life.*' step=9
[01:17:58] [ROW] fingerprint='|carbon emissions aware current carbon intensity 398 grams per kilowatt-hours car|carbon emissions aware current carbon intensity 398 grams per kilowatt-hours car|540,1850' normalized_fingerprint='|carbon emissions aware current carbon intensity 398 grams per kilowatt hours carbon emissions are relatively low during |carbon emissions aware current carbon intensity 398 grams per kilowatt hours carbon emissions are relatively low during ' duplicate=false recent_duplicate=false distance=0 recent_semantic_duplicate=false semantic_distance=0 semantic_window_unique=6 noise=false
[01:17:58] [STEP] END tab='(?i).*life.*' step=9 elapsed=5.85s move_result='{'success': True, 'status': 'moved', 'detail': 'moved', 'raw': {'timestamp': 1775924275351, 'reqId': 'bc08aed8', 'success': True, 'status': 'moved', 'detail': 'moved', 'flags': []}}' visible='Carbon emissions aware, Current carbon intensity 398 grams per kilowatt-hours Carbon emissions are relatively low during this time of day.' speech='Carbon emissions aware, Current carbon intensity 398 grams per kilowatt-hours Carbon emissions are relatively low during this time of day.' crop='output\talkback_compare_20260412_011144\crops\i_._life._step_9_Carbon_emissions_aware__Current_carbon_i.png' timing(move=1.811s ann=3.024s get_focus=1.018s get_focus_fallback_dump=0.000s step_dump=0.000s crop=0.535s total=6.388s) focus_reason='' fallback_used=False fallback_found=False step_dump_used=False step_dump_reason='focus_payload_sufficient' req_id='138dddfa'
[01:17:58] [STOP][eval] step=9 scenario='life_energy_plugin' terminal=false same_like_count=0 no_progress=false scenario_type='content' is_global_nav=false after_realign=false recent_repeat=false bounded_two_card_loop=false semantic_same_like=false recent_duplicate=false recent_duplicate_distance=0 recent_semantic_duplicate=false recent_semantic_duplicate_distance=0 recent_semantic_unique_count=6 strict_duplicate=false semantic_duplicate=false repeat_class='none' loop_classification='none' hard_no_progress=false soft_no_progress=false no_progress_class='none' overlay_realign_grace_active=false min_step_gate_blocked=false realign_grace_suppressed=false repeat_stop_hit=false decision='continue' reason='none' stop_explain_version='pr7_explain_v1' stop_explain_input='step:9|move:{'success': true, 'status': 'moved', 'detail': 'moved', 'raw': {'timestamp': 1775924275351, 'reqid': 'bc08aed8', 'success': true, 'status': 'moved', 'detail': 'moved', 'flags': []}}|smart:moved|same:0|fail:0' stop_explain_repeat='recent:false|class:none|strict:false|semantic:false|loop:none|two_card:false' stop_explain_no_progress='hit:false|class:none|hard:false|soft:false' stop_explain_gate='candidate:false|min_block:false|realign_suppress:false|realign_active:false|decision:continue'
[01:17:58] [RESULT] skipped anchor rows count=2
[01:17:58] [SAVE] writing sheets raw/filtered/summary/result
[01:17:58] [SAVE] filtered rows=26, raw rows=30
[01:17:58] [SAVE] saved excel: output/talkback_compare_20260412_011144.xlsx rows=30 with_images=False
[01:17:58] [STEP] START tab='(?i).*life.*' step=10
[01:18:03] [ROW] fingerprint='title-help-icon|carbon emissions aware information|carbon emissions aware information|870,1700' normalized_fingerprint='title help icon|carbon emissions aware information|carbon emissions aware information' duplicate=false recent_duplicate=false distance=0 recent_semantic_duplicate=false semantic_distance=0 semantic_window_unique=6 noise=false
[01:18:03] [STEP] END tab='(?i).*life.*' step=10 elapsed=4.50s move_result='{'success': True, 'status': 'moved', 'detail': 'moved', 'raw': {'timestamp': 1775924280603, 'reqId': 'b024755d', 'success': True, 'status': 'moved', 'detail': 'moved', 'flags': []}}' visible='Carbon emissions aware Information' speech='Carbon emissions aware Information' crop='output\talkback_compare_20260412_011144\crops\i_._life._step_10_Carbon_emissions_aware_Information.png' timing(move=0.469s ann=3.041s get_focus=0.989s get_focus_fallback_dump=0.000s step_dump=0.000s crop=0.464s total=4.964s) focus_reason='' fallback_used=False fallback_found=False step_dump_used=False step_dump_reason='focus_payload_sufficient' req_id='f67f5cdd'
[01:18:03] [STOP][eval] step=10 scenario='life_energy_plugin' terminal=false same_like_count=0 no_progress=false scenario_type='content' is_global_nav=false after_realign=false recent_repeat=false bounded_two_card_loop=false semantic_same_like=false recent_duplicate=false recent_duplicate_distance=0 recent_semantic_duplicate=false recent_semantic_duplicate_distance=0 recent_semantic_unique_count=6 strict_duplicate=false semantic_duplicate=false repeat_class='none' loop_classification='none' hard_no_progress=false soft_no_progress=false no_progress_class='none' overlay_realign_grace_active=false min_step_gate_blocked=false realign_grace_suppressed=false repeat_stop_hit=false decision='continue' reason='none' stop_explain_version='pr7_explain_v1' stop_explain_input='step:10|move:{'success': true, 'status': 'moved', 'detail': 'moved', 'raw': {'timestamp': 1775924280603, 'reqid': 'b024755d', 'success': true, 'status': 'moved', 'detail': 'moved', 'flags': []}}|smart:moved|same:0|fail:0' stop_explain_repeat='recent:false|class:none|strict:false|semantic:false|loop:none|two_card:false' stop_explain_no_progress='hit:false|class:none|hard:false|soft:false' stop_explain_gate='candidate:false|min_block:false|realign_suppress:false|realign_active:false|decision:continue'
[01:18:03] [STOP][summary] scenario='life_energy_plugin' stop_triggered=false stop_step=10 reason='safety_limit'
[01:18:03] [PERF][scenario_summary] scenario=life_energy_plugin tab=(?i).*life.* total_runtime=142.4 total_steps=16 main_step_count=11 overlay_step_count=5 overlay_count=1 avg_get_focus=0.69 avg_move=0.714 avg_crop=0.489 avg_step_total=5.04 step_total_sample_count=11 avg_get_focus_main=0.697 avg_get_focus_overlay=0.675 fallback_dump_count=0 success_false_top_level_dump_attempt_count=0 success_false_top_level_dump_found_count=0 fallback_dump_rate=0.0 get_focus_strong_skip_count=16 get_focus_strong_skip_rate=100.0 step_dump_used_count=0 save_excel_count=7 realign_attempt_count=1 realign_success_count=1 realign_success_rate=100.0
[01:18:03] [MAIN] skip disabled scenario_id='devices_main' tab='(?i).*devices.*'
[01:18:03] [MAIN] skip disabled scenario_id='life_main' tab='(?i).*life.*'
[01:18:03] [MAIN] skip disabled scenario_id='routines_main' tab='(?i).*routines.*'
[01:18:03] [MAIN] skip disabled scenario_id='menu_main' tab='(?i).*(menu|more).*'
[01:18:03] [MAIN] skip disabled scenario_id='settings_entry_example' tab='(?i).*menu.*'
[01:18:03] [RECOVER] start
[01:18:09] [RECOVER] success
[01:18:09] [SCENARIO][stabilization] scenario='life_pet_care_example' screen_context_mode='new_screen' stabilization_mode='anchor_only'
[01:18:09] [CONTEXT] skipped reason='new_screen_mode' phase='tab_select'
[01:18:09] [TAB][select] fallback_to_legacy=True scenario='life_pet_care_example'
[01:18:13] [TRACE][open_scenario] scenario='life_pet_care_example' stabilization_mode='anchor_only' focus_align_attempted=True focus_align_ok=True focus_align_reason='' context_ok=False anchor_matched=False anchor_stable=False
[01:18:14] [SCENARIO][pre_nav] step=1 action=select target='(?i).*pet\s*care.*|.*펫\s*케어.*'
[01:18:15] [SCENARIO][pre_nav] success step=1 reason='ACTION_ACCESSIBILITY_FOCUS success'
[01:18:16] [SCENARIO][pre_nav] success
[01:18:16] [ANCHOR][fallback] explicit anchor not matched, trying top content fallback
[01:18:16] [ANCHOR][fallback] selected candidate label='안 창준 (Me)
No activity Picture 안 창준 (Me) 안 창준 (Me) No activity No activity 안 창준 (Me)
No activity Picture 안 창준 (Me) 안 창준 (Me) No activity No activity' position='top_center'
[01:18:16] [ANCHOR][plugin_fallback] using_top_start_candidate position='top_center'
[01:18:16] [ANCHOR][fallback][diagnostic] scenario='life_pet_care_example' label='안 창준 (Me)
No activity Picture 안 창준 (Me) 안 창준 (Me) No activity No activity 안 창준 (Me)
No activity Picture 안 창준 (Me) 안 창준 (Me) No activity No activity' normalized='안 창준 (me)
no activity picture 안 창준 (me) 안 창준 (me) no activity no activity 안 창준 (me)
no activity picture 안 창준 (me) 안 창준 (me) no activity no activity 안 창준 (me)
no activity picture 안 창준 (me) 안 창준 (me) no activity no activity com.samsung.android.oneconnect:id/include' resource_id='com.samsung.android.oneconnect:id/include' class_name='android.widget.LinearLayout' bounds='{'l': 84, 't': 679, 'r': 996, 'b': 973}' visible=true clickable=true focusable=true effective_clickable=true verify_hits='none' negative_hits='none' generic_top_penalty=1 oversized_penalty=0 selected=true
[01:18:20] [CONTEXT] skipped reason='anchor_only_mode'
[01:18:20] [CONTEXT] skipped reason='anchor_only_mode'
[01:18:20] [CONTEXT] scenario='life_pet_care_example' type='skipped' expected='' actual='' ok=True
[01:18:20] [CONTEXT] verification passed scenario='life_pet_care_example'
[01:18:20] [ANCHOR][scenario_start] success scenario='life_pet_care_example' selected=True matched=True stable=True context_ok=True reason='selected_and_verified'
[01:18:20] [ANCHOR][plugin_fallback] stabilized_by='selected'
[01:18:20] [TRACE][open_scenario] scenario='life_pet_care_example' stabilization_mode='anchor_only' focus_align_attempted=True focus_align_ok=True focus_align_reason='' context_ok=False anchor_matched=False anchor_stable=True
[01:18:21] [SCENARIO][direct_select][snapshot] scenario='life_pet_care_example' focus_view_id='com.samsung.android.oneconnect:id/include' focus_label='안 창준 (Me)
No activity 안 창준 (Me)
No activity' speech='안 창준 (Me)
No activity' visible='우리 집 QR code 우리 집 QR code 우리 집, Change location 우리 집, Change location Add Add More options More options Take care of yourself and handle your day by checking your activity. Take care of yourself and handle your day by checking your activity. 안 창준 (Me)
No activity Picture 안 창준 (Me) 안 창준 (Me) No activity No activity 안 창준 (Me)
No activity Picture 안 창준 (Me) 안 창준 (Me) No activity No activity 안 창준 (Me) 안 창준 (Me) No activity No activity 바코드 스캔 바코드 스캔 Upcoming meal
단호박샌드위치 만드는 법 Upcoming meal
단호박샌드위치 만드는 법 Picture Picture 0 0 0 0 1 1 1 1 2 2 2 2 Connect Samsung home appliances and get smart care using the latest AI technology. Connect Samsung home appliances and get smart care using the latest AI technology. Picture Picture Home, Tab 1 of 5 Home, Tab 1 of 5 Devices, Tab 2 of 5, New content available Devices, Tab 2 of 5, New content available Selected, Life, Tab 3 of 5 Selected, Life, Tab 3 of 5 Routines, Tab 4 of 5 Routines, Tab 4 of 5 Menu, Tab 5 of 5, New content available Menu, Tab 5 of 5, New content available' fallback_label='안 창준 (Me)
No activity Picture 안 창준 (Me) 안 창준 (Me) No activity No activity 안 창준 (Me)
No activity Picture 안 창준 (Me) 안 창준 (Me) No activity No activity' post_open_anchor='com.samsung.android.oneconnect:id/include' verify_hits='none' negative_hits='qr code,change location' matches_verify=false has_negative_verify_token=true
[01:18:22] [SCENARIO][direct_select][recheck] scenario='life_pet_care_example' attempt=1/2 focus_view_id='com.samsung.android.oneconnect:id/include' focus_label='안 창준 (Me)
No activity 안 창준 (Me)
No activity' speech='안 창준 (Me)
No activity' visible='우리 집 QR code 우리 집 QR code 우리 집, Change location 우리 집, Change location Add Add More options More options Take care of yourself and handle your day by checking your activity. Take care of yourself and handle your day by checking your activity. 안 창준 (Me)
No activity Picture 안 창준 (Me) 안 창준 (Me) No activity No activity 안 창준 (Me)
No activity Picture 안 창준 (Me) 안 창준 (Me) No activity No activity 안 창준 (Me) 안 창준 (Me) No activity No activity 바코드 스캔 바코드 스캔 Upcoming meal
단호박샌드위치 만드는 법 Upcoming meal
단호박샌드위치 만드는 법 Picture Picture 0 0 0 0 1 1 1 1 2 2 2 2 Connect Samsung home appliances and get smart care using the latest AI technology. Connect Samsung home appliances and get smart care using the latest AI technology. Picture Picture Home, Tab 1 of 5 Home, Tab 1 of 5 Devices, Tab 2 of 5, New content available Devices, Tab 2 of 5, New content available Selected, Life, Tab 3 of 5 Selected, Life, Tab 3 of 5 Routines, Tab 4 of 5 Routines, Tab 4 of 5 Menu, Tab 5 of 5, New content available Menu, Tab 5 of 5, New content available' verify_hits='none' negative_hits='qr code,change location' matches_verify=false current_negative_verify=true negative_verify_hits=1
[01:18:23] [SCENARIO][direct_select][recheck] scenario='life_pet_care_example' attempt=2/2 focus_view_id='com.samsung.android.oneconnect:id/include' focus_label='안 창준 (Me)
No activity 안 창준 (Me)
No activity' speech='안 창준 (Me)
No activity' visible='우리 집 QR code 우리 집 QR code 우리 집, Change location 우리 집, Change location Add Add More options More options Take care of yourself and handle your day by checking your activity. Take care of yourself and handle your day by checking your activity. 안 창준 (Me)
No activity Picture 안 창준 (Me) 안 창준 (Me) No activity No activity 안 창준 (Me)
No activity Picture 안 창준 (Me) 안 창준 (Me) No activity No activity 안 창준 (Me) 안 창준 (Me) No activity No activity 바코드 스캔 바코드 스캔 Upcoming meal
단호박샌드위치 만드는 법 Upcoming meal
단호박샌드위치 만드는 법 Picture Picture 0 0 0 0 1 1 1 1 2 2 2 2 Connect Samsung home appliances and get smart care using the latest AI technology. Connect Samsung home appliances and get smart care using the latest AI technology. Picture Picture Home, Tab 1 of 5 Home, Tab 1 of 5 Devices, Tab 2 of 5, New content available Devices, Tab 2 of 5, New content available Selected, Life, Tab 3 of 5 Selected, Life, Tab 3 of 5 Routines, Tab 4 of 5 Routines, Tab 4 of 5 Menu, Tab 5 of 5, New content available Menu, Tab 5 of 5, New content available' verify_hits='none' negative_hits='qr code,change location' matches_verify=false current_negative_verify=true negative_verify_hits=2
[01:18:23] [SCENARIO][direct_select][wrong_open_evidence] scenario='life_pet_care_example' focus_view_id='com.samsung.android.oneconnect:id/include' focus_label='안 창준 (Me)
No activity 안 창준 (Me)
No activity' speech='안 창준 (Me)
No activity' verify_hits='none' negative_hits='qr code,change location' negative_verify_hits=2 persist_threshold=2 matches_verify=false has_negative_signal=false
[01:18:23] [SCENARIO][entry_contract] failed scenario='life_pet_care_example' entry_type='direct_select' reason='wrong_open' detail='post_open_negative_verify_token'
[01:18:23] [PERF][scenario_summary] scenario=life_pet_care_example tab=(?i).*life.* total_runtime=14.5 total_steps=1 main_step_count=1 overlay_step_count=0 overlay_count=0 avg_get_focus=0.0 avg_move=0.0 avg_crop=0.0 avg_step_total=0.0 step_total_sample_count=0 avg_get_focus_main=0.0 avg_get_focus_overlay=0.0 fallback_dump_count=0 success_false_top_level_dump_attempt_count=0 success_false_top_level_dump_found_count=0 fallback_dump_rate=0.0 get_focus_strong_skip_count=0 get_focus_strong_skip_rate=0.0 step_dump_used_count=0 save_excel_count=0 realign_attempt_count=0 realign_success_count=0 realign_success_rate=0.0
[01:18:23] [RESULT] skipped anchor rows count=2
[01:18:23] [SAVE] writing sheets raw/filtered/summary/result
[01:18:23] [SAVE] filtered rows=28, raw rows=32
[01:18:23] [SAVE] saved excel: output/talkback_compare_20260412_011144.xlsx rows=32 with_images=False
[01:18:23] [RESULT] skipped anchor rows count=2
[01:18:24] [SAVE] writing sheets raw/filtered/summary/result
[01:18:24] [SAVE] filtered rows=28, raw rows=32
[01:18:24] [SAVE] saved excel: output/talkback_compare_20260412_011144.xlsx rows=32 with_images=True
[01:18:24] [MAIN] final save complete
[01:18:24] [PERF][run_summary] total_runtime=398.0 total_scenarios=4 total_steps=32 total_overlay_count=2 avg_get_focus=0.757 avg_move=0.567 fallback_dump_count=0 success_false_top_level_dump_attempt_count=0 success_false_top_level_dump_found_count=0 fallback_dump_rate=0.0 get_focus_strong_skip_rate=93.8 realign_success_rate=100.0 save_excel_count=17
