[23:47:24] [SAVE][temp] override tmp='D:\Python test\talkback-a11y-helper\output\.tmp' temp='D:\Python test\talkback-a11y-helper\output\.tmp' applied=true
[23:47:24] [MAIN] script start (version=1.7.79, log_level=NORMAL)
[23:47:25] [PREFLIGHT] talkback status='enabled'
[23:47:25] [MAIN] output file: output/talkback_compare_20260411_234724.xlsx
[23:47:25] [MAIN] image dir base: output\talkback_compare_20260411_234724
[23:47:25] [CONFIG] runtime config loaded path='config\runtime_config.json'
[23:47:25] [GLOBAL_NAV][guard] forcing stabilization_mode='tab_context' scenario='global_nav_main' requested='anchor_then_context'
[23:47:25] [CONFIG] scenario resolved scenario='global_nav_main' group='main_tabs' max_steps=10 enabled=False
[23:47:25] [CONFIG] applied shared_navigation='default_global_nav'
[23:47:25] [CONFIG] scenario enabled scenario='global_nav_main' source='runtime' enabled=False base_enabled=False
[23:47:25] [CONFIG] scenario resolved scenario='home_main' group='main_tabs' max_steps=5 enabled=False
[23:47:25] [CONFIG] applied shared_navigation='bottom_tab_global_nav'
[23:47:25] [CONFIG] scenario enabled scenario='home_main' source='runtime' enabled=False base_enabled=False
[23:47:25] [CONFIG] scenario resolved scenario='life_food_plugin' group='plugin_screen' max_steps=5 enabled=False
[23:47:25] [CONFIG] applied pre_navigation_ref='enter_food_plugin'
[23:47:25] [CONFIG] scenario enabled scenario='life_food_plugin' source='runtime' enabled=False base_enabled=False
[23:47:25] [CONFIG] scenario resolved scenario='life_air_care_plugin' group='-' max_steps=10 enabled=True
[23:47:25] [CONFIG] scenario enabled scenario='life_air_care_plugin' source='runtime' enabled=True base_enabled=False
[23:47:25] [CONFIG] scenario resolved scenario='life_home_care_plugin' group='-' max_steps=10 enabled=True
[23:47:25] [CONFIG] scenario enabled scenario='life_home_care_plugin' source='runtime' enabled=True base_enabled=False
[23:47:25] [CONFIG] scenario resolved scenario='life_energy_plugin' group='-' max_steps=10 enabled=True
[23:47:25] [CONFIG] scenario enabled scenario='life_energy_plugin' source='runtime' enabled=True base_enabled=False
[23:47:25] [CONFIG] scenario resolved scenario='devices_main' group='main_tabs' max_steps=10 enabled=False
[23:47:25] [CONFIG] applied shared_navigation='bottom_tab_global_nav'
[23:47:25] [CONFIG] applied anchor_ref='home_tab_anchor'
[23:47:25] [CONFIG] scenario enabled scenario='devices_main' source='runtime' enabled=False base_enabled=False
[23:47:25] [CONFIG] scenario resolved scenario='life_main' group='main_tabs' max_steps=30 enabled=False
[23:47:25] [CONFIG] applied shared_navigation='bottom_tab_global_nav'
[23:47:25] [CONFIG] scenario enabled scenario='life_main' source='runtime' enabled=False base_enabled=False
[23:47:25] [CONFIG] scenario resolved scenario='routines_main' group='main_tabs' max_steps=30 enabled=False
[23:47:25] [CONFIG] applied shared_navigation='bottom_tab_global_nav'
[23:47:25] [CONFIG] scenario enabled scenario='routines_main' source='runtime' enabled=False base_enabled=False
[23:47:25] [CONFIG] scenario resolved scenario='menu_main' group='main_tabs' max_steps=30 enabled=False
[23:47:25] [CONFIG] applied shared_navigation='bottom_tab_global_nav'
[23:47:25] [CONFIG] scenario enabled scenario='menu_main' source='runtime' enabled=False base_enabled=False
[23:47:25] [CONFIG] scenario resolved scenario='settings_entry_example' group='plugin_screen' max_steps=40 enabled=False
[23:47:25] [CONFIG] applied anchor_ref='settings_button_anchor'
[23:47:25] [CONFIG] applied pre_navigation_ref='enter_settings'
[23:47:25] [CONFIG] scenario enabled scenario='settings_entry_example' source='runtime' enabled=False base_enabled=False
[23:47:25] [CONFIG] scenario resolved scenario='life_pet_care_example' group='-' max_steps=10 enabled=True
[23:47:25] [CONFIG] scenario enabled scenario='life_pet_care_example' source='runtime' enabled=True base_enabled=False
[23:47:25] [MAIN] skip disabled scenario_id='global_nav_main' tab='(?i).*(home|devices|life|routines|menu).*'
[23:47:25] [MAIN] skip disabled scenario_id='home_main' tab='(?i).*home.*'
[23:47:25] [MAIN] skip disabled scenario_id='life_food_plugin' tab='(?i).*life.*'
[23:47:25] [SCENARIO][stabilization] scenario='life_air_care_plugin' screen_context_mode='new_screen' stabilization_mode='anchor_only'
[23:47:25] [CONTEXT] skipped reason='new_screen_mode' phase='tab_select'
[23:47:25] [TAB][select] fallback_to_legacy=True scenario='life_air_care_plugin'
[23:47:29] [TRACE][open_scenario] scenario='life_air_care_plugin' stabilization_mode='anchor_only' focus_align_attempted=True focus_align_ok=True focus_align_reason='' context_ok=False anchor_matched=False anchor_stable=False
[23:47:31] [SCENARIO][pre_nav][stabilization] phase='before_pre_navigation' attempt=1/2 life_selected=false app_bar_hits=4 visible_card_hits=0 life_root_signature_present=false navigate_up_hits=0 family_care_signature_seen=true final_score=2 ok=false pass_reason='' fail_reason='life_root_not_stable'
[23:47:31] [SCENARIO][pre_nav][stabilization][life_energy_relaxed_gate] phase='before_pre_navigation' attempt=1/2 allow_scrolltouch=true reason='life_plugin_list_likely'
[23:47:31] [SCENARIO][pre_nav] step=1 action=scrolltouch target='(?i)(^smart\s*air\s*care$|^air\s*care$|air\s*care\.|\baircare\b|에어\s*케어)'
[23:47:31] [SCENARIO][pre_nav] before scrolltouch, scroll_to_top invoked cumulative_mode=true
[23:47:34] [SCENARIO][pre_nav] scroll_to_top result={'ok': True, 'reached_top': True, 'attempts': 1, 'reason': 'scroll_failed'}
[23:47:34] [SCENARIO][pre_nav] top_state_verify ok=false reason='top_marker_missing' scenario='life_air_care_plugin'
[23:47:38] [SCENARIO][pre_nav] top_state_verify retry=1/2 ok=false reason='top_marker_missing'
[23:47:41] [SCENARIO][pre_nav] top_state_verify retry=2/2 ok=false reason='top_marker_missing'
[23:47:41] [SCENARIO][pre_nav][scrolltouch][debug] scroll_step=1/5 visible_candidate_count=0 partial_match_count=0 exact_match_count=0 xml_fallback_attempted=false xml_fallback_reason='not_attempted' rejections='filtered_before_candidate:21' visible_top='-' partial_top='-' pre_candidate_top='-' local_search_nodes=21 selected=false selected_reason='no_visible_candidate'
[23:47:41] [SCENARIO][pre_nav][scrolltouch][inspect] scroll_step=1/5 samples='label='우리 집 QR code 우리 집 QR code' rid='com.samsung.android.oneconnect:id/home_button' cls='android.widget.ImageButton' visible=true clickable=true focusable=true effectiveClickable=true matched_text_node='com.samsung.android.oneconnect:id/home_button' promoted_container=false promotion_reason='none' promoted_from='' promoted_to='' stage='label_filter' reason='filtered_before_candidate' | label='우리 집, Change location 우리 집, Change location' rid='com.samsung.android.oneconnect:id/tab_title' cls='android.widget.LinearLayout' visible=true clickable=true focusable=true effectiveClickable=true matched_text_node='com.samsung.android.oneconnect:id/tab_title' promoted_container=false promotion_reason='none' promoted_from='' promoted_to='' stage='label_filter' reason='filtered_before_candidate' | label='Add Add' rid='com.samsung.android.oneconnect:id/add_menu_butto' cls='android.widget.ImageButton' visible=true clickable=true focusable=true effectiveClickable=true matched_text_node='com.samsung.android.oneconnect:id/add_menu_button' promoted_container=false promotion_reason='none' promoted_from='' promoted_to='' stage='label_filter' reason='filtered_before_candidate' | label='More options Mor'
[23:47:43] [CAPTURE][scrolltouch_step] saved path='output\capture_bundles\life_air_care_plugin\20260411_144731\step_01' step=1 visible_candidate_count=0 partial_match_count=0
[23:47:44] [SCENARIO][pre_nav][scrolltouch] visible_candidate_count=0 partial_match_count=0 scroll_step=1/5 action='scroll_forward_and_retry_local_search' scroll_performed=true settle_wait_ms=250 cumulative_mode=true
[23:47:46] [SCENARIO][pre_nav][scrolltouch][debug] scroll_step=2/5 visible_candidate_count=0 partial_match_count=0 exact_match_count=0 xml_fallback_attempted=false xml_fallback_reason='not_attempted' rejections='filtered_before_candidate:13' visible_top='-' partial_top='-' pre_candidate_top='-' local_search_nodes=13 selected=false selected_reason='no_visible_candidate'
[23:47:46] [SCENARIO][pre_nav][scrolltouch][inspect] scroll_step=2/5 samples='label='우리 집 QR code 우리 집 QR code' rid='com.samsung.android.oneconnect:id/home_button' cls='android.widget.ImageButton' visible=true clickable=true focusable=true effectiveClickable=true matched_text_node='com.samsung.android.oneconnect:id/home_button' promoted_container=false promotion_reason='none' promoted_from='' promoted_to='' stage='label_filter' reason='filtered_before_candidate' | label='우리 집, Change location 우리 집, Change location' rid='com.samsung.android.oneconnect:id/tab_title' cls='android.widget.LinearLayout' visible=true clickable=true focusable=true effectiveClickable=true matched_text_node='com.samsung.android.oneconnect:id/tab_title' promoted_container=false promotion_reason='none' promoted_from='' promoted_to='' stage='label_filter' reason='filtered_before_candidate' | label='Add Add' rid='com.samsung.android.oneconnect:id/add_menu_butto' cls='android.widget.ImageButton' visible=true clickable=true focusable=true effectiveClickable=true matched_text_node='com.samsung.android.oneconnect:id/add_menu_button' promoted_container=false promotion_reason='none' promoted_from='' promoted_to='' stage='label_filter' reason='filtered_before_candidate' | label='More options Mor'
[23:47:47] [CAPTURE][scrolltouch_step] saved path='output\capture_bundles\life_air_care_plugin\20260411_144731\step_02' step=2 visible_candidate_count=0 partial_match_count=0
[23:47:49] [SCENARIO][pre_nav][scrolltouch] visible_candidate_count=0 partial_match_count=0 scroll_step=2/5 action='scroll_forward_and_retry_local_search' scroll_performed=true settle_wait_ms=250 cumulative_mode=true
[23:47:52] [SCENARIO][pre_nav][scrolltouch][debug] scroll_step=3/5 visible_candidate_count=1 partial_match_count=1 exact_match_count=0 xml_fallback_attempted=true xml_fallback_reason='ok' rejections='filtered_before_candidate:11' visible_top='label='Monitor air quality and air comfort in each room of your hom' rid='com.samsung.android.oneconnect:id/frameL' cls='android.widget.FrameLayout' bounds='42,1752,1038,2316'' partial_top='label='Monitor air quality and air comfort in each room of your hom' rid='com.samsung.android.oneconnect:id/frameL' cls='android.widget.FrameLayout' bounds='42,1752,1038,2316'' pre_candidate_top='-' local_search_nodes=12 selected=true selected_reason='candidate_count=1'
[23:47:52] [SCENARIO][pre_nav][scrolltouch][inspect] scroll_step=3/5 samples='label='우리 집 QR code 우리 집 QR code' rid='com.samsung.android.oneconnect:id/home_button' cls='android.widget.ImageButton' visible=true clickable=true focusable=true effectiveClickable=true matched_text_node='com.samsung.android.oneconnect:id/home_button' promoted_container=false promotion_reason='none' promoted_from='' promoted_to='' stage='label_filter' reason='filtered_before_candidate' | label='우리 집, Change location 우리 집, Change location' rid='com.samsung.android.oneconnect:id/tab_title' cls='android.widget.LinearLayout' visible=true clickable=true focusable=true effectiveClickable=true matched_text_node='com.samsung.android.oneconnect:id/tab_title' promoted_container=false promotion_reason='none' promoted_from='' promoted_to='' stage='label_filter' reason='filtered_before_candidate' | label='Add Add' rid='com.samsung.android.oneconnect:id/add_menu_butto' cls='android.widget.ImageButton' visible=true clickable=true focusable=true effectiveClickable=true matched_text_node='com.samsung.android.oneconnect:id/add_menu_button' promoted_container=false promotion_reason='none' promoted_from='' promoted_to='' stage='label_filter' reason='filtered_before_candidate' | label='More options Mor'
[23:47:54] [CAPTURE][scrolltouch_step] saved path='output\capture_bundles\life_air_care_plugin\20260411_144731\step_03' step=3 visible_candidate_count=1 partial_match_count=1
[23:47:54] [SCENARIO][pre_nav][scrolltouch] candidate_select reason='candidate_count=1' class='android.widget.FrameLayout' resource='com.samsung.android.oneconnect:id/frameLayout' bounds='42,1752,1038,2316' visible=true label='' promoted_container=true promotion_attempted=true promotion_source='xml_live' matched_text_node='com.samsung.android.oneconnect:id/tvHeaderTitle' promotion_reason='xml_live_containment_container' promotion_candidate_count=8 promotion_debug_summary='helper:no_candidate;xml_live:candidate_count=8' promoted_from='com.samsung.android.oneconnect:id/tvHeaderTitle' promoted_to='com.samsung.android.oneconnect:id/frameLayout' selected_area=561744 text_area=161424 area_ratio=3.480 ancestor_distance=-1 tap_point='540,2034' tap_strategy='center' rank_summary_top3='com.samsung.android.oneconnect:id/containerHeaderLayout:xml_live_containment_container:ov=1000:ar=1.18:sp=3:ad=-1 | android.widget.RelativeLayout:xml_live_containment_container:ov=1000:ar=1.18:sp=-1:ad=-1 | com.samsung.a' scroll_step=3/5 cumulative_mode=true
[23:47:55] [SCENARIO][pre_nav][scrolltouch] candidate_select reason='no_local_match' fallback='helper_scrollTouch' reason_detail='local_search_exhausted' cumulative_mode=true
[23:48:06] [SCENARIO][pre_nav][scrolltouch] post_click_transition same_screen=false signal='air_care_verify'
[23:48:06] [SCENARIO][pre_nav] success step=1 reason='ACTION_CLICK success'
[23:48:07] [SCENARIO][pre_nav] success
[23:48:11] [CONTEXT] skipped reason='anchor_only_mode'
[23:48:11] [CONTEXT] skipped reason='anchor_only_mode'
[23:48:11] [CONTEXT] scenario='life_air_care_plugin' type='skipped' expected='' actual='' ok=True
[23:48:11] [CONTEXT] verification passed scenario='life_air_care_plugin'
[23:48:11] [ANCHOR][scenario_start] success scenario='life_air_care_plugin' selected=True matched=True stable=True context_ok=True reason='selected_and_verified'
[23:48:11] [TRACE][open_scenario] scenario='life_air_care_plugin' stabilization_mode='anchor_only' focus_align_attempted=True focus_align_ok=True focus_align_reason='' context_ok=False anchor_matched=False anchor_stable=True
[23:48:12] [SCENARIO][entry_contract] success scenario='life_air_care_plugin' entry_type='card' reason='success_verified' detail='plugin_open_verified'
[23:48:12] [TRACE][post_open_focus] scenario='life_air_care_plugin' view_id='back' label='Navigate up' speech='Navigate up' bounds='{'l': 72, 't': 118, 'r': 144, 'b': 310, 'left': 72, 'top': 118, 'right': 144, 'bottom': 310}' source='top_level' top_level=True
[23:48:17] [TRACE][anchor_row] scenario='life_air_care_plugin' step=0 view_id='back' visible='Navigate up' speech='Navigate up' normalized_visible='navigate up' is_global_nav=False
[23:48:18] [ROW] fingerprint='back|navigate up|navigate up|108,214' normalized_fingerprint='back|navigate up|navigate up' duplicate=false recent_duplicate=false distance=0 recent_semantic_duplicate=false semantic_distance=0 semantic_window_unique=1 noise=false
[23:48:18] [RESULT] skipped anchor rows count=1
[23:48:18] [SAVE] writing sheets raw/filtered/summary/result
[23:48:18] [SAVE] filtered rows=1, raw rows=1
[23:48:18] [SAVE] saved excel: output/talkback_compare_20260411_234724.xlsx rows=1 with_images=False
[23:48:18] [STEP] START tab='(?i).*life.*' step=1
[23:48:23] [ROW] fingerprint='|air care|air care|552,214' normalized_fingerprint='|air care|air care' duplicate=false recent_duplicate=false distance=0 recent_semantic_duplicate=false semantic_distance=0 semantic_window_unique=2 noise=false
[23:48:23] [STEP] END tab='(?i).*life.*' step=1 elapsed=4.68s move_result='{'success': True, 'status': 'moved', 'detail': 'moved', 'raw': {'timestamp': 1775918899729, 'reqId': 'dd9110d0', 'success': True, 'status': 'moved', 'detail': 'moved', 'flags': []}}' visible='Air Care' speech='Air Care' crop='output\talkback_compare_20260411_234724\crops\i_._life._step_1_Air_Care.png' timing(move=0.548s ann=3.102s get_focus=1.031s get_focus_fallback_dump=0.000s step_dump=0.000s crop=0.490s total=5.172s) focus_reason='' fallback_used=False fallback_found=False step_dump_used=False step_dump_reason='focus_payload_sufficient' req_id='642da0f9'
[23:48:23] [STOP][eval] step=1 scenario='life_air_care_plugin' terminal=false same_like_count=0 no_progress=false scenario_type='content' is_global_nav=false after_realign=false recent_repeat=false bounded_two_card_loop=false semantic_same_like=false recent_duplicate=false recent_duplicate_distance=0 recent_semantic_duplicate=false recent_semantic_duplicate_distance=0 recent_semantic_unique_count=2 strict_duplicate=false semantic_duplicate=false repeat_class='none' loop_classification='none' hard_no_progress=false soft_no_progress=false no_progress_class='none' overlay_realign_grace_active=false min_step_gate_blocked=false realign_grace_suppressed=false repeat_stop_hit=false decision='continue' reason='none' stop_explain_version='pr7_explain_v1' stop_explain_input='step:1|move:{'success': true, 'status': 'moved', 'detail': 'moved', 'raw': {'timestamp': 1775918899729, 'reqid': 'dd9110d0', 'success': true, 'status': 'moved', 'detail': 'moved', 'flags': []}}|smart:moved|same:0|fail:0' stop_explain_repeat='recent:false|class:none|strict:false|semantic:false|loop:none|two_card:false' stop_explain_no_progress='hit:false|class:none|hard:false|soft:false' stop_explain_gate='candidate:false|min_block:false|realign_suppress:false|realign_active:false|decision:continue'
[23:48:23] [STEP] START tab='(?i).*life.*' step=2
[23:48:28] [ROW] fingerprint='more|more options|more options|972,214' normalized_fingerprint='more|more options|more options' duplicate=false recent_duplicate=false distance=0 recent_semantic_duplicate=false semantic_distance=0 semantic_window_unique=3 noise=false
[23:48:28] [STEP] END tab='(?i).*life.*' step=2 elapsed=4.59s move_result='{'success': True, 'status': 'moved', 'detail': 'moved', 'raw': {'timestamp': 1775918904883, 'reqId': '91aa9df5', 'success': True, 'status': 'moved', 'detail': 'moved', 'flags': []}}' visible='More options' speech='More options' crop='output\talkback_compare_20260411_234724\crops\i_._life._step_2_More_options.png' timing(move=0.506s ann=3.060s get_focus=1.020s get_focus_fallback_dump=0.000s step_dump=0.000s crop=0.496s total=5.082s) focus_reason='' fallback_used=False fallback_found=False step_dump_used=False step_dump_reason='focus_payload_sufficient' req_id='6a5769f0'
[23:48:28] [STOP][eval] step=2 scenario='life_air_care_plugin' terminal=false same_like_count=0 no_progress=false scenario_type='content' is_global_nav=false after_realign=false recent_repeat=false bounded_two_card_loop=false semantic_same_like=false recent_duplicate=false recent_duplicate_distance=0 recent_semantic_duplicate=false recent_semantic_duplicate_distance=0 recent_semantic_unique_count=3 strict_duplicate=false semantic_duplicate=false repeat_class='none' loop_classification='none' hard_no_progress=false soft_no_progress=false no_progress_class='none' overlay_realign_grace_active=false min_step_gate_blocked=false realign_grace_suppressed=false repeat_stop_hit=false decision='continue' reason='none' stop_explain_version='pr7_explain_v1' stop_explain_input='step:2|move:{'success': true, 'status': 'moved', 'detail': 'moved', 'raw': {'timestamp': 1775918904883, 'reqid': '91aa9df5', 'success': true, 'status': 'moved', 'detail': 'moved', 'flags': []}}|smart:moved|same:0|fail:0' stop_explain_repeat='recent:false|class:none|strict:false|semantic:false|loop:none|two_card:false' stop_explain_no_progress='hit:false|class:none|hard:false|soft:false' stop_explain_gate='candidate:false|min_block:false|realign_suppress:false|realign_active:false|decision:continue'
[23:48:28] [OVERLAY] candidate matched scenario='life_air_care_plugin' tab='(?i).*life.*' step=2 view_id='more' label='More options' reason='matched_scenario_policy'
[23:48:39] [OVERLAY] post_click classification='overlay' scenario='life_air_care_plugin' tab='(?i).*life.*' entry_view_id='more' entry_label='More options' post_view_id='addToHomescreen' post_label='Add to Home screen'
[23:48:50] [RESULT] skipped anchor rows count=1
[23:48:50] [SAVE] writing sheets raw/filtered/summary/result
[23:48:50] [SAVE] filtered rows=6, raw rows=6
[23:48:51] [SAVE] saved excel: output/talkback_compare_20260411_234724.xlsx rows=6 with_images=False
[23:48:55] [OVERLAY][repeat] same_focus_detected=true step=4 view_id='info' bounds='462,556,1053,706' normalized_visible_label='information' move_result=''
[23:48:55] [OVERLAY][break] reason='same_overlay_fingerprint' step=4
[23:48:55] [RESULT] skipped anchor rows count=1
[23:48:55] [SAVE] writing sheets raw/filtered/summary/result
[23:48:55] [SAVE] filtered rows=6, raw rows=6
[23:48:55] [SAVE] saved excel: output/talkback_compare_20260411_234724.xlsx rows=6 with_images=False
[23:48:59] [RESULT] skipped anchor rows count=1
[23:48:59] [SAVE] writing sheets raw/filtered/summary/result
[23:48:59] [SAVE] filtered rows=6, raw rows=6
[23:48:59] [SAVE] saved excel: output/talkback_compare_20260411_234724.xlsx rows=6 with_images=False
[23:49:02] [OVERLAY] realign status='realign_entry_reached' entry_reached=True steps_taken=2 match_by='view_id'
[23:49:07] [CONTEXT] skipped reason='anchor_only_mode'
[23:49:07] [CONTEXT] skipped reason='anchor_only_mode'
[23:49:07] [CONTEXT] scenario='life_air_care_plugin' type='skipped' expected='' actual='' ok=True
[23:49:07] [CONTEXT] verification passed scenario='life_air_care_plugin'
[23:49:07] [ANCHOR][overlay_realign] success scenario='life_air_care_plugin' selected=True matched=True stable=True context_ok=True reason='selected_and_verified'
[23:49:07] [ANCHOR][overlay_realign] success scenario='life_air_care_plugin' reason='overlay_realign_verified'
[23:49:07] [STEP] START tab='(?i).*life.*' step=3
[23:49:12] [ROW] fingerprint='|air care|air care|552,214' normalized_fingerprint='|air care|air care' duplicate=false recent_duplicate=true distance=2 recent_semantic_duplicate=true semantic_distance=2 semantic_window_unique=3 noise=false
[23:49:12] [STEP] END tab='(?i).*life.*' step=3 elapsed=4.57s move_result='{'success': True, 'status': 'moved', 'detail': 'moved', 'raw': {'timestamp': 1775918949498, 'reqId': 'f7e5c1f7', 'success': True, 'status': 'moved', 'detail': 'moved', 'flags': []}}' visible='Air Care' speech='Air Care' crop='output\talkback_compare_20260411_234724\crops\i_._life._step_3_Air_Care.png' timing(move=0.499s ann=3.056s get_focus=1.019s get_focus_fallback_dump=0.000s step_dump=0.000s crop=0.479s total=5.053s) focus_reason='' fallback_used=False fallback_found=False step_dump_used=False step_dump_reason='focus_payload_sufficient' req_id='c2821cae'
[23:49:12] [STOP][eval] step=3 scenario='life_air_care_plugin' terminal=false same_like_count=0 no_progress=false scenario_type='content' is_global_nav=false after_realign=true recent_repeat=false bounded_two_card_loop=false semantic_same_like=false recent_duplicate=true recent_duplicate_distance=2 recent_semantic_duplicate=true recent_semantic_duplicate_distance=2 recent_semantic_unique_count=3 strict_duplicate=false semantic_duplicate=false repeat_class='none' loop_classification='none' hard_no_progress=false soft_no_progress=false no_progress_class='none' overlay_realign_grace_active=false min_step_gate_blocked=false realign_grace_suppressed=false repeat_stop_hit=false decision='continue' reason='none' stop_explain_version='pr7_explain_v1' stop_explain_input='step:3|move:{'success': true, 'status': 'moved', 'detail': 'moved', 'raw': {'timestamp': 1775918949498, 'reqid': 'f7e5c1f7', 'success': true, 'status': 'moved', 'detail': 'moved', 'flags': []}}|smart:moved|same:0|fail:0' stop_explain_repeat='recent:false|class:none|strict:false|semantic:false|loop:none|two_card:false' stop_explain_no_progress='hit:false|class:none|hard:false|soft:false' stop_explain_gate='candidate:false|min_block:false|realign_suppress:false|realign_active:false|decision:continue'
[23:49:12] [RESULT] skipped anchor rows count=1
[23:49:12] [SAVE] writing sheets raw/filtered/summary/result
[23:49:12] [SAVE] filtered rows=6, raw rows=7
[23:49:13] [SAVE] saved excel: output/talkback_compare_20260411_234724.xlsx rows=7 with_images=False
[23:49:13] [STEP] START tab='(?i).*life.*' step=4
[23:49:18] [ROW] fingerprint='more|more options|more options|972,214' normalized_fingerprint='more|more options|more options' duplicate=false recent_duplicate=true distance=2 recent_semantic_duplicate=true semantic_distance=2 semantic_window_unique=3 noise=false
[23:49:18] [STEP] END tab='(?i).*life.*' step=4 elapsed=4.56s move_result='{'success': True, 'status': 'moved', 'detail': 'moved', 'raw': {'timestamp': 1775918954659, 'reqId': 'c4add4d5', 'success': True, 'status': 'moved', 'detail': 'moved', 'flags': []}}' visible='More options' speech='More options' crop='output\talkback_compare_20260411_234724\crops\i_._life._step_4_More_options.png' timing(move=0.465s ann=3.111s get_focus=0.988s get_focus_fallback_dump=0.000s step_dump=0.000s crop=0.466s total=5.030s) focus_reason='' fallback_used=False fallback_found=False step_dump_used=False step_dump_reason='focus_payload_sufficient' req_id='68657af1'
[23:49:18] [STOP][eval] step=4 scenario='life_air_care_plugin' terminal=false same_like_count=0 no_progress=false scenario_type='content' is_global_nav=false after_realign=false recent_repeat=false bounded_two_card_loop=false semantic_same_like=false recent_duplicate=true recent_duplicate_distance=2 recent_semantic_duplicate=true recent_semantic_duplicate_distance=2 recent_semantic_unique_count=3 strict_duplicate=false semantic_duplicate=false repeat_class='none' loop_classification='none' hard_no_progress=false soft_no_progress=false no_progress_class='none' overlay_realign_grace_active=false min_step_gate_blocked=false realign_grace_suppressed=false repeat_stop_hit=false decision='continue' reason='none' stop_explain_version='pr7_explain_v1' stop_explain_input='step:4|move:{'success': true, 'status': 'moved', 'detail': 'moved', 'raw': {'timestamp': 1775918954659, 'reqid': 'c4add4d5', 'success': true, 'status': 'moved', 'detail': 'moved', 'flags': []}}|smart:moved|same:0|fail:0' stop_explain_repeat='recent:false|class:none|strict:false|semantic:false|loop:none|two_card:false' stop_explain_no_progress='hit:false|class:none|hard:false|soft:false' stop_explain_gate='candidate:false|min_block:false|realign_suppress:false|realign_active:false|decision:continue'
[23:49:18] [OVERLAY] skip already expanded entry fingerprint='(?i).*life.*|more|more options'
[23:49:18] [STEP] START tab='(?i).*life.*' step=5
[23:49:23] [ROW] fingerprint='|set geolocation to monitor outdoor air quality|set geolocation to monitor outdoor air quality|516,418' normalized_fingerprint='|set geolocation to monitor outdoor air quality|set geolocation to monitor outdoor air quality' duplicate=false recent_duplicate=false distance=0 recent_semantic_duplicate=false semantic_distance=0 semantic_window_unique=4 noise=false
[23:49:23] [STEP] END tab='(?i).*life.*' step=5 elapsed=4.65s move_result='{'success': True, 'status': 'moved', 'detail': 'moved', 'raw': {'timestamp': 1775918959712, 'reqId': 'd7205e02', 'success': True, 'status': 'moved', 'detail': 'moved', 'flags': []}}' visible='Set geolocation to monitor outdoor air quality' speech='Set geolocation to monitor outdoor air quality' crop='output\talkback_compare_20260411_234724\crops\i_._life._step_5_Set_geolocation_to_monitor_outdoor_air_q.png' timing(move=0.509s ann=3.099s get_focus=1.045s get_focus_fallback_dump=0.000s step_dump=0.000s crop=0.480s total=5.133s) focus_reason='' fallback_used=False fallback_found=False step_dump_used=False step_dump_reason='focus_payload_sufficient' req_id='a5c3c5b8'
[23:49:23] [STOP][eval] step=5 scenario='life_air_care_plugin' terminal=false same_like_count=0 no_progress=false scenario_type='content' is_global_nav=false after_realign=false recent_repeat=false bounded_two_card_loop=false semantic_same_like=false recent_duplicate=false recent_duplicate_distance=0 recent_semantic_duplicate=false recent_semantic_duplicate_distance=0 recent_semantic_unique_count=4 strict_duplicate=false semantic_duplicate=false repeat_class='none' loop_classification='none' hard_no_progress=false soft_no_progress=false no_progress_class='none' overlay_realign_grace_active=false min_step_gate_blocked=false realign_grace_suppressed=false repeat_stop_hit=false decision='continue' reason='none' stop_explain_version='pr7_explain_v1' stop_explain_input='step:5|move:{'success': true, 'status': 'moved', 'detail': 'moved', 'raw': {'timestamp': 1775918959712, 'reqid': 'd7205e02', 'success': true, 'status': 'moved', 'detail': 'moved', 'flags': []}}|smart:moved|same:0|fail:0' stop_explain_repeat='recent:false|class:none|strict:false|semantic:false|loop:none|two_card:false' stop_explain_no_progress='hit:false|class:none|hard:false|soft:false' stop_explain_gate='candidate:false|min_block:false|realign_suppress:false|realign_active:false|decision:continue'
[23:49:23] [STEP] START tab='(?i).*life.*' step=6
[23:49:28] [ROW] fingerprint='dismiss|dismiss|dismiss|457,520' normalized_fingerprint='dismiss|dismiss|dismiss' duplicate=false recent_duplicate=false distance=0 recent_semantic_duplicate=false semantic_distance=0 semantic_window_unique=4 noise=false
[23:49:28] [STEP] END tab='(?i).*life.*' step=6 elapsed=4.56s move_result='{'success': True, 'status': 'moved', 'detail': 'moved', 'raw': {'timestamp': 1775918964795, 'reqId': '0808edd9', 'success': True, 'status': 'moved', 'detail': 'moved', 'flags': []}}' visible='Dismiss' speech='Dismiss' crop='output\talkback_compare_20260411_234724\crops\i_._life._step_6_Dismiss.png' timing(move=0.442s ann=3.075s get_focus=1.042s get_focus_fallback_dump=0.000s step_dump=0.000s crop=0.483s total=5.043s) focus_reason='' fallback_used=False fallback_found=False step_dump_used=False step_dump_reason='focus_payload_sufficient' req_id='90fbe27c'
[23:49:28] [STOP][eval] step=6 scenario='life_air_care_plugin' terminal=false same_like_count=0 no_progress=false scenario_type='content' is_global_nav=false after_realign=false recent_repeat=false bounded_two_card_loop=false semantic_same_like=false recent_duplicate=false recent_duplicate_distance=0 recent_semantic_duplicate=false recent_semantic_duplicate_distance=0 recent_semantic_unique_count=4 strict_duplicate=false semantic_duplicate=false repeat_class='none' loop_classification='none' hard_no_progress=false soft_no_progress=false no_progress_class='none' overlay_realign_grace_active=false min_step_gate_blocked=false realign_grace_suppressed=false repeat_stop_hit=false decision='continue' reason='none' stop_explain_version='pr7_explain_v1' stop_explain_input='step:6|move:{'success': true, 'status': 'moved', 'detail': 'moved', 'raw': {'timestamp': 1775918964795, 'reqid': '0808edd9', 'success': true, 'status': 'moved', 'detail': 'moved', 'flags': []}}|smart:moved|same:0|fail:0' stop_explain_repeat='recent:false|class:none|strict:false|semantic:false|loop:none|two_card:false' stop_explain_no_progress='hit:false|class:none|hard:false|soft:false' stop_explain_gate='candidate:false|min_block:false|realign_suppress:false|realign_active:false|decision:continue'
[23:49:28] [RESULT] skipped anchor rows count=1
[23:49:28] [SAVE] writing sheets raw/filtered/summary/result
[23:49:28] [SAVE] filtered rows=8, raw rows=10
[23:49:28] [SAVE] saved excel: output/talkback_compare_20260411_234724.xlsx rows=10 with_images=False
[23:49:28] [STEP] START tab='(?i).*life.*' step=7
[23:49:33] [ROW] fingerprint='set_geo|set geolocation|set geolocation|808,520' normalized_fingerprint='set geo|set geolocation|set geolocation' duplicate=false recent_duplicate=false distance=0 recent_semantic_duplicate=false semantic_distance=0 semantic_window_unique=5 noise=false
[23:49:33] [STEP] END tab='(?i).*life.*' step=7 elapsed=4.40s move_result='{'success': True, 'status': 'moved', 'detail': 'moved', 'raw': {'timestamp': 1775918969983, 'reqId': 'bf628379', 'success': True, 'status': 'moved', 'detail': 'moved', 'flags': []}}' visible='Set geolocation' speech='Set geolocation' crop='output\talkback_compare_20260411_234724\crops\i_._life._step_7_Set_geolocation.png' timing(move=0.477s ann=2.924s get_focus=1.000s get_focus_fallback_dump=0.000s step_dump=0.000s crop=0.471s total=4.872s) focus_reason='' fallback_used=False fallback_found=False step_dump_used=False step_dump_reason='focus_payload_sufficient' req_id='6385a527'
[23:49:33] [STOP][eval] step=7 scenario='life_air_care_plugin' terminal=false same_like_count=0 no_progress=false scenario_type='content' is_global_nav=false after_realign=false recent_repeat=false bounded_two_card_loop=false semantic_same_like=false recent_duplicate=false recent_duplicate_distance=0 recent_semantic_duplicate=false recent_semantic_duplicate_distance=0 recent_semantic_unique_count=5 strict_duplicate=false semantic_duplicate=false repeat_class='none' loop_classification='none' hard_no_progress=false soft_no_progress=false no_progress_class='none' overlay_realign_grace_active=false min_step_gate_blocked=false realign_grace_suppressed=false repeat_stop_hit=false decision='continue' reason='none' stop_explain_version='pr7_explain_v1' stop_explain_input='step:7|move:{'success': true, 'status': 'moved', 'detail': 'moved', 'raw': {'timestamp': 1775918969983, 'reqid': 'bf628379', 'success': true, 'status': 'moved', 'detail': 'moved', 'flags': []}}|smart:moved|same:0|fail:0' stop_explain_repeat='recent:false|class:none|strict:false|semantic:false|loop:none|two_card:false' stop_explain_no_progress='hit:false|class:none|hard:false|soft:false' stop_explain_gate='candidate:false|min_block:false|realign_suppress:false|realign_active:false|decision:continue'
[23:49:33] [STEP] START tab='(?i).*life.*' step=8
[23:49:38] [ROW] fingerprint='|outdoor air quality (fine dust)|outdoor air quality (fine dust)|486,724' normalized_fingerprint='|outdoor air quality fine dust|outdoor air quality fine dust' duplicate=false recent_duplicate=false distance=0 recent_semantic_duplicate=false semantic_distance=0 semantic_window_unique=6 noise=false
[23:49:38] [STEP] END tab='(?i).*life.*' step=8 elapsed=4.61s move_result='{'success': True, 'status': 'moved', 'detail': 'moved', 'raw': {'timestamp': 1775918974903, 'reqId': 'aeffb3cb', 'success': True, 'status': 'moved', 'detail': 'moved', 'flags': []}}' visible='Outdoor air quality (fine dust)' speech='Outdoor air quality (fine dust)' crop='output\talkback_compare_20260411_234724\crops\i_._life._step_8_Outdoor_air_quality__fine_dust.png' timing(move=0.522s ann=3.056s get_focus=1.027s get_focus_fallback_dump=0.000s step_dump=0.000s crop=0.507s total=5.114s) focus_reason='' fallback_used=False fallback_found=False step_dump_used=False step_dump_reason='focus_payload_sufficient' req_id='38f8dcc7'
[23:49:38] [STOP][eval] step=8 scenario='life_air_care_plugin' terminal=false same_like_count=0 no_progress=false scenario_type='content' is_global_nav=false after_realign=false recent_repeat=false bounded_two_card_loop=false semantic_same_like=false recent_duplicate=false recent_duplicate_distance=0 recent_semantic_duplicate=false recent_semantic_duplicate_distance=0 recent_semantic_unique_count=6 strict_duplicate=false semantic_duplicate=false repeat_class='none' loop_classification='none' hard_no_progress=false soft_no_progress=false no_progress_class='none' overlay_realign_grace_active=false min_step_gate_blocked=false realign_grace_suppressed=false repeat_stop_hit=false decision='continue' reason='none' stop_explain_version='pr7_explain_v1' stop_explain_input='step:8|move:{'success': true, 'status': 'moved', 'detail': 'moved', 'raw': {'timestamp': 1775918974903, 'reqid': 'aeffb3cb', 'success': true, 'status': 'moved', 'detail': 'moved', 'flags': []}}|smart:moved|same:0|fail:0' stop_explain_repeat='recent:false|class:none|strict:false|semantic:false|loop:none|two_card:false' stop_explain_no_progress='hit:false|class:none|hard:false|soft:false' stop_explain_gate='candidate:false|min_block:false|realign_suppress:false|realign_active:false|decision:continue'
[23:49:38] [STEP] START tab='(?i).*life.*' step=9
[23:49:43] [ROW] fingerprint='|information|information|966,724' normalized_fingerprint='|information|information' duplicate=false recent_duplicate=false distance=0 recent_semantic_duplicate=false semantic_distance=0 semantic_window_unique=6 noise=false
[23:49:43] [STEP] END tab='(?i).*life.*' step=9 elapsed=4.65s move_result='{'success': True, 'status': 'moved', 'detail': 'moved', 'raw': {'timestamp': 1775918979998, 'reqId': '7466b1c6', 'success': True, 'status': 'moved', 'detail': 'moved', 'flags': []}}' visible='Information' speech='Information' crop='output\talkback_compare_20260411_234724\crops\i_._life._step_9_Information.png' timing(move=0.493s ann=3.107s get_focus=1.048s get_focus_fallback_dump=0.000s step_dump=0.000s crop=0.464s total=5.113s) focus_reason='' fallback_used=False fallback_found=False step_dump_used=False step_dump_reason='focus_payload_sufficient' req_id='c58a64c1'
[23:49:43] [STOP][eval] step=9 scenario='life_air_care_plugin' terminal=false same_like_count=0 no_progress=false scenario_type='content' is_global_nav=false after_realign=false recent_repeat=false bounded_two_card_loop=false semantic_same_like=false recent_duplicate=false recent_duplicate_distance=0 recent_semantic_duplicate=false recent_semantic_duplicate_distance=0 recent_semantic_unique_count=6 strict_duplicate=false semantic_duplicate=false repeat_class='none' loop_classification='none' hard_no_progress=false soft_no_progress=false no_progress_class='none' overlay_realign_grace_active=false min_step_gate_blocked=false realign_grace_suppressed=false repeat_stop_hit=false decision='continue' reason='none' stop_explain_version='pr7_explain_v1' stop_explain_input='step:9|move:{'success': true, 'status': 'moved', 'detail': 'moved', 'raw': {'timestamp': 1775918979998, 'reqid': '7466b1c6', 'success': true, 'status': 'moved', 'detail': 'moved', 'flags': []}}|smart:moved|same:0|fail:0' stop_explain_repeat='recent:false|class:none|strict:false|semantic:false|loop:none|two_card:false' stop_explain_no_progress='hit:false|class:none|hard:false|soft:false' stop_explain_gate='candidate:false|min_block:false|realign_suppress:false|realign_active:false|decision:continue'
[23:49:43] [RESULT] skipped anchor rows count=1
[23:49:43] [SAVE] writing sheets raw/filtered/summary/result
[23:49:43] [SAVE] filtered rows=11, raw rows=13
[23:49:43] [SAVE] saved excel: output/talkback_compare_20260411_234724.xlsx rows=13 with_images=False
[23:49:43] [STEP] START tab='(?i).*life.*' step=10
[23:49:48] [ROW] fingerprint='|previous time|previous time|120,871' normalized_fingerprint='|previous time|previous time' duplicate=false recent_duplicate=false distance=0 recent_semantic_duplicate=false semantic_distance=0 semantic_window_unique=6 noise=false
[23:49:48] [STEP] END tab='(?i).*life.*' step=10 elapsed=4.65s move_result='{'success': True, 'status': 'moved', 'detail': 'moved', 'raw': {'timestamp': 1775918985191, 'reqId': '4b1afe04', 'success': True, 'status': 'moved', 'detail': 'moved', 'flags': []}}' visible='Previous time' speech='Previous time' crop='output\talkback_compare_20260411_234724\crops\i_._life._step_10_Previous_time.png' timing(move=0.455s ann=3.129s get_focus=1.064s get_focus_fallback_dump=0.000s step_dump=0.000s crop=0.465s total=5.114s) focus_reason='' fallback_used=False fallback_found=False step_dump_used=False step_dump_reason='focus_payload_sufficient' req_id='85236bf7'
[23:49:48] [STOP][eval] step=10 scenario='life_air_care_plugin' terminal=false same_like_count=0 no_progress=false scenario_type='content' is_global_nav=false after_realign=false recent_repeat=false bounded_two_card_loop=false semantic_same_like=false recent_duplicate=false recent_duplicate_distance=0 recent_semantic_duplicate=false recent_semantic_duplicate_distance=0 recent_semantic_unique_count=6 strict_duplicate=false semantic_duplicate=false repeat_class='none' loop_classification='none' hard_no_progress=false soft_no_progress=false no_progress_class='none' overlay_realign_grace_active=false min_step_gate_blocked=false realign_grace_suppressed=false repeat_stop_hit=false decision='continue' reason='none' stop_explain_version='pr7_explain_v1' stop_explain_input='step:10|move:{'success': true, 'status': 'moved', 'detail': 'moved', 'raw': {'timestamp': 1775918985191, 'reqid': '4b1afe04', 'success': true, 'status': 'moved', 'detail': 'moved', 'flags': []}}|smart:moved|same:0|fail:0' stop_explain_repeat='recent:false|class:none|strict:false|semantic:false|loop:none|two_card:false' stop_explain_no_progress='hit:false|class:none|hard:false|soft:false' stop_explain_gate='candidate:false|min_block:false|realign_suppress:false|realign_active:false|decision:continue'
[23:49:48] [STOP][summary] scenario='life_air_care_plugin' stop_triggered=false stop_step=10 reason='safety_limit'
[23:49:48] [PERF][scenario_summary] scenario=life_air_care_plugin tab=(?i).*life.* total_runtime=142.9 total_steps=14 main_step_count=11 overlay_step_count=3 overlay_count=1 avg_get_focus=0.942 avg_move=0.438 avg_crop=0.481 avg_step_total=5.054 step_total_sample_count=11 avg_get_focus_main=1.026 avg_get_focus_overlay=0.634 fallback_dump_count=0 success_false_top_level_dump_attempt_count=0 success_false_top_level_dump_found_count=0 fallback_dump_rate=0.0 get_focus_strong_skip_count=14 get_focus_strong_skip_rate=100.0 step_dump_used_count=0 save_excel_count=7 realign_attempt_count=1 realign_success_count=1 realign_success_rate=100.0
[23:49:48] [RECOVER] start
[23:49:54] [RECOVER] success
[23:49:54] [SCENARIO][stabilization] scenario='life_home_care_plugin' screen_context_mode='new_screen' stabilization_mode='anchor_only'
[23:49:54] [CONTEXT] skipped reason='new_screen_mode' phase='tab_select'
[23:49:54] [TAB][select] fallback_to_legacy=True scenario='life_home_care_plugin'
[23:49:58] [TRACE][open_scenario] scenario='life_home_care_plugin' stabilization_mode='anchor_only' focus_align_attempted=True focus_align_ok=True focus_align_reason='' context_ok=False anchor_matched=False anchor_stable=False
[23:49:59] [SCENARIO][pre_nav][stabilization] phase='before_pre_navigation' attempt=1/2 life_selected=false app_bar_hits=4 visible_card_hits=0 life_root_signature_present=false navigate_up_hits=0 family_care_signature_seen=true final_score=2 ok=false pass_reason='' fail_reason='life_root_not_stable'
[23:49:59] [SCENARIO][pre_nav][stabilization][life_energy_relaxed_gate] phase='before_pre_navigation' attempt=1/2 allow_scrolltouch=true reason='life_plugin_list_likely'
[23:49:59] [SCENARIO][pre_nav] step=1 action=scrolltouch target='(?i)(^home\s*care$|home\s*care\.|\bhomecare\b|홈\s*케어)'
[23:49:59] [SCENARIO][pre_nav] before scrolltouch, scroll_to_top invoked cumulative_mode=true
[23:50:02] [SCENARIO][pre_nav] scroll_to_top result={'ok': True, 'reached_top': True, 'attempts': 1, 'reason': 'scroll_failed'}
[23:50:03] [SCENARIO][pre_nav] top_state_verify ok=false reason='top_marker_missing' scenario='life_home_care_plugin'
[23:50:06] [SCENARIO][pre_nav] top_state_verify retry=1/2 ok=false reason='top_marker_missing'
[23:50:09] [SCENARIO][pre_nav] top_state_verify retry=2/2 ok=false reason='top_marker_missing'
[23:50:12] [SCENARIO][pre_nav][scrolltouch][debug] scroll_step=1/5 visible_candidate_count=1 partial_match_count=1 exact_match_count=0 xml_fallback_attempted=true xml_fallback_reason='ok' rejections='filtered_before_candidate:20' visible_top='label='Connect Samsung home appliances and get smart care using the' rid='com.samsung.android.oneconnect:id/frameL' cls='android.widget.FrameLayout' bounds='42,1858,1038,2316'' partial_top='label='Connect Samsung home appliances and get smart care using the' rid='com.samsung.android.oneconnect:id/frameL' cls='android.widget.FrameLayout' bounds='42,1858,1038,2316'' pre_candidate_top='-' local_search_nodes=21 selected=true selected_reason='candidate_count=1'
[23:50:12] [SCENARIO][pre_nav][scrolltouch][inspect] scroll_step=1/5 samples='label='우리 집 QR code 우리 집 QR code' rid='com.samsung.android.oneconnect:id/home_button' cls='android.widget.ImageButton' visible=true clickable=true focusable=true effectiveClickable=true matched_text_node='com.samsung.android.oneconnect:id/home_button' promoted_container=false promotion_reason='none' promoted_from='' promoted_to='' stage='label_filter' reason='filtered_before_candidate' | label='우리 집, Change location 우리 집, Change location' rid='com.samsung.android.oneconnect:id/tab_title' cls='android.widget.LinearLayout' visible=true clickable=true focusable=true effectiveClickable=true matched_text_node='com.samsung.android.oneconnect:id/tab_title' promoted_container=false promotion_reason='none' promoted_from='' promoted_to='' stage='label_filter' reason='filtered_before_candidate' | label='Add Add' rid='com.samsung.android.oneconnect:id/add_menu_butto' cls='android.widget.ImageButton' visible=true clickable=true focusable=true effectiveClickable=true matched_text_node='com.samsung.android.oneconnect:id/add_menu_button' promoted_container=false promotion_reason='none' promoted_from='' promoted_to='' stage='label_filter' reason='filtered_before_candidate' | label='More options Mor'
[23:50:12] [SCENARIO][pre_nav][scrolltouch] candidate_select reason='candidate_count=1' class='android.widget.FrameLayout' resource='com.samsung.android.oneconnect:id/frameLayout' bounds='42,1858,1038,2316' visible=true label='' promoted_container=true promotion_attempted=true promotion_source='xml_live' matched_text_node='com.samsung.android.oneconnect:id/tvHeaderTitle' promotion_reason='xml_live_containment_container' promotion_candidate_count=8 promotion_debug_summary='helper:no_candidate;xml_live:candidate_count=8' promoted_from='com.samsung.android.oneconnect:id/tvHeaderTitle' promoted_to='com.samsung.android.oneconnect:id/frameLayout' selected_area=456168 text_area=161424 area_ratio=2.826 ancestor_distance=-1 tap_point='540,2087' tap_strategy='center' rank_summary_top3='com.samsung.android.oneconnect:id/frameLayout:xml_live_containment_container:ov=1000:ar=2.83:sp=5:ad=-1 | com.samsung.android.oneconnect:id/generic_view_pager:xml_live_containment_container:ov=1000:ar=2.83:sp=4:ad=-1 | c' scroll_step=1/5 cumulative_mode=true
[23:50:12] [SCENARIO][pre_nav][scrolltouch] candidate_select reason='no_local_match' fallback='helper_scrollTouch' reason_detail='local_search_exhausted' cumulative_mode=true
[23:50:35] [SCENARIO][pre_nav][scrolltouch] post_click_transition same_screen=false signal='screen_text'
[23:50:35] [SCENARIO][pre_nav] success step=1 reason='ACTION_CLICK success'
[23:50:37] [SCENARIO][pre_nav] success
[23:50:43] [ANCHOR][fallback] explicit anchor not matched, trying top content fallback
[23:50:43] [ANCHOR][fallback] selected candidate label='Always manage your home appliances optimally, Home Care constantly monitors devices that support AI diagnosis and informs you when they need cleaning, replacing, or other maintenance. Always manage your home appliances optimally, Home Care constantly monitors devices that support AI diagnosis and informs you when they need cleaning, replacing, or other maintenance.' position='top_center'
[23:50:43] [ANCHOR][plugin_fallback] using_top_start_candidate position='top_center'
[23:50:52] [CONTEXT] skipped reason='anchor_only_mode'
[23:50:52] [CONTEXT] skipped reason='anchor_only_mode'
[23:50:52] [CONTEXT] scenario='life_home_care_plugin' type='skipped' expected='' actual='' ok=True
[23:50:52] [ANCHOR][scenario_start] anchor mismatch scenario='life_home_care_plugin'
[23:50:52] [ANCHOR][scenario_start] anchor not stable scenario='life_home_care_plugin'
[23:50:58] [ANCHOR][fallback] explicit anchor not matched, trying top content fallback
[23:50:58] [ANCHOR][fallback] selected candidate label='Always manage your home appliances optimally, Home Care constantly monitors devices that support AI diagnosis and informs you when they need cleaning, replacing, or other maintenance. Always manage your home appliances optimally, Home Care constantly monitors devices that support AI diagnosis and informs you when they need cleaning, replacing, or other maintenance.' position='top_center'
[23:50:58] [ANCHOR][plugin_fallback] using_top_start_candidate position='top_center'
[23:51:07] [CONTEXT] skipped reason='anchor_only_mode'
[23:51:07] [CONTEXT] skipped reason='anchor_only_mode'
[23:51:07] [CONTEXT] scenario='life_home_care_plugin' type='skipped' expected='' actual='' ok=True
[23:51:07] [ANCHOR][scenario_start] anchor mismatch scenario='life_home_care_plugin'
[23:51:07] [ANCHOR][scenario_start] anchor not stable scenario='life_home_care_plugin'
[23:51:07] [TRACE][open_scenario] scenario='life_home_care_plugin' stabilization_mode='anchor_only' focus_align_attempted=True focus_align_ok=True focus_align_reason='' context_ok=False anchor_matched=False anchor_stable=False
[23:51:07] [ANCHOR][scenario_start] stabilization failed but proceeding with low-confidence fallback start scenario='life_home_care_plugin' source='fallback_top_center' reason='fallback_candidate_and_focus_evidence'
[23:51:07] [ANCHOR][plugin_fallback] candidate_label='Always manage your home appliances optimally, Home Care constantly monitors devices that support AI diagnosis and informs you when they need cleaning, replacing, or other maintenance. Always manage your home appliances optimally, Home Care constantly monitors devices that support AI diagnosis and informs you when they need cleaning, replacing, or other maintenance.' candidate_view_id='' reason='new_screen_evidence_confirmed'
[23:51:07] [ANCHOR][plugin_fallback] stabilized_by='post_focus_verified'
[23:51:07] [SCENARIO][start_mode] scenario='life_home_care_plugin' mode='low_confidence_fallback'
[23:51:08] [SCENARIO][entry_contract] success scenario='life_home_care_plugin' entry_type='card' reason='success_verified' detail='plugin_open_verified'
[23:51:09] [TRACE][post_open_focus] scenario='life_home_care_plugin' view_id='' label='SmartThings Home Care' speech='SmartThings Home Care' bounds='{'l': 0, 't': 94, 'r': 1080, 'b': 2496, 'left': 0, 'top': 94, 'right': 1080, 'bottom': 2496}' source='top_level' top_level=True
[23:51:13] [TRACE][anchor_row] scenario='life_home_care_plugin' step=0 view_id='' visible='SmartThings Home Care' speech='SmartThings Home Care' normalized_visible='smartthings home care' is_global_nav=False
[23:51:14] [ROW] fingerprint='|smartthings home care|smartthings home care|540,1295' normalized_fingerprint='|smartthings home care|smartthings home care' duplicate=false recent_duplicate=false distance=0 recent_semantic_duplicate=false semantic_distance=0 semantic_window_unique=1 noise=false
[23:51:14] [RESULT] skipped anchor rows count=2
[23:51:14] [SAVE] writing sheets raw/filtered/summary/result
[23:51:14] [SAVE] filtered rows=13, raw rows=15
[23:51:14] [SAVE] saved excel: output/talkback_compare_20260411_234724.xlsx rows=15 with_images=False
[23:51:14] [STEP] START tab='(?i).*life.*' step=1
[23:51:19] [ROW] fingerprint='|always manage your home appliances optimally home care constantly monitors devic|always manage your home appliances optimally home care constantly monitors devic|540,1084' normalized_fingerprint='|always manage your home appliances optimally home care constantly monitors devices that support ai diagnosis and informs|always manage your home appliances optimally home care constantly monitors devices that support ai diagnosis and informs' duplicate=false recent_duplicate=false distance=0 recent_semantic_duplicate=false semantic_distance=0 semantic_window_unique=2 noise=false
[23:51:19] [STEP] END tab='(?i).*life.*' step=1 elapsed=4.26s move_result='' visible='Always manage your home appliances optimally, Home Care constantly monitors devices that support AI diagnosis and informs you when they need cleaning, replacing, or other maintenance.' speech='Always manage your home appliances optimally, Home Care constantly monitors devices that support AI diagnosis and informs you when they need cleaning, replacing, or other maintenance.' crop='output\talkback_compare_20260411_234724\crops\i_._life._step_1_Always_manage_your_home_appliances_optim.png' timing(move=0.275s ann=3.017s get_focus=0.971s get_focus_fallback_dump=0.000s step_dump=0.000s crop=0.535s total=4.799s) focus_reason='' fallback_used=False fallback_found=False step_dump_used=False step_dump_reason='focus_payload_sufficient' req_id='2778c5a9'
[23:51:19] [STOP][eval] step=1 scenario='life_home_care_plugin' terminal=false same_like_count=0 no_progress=false scenario_type='content' is_global_nav=false after_realign=false recent_repeat=false bounded_two_card_loop=false semantic_same_like=false recent_duplicate=false recent_duplicate_distance=0 recent_semantic_duplicate=false recent_semantic_duplicate_distance=0 recent_semantic_unique_count=2 strict_duplicate=false semantic_duplicate=false repeat_class='none' loop_classification='none' hard_no_progress=false soft_no_progress=false no_progress_class='none' overlay_realign_grace_active=false min_step_gate_blocked=false realign_grace_suppressed=false repeat_stop_hit=false decision='continue' reason='none' stop_explain_version='pr7_explain_v1' stop_explain_input='step:1|move:none|smart:failed|same:0|fail:0' stop_explain_repeat='recent:false|class:none|strict:false|semantic:false|loop:none|two_card:false' stop_explain_no_progress='hit:false|class:none|hard:false|soft:false' stop_explain_gate='candidate:false|min_block:false|realign_suppress:false|realign_active:false|decision:continue'
[23:51:19] [STEP] START tab='(?i).*life.*' step=2
[23:51:24] [ROW] fingerprint='|start|start|540,2357' normalized_fingerprint='|start|start' duplicate=false recent_duplicate=false distance=0 recent_semantic_duplicate=false semantic_distance=0 semantic_window_unique=3 noise=false
[23:51:24] [STEP] END tab='(?i).*life.*' step=2 elapsed=5.05s move_result='{'success': True, 'status': 'moved', 'detail': 'moved', 'raw': {'timestamp': 1775919081635, 'reqId': 'd7dd4f01', 'success': True, 'status': 'moved', 'detail': 'moved', 'flags': []}}' visible='Start , Button' speech='Start , Button' crop='output\talkback_compare_20260411_234724\crops\i_._life._step_2_Start___Button.png' timing(move=1.112s ann=2.974s get_focus=0.968s get_focus_fallback_dump=0.000s step_dump=0.000s crop=0.462s total=5.516s) focus_reason='' fallback_used=False fallback_found=False step_dump_used=False step_dump_reason='focus_payload_sufficient' req_id='86f3191c'
[23:51:24] [STOP][eval] step=2 scenario='life_home_care_plugin' terminal=false same_like_count=0 no_progress=false scenario_type='content' is_global_nav=false after_realign=false recent_repeat=false bounded_two_card_loop=false semantic_same_like=false recent_duplicate=false recent_duplicate_distance=0 recent_semantic_duplicate=false recent_semantic_duplicate_distance=0 recent_semantic_unique_count=3 strict_duplicate=false semantic_duplicate=false repeat_class='none' loop_classification='none' hard_no_progress=false soft_no_progress=false no_progress_class='none' overlay_realign_grace_active=false min_step_gate_blocked=false realign_grace_suppressed=false repeat_stop_hit=false decision='continue' reason='none' stop_explain_version='pr7_explain_v1' stop_explain_input='step:2|move:{'success': true, 'status': 'moved', 'detail': 'moved', 'raw': {'timestamp': 1775919081635, 'reqid': 'd7dd4f01', 'success': true, 'status': 'moved', 'detail': 'moved', 'flags': []}}|smart:moved|same:0|fail:0' stop_explain_repeat='recent:false|class:none|strict:false|semantic:false|loop:none|two_card:false' stop_explain_no_progress='hit:false|class:none|hard:false|soft:false' stop_explain_gate='candidate:false|min_block:false|realign_suppress:false|realign_active:false|decision:continue'
[23:51:24] [STEP] START tab='(?i).*life.*' step=3
[23:51:30] [ROW] fingerprint='|start|start|540,2357' normalized_fingerprint='|start|start' duplicate=true recent_duplicate=true distance=1 recent_semantic_duplicate=true semantic_distance=1 semantic_window_unique=3 noise=false
[23:51:30] [STEP] END tab='(?i).*life.*' step=3 elapsed=5.10s move_result='' visible='Start , Button' speech='Start , Button' crop='output\talkback_compare_20260411_234724\crops\i_._life._step_3_Start___Button.png' timing(move=0.283s ann=3.834s get_focus=0.984s get_focus_fallback_dump=0.000s step_dump=0.000s crop=0.505s total=5.607s) focus_reason='' fallback_used=False fallback_found=False step_dump_used=False step_dump_reason='focus_payload_sufficient' req_id='fa8ad675'
[23:51:30] [STOP][eval] step=3 scenario='life_home_care_plugin' terminal=false same_like_count=1 no_progress=false scenario_type='content' is_global_nav=false after_realign=false recent_repeat=false bounded_two_card_loop=false semantic_same_like=true recent_duplicate=true recent_duplicate_distance=1 recent_semantic_duplicate=true recent_semantic_duplicate_distance=1 recent_semantic_unique_count=3 strict_duplicate=true semantic_duplicate=true repeat_class='mixed_repeat' loop_classification='harmful_loop' hard_no_progress=false soft_no_progress=false no_progress_class='none' overlay_realign_grace_active=false min_step_gate_blocked=false realign_grace_suppressed=false repeat_stop_hit=false decision='continue' reason='none' stop_explain_version='pr7_explain_v1' stop_explain_input='step:3|move:none|smart:failed|same:1|fail:0' stop_explain_repeat='recent:false|class:mixed_repeat|strict:true|semantic:true|loop:harmful_loop|two_card:false' stop_explain_no_progress='hit:false|class:none|hard:false|soft:false' stop_explain_gate='candidate:false|min_block:false|realign_suppress:false|realign_active:false|decision:continue'
[23:51:30] [RESULT] skipped anchor rows count=2
[23:51:30] [SAVE] writing sheets raw/filtered/summary/result
[23:51:30] [SAVE] filtered rows=15, raw rows=18
[23:51:30] [SAVE] saved excel: output/talkback_compare_20260411_234724.xlsx rows=18 with_images=False
[23:51:30] [STEP] START tab='(?i).*life.*' step=4
[23:51:36] [ROW] fingerprint='|start|start|540,2357' normalized_fingerprint='|start|start' duplicate=true recent_duplicate=true distance=1 recent_semantic_duplicate=true semantic_distance=1 semantic_window_unique=3 noise=false
[23:51:36] [STEP] END tab='(?i).*life.*' step=4 elapsed=5.00s move_result='' visible='Start , Button' speech='Start , Button' crop='output\talkback_compare_20260411_234724\crops\i_._life._step_4_Start___Button.png' timing(move=0.255s ann=3.774s get_focus=0.972s get_focus_fallback_dump=0.000s step_dump=0.000s crop=0.463s total=5.465s) focus_reason='' fallback_used=False fallback_found=False step_dump_used=False step_dump_reason='focus_payload_sufficient' req_id='3960499f'
[23:51:36] [STOP][eval] step=4 scenario='life_home_care_plugin' terminal=false same_like_count=2 no_progress=false scenario_type='content' is_global_nav=false after_realign=false recent_repeat=true bounded_two_card_loop=false semantic_same_like=true recent_duplicate=true recent_duplicate_distance=1 recent_semantic_duplicate=true recent_semantic_duplicate_distance=1 recent_semantic_unique_count=3 strict_duplicate=true semantic_duplicate=true repeat_class='mixed_repeat' loop_classification='harmful_loop' hard_no_progress=false soft_no_progress=false no_progress_class='none' overlay_realign_grace_active=false min_step_gate_blocked=false realign_grace_suppressed=false repeat_stop_hit=false decision='continue' reason='none' stop_explain_version='pr7_explain_v1' stop_explain_input='step:4|move:none|smart:failed|same:2|fail:0' stop_explain_repeat='recent:true|class:mixed_repeat|strict:true|semantic:true|loop:harmful_loop|two_card:false' stop_explain_no_progress='hit:false|class:none|hard:false|soft:false' stop_explain_gate='candidate:false|min_block:false|realign_suppress:false|realign_active:false|decision:continue'
[23:51:36] [STEP] START tab='(?i).*life.*' step=5
[23:51:41] [ROW] fingerprint='|start|start|540,2357' normalized_fingerprint='|start|start' duplicate=true recent_duplicate=true distance=1 recent_semantic_duplicate=true semantic_distance=1 semantic_window_unique=3 noise=false
[23:51:41] [STEP] END tab='(?i).*life.*' step=5 elapsed=5.06s move_result='' visible='Start , Button' speech='Start , Button' crop='output\talkback_compare_20260411_234724\crops\i_._life._step_5_Start___Button.png' timing(move=0.242s ann=3.803s get_focus=1.017s get_focus_fallback_dump=0.000s step_dump=0.000s crop=0.488s total=5.551s) focus_reason='' fallback_used=False fallback_found=False step_dump_used=False step_dump_reason='focus_payload_sufficient' req_id='e8a9b6a4'
[23:51:41] [STOP][eval] step=5 scenario='life_home_care_plugin' terminal=false same_like_count=3 no_progress=false scenario_type='content' is_global_nav=false after_realign=false recent_repeat=true bounded_two_card_loop=false semantic_same_like=true recent_duplicate=true recent_duplicate_distance=1 recent_semantic_duplicate=true recent_semantic_duplicate_distance=1 recent_semantic_unique_count=3 strict_duplicate=true semantic_duplicate=true repeat_class='mixed_repeat' loop_classification='harmful_loop' hard_no_progress=false soft_no_progress=false no_progress_class='none' overlay_realign_grace_active=false min_step_gate_blocked=false realign_grace_suppressed=false repeat_stop_hit=false decision='continue' reason='none' stop_explain_version='pr7_explain_v1' stop_explain_input='step:5|move:none|smart:failed|same:3|fail:0' stop_explain_repeat='recent:true|class:mixed_repeat|strict:true|semantic:true|loop:harmful_loop|two_card:false' stop_explain_no_progress='hit:false|class:none|hard:false|soft:false' stop_explain_gate='candidate:false|min_block:false|realign_suppress:false|realign_active:false|decision:continue'
[23:51:41] [STEP] START tab='(?i).*life.*' step=6
[23:51:47] [ROW] fingerprint='|start|start|540,2357' normalized_fingerprint='|start|start' duplicate=true recent_duplicate=true distance=1 recent_semantic_duplicate=true semantic_distance=1 semantic_window_unique=2 noise=false
[23:51:47] [STEP] END tab='(?i).*life.*' step=6 elapsed=5.03s move_result='' visible='Start , Button' speech='Start , Button' crop='output\talkback_compare_20260411_234724\crops\i_._life._step_6_Start___Button.png' timing(move=0.252s ann=3.783s get_focus=0.998s get_focus_fallback_dump=0.000s step_dump=0.000s crop=0.487s total=5.520s) focus_reason='' fallback_used=False fallback_found=False step_dump_used=False step_dump_reason='focus_payload_sufficient' req_id='dc116f3a'
[23:51:47] [STOP][eval] step=6 scenario='life_home_care_plugin' terminal=false same_like_count=4 no_progress=true scenario_type='content' is_global_nav=false after_realign=false recent_repeat=true bounded_two_card_loop=false semantic_same_like=true recent_duplicate=true recent_duplicate_distance=1 recent_semantic_duplicate=true recent_semantic_duplicate_distance=1 recent_semantic_unique_count=2 strict_duplicate=true semantic_duplicate=true repeat_class='mixed_repeat' loop_classification='harmful_loop' hard_no_progress=false soft_no_progress=true no_progress_class='soft_no_progress' overlay_realign_grace_active=false min_step_gate_blocked=false realign_grace_suppressed=false repeat_stop_hit=true decision='stop' reason='repeat_no_progress' stop_explain_version='pr7_explain_v1' stop_explain_input='step:6|move:none|smart:failed|same:4|fail:0' stop_explain_repeat='recent:true|class:mixed_repeat|strict:true|semantic:true|loop:harmful_loop|two_card:false' stop_explain_no_progress='hit:true|class:soft_no_progress|hard:false|soft:true' stop_explain_gate='candidate:true|min_block:false|realign_suppress:false|realign_active:false|decision:stop'
[23:51:47] [RESULT] skipped anchor rows count=2
[23:51:47] [SAVE] writing sheets raw/filtered/summary/result
[23:51:47] [SAVE] filtered rows=15, raw rows=21
[23:51:47] [SAVE] saved excel: output/talkback_compare_20260411_234724.xlsx rows=21 with_images=False
[23:51:47] [STOP][triggered] step=6 scenario='life_home_care_plugin' decision='stop' reason='repeat_no_progress'
[23:51:47] [STOP][summary] scenario='life_home_care_plugin' stop_triggered=true stop_step=6 reason='repeat_no_progress'
[23:51:47] [PERF][scenario_summary] scenario=life_home_care_plugin tab=(?i).*life.* total_runtime=113.3 total_steps=7 main_step_count=7 overlay_step_count=0 overlay_count=0 avg_get_focus=0.985 avg_move=0.346 avg_crop=0.498 avg_step_total=5.323 step_total_sample_count=7 avg_get_focus_main=0.985 avg_get_focus_overlay=0.0 fallback_dump_count=0 success_false_top_level_dump_attempt_count=0 success_false_top_level_dump_found_count=0 fallback_dump_rate=0.0 get_focus_strong_skip_count=7 get_focus_strong_skip_rate=100.0 step_dump_used_count=0 save_excel_count=3 realign_attempt_count=0 realign_success_count=0 realign_success_rate=0.0
[23:51:47] [RECOVER] start
[23:52:00] [RECOVER] resource select failed, trying label fallback
[23:52:07] [RECOVER] select fallback succeeded
[23:52:21] [RECOVER] success
[23:52:21] [SCENARIO][stabilization] scenario='life_energy_plugin' screen_context_mode='new_screen' stabilization_mode='anchor_only'
[23:52:21] [CONTEXT] skipped reason='new_screen_mode' phase='tab_select'
[23:52:21] [TAB][select] fallback_to_legacy=True scenario='life_energy_plugin'
[23:52:36] [TAB][select] scenario='life_energy_plugin' selected={'success': False, 'status': 'failed', 'detail': 'timeout', 'raw': {'success': False, 'reason': 'timeout'}} matched_fields=[] score=0
[23:52:36] [TAB][verify] selected_bottom_tab ok=True actual=''
[23:52:51] [TAB][select] scenario='life_energy_plugin' selected={'success': False, 'status': 'failed', 'detail': 'timeout', 'raw': {'success': False, 'reason': 'timeout'}} matched_fields=[] score=0
[23:52:51] [TAB][verify] selected_bottom_tab ok=True actual=''
[23:52:51] [TRACE][open_scenario] scenario='life_energy_plugin' stabilization_mode='anchor_only' focus_align_attempted=False focus_align_ok=False focus_align_reason='not_selected' context_ok=False anchor_matched=False anchor_stable=False
[23:52:51] [TAB][select] stabilization failed scenario='life_energy_plugin'
[23:52:51] [PERF][scenario_summary] scenario=life_energy_plugin tab=(?i).*life.* total_runtime=30.0 total_steps=1 main_step_count=1 overlay_step_count=0 overlay_count=0 avg_get_focus=0.0 avg_move=0.0 avg_crop=0.0 avg_step_total=0.0 step_total_sample_count=0 avg_get_focus_main=0.0 avg_get_focus_overlay=0.0 fallback_dump_count=0 success_false_top_level_dump_attempt_count=0 success_false_top_level_dump_found_count=0 fallback_dump_rate=0.0 get_focus_strong_skip_count=0 get_focus_strong_skip_rate=0.0 step_dump_used_count=0 save_excel_count=0 realign_attempt_count=0 realign_success_count=0 realign_success_rate=0.0
[23:52:51] [RESULT] skipped anchor rows count=2
[23:52:51] [SAVE] writing sheets raw/filtered/summary/result
[23:52:51] [SAVE] filtered rows=16, raw rows=22
[23:52:51] [SAVE] saved excel: output/talkback_compare_20260411_234724.xlsx rows=22 with_images=False
[23:52:51] [MAIN] skip disabled scenario_id='devices_main' tab='(?i).*devices.*'
[23:52:51] [MAIN] skip disabled scenario_id='life_main' tab='(?i).*life.*'
[23:52:51] [MAIN] skip disabled scenario_id='routines_main' tab='(?i).*routines.*'
[23:52:51] [MAIN] skip disabled scenario_id='menu_main' tab='(?i).*(menu|more).*'
[23:52:51] [MAIN] skip disabled scenario_id='settings_entry_example' tab='(?i).*menu.*'
[23:52:51] [RECOVER] start
[23:53:04] [RECOVER] resource select failed, trying label fallback
[23:53:11] [RECOVER] select fallback succeeded
[23:53:25] [RECOVER] success
[23:53:25] [SCENARIO][stabilization] scenario='life_pet_care_example' screen_context_mode='new_screen' stabilization_mode='anchor_only'
[23:53:25] [CONTEXT] skipped reason='new_screen_mode' phase='tab_select'
[23:53:25] [TAB][select] fallback_to_legacy=True scenario='life_pet_care_example'
[23:53:40] [TAB][select] scenario='life_pet_care_example' selected={'success': False, 'status': 'failed', 'detail': 'timeout', 'raw': {'success': False, 'reason': 'timeout'}} matched_fields=[] score=0
[23:53:40] [TAB][verify] selected_bottom_tab ok=True actual=''
[23:53:55] [TAB][select] scenario='life_pet_care_example' selected={'success': False, 'status': 'failed', 'detail': 'timeout', 'raw': {'success': False, 'reason': 'timeout'}} matched_fields=[] score=0
[23:53:55] [TAB][verify] selected_bottom_tab ok=True actual=''
[23:53:55] [TRACE][open_scenario] scenario='life_pet_care_example' stabilization_mode='anchor_only' focus_align_attempted=False focus_align_ok=False focus_align_reason='not_selected' context_ok=False anchor_matched=False anchor_stable=False
[23:53:55] [TAB][select] stabilization failed scenario='life_pet_care_example'
[23:53:55] [PERF][scenario_summary] scenario=life_pet_care_example tab=(?i).*life.* total_runtime=30.1 total_steps=1 main_step_count=1 overlay_step_count=0 overlay_count=0 avg_get_focus=0.0 avg_move=0.0 avg_crop=0.0 avg_step_total=0.0 step_total_sample_count=0 avg_get_focus_main=0.0 avg_get_focus_overlay=0.0 fallback_dump_count=0 success_false_top_level_dump_attempt_count=0 success_false_top_level_dump_found_count=0 fallback_dump_rate=0.0 get_focus_strong_skip_count=0 get_focus_strong_skip_rate=0.0 step_dump_used_count=0 save_excel_count=0 realign_attempt_count=0 realign_success_count=0 realign_success_rate=0.0
[23:53:55] [RESULT] skipped anchor rows count=2
[23:53:55] [SAVE] writing sheets raw/filtered/summary/result
[23:53:55] [SAVE] filtered rows=17, raw rows=23
[23:53:55] [SAVE] saved excel: output/talkback_compare_20260411_234724.xlsx rows=23 with_images=False
[23:53:55] [RESULT] skipped anchor rows count=2
[23:53:55] [SAVE] writing sheets raw/filtered/summary/result
[23:53:55] [SAVE] filtered rows=17, raw rows=23
[23:53:56] [SAVE] saved excel: output/talkback_compare_20260411_234724.xlsx rows=23 with_images=True
[23:53:56] [MAIN] final save complete
[23:53:56] [PERF][run_summary] total_runtime=390.4 total_scenarios=4 total_steps=23 total_overlay_count=1 avg_get_focus=0.873 avg_move=0.372 fallback_dump_count=0 success_false_top_level_dump_attempt_count=0 success_false_top_level_dump_found_count=0 fallback_dump_rate=0.0 get_focus_strong_skip_rate=91.3 realign_success_rate=100.0 save_excel_count=13
