[21:44:41] [SAVE][temp] override tmp='D:\Python test\talkback-a11y-helper\output\.tmp' temp='D:\Python test\talkback-a11y-helper\output\.tmp' applied=true
[21:44:41] [MAIN] script start (version=1.7.79, log_level=NORMAL)
[21:44:43] [PREFLIGHT] talkback status='enabled'
[21:44:43] [MAIN] output file: output/talkback_compare_20260411_214441.xlsx
[21:44:43] [MAIN] image dir base: output\talkback_compare_20260411_214441
[21:44:43] [CONFIG] runtime config loaded path='config\runtime_config.json'
[21:44:43] [GLOBAL_NAV][guard] forcing stabilization_mode='tab_context' scenario='global_nav_main' requested='anchor_then_context'
[21:44:43] [CONFIG] scenario resolved scenario='global_nav_main' group='main_tabs' max_steps=10 enabled=False
[21:44:43] [CONFIG] applied shared_navigation='default_global_nav'
[21:44:43] [CONFIG] scenario enabled scenario='global_nav_main' source='runtime' enabled=False base_enabled=False
[21:44:43] [CONFIG] scenario resolved scenario='home_main' group='main_tabs' max_steps=5 enabled=False
[21:44:43] [CONFIG] applied shared_navigation='bottom_tab_global_nav'
[21:44:43] [CONFIG] scenario enabled scenario='home_main' source='runtime' enabled=False base_enabled=False
[21:44:43] [CONFIG] scenario resolved scenario='life_food_plugin' group='plugin_screen' max_steps=5 enabled=False
[21:44:43] [CONFIG] applied pre_navigation_ref='enter_food_plugin'
[21:44:43] [CONFIG] scenario enabled scenario='life_food_plugin' source='runtime' enabled=False base_enabled=False
[21:44:43] [CONFIG] scenario resolved scenario='life_air_care_plugin' group='-' max_steps=10 enabled=True
[21:44:43] [CONFIG] scenario enabled scenario='life_air_care_plugin' source='runtime' enabled=True base_enabled=False
[21:44:43] [CONFIG] scenario resolved scenario='life_home_care_plugin' group='-' max_steps=10 enabled=False
[21:44:43] [CONFIG] scenario enabled scenario='life_home_care_plugin' source='runtime' enabled=False base_enabled=False
[21:44:43] [CONFIG] scenario resolved scenario='life_energy_plugin' group='-' max_steps=10 enabled=True
[21:44:43] [CONFIG] scenario enabled scenario='life_energy_plugin' source='runtime' enabled=True base_enabled=False
[21:44:43] [CONFIG] scenario resolved scenario='devices_main' group='main_tabs' max_steps=10 enabled=False
[21:44:43] [CONFIG] applied shared_navigation='bottom_tab_global_nav'
[21:44:43] [CONFIG] applied anchor_ref='home_tab_anchor'
[21:44:43] [CONFIG] scenario enabled scenario='devices_main' source='runtime' enabled=False base_enabled=False
[21:44:43] [CONFIG] scenario resolved scenario='life_main' group='main_tabs' max_steps=30 enabled=False
[21:44:43] [CONFIG] applied shared_navigation='bottom_tab_global_nav'
[21:44:43] [CONFIG] scenario enabled scenario='life_main' source='runtime' enabled=False base_enabled=False
[21:44:43] [CONFIG] scenario resolved scenario='routines_main' group='main_tabs' max_steps=30 enabled=False
[21:44:43] [CONFIG] applied shared_navigation='bottom_tab_global_nav'
[21:44:43] [CONFIG] scenario enabled scenario='routines_main' source='runtime' enabled=False base_enabled=False
[21:44:43] [CONFIG] scenario resolved scenario='menu_main' group='main_tabs' max_steps=30 enabled=False
[21:44:43] [CONFIG] applied shared_navigation='bottom_tab_global_nav'
[21:44:43] [CONFIG] scenario enabled scenario='menu_main' source='runtime' enabled=False base_enabled=False
[21:44:43] [CONFIG] scenario resolved scenario='settings_entry_example' group='plugin_screen' max_steps=40 enabled=False
[21:44:43] [CONFIG] applied anchor_ref='settings_button_anchor'
[21:44:43] [CONFIG] applied pre_navigation_ref='enter_settings'
[21:44:43] [CONFIG] scenario enabled scenario='settings_entry_example' source='runtime' enabled=False base_enabled=False
[21:44:43] [CONFIG] scenario resolved scenario='life_pet_care_example' group='-' max_steps=10 enabled=True
[21:44:43] [CONFIG] scenario enabled scenario='life_pet_care_example' source='runtime' enabled=True base_enabled=False
[21:44:43] [MAIN] skip disabled scenario_id='global_nav_main' tab='(?i).*(home|devices|life|routines|menu).*'
[21:44:43] [MAIN] skip disabled scenario_id='home_main' tab='(?i).*home.*'
[21:44:43] [MAIN] skip disabled scenario_id='life_food_plugin' tab='(?i).*life.*'
[21:44:43] [SCENARIO][stabilization] scenario='life_air_care_plugin' screen_context_mode='new_screen' stabilization_mode='anchor_only'
[21:44:43] [CONTEXT] skipped reason='new_screen_mode' phase='tab_select'
[21:44:43] [TAB][select] fallback_to_legacy=True scenario='life_air_care_plugin'
[21:44:50] [TRACE][open_scenario] scenario='life_air_care_plugin' stabilization_mode='anchor_only' focus_align_attempted=True focus_align_ok=True focus_align_reason='' context_ok=False anchor_matched=False anchor_stable=False
[21:44:51] [SCENARIO][pre_nav][stabilization] phase='before_pre_navigation' attempt=1/2 life_selected=false app_bar_hits=4 visible_card_hits=0 life_root_signature_present=false navigate_up_hits=0 family_care_signature_seen=true final_score=2 ok=false pass_reason='' fail_reason='life_root_not_stable'
[21:44:51] [SCENARIO][pre_nav][stabilization][life_energy_relaxed_gate] phase='before_pre_navigation' attempt=1/2 allow_scrolltouch=true reason='life_plugin_list_likely'
[21:44:51] [SCENARIO][pre_nav] step=1 action=scrolltouch target='(?i)(^smart\s*air\s*care$|^air\s*care$|air\s*care\.|\baircare\b|에어\s*케어)'
[21:44:51] [SCENARIO][pre_nav] before scrolltouch, scroll_to_top invoked cumulative_mode=true
[21:44:52] [SAVE] skip: no rows
[21:44:52] [MAIN] final save complete
[21:44:52] [PERF][run_summary] total_runtime=9.2 total_scenarios=1 total_steps=0 total_overlay_count=0 avg_get_focus=0.0 avg_move=0.0 fallback_dump_count=0 success_false_top_level_dump_attempt_count=0 success_false_top_level_dump_found_count=0 fallback_dump_rate=0.0 get_focus_strong_skip_rate=0.0 realign_success_rate=0.0 save_excel_count=1
