[21:19:53] [SAVE][temp] override tmp='D:\Python test\talkback-a11y-helper\output\.tmp' temp='D:\Python test\talkback-a11y-helper\output\.tmp' applied=true
[21:19:53] [MAIN] script start (version=1.7.81, log_level=NORMAL)
[21:19:55] [PREFLIGHT] talkback status='enabled'
[21:19:55] [MAIN] output file: output/talkback_compare_20260412_211953.xlsx
[21:19:55] [MAIN] image dir base: output\talkback_compare_20260412_211953
[21:19:55] [CONFIG] runtime config loaded path='config\runtime_config.json'
[21:19:55] [GLOBAL_NAV][guard] forcing stabilization_mode='tab_context' scenario='global_nav_main' requested='anchor_then_context'
[21:19:55] [CONFIG] scenario resolved scenario='global_nav_main' group='main_tabs' max_steps=10 enabled=False
[21:19:55] [CONFIG] applied shared_navigation='default_global_nav'
[21:19:55] [CONFIG] scenario enabled scenario='global_nav_main' source='runtime' enabled=False base_enabled=False
[21:19:55] [CONFIG] scenario resolved scenario='home_main' group='main_tabs' max_steps=5 enabled=False
[21:19:55] [CONFIG] applied shared_navigation='bottom_tab_global_nav'
[21:19:55] [CONFIG] scenario enabled scenario='home_main' source='runtime' enabled=False base_enabled=False
[21:19:55] [CONFIG] scenario resolved scenario='life_food_plugin' group='plugin_screen' max_steps=5 enabled=False
[21:19:55] [CONFIG] applied pre_navigation_ref='enter_food_plugin'
[21:19:55] [CONFIG] scenario enabled scenario='life_food_plugin' source='runtime' enabled=False base_enabled=False
[21:19:55] [CONFIG] scenario resolved scenario='life_air_care_plugin' group='-' max_steps=5 enabled=True
[21:19:55] [CONFIG] scenario enabled scenario='life_air_care_plugin' source='runtime' enabled=True base_enabled=False
[21:19:55] [CONFIG] scenario resolved scenario='life_home_care_plugin' group='-' max_steps=5 enabled=False
[21:19:55] [CONFIG] scenario enabled scenario='life_home_care_plugin' source='runtime' enabled=False base_enabled=False
[21:19:55] [CONFIG] scenario resolved scenario='life_energy_plugin' group='-' max_steps=5 enabled=False
[21:19:55] [CONFIG] scenario enabled scenario='life_energy_plugin' source='runtime' enabled=False base_enabled=False
[21:19:55] [CONFIG] scenario resolved scenario='devices_main' group='main_tabs' max_steps=10 enabled=False
[21:19:55] [CONFIG] applied shared_navigation='bottom_tab_global_nav'
[21:19:55] [CONFIG] applied anchor_ref='home_tab_anchor'
[21:19:55] [CONFIG] scenario enabled scenario='devices_main' source='runtime' enabled=False base_enabled=False
[21:19:55] [CONFIG] scenario resolved scenario='life_main' group='main_tabs' max_steps=30 enabled=False
[21:19:55] [CONFIG] applied shared_navigation='bottom_tab_global_nav'
[21:19:55] [CONFIG] scenario enabled scenario='life_main' source='runtime' enabled=False base_enabled=False
[21:19:55] [CONFIG] scenario resolved scenario='routines_main' group='main_tabs' max_steps=30 enabled=False
[21:19:55] [CONFIG] applied shared_navigation='bottom_tab_global_nav'
[21:19:55] [CONFIG] scenario enabled scenario='routines_main' source='runtime' enabled=False base_enabled=False
[21:19:55] [CONFIG] scenario resolved scenario='menu_main' group='main_tabs' max_steps=30 enabled=False
[21:19:55] [CONFIG] applied shared_navigation='bottom_tab_global_nav'
[21:19:55] [CONFIG] scenario enabled scenario='menu_main' source='runtime' enabled=False base_enabled=False
[21:19:55] [CONFIG] scenario resolved scenario='settings_entry_example' group='plugin_screen' max_steps=40 enabled=False
[21:19:55] [CONFIG] applied anchor_ref='settings_button_anchor'
[21:19:55] [CONFIG] applied pre_navigation_ref='enter_settings'
[21:19:55] [CONFIG] scenario enabled scenario='settings_entry_example' source='runtime' enabled=False base_enabled=False
[21:19:55] [CONFIG] scenario resolved scenario='life_pet_care_plugin' group='-' max_steps=5 enabled=False
[21:19:55] [CONFIG] scenario enabled scenario='life_pet_care_plugin' source='runtime' enabled=False base_enabled=False
[21:19:55] [MAIN] skip disabled scenario_id='global_nav_main' tab='(?i).*(home|devices|life|routines|menu).*'
[21:19:55] [MAIN] skip disabled scenario_id='home_main' tab='(?i).*home.*'
[21:19:55] [MAIN] skip disabled scenario_id='life_food_plugin' tab='(?i).*life.*'
[21:19:55] [SCENARIO][stabilization] scenario='life_air_care_plugin' screen_context_mode='new_screen' stabilization_mode='anchor_only'
[21:19:55] [CONTEXT] skipped reason='new_screen_mode' phase='tab_select'
[21:19:55] [TAB][select] fallback_to_legacy=True scenario='life_air_care_plugin'
[21:19:59] [TRACE][open_scenario] scenario='life_air_care_plugin' stabilization_mode='anchor_only' focus_align_attempted=True focus_align_ok=True focus_align_reason='' context_ok=False anchor_matched=False anchor_stable=False
[21:20:01] [SCENARIO][pre_nav][stabilization] phase='before_pre_navigation' attempt=1/2 life_selected=false app_bar_hits=4 visible_card_hits=0 life_root_signature_present=false navigate_up_hits=0 family_care_signature_seen=true final_score=2 ok=false pass_reason='' fail_reason='life_root_not_stable'
[21:20:01] [SCENARIO][pre_nav][stabilization][life_energy_relaxed_gate] phase='before_pre_navigation' attempt=1/2 allow_scrolltouch=true reason='life_plugin_list_likely'
[21:20:01] [SCENARIO][pre_nav] step=1 action=scrolltouch target='(?i)(^smart\s*air\s*care$|^air\s*care$|air\s*care\.|\baircare\b|에어\s*케어)'
[21:20:02] [SCENARIO][pre_nav] before scrolltouch, scroll_to_top invoked cumulative_mode=true
[21:20:04] [SCENARIO][pre_nav] scroll_to_top result={'ok': True, 'reached_top': True, 'attempts': 1, 'reason': 'scroll_failed'}
[21:20:05] [SCENARIO][pre_nav] top_state_verify ok=false reason='top_marker_missing' scenario='life_air_care_plugin'
[21:20:09] [SCENARIO][pre_nav] top_state_verify retry=1/2 ok=false reason='top_marker_missing'
[21:20:12] [SCENARIO][pre_nav] top_state_verify retry=2/2 ok=false reason='top_marker_missing'
[21:20:15] [SCENARIO][pre_nav][scrolltouch][debug] scroll_step=1/5 visible_candidate_count=0 partial_match_count=0 exact_match_count=0 xml_fallback_attempted=true xml_fallback_reason='ok' rejections='filtered_before_candidate:21' visible_top='-' partial_top='-' pre_candidate_top='-' local_search_nodes=21 selected=false selected_reason='no_visible_candidate'
[21:20:15] [SCENARIO][pre_nav][scrolltouch][inspect] scroll_step=1/5 samples='label='우리 집 QR code 우리 집 QR code' rid='com.samsung.android.oneconnect:id/home_button' cls='android.widget.ImageButton' visible=true clickable=true focusable=true effectiveClickable=true matched_text_node='com.samsung.android.oneconnect:id/home_button' promoted_container=false promotion_reason='none' promoted_from='' promoted_to='' stage='label_filter' reason='filtered_before_candidate' | label='우리 집, Change location 우리 집, Change location' rid='com.samsung.android.oneconnect:id/tab_title' cls='android.widget.LinearLayout' visible=true clickable=true focusable=true effectiveClickable=true matched_text_node='com.samsung.android.oneconnect:id/tab_title' promoted_container=false promotion_reason='none' promoted_from='' promoted_to='' stage='label_filter' reason='filtered_before_candidate' | label='Add Add' rid='com.samsung.android.oneconnect:id/add_menu_butto' cls='android.widget.ImageButton' visible=true clickable=true focusable=true effectiveClickable=true matched_text_node='com.samsung.android.oneconnect:id/add_menu_button' promoted_container=false promotion_reason='none' promoted_from='' promoted_to='' stage='label_filter' reason='filtered_before_candidate' | label='More options Mor'
[21:20:17] [CAPTURE][scrolltouch_step] saved path='output\capture_bundles\life_air_care_plugin\20260412_122001\step_01' step=1 visible_candidate_count=0 partial_match_count=0
[21:20:19] [SCENARIO][pre_nav][scrolltouch] visible_candidate_count=0 partial_match_count=0 scroll_step=1/5 action='scroll_forward_and_retry_local_search' scroll_performed=true settle_wait_ms=250 cumulative_mode=true
[21:20:20] [SCENARIO][pre_nav][scrolltouch][debug] scroll_step=2/5 visible_candidate_count=0 partial_match_count=0 exact_match_count=0 xml_fallback_attempted=true xml_fallback_reason='ok' rejections='filtered_before_candidate:13' visible_top='-' partial_top='-' pre_candidate_top='-' local_search_nodes=13 selected=false selected_reason='no_visible_candidate'
[21:20:20] [SCENARIO][pre_nav][scrolltouch][inspect] scroll_step=2/5 samples='label='우리 집 QR code 우리 집 QR code' rid='com.samsung.android.oneconnect:id/home_button' cls='android.widget.ImageButton' visible=true clickable=true focusable=true effectiveClickable=true matched_text_node='com.samsung.android.oneconnect:id/home_button' promoted_container=false promotion_reason='none' promoted_from='' promoted_to='' stage='label_filter' reason='filtered_before_candidate' | label='우리 집, Change location 우리 집, Change location' rid='com.samsung.android.oneconnect:id/tab_title' cls='android.widget.LinearLayout' visible=true clickable=true focusable=true effectiveClickable=true matched_text_node='com.samsung.android.oneconnect:id/tab_title' promoted_container=false promotion_reason='none' promoted_from='' promoted_to='' stage='label_filter' reason='filtered_before_candidate' | label='Add Add' rid='com.samsung.android.oneconnect:id/add_menu_butto' cls='android.widget.ImageButton' visible=true clickable=true focusable=true effectiveClickable=true matched_text_node='com.samsung.android.oneconnect:id/add_menu_button' promoted_container=false promotion_reason='none' promoted_from='' promoted_to='' stage='label_filter' reason='filtered_before_candidate' | label='More options Mor'
[21:20:22] [CAPTURE][scrolltouch_step] saved path='output\capture_bundles\life_air_care_plugin\20260412_122001\step_02' step=2 visible_candidate_count=0 partial_match_count=0
[21:20:24] [SCENARIO][pre_nav][scrolltouch] visible_candidate_count=0 partial_match_count=0 scroll_step=2/5 action='scroll_forward_and_retry_local_search' scroll_performed=true settle_wait_ms=250 cumulative_mode=true
[21:20:25] [SCROLLTOUCH][promotion][enter] source_snapshot='helper' matched_text_node='com.samsung.android.oneconnect:id/tvHeaderTitle' matched_text_view_id='com.samsung.android.oneconnect:id/tvHeaderTitle' matched_text_label='Monitor air quality and air comfort in each room of your home. Monitor air quality and air comfort in each room of your ' matched_text_bounds='84,1899,996,2076' node_clickable=false node_focusable=false node_effective_clickable=false promotion_attempted=true
[21:20:25] [SCROLLTOUCH][promotion][exit] source_snapshot='helper' matched_text_view_id='com.samsung.android.oneconnect:id/tvHeaderTitle' matched_text_label='Monitor air quality and air comfort in each room of your home. Monitor air quality and air comfort in each room of your ' matched_text_bounds='84,1899,996,2076' promotion_attempted=true result='none' result_reason='none' selected_container_class='' selected_container_view_id='' selected_container_bounds=''
[21:20:25] [SCROLLTOUCH][promotion][fallback_decision] matched_text_found=true partial_match_count=1 helper_result='none' commit_to_candidate=false actionable_before_fallback=false will_try_xml_live_fallback=true
[21:20:25] [SCROLLTOUCH][promotion][salvage] source='none' reason='none' selected_ancestor_distance=-1 selected_container_class='android.widget.TextView' selected_container_view_id='com.samsung.android.oneconnect:id/tvHeaderTitle' rejected_large_container_count=0 rejected_list_like_container_count=0
[21:20:25] [SCROLLTOUCH][promotion][commit] selected_container_class='android.widget.TextView' selected_container_view_id='com.samsung.android.oneconnect:id/tvHeaderTitle' selected_container_bounds='{'l': 84, 't': 1899, 'r': 996, 'b': 2076}' commit_to_candidate=false commit_stage='promotion_select' commit_failure_reason='not_committed'
[21:20:25] [SCROLLTOUCH][promotion][commit] selected_container_class='android.widget.TextView' selected_container_view_id='com.samsung.android.oneconnect:id/tvHeaderTitle' selected_container_bounds='{'l': 84, 't': 1899, 'r': 996, 'b': 2076}' commit_to_candidate=false commit_stage='actionability_gate' commit_failure_reason='not_committed'
[21:20:27] [SCROLLTOUCH][promotion][enter] source_snapshot='helper' matched_text_node='com.samsung.android.oneconnect:id/tvHeaderTitle' matched_text_view_id='com.samsung.android.oneconnect:id/tvHeaderTitle' matched_text_label='Monitor air quality and air comfort in each room of your home. Monitor air quality and air comfort in each room of your ' matched_text_bounds='84,1899,996,2076' node_clickable=false node_focusable=false node_effective_clickable=false promotion_attempted=true
[21:20:27] [SCROLLTOUCH][promotion][exit] source_snapshot='helper' matched_text_view_id='com.samsung.android.oneconnect:id/tvHeaderTitle' matched_text_label='Monitor air quality and air comfort in each room of your home. Monitor air quality and air comfort in each room of your ' matched_text_bounds='84,1899,996,2076' promotion_attempted=true result='none' result_reason='none' selected_container_class='' selected_container_view_id='' selected_container_bounds=''
[21:20:27] [SCROLLTOUCH][promotion][fallback_decision] matched_text_found=true partial_match_count=1 helper_result='none' commit_to_candidate=false actionable_before_fallback=false will_try_xml_live_fallback=true
[21:20:27] [SCROLLTOUCH][promotion][enter] source_snapshot='xml_live' matched_text_node='com.samsung.android.oneconnect:id/tvHeaderTitle' matched_text_view_id='com.samsung.android.oneconnect:id/tvHeaderTitle' matched_text_label='Monitor air quality and air comfort in each room of your home. Monitor air quality and air comfort in each room of your ' matched_text_bounds='84,1899,996,2076' node_clickable=false node_focusable=false node_effective_clickable=false promotion_attempted=true
[21:20:27] [SCROLLTOUCH][promotion][xml_resolve] matched_text_view_id='com.samsung.android.oneconnect:id/tvHeaderTitle' matched_text_label='Monitor air quality and air comfort in each room of your home. Monitor air quality and air comfort in each room of your ' matched_text_bounds='84,1899,996,2076' xml_node_found=true xml_match_strategy='mixed' xml_node_class='android.widget.TextView' xml_node_view_id='com.samsung.android.oneconnect:id/tvHeaderTitle' xml_node_bounds='84,1899,996,2076'
[21:20:27] [SCROLLTOUCH][promotion][ancestor_trace] matched_text_view_id='com.samsung.android.oneconnect:id/tvHeaderTitle' matched_text_bounds='84,1899,996,2076' depth=1 class='' view_id='' bounds='0,0,1,1' clickable=false focusable=false effective_clickable=false excluded=false exclude_reason='none'
[21:20:27] [SCROLLTOUCH][promotion][ancestor_candidate] depth=-1 class='android.widget.FrameLayout' view_id='' actionable=false accepted=false accepted_reason='none' rejected_reason='oversized_root'
[21:20:27] [SCROLLTOUCH][promotion][ancestor_candidate] depth=-1 class='android.widget.LinearLayout' view_id='' actionable=false accepted=false accepted_reason='none' rejected_reason='oversized_root'
[21:20:27] [SCROLLTOUCH][promotion][ancestor_candidate] depth=-1 class='android.widget.FrameLayout' view_id='' actionable=false accepted=false accepted_reason='none' rejected_reason='oversized_root'
[21:20:27] [SCROLLTOUCH][promotion][ancestor_candidate] depth=-1 class='android.widget.LinearLayout' view_id='com.samsung.android.oneconnect:id/action_bar_root' actionable=false accepted=false accepted_reason='none' rejected_reason='oversized_root'
[21:20:27] [SCROLLTOUCH][promotion][ancestor_candidate] depth=-1 class='android.widget.FrameLayout' view_id='android:id/content' actionable=false accepted=false accepted_reason='none' rejected_reason='oversized_root'
[21:20:27] [SCROLLTOUCH][promotion][ancestor_candidate] depth=-1 class='android.widget.FrameLayout' view_id='com.samsung.android.oneconnect:id/background' actionable=false accepted=false accepted_reason='none' rejected_reason='oversized_root'
[21:20:27] [SCROLLTOUCH][promotion][ancestor_candidate] depth=-1 class='android.widget.FrameLayout' view_id='com.samsung.android.oneconnect:id/pager' actionable=false accepted=false accepted_reason='none' rejected_reason='oversized_root'
[21:20:27] [SCROLLTOUCH][promotion][ancestor_candidate] depth=-1 class='android.widget.RelativeLayout' view_id='' actionable=false accepted=false accepted_reason='none' rejected_reason='oversized_root'
[21:20:27] [SCROLLTOUCH][promotion][ancestor_candidate] depth=-1 class='android.widget.ScrollView' view_id='com.samsung.android.oneconnect:id/coordinator_layout' actionable=false accepted=false accepted_reason='none' rejected_reason='oversized_root'
[21:20:27] [SCROLLTOUCH][promotion][ancestor_candidate] depth=-1 class='android.widget.GridView' view_id='com.samsung.android.oneconnect:id/recycler_view' actionable=true accepted=false accepted_reason='none' rejected_reason='recycler_excluded'
[21:20:27] [SCROLLTOUCH][promotion][ancestor_candidate] depth=-1 class='android.widget.RelativeLayout' view_id='' actionable=true accepted=true accepted_reason='xml_live_containment_container' rejected_reason='none'
[21:20:27] [SCROLLTOUCH][promotion][ancestor_candidate] depth=-1 class='androidx.viewpager.widget.ViewPager' view_id='com.samsung.android.oneconnect:id/generic_view_pager' actionable=true accepted=false accepted_reason='none' rejected_reason='recycler_excluded'
[21:20:27] [SCROLLTOUCH][promotion][ancestor_candidate] depth=-1 class='androidx.recyclerview.widget.RecyclerView' view_id='' actionable=true accepted=false accepted_reason='none' rejected_reason='recycler_excluded'
[21:20:27] [SCROLLTOUCH][promotion][ancestor_candidate] depth=-1 class='android.widget.FrameLayout' view_id='com.samsung.android.oneconnect:id/frameLayout' actionable=true accepted=true accepted_reason='xml_live_containment_container' rejected_reason='none'
[21:20:27] [SCROLLTOUCH][promotion][ancestor_candidate] depth=-1 class='android.widget.LinearLayout' view_id='com.samsung.android.oneconnect:id/llCard' actionable=false accepted=false accepted_reason='none' rejected_reason='not_actionable'
[21:20:27] [SCROLLTOUCH][promotion][ancestor_candidate] depth=-1 class='android.widget.RelativeLayout' view_id='com.samsung.android.oneconnect:id/containerHeaderLayout' actionable=false accepted=false accepted_reason='none' rejected_reason='not_actionable'
[21:20:27] [SCROLLTOUCH][promotion][ancestor_candidate] depth=-1 class='android.widget.RelativeLayout' view_id='' actionable=false accepted=false accepted_reason='none' rejected_reason='not_actionable'
[21:20:27] [SCROLLTOUCH][promotion][exit] source_snapshot='xml_live' matched_text_view_id='com.samsung.android.oneconnect:id/tvHeaderTitle' matched_text_label='Monitor air quality and air comfort in each room of your home. Monitor air quality and air comfort in each room of your ' matched_text_bounds='84,1899,996,2076' promotion_attempted=true result='selected' result_reason='xml_live_containment_container' selected_container_class='android.widget.FrameLayout' selected_container_view_id='com.samsung.android.oneconnect:id/frameLayout' selected_container_bounds='42,1752,1038,2316'
[21:20:27] [SCROLLTOUCH][promotion][salvage] source='xml_live' reason='xml_live_containment_container' selected_ancestor_distance=999 selected_container_class='android.widget.FrameLayout' selected_container_view_id='com.samsung.android.oneconnect:id/frameLayout' rejected_large_container_count=0 rejected_list_like_container_count=3
[21:20:27] [SCROLLTOUCH][promotion][commit] selected_container_class='android.widget.FrameLayout' selected_container_view_id='com.samsung.android.oneconnect:id/frameLayout' selected_container_bounds='42,1752,1038,2316' commit_to_candidate=true commit_stage='promotion_select' commit_failure_reason='none'
[21:20:27] [SCROLLTOUCH][promotion][commit] selected_container_class='android.widget.FrameLayout' selected_container_view_id='com.samsung.android.oneconnect:id/frameLayout' selected_container_bounds='42,1752,1038,2316' commit_to_candidate=true commit_stage='candidate_append' commit_failure_reason='none'
[21:20:27] [SCENARIO][pre_nav][scrolltouch][debug] scroll_step=3/5 visible_candidate_count=1 partial_match_count=1 exact_match_count=0 xml_fallback_attempted=true xml_fallback_reason='ok' rejections='filtered_before_candidate:11' visible_top='label='Monitor air quality and air comfort in each room of your hom' rid='com.samsung.android.oneconnect:id/frameL' cls='android.widget.FrameLayout' bounds='42,1752,1038,2316'' partial_top='label='Monitor air quality and air comfort in each room of your hom' rid='com.samsung.android.oneconnect:id/frameL' cls='android.widget.FrameLayout' bounds='42,1752,1038,2316'' pre_candidate_top='-' local_search_nodes=12 selected=true selected_reason='candidate_count=1'
[21:20:27] [SCENARIO][pre_nav][scrolltouch][inspect] scroll_step=3/5 samples='label='우리 집 QR code 우리 집 QR code' rid='com.samsung.android.oneconnect:id/home_button' cls='android.widget.ImageButton' visible=true clickable=true focusable=true effectiveClickable=true matched_text_node='com.samsung.android.oneconnect:id/home_button' promoted_container=false promotion_reason='none' promoted_from='' promoted_to='' stage='label_filter' reason='filtered_before_candidate' | label='우리 집, Change location 우리 집, Change location' rid='com.samsung.android.oneconnect:id/tab_title' cls='android.widget.LinearLayout' visible=true clickable=true focusable=true effectiveClickable=true matched_text_node='com.samsung.android.oneconnect:id/tab_title' promoted_container=false promotion_reason='none' promoted_from='' promoted_to='' stage='label_filter' reason='filtered_before_candidate' | label='Add Add' rid='com.samsung.android.oneconnect:id/add_menu_butto' cls='android.widget.ImageButton' visible=true clickable=true focusable=true effectiveClickable=true matched_text_node='com.samsung.android.oneconnect:id/add_menu_button' promoted_container=false promotion_reason='none' promoted_from='' promoted_to='' stage='label_filter' reason='filtered_before_candidate' | label='More options Mor'
[21:20:32] [CAPTURE][scrolltouch_step] saved path='output\capture_bundles\life_air_care_plugin\20260412_122001\step_03' step=3 visible_candidate_count=1 partial_match_count=1
[21:20:32] [SCENARIO][pre_nav][scrolltouch] candidate_select reason='candidate_count=1' class='android.widget.FrameLayout' resource='com.samsung.android.oneconnect:id/frameLayout' bounds='42,1752,1038,2316' visible=true label='' promoted_container=true promotion_attempted=true promotion_source='xml_live' matched_text_node='com.samsung.android.oneconnect:id/tvHeaderTitle' promotion_reason='xml_live_containment_container' promotion_candidate_count=2 promotion_debug_summary='helper:no_candidate:rejected_large=0:rejected_list_like=0;xml_live:containment_candidate_count=2:rejected_large=0:reject' promoted_from='com.samsung.android.oneconnect:id/tvHeaderTitle' promoted_to='com.samsung.android.oneconnect:id/frameLayout' selected_area=561744 text_area=161424 area_ratio=3.480 ancestor_distance=999 tap_point='540,2034' tap_strategy='center' rank_summary_top3='com.samsung.android.oneconnect:id/frameLayout:xml_live_containment_container:ov=1000:ar=3.48:sp=5:ad=999 | android.widget.RelativeLayout:xml_live_containment_container:ov=1000:ar=3.48:sp=1:ad=999' scroll_step=3/5 cumulative_mode=true
[21:20:32] [DEBUG] candidate_click_dispatch_result success=false
[21:20:34] [VERIFY][air][reject_basis] reason='list_screen_evidence' has_home_button=true has_change_location=true has_add_button=true has_more_options=true has_other_plugin_cards=true other_plugin_labels_summary='Caring for your plants is now easier and more enjoyable Caring for your plants is now easier and more enjoyable'
[21:20:35] [VERIFY][air][probe] probe_index=1/2 same_screen=true signal='air_care_verify' has_home_button=true has_change_location=true has_add_button=true has_more_options=true has_other_plugin_cards=true has_air_text=true has_air_content_signal=true has_plugin_body_focus=false decision='reject_list_screen'
[21:20:36] [VERIFY][air][reject_basis] reason='list_screen_evidence' has_home_button=true has_change_location=true has_add_button=true has_more_options=true has_other_plugin_cards=true other_plugin_labels_summary='Caring for your plants is now easier and more enjoyable Caring for your plants is now easier and more enjoyable'
[21:20:36] [VERIFY][air][probe] probe_index=2/2 same_screen=true signal='air_care_verify' has_home_button=true has_change_location=true has_add_button=true has_more_options=true has_other_plugin_cards=true has_air_text=true has_air_content_signal=true has_plugin_body_focus=false decision='reject_list_screen'
[21:20:36] [SCENARIO][pre_nav][scrolltouch] post_click_transition same_screen=true signal='air_care_list_screen_evidence'
[21:20:36] [WARN] candidate_click_failed:dispatch_failed
[21:20:36] [SCROLLTOUCH][promotion][final_state] visible_candidate_count=1 partial_match_count=1 matched_text_found=true promotion_attempted=true xml_node_found=true xml_match_strategy='mixed' ancestor_chain_depth=1 actionable_ancestor_found=false candidate_committed=true final_reason='candidate_click_failed:dispatch_failed'
[21:20:36] [SCENARIO][pre_nav][scrolltouch] candidate_select reason='candidate_click_failed' fallback='helper_scrollTouch' reason_detail='dispatch_failed' cumulative_mode=true
[21:20:49] [VERIFY][air][probe] probe_index=1/2 same_screen=false signal='air_care_verify' has_home_button=false has_change_location=false has_add_button=false has_more_options=false has_other_plugin_cards=false has_air_text=true has_air_content_signal=true has_plugin_body_focus=false decision='candidate_air_success'
[21:20:49] [SCENARIO][pre_nav][scrolltouch] post_click_transition same_screen=false signal='air_care_verify'
[21:20:49] [SCENARIO][pre_nav] success step=1 reason='ACTION_CLICK success'
[21:20:50] [SCENARIO][pre_nav] success
[21:20:54] [CONTEXT] skipped reason='anchor_only_mode'
[21:20:54] [CONTEXT] skipped reason='anchor_only_mode'
[21:20:54] [CONTEXT] scenario='life_air_care_plugin' type='skipped' expected='' actual='' ok=True
[21:20:54] [CONTEXT] verification passed scenario='life_air_care_plugin'
[21:20:54] [ANCHOR][scenario_start] success scenario='life_air_care_plugin' selected=True matched=True stable=True context_ok=True reason='selected_and_verified'
[21:20:54] [ENTRY][air][fallback_acceptance] fallback_source='none' fallback_candidate_view_id='none' fallback_candidate_label='none' fallback_candidate_bounds='none' accepted=false accepted_reason='none' rejected_reason='fallback_source_not_allowed'
[21:20:54] [TRACE][open_scenario] scenario='life_air_care_plugin' stabilization_mode='anchor_only' focus_align_attempted=True focus_align_ok=True focus_align_reason='' context_ok=False anchor_matched=False anchor_stable=True
[21:20:56] [ENTRY][air][verdict_inputs] scenario_id='life_air_care_plugin' post_click_success_seen=true air_verify_success_seen=false air_verify_reject_seen=false anchor_fallback_accepted=false anchor_fallback_source='none' post_open_focus_view_id='back' post_open_focus_label='Navigate up  Navigate up' is_top_chrome_focus=false is_list_screen_focus=false final_allow_success=true final_fail_reason='none'
[21:20:56] [ENTRY][air][preserve] keep success despite fallback_not_accepted
[21:20:56] [ENTRY][air][verdict_priority] applied_rule='accept_air_internal_content_signal' previous_state='candidate_success' new_state='success_verified'
[21:20:56] [ENTRY][air][verdict_inputs] scenario_id='life_air_care_plugin' post_click_success_seen=true air_verify_success_seen=false air_verify_reject_seen=false anchor_fallback_accepted=false anchor_fallback_source='none' post_open_focus_view_id='back' post_open_focus_label='Navigate up  Navigate up' is_top_chrome_focus=false is_list_screen_focus=false final_allow_success=true final_fail_reason='none'
[21:20:56] [SCENARIO][entry_contract] success scenario='life_air_care_plugin' entry_type='card' reason='success_verified' detail='plugin_open_verified'
[21:20:57] [TRACE][post_open_focus] scenario='life_air_care_plugin' view_id='back' label='Navigate up' speech='Navigate up' bounds='{'l': 72, 't': 118, 'r': 144, 'b': 310, 'left': 72, 'top': 118, 'right': 144, 'bottom': 310}' source='top_level' top_level=True
[21:21:02] [TRACE][anchor_row] scenario='life_air_care_plugin' step=0 view_id='back' visible='Navigate up' speech='Navigate up' normalized_visible='navigate up' is_global_nav=False
[21:21:02] [ROW] fingerprint='back|navigate up|navigate up|108,214' normalized_fingerprint='back|navigate up|navigate up' duplicate=false recent_duplicate=false distance=0 recent_semantic_duplicate=false semantic_distance=0 semantic_window_unique=1 noise=false
[21:21:02] [RESULT] skipped anchor rows count=1
[21:21:02] [SAVE] writing sheets raw/filtered/summary/result
[21:21:02] [SAVE] filtered rows=1, raw rows=1
[21:21:02] [SAVE] saved excel: output/talkback_compare_20260412_211953.xlsx rows=1 with_images=False
[21:21:02] [STEP] START tab='(?i).*life.*' step=1
[21:21:08] [ROW] fingerprint='|air care|air care|552,214' normalized_fingerprint='|air care|air care' duplicate=false recent_duplicate=false distance=0 recent_semantic_duplicate=false semantic_distance=0 semantic_window_unique=2 noise=false
[21:21:08] [STEP] END tab='(?i).*life.*' step=1 elapsed=4.67s move_result='{'success': True, 'status': 'moved', 'detail': 'moved', 'raw': {'timestamp': 1775996464555, 'reqId': '9a42ed03', 'success': True, 'status': 'moved', 'detail': 'moved', 'flags': []}}' visible='Air Care' speech='Air Care' crop='output\talkback_compare_20260412_211953\crops\i_._life._step_1_Air_Care.png' timing(move=0.655s ann=2.843s get_focus=1.176s get_focus_fallback_dump=0.000s step_dump=0.000s crop=0.567s total=5.241s) focus_reason='' fallback_used=False fallback_found=False step_dump_used=False step_dump_reason='focus_payload_sufficient' req_id='541a46e4'
[21:21:08] [STOP][eval] step=1 scenario='life_air_care_plugin' terminal=false same_like_count=0 no_progress=false scenario_type='content' is_global_nav=false after_realign=false recent_repeat=false bounded_two_card_loop=false semantic_same_like=false recent_duplicate=false recent_duplicate_distance=0 recent_semantic_duplicate=false recent_semantic_duplicate_distance=0 recent_semantic_unique_count=2 strict_duplicate=false semantic_duplicate=false repeat_class='none' loop_classification='none' hard_no_progress=false soft_no_progress=false no_progress_class='none' overlay_realign_grace_active=false min_step_gate_blocked=false realign_grace_suppressed=false repeat_stop_hit=false decision='continue' reason='none' stop_explain_version='pr7_explain_v1' stop_explain_input='step:1|move:{'success': true, 'status': 'moved', 'detail': 'moved', 'raw': {'timestamp': 1775996464555, 'reqid': '9a42ed03', 'success': true, 'status': 'moved', 'detail': 'moved', 'flags': []}}|smart:moved|same:0|fail:0' stop_explain_repeat='recent:false|class:none|strict:false|semantic:false|loop:none|two_card:false' stop_explain_no_progress='hit:false|class:none|hard:false|soft:false' stop_explain_gate='candidate:false|min_block:false|realign_suppress:false|realign_active:false|decision:continue'
[21:21:08] [STEP] START tab='(?i).*life.*' step=2
[21:21:13] [ROW] fingerprint='more|more options|more options|972,214' normalized_fingerprint='more|more options|more options' duplicate=false recent_duplicate=false distance=0 recent_semantic_duplicate=false semantic_distance=0 semantic_window_unique=3 noise=false
[21:21:13] [STEP] END tab='(?i).*life.*' step=2 elapsed=4.75s move_result='{'success': True, 'status': 'moved', 'detail': 'moved', 'raw': {'timestamp': 1775996469715, 'reqId': 'ff419bd5', 'success': True, 'status': 'moved', 'detail': 'moved', 'flags': []}}' visible='More options' speech='More options' crop='output\talkback_compare_20260412_211953\crops\i_._life._step_2_More_options.png' timing(move=0.538s ann=3.071s get_focus=1.144s get_focus_fallback_dump=0.000s step_dump=0.000s crop=0.564s total=5.317s) focus_reason='' fallback_used=False fallback_found=False step_dump_used=False step_dump_reason='focus_payload_sufficient' req_id='32b60abd'
[21:21:13] [STOP][eval] step=2 scenario='life_air_care_plugin' terminal=false same_like_count=0 no_progress=false scenario_type='content' is_global_nav=false after_realign=false recent_repeat=false bounded_two_card_loop=false semantic_same_like=false recent_duplicate=false recent_duplicate_distance=0 recent_semantic_duplicate=false recent_semantic_duplicate_distance=0 recent_semantic_unique_count=3 strict_duplicate=false semantic_duplicate=false repeat_class='none' loop_classification='none' hard_no_progress=false soft_no_progress=false no_progress_class='none' overlay_realign_grace_active=false min_step_gate_blocked=false realign_grace_suppressed=false repeat_stop_hit=false decision='continue' reason='none' stop_explain_version='pr7_explain_v1' stop_explain_input='step:2|move:{'success': true, 'status': 'moved', 'detail': 'moved', 'raw': {'timestamp': 1775996469715, 'reqid': 'ff419bd5', 'success': true, 'status': 'moved', 'detail': 'moved', 'flags': []}}|smart:moved|same:0|fail:0' stop_explain_repeat='recent:false|class:none|strict:false|semantic:false|loop:none|two_card:false' stop_explain_no_progress='hit:false|class:none|hard:false|soft:false' stop_explain_gate='candidate:false|min_block:false|realign_suppress:false|realign_active:false|decision:continue'
[21:21:13] [OVERLAY] candidate matched scenario='life_air_care_plugin' tab='(?i).*life.*' step=2 view_id='more' label='More options' reason='matched_scenario_policy'
[21:21:24] [OVERLAY] post_click classification='overlay' scenario='life_air_care_plugin' tab='(?i).*life.*' entry_view_id='more' entry_label='More options' post_view_id='addToHomescreen' post_label='Add to Home screen'
[21:21:36] [RESULT] skipped anchor rows count=1
[21:21:36] [SAVE] writing sheets raw/filtered/summary/result
[21:21:36] [SAVE] filtered rows=6, raw rows=6
[21:21:37] [SAVE] saved excel: output/talkback_compare_20260412_211953.xlsx rows=6 with_images=False
[21:21:41] [OVERLAY][repeat] same_focus_detected=true step=4 view_id='info' bounds='462,556,1053,706' normalized_visible_label='information' move_result=''
[21:21:41] [OVERLAY][break] reason='same_overlay_fingerprint' step=4
[21:21:41] [RESULT] skipped anchor rows count=1
[21:21:41] [SAVE] writing sheets raw/filtered/summary/result
[21:21:41] [SAVE] filtered rows=6, raw rows=6
[21:21:41] [SAVE] saved excel: output/talkback_compare_20260412_211953.xlsx rows=6 with_images=False
[21:21:45] [RESULT] skipped anchor rows count=1
[21:21:45] [SAVE] writing sheets raw/filtered/summary/result
[21:21:45] [SAVE] filtered rows=6, raw rows=6
[21:21:45] [SAVE] saved excel: output/talkback_compare_20260412_211953.xlsx rows=6 with_images=False
[21:21:48] [OVERLAY] realign status='realign_entry_reached' entry_reached=True steps_taken=2 match_by='view_id'
[21:21:54] [CONTEXT] skipped reason='anchor_only_mode'
[21:21:54] [CONTEXT] skipped reason='anchor_only_mode'
[21:21:54] [CONTEXT] scenario='life_air_care_plugin' type='skipped' expected='' actual='' ok=True
[21:21:54] [CONTEXT] verification passed scenario='life_air_care_plugin'
[21:21:54] [ANCHOR][overlay_realign] success scenario='life_air_care_plugin' selected=True matched=True stable=True context_ok=True reason='selected_and_verified'
[21:21:54] [ANCHOR][overlay_realign] success scenario='life_air_care_plugin' reason='overlay_realign_verified'
[21:21:54] [STEP] START tab='(?i).*life.*' step=3
[21:22:00] [ROW] fingerprint='|air care|air care|552,214' normalized_fingerprint='|air care|air care' duplicate=false recent_duplicate=true distance=2 recent_semantic_duplicate=true semantic_distance=2 semantic_window_unique=3 noise=false
[21:22:00] [STEP] END tab='(?i).*life.*' step=3 elapsed=4.82s move_result='{'success': True, 'status': 'moved', 'detail': 'moved', 'raw': {'timestamp': 1775996516523, 'reqId': '6c66561e', 'success': True, 'status': 'moved', 'detail': 'moved', 'flags': []}}' visible='Air Care' speech='Air Care' crop='output\talkback_compare_20260412_211953\crops\i_._life._step_3_Air_Care.png' timing(move=0.570s ann=3.012s get_focus=1.236s get_focus_fallback_dump=0.000s step_dump=0.000s crop=0.567s total=5.386s) focus_reason='' fallback_used=False fallback_found=False step_dump_used=False step_dump_reason='focus_payload_sufficient' req_id='df2db60c'
[21:22:00] [STOP][eval] step=3 scenario='life_air_care_plugin' terminal=false same_like_count=0 no_progress=false scenario_type='content' is_global_nav=false after_realign=true recent_repeat=false bounded_two_card_loop=false semantic_same_like=false recent_duplicate=true recent_duplicate_distance=2 recent_semantic_duplicate=true recent_semantic_duplicate_distance=2 recent_semantic_unique_count=3 strict_duplicate=false semantic_duplicate=false repeat_class='none' loop_classification='none' hard_no_progress=false soft_no_progress=false no_progress_class='none' overlay_realign_grace_active=false min_step_gate_blocked=false realign_grace_suppressed=false repeat_stop_hit=false decision='continue' reason='none' stop_explain_version='pr7_explain_v1' stop_explain_input='step:3|move:{'success': true, 'status': 'moved', 'detail': 'moved', 'raw': {'timestamp': 1775996516523, 'reqid': '6c66561e', 'success': true, 'status': 'moved', 'detail': 'moved', 'flags': []}}|smart:moved|same:0|fail:0' stop_explain_repeat='recent:false|class:none|strict:false|semantic:false|loop:none|two_card:false' stop_explain_no_progress='hit:false|class:none|hard:false|soft:false' stop_explain_gate='candidate:false|min_block:false|realign_suppress:false|realign_active:false|decision:continue'
[21:22:00] [RESULT] skipped anchor rows count=1
[21:22:00] [SAVE] writing sheets raw/filtered/summary/result
[21:22:00] [SAVE] filtered rows=6, raw rows=7
[21:22:00] [SAVE] saved excel: output/talkback_compare_20260412_211953.xlsx rows=7 with_images=False
[21:22:00] [STEP] START tab='(?i).*life.*' step=4
[21:22:05] [ROW] fingerprint='more|more options|more options|972,214' normalized_fingerprint='more|more options|more options' duplicate=false recent_duplicate=true distance=2 recent_semantic_duplicate=true semantic_distance=2 semantic_window_unique=3 noise=false
[21:22:05] [STEP] END tab='(?i).*life.*' step=4 elapsed=4.73s move_result='{'success': True, 'status': 'moved', 'detail': 'moved', 'raw': {'timestamp': 1775996522009, 'reqId': '2b23b3d1', 'success': True, 'status': 'moved', 'detail': 'moved', 'flags': []}}' visible='More options' speech='More options' crop='output\talkback_compare_20260412_211953\crops\i_._life._step_4_More_options.png' timing(move=0.541s ann=3.033s get_focus=1.153s get_focus_fallback_dump=0.000s step_dump=0.000s crop=0.543s total=5.270s) focus_reason='' fallback_used=False fallback_found=False step_dump_used=False step_dump_reason='focus_payload_sufficient' req_id='ee57288e'
[21:22:05] [STOP][eval] step=4 scenario='life_air_care_plugin' terminal=false same_like_count=0 no_progress=false scenario_type='content' is_global_nav=false after_realign=false recent_repeat=false bounded_two_card_loop=false semantic_same_like=false recent_duplicate=true recent_duplicate_distance=2 recent_semantic_duplicate=true recent_semantic_duplicate_distance=2 recent_semantic_unique_count=3 strict_duplicate=false semantic_duplicate=false repeat_class='none' loop_classification='none' hard_no_progress=false soft_no_progress=false no_progress_class='none' overlay_realign_grace_active=false min_step_gate_blocked=false realign_grace_suppressed=false repeat_stop_hit=false decision='continue' reason='none' stop_explain_version='pr7_explain_v1' stop_explain_input='step:4|move:{'success': true, 'status': 'moved', 'detail': 'moved', 'raw': {'timestamp': 1775996522009, 'reqid': '2b23b3d1', 'success': true, 'status': 'moved', 'detail': 'moved', 'flags': []}}|smart:moved|same:0|fail:0' stop_explain_repeat='recent:false|class:none|strict:false|semantic:false|loop:none|two_card:false' stop_explain_no_progress='hit:false|class:none|hard:false|soft:false' stop_explain_gate='candidate:false|min_block:false|realign_suppress:false|realign_active:false|decision:continue'
[21:22:05] [OVERLAY] skip already expanded entry fingerprint='(?i).*life.*|more|more options'
[21:22:05] [STEP] START tab='(?i).*life.*' step=5
[21:22:10] [ROW] fingerprint='|set geolocation to monitor outdoor air quality|set geolocation to monitor outdoor air quality|516,418' normalized_fingerprint='|set geolocation to monitor outdoor air quality|set geolocation to monitor outdoor air quality' duplicate=false recent_duplicate=false distance=0 recent_semantic_duplicate=false semantic_distance=0 semantic_window_unique=4 noise=false
[21:22:10] [STEP] END tab='(?i).*life.*' step=5 elapsed=4.63s move_result='{'success': True, 'status': 'moved', 'detail': 'moved', 'raw': {'timestamp': 1775996527301, 'reqId': 'a0b30914', 'success': True, 'status': 'moved', 'detail': 'moved', 'flags': []}}' visible='Set geolocation to monitor outdoor air quality' speech='Set geolocation to monitor outdoor air quality' crop='output\talkback_compare_20260412_211953\crops\i_._life._step_5_Set_geolocation_to_monitor_outdoor_air_q.png' timing(move=0.522s ann=2.897s get_focus=1.216s get_focus_fallback_dump=0.000s step_dump=0.000s crop=0.546s total=5.181s) focus_reason='' fallback_used=False fallback_found=False step_dump_used=False step_dump_reason='focus_payload_sufficient' req_id='362c1cd5'
[21:22:10] [STOP][eval] step=5 scenario='life_air_care_plugin' terminal=false same_like_count=0 no_progress=false scenario_type='content' is_global_nav=false after_realign=false recent_repeat=false bounded_two_card_loop=false semantic_same_like=false recent_duplicate=false recent_duplicate_distance=0 recent_semantic_duplicate=false recent_semantic_duplicate_distance=0 recent_semantic_unique_count=4 strict_duplicate=false semantic_duplicate=false repeat_class='none' loop_classification='none' hard_no_progress=false soft_no_progress=false no_progress_class='none' overlay_realign_grace_active=false min_step_gate_blocked=false realign_grace_suppressed=false repeat_stop_hit=false decision='continue' reason='none' stop_explain_version='pr7_explain_v1' stop_explain_input='step:5|move:{'success': true, 'status': 'moved', 'detail': 'moved', 'raw': {'timestamp': 1775996527301, 'reqid': 'a0b30914', 'success': true, 'status': 'moved', 'detail': 'moved', 'flags': []}}|smart:moved|same:0|fail:0' stop_explain_repeat='recent:false|class:none|strict:false|semantic:false|loop:none|two_card:false' stop_explain_no_progress='hit:false|class:none|hard:false|soft:false' stop_explain_gate='candidate:false|min_block:false|realign_suppress:false|realign_active:false|decision:continue'
[21:22:10] [STOP][summary] scenario='life_air_care_plugin' stop_triggered=false stop_step=5 reason='safety_limit'
[21:22:10] [PERF][scenario_summary] scenario=life_air_care_plugin tab=(?i).*life.* total_runtime=135.3 total_steps=9 main_step_count=6 overlay_step_count=3 overlay_count=1 avg_get_focus=1.035 avg_move=0.539 avg_crop=0.563 avg_step_total=5.246 step_total_sample_count=6 avg_get_focus_main=1.185 avg_get_focus_overlay=0.733 fallback_dump_count=0 success_false_top_level_dump_attempt_count=0 success_false_top_level_dump_found_count=0 fallback_dump_rate=0.0 get_focus_strong_skip_count=9 get_focus_strong_skip_rate=100.0 step_dump_used_count=0 save_excel_count=5 realign_attempt_count=1 realign_success_count=1 realign_success_rate=100.0
[21:22:10] [MAIN] skip disabled scenario_id='life_home_care_plugin' tab='(?i).*life.*'
[21:22:10] [MAIN] skip disabled scenario_id='life_energy_plugin' tab='(?i).*life.*'
[21:22:10] [MAIN] skip disabled scenario_id='devices_main' tab='(?i).*devices.*'
[21:22:10] [MAIN] skip disabled scenario_id='life_main' tab='(?i).*life.*'
[21:22:10] [MAIN] skip disabled scenario_id='routines_main' tab='(?i).*routines.*'
[21:22:10] [MAIN] skip disabled scenario_id='menu_main' tab='(?i).*(menu|more).*'
[21:22:10] [MAIN] skip disabled scenario_id='settings_entry_example' tab='(?i).*menu.*'
[21:22:10] [MAIN] skip disabled scenario_id='life_pet_care_plugin' tab='(?i).*life.*'
[21:22:10] [RESULT] skipped anchor rows count=1
[21:22:10] [SAVE] writing sheets raw/filtered/summary/result
[21:22:10] [SAVE] filtered rows=7, raw rows=9
[21:22:11] [SAVE] saved excel: output/talkback_compare_20260412_211953.xlsx rows=9 with_images=True
[21:22:11] [MAIN] final save complete
[21:22:11] [PERF][run_summary] total_runtime=135.6 total_scenarios=1 total_steps=9 total_overlay_count=1 avg_get_focus=1.035 avg_move=0.539 fallback_dump_count=0 success_false_top_level_dump_attempt_count=0 success_false_top_level_dump_found_count=0 fallback_dump_rate=0.0 get_focus_strong_skip_rate=100.0 realign_success_rate=100.0 save_excel_count=6
