[21:09:17] [SAVE][temp] override tmp='D:\Python test\talkback-a11y-helper\output\.tmp' temp='D:\Python test\talkback-a11y-helper\output\.tmp' applied=true
[21:09:17] [MAIN] script start (version=1.7.81, log_level=NORMAL)
[21:09:18] [PREFLIGHT] talkback status='enabled'
[21:09:18] [MAIN] output file: output/talkback_compare_20260414_210917.xlsx
[21:09:18] [MAIN] image dir base: output\talkback_compare_20260414_210917
[21:09:18] [CONFIG] runtime config loaded path='config\runtime_config.json'
[21:09:18] [GLOBAL_NAV][guard] forcing stabilization_mode='tab_context' scenario='global_nav_main' requested='anchor_then_context'
[21:09:18] [CONFIG] scenario resolved scenario='global_nav_main' group='main_tabs' max_steps=10 enabled=False
[21:09:18] [CONFIG] applied shared_navigation='default_global_nav'
[21:09:18] [CONFIG] scenario enabled scenario='global_nav_main' source='runtime' enabled=False base_enabled=False
[21:09:18] [CONFIG] scenario resolved scenario='home_main' group='main_tabs' max_steps=5 enabled=False
[21:09:18] [CONFIG] applied shared_navigation='bottom_tab_global_nav'
[21:09:18] [CONFIG] scenario enabled scenario='home_main' source='runtime' enabled=False base_enabled=False
[21:09:18] [CONFIG] scenario resolved scenario='life_food_plugin' group='plugin_screen' max_steps=5 enabled=False
[21:09:18] [CONFIG] applied pre_navigation_ref='enter_food_plugin'
[21:09:18] [CONFIG] scenario enabled scenario='life_food_plugin' source='runtime' enabled=False base_enabled=False
[21:09:18] [CONFIG] scenario resolved scenario='life_air_care_plugin' group='-' max_steps=5 enabled=True
[21:09:18] [CONFIG] scenario enabled scenario='life_air_care_plugin' source='runtime' enabled=True base_enabled=False
[21:09:18] [CONFIG] scenario resolved scenario='life_home_care_plugin' group='-' max_steps=5 enabled=True
[21:09:18] [CONFIG] scenario enabled scenario='life_home_care_plugin' source='runtime' enabled=True base_enabled=False
[21:09:18] [CONFIG] scenario resolved scenario='life_energy_plugin' group='-' max_steps=5 enabled=True
[21:09:18] [CONFIG] scenario enabled scenario='life_energy_plugin' source='runtime' enabled=True base_enabled=False
[21:09:18] [CONFIG] scenario resolved scenario='devices_main' group='main_tabs' max_steps=10 enabled=False
[21:09:18] [CONFIG] applied shared_navigation='bottom_tab_global_nav'
[21:09:18] [CONFIG] applied anchor_ref='home_tab_anchor'
[21:09:18] [CONFIG] scenario enabled scenario='devices_main' source='runtime' enabled=False base_enabled=False
[21:09:18] [CONFIG] scenario resolved scenario='life_main' group='main_tabs' max_steps=30 enabled=False
[21:09:18] [CONFIG] applied shared_navigation='bottom_tab_global_nav'
[21:09:18] [CONFIG] scenario enabled scenario='life_main' source='runtime' enabled=False base_enabled=False
[21:09:18] [CONFIG] scenario resolved scenario='routines_main' group='main_tabs' max_steps=30 enabled=False
[21:09:18] [CONFIG] applied shared_navigation='bottom_tab_global_nav'
[21:09:18] [CONFIG] scenario enabled scenario='routines_main' source='runtime' enabled=False base_enabled=False
[21:09:18] [CONFIG] scenario resolved scenario='menu_main' group='main_tabs' max_steps=30 enabled=False
[21:09:18] [CONFIG] applied shared_navigation='bottom_tab_global_nav'
[21:09:18] [CONFIG] scenario enabled scenario='menu_main' source='runtime' enabled=False base_enabled=False
[21:09:18] [CONFIG] scenario resolved scenario='settings_entry_example' group='plugin_screen' max_steps=5 enabled=False
[21:09:18] [CONFIG] applied anchor_ref='settings_button_anchor'
[21:09:18] [CONFIG] applied pre_navigation_ref='enter_settings'
[21:09:18] [CONFIG] scenario enabled scenario='settings_entry_example' source='runtime' enabled=False base_enabled=False
[21:09:18] [CONFIG] scenario resolved scenario='life_pet_care_plugin' group='-' max_steps=5 enabled=True
[21:09:18] [CONFIG] scenario enabled scenario='life_pet_care_plugin' source='runtime' enabled=True base_enabled=False
[21:09:18] [CONFIG] scenario resolved scenario='life_family_care_plugin' group='-' max_steps=5 enabled=True
[21:09:18] [CONFIG] scenario enabled scenario='life_family_care_plugin' source='runtime' enabled=True base_enabled=False
[21:09:18] [CONFIG] scenario resolved scenario='life_plant_care_plugin' group='-' max_steps=5 enabled=True
[21:09:18] [CONFIG] scenario enabled scenario='life_plant_care_plugin' source='runtime' enabled=True base_enabled=False
[21:09:18] [CONFIG] scenario resolved scenario='life_clothing_care_plugin' group='-' max_steps=5 enabled=True
[21:09:18] [CONFIG] scenario enabled scenario='life_clothing_care_plugin' source='runtime' enabled=True base_enabled=False
[21:09:18] [CONFIG] scenario resolved scenario='life_find_plugin' group='-' max_steps=5 enabled=True
[21:09:18] [CONFIG] scenario enabled scenario='life_find_plugin' source='runtime' enabled=True base_enabled=False
[21:09:18] [CONFIG] scenario resolved scenario='life_video_plugin' group='-' max_steps=5 enabled=True
[21:09:18] [CONFIG] scenario enabled scenario='life_video_plugin' source='runtime' enabled=True base_enabled=False
[21:09:18] [CONFIG] scenario resolved scenario='life_home_monitor_plugin' group='-' max_steps=5 enabled=True
[21:09:18] [CONFIG] scenario enabled scenario='life_home_monitor_plugin' source='runtime' enabled=True base_enabled=False
[21:09:18] [CONFIG] scenario resolved scenario='life_music_sync_plugin' group='-' max_steps=5 enabled=True
[21:09:18] [CONFIG] scenario enabled scenario='life_music_sync_plugin' source='runtime' enabled=True base_enabled=False
[21:09:18] [MAIN] skip disabled scenario_id='global_nav_main' tab='(?i).*(home|devices|life|routines|menu).*'
[21:09:18] [MAIN] skip disabled scenario_id='home_main' tab='(?i).*home.*'
[21:09:18] [MAIN] skip disabled scenario_id='life_food_plugin' tab='(?i).*life.*'
[21:09:18] [SCENARIO][stabilization] scenario='life_air_care_plugin' screen_context_mode='new_screen' stabilization_mode='anchor_only'
[21:09:18] [SCENARIO][pre_nav][stabilization] phase='plugin_start' attempt=1/2 life_selected=false app_bar_hits=5 visible_card_hits=2 life_root_signature_present=true navigate_up_hits=0 family_care_signature_seen=false final_score=4 ok=true pass_reason='life_root_signature_and_structure_confirmed' fail_reason=''
[21:09:18] [PLUGIN_START][life_list_check] ok=true reason='root_state_stable'
[21:09:18] [PLUGIN_START][recover_before_entry] triggered=false
[21:09:18] [PLUGIN_START][recover_before_entry] success=true
[21:09:18] [CONTEXT] skipped reason='new_screen_mode' phase='tab_select'
[21:09:18] [TAB][select] fallback_to_legacy=True scenario='life_air_care_plugin'
[21:09:26] [TRACE][open_scenario] scenario='life_air_care_plugin' stabilization_mode='anchor_only' focus_align_attempted=True focus_align_ok=True focus_align_reason='' context_ok=False anchor_matched=False anchor_stable=False
[21:09:26] [SCENARIO][pre_nav] step=1 action=xml_scroll_search_tap target='(?i)(^smart\s*air\s*care$|^air\s*care$|air\s*care\.|\baircare\b|에어\s*케어)'
[21:09:26] [XMLENTRY][search] pre_reset scroll_to_top=true
[21:09:31] [XMLENTRY][search] step=0/5 visible_candidates=69 target_candidates=5
[21:09:31] [XMLENTRY][search][top] rank=1 reason='actionable_container' text='Home Care' rid='com.samsung.android.oneconnect:id/frameLayout' class='android.widget.FrameLayout' bounds='42,1858,1038,2316' area_ratio='0.2200' target_match=true match_source='descendant'
[21:09:31] [XMLENTRY][search][top] rank=2 reason='card_like_container' text='Connect Samsung home appliances and get smart ca' rid='' class='android.widget.RelativeLayout' bounds='42,1990,1038,2182' area_ratio='0.0922' target_match=true match_source='title'
[21:09:31] [XMLENTRY][search][top] rank=3 reason='actionable_container' text='' rid='' class='android.widget.RelativeLayout' bounds='42,1858,1038,2316' area_ratio='0.2200' target_match=true match_source='descendant'
[21:09:31] [XMLENTRY][select] reason='actionable_container' resource='com.samsung.android.oneconnect:id/frameLayout' bounds='42,1858,1038,2316' text='' target_match=true match_source='descendant' matched_text='Picture Connect Samsung home appliances and get smart care using the latest AI t'
[21:09:45] [VERIFY][air][probe] probe_index=1/2 same_screen=true signal='none' has_home_button=false has_change_location=false has_add_button=false has_more_options=false has_other_plugin_cards=true has_air_text=false has_air_content_signal=false has_plugin_body_focus=false decision='neutral'
[21:09:52] [VERIFY][air][probe] probe_index=2/2 same_screen=true signal='none' has_home_button=false has_change_location=false has_add_button=false has_more_options=false has_other_plugin_cards=true has_air_text=false has_air_content_signal=false has_plugin_body_focus=false decision='neutral'
[21:09:52] [XMLENTRY][result] success=false reason='tap_dispatched_but_no_transition' signal='air_care_verify_missing' scenario='life_air_care_plugin' type='a'
[21:09:52] [XMLENTRY][result] success=false reason='tap_dispatched_but_no_transition'
[21:09:52] [SCENARIO][pre_nav][xmlentry] fallback='helper_scrollTouch' reason='xml_entry_failed:tap_dispatched_but_no_transition'
[21:10:27] [SCENARIO][pre_nav] retry step=1 attempt=1/2 reason='ACTION_ACCESSIBILITY_FOCUS success'
[21:10:29] [XMLENTRY][search] step=0/5 visible_candidates=0 target_candidates=0
[21:10:32] [XMLENTRY][scroll] step=0/5 performed=false reason='no_target_candidate'
[21:10:32] [XMLENTRY][result] success=false reason='only_root_candidates'
[21:10:32] [SCENARIO][pre_nav][xmlentry] fallback='helper_scrollTouch' reason='xml_entry_failed:only_root_candidates'
[21:11:06] [CAPTURE][pre_nav_failure] start scenario='life_air_care_plugin' phase='pre_navigation' reason='no_local_match' step=1
[21:11:17] [CAPTURE][pre_nav_failure] saved path='output\capture_bundles\life_air_care_plugin\20260414_120926\final_failure' files='screenshot.png,window_dump.xml,helper_dump.json,focus_payload.json,meta.json'
[21:11:17] [SCENARIO][pre_nav] failed reason='action_failed' step=1
[21:11:17] [SCENARIO][pre_nav] failed reason='action_failed' detail='ACTION_ACCESSIBILITY_FOCUS success' step=1
[21:11:17] [PERF][scenario_summary] scenario=life_air_care_plugin tab=(?i).*life.* total_runtime=118.9 total_steps=1 main_step_count=1 overlay_step_count=0 overlay_count=0 avg_get_focus=0.0 avg_move=0.0 avg_crop=0.0 avg_step_total=0.0 step_total_sample_count=0 avg_get_focus_main=0.0 avg_get_focus_overlay=0.0 fallback_dump_count=0 success_false_top_level_dump_attempt_count=0 success_false_top_level_dump_found_count=0 fallback_dump_rate=0.0 get_focus_strong_skip_count=0 get_focus_strong_skip_rate=0.0 step_dump_used_count=0 save_excel_count=0 realign_attempt_count=0 realign_success_count=0 realign_success_rate=0.0
[21:11:17] [SAVE] writing sheets raw/filtered/summary/result
[21:11:17] [SAVE] filtered rows=1, raw rows=1
[21:11:17] [SAVE] saved excel: output/talkback_compare_20260414_210917.xlsx rows=1 with_images=False
[21:11:17] [RECOVER] start
[21:11:23] [SCENARIO][pre_nav][stabilization] phase='recover_initial_verify' attempt=1/2 life_selected=false app_bar_hits=0 visible_card_hits=0 life_root_signature_present=true navigate_up_hits=0 family_care_signature_seen=false final_score=1 ok=false pass_reason='' fail_reason='life_root_not_stable'
[21:11:29] [SCENARIO][pre_nav][stabilization] phase='recover_initial_verify' attempt=2/2 life_selected=false app_bar_hits=0 visible_card_hits=0 life_root_signature_present=true navigate_up_hits=0 family_care_signature_seen=false final_score=1 ok=false pass_reason='' fail_reason='life_root_not_stable'
[21:11:36] [RECOVER][fallback] entering_select_fallback
[21:11:50] [RECOVER][fallback] resource_select_success=false label_select_success=true
[21:11:50] [RECOVER] label fallback candidate matched
[21:11:57] [SCENARIO][pre_nav][stabilization] phase='recover_select_fallback' attempt=1/2 life_selected=false app_bar_hits=0 visible_card_hits=0 life_root_signature_present=true navigate_up_hits=0 family_care_signature_seen=false final_score=1 ok=false pass_reason='' fail_reason='life_root_not_stable'
[21:12:04] [SCENARIO][pre_nav][stabilization] phase='recover_select_fallback' attempt=2/2 life_selected=false app_bar_hits=0 visible_card_hits=0 life_root_signature_present=true navigate_up_hits=0 family_care_signature_seen=false final_score=1 ok=false pass_reason='' fail_reason='life_root_not_stable'
[21:12:04] [RECOVER][fallback] verify_ok=false reason='life_root_not_stable'
[21:12:04] [RECOVER] label fallback verify_ok=false
[21:12:04] [RECOVER] failed reason='life_root_not_reached'
[21:12:04] [MAIN] recovery failed but continuing scenario_id='life_home_care_plugin' tab='(?i).*life.*'
[21:12:04] [SCENARIO][stabilization] scenario='life_home_care_plugin' screen_context_mode='new_screen' stabilization_mode='anchor_only'
[21:12:10] [SCENARIO][pre_nav][stabilization] phase='plugin_start' attempt=1/2 life_selected=false app_bar_hits=0 visible_card_hits=0 life_root_signature_present=true navigate_up_hits=0 family_care_signature_seen=false final_score=1 ok=false pass_reason='' fail_reason='life_root_not_stable'
[21:12:17] [SCENARIO][pre_nav][stabilization] phase='plugin_start' attempt=2/2 life_selected=false app_bar_hits=0 visible_card_hits=0 life_root_signature_present=true navigate_up_hits=0 family_care_signature_seen=false final_score=1 ok=false pass_reason='' fail_reason='life_root_not_stable'
[21:12:17] [PLUGIN_START][life_list_check] ok=false reason='life_root_not_stable'
[21:12:17] [PLUGIN_START][recover_before_entry] triggered=true
[21:12:17] [RECOVER] start
[21:12:23] [SCENARIO][pre_nav][stabilization] phase='recover_initial_verify' attempt=1/2 life_selected=false app_bar_hits=0 visible_card_hits=0 life_root_signature_present=true navigate_up_hits=0 family_care_signature_seen=false final_score=1 ok=false pass_reason='' fail_reason='life_root_not_stable'
[21:12:30] [SCENARIO][pre_nav][stabilization] phase='recover_initial_verify' attempt=2/2 life_selected=false app_bar_hits=0 visible_card_hits=0 life_root_signature_present=true navigate_up_hits=0 family_care_signature_seen=false final_score=1 ok=false pass_reason='' fail_reason='life_root_not_stable'
[21:12:36] [RECOVER][fallback] entering_select_fallback
[21:12:50] [RECOVER][fallback] resource_select_success=false label_select_success=true
[21:12:50] [RECOVER] label fallback candidate matched
[21:12:58] [SCENARIO][pre_nav][stabilization] phase='recover_select_fallback' attempt=1/2 life_selected=false app_bar_hits=0 visible_card_hits=0 life_root_signature_present=true navigate_up_hits=0 family_care_signature_seen=false final_score=1 ok=false pass_reason='' fail_reason='life_root_not_stable'
[21:13:04] [SCENARIO][pre_nav][stabilization] phase='recover_select_fallback' attempt=2/2 life_selected=false app_bar_hits=0 visible_card_hits=0 life_root_signature_present=true navigate_up_hits=0 family_care_signature_seen=false final_score=1 ok=false pass_reason='' fail_reason='life_root_not_stable'
[21:13:04] [RECOVER][fallback] verify_ok=false reason='life_root_not_stable'
[21:13:04] [RECOVER] label fallback verify_ok=false
[21:13:04] [RECOVER] failed reason='life_root_not_reached'
[21:13:04] [PLUGIN_START][recover_before_entry] retry=1/2 reason='recover_to_start_state_failed'
[21:13:04] [RECOVER] start
[21:13:11] [SCENARIO][pre_nav][stabilization] phase='recover_initial_verify' attempt=1/2 life_selected=false app_bar_hits=0 visible_card_hits=0 life_root_signature_present=true navigate_up_hits=0 family_care_signature_seen=false final_score=1 ok=false pass_reason='' fail_reason='life_root_not_stable'
[21:13:17] [SCENARIO][pre_nav][stabilization] phase='recover_initial_verify' attempt=2/2 life_selected=false app_bar_hits=0 visible_card_hits=0 life_root_signature_present=true navigate_up_hits=0 family_care_signature_seen=false final_score=1 ok=false pass_reason='' fail_reason='life_root_not_stable'
[21:13:24] [RECOVER][fallback] entering_select_fallback
[21:13:38] [RECOVER][fallback] resource_select_success=false label_select_success=true
[21:13:38] [RECOVER] label fallback candidate matched
[21:13:45] [SCENARIO][pre_nav][stabilization] phase='recover_select_fallback' attempt=1/2 life_selected=false app_bar_hits=0 visible_card_hits=0 life_root_signature_present=true navigate_up_hits=0 family_care_signature_seen=false final_score=1 ok=false pass_reason='' fail_reason='life_root_not_stable'
[21:13:52] [SCENARIO][pre_nav][stabilization] phase='recover_select_fallback' attempt=2/2 life_selected=false app_bar_hits=0 visible_card_hits=0 life_root_signature_present=true navigate_up_hits=0 family_care_signature_seen=false final_score=1 ok=false pass_reason='' fail_reason='life_root_not_stable'
[21:13:52] [RECOVER][fallback] verify_ok=false reason='life_root_not_stable'
[21:13:52] [RECOVER] label fallback verify_ok=false
[21:13:52] [RECOVER] failed reason='life_root_not_reached'
[21:13:52] [PLUGIN_START][recover_before_entry] success=false
[21:13:52] [PERF][scenario_summary] scenario=life_home_care_plugin tab=(?i).*life.* total_runtime=107.9 total_steps=1 main_step_count=1 overlay_step_count=0 overlay_count=0 avg_get_focus=0.0 avg_move=0.0 avg_crop=0.0 avg_step_total=0.0 step_total_sample_count=0 avg_get_focus_main=0.0 avg_get_focus_overlay=0.0 fallback_dump_count=0 success_false_top_level_dump_attempt_count=0 success_false_top_level_dump_found_count=0 fallback_dump_rate=0.0 get_focus_strong_skip_count=0 get_focus_strong_skip_rate=0.0 step_dump_used_count=0 save_excel_count=0 realign_attempt_count=0 realign_success_count=0 realign_success_rate=0.0
[21:13:52] [SAVE] writing sheets raw/filtered/summary/result
[21:13:52] [SAVE] filtered rows=2, raw rows=2
[21:13:52] [SAVE] saved excel: output/talkback_compare_20260414_210917.xlsx rows=2 with_images=False
[21:13:52] [RECOVER] start
[21:13:58] [SCENARIO][pre_nav][stabilization] phase='recover_initial_verify' attempt=1/2 life_selected=false app_bar_hits=0 visible_card_hits=0 life_root_signature_present=true navigate_up_hits=0 family_care_signature_seen=false final_score=1 ok=false pass_reason='' fail_reason='life_root_not_stable'
[21:14:05] [SCENARIO][pre_nav][stabilization] phase='recover_initial_verify' attempt=2/2 life_selected=false app_bar_hits=0 visible_card_hits=0 life_root_signature_present=true navigate_up_hits=0 family_care_signature_seen=false final_score=1 ok=false pass_reason='' fail_reason='life_root_not_stable'
[21:14:11] [RECOVER][fallback] entering_select_fallback
[21:14:25] [RECOVER][fallback] resource_select_success=false label_select_success=true
[21:14:25] [RECOVER] label fallback candidate matched
[21:14:33] [SCENARIO][pre_nav][stabilization] phase='recover_select_fallback' attempt=1/2 life_selected=false app_bar_hits=0 visible_card_hits=0 life_root_signature_present=true navigate_up_hits=0 family_care_signature_seen=false final_score=1 ok=false pass_reason='' fail_reason='life_root_not_stable'
[21:14:39] [SCENARIO][pre_nav][stabilization] phase='recover_select_fallback' attempt=2/2 life_selected=false app_bar_hits=0 visible_card_hits=0 life_root_signature_present=true navigate_up_hits=0 family_care_signature_seen=false final_score=1 ok=false pass_reason='' fail_reason='life_root_not_stable'
[21:14:39] [RECOVER][fallback] verify_ok=false reason='life_root_not_stable'
[21:14:39] [RECOVER] label fallback verify_ok=false
[21:14:39] [RECOVER] failed reason='life_root_not_reached'
[21:14:39] [MAIN] recovery failed but continuing scenario_id='life_energy_plugin' tab='(?i).*life.*'
[21:14:39] [SCENARIO][stabilization] scenario='life_energy_plugin' screen_context_mode='new_screen' stabilization_mode='anchor_only'
[21:14:46] [SCENARIO][pre_nav][stabilization] phase='plugin_start' attempt=1/2 life_selected=false app_bar_hits=0 visible_card_hits=0 life_root_signature_present=true navigate_up_hits=0 family_care_signature_seen=false final_score=1 ok=false pass_reason='' fail_reason='life_root_not_stable'
[21:14:52] [SCENARIO][pre_nav][stabilization] phase='plugin_start' attempt=2/2 life_selected=false app_bar_hits=0 visible_card_hits=0 life_root_signature_present=true navigate_up_hits=0 family_care_signature_seen=false final_score=1 ok=false pass_reason='' fail_reason='life_root_not_stable'
[21:14:52] [PLUGIN_START][life_list_check] ok=false reason='life_root_not_stable'
[21:14:52] [PLUGIN_START][recover_before_entry] triggered=true
[21:14:52] [RECOVER] start
[21:14:59] [SCENARIO][pre_nav][stabilization] phase='recover_initial_verify' attempt=1/2 life_selected=false app_bar_hits=0 visible_card_hits=0 life_root_signature_present=true navigate_up_hits=0 family_care_signature_seen=false final_score=1 ok=false pass_reason='' fail_reason='life_root_not_stable'
[21:15:06] [SCENARIO][pre_nav][stabilization] phase='recover_initial_verify' attempt=2/2 life_selected=false app_bar_hits=0 visible_card_hits=0 life_root_signature_present=true navigate_up_hits=0 family_care_signature_seen=false final_score=1 ok=false pass_reason='' fail_reason='life_root_not_stable'
[21:15:12] [RECOVER][fallback] entering_select_fallback
[21:15:26] [RECOVER][fallback] resource_select_success=false label_select_success=true
[21:15:26] [RECOVER] label fallback candidate matched
[21:15:33] [SCENARIO][pre_nav][stabilization] phase='recover_select_fallback' attempt=1/2 life_selected=false app_bar_hits=0 visible_card_hits=0 life_root_signature_present=true navigate_up_hits=0 family_care_signature_seen=false final_score=1 ok=false pass_reason='' fail_reason='life_root_not_stable'
[21:15:40] [SCENARIO][pre_nav][stabilization] phase='recover_select_fallback' attempt=2/2 life_selected=false app_bar_hits=0 visible_card_hits=0 life_root_signature_present=true navigate_up_hits=0 family_care_signature_seen=false final_score=1 ok=false pass_reason='' fail_reason='life_root_not_stable'
[21:15:40] [RECOVER][fallback] verify_ok=false reason='life_root_not_stable'
[21:15:40] [RECOVER] label fallback verify_ok=false
[21:15:40] [RECOVER] failed reason='life_root_not_reached'
[21:15:40] [PLUGIN_START][recover_before_entry] retry=1/2 reason='recover_to_start_state_failed'
[21:15:40] [RECOVER] start
[21:15:46] [SCENARIO][pre_nav][stabilization] phase='recover_initial_verify' attempt=1/2 life_selected=false app_bar_hits=0 visible_card_hits=0 life_root_signature_present=true navigate_up_hits=0 family_care_signature_seen=false final_score=1 ok=false pass_reason='' fail_reason='life_root_not_stable'
[21:15:53] [SCENARIO][pre_nav][stabilization] phase='recover_initial_verify' attempt=2/2 life_selected=false app_bar_hits=0 visible_card_hits=0 life_root_signature_present=true navigate_up_hits=0 family_care_signature_seen=false final_score=1 ok=false pass_reason='' fail_reason='life_root_not_stable'
[21:15:59] [RECOVER][fallback] entering_select_fallback
[21:16:13] [RECOVER][fallback] resource_select_success=false label_select_success=true
[21:16:13] [RECOVER] label fallback candidate matched
[21:16:21] [SCENARIO][pre_nav][stabilization] phase='recover_select_fallback' attempt=1/2 life_selected=false app_bar_hits=0 visible_card_hits=0 life_root_signature_present=true navigate_up_hits=0 family_care_signature_seen=false final_score=1 ok=false pass_reason='' fail_reason='life_root_not_stable'
[21:16:22] [SCENARIO][pre_nav][stabilization] phase='recover_select_fallback' attempt=2/2 life_selected=false app_bar_hits=4 visible_card_hits=0 life_root_signature_present=false navigate_up_hits=0 family_care_signature_seen=true final_score=2 ok=false pass_reason='' fail_reason='life_root_not_stable'
[21:16:22] [RECOVER][fallback] verify_ok=false reason='life_root_not_stable'
[21:16:22] [RECOVER] label fallback verify_ok=false
[21:16:22] [RECOVER] failed reason='life_root_not_reached'
[21:16:22] [PLUGIN_START][recover_before_entry] success=false
[21:16:22] [PERF][scenario_summary] scenario=life_energy_plugin tab=(?i).*life.* total_runtime=102.7 total_steps=1 main_step_count=1 overlay_step_count=0 overlay_count=0 avg_get_focus=0.0 avg_move=0.0 avg_crop=0.0 avg_step_total=0.0 step_total_sample_count=0 avg_get_focus_main=0.0 avg_get_focus_overlay=0.0 fallback_dump_count=0 success_false_top_level_dump_attempt_count=0 success_false_top_level_dump_found_count=0 fallback_dump_rate=0.0 get_focus_strong_skip_count=0 get_focus_strong_skip_rate=0.0 step_dump_used_count=0 save_excel_count=0 realign_attempt_count=0 realign_success_count=0 realign_success_rate=0.0
[21:16:22] [SAVE] writing sheets raw/filtered/summary/result
[21:16:22] [SAVE] filtered rows=3, raw rows=3
[21:16:22] [SAVE] saved excel: output/talkback_compare_20260414_210917.xlsx rows=3 with_images=False
[21:16:22] [MAIN] skip disabled scenario_id='devices_main' tab='(?i).*devices.*'
[21:16:22] [MAIN] skip disabled scenario_id='life_main' tab='(?i).*life.*'
[21:16:22] [MAIN] skip disabled scenario_id='routines_main' tab='(?i).*routines.*'
[21:16:22] [MAIN] skip disabled scenario_id='menu_main' tab='(?i).*(menu|more).*'
[21:16:22] [MAIN] skip disabled scenario_id='settings_entry_example' tab='(?i).*menu.*'
[21:16:22] [RECOVER] start
[21:16:22] [SCENARIO][pre_nav][stabilization] phase='recover_initial_verify' attempt=1/2 life_selected=false app_bar_hits=4 visible_card_hits=0 life_root_signature_present=false navigate_up_hits=0 family_care_signature_seen=true final_score=2 ok=false pass_reason='' fail_reason='life_root_not_stable'
[21:16:23] [SCENARIO][pre_nav][stabilization] phase='recover_initial_verify' attempt=2/2 life_selected=false app_bar_hits=4 visible_card_hits=0 life_root_signature_present=false navigate_up_hits=0 family_care_signature_seen=true final_score=2 ok=false pass_reason='' fail_reason='life_root_not_stable'
[21:16:23] [RECOVER][back_loop] start
[21:16:23] [RECOVER][back_loop] attempt=1 state='detail_like'
[21:16:25] [SCENARIO][pre_nav][stabilization] phase='recover_back_loop_1' attempt=1/2 life_selected=false app_bar_hits=0 visible_card_hits=0 life_root_signature_present=true navigate_up_hits=0 family_care_signature_seen=false final_score=1 ok=false pass_reason='' fail_reason='life_root_not_stable'
[21:16:25] [SCENARIO][pre_nav][stabilization] phase='recover_back_loop_1' attempt=2/2 life_selected=false app_bar_hits=0 visible_card_hits=0 life_root_signature_present=true navigate_up_hits=0 family_care_signature_seen=false final_score=1 ok=false pass_reason='' fail_reason='life_root_not_stable'
[21:16:25] [RECOVER][back_loop] attempt=1 verify_ok=false reason='life_root_not_stable'
[21:16:26] [RECOVER][back_loop] attempt=2 state='detail_like'
[21:16:28] [SCENARIO][pre_nav][stabilization] phase='recover_back_loop_2' attempt=1/2 life_selected=false app_bar_hits=0 visible_card_hits=0 life_root_signature_present=true navigate_up_hits=0 family_care_signature_seen=false final_score=1 ok=false pass_reason='' fail_reason='life_root_not_stable'
[21:16:28] [SCENARIO][pre_nav][stabilization] phase='recover_back_loop_2' attempt=2/2 life_selected=false app_bar_hits=0 visible_card_hits=0 life_root_signature_present=true navigate_up_hits=0 family_care_signature_seen=false final_score=1 ok=false pass_reason='' fail_reason='life_root_not_stable'
[21:16:28] [RECOVER][back_loop] attempt=2 verify_ok=false reason='life_root_not_stable'
[21:16:29] [RECOVER][back_loop] attempt=3 state='detail_like'
[21:16:30] [SCENARIO][pre_nav][stabilization] phase='recover_back_loop_3' attempt=1/2 life_selected=false app_bar_hits=0 visible_card_hits=0 life_root_signature_present=true navigate_up_hits=0 family_care_signature_seen=false final_score=1 ok=false pass_reason='' fail_reason='life_root_not_stable'
[21:16:31] [SCENARIO][pre_nav][stabilization] phase='recover_back_loop_3' attempt=2/2 life_selected=false app_bar_hits=0 visible_card_hits=0 life_root_signature_present=true navigate_up_hits=0 family_care_signature_seen=false final_score=1 ok=false pass_reason='' fail_reason='life_root_not_stable'
[21:16:31] [RECOVER][back_loop] attempt=3 verify_ok=false reason='life_root_not_stable'
[21:16:32] [RECOVER][fallback] entering_select_fallback
[21:16:34] [RECOVER][fallback] parse_error='TARGET_ACTION_RESULT JSON 파싱 실패: Unterminated string starting at: line 1 column 4025 (char 4024)'
[21:16:34] [RECOVER][fallback] resource_select_success=false label_select_success=false
[21:16:34] [RECOVER] failed reason='fallback_result_parse_error'
[21:16:34] [MAIN] recovery failed but continuing scenario_id='life_pet_care_plugin' tab='(?i).*life.*'
[21:16:34] [SCENARIO][stabilization] scenario='life_pet_care_plugin' screen_context_mode='new_screen' stabilization_mode='anchor_only'
[21:16:34] [SCENARIO][pre_nav][stabilization] phase='plugin_start' attempt=1/2 life_selected=false app_bar_hits=0 visible_card_hits=0 life_root_signature_present=true navigate_up_hits=0 family_care_signature_seen=false final_score=1 ok=false pass_reason='' fail_reason='life_root_not_stable'
[21:16:35] [SCENARIO][pre_nav][stabilization] phase='plugin_start' attempt=2/2 life_selected=false app_bar_hits=0 visible_card_hits=0 life_root_signature_present=true navigate_up_hits=0 family_care_signature_seen=false final_score=1 ok=false pass_reason='' fail_reason='life_root_not_stable'
[21:16:35] [PLUGIN_START][life_list_check] ok=false reason='life_root_not_stable'
[21:16:35] [PLUGIN_START][recover_before_entry] triggered=true
[21:16:35] [RECOVER] start
[21:16:35] [SCENARIO][pre_nav][stabilization] phase='recover_initial_verify' attempt=1/2 life_selected=false app_bar_hits=0 visible_card_hits=0 life_root_signature_present=true navigate_up_hits=0 family_care_signature_seen=false final_score=1 ok=false pass_reason='' fail_reason='life_root_not_stable'
[21:16:36] [SCENARIO][pre_nav][stabilization] phase='recover_initial_verify' attempt=2/2 life_selected=false app_bar_hits=0 visible_card_hits=0 life_root_signature_present=true navigate_up_hits=0 family_care_signature_seen=false final_score=1 ok=false pass_reason='' fail_reason='life_root_not_stable'
[21:16:37] [RECOVER][fallback] entering_select_fallback
[21:16:39] [RECOVER][fallback] parse_error='TARGET_ACTION_RESULT JSON 파싱 실패: Expecting value: line 1 column 4031 (char 4030)'
[21:16:39] [RECOVER][fallback] resource_select_success=false label_select_success=false
[21:16:39] [RECOVER] failed reason='fallback_result_parse_error'
[21:16:39] [PLUGIN_START][recover_before_entry] retry=1/2 reason='recover_to_start_state_failed'
[21:16:39] [RECOVER] start
[21:16:39] [SCENARIO][pre_nav][stabilization] phase='recover_initial_verify' attempt=1/2 life_selected=false app_bar_hits=0 visible_card_hits=0 life_root_signature_present=true navigate_up_hits=0 family_care_signature_seen=false final_score=1 ok=false pass_reason='' fail_reason='life_root_not_stable'
[21:16:40] [SCENARIO][pre_nav][stabilization] phase='recover_initial_verify' attempt=2/2 life_selected=false app_bar_hits=0 visible_card_hits=0 life_root_signature_present=true navigate_up_hits=0 family_care_signature_seen=false final_score=1 ok=false pass_reason='' fail_reason='life_root_not_stable'
[21:16:40] [RECOVER][fallback] entering_select_fallback
[21:16:43] [RECOVER][fallback] parse_error='TARGET_ACTION_RESULT JSON 파싱 실패: Expecting value: line 1 column 4031 (char 4030)'
[21:16:43] [RECOVER][fallback] resource_select_success=false label_select_success=false
[21:16:43] [RECOVER] failed reason='fallback_result_parse_error'
[21:16:43] [PLUGIN_START][recover_before_entry] success=false
[21:16:43] [PERF][scenario_summary] scenario=life_pet_care_plugin tab=(?i).*life.* total_runtime=8.9 total_steps=1 main_step_count=1 overlay_step_count=0 overlay_count=0 avg_get_focus=0.0 avg_move=0.0 avg_crop=0.0 avg_step_total=0.0 step_total_sample_count=0 avg_get_focus_main=0.0 avg_get_focus_overlay=0.0 fallback_dump_count=0 success_false_top_level_dump_attempt_count=0 success_false_top_level_dump_found_count=0 fallback_dump_rate=0.0 get_focus_strong_skip_count=0 get_focus_strong_skip_rate=0.0 step_dump_used_count=0 save_excel_count=0 realign_attempt_count=0 realign_success_count=0 realign_success_rate=0.0
[21:16:43] [SAVE] writing sheets raw/filtered/summary/result
[21:16:43] [SAVE] filtered rows=4, raw rows=4
[21:16:43] [SAVE] saved excel: output/talkback_compare_20260414_210917.xlsx rows=4 with_images=False
[21:16:43] [RECOVER] start
[21:16:43] [SCENARIO][pre_nav][stabilization] phase='recover_initial_verify' attempt=1/2 life_selected=false app_bar_hits=0 visible_card_hits=0 life_root_signature_present=true navigate_up_hits=0 family_care_signature_seen=false final_score=1 ok=false pass_reason='' fail_reason='life_root_not_stable'
[21:16:44] [SCENARIO][pre_nav][stabilization] phase='recover_initial_verify' attempt=2/2 life_selected=false app_bar_hits=0 visible_card_hits=0 life_root_signature_present=true navigate_up_hits=0 family_care_signature_seen=false final_score=1 ok=false pass_reason='' fail_reason='life_root_not_stable'
[21:16:44] [RECOVER][fallback] entering_select_fallback
[21:16:47] [RECOVER][fallback] parse_error='TARGET_ACTION_RESULT JSON 파싱 실패: Expecting value: line 1 column 4031 (char 4030)'
[21:16:47] [RECOVER][fallback] resource_select_success=false label_select_success=false
[21:16:47] [RECOVER] failed reason='fallback_result_parse_error'
[21:16:47] [MAIN] recovery failed but continuing scenario_id='life_family_care_plugin' tab='(?i).*life.*'
[21:16:47] [SCENARIO][stabilization] scenario='life_family_care_plugin' screen_context_mode='new_screen' stabilization_mode='anchor_only'
[21:16:47] [SCENARIO][pre_nav][stabilization] phase='plugin_start' attempt=1/2 life_selected=false app_bar_hits=0 visible_card_hits=0 life_root_signature_present=true navigate_up_hits=0 family_care_signature_seen=false final_score=1 ok=false pass_reason='' fail_reason='life_root_not_stable'
[21:16:48] [SCENARIO][pre_nav][stabilization] phase='plugin_start' attempt=2/2 life_selected=false app_bar_hits=0 visible_card_hits=0 life_root_signature_present=true navigate_up_hits=0 family_care_signature_seen=false final_score=1 ok=false pass_reason='' fail_reason='life_root_not_stable'
[21:16:48] [PLUGIN_START][life_list_check] ok=false reason='life_root_not_stable'
[21:16:48] [PLUGIN_START][recover_before_entry] triggered=true
[21:16:48] [RECOVER] start
[21:16:48] [SCENARIO][pre_nav][stabilization] phase='recover_initial_verify' attempt=1/2 life_selected=false app_bar_hits=0 visible_card_hits=0 life_root_signature_present=true navigate_up_hits=0 family_care_signature_seen=false final_score=1 ok=false pass_reason='' fail_reason='life_root_not_stable'
[21:16:49] [SCENARIO][pre_nav][stabilization] phase='recover_initial_verify' attempt=2/2 life_selected=false app_bar_hits=0 visible_card_hits=0 life_root_signature_present=true navigate_up_hits=0 family_care_signature_seen=false final_score=1 ok=false pass_reason='' fail_reason='life_root_not_stable'
[21:16:49] [RECOVER][fallback] entering_select_fallback
[21:16:52] [RECOVER][fallback] resource_select_success=false label_select_success=true
[21:16:52] [RECOVER] label fallback candidate matched
[21:16:53] [SCENARIO][pre_nav][stabilization] phase='recover_select_fallback' attempt=1/2 life_selected=false app_bar_hits=5 visible_card_hits=1 life_root_signature_present=true navigate_up_hits=0 family_care_signature_seen=false final_score=3 ok=true pass_reason='life_root_signature_and_structure_confirmed' fail_reason=''
[21:16:53] [RECOVER][fallback] verify_ok=true reason='root_state_stable'
[21:16:53] [RECOVER] success reason='select_fallback_verified'
[21:16:54] [SCENARIO][pre_nav][stabilization] phase='plugin_start_post_recover' attempt=1/2 life_selected=false app_bar_hits=5 visible_card_hits=1 life_root_signature_present=true navigate_up_hits=0 family_care_signature_seen=false final_score=3 ok=true pass_reason='life_root_signature_and_structure_confirmed' fail_reason=''
[21:16:54] [PLUGIN_START][life_list_check] ok=true reason='root_state_stable'
[21:16:54] [PLUGIN_START][recover_before_entry] success=true
[21:16:54] [CONTEXT] skipped reason='new_screen_mode' phase='tab_select'
[21:16:54] [TAB][select] fallback_to_legacy=True scenario='life_family_care_plugin'
[21:17:01] [TRACE][open_scenario] scenario='life_family_care_plugin' stabilization_mode='anchor_only' focus_align_attempted=True focus_align_ok=True focus_align_reason='' context_ok=False anchor_matched=False anchor_stable=False
[21:17:01] [SCENARIO][pre_nav] step=1 action=xml_scroll_search_tap target='(?i)(^family\s*care$|.*family\s*care.*|.*패밀리\s*케어.*)'
[21:17:01] [XMLENTRY][search] pre_reset scroll_to_top=true
[21:17:06] [XMLENTRY][search] step=0/5 visible_candidates=69 target_candidates=5
[21:17:06] [XMLENTRY][search][top] rank=1 reason='actionable_container' text='Family Care' rid='com.samsung.android.oneconnect:id/frameLayout' class='android.widget.FrameLayout' bounds='42,310,1038,1042' area_ratio='0.3516' target_match=true match_source='title'
[21:17:06] [XMLENTRY][search][top] rank=2 reason='actionable_container' text='Family Care' rid='com.samsung.android.oneconnect:id/containerNameLayout' class='android.widget.RelativeLayout' bounds='42,310,1038,442' area_ratio='0.0634' target_match=true match_source='title'
[21:17:06] [XMLENTRY][search][top] rank=3 reason='actionable_container' text='' rid='' class='android.widget.RelativeLayout' bounds='42,310,1038,1042' area_ratio='0.3516' target_match=true match_source='descendant'
[21:17:06] [XMLENTRY][select] reason='actionable_container' resource='com.samsung.android.oneconnect:id/frameLayout' bounds='42,310,1038,1042' text='' target_match=true match_source='title' matched_text='Family Care'
[21:17:07] [XMLENTRY][result] success=true reason='transition_confirmed'
[21:17:07] [SCENARIO][pre_nav] success step=1 reason='ACTION_ACCESSIBILITY_FOCUS success'
[21:17:09] [SCENARIO][pre_nav] success
[21:17:13] [CONTEXT] skipped reason='anchor_only_mode'
[21:17:13] [CONTEXT] skipped reason='anchor_only_mode'
[21:17:13] [CONTEXT] scenario='life_family_care_plugin' type='skipped' expected='' actual='' ok=True
[21:17:13] [CONTEXT] verification passed scenario='life_family_care_plugin'
[21:17:13] [ANCHOR][scenario_start] success scenario='life_family_care_plugin' selected={'success': False, 'status': 'failed', 'detail': 'ACTION_ACCESSIBILITY_FOCUS failed (resourceId=null, class=android.widget.ImageButton)', 'raw': {'timestamp': 1776169032605, 'reqId': '19c1decf', 'success': False, 'reason': 'ACTION_ACCESSIBILITY_FOCUS failed (resourceId=null, class=android.widget.ImageButton)', 'action': 'FOCUS', 'targetName': '(?i).*navigate\\s*up.*', 'targetType': 'a', 'targetIndex': 0, 'attemptedClassName': 'android.widget.ImageButton', 'target': {'timestamp': 1776169032605, 'schemaVersion': '1.2.0', 'snapshotBuilderVersion': '1.2.0', 'packageName': 'com.samsung.android.oneconnect', 'className': 'android.widget.ImageButton', 'viewIdResourceName': None, 'text': None, 'contentDescription': 'Navigate up', 'mergedLabel': 'Navigate up', 'talkbackLabel': 'Navigate up', 'clickable': True, 'focusable': True, 'focused': False, 'accessibilityFocused': True, 'visibleToUser': True, 'isVisibleToUser': True, 'selected': False, 'checkable': False, 'checked': False, 'enabled': True, 'boundsInScreen': {'l': 0, 't': 118, 'r': 180, 'b': 310, 'left': 0, 'top': 118, 'right': 180, 'bottom': 310}, 'children': []}}} matched=True stable=True context_ok=True reason='verified_without_select'
[21:17:13] [TRACE][open_scenario] scenario='life_family_care_plugin' stabilization_mode='anchor_only' focus_align_attempted=True focus_align_ok=True focus_align_reason='' context_ok=False anchor_matched=False anchor_stable=True
[21:17:15] [SCENARIO][entry_contract] success scenario='life_family_care_plugin' entry_type='card' reason='success_verified' detail='plugin_open_verified'
[21:17:15] [TRACE][post_open_focus] scenario='life_family_care_plugin' view_id='' label='Navigate up' speech='Navigate up' bounds='{'l': 0, 't': 118, 'r': 180, 'b': 310, 'left': 0, 'top': 118, 'right': 180, 'bottom': 310}' source='top_level' top_level=True
[21:17:20] [TRACE][anchor_row] scenario='life_family_care_plugin' step=0 view_id='' visible='Navigate up' speech='Navigate up' normalized_visible='navigate up' is_global_nav=False
[21:17:21] [ROW] fingerprint='|navigate up|navigate up|90,214' normalized_fingerprint='|navigate up|navigate up' duplicate=false recent_duplicate=false distance=0 recent_semantic_duplicate=false semantic_distance=0 semantic_window_unique=1 noise=false
[21:17:21] [RESULT] skipped anchor rows count=1
[21:17:21] [SAVE] writing sheets raw/filtered/summary/result
[21:17:21] [SAVE] filtered rows=5, raw rows=5
[21:17:21] [SAVE] saved excel: output/talkback_compare_20260414_210917.xlsx rows=5 with_images=False
[21:17:21] [STEP] START tab='(?i).*life.*' step=1
[21:17:26] [ROW] fingerprint='|family care|family care|357,213' normalized_fingerprint='|family care|family care' duplicate=false recent_duplicate=false distance=0 recent_semantic_duplicate=false semantic_distance=0 semantic_window_unique=2 noise=false
[21:17:26] [STEP] END tab='(?i).*life.*' step=1 elapsed=5.15s move_result='{'success': True, 'status': 'moved', 'detail': 'moved', 'raw': {'timestamp': 1776169043560, 'reqId': 'abd48fa9', 'success': True, 'status': 'moved', 'detail': 'moved', 'flags': []}}' visible='Family Care' speech='Family Care' crop='output\talkback_compare_20260414_210917\crops\i_._life._step_1_Family_Care.png' timing(move=1.115s ann=2.939s get_focus=1.096s get_focus_fallback_dump=0.000s step_dump=0.000s crop=0.531s total=5.682s) focus_reason='' fallback_used=False fallback_found=False step_dump_used=False step_dump_reason='focus_payload_sufficient' req_id='51604312'
[21:17:26] [STOP][eval] step=1 scenario='life_family_care_plugin' terminal=false same_like_count=0 no_progress=false scenario_type='content' is_global_nav=false after_realign=false recent_repeat=false bounded_two_card_loop=false semantic_same_like=false recent_duplicate=false recent_duplicate_distance=0 recent_semantic_duplicate=false recent_semantic_duplicate_distance=0 recent_semantic_unique_count=2 strict_duplicate=false semantic_duplicate=false repeat_class='none' loop_classification='none' hard_no_progress=false soft_no_progress=false no_progress_class='none' overlay_realign_grace_active=false min_step_gate_blocked=false realign_grace_suppressed=false repeat_stop_hit=false decision='continue' reason='none' stop_explain_version='pr7_explain_v1' stop_explain_input='step:1|move:{'success': true, 'status': 'moved', 'detail': 'moved', 'raw': {'timestamp': 1776169043560, 'reqid': 'abd48fa9', 'success': true, 'status': 'moved', 'detail': 'moved', 'flags': []}}|smart:moved|same:0|fail:0' stop_explain_repeat='recent:false|class:none|strict:false|semantic:false|loop:none|two_card:false' stop_explain_no_progress='hit:false|class:none|hard:false|soft:false' stop_explain_gate='candidate:false|min_block:false|realign_suppress:false|realign_active:false|decision:continue'
[21:17:26] [OVERLAY] blocked no_overlay_policy scenario='life_family_care_plugin' tab='(?i).*life.*' step=1
[21:17:26] [STEP] START tab='(?i).*life.*' step=2
[21:17:31] [ROW] fingerprint='com.samsung.android.plugin.care:id/menu_main_invite_member|add family member|add family member|864,214' normalized_fingerprint='com samsung android plugin care id menu main invite member|add family member|add family member' duplicate=false recent_duplicate=false distance=0 recent_semantic_duplicate=false semantic_distance=0 semantic_window_unique=3 noise=false
[21:17:31] [STEP] END tab='(?i).*life.*' step=2 elapsed=4.49s move_result='{'success': True, 'status': 'moved', 'detail': 'moved', 'raw': {'timestamp': 1776169048627, 'reqId': 'aa11254c', 'success': True, 'status': 'moved', 'detail': 'moved', 'flags': []}}' visible='Add family member' speech='Add family member' crop='output\talkback_compare_20260414_210917\crops\i_._life._step_2_Add_family_member.png' timing(move=0.495s ann=2.993s get_focus=1.006s get_focus_fallback_dump=0.000s step_dump=0.000s crop=0.549s total=5.044s) focus_reason='' fallback_used=False fallback_found=False step_dump_used=False step_dump_reason='focus_payload_sufficient' req_id='582ab8b5'
[21:17:31] [STOP][eval] step=2 scenario='life_family_care_plugin' terminal=false same_like_count=0 no_progress=false scenario_type='content' is_global_nav=false after_realign=false recent_repeat=false bounded_two_card_loop=false semantic_same_like=false recent_duplicate=false recent_duplicate_distance=0 recent_semantic_duplicate=false recent_semantic_duplicate_distance=0 recent_semantic_unique_count=3 strict_duplicate=false semantic_duplicate=false repeat_class='none' loop_classification='none' hard_no_progress=false soft_no_progress=false no_progress_class='none' overlay_realign_grace_active=false min_step_gate_blocked=false realign_grace_suppressed=false repeat_stop_hit=false decision='continue' reason='none' stop_explain_version='pr7_explain_v1' stop_explain_input='step:2|move:{'success': true, 'status': 'moved', 'detail': 'moved', 'raw': {'timestamp': 1776169048627, 'reqid': 'aa11254c', 'success': true, 'status': 'moved', 'detail': 'moved', 'flags': []}}|smart:moved|same:0|fail:0' stop_explain_repeat='recent:false|class:none|strict:false|semantic:false|loop:none|two_card:false' stop_explain_no_progress='hit:false|class:none|hard:false|soft:false' stop_explain_gate='candidate:false|min_block:false|realign_suppress:false|realign_active:false|decision:continue'
[21:17:31] [OVERLAY] blocked no_overlay_policy scenario='life_family_care_plugin' tab='(?i).*life.*' step=2
[21:17:31] [STEP] START tab='(?i).*life.*' step=3
[21:17:36] [ROW] fingerprint='|more options|more options|1002,214' normalized_fingerprint='|more options|more options' duplicate=false recent_duplicate=false distance=0 recent_semantic_duplicate=false semantic_distance=0 semantic_window_unique=4 noise=false
[21:17:36] [STEP] END tab='(?i).*life.*' step=3 elapsed=4.45s move_result='{'success': True, 'status': 'moved', 'detail': 'moved', 'raw': {'timestamp': 1776169053664, 'reqId': '83c8d411', 'success': True, 'status': 'moved', 'detail': 'moved', 'flags': []}}' visible='More options' speech='More options' crop='output\talkback_compare_20260414_210917\crops\i_._life._step_3_More_options.png' timing(move=0.483s ann=2.955s get_focus=1.013s get_focus_fallback_dump=0.000s step_dump=0.000s crop=0.560s total=5.013s) focus_reason='' fallback_used=False fallback_found=False step_dump_used=False step_dump_reason='focus_payload_sufficient' req_id='8425cd34'
[21:17:36] [STOP][eval] step=3 scenario='life_family_care_plugin' terminal=false same_like_count=0 no_progress=false scenario_type='content' is_global_nav=false after_realign=false recent_repeat=false bounded_two_card_loop=false semantic_same_like=false recent_duplicate=false recent_duplicate_distance=0 recent_semantic_duplicate=false recent_semantic_duplicate_distance=0 recent_semantic_unique_count=4 strict_duplicate=false semantic_duplicate=false repeat_class='none' loop_classification='none' hard_no_progress=false soft_no_progress=false no_progress_class='none' overlay_realign_grace_active=false min_step_gate_blocked=false realign_grace_suppressed=false repeat_stop_hit=false decision='continue' reason='none' stop_explain_version='pr7_explain_v1' stop_explain_input='step:3|move:{'success': true, 'status': 'moved', 'detail': 'moved', 'raw': {'timestamp': 1776169053664, 'reqid': '83c8d411', 'success': true, 'status': 'moved', 'detail': 'moved', 'flags': []}}|smart:moved|same:0|fail:0' stop_explain_repeat='recent:false|class:none|strict:false|semantic:false|loop:none|two_card:false' stop_explain_no_progress='hit:false|class:none|hard:false|soft:false' stop_explain_gate='candidate:false|min_block:false|realign_suppress:false|realign_active:false|decision:continue'
[21:17:36] [RESULT] skipped anchor rows count=1
[21:17:36] [SAVE] writing sheets raw/filtered/summary/result
[21:17:36] [SAVE] filtered rows=8, raw rows=8
[21:17:37] [SAVE] saved excel: output/talkback_compare_20260414_210917.xlsx rows=8 with_images=False
[21:17:37] [OVERLAY] blocked no_overlay_policy scenario='life_family_care_plugin' tab='(?i).*life.*' step=3
[21:17:37] [STEP] START tab='(?i).*life.*' step=4
[21:17:38] [RESULT] skipped anchor rows count=1
[21:17:38] [SAVE] writing sheets raw/filtered/summary/result
[21:17:38] [SAVE] filtered rows=8, raw rows=8
[21:17:39] [SAVE] saved excel: output/talkback_compare_20260414_210917.xlsx rows=8 with_images=True
[21:17:39] [MAIN] final save complete
[21:17:39] [PERF][run_summary] total_runtime=501.0 total_scenarios=5 total_steps=8 total_overlay_count=0 avg_get_focus=0.509 avg_move=0.262 fallback_dump_count=0 success_false_top_level_dump_attempt_count=0 success_false_top_level_dump_found_count=0 fallback_dump_rate=0.0 get_focus_strong_skip_rate=50.0 realign_success_rate=0.0 save_excel_count=7
