[20:33:25] [SAVE][temp] override tmp='D:\Python test\talkback-a11y-helper\output\.tmp' temp='D:\Python test\talkback-a11y-helper\output\.tmp' applied=true
[20:33:25] [MAIN] script start (version=1.7.81, log_level=NORMAL)
[20:33:27] [PREFLIGHT] talkback status='enabled'
[20:33:27] [MAIN] output file: output/talkback_compare_20260414_203325.xlsx
[20:33:27] [MAIN] image dir base: output\talkback_compare_20260414_203325
[20:33:27] [CONFIG] runtime config loaded path='config\runtime_config.json'
[20:33:27] [GLOBAL_NAV][guard] forcing stabilization_mode='tab_context' scenario='global_nav_main' requested='anchor_then_context'
[20:33:27] [CONFIG] scenario resolved scenario='global_nav_main' group='main_tabs' max_steps=10 enabled=False
[20:33:27] [CONFIG] applied shared_navigation='default_global_nav'
[20:33:27] [CONFIG] scenario enabled scenario='global_nav_main' source='runtime' enabled=False base_enabled=False
[20:33:27] [CONFIG] scenario resolved scenario='home_main' group='main_tabs' max_steps=5 enabled=False
[20:33:27] [CONFIG] applied shared_navigation='bottom_tab_global_nav'
[20:33:27] [CONFIG] scenario enabled scenario='home_main' source='runtime' enabled=False base_enabled=False
[20:33:27] [CONFIG] scenario resolved scenario='life_food_plugin' group='plugin_screen' max_steps=5 enabled=False
[20:33:27] [CONFIG] applied pre_navigation_ref='enter_food_plugin'
[20:33:27] [CONFIG] scenario enabled scenario='life_food_plugin' source='runtime' enabled=False base_enabled=False
[20:33:27] [CONFIG] scenario resolved scenario='life_air_care_plugin' group='-' max_steps=5 enabled=True
[20:33:27] [CONFIG] scenario enabled scenario='life_air_care_plugin' source='runtime' enabled=True base_enabled=False
[20:33:27] [CONFIG] scenario resolved scenario='life_home_care_plugin' group='-' max_steps=5 enabled=True
[20:33:27] [CONFIG] scenario enabled scenario='life_home_care_plugin' source='runtime' enabled=True base_enabled=False
[20:33:27] [CONFIG] scenario resolved scenario='life_energy_plugin' group='-' max_steps=5 enabled=True
[20:33:27] [CONFIG] scenario enabled scenario='life_energy_plugin' source='runtime' enabled=True base_enabled=False
[20:33:27] [CONFIG] scenario resolved scenario='devices_main' group='main_tabs' max_steps=10 enabled=False
[20:33:27] [CONFIG] applied shared_navigation='bottom_tab_global_nav'
[20:33:27] [CONFIG] applied anchor_ref='home_tab_anchor'
[20:33:27] [CONFIG] scenario enabled scenario='devices_main' source='runtime' enabled=False base_enabled=False
[20:33:27] [CONFIG] scenario resolved scenario='life_main' group='main_tabs' max_steps=30 enabled=False
[20:33:27] [CONFIG] applied shared_navigation='bottom_tab_global_nav'
[20:33:27] [CONFIG] scenario enabled scenario='life_main' source='runtime' enabled=False base_enabled=False
[20:33:27] [CONFIG] scenario resolved scenario='routines_main' group='main_tabs' max_steps=30 enabled=False
[20:33:27] [CONFIG] applied shared_navigation='bottom_tab_global_nav'
[20:33:27] [CONFIG] scenario enabled scenario='routines_main' source='runtime' enabled=False base_enabled=False
[20:33:27] [CONFIG] scenario resolved scenario='menu_main' group='main_tabs' max_steps=30 enabled=False
[20:33:27] [CONFIG] applied shared_navigation='bottom_tab_global_nav'
[20:33:27] [CONFIG] scenario enabled scenario='menu_main' source='runtime' enabled=False base_enabled=False
[20:33:27] [CONFIG] scenario resolved scenario='settings_entry_example' group='plugin_screen' max_steps=5 enabled=False
[20:33:27] [CONFIG] applied anchor_ref='settings_button_anchor'
[20:33:27] [CONFIG] applied pre_navigation_ref='enter_settings'
[20:33:27] [CONFIG] scenario enabled scenario='settings_entry_example' source='runtime' enabled=False base_enabled=False
[20:33:27] [CONFIG] scenario resolved scenario='life_pet_care_plugin' group='-' max_steps=5 enabled=True
[20:33:27] [CONFIG] scenario enabled scenario='life_pet_care_plugin' source='runtime' enabled=True base_enabled=False
[20:33:27] [CONFIG] scenario resolved scenario='life_family_care_plugin' group='-' max_steps=5 enabled=True
[20:33:27] [CONFIG] scenario enabled scenario='life_family_care_plugin' source='runtime' enabled=True base_enabled=False
[20:33:27] [CONFIG] scenario resolved scenario='life_plant_care_plugin' group='-' max_steps=5 enabled=True
[20:33:27] [CONFIG] scenario enabled scenario='life_plant_care_plugin' source='runtime' enabled=True base_enabled=False
[20:33:27] [CONFIG] scenario resolved scenario='life_clothing_care_plugin' group='-' max_steps=5 enabled=True
[20:33:27] [CONFIG] scenario enabled scenario='life_clothing_care_plugin' source='runtime' enabled=True base_enabled=False
[20:33:27] [CONFIG] scenario resolved scenario='life_find_plugin' group='-' max_steps=5 enabled=True
[20:33:27] [CONFIG] scenario enabled scenario='life_find_plugin' source='runtime' enabled=True base_enabled=False
[20:33:27] [CONFIG] scenario resolved scenario='life_video_plugin' group='-' max_steps=5 enabled=True
[20:33:27] [CONFIG] scenario enabled scenario='life_video_plugin' source='runtime' enabled=True base_enabled=False
[20:33:27] [CONFIG] scenario resolved scenario='life_home_monitor_plugin' group='-' max_steps=5 enabled=True
[20:33:27] [CONFIG] scenario enabled scenario='life_home_monitor_plugin' source='runtime' enabled=True base_enabled=False
[20:33:27] [CONFIG] scenario resolved scenario='life_music_sync_plugin' group='-' max_steps=5 enabled=True
[20:33:27] [CONFIG] scenario enabled scenario='life_music_sync_plugin' source='runtime' enabled=True base_enabled=False
[20:33:27] [MAIN] skip disabled scenario_id='global_nav_main' tab='(?i).*(home|devices|life|routines|menu).*'
[20:33:27] [MAIN] skip disabled scenario_id='home_main' tab='(?i).*home.*'
[20:33:27] [MAIN] skip disabled scenario_id='life_food_plugin' tab='(?i).*life.*'
[20:33:27] [SCENARIO][stabilization] scenario='life_air_care_plugin' screen_context_mode='new_screen' stabilization_mode='anchor_only'
[20:33:27] [SCENARIO][pre_nav][stabilization] phase='plugin_start' attempt=1/2 life_selected=false app_bar_hits=4 visible_card_hits=0 life_root_signature_present=false navigate_up_hits=0 family_care_signature_seen=true final_score=2 ok=false pass_reason='' fail_reason='life_root_not_stable'
[20:33:28] [SCENARIO][pre_nav][stabilization] phase='plugin_start' attempt=2/2 life_selected=false app_bar_hits=4 visible_card_hits=0 life_root_signature_present=false navigate_up_hits=0 family_care_signature_seen=true final_score=2 ok=false pass_reason='' fail_reason='life_root_not_stable'
[20:33:28] [PLUGIN_START][life_list_check] ok=false reason='life_root_not_stable'
[20:33:28] [PLUGIN_START][recover_before_entry] triggered=true
[20:33:28] [RECOVER] start
[20:33:32] [RECOVER] success
[20:33:32] [SCENARIO][pre_nav][stabilization] phase='plugin_start_post_recover' attempt=1/2 life_selected=false app_bar_hits=4 visible_card_hits=0 life_root_signature_present=false navigate_up_hits=0 family_care_signature_seen=true final_score=2 ok=false pass_reason='' fail_reason='life_root_not_stable'
[20:33:33] [SCENARIO][pre_nav][stabilization] phase='plugin_start_post_recover' attempt=2/2 life_selected=false app_bar_hits=4 visible_card_hits=0 life_root_signature_present=false navigate_up_hits=0 family_care_signature_seen=true final_score=2 ok=false pass_reason='' fail_reason='life_root_not_stable'
[20:33:33] [PLUGIN_START][life_list_check] ok=false reason='life_root_not_stable'
[20:33:33] [PLUGIN_START][recover_before_entry] success=false
[20:33:33] [PERF][scenario_summary] scenario=life_air_care_plugin tab=(?i).*life.* total_runtime=6.3 total_steps=1 main_step_count=1 overlay_step_count=0 overlay_count=0 avg_get_focus=0.0 avg_move=0.0 avg_crop=0.0 avg_step_total=0.0 step_total_sample_count=0 avg_get_focus_main=0.0 avg_get_focus_overlay=0.0 fallback_dump_count=0 success_false_top_level_dump_attempt_count=0 success_false_top_level_dump_found_count=0 fallback_dump_rate=0.0 get_focus_strong_skip_count=0 get_focus_strong_skip_rate=0.0 step_dump_used_count=0 save_excel_count=0 realign_attempt_count=0 realign_success_count=0 realign_success_rate=0.0
[20:33:33] [SAVE] writing sheets raw/filtered/summary/result
[20:33:33] [SAVE] filtered rows=1, raw rows=1
[20:33:33] [SAVE] saved excel: output/talkback_compare_20260414_203325.xlsx rows=1 with_images=False
[20:33:33] [RECOVER] start
[20:33:34] [RECOVER] resource select failed, trying label fallback
[20:33:35] [RECOVER] select fallback succeeded
[20:33:38] [RECOVER] success
[20:33:38] [SCENARIO][stabilization] scenario='life_home_care_plugin' screen_context_mode='new_screen' stabilization_mode='anchor_only'
[20:33:38] [SCENARIO][pre_nav][stabilization] phase='plugin_start' attempt=1/2 life_selected=false app_bar_hits=4 visible_card_hits=0 life_root_signature_present=false navigate_up_hits=0 family_care_signature_seen=true final_score=2 ok=false pass_reason='' fail_reason='life_root_not_stable'
[20:33:39] [SCENARIO][pre_nav][stabilization] phase='plugin_start' attempt=2/2 life_selected=false app_bar_hits=4 visible_card_hits=0 life_root_signature_present=false navigate_up_hits=0 family_care_signature_seen=true final_score=2 ok=false pass_reason='' fail_reason='life_root_not_stable'
[20:33:39] [PLUGIN_START][life_list_check] ok=false reason='life_root_not_stable'
[20:33:39] [PLUGIN_START][recover_before_entry] triggered=true
[20:33:39] [RECOVER] start
[20:33:43] [RECOVER] success
[20:33:43] [SCENARIO][pre_nav][stabilization] phase='plugin_start_post_recover' attempt=1/2 life_selected=false app_bar_hits=4 visible_card_hits=0 life_root_signature_present=false navigate_up_hits=0 family_care_signature_seen=true final_score=2 ok=false pass_reason='' fail_reason='life_root_not_stable'
[20:33:44] [SCENARIO][pre_nav][stabilization] phase='plugin_start_post_recover' attempt=2/2 life_selected=false app_bar_hits=4 visible_card_hits=0 life_root_signature_present=false navigate_up_hits=0 family_care_signature_seen=true final_score=2 ok=false pass_reason='' fail_reason='life_root_not_stable'
[20:33:44] [PLUGIN_START][life_list_check] ok=false reason='life_root_not_stable'
[20:33:44] [PLUGIN_START][recover_before_entry] success=false
[20:33:44] [PERF][scenario_summary] scenario=life_home_care_plugin tab=(?i).*life.* total_runtime=6.1 total_steps=1 main_step_count=1 overlay_step_count=0 overlay_count=0 avg_get_focus=0.0 avg_move=0.0 avg_crop=0.0 avg_step_total=0.0 step_total_sample_count=0 avg_get_focus_main=0.0 avg_get_focus_overlay=0.0 fallback_dump_count=0 success_false_top_level_dump_attempt_count=0 success_false_top_level_dump_found_count=0 fallback_dump_rate=0.0 get_focus_strong_skip_count=0 get_focus_strong_skip_rate=0.0 step_dump_used_count=0 save_excel_count=0 realign_attempt_count=0 realign_success_count=0 realign_success_rate=0.0
[20:33:44] [SAVE] writing sheets raw/filtered/summary/result
[20:33:44] [SAVE] filtered rows=2, raw rows=2
[20:33:44] [SAVE] saved excel: output/talkback_compare_20260414_203325.xlsx rows=2 with_images=False
[20:33:44] [RECOVER] start
[20:33:45] [RECOVER] resource select failed, trying label fallback
[20:33:46] [RECOVER] select fallback succeeded
[20:33:49] [RECOVER] success
[20:33:49] [SCENARIO][stabilization] scenario='life_energy_plugin' screen_context_mode='new_screen' stabilization_mode='anchor_only'
[20:33:49] [SCENARIO][pre_nav][stabilization] phase='plugin_start' attempt=1/2 life_selected=false app_bar_hits=4 visible_card_hits=0 life_root_signature_present=false navigate_up_hits=0 family_care_signature_seen=true final_score=2 ok=false pass_reason='' fail_reason='life_root_not_stable'
[20:33:50] [SCENARIO][pre_nav][stabilization] phase='plugin_start' attempt=2/2 life_selected=false app_bar_hits=4 visible_card_hits=0 life_root_signature_present=false navigate_up_hits=0 family_care_signature_seen=true final_score=2 ok=false pass_reason='' fail_reason='life_root_not_stable'
[20:33:50] [PLUGIN_START][life_list_check] ok=false reason='life_root_not_stable'
[20:33:50] [PLUGIN_START][recover_before_entry] triggered=true
[20:33:50] [RECOVER] start
[20:33:54] [RECOVER] success
[20:33:54] [SCENARIO][pre_nav][stabilization] phase='plugin_start_post_recover' attempt=1/2 life_selected=false app_bar_hits=4 visible_card_hits=0 life_root_signature_present=false navigate_up_hits=0 family_care_signature_seen=true final_score=2 ok=false pass_reason='' fail_reason='life_root_not_stable'
[20:33:55] [SCENARIO][pre_nav][stabilization] phase='plugin_start_post_recover' attempt=2/2 life_selected=false app_bar_hits=4 visible_card_hits=0 life_root_signature_present=false navigate_up_hits=0 family_care_signature_seen=true final_score=2 ok=false pass_reason='' fail_reason='life_root_not_stable'
[20:33:55] [PLUGIN_START][life_list_check] ok=false reason='life_root_not_stable'
[20:33:55] [PLUGIN_START][recover_before_entry] success=false
[20:33:55] [PERF][scenario_summary] scenario=life_energy_plugin tab=(?i).*life.* total_runtime=6.1 total_steps=1 main_step_count=1 overlay_step_count=0 overlay_count=0 avg_get_focus=0.0 avg_move=0.0 avg_crop=0.0 avg_step_total=0.0 step_total_sample_count=0 avg_get_focus_main=0.0 avg_get_focus_overlay=0.0 fallback_dump_count=0 success_false_top_level_dump_attempt_count=0 success_false_top_level_dump_found_count=0 fallback_dump_rate=0.0 get_focus_strong_skip_count=0 get_focus_strong_skip_rate=0.0 step_dump_used_count=0 save_excel_count=0 realign_attempt_count=0 realign_success_count=0 realign_success_rate=0.0
[20:33:55] [SAVE] writing sheets raw/filtered/summary/result
[20:33:55] [SAVE] filtered rows=3, raw rows=3
[20:33:55] [SAVE] saved excel: output/talkback_compare_20260414_203325.xlsx rows=3 with_images=False
[20:33:55] [MAIN] skip disabled scenario_id='devices_main' tab='(?i).*devices.*'
[20:33:55] [MAIN] skip disabled scenario_id='life_main' tab='(?i).*life.*'
[20:33:55] [MAIN] skip disabled scenario_id='routines_main' tab='(?i).*routines.*'
[20:33:55] [MAIN] skip disabled scenario_id='menu_main' tab='(?i).*(menu|more).*'
[20:33:55] [MAIN] skip disabled scenario_id='settings_entry_example' tab='(?i).*menu.*'
[20:33:55] [RECOVER] start
[20:33:56] [RECOVER] resource select failed, trying label fallback
[20:33:57] [RECOVER] select fallback succeeded
[20:34:00] [RECOVER] success
[20:34:00] [SCENARIO][stabilization] scenario='life_pet_care_plugin' screen_context_mode='new_screen' stabilization_mode='anchor_only'
[20:34:00] [SCENARIO][pre_nav][stabilization] phase='plugin_start' attempt=1/2 life_selected=false app_bar_hits=4 visible_card_hits=0 life_root_signature_present=false navigate_up_hits=0 family_care_signature_seen=true final_score=2 ok=false pass_reason='' fail_reason='life_root_not_stable'
[20:34:01] [SCENARIO][pre_nav][stabilization] phase='plugin_start' attempt=2/2 life_selected=false app_bar_hits=4 visible_card_hits=0 life_root_signature_present=false navigate_up_hits=0 family_care_signature_seen=true final_score=2 ok=false pass_reason='' fail_reason='life_root_not_stable'
[20:34:01] [PLUGIN_START][life_list_check] ok=false reason='life_root_not_stable'
[20:34:01] [PLUGIN_START][recover_before_entry] triggered=true
[20:34:01] [RECOVER] start
[20:34:05] [RECOVER] success
[20:34:05] [SCENARIO][pre_nav][stabilization] phase='plugin_start_post_recover' attempt=1/2 life_selected=false app_bar_hits=4 visible_card_hits=0 life_root_signature_present=false navigate_up_hits=0 family_care_signature_seen=true final_score=2 ok=false pass_reason='' fail_reason='life_root_not_stable'
[20:34:06] [SCENARIO][pre_nav][stabilization] phase='plugin_start_post_recover' attempt=2/2 life_selected=false app_bar_hits=4 visible_card_hits=0 life_root_signature_present=false navigate_up_hits=0 family_care_signature_seen=true final_score=2 ok=false pass_reason='' fail_reason='life_root_not_stable'
[20:34:06] [PLUGIN_START][life_list_check] ok=false reason='life_root_not_stable'
[20:34:06] [PLUGIN_START][recover_before_entry] success=false
[20:34:06] [PERF][scenario_summary] scenario=life_pet_care_plugin tab=(?i).*life.* total_runtime=6.2 total_steps=1 main_step_count=1 overlay_step_count=0 overlay_count=0 avg_get_focus=0.0 avg_move=0.0 avg_crop=0.0 avg_step_total=0.0 step_total_sample_count=0 avg_get_focus_main=0.0 avg_get_focus_overlay=0.0 fallback_dump_count=0 success_false_top_level_dump_attempt_count=0 success_false_top_level_dump_found_count=0 fallback_dump_rate=0.0 get_focus_strong_skip_count=0 get_focus_strong_skip_rate=0.0 step_dump_used_count=0 save_excel_count=0 realign_attempt_count=0 realign_success_count=0 realign_success_rate=0.0
[20:34:06] [SAVE] writing sheets raw/filtered/summary/result
[20:34:06] [SAVE] filtered rows=4, raw rows=4
[20:34:06] [SAVE] saved excel: output/talkback_compare_20260414_203325.xlsx rows=4 with_images=False
[20:34:06] [RECOVER] start
[20:34:07] [RECOVER] resource select failed, trying label fallback
[20:34:08] [RECOVER] select fallback succeeded
[20:34:11] [RECOVER] success
[20:34:11] [SCENARIO][stabilization] scenario='life_family_care_plugin' screen_context_mode='new_screen' stabilization_mode='anchor_only'
[20:34:11] [SCENARIO][pre_nav][stabilization] phase='plugin_start' attempt=1/2 life_selected=false app_bar_hits=4 visible_card_hits=0 life_root_signature_present=false navigate_up_hits=0 family_care_signature_seen=true final_score=2 ok=false pass_reason='' fail_reason='life_root_not_stable'
[20:34:12] [SCENARIO][pre_nav][stabilization] phase='plugin_start' attempt=2/2 life_selected=false app_bar_hits=4 visible_card_hits=0 life_root_signature_present=false navigate_up_hits=0 family_care_signature_seen=true final_score=2 ok=false pass_reason='' fail_reason='life_root_not_stable'
[20:34:12] [PLUGIN_START][life_list_check] ok=false reason='life_root_not_stable'
[20:34:12] [PLUGIN_START][recover_before_entry] triggered=true
[20:34:12] [RECOVER] start
[20:34:16] [RECOVER] success
[20:34:16] [SCENARIO][pre_nav][stabilization] phase='plugin_start_post_recover' attempt=1/2 life_selected=false app_bar_hits=4 visible_card_hits=0 life_root_signature_present=false navigate_up_hits=0 family_care_signature_seen=true final_score=2 ok=false pass_reason='' fail_reason='life_root_not_stable'
[20:34:17] [SCENARIO][pre_nav][stabilization] phase='plugin_start_post_recover' attempt=2/2 life_selected=false app_bar_hits=4 visible_card_hits=0 life_root_signature_present=false navigate_up_hits=0 family_care_signature_seen=true final_score=2 ok=false pass_reason='' fail_reason='life_root_not_stable'
[20:34:17] [PLUGIN_START][life_list_check] ok=false reason='life_root_not_stable'
[20:34:17] [PLUGIN_START][recover_before_entry] success=false
[20:34:17] [PERF][scenario_summary] scenario=life_family_care_plugin tab=(?i).*life.* total_runtime=6.2 total_steps=1 main_step_count=1 overlay_step_count=0 overlay_count=0 avg_get_focus=0.0 avg_move=0.0 avg_crop=0.0 avg_step_total=0.0 step_total_sample_count=0 avg_get_focus_main=0.0 avg_get_focus_overlay=0.0 fallback_dump_count=0 success_false_top_level_dump_attempt_count=0 success_false_top_level_dump_found_count=0 fallback_dump_rate=0.0 get_focus_strong_skip_count=0 get_focus_strong_skip_rate=0.0 step_dump_used_count=0 save_excel_count=0 realign_attempt_count=0 realign_success_count=0 realign_success_rate=0.0
[20:34:17] [SAVE] writing sheets raw/filtered/summary/result
[20:34:17] [SAVE] filtered rows=5, raw rows=5
[20:34:17] [SAVE] saved excel: output/talkback_compare_20260414_203325.xlsx rows=5 with_images=False
[20:34:17] [RECOVER] start
[20:34:19] [RECOVER] resource select failed, trying label fallback
[20:34:19] [RECOVER] select fallback succeeded
[20:34:22] [RECOVER] success
[20:34:22] [SCENARIO][stabilization] scenario='life_plant_care_plugin' screen_context_mode='new_screen' stabilization_mode='anchor_only'
[20:34:22] [SCENARIO][pre_nav][stabilization] phase='plugin_start' attempt=1/2 life_selected=false app_bar_hits=4 visible_card_hits=0 life_root_signature_present=false navigate_up_hits=0 family_care_signature_seen=true final_score=2 ok=false pass_reason='' fail_reason='life_root_not_stable'
[20:34:23] [SCENARIO][pre_nav][stabilization] phase='plugin_start' attempt=2/2 life_selected=false app_bar_hits=4 visible_card_hits=0 life_root_signature_present=false navigate_up_hits=0 family_care_signature_seen=true final_score=2 ok=false pass_reason='' fail_reason='life_root_not_stable'
[20:34:23] [PLUGIN_START][life_list_check] ok=false reason='life_root_not_stable'
[20:34:23] [PLUGIN_START][recover_before_entry] triggered=true
[20:34:23] [RECOVER] start
[20:34:27] [RECOVER] success
[20:34:27] [SCENARIO][pre_nav][stabilization] phase='plugin_start_post_recover' attempt=1/2 life_selected=false app_bar_hits=4 visible_card_hits=0 life_root_signature_present=false navigate_up_hits=0 family_care_signature_seen=true final_score=2 ok=false pass_reason='' fail_reason='life_root_not_stable'
[20:34:28] [SCENARIO][pre_nav][stabilization] phase='plugin_start_post_recover' attempt=2/2 life_selected=false app_bar_hits=4 visible_card_hits=0 life_root_signature_present=false navigate_up_hits=0 family_care_signature_seen=true final_score=2 ok=false pass_reason='' fail_reason='life_root_not_stable'
[20:34:28] [PLUGIN_START][life_list_check] ok=false reason='life_root_not_stable'
[20:34:28] [PLUGIN_START][recover_before_entry] success=false
[20:34:28] [PERF][scenario_summary] scenario=life_plant_care_plugin tab=(?i).*life.* total_runtime=6.1 total_steps=1 main_step_count=1 overlay_step_count=0 overlay_count=0 avg_get_focus=0.0 avg_move=0.0 avg_crop=0.0 avg_step_total=0.0 step_total_sample_count=0 avg_get_focus_main=0.0 avg_get_focus_overlay=0.0 fallback_dump_count=0 success_false_top_level_dump_attempt_count=0 success_false_top_level_dump_found_count=0 fallback_dump_rate=0.0 get_focus_strong_skip_count=0 get_focus_strong_skip_rate=0.0 step_dump_used_count=0 save_excel_count=0 realign_attempt_count=0 realign_success_count=0 realign_success_rate=0.0
[20:34:28] [SAVE] writing sheets raw/filtered/summary/result
[20:34:28] [SAVE] filtered rows=6, raw rows=6
[20:34:28] [SAVE] saved excel: output/talkback_compare_20260414_203325.xlsx rows=6 with_images=False
[20:34:28] [RECOVER] start
[20:34:29] [RECOVER] resource select failed, trying label fallback
[20:34:30] [RECOVER] select fallback succeeded
[20:34:33] [RECOVER] success
[20:34:33] [SCENARIO][stabilization] scenario='life_clothing_care_plugin' screen_context_mode='new_screen' stabilization_mode='anchor_only'
[20:34:33] [SCENARIO][pre_nav][stabilization] phase='plugin_start' attempt=1/2 life_selected=false app_bar_hits=4 visible_card_hits=0 life_root_signature_present=false navigate_up_hits=0 family_care_signature_seen=true final_score=2 ok=false pass_reason='' fail_reason='life_root_not_stable'
[20:34:34] [SCENARIO][pre_nav][stabilization] phase='plugin_start' attempt=2/2 life_selected=false app_bar_hits=4 visible_card_hits=0 life_root_signature_present=false navigate_up_hits=0 family_care_signature_seen=true final_score=2 ok=false pass_reason='' fail_reason='life_root_not_stable'
[20:34:34] [PLUGIN_START][life_list_check] ok=false reason='life_root_not_stable'
[20:34:34] [PLUGIN_START][recover_before_entry] triggered=true
[20:34:34] [RECOVER] start
[20:34:38] [RECOVER] success
[20:34:39] [SCENARIO][pre_nav][stabilization] phase='plugin_start_post_recover' attempt=1/2 life_selected=false app_bar_hits=4 visible_card_hits=0 life_root_signature_present=false navigate_up_hits=0 family_care_signature_seen=true final_score=2 ok=false pass_reason='' fail_reason='life_root_not_stable'
[20:34:39] [SCENARIO][pre_nav][stabilization] phase='plugin_start_post_recover' attempt=2/2 life_selected=false app_bar_hits=4 visible_card_hits=0 life_root_signature_present=false navigate_up_hits=0 family_care_signature_seen=true final_score=2 ok=false pass_reason='' fail_reason='life_root_not_stable'
[20:34:39] [PLUGIN_START][life_list_check] ok=false reason='life_root_not_stable'
[20:34:39] [PLUGIN_START][recover_before_entry] success=false
[20:34:39] [PERF][scenario_summary] scenario=life_clothing_care_plugin tab=(?i).*life.* total_runtime=6.3 total_steps=1 main_step_count=1 overlay_step_count=0 overlay_count=0 avg_get_focus=0.0 avg_move=0.0 avg_crop=0.0 avg_step_total=0.0 step_total_sample_count=0 avg_get_focus_main=0.0 avg_get_focus_overlay=0.0 fallback_dump_count=0 success_false_top_level_dump_attempt_count=0 success_false_top_level_dump_found_count=0 fallback_dump_rate=0.0 get_focus_strong_skip_count=0 get_focus_strong_skip_rate=0.0 step_dump_used_count=0 save_excel_count=0 realign_attempt_count=0 realign_success_count=0 realign_success_rate=0.0
[20:34:39] [SAVE] writing sheets raw/filtered/summary/result
[20:34:39] [SAVE] filtered rows=7, raw rows=7
[20:34:39] [SAVE] saved excel: output/talkback_compare_20260414_203325.xlsx rows=7 with_images=False
[20:34:39] [RECOVER] start
[20:34:41] [RECOVER] resource select failed, trying label fallback
[20:34:42] [RECOVER] select fallback succeeded
[20:34:44] [RECOVER] success
[20:34:44] [SCENARIO][stabilization] scenario='life_find_plugin' screen_context_mode='new_screen' stabilization_mode='anchor_only'
[20:34:45] [SCENARIO][pre_nav][stabilization] phase='plugin_start' attempt=1/2 life_selected=false app_bar_hits=4 visible_card_hits=0 life_root_signature_present=false navigate_up_hits=0 family_care_signature_seen=true final_score=2 ok=false pass_reason='' fail_reason='life_root_not_stable'
[20:34:45] [SCENARIO][pre_nav][stabilization] phase='plugin_start' attempt=2/2 life_selected=false app_bar_hits=4 visible_card_hits=0 life_root_signature_present=false navigate_up_hits=0 family_care_signature_seen=true final_score=2 ok=false pass_reason='' fail_reason='life_root_not_stable'
[20:34:45] [PLUGIN_START][life_list_check] ok=false reason='life_root_not_stable'
[20:34:45] [PLUGIN_START][recover_before_entry] triggered=true
[20:34:45] [RECOVER] start
[20:34:49] [RECOVER] success
[20:34:50] [SCENARIO][pre_nav][stabilization] phase='plugin_start_post_recover' attempt=1/2 life_selected=false app_bar_hits=4 visible_card_hits=0 life_root_signature_present=false navigate_up_hits=0 family_care_signature_seen=true final_score=2 ok=false pass_reason='' fail_reason='life_root_not_stable'
[20:34:50] [SCENARIO][pre_nav][stabilization] phase='plugin_start_post_recover' attempt=2/2 life_selected=false app_bar_hits=4 visible_card_hits=0 life_root_signature_present=false navigate_up_hits=0 family_care_signature_seen=true final_score=2 ok=false pass_reason='' fail_reason='life_root_not_stable'
[20:34:50] [PLUGIN_START][life_list_check] ok=false reason='life_root_not_stable'
[20:34:50] [PLUGIN_START][recover_before_entry] success=false
[20:34:50] [PERF][scenario_summary] scenario=life_find_plugin tab=(?i).*life.* total_runtime=6.0 total_steps=1 main_step_count=1 overlay_step_count=0 overlay_count=0 avg_get_focus=0.0 avg_move=0.0 avg_crop=0.0 avg_step_total=0.0 step_total_sample_count=0 avg_get_focus_main=0.0 avg_get_focus_overlay=0.0 fallback_dump_count=0 success_false_top_level_dump_attempt_count=0 success_false_top_level_dump_found_count=0 fallback_dump_rate=0.0 get_focus_strong_skip_count=0 get_focus_strong_skip_rate=0.0 step_dump_used_count=0 save_excel_count=0 realign_attempt_count=0 realign_success_count=0 realign_success_rate=0.0
[20:34:50] [SAVE] writing sheets raw/filtered/summary/result
[20:34:50] [SAVE] filtered rows=8, raw rows=8
[20:34:50] [SAVE] saved excel: output/talkback_compare_20260414_203325.xlsx rows=8 with_images=False
[20:34:50] [RECOVER] start
[20:34:52] [RECOVER] resource select failed, trying label fallback
[20:34:53] [RECOVER] select fallback succeeded
[20:34:55] [RECOVER] success
[20:34:55] [SCENARIO][stabilization] scenario='life_video_plugin' screen_context_mode='new_screen' stabilization_mode='anchor_only'
[20:34:56] [SCENARIO][pre_nav][stabilization] phase='plugin_start' attempt=1/2 life_selected=false app_bar_hits=4 visible_card_hits=0 life_root_signature_present=false navigate_up_hits=0 family_care_signature_seen=true final_score=2 ok=false pass_reason='' fail_reason='life_root_not_stable'
[20:34:57] [SCENARIO][pre_nav][stabilization] phase='plugin_start' attempt=2/2 life_selected=false app_bar_hits=4 visible_card_hits=0 life_root_signature_present=false navigate_up_hits=0 family_care_signature_seen=true final_score=2 ok=false pass_reason='' fail_reason='life_root_not_stable'
[20:34:57] [PLUGIN_START][life_list_check] ok=false reason='life_root_not_stable'
[20:34:57] [PLUGIN_START][recover_before_entry] triggered=true
[20:34:57] [RECOVER] start
[20:35:01] [RECOVER] success
[20:35:01] [SCENARIO][pre_nav][stabilization] phase='plugin_start_post_recover' attempt=1/2 life_selected=false app_bar_hits=4 visible_card_hits=0 life_root_signature_present=false navigate_up_hits=0 family_care_signature_seen=true final_score=2 ok=false pass_reason='' fail_reason='life_root_not_stable'
[20:35:02] [SCENARIO][pre_nav][stabilization] phase='plugin_start_post_recover' attempt=2/2 life_selected=false app_bar_hits=4 visible_card_hits=0 life_root_signature_present=false navigate_up_hits=0 family_care_signature_seen=true final_score=2 ok=false pass_reason='' fail_reason='life_root_not_stable'
[20:35:02] [PLUGIN_START][life_list_check] ok=false reason='life_root_not_stable'
[20:35:02] [PLUGIN_START][recover_before_entry] success=false
[20:35:02] [PERF][scenario_summary] scenario=life_video_plugin tab=(?i).*life.* total_runtime=6.7 total_steps=1 main_step_count=1 overlay_step_count=0 overlay_count=0 avg_get_focus=0.0 avg_move=0.0 avg_crop=0.0 avg_step_total=0.0 step_total_sample_count=0 avg_get_focus_main=0.0 avg_get_focus_overlay=0.0 fallback_dump_count=0 success_false_top_level_dump_attempt_count=0 success_false_top_level_dump_found_count=0 fallback_dump_rate=0.0 get_focus_strong_skip_count=0 get_focus_strong_skip_rate=0.0 step_dump_used_count=0 save_excel_count=0 realign_attempt_count=0 realign_success_count=0 realign_success_rate=0.0
[20:35:02] [SAVE] writing sheets raw/filtered/summary/result
[20:35:02] [SAVE] filtered rows=9, raw rows=9
[20:35:02] [SAVE] saved excel: output/talkback_compare_20260414_203325.xlsx rows=9 with_images=False
[20:35:02] [RECOVER] start
[20:35:03] [RECOVER] resource select failed, trying label fallback
[20:35:04] [RECOVER] select fallback succeeded
[20:35:07] [RECOVER] success
[20:35:07] [SCENARIO][stabilization] scenario='life_home_monitor_plugin' screen_context_mode='new_screen' stabilization_mode='anchor_only'
[20:35:07] [SCENARIO][pre_nav][stabilization] phase='plugin_start' attempt=1/2 life_selected=false app_bar_hits=4 visible_card_hits=0 life_root_signature_present=false navigate_up_hits=0 family_care_signature_seen=true final_score=2 ok=false pass_reason='' fail_reason='life_root_not_stable'
[20:35:08] [SCENARIO][pre_nav][stabilization] phase='plugin_start' attempt=2/2 life_selected=false app_bar_hits=4 visible_card_hits=0 life_root_signature_present=false navigate_up_hits=0 family_care_signature_seen=true final_score=2 ok=false pass_reason='' fail_reason='life_root_not_stable'
[20:35:08] [PLUGIN_START][life_list_check] ok=false reason='life_root_not_stable'
[20:35:08] [PLUGIN_START][recover_before_entry] triggered=true
[20:35:08] [RECOVER] start
[20:35:12] [RECOVER] success
[20:35:12] [SCENARIO][pre_nav][stabilization] phase='plugin_start_post_recover' attempt=1/2 life_selected=false app_bar_hits=4 visible_card_hits=0 life_root_signature_present=false navigate_up_hits=0 family_care_signature_seen=true final_score=2 ok=false pass_reason='' fail_reason='life_root_not_stable'
[20:35:13] [SCENARIO][pre_nav][stabilization] phase='plugin_start_post_recover' attempt=2/2 life_selected=false app_bar_hits=4 visible_card_hits=0 life_root_signature_present=false navigate_up_hits=0 family_care_signature_seen=true final_score=2 ok=false pass_reason='' fail_reason='life_root_not_stable'
[20:35:13] [PLUGIN_START][life_list_check] ok=false reason='life_root_not_stable'
[20:35:13] [PLUGIN_START][recover_before_entry] success=false
[20:35:13] [PERF][scenario_summary] scenario=life_home_monitor_plugin tab=(?i).*life.* total_runtime=6.1 total_steps=1 main_step_count=1 overlay_step_count=0 overlay_count=0 avg_get_focus=0.0 avg_move=0.0 avg_crop=0.0 avg_step_total=0.0 step_total_sample_count=0 avg_get_focus_main=0.0 avg_get_focus_overlay=0.0 fallback_dump_count=0 success_false_top_level_dump_attempt_count=0 success_false_top_level_dump_found_count=0 fallback_dump_rate=0.0 get_focus_strong_skip_count=0 get_focus_strong_skip_rate=0.0 step_dump_used_count=0 save_excel_count=0 realign_attempt_count=0 realign_success_count=0 realign_success_rate=0.0
[20:35:13] [SAVE] writing sheets raw/filtered/summary/result
[20:35:13] [SAVE] filtered rows=10, raw rows=10
[20:35:13] [SAVE] saved excel: output/talkback_compare_20260414_203325.xlsx rows=10 with_images=False
[20:35:13] [RECOVER] start
[20:35:14] [RECOVER] resource select failed, trying label fallback
[20:35:15] [RECOVER] select fallback succeeded
[20:35:18] [RECOVER] success
[20:35:18] [SCENARIO][stabilization] scenario='life_music_sync_plugin' screen_context_mode='new_screen' stabilization_mode='anchor_only'
[20:35:18] [SCENARIO][pre_nav][stabilization] phase='plugin_start' attempt=1/2 life_selected=false app_bar_hits=4 visible_card_hits=0 life_root_signature_present=false navigate_up_hits=0 family_care_signature_seen=true final_score=2 ok=false pass_reason='' fail_reason='life_root_not_stable'
[20:35:19] [SCENARIO][pre_nav][stabilization] phase='plugin_start' attempt=2/2 life_selected=false app_bar_hits=4 visible_card_hits=0 life_root_signature_present=false navigate_up_hits=0 family_care_signature_seen=true final_score=2 ok=false pass_reason='' fail_reason='life_root_not_stable'
[20:35:19] [PLUGIN_START][life_list_check] ok=false reason='life_root_not_stable'
[20:35:19] [PLUGIN_START][recover_before_entry] triggered=true
[20:35:19] [RECOVER] start
[20:35:23] [RECOVER] success
[20:35:23] [SCENARIO][pre_nav][stabilization] phase='plugin_start_post_recover' attempt=1/2 life_selected=false app_bar_hits=4 visible_card_hits=0 life_root_signature_present=false navigate_up_hits=0 family_care_signature_seen=true final_score=2 ok=false pass_reason='' fail_reason='life_root_not_stable'
[20:35:24] [SCENARIO][pre_nav][stabilization] phase='plugin_start_post_recover' attempt=2/2 life_selected=false app_bar_hits=4 visible_card_hits=0 life_root_signature_present=false navigate_up_hits=0 family_care_signature_seen=true final_score=2 ok=false pass_reason='' fail_reason='life_root_not_stable'
[20:35:24] [PLUGIN_START][life_list_check] ok=false reason='life_root_not_stable'
[20:35:24] [PLUGIN_START][recover_before_entry] success=false
[20:35:24] [PERF][scenario_summary] scenario=life_music_sync_plugin tab=(?i).*life.* total_runtime=6.0 total_steps=1 main_step_count=1 overlay_step_count=0 overlay_count=0 avg_get_focus=0.0 avg_move=0.0 avg_crop=0.0 avg_step_total=0.0 step_total_sample_count=0 avg_get_focus_main=0.0 avg_get_focus_overlay=0.0 fallback_dump_count=0 success_false_top_level_dump_attempt_count=0 success_false_top_level_dump_found_count=0 fallback_dump_rate=0.0 get_focus_strong_skip_count=0 get_focus_strong_skip_rate=0.0 step_dump_used_count=0 save_excel_count=0 realign_attempt_count=0 realign_success_count=0 realign_success_rate=0.0
[20:35:24] [SAVE] writing sheets raw/filtered/summary/result
[20:35:24] [SAVE] filtered rows=11, raw rows=11
[20:35:24] [SAVE] saved excel: output/talkback_compare_20260414_203325.xlsx rows=11 with_images=False
[20:35:24] [SAVE] writing sheets raw/filtered/summary/result
[20:35:24] [SAVE] filtered rows=11, raw rows=11
[20:35:24] [SAVE] saved excel: output/talkback_compare_20260414_203325.xlsx rows=11 with_images=True
[20:35:24] [MAIN] final save complete
[20:35:24] [PERF][run_summary] total_runtime=117.4 total_scenarios=11 total_steps=11 total_overlay_count=0 avg_get_focus=0.0 avg_move=0.0 fallback_dump_count=0 success_false_top_level_dump_attempt_count=0 success_false_top_level_dump_found_count=0 fallback_dump_rate=0.0 get_focus_strong_skip_rate=0.0 realign_success_rate=0.0 save_excel_count=12
