[23:24:51] [SAVE][temp] override tmp='D:\Python test\talkback-a11y-helper\output\.tmp' temp='D:\Python test\talkback-a11y-helper\output\.tmp' applied=true
[23:24:51] [MAIN] script start (version=1.7.99, log_level=NORMAL)
[23:24:52] [PREFLIGHT] talkback status='enabled'
[23:24:52] [MAIN] output file: output/talkback_compare_20260422_232451.xlsx
[23:24:52] [MAIN] image dir base: output\talkback_compare_20260422_232451
[23:24:52] [CONFIG] runtime config loaded path='config\runtime_config.json'
[23:24:52] [GLOBAL_NAV][guard] forcing stabilization_mode='tab_context' scenario='global_nav_main' requested='anchor_then_context'
[23:24:52] [CONFIG] scenario resolved scenario='global_nav_main' group='main_tabs' max_steps=10 enabled=False
[23:24:52] [CONFIG] applied shared_navigation='default_global_nav'
[23:24:52] [CONFIG] scenario enabled scenario='global_nav_main' source='runtime' enabled=False base_enabled=False
[23:24:52] [CONFIG] scenario resolved scenario='home_main' group='main_tabs' max_steps=10 enabled=False
[23:24:52] [CONFIG] applied shared_navigation='bottom_tab_global_nav'
[23:24:52] [CONFIG] scenario enabled scenario='home_main' source='runtime' enabled=False base_enabled=False
[23:24:52] [CONFIG] scenario resolved scenario='life_food_plugin' group='plugin_screen' max_steps=50 enabled=False
[23:24:52] [CONFIG] applied pre_navigation_ref='enter_food_plugin'
[23:24:52] [CONFIG] scenario enabled scenario='life_food_plugin' source='runtime' enabled=False base_enabled=False
[23:24:52] [CONFIG] scenario resolved scenario='life_air_care_plugin' group='-' max_steps=50 enabled=False
[23:24:52] [CONFIG] scenario enabled scenario='life_air_care_plugin' source='runtime' enabled=False base_enabled=False
[23:24:52] [CONFIG] scenario resolved scenario='life_home_care_plugin' group='-' max_steps=50 enabled=False
[23:24:52] [CONFIG] scenario enabled scenario='life_home_care_plugin' source='runtime' enabled=False base_enabled=False
[23:24:52] [CONFIG] scenario resolved scenario='life_energy_plugin' group='-' max_steps=50 enabled=False
[23:24:52] [CONFIG] scenario enabled scenario='life_energy_plugin' source='runtime' enabled=False base_enabled=False
[23:24:52] [CONFIG] scenario resolved scenario='devices_main' group='main_tabs' max_steps=10 enabled=False
[23:24:52] [CONFIG] applied shared_navigation='bottom_tab_global_nav'
[23:24:52] [CONFIG] applied anchor_ref='home_tab_anchor'
[23:24:52] [CONFIG] scenario enabled scenario='devices_main' source='runtime' enabled=False base_enabled=False
[23:24:52] [CONFIG] scenario resolved scenario='life_main' group='main_tabs' max_steps=50 enabled=False
[23:24:52] [CONFIG] applied shared_navigation='bottom_tab_global_nav'
[23:24:52] [CONFIG] scenario enabled scenario='life_main' source='runtime' enabled=False base_enabled=False
[23:24:52] [CONFIG] scenario resolved scenario='routines_main' group='main_tabs' max_steps=10 enabled=False
[23:24:52] [CONFIG] applied shared_navigation='bottom_tab_global_nav'
[23:24:52] [CONFIG] scenario enabled scenario='routines_main' source='runtime' enabled=False base_enabled=False
[23:24:52] [CONFIG] scenario resolved scenario='menu_main' group='main_tabs' max_steps=50 enabled=False
[23:24:52] [CONFIG] applied shared_navigation='bottom_tab_global_nav'
[23:24:52] [CONFIG] scenario enabled scenario='menu_main' source='runtime' enabled=False base_enabled=False
[23:24:52] [CONFIG] scenario resolved scenario='settings_entry_example' group='plugin_screen' max_steps=50 enabled=False
[23:24:52] [CONFIG] applied anchor_ref='settings_button_anchor'
[23:24:52] [CONFIG] applied pre_navigation_ref='enter_settings'
[23:24:52] [CONFIG] scenario enabled scenario='settings_entry_example' source='runtime' enabled=False base_enabled=False
[23:24:52] [CONFIG] scenario resolved scenario='life_pet_care_plugin' group='-' max_steps=50 enabled=False
[23:24:52] [CONFIG] scenario enabled scenario='life_pet_care_plugin' source='runtime' enabled=False base_enabled=False
[23:24:52] [CONFIG] scenario resolved scenario='life_family_care_plugin' group='-' max_steps=50 enabled=True
[23:24:52] [CONFIG] scenario enabled scenario='life_family_care_plugin' source='runtime' enabled=True base_enabled=False
[23:24:52] [CONFIG] scenario resolved scenario='life_plant_care_plugin' group='-' max_steps=50 enabled=False
[23:24:52] [CONFIG] scenario enabled scenario='life_plant_care_plugin' source='runtime' enabled=False base_enabled=False
[23:24:52] [CONFIG] scenario resolved scenario='life_clothing_care_plugin' group='-' max_steps=50 enabled=False
[23:24:52] [CONFIG] scenario enabled scenario='life_clothing_care_plugin' source='runtime' enabled=False base_enabled=False
[23:24:52] [CONFIG] scenario resolved scenario='life_find_plugin' group='-' max_steps=50 enabled=False
[23:24:52] [CONFIG] scenario enabled scenario='life_find_plugin' source='runtime' enabled=False base_enabled=False
[23:24:52] [CONFIG] scenario resolved scenario='life_video_plugin' group='-' max_steps=50 enabled=False
[23:24:52] [CONFIG] scenario enabled scenario='life_video_plugin' source='runtime' enabled=False base_enabled=False
[23:24:52] [CONFIG] scenario resolved scenario='life_home_monitor_plugin' group='-' max_steps=50 enabled=False
[23:24:52] [CONFIG] scenario enabled scenario='life_home_monitor_plugin' source='runtime' enabled=False base_enabled=False
[23:24:52] [CONFIG] scenario resolved scenario='life_music_sync_plugin' group='-' max_steps=10 enabled=False
[23:24:52] [CONFIG] scenario enabled scenario='life_music_sync_plugin' source='runtime' enabled=False base_enabled=False
[23:24:52] [MAIN] skip disabled scenario_id='global_nav_main' tab='(?i).*(home|devices|life|routines|menu).*'
[23:24:52] [MAIN] skip disabled scenario_id='home_main' tab='(?i).*home.*'
[23:24:52] [MAIN] skip disabled scenario_id='life_food_plugin' tab='(?i).*life.*'
[23:24:52] [MAIN] skip disabled scenario_id='life_air_care_plugin' tab='(?i).*life.*'
[23:24:52] [MAIN] skip disabled scenario_id='life_home_care_plugin' tab='(?i).*life.*'
[23:24:52] [MAIN] skip disabled scenario_id='life_energy_plugin' tab='(?i).*life.*'
[23:24:52] [MAIN] skip disabled scenario_id='devices_main' tab='(?i).*devices.*'
[23:24:52] [MAIN] skip disabled scenario_id='life_main' tab='(?i).*life.*'
[23:24:52] [MAIN] skip disabled scenario_id='routines_main' tab='(?i).*routines.*'
[23:24:52] [MAIN] skip disabled scenario_id='menu_main' tab='(?i).*(menu|more).*'
[23:24:52] [MAIN] skip disabled scenario_id='settings_entry_example' tab='(?i).*menu.*'
[23:24:52] [MAIN] skip disabled scenario_id='life_pet_care_plugin' tab='(?i).*life.*'
[23:24:52] [SCENARIO][stabilization] scenario='life_family_care_plugin' screen_context_mode='new_screen' stabilization_mode='anchor_only'
[23:24:53] [LIFE_RESET] verify phase='plugin_start_initial' attempt=1/2 global_nav_visible=true life_tab_selected=true plugin_card_list_visible=false life_list_ready=true
[23:24:53] [LIFE_RESET] plugin_card_list_visible=false (soft_only=true)
[23:24:53] [PLUGIN_START][recover_before_entry] triggered=false
[23:24:53] [PLUGIN_START][life_list_check] ok=true reason='life_tab_ready'
[23:24:53] [PLUGIN_START][recover_before_entry] success=true
[23:24:53] [CONTEXT] skipped reason='new_screen_mode' phase='tab_select'
[23:24:53] [TAB][select] fallback_to_legacy=True scenario='life_family_care_plugin'
[23:24:57] [TRACE][open_scenario] scenario='life_family_care_plugin' stabilization_mode='anchor_only' focus_align_attempted=True focus_align_ok=True focus_align_reason='' context_ok=False anchor_matched=False anchor_stable=False
[23:24:58] [SCENARIO][pre_nav] step=1 action=xml_scroll_search_tap target='(?i)(^family\s*care$|.*family\s*care.*|.*패밀리\s*케어.*)'
[23:24:58] [XMLENTRY][search] pre_reset scroll_to_top=true
[23:25:03] [XMLENTRY][search] step=0/5 visible_candidates=69 target_candidates=5
[23:25:03] [XMLENTRY][search][top] rank=1 reason='actionable_container' text='' rid='' class='android.widget.RelativeLayout' bounds='42,310,1038,1042' area_ratio='0.3516' target_match=true match_source='descendant_title' matched_phrase='family care' negative_plugin_phrase=''
[23:25:03] [XMLENTRY][search][top] rank=2 reason='actionable_container' text='Family Care' rid='com.samsung.android.oneconnect:id/frameLayout' class='android.widget.FrameLayout' bounds='42,310,1038,1042' area_ratio='0.3516' target_match=true match_source='title' matched_phrase='family care' negative_plugin_phrase=''
[23:25:03] [XMLENTRY][search][top] rank=3 reason='card_like_container' text='' rid='com.samsung.android.oneconnect:id/llCard' class='android.widget.LinearLayout' bounds='42,310,1038,1042' area_ratio='0.3516' target_match=true match_source='descendant_title' matched_phrase='family care' negative_plugin_phrase=''
[23:25:03] [XMLENTRY][candidate_compare] scenario_id='life_family_care_plugin' rank=1 rid='' class='android.widget.RelativeLayout' bounds='42,310,1038,1042' own_text='' descendant_text_summary='Family Care,Family Care,Take care of yourself an' matched_phrase='family care' match_source='descendant_title' selected_priority='240:actionable_container' negative_plugin_phrase='' selected=true
[23:25:03] [XMLENTRY][candidate_compare] scenario_id='life_family_care_plugin' rank=2 rid='com.samsung.android.oneconnect:id/frameLayout' class='android.widget.FrameLayout' bounds='42,310,1038,1042' own_text='' descendant_text_summary='Family Care,Family Care,Take care of yourself an' matched_phrase='family care' match_source='title' selected_priority='240:actionable_container' negative_plugin_phrase='' selected=false
[23:25:03] [XMLENTRY][candidate_compare] scenario_id='life_family_care_plugin' rank=3 rid='com.samsung.android.oneconnect:id/llCard' class='android.widget.LinearLayout' bounds='42,310,1038,1042' own_text='Family Care' descendant_text_summary='Family Care,Take care of yourself an,안 창준 (Me)
Active' matched_phrase='family care' match_source='descendant_title' selected_priority='240:card_like_container' negative_plugin_phrase='' selected=false
[23:25:03] [XMLENTRY][select] reason='actionable_container' resource='' bounds='42,310,1038,1042' text='' target_match=true match_source='descendant_title' matched_phrase='family care'
[23:25:03] [XMLENTRY][select_debug] scenario_id='life_family_care_plugin' class='android.widget.RelativeLayout' rid='' bounds='42,310,1038,1042' own_text='' own_content_desc='' normalized_own_text='' descendant_text_summary='Family Care,Family Care,Take care of yourself an' matched_phrase='family care' match_source='descendant_title' selected_reason='actionable_container' candidate_rank=1 title_descendant_disagree=false representative_visible_label='' representative_label_source='descendant'
[23:25:05] [XMLENTRY][result] success=true reason='transition_confirmed'
[23:25:05] [SCENARIO][pre_nav] success step=1 reason='ACTION_ACCESSIBILITY_FOCUS success'
[23:25:06] [SCENARIO][pre_nav] success
[23:25:11] [CONTEXT] skipped reason='anchor_only_mode'
[23:25:11] [CONTEXT] skipped reason='anchor_only_mode'
[23:25:11] [CONTEXT] scenario='life_family_care_plugin' type='skipped' expected='' actual='' ok=True
[23:25:11] [CONTEXT] verification passed scenario='life_family_care_plugin'
[23:25:11] [ANCHOR][scenario_start] success scenario='life_family_care_plugin' selected={'success': False, 'status': 'failed', 'detail': 'ACTION_ACCESSIBILITY_FOCUS failed (resourceId=null, class=android.widget.ImageButton)', 'raw': {'timestamp': 1776867908547, 'reqId': '88e49248', 'success': False, 'reason': 'ACTION_ACCESSIBILITY_FOCUS failed (resourceId=null, class=android.widget.ImageButton)', 'action': 'FOCUS', 'targetName': '(?i).*navigate\\s*up.*', 'targetType': 'a', 'targetIndex': 0, 'attemptedClassName': 'android.widget.ImageButton', 'target': {'timestamp': 1776867908548, 'schemaVersion': '1.2.0', 'snapshotBuilderVersion': '1.2.0', 'packageName': 'com.samsung.android.oneconnect', 'className': 'android.widget.ImageButton', 'viewIdResourceName': None, 'text': None, 'contentDescription': 'Navigate up', 'mergedLabel': 'Navigate up', 'talkbackLabel': 'Navigate up', 'clickable': True, 'focusable': True, 'focused': False, 'accessibilityFocused': True, 'visibleToUser': True, 'isVisibleToUser': True, 'selected': False, 'checkable': False, 'checked': False, 'enabled': True, 'boundsInScreen': {'l': 0, 't': 118, 'r': 180, 'b': 310, 'left': 0, 'top': 118, 'right': 180, 'bottom': 310}, 'children': []}}} matched=True stable=True context_ok=True reason='verified_without_select'
[23:25:11] [TRACE][open_scenario] scenario='life_family_care_plugin' stabilization_mode='anchor_only' focus_align_attempted=True focus_align_ok=True focus_align_reason='' context_ok=False anchor_matched=False anchor_stable=True
[23:25:12] [ENTRY][post_open_identity] scenario_id='life_family_care_plugin' top_visible_labels='Navigate up Navigate up,Family Care,Add family member Add fa,More options More option,Me' top_focus_label='Navigate up Navigate up' back_button_present=true body_texts='Navigate up Navigate up,Family Care,Add family member Add fa,More options More option,View profile View profil' plugin_title_candidates='Navigate up Navigate up,Family Care,Add family member Add fa' verify_hit=true special_token_hit=false
[23:25:12] [ENTRY][special_state_check] detected=true signals='long_intro,cta,top_chrome_intro_cta' kind='setup_needed_or_empty_state'
[23:25:12] [ENTRY][special_state_debug] phase='pre_route' focus_label='Navigate up Navigate up' focus_visible='Navigate up Navigate up Family Care Add family member Add family member More options More options Me View profile View p' verify_hit=true long_intro_like=true intro_focus=false top_chrome_intro_cta=true
[23:25:12] [ENTRY][special_state_debug] top_visible='Navigate up Navigate up,Family Care,Add family member Add family member,More options More options,Me' body_texts='Navigate up Navigate up,Family Care,Add family member Add family member,More options More options,View profile View profile'
[23:25:12] [ENTRY][special_state_debug] special_hits='none' cta_hits='set up' signals='long_intro,cta,top_chrome_intro_cta' verify_hit=true
[23:25:12] [ENTRY][special_state_grace] start max_steps=3 verify_success=true signals='long_intro,cta,top_chrome_intro_cta'
[23:25:12] [ENTRY][special_state_grace] step=1 move_attempted=false move_result='snapshot_reused' focus_label='Navigate up Navigate up' focus_visible='Navigate up Navigate up Family Care Add family member Add family member More options More option' top_visible='navigate up navigate up,family care,add family member add family member,more options more options,me' body_texts='navigate up navigate up,family care,add family member add family member,more options more options,view profile view profile' home_like_hits='profile,view profile,member,family member,me' onboarding_hits='set up' evidence='home_like_profile' decision='normal_traversal'
[23:25:12] [ENTRY][special_state_check] decision='normal_traversal_after_grace'
[23:25:12] [SCENARIO][entry_contract] success scenario='life_family_care_plugin' entry_type='card' reason='success_verified' detail='plugin_open_verified'
[23:25:13] [TRACE][post_open_focus] scenario='life_family_care_plugin' view_id='' label='Navigate up' speech='Navigate up' bounds='{'l': 0, 't': 118, 'r': 180, 'b': 310, 'left': 0, 'top': 118, 'right': 180, 'bottom': 310}' source='top_level' top_level=True
[23:25:18] [TRACE][anchor_row] scenario='life_family_care_plugin' step=0 view_id='' visible='Navigate up' speech='Navigate up' normalized_visible='navigate up' is_global_nav=False
[23:25:18] [ROW] fingerprint='|navigate up|navigate up|90,214' normalized_fingerprint='|navigate up|navigate up' duplicate=false recent_duplicate=false distance=0 recent_semantic_duplicate=false semantic_distance=0 semantic_window_unique=1 noise=false
[23:25:18] [RESULT] skipped anchor rows count=1
[23:25:18] [SAVE] writing sheets raw/filtered/summary/result
[23:25:18] [SAVE] filtered rows=1, raw rows=1
[23:25:18] [SAVE] saved excel: output/talkback_compare_20260422_232451.xlsx rows=1 with_images=False
[23:25:18] [STEP] START tab='(?i).*life.*' step=1
[23:25:25] [STEP][chrome_penalty] deprioritized='Navigate up|Family Care|Add family member|More options' reason='top_chrome_during_content_phase'
[23:25:25] [STEP][content_phase_eval] content_present=true chrome_present=true chrome_excluded=true
[23:25:25] [STEP][status_exhausted_excluded] rejected='Active now' reason='passive_status_or_empty_state'
[23:25:25] [STEP][leaf_penalty] deprioritized='Later' reason='low_value_leaf_text'
[23:25:25] [STEP][focus_context_mismatch] selected='Weather information, Icon. Add home information' current_focus='Navigate up' reason='representative_differs_from_focus_context'
[23:25:25] [STEP][focus_realign_candidates] all='Weather information, Icon. Add home information|Later|Set up now|It's time to go to bed so you can feel well rested t...' eligible='Weather information, Icon. Add home information|Later|Set up now|It's time to go to bed so you can feel well rested t...' rejected_recent='none' rejected_consumed='none'
[23:25:25] [STEP][focus_realign] target='Weather information, Icon. Add home information' method='rid' attempt=1
[23:25:26] [STEP][focus_realign_success] target='Weather information, Icon. Add home information' resolved_focus='Weather information, Icon. Add home information'
[23:25:26] [STEP][focus_realign_record] target='Weather information, Icon. Add home information' signature='com.samsung.android.plugin.care:id/banner_frame_layout||{'l': 90, 't': 891, 'r': 906, 'b': 1005}||weather information...' phase='content'
[23:25:26] [STEP][candidate_priority] content_candidates='Weather information, Icon. Add home information|Later|Set up now|Active now|It's time to go to bed so you can feel we...' status_candidates='Active now' selected='Weather information, Icon. Add home information' reason='representative_content_preferred_over_passive_status'
[23:25:26] [STEP][bottom_strip_policy] content_present=true bottom_strip_deferred=true
[23:25:26] [STEP][candidate_sort_key] selected='Weather information, Icon. Add home information' sort_key='score=1419999,top=891,left=90'
[23:25:26] [STEP][cluster_consumed] cluster='com.samsung.android.plugin.care:id/banner_frame_layout||{'l': 90, 't': 891, 'r': 906, 'b': 1005}||weather information...'
[23:25:26] [ROW] fingerprint='com.samsung.android.plugin.care:id/banner_frame_layout|weather information icon. add home information|weather information icon. add home information|498,948' normalized_fingerprint='com samsung android plugin care id banner frame layout|weather information icon add home information|weather information icon add home information' duplicate=false recent_duplicate=false distance=0 recent_semantic_duplicate=false semantic_distance=0 semantic_window_unique=2 noise=false
[23:25:26] [STEP] END tab='(?i).*life.*' step=1 elapsed=5.47s move_result='{'success': True, 'status': 'moved', 'detail': 'moved', 'raw': {'timestamp': 1776867918905, 'reqId': '42e68042', 'success': True, 'status': 'moved', 'detail': 'moved', 'flags': []}}' visible='Weather information, Icon. Add home information' speech='Weather information, Icon. Add home information' crop='output\talkback_compare_20260422_232451\crops\i_._life._step_1_Navigate_up.png' timing(move=0.458s ann=3.993s get_focus=1.023s get_focus_fallback_dump=0.000s step_dump=0.000s crop=0.486s total=5.962s) focus_reason='' fallback_used=False fallback_found=False step_dump_used=False step_dump_reason='focus_payload_sufficient' req_id='ca0a54bf'
[23:25:26] [STOP][eval] step=1 scenario='life_family_care_plugin' terminal=false same_like_count=0 no_progress=false scenario_type='content' is_global_nav=false after_realign=false recent_repeat=false bounded_two_card_loop=false semantic_same_like=false recent_duplicate=false recent_duplicate_distance=0 recent_semantic_duplicate=false recent_semantic_duplicate_distance=0 recent_semantic_unique_count=2 strict_duplicate=false semantic_duplicate=false repeat_class='none' loop_classification='none' hard_no_progress=false soft_no_progress=false no_progress_class='none' overlay_realign_grace_active=false min_step_gate_blocked=false realign_grace_suppressed=false cta_descend_applied=false promoted_from_container=false repeat_stop_hit=false decision='continue' reason='none' traversal_result='PASS_MOVED' final_result='PASS' failure_reason='' stop_explain_version='pr7_explain_v1' stop_explain_input='step:1|move:moved|smart:moved|same:0|fail:0' stop_explain_repeat='recent:false|class:none|strict:false|semantic:false|loop:none|two_card:false' stop_explain_no_progress='hit:false|class:none|hard:false|soft:false' stop_explain_gate='candidate:false|min_block:false|realign_suppress:false|realign_active:false|decision:continue'
[23:25:26] [OVERLAY] blocked no_overlay_policy scenario='life_family_care_plugin' tab='(?i).*life.*' step=1
[23:25:26] [STEP] START tab='(?i).*life.*' step=2
[23:25:33] [STEP][cta_sibling_visit] step=2 scenario='life_family_care_plugin' cluster='com.samsung.android.plugin.care:id/suggestion_card_container||com.samsung.android.plugin.care:id/first_button||com.sa...' visited='com.samsung.android.plugin.care:id/first_button'
[23:25:33] [STEP][cta_promote] step=2 scenario='life_family_care_plugin' container_rid='com.samsung.android.plugin.care:id/suggestion_card_container' selected_cta_rid='com.samsung.android.plugin.care:id/first_button' selected_cta_label='none' cta_candidates='none' reason='actionable_child_promoted'
[23:25:33] [ROW] fingerprint='com.samsung.android.plugin.care:id/first_button|want better insight into your daily life? set up the smartthings devices that yo|later want better insight into your daily life? set up the smartthings devices t|596,1558' normalized_fingerprint='com samsung android plugin care id first button|want better insight into your daily life set up the smartthings devices that you use to better understand your daily lif|later want better insight into your daily life set up the smartthings devices that you use to better understand your dai' duplicate=false recent_duplicate=false distance=0 recent_semantic_duplicate=false semantic_distance=0 semantic_window_unique=3 noise=false
[23:25:33] [STEP] END tab='(?i).*life.*' step=2 elapsed=5.36s move_result='{'success': True, 'status': 'moved', 'detail': 'moved', 'raw': {'timestamp': 1776867927947, 'reqId': 'a0edb8b5', 'success': True, 'status': 'moved', 'detail': 'moved', 'flags': []}}' visible='Want better insight into your daily life? Set up the SmartThings devices that you use to better understand your daily life. Later Set up now' speech='Later Want better insight into your daily life? Set up the SmartThings devices that you use to better understand your daily life. Later Set up now' crop='output\talkback_compare_20260422_232451\crops\i_._life._step_2_Want_better_insight_into_your_daily_life.png' timing(move=1.265s ann=3.061s get_focus=1.033s get_focus_fallback_dump=0.000s step_dump=0.000s crop=0.528s total=5.888s) focus_reason='' fallback_used=False fallback_found=False step_dump_used=False step_dump_reason='focus_payload_sufficient' req_id='0b04cf3a'
[23:25:33] [STOP][eval] step=2 scenario='life_family_care_plugin' terminal=false same_like_count=0 no_progress=false scenario_type='content' is_global_nav=false after_realign=false recent_repeat=false bounded_two_card_loop=false semantic_same_like=false recent_duplicate=false recent_duplicate_distance=0 recent_semantic_duplicate=false recent_semantic_duplicate_distance=0 recent_semantic_unique_count=3 strict_duplicate=false semantic_duplicate=false repeat_class='none' loop_classification='none' hard_no_progress=false soft_no_progress=false no_progress_class='none' overlay_realign_grace_active=false min_step_gate_blocked=false realign_grace_suppressed=false cta_descend_applied=false promoted_from_container=true repeat_stop_hit=false decision='continue' reason='none' traversal_result='PASS_MOVED' final_result='PASS' failure_reason='' stop_explain_version='pr7_explain_v1' stop_explain_input='step:2|move:moved|smart:moved|same:0|fail:0' stop_explain_repeat='recent:false|class:none|strict:false|semantic:false|loop:none|two_card:false' stop_explain_no_progress='hit:false|class:none|hard:false|soft:false' stop_explain_gate='candidate:false|min_block:false|realign_suppress:false|realign_active:false|decision:continue'
[23:25:33] [OVERLAY] blocked no_overlay_policy scenario='life_family_care_plugin' tab='(?i).*life.*' step=2
[23:25:33] [STEP] START tab='(?i).*life.*' step=3
[23:25:39] [STEP][cta_promote_keep] step=3 scenario='life_family_care_plugin' cluster='com.samsung.android.plugin.care:id/suggestion_card_container||com.samsung.android.plugin.care:id/first_button||com.sa...' kept_rid='com.samsung.android.plugin.care:id/first_button' reason='preserve_committed_cta_sibling'
[23:25:39] [STEP][cta_sibling_visit] step=3 scenario='life_family_care_plugin' cluster='com.samsung.android.plugin.care:id/suggestion_card_container||com.samsung.android.plugin.care:id/first_button||com.sa...' visited='com.samsung.android.plugin.care:id/first_button'
[23:25:39] [STEP][cta_promote] step=3 scenario='life_family_care_plugin' container_rid='com.samsung.android.plugin.care:id/suggestion_card_container' selected_cta_rid='com.samsung.android.plugin.care:id/first_button' selected_cta_label='none' cta_candidates='none' reason='actionable_child_promoted'
[23:25:39] [STEP][cta_sibling_visit] step=3 scenario='life_family_care_plugin' cluster='com.samsung.android.plugin.care:id/suggestion_card_container||com.samsung.android.plugin.care:id/first_button||com.sa...' visited='com.samsung.android.plugin.care:id/first_button|com.samsung.android.plugin.care:id/second_button'
[23:25:39] [STEP][cta_sibling_commit] step=3 scenario='life_family_care_plugin' current_rid='com.samsung.android.plugin.care:id/first_button' committed_rid='com.samsung.android.plugin.care:id/second_button' reason='cta_sibling_committed'
[23:25:39] [STEP][cta_sibling] step=3 scenario='life_family_care_plugin' current_rid='com.samsung.android.plugin.care:id/first_button' next_candidate='com.samsung.android.plugin.care:id/second_button' reason='cta_sibling_progression'
[23:25:39] [STEP][cta_focus_align] step=3 scenario='life_family_care_plugin' target_rid='com.samsung.android.plugin.care:id/second_button' method='select' attempt=1
[23:25:41] [STEP][cta_focus_align_success] step=3 scenario='life_family_care_plugin' target_rid='com.samsung.android.plugin.care:id/second_button'
[23:25:41] [ROW] fingerprint='com.samsung.android.plugin.care:id/second_button|want better insight into your daily life? set up the smartthings devices that yo|want better insight into your daily life? set up the smartthings devices that yo|876,1558' normalized_fingerprint='com samsung android plugin care id second button|want better insight into your daily life set up the smartthings devices that you use to better understand your daily lif|want better insight into your daily life set up the smartthings devices that you use to better understand your daily lif' duplicate=false recent_duplicate=false distance=0 recent_semantic_duplicate=false semantic_distance=0 semantic_window_unique=4 noise=false
[23:25:41] [STEP] END tab='(?i).*life.*' step=3 elapsed=5.37s move_result='' visible='Want better insight into your daily life? Set up the SmartThings devices that you use to better understand your daily life. Later Set up now' speech='Want better insight into your daily life? Set up the SmartThings devices that you use to better understand your daily life. Later Set up now' crop='output\talkback_compare_20260422_232451\crops\i_._life._step_3_Want_better_insight_into_your_daily_life.png' timing(move=0.424s ann=3.822s get_focus=1.125s get_focus_fallback_dump=0.000s step_dump=0.000s crop=0.562s total=5.935s) focus_reason='' fallback_used=False fallback_found=False step_dump_used=False step_dump_reason='focus_payload_sufficient' req_id='80c2e86e'
[23:25:41] [STOP][eval] step=3 scenario='life_family_care_plugin' terminal=false same_like_count=0 no_progress=false scenario_type='content' is_global_nav=false after_realign=false recent_repeat=false bounded_two_card_loop=false semantic_same_like=false recent_duplicate=false recent_duplicate_distance=0 recent_semantic_duplicate=false recent_semantic_duplicate_distance=0 recent_semantic_unique_count=4 strict_duplicate=false semantic_duplicate=false repeat_class='none' loop_classification='none' hard_no_progress=false soft_no_progress=false no_progress_class='none' overlay_realign_grace_active=false min_step_gate_blocked=false realign_grace_suppressed=false cta_descend_applied=false promoted_from_container=true repeat_stop_hit=false decision='continue' reason='none' traversal_result='FAIL_MOVE' final_result='FAIL' failure_reason='move_failed' stop_explain_version='pr7_explain_v1' stop_explain_input='step:3|move:failed|smart:failed|same:0|fail:1' stop_explain_repeat='recent:false|class:none|strict:false|semantic:false|loop:none|two_card:false' stop_explain_no_progress='hit:false|class:none|hard:false|soft:false' stop_explain_gate='candidate:false|min_block:false|realign_suppress:false|realign_active:false|decision:continue'
[23:25:41] [RESULT] skipped anchor rows count=1
[23:25:41] [SAVE] writing sheets raw/filtered/summary/result
[23:25:41] [SAVE] filtered rows=4, raw rows=4
[23:25:41] [SAVE] saved excel: output/talkback_compare_20260422_232451.xlsx rows=4 with_images=False
[23:25:41] [OVERLAY] blocked no_overlay_policy scenario='life_family_care_plugin' tab='(?i).*life.*' step=3
[23:25:41] [STEP] START tab='(?i).*life.*' step=4
[23:25:47] [ROW] fingerprint='com.samsung.android.plugin.care:id/activity_toolbar|activity|activity|540,1764' normalized_fingerprint='com samsung android plugin care id activity toolbar|activity|activity' duplicate=false recent_duplicate=false distance=0 recent_semantic_duplicate=false semantic_distance=0 semantic_window_unique=5 noise=false
[23:25:47] [STEP] END tab='(?i).*life.*' step=4 elapsed=4.61s move_result='{'success': True, 'status': 'moved', 'detail': 'moved', 'raw': {'timestamp': 1776867941805, 'reqId': 'c82bcd05', 'success': True, 'status': 'moved', 'detail': 'moved', 'flags': []}}' visible='Activity' speech='Activity' crop='output\talkback_compare_20260422_232451\crops\i_._life._step_4_Activity.png' timing(move=0.517s ann=2.983s get_focus=1.108s get_focus_fallback_dump=0.000s step_dump=0.000s crop=0.491s total=5.100s) focus_reason='' fallback_used=False fallback_found=False step_dump_used=False step_dump_reason='focus_payload_sufficient' req_id='b50be061'
[23:25:47] [STOP][eval] step=4 scenario='life_family_care_plugin' terminal=false same_like_count=0 no_progress=false scenario_type='content' is_global_nav=false after_realign=false recent_repeat=false bounded_two_card_loop=false semantic_same_like=false recent_duplicate=false recent_duplicate_distance=0 recent_semantic_duplicate=false recent_semantic_duplicate_distance=0 recent_semantic_unique_count=5 strict_duplicate=false semantic_duplicate=false repeat_class='none' loop_classification='none' hard_no_progress=false soft_no_progress=false no_progress_class='none' overlay_realign_grace_active=false min_step_gate_blocked=false realign_grace_suppressed=false cta_descend_applied=false promoted_from_container=false repeat_stop_hit=false decision='continue' reason='none' traversal_result='PASS_MOVED' final_result='PASS' failure_reason='' stop_explain_version='pr7_explain_v1' stop_explain_input='step:4|move:moved|smart:moved|same:0|fail:0' stop_explain_repeat='recent:false|class:none|strict:false|semantic:false|loop:none|two_card:false' stop_explain_no_progress='hit:false|class:none|hard:false|soft:false' stop_explain_gate='candidate:false|min_block:false|realign_suppress:false|realign_active:false|decision:continue'
[23:25:47] [OVERLAY] blocked no_overlay_policy scenario='life_family_care_plugin' tab='(?i).*life.*' step=4
[23:25:47] [STEP] START tab='(?i).*life.*' step=5
[23:25:53] [STEP][chrome_penalty] deprioritized='Navigate up|Family Care|Add family member|More options' reason='top_chrome_during_content_phase'
[23:25:53] [STEP][content_phase_eval] content_present=true chrome_present=true chrome_excluded=true
[23:25:53] [STEP][status_exhausted_excluded] rejected='Active now' reason='passive_status_or_empty_state'
[23:25:53] [STEP][leaf_penalty] deprioritized='Later' reason='low_value_leaf_text'
[23:25:53] [STEP][representative_exhausted_guard] rejected='Weather information, Icon. Add home information|Later|Set up now' reason='already_consumed_representative'
[23:25:53] [STEP][selection_candidates] all='Weather information, Icon. Add home information|Later|Set up now|Active now|It's time to go to bed so you can feel we...' after_filter='It's time to go to bed so you can feel well rested tomorrow.|Want better insight into your daily life?|Set up the Sma...' rejected_by_revisit='none'
[23:25:53] [STEP][focus_context_mismatch] selected='It's time to go to bed so you can feel well rested tomorrow.' current_focus='View information' reason='representative_differs_from_focus_context'
[23:25:53] [STEP][focus_realign_candidates] all='Weather information, Icon. Add home information|Later|Set up now|It's time to go to bed so you can feel well rested t...' eligible='It's time to go to bed so you can feel well rested tomorrow.|Want better insight into your daily life?|Set up the Sma...' rejected_recent='none' rejected_consumed='Weather information, Icon. Add home information|Later|Set up now'
[23:25:53] [STEP][focus_realign] target='It's time to go to bed so you can feel well rested tomorrow.' method='rid' attempt=1
[23:25:54] [STEP][focus_realign_success] target='It's time to go to bed so you can feel well rested tomorrow.' resolved_focus='It's time to go to bed so you can feel well rested tomorrow.'
[23:25:54] [STEP][focus_realign_record] target='It's time to go to bed so you can feel well rested tomorrow.' signature='com.samsung.android.plugin.care:id/suggestion_text||{'l': 90, 't': 670, 'r': 1002, 'b': 837}||it's time to go to bed ...' phase='content'
[23:25:54] [STEP][candidate_priority] content_candidates='Weather information, Icon. Add home information|Later|Set up now|Active now|It's time to go to bed so you can feel we...' status_candidates='Active now' selected='It's time to go to bed so you can feel well rested tomorrow.' reason='representative_content_preferred_over_passive_status'
[23:25:54] [STEP][bottom_strip_policy] content_present=true bottom_strip_deferred=true
[23:25:54] [STEP][candidate_sort_key] selected='It's time to go to bed so you can feel well rested tomorrow.' sort_key='score=169999,top=670,left=90'
[23:25:54] [STEP][cluster_consumed] cluster='com.samsung.android.plugin.care:id/suggestion_text||{'l': 90, 't': 670, 'r': 1002, 'b': 837}||it's time to go to bed ...'
[23:25:54] [ROW] fingerprint='com.samsung.android.plugin.care:id/suggestion_text|it's time to go to bed so you can feel well rested tomorrow.|it's time to go to bed so you can feel well rested tomorrow.|546,753' normalized_fingerprint='com samsung android plugin care id suggestion text|it s time to go to bed so you can feel well rested tomorrow|it s time to go to bed so you can feel well rested tomorrow' duplicate=false recent_duplicate=false distance=0 recent_semantic_duplicate=false semantic_distance=0 semantic_window_unique=6 noise=false
[23:25:54] [STEP] END tab='(?i).*life.*' step=5 elapsed=5.54s move_result='{'success': True, 'status': 'moved', 'detail': 'moved', 'raw': {'timestamp': 1776867947557, 'reqId': 'e302e516', 'success': True, 'status': 'moved', 'detail': 'moved', 'flags': []}}' visible='It's time to go to bed so you can feel well rested tomorrow.' speech='It's time to go to bed so you can feel well rested tomorrow.' crop='output\talkback_compare_20260422_232451\crops\i_._life._step_5_View_information.png' timing(move=0.641s ann=3.879s get_focus=1.018s get_focus_fallback_dump=0.000s step_dump=0.000s crop=0.500s total=6.038s) focus_reason='' fallback_used=False fallback_found=False step_dump_used=False step_dump_reason='focus_payload_sufficient' req_id='7d63cf1c'
[23:25:54] [STOP][eval] step=5 scenario='life_family_care_plugin' terminal=false same_like_count=0 no_progress=false scenario_type='content' is_global_nav=false after_realign=false recent_repeat=false bounded_two_card_loop=false semantic_same_like=false recent_duplicate=false recent_duplicate_distance=0 recent_semantic_duplicate=false recent_semantic_duplicate_distance=0 recent_semantic_unique_count=6 strict_duplicate=false semantic_duplicate=false repeat_class='none' loop_classification='none' hard_no_progress=false soft_no_progress=false no_progress_class='none' overlay_realign_grace_active=false min_step_gate_blocked=false realign_grace_suppressed=false cta_descend_applied=false promoted_from_container=false repeat_stop_hit=false decision='continue' reason='none' traversal_result='PASS_MOVED' final_result='PASS' failure_reason='' stop_explain_version='pr7_explain_v1' stop_explain_input='step:5|move:moved|smart:moved|same:0|fail:0' stop_explain_repeat='recent:false|class:none|strict:false|semantic:false|loop:none|two_card:false' stop_explain_no_progress='hit:false|class:none|hard:false|soft:false' stop_explain_gate='candidate:false|min_block:false|realign_suppress:false|realign_active:false|decision:continue'
[23:25:54] [OVERLAY] blocked no_overlay_policy scenario='life_family_care_plugin' tab='(?i).*life.*' step=5
[23:25:54] [STEP] START tab='(?i).*life.*' step=6
[23:26:00] [ROW] fingerprint='com.samsung.android.plugin.care:id/banner_frame_layout|weather information icon. add home information|weather information icon. add home information|498,948' normalized_fingerprint='com samsung android plugin care id banner frame layout|weather information icon add home information|weather information icon add home information' duplicate=false recent_duplicate=true distance=5 recent_semantic_duplicate=true semantic_distance=5 semantic_window_unique=5 noise=false
[23:26:00] [STEP] END tab='(?i).*life.*' step=6 elapsed=4.89s move_result='{'success': True, 'status': 'moved', 'detail': 'moved', 'raw': {'timestamp': 1776867955305, 'reqId': '3a7326b8', 'success': True, 'status': 'moved', 'detail': 'moved', 'flags': []}}' visible='Weather information, Icon. Add home information' speech='Weather information, Icon. Add home information' crop='output\talkback_compare_20260422_232451\crops\i_._life._step_6_Weather_information__Icon._Add_home_info.png' timing(move=0.553s ann=3.126s get_focus=1.209s get_focus_fallback_dump=0.000s step_dump=0.000s crop=0.543s total=5.433s) focus_reason='' fallback_used=False fallback_found=False step_dump_used=False step_dump_reason='focus_payload_sufficient' req_id='3b1b1dba'
[23:26:00] [STOP][eval] step=6 scenario='life_family_care_plugin' terminal=false same_like_count=0 no_progress=false scenario_type='content' is_global_nav=false after_realign=false recent_repeat=false bounded_two_card_loop=false semantic_same_like=false recent_duplicate=true recent_duplicate_distance=5 recent_semantic_duplicate=true recent_semantic_duplicate_distance=5 recent_semantic_unique_count=5 strict_duplicate=false semantic_duplicate=false repeat_class='none' loop_classification='none' hard_no_progress=false soft_no_progress=false no_progress_class='none' overlay_realign_grace_active=false min_step_gate_blocked=false realign_grace_suppressed=false cta_descend_applied=false promoted_from_container=false repeat_stop_hit=false decision='continue' reason='none' traversal_result='PASS_MOVED' final_result='PASS' failure_reason='' stop_explain_version='pr7_explain_v1' stop_explain_input='step:6|move:moved|smart:moved|same:0|fail:0' stop_explain_repeat='recent:false|class:none|strict:false|semantic:false|loop:none|two_card:false' stop_explain_no_progress='hit:false|class:none|hard:false|soft:false' stop_explain_gate='candidate:false|min_block:false|realign_suppress:false|realign_active:false|decision:continue'
[23:26:00] [RESULT] skipped anchor rows count=1
[23:26:00] [SAVE] writing sheets raw/filtered/summary/result
[23:26:00] [SAVE] filtered rows=6, raw rows=7
[23:26:01] [SAVE] saved excel: output/talkback_compare_20260422_232451.xlsx rows=7 with_images=False
[23:26:01] [OVERLAY] blocked no_overlay_policy scenario='life_family_care_plugin' tab='(?i).*life.*' step=6
[23:26:01] [STEP] START tab='(?i).*life.*' step=7
[23:26:07] [STEP][cta_promote_keep] step=7 scenario='life_family_care_plugin' cluster='com.samsung.android.plugin.care:id/suggestion_card_container||com.samsung.android.plugin.care:id/first_button||com.sa...' kept_rid='com.samsung.android.plugin.care:id/second_button' reason='preserve_committed_cta_sibling'
[23:26:07] [STEP][cta_sibling_visit] step=7 scenario='life_family_care_plugin' cluster='com.samsung.android.plugin.care:id/suggestion_card_container||com.samsung.android.plugin.care:id/first_button||com.sa...' visited='com.samsung.android.plugin.care:id/first_button|com.samsung.android.plugin.care:id/second_button'
[23:26:07] [STEP][cta_promote] step=7 scenario='life_family_care_plugin' container_rid='com.samsung.android.plugin.care:id/suggestion_card_container' selected_cta_rid='com.samsung.android.plugin.care:id/second_button' selected_cta_label='none' cta_candidates='none' reason='actionable_child_promoted'
[23:26:07] [STEP][cta_focus_align] step=7 scenario='life_family_care_plugin' target_rid='com.samsung.android.plugin.care:id/second_button' method='select' attempt=1
[23:26:08] [STEP][cta_focus_align_success] step=7 scenario='life_family_care_plugin' target_rid='com.samsung.android.plugin.care:id/second_button'
[23:26:08] [ROW] fingerprint='com.samsung.android.plugin.care:id/second_button|want better insight into your daily life? set up the smartthings devices that yo|later want better insight into your daily life? set up the smartthings devices t|876,1558' normalized_fingerprint='com samsung android plugin care id second button|want better insight into your daily life set up the smartthings devices that you use to better understand your daily lif|later want better insight into your daily life set up the smartthings devices that you use to better understand your dai' duplicate=false recent_duplicate=false distance=0 recent_semantic_duplicate=false semantic_distance=0 semantic_window_unique=6 noise=false
[23:26:08] [STEP] END tab='(?i).*life.*' step=7 elapsed=5.59s move_result='{'success': True, 'status': 'moved', 'detail': 'moved', 'raw': {'timestamp': 1776867962070, 'reqId': '562aaee5', 'success': True, 'status': 'moved', 'detail': 'moved', 'flags': []}}' visible='Want better insight into your daily life? Set up the SmartThings devices that you use to better understand your daily life. Later Set up now' speech='Later Want better insight into your daily life? Set up the SmartThings devices that you use to better understand your daily life. Later Set up now' crop='output\talkback_compare_20260422_232451\crops\i_._life._step_7_Want_better_insight_into_your_daily_life.png' timing(move=1.231s ann=3.135s get_focus=1.220s get_focus_fallback_dump=0.000s step_dump=0.000s crop=0.518s total=6.106s) focus_reason='' fallback_used=False fallback_found=False step_dump_used=False step_dump_reason='focus_payload_sufficient' req_id='bdc6f8f6'
[23:26:08] [STOP][eval] step=7 scenario='life_family_care_plugin' terminal=false same_like_count=0 no_progress=false scenario_type='content' is_global_nav=false after_realign=false recent_repeat=false bounded_two_card_loop=false semantic_same_like=false recent_duplicate=false recent_duplicate_distance=0 recent_semantic_duplicate=false recent_semantic_duplicate_distance=0 recent_semantic_unique_count=6 strict_duplicate=false semantic_duplicate=false repeat_class='none' loop_classification='none' hard_no_progress=false soft_no_progress=false no_progress_class='none' overlay_realign_grace_active=false min_step_gate_blocked=false realign_grace_suppressed=false cta_descend_applied=false promoted_from_container=true repeat_stop_hit=false decision='continue' reason='none' traversal_result='PASS_MOVED' final_result='PASS' failure_reason='' stop_explain_version='pr7_explain_v1' stop_explain_input='step:7|move:moved|smart:moved|same:0|fail:0' stop_explain_repeat='recent:false|class:none|strict:false|semantic:false|loop:none|two_card:false' stop_explain_no_progress='hit:false|class:none|hard:false|soft:false' stop_explain_gate='candidate:false|min_block:false|realign_suppress:false|realign_active:false|decision:continue'
[23:26:08] [OVERLAY] blocked no_overlay_policy scenario='life_family_care_plugin' tab='(?i).*life.*' step=7
[23:26:08] [STEP] START tab='(?i).*life.*' step=8
[23:26:14] [STEP][chrome_penalty] deprioritized='Navigate up|Family Care|Add family member|More options' reason='top_chrome_during_content_phase'
[23:26:14] [STEP][content_phase_eval] content_present=true chrome_present=true chrome_excluded=true
[23:26:14] [STEP][status_exhausted_excluded] rejected='Active now' reason='passive_status_or_empty_state'
[23:26:14] [STEP][leaf_penalty] deprioritized='Later' reason='low_value_leaf_text'
[23:26:14] [STEP][representative_exhausted_guard] rejected='Weather information, Icon. Add home information|Later|Set up now|It's time to go to bed so you can feel well rested t...' reason='already_consumed_representative'
[23:26:14] [STEP][selection_candidates] all='Weather information, Icon. Add home information|Later|Set up now|Active now|It's time to go to bed so you can feel we...' after_filter='Want better insight into your daily life?|Set up the SmartThings devices that you use to better understand your daily...' rejected_by_revisit='none'
[23:26:14] [STEP][cluster_representative_rank] cluster='Want better insight into your daily life?' candidates='title' selected='title' reason='title_selected_after_cluster_ranking'
[23:26:14] [STEP][focus_context_mismatch] selected='Want better insight into your daily life?' current_focus='Activity' reason='representative_differs_from_focus_context'
[23:26:14] [STEP][focus_realign_candidates] all='Weather information, Icon. Add home information|Later|Set up now|It's time to go to bed so you can feel well rested t...' eligible='Want better insight into your daily life?|Set up the SmartThings devices that you use to better understand your daily...' rejected_recent='none' rejected_consumed='Weather information, Icon. Add home information|Later|Set up now|It's time to go to bed so you can feel well rested t...'
[23:26:14] [STEP][focus_realign] target='Want better insight into your daily life?' method='rid' attempt=1
[23:26:15] [STEP][focus_realign_success] target='Want better insight into your daily life?' resolved_focus='Want better insight into your daily life?'
[23:26:15] [STEP][focus_realign_record] target='Want better insight into your daily life?' signature='com.samsung.android.plugin.care:id/title||{'l': 312, 't': 1137, 'r': 996, 'b': 1262}||want better insight into your d...' phase='content'
[23:26:15] [STEP][candidate_priority] content_candidates='Weather information, Icon. Add home information|Later|Set up now|Active now|It's time to go to bed so you can feel we...' status_candidates='Active now' selected='Want better insight into your daily life?' reason='representative_content_preferred_over_passive_status'
[23:26:15] [STEP][bottom_strip_policy] content_present=true bottom_strip_deferred=true
[23:26:15] [STEP][candidate_sort_key] selected='Want better insight into your daily life?' sort_key='score=169999,top=1137,left=312'
[23:26:15] [STEP][cluster_consumed] cluster='com.samsung.android.plugin.care:id/title||{'l': 312, 't': 1137, 'r': 996, 'b': 1262}||want better insight into your d...'
[23:26:15] [ROW] fingerprint='com.samsung.android.plugin.care:id/title|want better insight into your daily life?|want better insight into your daily life?|654,1199' normalized_fingerprint='com samsung android plugin care id title|want better insight into your daily life|want better insight into your daily life' duplicate=false recent_duplicate=false distance=0 recent_semantic_duplicate=false semantic_distance=0 semantic_window_unique=6 noise=false
[23:26:15] [STEP] END tab='(?i).*life.*' step=8 elapsed=4.58s move_result='{'success': True, 'status': 'moved', 'detail': 'moved', 'raw': {'timestamp': 1776867969291, 'reqId': '37719d60', 'success': True, 'status': 'moved', 'detail': 'moved', 'flags': []}}' visible='Want better insight into your daily life?' speech='Want better insight into your daily life?' crop='output\talkback_compare_20260422_232451\crops\i_._life._step_8_Activity.png' timing(move=0.541s ann=3.025s get_focus=1.015s get_focus_fallback_dump=0.000s step_dump=0.000s crop=0.474s total=5.056s) focus_reason='' fallback_used=False fallback_found=False step_dump_used=False step_dump_reason='focus_payload_sufficient' req_id='e262c6ea'
[23:26:15] [STOP][eval] step=8 scenario='life_family_care_plugin' terminal=false same_like_count=0 no_progress=false scenario_type='content' is_global_nav=false after_realign=false recent_repeat=false bounded_two_card_loop=false semantic_same_like=false recent_duplicate=false recent_duplicate_distance=0 recent_semantic_duplicate=false recent_semantic_duplicate_distance=0 recent_semantic_unique_count=6 strict_duplicate=false semantic_duplicate=false repeat_class='none' loop_classification='none' hard_no_progress=false soft_no_progress=false no_progress_class='none' overlay_realign_grace_active=false min_step_gate_blocked=false realign_grace_suppressed=false cta_descend_applied=false promoted_from_container=false repeat_stop_hit=false decision='continue' reason='none' traversal_result='PASS_MOVED' final_result='PASS' failure_reason='' stop_explain_version='pr7_explain_v1' stop_explain_input='step:8|move:moved|smart:moved|same:0|fail:0' stop_explain_repeat='recent:false|class:none|strict:false|semantic:false|loop:none|two_card:false' stop_explain_no_progress='hit:false|class:none|hard:false|soft:false' stop_explain_gate='candidate:false|min_block:false|realign_suppress:false|realign_active:false|decision:continue'
[23:26:15] [OVERLAY] blocked no_overlay_policy scenario='life_family_care_plugin' tab='(?i).*life.*' step=8
[23:26:15] [STEP] START tab='(?i).*life.*' step=9
[23:26:22] [ROW] fingerprint='com.samsung.android.plugin.care:id/title|want better insight into your daily life?|want better insight into your daily life?|654,1199' normalized_fingerprint='com samsung android plugin care id title|want better insight into your daily life|want better insight into your daily life' duplicate=true recent_duplicate=true distance=1 recent_semantic_duplicate=true semantic_distance=1 semantic_window_unique=5 noise=false
[23:26:22] [STEP] END tab='(?i).*life.*' step=9 elapsed=5.44s move_result='' visible='Want better insight into your daily life?' speech='Want better insight into your daily life?' crop='output\talkback_compare_20260422_232451\crops\i_._life._step_9_Want_better_insight_into_your_daily_life.png' timing(move=0.406s ann=3.836s get_focus=1.194s get_focus_fallback_dump=0.000s step_dump=0.000s crop=0.479s total=5.917s) focus_reason='' fallback_used=False fallback_found=False step_dump_used=False step_dump_reason='focus_payload_sufficient' req_id='b4720735'
[23:26:22] [STOP][eval] step=9 scenario='life_family_care_plugin' terminal=false same_like_count=1 no_progress=false scenario_type='content' is_global_nav=false after_realign=false recent_repeat=false bounded_two_card_loop=false semantic_same_like=true recent_duplicate=true recent_duplicate_distance=1 recent_semantic_duplicate=true recent_semantic_duplicate_distance=1 recent_semantic_unique_count=5 strict_duplicate=false semantic_duplicate=true repeat_class='semantic_duplicate' loop_classification='benign_repeat' hard_no_progress=false soft_no_progress=false no_progress_class='none' overlay_realign_grace_active=false min_step_gate_blocked=false realign_grace_suppressed=false cta_descend_applied=false promoted_from_container=false repeat_stop_hit=false decision='continue' reason='none' traversal_result='FAIL_MOVE' final_result='FAIL' failure_reason='move_failed' stop_explain_version='pr7_explain_v1' stop_explain_input='step:9|move:failed|smart:failed|same:1|fail:1' stop_explain_repeat='recent:false|class:semantic_duplicate|strict:false|semantic:true|loop:benign_repeat|two_card:false' stop_explain_no_progress='hit:false|class:none|hard:false|soft:false' stop_explain_gate='candidate:false|min_block:false|realign_suppress:false|realign_active:false|decision:continue'
[23:26:22] [RESULT] skipped anchor rows count=1
[23:26:22] [SAVE] writing sheets raw/filtered/summary/result
[23:26:22] [SAVE] filtered rows=9, raw rows=10
[23:26:22] [SAVE] saved excel: output/talkback_compare_20260422_232451.xlsx rows=10 with_images=False
[23:26:22] [OVERLAY] blocked no_overlay_policy scenario='life_family_care_plugin' tab='(?i).*life.*' step=9
[23:26:22] [STEP] START tab='(?i).*life.*' step=10
[23:26:28] [STEP][chrome_penalty] deprioritized='Navigate up|Family Care|Add family member|More options' reason='top_chrome_during_content_phase'
[23:26:28] [STEP][content_phase_eval] content_present=true chrome_present=true chrome_excluded=true
[23:26:28] [STEP][status_exhausted_excluded] rejected='Active now' reason='passive_status_or_empty_state'
[23:26:28] [STEP][leaf_penalty] deprioritized='Later' reason='low_value_leaf_text'
[23:26:28] [STEP][representative_exhausted_guard] rejected='Weather information, Icon. Add home information|Later|Set up now|It's time to go to bed so you can feel well rested t...' reason='already_consumed_representative'
[23:26:28] [STEP][selection_candidates] all='Weather information, Icon. Add home information|Later|Set up now|Active now|It's time to go to bed so you can feel we...' after_filter='Set up the SmartThings devices that you use to better understand your daily life.|Activity Activity|Activity|Set up now' rejected_by_revisit='none'
[23:26:28] [STEP][focus_context_mismatch] selected='Set up the SmartThings devices that you use to better understand your daily life.' current_focus='Want better insight into your daily life?' reason='representative_differs_from_focus_context'
[23:26:28] [STEP][focus_realign_candidates] all='Weather information, Icon. Add home information|Later|Set up now|It's time to go to bed so you can feel well rested t...' eligible='Set up the SmartThings devices that you use to better understand your daily life.|Activity Activity|Activity' rejected_recent='none' rejected_consumed='Weather information, Icon. Add home information|Later|Set up now|It's time to go to bed so you can feel well rested t...'
[23:26:28] [STEP][focus_realign] target='Set up the SmartThings devices that you use to better understand your daily life.' method='rid' attempt=1
[23:26:30] [STEP][focus_realign_success] target='Set up the SmartThings devices that you use to better understand your daily life.' resolved_focus='Set up the SmartThings devices that you use to better understand your daily life.'
[23:26:30] [STEP][focus_realign_record] target='Set up the SmartThings devices that you use to better understand your daily life.' signature='com.samsung.android.plugin.care:id/tips_text||{'l': 312, 't': 1286, 'r': 996, 'b': 1464}||set up the smartthings devi...' phase='content'
[23:26:30] [STEP][candidate_priority] content_candidates='Weather information, Icon. Add home information|Later|Set up now|Active now|It's time to go to bed so you can feel we...' status_candidates='Active now' selected='Set up the SmartThings devices that you use to better understand your daily life.' reason='representative_content_preferred_over_passive_status'
[23:26:30] [STEP][bottom_strip_policy] content_present=true bottom_strip_deferred=true
[23:26:30] [STEP][candidate_sort_key] selected='Set up the SmartThings devices that you use to better understand your daily life.' sort_key='score=169999,top=1286,left=312'
[23:26:30] [STEP][cta_promote_skip] step=10 scenario='life_family_care_plugin' container_rid='com.samsung.android.plugin.care:id/tips_text' reason='no_actionable_child_found'
[23:26:30] [STEP][cluster_consumed] cluster='com.samsung.android.plugin.care:id/tips_text||{'l': 312, 't': 1286, 'r': 996, 'b': 1464}||set up the smartthings devi...'
[23:26:30] [ROW] fingerprint='com.samsung.android.plugin.care:id/tips_text|set up the smartthings devices that you use to better understand your daily life|set up the smartthings devices that you use to better understand your daily life|654,1375' normalized_fingerprint='com samsung android plugin care id tips text|set up the smartthings devices that you use to better understand your daily life|set up the smartthings devices that you use to better understand your daily life' duplicate=false recent_duplicate=false distance=0 recent_semantic_duplicate=false semantic_distance=0 semantic_window_unique=5 noise=false
[23:26:30] [STEP] END tab='(?i).*life.*' step=10 elapsed=5.25s move_result='' visible='Set up the SmartThings devices that you use to better understand your daily life.' speech='Set up the SmartThings devices that you use to better understand your daily life.' crop='output\talkback_compare_20260422_232451\crops\i_._life._step_10_Want_better_insight_into_your_daily_life.png' timing(move=0.402s ann=3.839s get_focus=1.007s get_focus_fallback_dump=0.000s step_dump=0.000s crop=0.469s total=5.717s) focus_reason='' fallback_used=False fallback_found=False step_dump_used=False step_dump_reason='focus_payload_sufficient' req_id='46e1ce42'
[23:26:30] [STOP][eval] step=10 scenario='life_family_care_plugin' terminal=false same_like_count=0 no_progress=false scenario_type='content' is_global_nav=false after_realign=false recent_repeat=false bounded_two_card_loop=false semantic_same_like=false recent_duplicate=false recent_duplicate_distance=0 recent_semantic_duplicate=false recent_semantic_duplicate_distance=0 recent_semantic_unique_count=5 strict_duplicate=false semantic_duplicate=false repeat_class='none' loop_classification='none' hard_no_progress=false soft_no_progress=false no_progress_class='none' overlay_realign_grace_active=false min_step_gate_blocked=false realign_grace_suppressed=false cta_descend_applied=false promoted_from_container=false repeat_stop_hit=false decision='continue' reason='none' traversal_result='FAIL_MOVE' final_result='FAIL' failure_reason='move_failed' stop_explain_version='pr7_explain_v1' stop_explain_input='step:10|move:failed|smart:failed|same:0|fail:2' stop_explain_repeat='recent:false|class:none|strict:false|semantic:false|loop:none|two_card:false' stop_explain_no_progress='hit:false|class:none|hard:false|soft:false' stop_explain_gate='candidate:false|min_block:false|realign_suppress:false|realign_active:false|decision:continue'
[23:26:30] [OVERLAY] blocked no_overlay_policy scenario='life_family_care_plugin' tab='(?i).*life.*' step=10
[23:26:30] [STEP] START tab='(?i).*life.*' step=11
[23:26:35] [STEP][chrome_penalty] deprioritized='Navigate up|Family Care|Add family member|More options' reason='top_chrome_during_content_phase'
[23:26:35] [STEP][content_phase_eval] content_present=true chrome_present=true chrome_excluded=true
[23:26:35] [STEP][status_exhausted_excluded] rejected='Active now' reason='passive_status_or_empty_state'
[23:26:35] [STEP][leaf_penalty] deprioritized='Later' reason='low_value_leaf_text'
[23:26:35] [STEP][representative_exhausted_guard] rejected='Weather information, Icon. Add home information|Later|Set up now|It's time to go to bed so you can feel well rested t...' reason='already_consumed_representative'
[23:26:35] [STEP][selection_candidates] all='Weather information, Icon. Add home information|Later|Set up now|Active now|It's time to go to bed so you can feel we...' after_filter='Activity Activity|Activity|Set up now' rejected_by_revisit='none'
[23:26:35] [STEP][focus_context_mismatch] selected='Activity Activity' current_focus='Later' reason='representative_differs_from_focus_context'
[23:26:35] [STEP][focus_realign_candidates] all='Weather information, Icon. Add home information|Later|Set up now|It's time to go to bed so you can feel well rested t...' eligible='Activity Activity|Activity' rejected_recent='none' rejected_consumed='Weather information, Icon. Add home information|Later|Set up now|It's time to go to bed so you can feel well rested t...'
[23:26:35] [STEP][focus_realign] target='Activity Activity' method='rid' attempt=1
[23:26:36] [STEP][focus_realign_success] target='Activity Activity' resolved_focus='Activity'
[23:26:36] [STEP][focus_realign_record] target='Activity Activity' signature='com.samsung.android.plugin.care:id/activity_toolbar||{'l': 84, 't': 1728, 'r': 996, 'b': 1800}||activity activity' phase='content'
[23:26:36] [STEP][candidate_priority] content_candidates='Weather information, Icon. Add home information|Later|Set up now|Active now|It's time to go to bed so you can feel we...' status_candidates='Active now' selected='Activity' reason='representative_content_preferred_over_passive_status'
[23:26:36] [STEP][bottom_strip_policy] content_present=true bottom_strip_deferred=true
[23:26:36] [STEP][candidate_sort_key] selected='Activity' sort_key='score=169999,top=4224,left=84'
[23:26:36] [STEP][cluster_consumed] cluster='com.samsung.android.plugin.care:id/activity_toolbar||{'l': 84, 't': 1728, 'r': 996, 'b': 1800}||activity activity'
[23:26:36] [ROW] fingerprint='com.samsung.android.plugin.care:id/activity_toolbar|activity|activity|540,4260' normalized_fingerprint='com samsung android plugin care id activity toolbar|activity|activity' duplicate=false recent_duplicate=false distance=0 recent_semantic_duplicate=false semantic_distance=0 semantic_window_unique=5 noise=false
[23:26:36] [STEP] END tab='(?i).*life.*' step=11 elapsed=4.60s move_result='{'success': True, 'status': 'moved', 'detail': 'moved', 'raw': {'timestamp': 1776867990397, 'reqId': '21f1bc20', 'success': True, 'status': 'moved', 'detail': 'moved', 'flags': []}}' visible='Activity' speech='Activity' crop='output\talkback_compare_20260422_232451\crops\i_._life._step_11_Later.png' timing(move=0.530s ann=3.078s get_focus=0.992s get_focus_fallback_dump=0.000s step_dump=0.000s crop=0.477s total=5.078s) focus_reason='' fallback_used=False fallback_found=False step_dump_used=False step_dump_reason='focus_payload_sufficient' req_id='a328b9bd'
[23:26:36] [STOP][eval] step=11 scenario='life_family_care_plugin' terminal=false same_like_count=0 no_progress=false scenario_type='content' is_global_nav=false after_realign=false recent_repeat=false bounded_two_card_loop=false semantic_same_like=false recent_duplicate=false recent_duplicate_distance=0 recent_semantic_duplicate=false recent_semantic_duplicate_distance=0 recent_semantic_unique_count=5 strict_duplicate=false semantic_duplicate=false repeat_class='none' loop_classification='none' hard_no_progress=false soft_no_progress=false no_progress_class='none' overlay_realign_grace_active=false min_step_gate_blocked=false realign_grace_suppressed=false cta_descend_applied=false promoted_from_container=false repeat_stop_hit=false decision='continue' reason='none' traversal_result='PASS_MOVED' final_result='PASS' failure_reason='' stop_explain_version='pr7_explain_v1' stop_explain_input='step:11|move:moved|smart:moved|same:0|fail:0' stop_explain_repeat='recent:false|class:none|strict:false|semantic:false|loop:none|two_card:false' stop_explain_no_progress='hit:false|class:none|hard:false|soft:false' stop_explain_gate='candidate:false|min_block:false|realign_suppress:false|realign_active:false|decision:continue'
[23:26:36] [OVERLAY] blocked no_overlay_policy scenario='life_family_care_plugin' tab='(?i).*life.*' step=11
[23:26:36] [STEP] START tab='(?i).*life.*' step=12
[23:26:43] [STEP][cta_sibling_visit] step=12 scenario='life_family_care_plugin' cluster='com.samsung.android.plugin.care:id/first_activity_layout||com.samsung.android.plugin.care:id/device_info' visited='com.samsung.android.plugin.care:id/device_info'
[23:26:43] [STEP][cta_promote] step=12 scenario='life_family_care_plugin' container_rid='com.samsung.android.plugin.care:id/first_activity_layout' selected_cta_rid='com.samsung.android.plugin.care:id/device_info' selected_cta_label='View information' cta_candidates='View information' reason='actionable_child_promoted'
[23:26:43] [ROW] fingerprint='com.samsung.android.plugin.care:id/device_info|view information|view information|489,2028' normalized_fingerprint='com samsung android plugin care id device info|view information|view information' duplicate=false recent_duplicate=false distance=0 recent_semantic_duplicate=false semantic_distance=0 semantic_window_unique=5 noise=false
[23:26:43] [STEP] END tab='(?i).*life.*' step=12 elapsed=5.29s move_result='{'success': True, 'status': 'moved', 'detail': 'moved', 'raw': {'timestamp': 1776867997942, 'reqId': 'e7d68dbe', 'success': True, 'status': 'moved', 'detail': 'moved', 'flags': []}}' visible='View information' speech='View information' crop='output\talkback_compare_20260422_232451\crops\i_._life._step_12_First_activity_7_44_am_건우의_Z_Flip6_View.png' timing(move=1.209s ann=3.074s get_focus=1.007s get_focus_fallback_dump=0.000s step_dump=0.000s crop=0.448s total=5.739s) focus_reason='' fallback_used=False fallback_found=False step_dump_used=False step_dump_reason='focus_payload_sufficient' req_id='6b80fb64'
[23:26:43] [STOP][eval] step=12 scenario='life_family_care_plugin' terminal=false same_like_count=0 no_progress=false scenario_type='content' is_global_nav=false after_realign=false recent_repeat=false bounded_two_card_loop=false semantic_same_like=false recent_duplicate=false recent_duplicate_distance=0 recent_semantic_duplicate=false recent_semantic_duplicate_distance=0 recent_semantic_unique_count=5 strict_duplicate=false semantic_duplicate=false repeat_class='none' loop_classification='none' hard_no_progress=false soft_no_progress=false no_progress_class='none' overlay_realign_grace_active=false min_step_gate_blocked=false realign_grace_suppressed=false cta_descend_applied=false promoted_from_container=true repeat_stop_hit=false decision='continue' reason='none' traversal_result='PASS_MOVED' final_result='PASS' failure_reason='' stop_explain_version='pr7_explain_v1' stop_explain_input='step:12|move:moved|smart:moved|same:0|fail:0' stop_explain_repeat='recent:false|class:none|strict:false|semantic:false|loop:none|two_card:false' stop_explain_no_progress='hit:false|class:none|hard:false|soft:false' stop_explain_gate='candidate:false|min_block:false|realign_suppress:false|realign_active:false|decision:continue'
[23:26:43] [RESULT] skipped anchor rows count=1
[23:26:43] [SAVE] writing sheets raw/filtered/summary/result
[23:26:43] [SAVE] filtered rows=12, raw rows=13
[23:26:43] [SAVE] saved excel: output/talkback_compare_20260422_232451.xlsx rows=13 with_images=False
[23:26:43] [OVERLAY] blocked no_overlay_policy scenario='life_family_care_plugin' tab='(?i).*life.*' step=12
[23:26:43] [STEP] START tab='(?i).*life.*' step=13
[23:26:48] [ROW] fingerprint='com.samsung.android.plugin.care:id/subtext|first activity|first activity|248,1857' normalized_fingerprint='com samsung android plugin care id subtext|first activity|first activity' duplicate=false recent_duplicate=false distance=0 recent_semantic_duplicate=false semantic_distance=0 semantic_window_unique=5 noise=false
[23:26:48] [STEP] END tab='(?i).*life.*' step=13 elapsed=4.75s move_result='{'success': True, 'status': 'moved', 'detail': 'moved', 'raw': {'timestamp': 1776868003593, 'reqId': 'ad98cdf5', 'success': True, 'status': 'moved', 'detail': 'moved', 'flags': []}}' visible='First activity' speech='First activity' crop='output\talkback_compare_20260422_232451\crops\i_._life._step_13_First_activity.png' timing(move=0.545s ann=3.064s get_focus=1.137s get_focus_fallback_dump=0.000s step_dump=0.000s crop=0.497s total=5.244s) focus_reason='' fallback_used=False fallback_found=False step_dump_used=False step_dump_reason='focus_payload_sufficient' req_id='11bbd03e'
[23:26:48] [STOP][eval] step=13 scenario='life_family_care_plugin' terminal=false same_like_count=0 no_progress=false scenario_type='content' is_global_nav=false after_realign=false recent_repeat=false bounded_two_card_loop=false semantic_same_like=false recent_duplicate=false recent_duplicate_distance=0 recent_semantic_duplicate=false recent_semantic_duplicate_distance=0 recent_semantic_unique_count=5 strict_duplicate=false semantic_duplicate=false repeat_class='none' loop_classification='none' hard_no_progress=false soft_no_progress=false no_progress_class='none' overlay_realign_grace_active=false min_step_gate_blocked=false realign_grace_suppressed=false cta_descend_applied=false promoted_from_container=false repeat_stop_hit=false decision='continue' reason='none' traversal_result='PASS_MOVED' final_result='PASS' failure_reason='' stop_explain_version='pr7_explain_v1' stop_explain_input='step:13|move:moved|smart:moved|same:0|fail:0' stop_explain_repeat='recent:false|class:none|strict:false|semantic:false|loop:none|two_card:false' stop_explain_no_progress='hit:false|class:none|hard:false|soft:false' stop_explain_gate='candidate:false|min_block:false|realign_suppress:false|realign_active:false|decision:continue'
[23:26:48] [OVERLAY] blocked no_overlay_policy scenario='life_family_care_plugin' tab='(?i).*life.*' step=13
[23:26:48] [STEP] START tab='(?i).*life.*' step=14
[23:26:54] [ROW] fingerprint='com.samsung.android.plugin.care:id/subtext|latest activity|latest activity|733,1857' normalized_fingerprint='com samsung android plugin care id subtext|latest activity|latest activity' duplicate=false recent_duplicate=false distance=0 recent_semantic_duplicate=false semantic_distance=0 semantic_window_unique=6 noise=false
[23:26:54] [STEP] END tab='(?i).*life.*' step=14 elapsed=4.55s move_result='{'success': True, 'status': 'moved', 'detail': 'moved', 'raw': {'timestamp': 1776868009322, 'reqId': '43b29bc6', 'success': True, 'status': 'moved', 'detail': 'moved', 'flags': []}}' visible='Latest activity' speech='Latest activity' crop='output\talkback_compare_20260422_232451\crops\i_._life._step_14_Latest_activity.png' timing(move=0.547s ann=3.050s get_focus=0.953s get_focus_fallback_dump=0.000s step_dump=0.000s crop=0.480s total=5.030s) focus_reason='' fallback_used=False fallback_found=False step_dump_used=False step_dump_reason='focus_payload_sufficient' req_id='a2387b6b'
[23:26:54] [STOP][eval] step=14 scenario='life_family_care_plugin' terminal=false same_like_count=0 no_progress=false scenario_type='content' is_global_nav=false after_realign=false recent_repeat=false bounded_two_card_loop=false semantic_same_like=false recent_duplicate=false recent_duplicate_distance=0 recent_semantic_duplicate=false recent_semantic_duplicate_distance=0 recent_semantic_unique_count=6 strict_duplicate=false semantic_duplicate=false repeat_class='none' loop_classification='none' hard_no_progress=false soft_no_progress=false no_progress_class='none' overlay_realign_grace_active=false min_step_gate_blocked=false realign_grace_suppressed=false cta_descend_applied=false promoted_from_container=false repeat_stop_hit=false decision='continue' reason='none' traversal_result='PASS_MOVED' final_result='PASS' failure_reason='' stop_explain_version='pr7_explain_v1' stop_explain_input='step:14|move:moved|smart:moved|same:0|fail:0' stop_explain_repeat='recent:false|class:none|strict:false|semantic:false|loop:none|two_card:false' stop_explain_no_progress='hit:false|class:none|hard:false|soft:false' stop_explain_gate='candidate:false|min_block:false|realign_suppress:false|realign_active:false|decision:continue'
[23:26:54] [OVERLAY] blocked no_overlay_policy scenario='life_family_care_plugin' tab='(?i).*life.*' step=14
[23:26:54] [STEP] START tab='(?i).*life.*' step=15
[23:26:59] [STEP][chrome_penalty] deprioritized='Navigate up|Family Care|Add family member|More options' reason='top_chrome_during_content_phase'
[23:26:59] [STEP][content_phase_eval] content_present=true chrome_present=true chrome_excluded=true
[23:26:59] [STEP][status_exhausted_excluded] rejected='Active now' reason='passive_status_or_empty_state'
[23:26:59] [STEP][leaf_penalty] deprioritized='Later' reason='low_value_leaf_text'
[23:26:59] [STEP][representative_exhausted_guard] rejected='Weather information, Icon. Add home information|Later|Set up now|It's time to go to bed so you can feel well rested t...' reason='already_consumed_representative'
[23:26:59] [STEP][selection_candidates] all='Weather information, Icon. Add home information|Later|Set up now|Active now|It's time to go to bed so you can feel we...' after_filter='Activity|Set up now' rejected_by_revisit='none'
[23:26:59] [STEP][cluster_representative_rank] cluster='Activity' candidates='title' selected='title' reason='title_selected_after_cluster_ranking'
[23:26:59] [STEP][focus_context_mismatch] selected='Activity' current_focus='7:44' reason='representative_differs_from_focus_context'
[23:26:59] [STEP][focus_realign_candidates] all='Weather information, Icon. Add home information|Later|Set up now|It's time to go to bed so you can feel well rested t...' eligible='Activity' rejected_recent='none' rejected_consumed='Weather information, Icon. Add home information|Later|Set up now|It's time to go to bed so you can feel well rested t...'
[23:26:59] [STEP][focus_realign] target='Activity' method='rid' attempt=1
[23:27:01] [STEP][focus_realign_success] target='Activity' resolved_focus='Want better insight into your daily life?'
[23:27:01] [STEP][focus_realign_record] target='Activity' signature='com.samsung.android.plugin.care:id/title||{'l': 84, 't': 1728, 'r': 930, 'b': 1798}||activity' phase='content'
[23:27:01] [STEP][candidate_priority] content_candidates='Weather information, Icon. Add home information|Later|Set up now|Active now|It's time to go to bed so you can feel we...' status_candidates='Active now' selected='Want better insight into your daily life?' reason='representative_content_preferred_over_passive_status'
[23:27:01] [STEP][bottom_strip_policy] content_present=true bottom_strip_deferred=true
[23:27:01] [STEP][candidate_sort_key] selected='Want better insight into your daily life?' sort_key='score=169999,top=1137,left=312'
[23:27:01] [STEP][cluster_consumed] cluster='com.samsung.android.plugin.care:id/title||{'l': 84, 't': 1728, 'r': 930, 'b': 1798}||activity'
[23:27:01] [ROW] fingerprint='com.samsung.android.plugin.care:id/title|want better insight into your daily life?|want better insight into your daily life?|654,1199' normalized_fingerprint='com samsung android plugin care id title|want better insight into your daily life|want better insight into your daily life' duplicate=false recent_duplicate=false distance=0 recent_semantic_duplicate=false semantic_distance=0 semantic_window_unique=6 noise=false
[23:27:01] [STEP] END tab='(?i).*life.*' step=15 elapsed=4.56s move_result='{'success': True, 'status': 'moved', 'detail': 'moved', 'raw': {'timestamp': 1776868014819, 'reqId': 'ad7461ce', 'success': True, 'status': 'moved', 'detail': 'moved', 'flags': []}}' visible='Want better insight into your daily life?' speech='Want better insight into your daily life?' crop='output\talkback_compare_20260422_232451\crops\i_._life._step_15_7_44.png' timing(move=0.531s ann=3.040s get_focus=0.992s get_focus_fallback_dump=0.000s step_dump=0.000s crop=0.475s total=5.039s) focus_reason='' fallback_used=False fallback_found=False step_dump_used=False step_dump_reason='focus_payload_sufficient' req_id='f5514885'
[23:27:01] [STOP][eval] step=15 scenario='life_family_care_plugin' terminal=false same_like_count=0 no_progress=false scenario_type='content' is_global_nav=false after_realign=false recent_repeat=false bounded_two_card_loop=false semantic_same_like=false recent_duplicate=false recent_duplicate_distance=0 recent_semantic_duplicate=false recent_semantic_duplicate_distance=0 recent_semantic_unique_count=6 strict_duplicate=false semantic_duplicate=false repeat_class='none' loop_classification='none' hard_no_progress=false soft_no_progress=false no_progress_class='none' overlay_realign_grace_active=false min_step_gate_blocked=false realign_grace_suppressed=false cta_descend_applied=false promoted_from_container=false repeat_stop_hit=false decision='continue' reason='none' traversal_result='PASS_MOVED' final_result='PASS' failure_reason='' stop_explain_version='pr7_explain_v1' stop_explain_input='step:15|move:moved|smart:moved|same:0|fail:0' stop_explain_repeat='recent:false|class:none|strict:false|semantic:false|loop:none|two_card:false' stop_explain_no_progress='hit:false|class:none|hard:false|soft:false' stop_explain_gate='candidate:false|min_block:false|realign_suppress:false|realign_active:false|decision:continue'
[23:27:01] [RESULT] skipped anchor rows count=1
[23:27:01] [SAVE] writing sheets raw/filtered/summary/result
[23:27:01] [SAVE] filtered rows=15, raw rows=16
[23:27:01] [SAVE] saved excel: output/talkback_compare_20260422_232451.xlsx rows=16 with_images=False
[23:27:01] [OVERLAY] blocked no_overlay_policy scenario='life_family_care_plugin' tab='(?i).*life.*' step=15
[23:27:01] [STEP] START tab='(?i).*life.*' step=16
[23:27:07] [ROW] fingerprint='com.samsung.android.plugin.care:id/title|want better insight into your daily life?|want better insight into your daily life?|654,1199' normalized_fingerprint='com samsung android plugin care id title|want better insight into your daily life|want better insight into your daily life' duplicate=true recent_duplicate=true distance=1 recent_semantic_duplicate=true semantic_distance=1 semantic_window_unique=5 noise=false
[23:27:07] [STEP] END tab='(?i).*life.*' step=16 elapsed=5.31s move_result='' visible='Want better insight into your daily life?' speech='Want better insight into your daily life?' crop='output\talkback_compare_20260422_232451\crops\i_._life._step_16_Want_better_insight_into_your_daily_life.png' timing(move=0.406s ann=3.898s get_focus=1.004s get_focus_fallback_dump=0.000s step_dump=0.000s crop=0.482s total=5.791s) focus_reason='' fallback_used=False fallback_found=False step_dump_used=False step_dump_reason='focus_payload_sufficient' req_id='974b46f1'
[23:27:07] [STOP][eval] step=16 scenario='life_family_care_plugin' terminal=false same_like_count=1 no_progress=false scenario_type='content' is_global_nav=false after_realign=false recent_repeat=false bounded_two_card_loop=false semantic_same_like=true recent_duplicate=true recent_duplicate_distance=1 recent_semantic_duplicate=true recent_semantic_duplicate_distance=1 recent_semantic_unique_count=5 strict_duplicate=false semantic_duplicate=true repeat_class='semantic_duplicate' loop_classification='benign_repeat' hard_no_progress=false soft_no_progress=false no_progress_class='none' overlay_realign_grace_active=false min_step_gate_blocked=false realign_grace_suppressed=false cta_descend_applied=false promoted_from_container=false repeat_stop_hit=false decision='continue' reason='none' traversal_result='FAIL_MOVE' final_result='FAIL' failure_reason='move_failed' stop_explain_version='pr7_explain_v1' stop_explain_input='step:16|move:failed|smart:failed|same:1|fail:1' stop_explain_repeat='recent:false|class:semantic_duplicate|strict:false|semantic:true|loop:benign_repeat|two_card:false' stop_explain_no_progress='hit:false|class:none|hard:false|soft:false' stop_explain_gate='candidate:false|min_block:false|realign_suppress:false|realign_active:false|decision:continue'
[23:27:07] [OVERLAY] blocked no_overlay_policy scenario='life_family_care_plugin' tab='(?i).*life.*' step=16
[23:27:07] [STEP] START tab='(?i).*life.*' step=17
[23:27:13] [STEP][chrome_penalty] deprioritized='Navigate up|Family Care|Add family member|More options' reason='top_chrome_during_content_phase'
[23:27:13] [STEP][content_phase_eval] content_present=true chrome_present=true chrome_excluded=true
[23:27:13] [STEP][status_exhausted_excluded] rejected='Active now' reason='passive_status_or_empty_state'
[23:27:13] [STEP][leaf_penalty] deprioritized='Later' reason='low_value_leaf_text'
[23:27:13] [STEP][representative_exhausted_guard] rejected='Weather information, Icon. Add home information|Later|Set up now|It's time to go to bed so you can feel well rested t...' reason='already_consumed_representative'
[23:27:13] [STEP][selection_candidates] all='Weather information, Icon. Add home information|Later|Set up now|Active now|It's time to go to bed so you can feel we...' after_filter='Set up now' rejected_by_revisit='none'
[23:27:13] [STEP][focus_context_mismatch] selected='Set up now' current_focus='Want better insight into your daily life?' reason='representative_differs_from_focus_context'
[23:27:13] [STEP][focus_realign_candidates] all='Weather information, Icon. Add home information|Later|Set up now|It's time to go to bed so you can feel well rested t...' eligible='none' rejected_recent='none' rejected_consumed='Weather information, Icon. Add home information|Later|Set up now|It's time to go to bed so you can feel well rested t...'
[23:27:13] [STEP][focus_realign_skip] target='none' reason='no_eligible_representative_target'
[23:27:13] [STEP][candidate_priority] content_candidates='Weather information, Icon. Add home information|Later|Set up now|Active now|It's time to go to bed so you can feel we...' status_candidates='Active now' selected='Set up now' reason='representative_content_preferred_over_passive_status'
[23:27:13] [STEP][bottom_strip_policy] content_present=true bottom_strip_deferred=true
[23:27:13] [STEP][candidate_sort_key] selected='Set up now' sort_key='score=49999,top=1527,left=759'
[23:27:13] [STEP][cta_promote_skip] step=17 scenario='life_family_care_plugin' container_rid='com.samsung.android.plugin.care:id/second_button_text' reason='no_actionable_child_found'
[23:27:13] [STEP][cluster_consumed] cluster='com.samsung.android.plugin.care:id/second_button_text||{'l': 759, 't': 1527, 'r': 993, 'b': 1590}||set up now'
[23:27:13] [ROW] fingerprint='com.samsung.android.plugin.care:id/second_button_text|set up now|set up now|876,1558' normalized_fingerprint='com samsung android plugin care id second button text|set up now|set up now' duplicate=false recent_duplicate=false distance=0 recent_semantic_duplicate=false semantic_distance=0 semantic_window_unique=5 noise=false
[23:27:13] [STEP] END tab='(?i).*life.*' step=17 elapsed=5.24s move_result='' visible='Set up now' speech='Set up now' crop='output\talkback_compare_20260422_232451\crops\i_._life._step_17_Want_better_insight_into_your_daily_life.png' timing(move=0.414s ann=3.849s get_focus=0.978s get_focus_fallback_dump=0.000s step_dump=0.000s crop=0.466s total=5.708s) focus_reason='' fallback_used=False fallback_found=False step_dump_used=False step_dump_reason='focus_payload_sufficient' req_id='27ecaaa5'
[23:27:13] [STOP][eval] step=17 scenario='life_family_care_plugin' terminal=false same_like_count=0 no_progress=false scenario_type='content' is_global_nav=false after_realign=false recent_repeat=false bounded_two_card_loop=false semantic_same_like=false recent_duplicate=false recent_duplicate_distance=0 recent_semantic_duplicate=false recent_semantic_duplicate_distance=0 recent_semantic_unique_count=5 strict_duplicate=false semantic_duplicate=false repeat_class='none' loop_classification='none' hard_no_progress=false soft_no_progress=false no_progress_class='none' overlay_realign_grace_active=false min_step_gate_blocked=false realign_grace_suppressed=false cta_descend_applied=false promoted_from_container=false repeat_stop_hit=false decision='continue' reason='none' traversal_result='FAIL_MOVE' final_result='FAIL' failure_reason='move_failed' stop_explain_version='pr7_explain_v1' stop_explain_input='step:17|move:failed|smart:failed|same:0|fail:2' stop_explain_repeat='recent:false|class:none|strict:false|semantic:false|loop:none|two_card:false' stop_explain_no_progress='hit:false|class:none|hard:false|soft:false' stop_explain_gate='candidate:false|min_block:false|realign_suppress:false|realign_active:false|decision:continue'
[23:27:13] [OVERLAY] blocked no_overlay_policy scenario='life_family_care_plugin' tab='(?i).*life.*' step=17
[23:27:13] [STEP] START tab='(?i).*life.*' step=18
[23:27:20] [STEP][revisit_guard] rejected='Set up now' reason='recent_object_revisit'
[23:27:20] [STEP][representative_exhausted_guard] rejected='Weather information, Icon. Add home information|Later|Set up now|It's time to go to bed so you can feel well rested t...' reason='already_consumed_representative'
[23:27:20] [STEP][selection_candidates] all='Weather information, Icon. Add home information|Later|Set up now|Active now|It's time to go to bed so you can feel we...' after_filter='none' rejected_by_revisit='Set up now'
[23:27:20] [ROW] fingerprint='com.samsung.android.plugin.care:id/title|want better insight into your daily life?|want better insight into your daily life?|654,1199' normalized_fingerprint='com samsung android plugin care id title|want better insight into your daily life|want better insight into your daily life' duplicate=false recent_duplicate=true distance=2 recent_semantic_duplicate=true semantic_distance=2 semantic_window_unique=4 noise=false
[23:27:20] [STEP] END tab='(?i).*life.*' step=18 elapsed=5.28s move_result='' visible='Want better insight into your daily life?' speech='Want better insight into your daily life?' crop='output\talkback_compare_20260422_232451\crops\i_._life._step_18_Want_better_insight_into_your_daily_life.png' timing(move=0.448s ann=3.843s get_focus=0.993s get_focus_fallback_dump=0.000s step_dump=0.000s crop=0.478s total=5.763s) focus_reason='' fallback_used=False fallback_found=False step_dump_used=False step_dump_reason='focus_payload_sufficient' req_id='03e55809'
[23:27:20] [STOP][eval] step=18 scenario='life_family_care_plugin' terminal=false same_like_count=0 no_progress=false scenario_type='content' is_global_nav=false after_realign=false recent_repeat=false bounded_two_card_loop=false semantic_same_like=false recent_duplicate=true recent_duplicate_distance=2 recent_semantic_duplicate=true recent_semantic_duplicate_distance=2 recent_semantic_unique_count=4 strict_duplicate=false semantic_duplicate=false repeat_class='none' loop_classification='none' hard_no_progress=false soft_no_progress=false no_progress_class='none' overlay_realign_grace_active=false min_step_gate_blocked=false realign_grace_suppressed=false cta_descend_applied=false promoted_from_container=false repeat_stop_hit=false decision='continue' reason='none' traversal_result='FAIL_MOVE' final_result='FAIL' failure_reason='move_failed' stop_explain_version='pr7_explain_v1' stop_explain_input='step:18|move:failed|smart:failed|same:0|fail:3' stop_explain_repeat='recent:false|class:none|strict:false|semantic:false|loop:none|two_card:false' stop_explain_no_progress='hit:false|class:none|hard:false|soft:false' stop_explain_gate='candidate:false|min_block:false|realign_suppress:false|realign_active:false|decision:continue'
[23:27:20] [RESULT] skipped anchor rows count=1
[23:27:20] [SAVE] writing sheets raw/filtered/summary/result
[23:27:20] [SAVE] filtered rows=18, raw rows=19
[23:27:20] [SAVE] saved excel: output/talkback_compare_20260422_232451.xlsx rows=19 with_images=False
[23:27:20] [OVERLAY] blocked no_overlay_policy scenario='life_family_care_plugin' tab='(?i).*life.*' step=18
[23:27:20] [STEP] START tab='(?i).*life.*' step=19
[23:27:26] [STEP][revisit_guard] rejected='Set up now' reason='recent_object_revisit'
[23:27:26] [STEP][representative_exhausted_guard] rejected='Weather information, Icon. Add home information|Later|Set up now|It's time to go to bed so you can feel well rested t...' reason='already_consumed_representative'
[23:27:26] [STEP][selection_candidates] all='Weather information, Icon. Add home information|Later|Set up now|Active now|It's time to go to bed so you can feel we...' after_filter='none' rejected_by_revisit='Set up now'
[23:27:26] [ROW] fingerprint='com.samsung.android.plugin.care:id/title|want better insight into your daily life?|want better insight into your daily life?|654,1199' normalized_fingerprint='com samsung android plugin care id title|want better insight into your daily life|want better insight into your daily life' duplicate=true recent_duplicate=true distance=1 recent_semantic_duplicate=true semantic_distance=1 semantic_window_unique=3 noise=false
[23:27:26] [STEP] END tab='(?i).*life.*' step=19 elapsed=5.21s move_result='' visible='Want better insight into your daily life?' speech='Want better insight into your daily life?' crop='output\talkback_compare_20260422_232451\crops\i_._life._step_19_Want_better_insight_into_your_daily_life.png' timing(move=0.393s ann=3.827s get_focus=0.987s get_focus_fallback_dump=0.000s step_dump=0.000s crop=0.489s total=5.696s) focus_reason='' fallback_used=False fallback_found=False step_dump_used=False step_dump_reason='focus_payload_sufficient' req_id='a4d158cb'
[23:27:26] [STOP][eval] step=19 scenario='life_family_care_plugin' terminal=false same_like_count=1 no_progress=true scenario_type='content' is_global_nav=false after_realign=false recent_repeat=false bounded_two_card_loop=false semantic_same_like=true recent_duplicate=true recent_duplicate_distance=1 recent_semantic_duplicate=true recent_semantic_duplicate_distance=1 recent_semantic_unique_count=3 strict_duplicate=true semantic_duplicate=true repeat_class='mixed_repeat' loop_classification='harmful_loop' hard_no_progress=true soft_no_progress=false no_progress_class='hard_no_progress' overlay_realign_grace_active=false min_step_gate_blocked=false realign_grace_suppressed=false cta_descend_applied=false promoted_from_container=false repeat_stop_hit=true decision='stop' reason='repeat_no_progress' traversal_result='FAIL_STUCK' final_result='FAIL' failure_reason='repeat_no_progress' stop_explain_version='pr7_explain_v1' stop_explain_input='step:19|move:failed|smart:failed|same:1|fail:4' stop_explain_repeat='recent:false|class:mixed_repeat|strict:true|semantic:true|loop:harmful_loop|two_card:false' stop_explain_no_progress='hit:true|class:hard_no_progress|hard:true|soft:false' stop_explain_gate='candidate:true|min_block:false|realign_suppress:false|realign_active:false|decision:stop'
[23:27:26] [STEP][move_debug] step=19 attempted=true status='failed' detail='failed' target='com.samsung.android.plugin.care:id/title' terminal=false raw='failed'
[23:27:26] [STEP][move_debug] step=18 attempted=true status='failed' detail='failed' target='com.samsung.android.plugin.care:id/title' terminal=false raw='failed'
[23:27:26] [STEP][focus_debug] step=19 focus_label='Want better insight into your daily life?' focus_visible='Want better insight into your daily life?' visible_labels='Want better insight into your daily life?' top_visible='Want better insight into your daily life?' body_texts='Want better insight into your daily life?' action_hits='none' rid='com.samsung.android.plugin.care:id/title' class='android.widget.TextView'
[23:27:26] [STEP][focus_debug] step=18 focus_label='Want better insight into your daily life?' focus_visible='Want better insight into your daily life?' visible_labels='Want better insight into your daily life?' top_visible='Want better insight into your daily life?' body_texts='Want better insight into your daily life?' action_hits='none' rid='com.samsung.android.plugin.care:id/title' class='android.widget.TextView'
[23:27:26] [STOP][debug] curr_visible='Want better insight into your daily life?' prev_visible='Want better insight into your daily life?' curr_speech='Want better insight into your daily life?' prev_speech='Want better insight into your daily life?'
[23:27:26] [STOP][debug] curr_fp='com.samsung.android.plugin.care:id/title|want better insight into your daily life?|want better insight into your daily life?|654,1199' prev_fp='com.samsung.android.plugin.care:id/title|want better insight into your daily life?|want better insight into your daily life?|654,1199' curr_nfp='com samsung android plugin care id title|want better insight into your daily life|want better insight into your daily life' prev_nfp='com samsung android plugin care id title|want better insight into your daily life|want better insight into your daily life'
[23:27:26] [STOP][eval_debug] step=19 prev_step=18 same_like_count=1 recent_repeat=false strict_duplicate=true semantic_same_like=true semantic_distance=1 recent_duplicate_distance=1 recent_duplicate_semantic_distance=1 bounded_two_card_loop=false no_progress=true hard_no_progress=true terminal=false
[23:27:26] [STOP][compare] prev_step=18 prev_move='failed' curr_step=19 curr_move='failed' same_object=true
[23:27:26] [STOP][cta_promote_state] step=19 scenario='life_family_care_plugin' current_rid='com.samsung.android.plugin.care:id/title' promoted_from_container=false
[23:27:26] [RESULT] skipped anchor rows count=1
[23:27:26] [SAVE] writing sheets raw/filtered/summary/result
[23:27:26] [SAVE] filtered rows=19, raw rows=20
[23:27:26] [SAVE] saved excel: output/talkback_compare_20260422_232451.xlsx rows=20 with_images=False
[23:27:26] [OVERLAY] blocked no_overlay_policy scenario='life_family_care_plugin' tab='(?i).*life.*' step=19
[23:27:26] [STOP][triggered] step=19 scenario='life_family_care_plugin' decision='stop' reason='repeat_no_progress'
[23:27:26] [STOP][summary] scenario='life_family_care_plugin' stop_triggered=true stop_step=19 reason='repeat_no_progress'
[23:27:26] [PERF][scenario_summary] scenario=life_family_care_plugin tab=(?i).*life.* total_runtime=154.0 total_steps=20 main_step_count=20 overlay_step_count=0 overlay_count=0 avg_get_focus=1.051 avg_move=0.573 avg_crop=0.492 avg_step_total=5.555 step_total_sample_count=20 avg_get_focus_main=1.051 avg_get_focus_overlay=0.0 fallback_dump_count=0 success_false_top_level_dump_attempt_count=0 success_false_top_level_dump_found_count=0 fallback_dump_rate=0.0 get_focus_strong_skip_count=20 get_focus_strong_skip_rate=100.0 step_dump_used_count=0 save_excel_count=8 realign_attempt_count=0 realign_success_count=0 realign_success_rate=0.0
[23:27:26] [MAIN] skip disabled scenario_id='life_plant_care_plugin' tab='(?i).*life.*'
[23:27:26] [MAIN] skip disabled scenario_id='life_clothing_care_plugin' tab='(?i).*life.*'
[23:27:26] [MAIN] skip disabled scenario_id='life_find_plugin' tab='(?i).*life.*'
[23:27:26] [MAIN] skip disabled scenario_id='life_video_plugin' tab='(?i).*life.*'
[23:27:26] [MAIN] skip disabled scenario_id='life_home_monitor_plugin' tab='(?i).*life.*'
[23:27:26] [MAIN] skip disabled scenario_id='life_music_sync_plugin' tab='(?i).*life.*'
[23:27:26] [RESULT] skipped anchor rows count=1
[23:27:26] [SAVE] writing sheets raw/filtered/summary/result
[23:27:26] [SAVE] filtered rows=19, raw rows=20
[23:27:27] [SAVE] saved excel: output/talkback_compare_20260422_232451.xlsx rows=20 with_images=True
[23:27:27] [MAIN] final save complete
[23:27:27] [PERF][run_summary] total_runtime=154.4 total_scenarios=1 total_steps=20 total_overlay_count=0 avg_get_focus=1.051 avg_move=0.573 fallback_dump_count=0 success_false_top_level_dump_attempt_count=0 success_false_top_level_dump_found_count=0 fallback_dump_rate=0.0 get_focus_strong_skip_rate=100.0 realign_success_rate=0.0 save_excel_count=9
