[21:33:47] [SAVE][temp] override tmp='D:\Python test\talkback-a11y-helper\output\.tmp' temp='D:\Python test\talkback-a11y-helper\output\.tmp' applied=true
[21:33:47] [MAIN] script start (version=1.7.81, log_level=NORMAL)
[21:33:48] [PREFLIGHT] talkback status='enabled'
[21:33:48] [MAIN] output file: output/talkback_compare_20260414_213347.xlsx
[21:33:48] [MAIN] image dir base: output\talkback_compare_20260414_213347
[21:33:48] [CONFIG] runtime config loaded path='config\runtime_config.json'
[21:33:48] [GLOBAL_NAV][guard] forcing stabilization_mode='tab_context' scenario='global_nav_main' requested='anchor_then_context'
[21:33:48] [CONFIG] scenario resolved scenario='global_nav_main' group='main_tabs' max_steps=10 enabled=False
[21:33:48] [CONFIG] applied shared_navigation='default_global_nav'
[21:33:48] [CONFIG] scenario enabled scenario='global_nav_main' source='runtime' enabled=False base_enabled=False
[21:33:48] [CONFIG] scenario resolved scenario='home_main' group='main_tabs' max_steps=5 enabled=False
[21:33:48] [CONFIG] applied shared_navigation='bottom_tab_global_nav'
[21:33:48] [CONFIG] scenario enabled scenario='home_main' source='runtime' enabled=False base_enabled=False
[21:33:48] [CONFIG] scenario resolved scenario='life_food_plugin' group='plugin_screen' max_steps=5 enabled=False
[21:33:48] [CONFIG] applied pre_navigation_ref='enter_food_plugin'
[21:33:48] [CONFIG] scenario enabled scenario='life_food_plugin' source='runtime' enabled=False base_enabled=False
[21:33:48] [CONFIG] scenario resolved scenario='life_air_care_plugin' group='-' max_steps=5 enabled=True
[21:33:48] [CONFIG] scenario enabled scenario='life_air_care_plugin' source='runtime' enabled=True base_enabled=False
[21:33:48] [CONFIG] scenario resolved scenario='life_home_care_plugin' group='-' max_steps=5 enabled=True
[21:33:48] [CONFIG] scenario enabled scenario='life_home_care_plugin' source='runtime' enabled=True base_enabled=False
[21:33:48] [CONFIG] scenario resolved scenario='life_energy_plugin' group='-' max_steps=5 enabled=True
[21:33:48] [CONFIG] scenario enabled scenario='life_energy_plugin' source='runtime' enabled=True base_enabled=False
[21:33:48] [CONFIG] scenario resolved scenario='devices_main' group='main_tabs' max_steps=10 enabled=False
[21:33:48] [CONFIG] applied shared_navigation='bottom_tab_global_nav'
[21:33:48] [CONFIG] applied anchor_ref='home_tab_anchor'
[21:33:48] [CONFIG] scenario enabled scenario='devices_main' source='runtime' enabled=False base_enabled=False
[21:33:48] [CONFIG] scenario resolved scenario='life_main' group='main_tabs' max_steps=30 enabled=False
[21:33:48] [CONFIG] applied shared_navigation='bottom_tab_global_nav'
[21:33:48] [CONFIG] scenario enabled scenario='life_main' source='runtime' enabled=False base_enabled=False
[21:33:48] [CONFIG] scenario resolved scenario='routines_main' group='main_tabs' max_steps=30 enabled=False
[21:33:48] [CONFIG] applied shared_navigation='bottom_tab_global_nav'
[21:33:48] [CONFIG] scenario enabled scenario='routines_main' source='runtime' enabled=False base_enabled=False
[21:33:48] [CONFIG] scenario resolved scenario='menu_main' group='main_tabs' max_steps=30 enabled=False
[21:33:48] [CONFIG] applied shared_navigation='bottom_tab_global_nav'
[21:33:48] [CONFIG] scenario enabled scenario='menu_main' source='runtime' enabled=False base_enabled=False
[21:33:48] [CONFIG] scenario resolved scenario='settings_entry_example' group='plugin_screen' max_steps=5 enabled=False
[21:33:48] [CONFIG] applied anchor_ref='settings_button_anchor'
[21:33:48] [CONFIG] applied pre_navigation_ref='enter_settings'
[21:33:48] [CONFIG] scenario enabled scenario='settings_entry_example' source='runtime' enabled=False base_enabled=False
[21:33:48] [CONFIG] scenario resolved scenario='life_pet_care_plugin' group='-' max_steps=5 enabled=True
[21:33:48] [CONFIG] scenario enabled scenario='life_pet_care_plugin' source='runtime' enabled=True base_enabled=False
[21:33:48] [CONFIG] scenario resolved scenario='life_family_care_plugin' group='-' max_steps=5 enabled=True
[21:33:48] [CONFIG] scenario enabled scenario='life_family_care_plugin' source='runtime' enabled=True base_enabled=False
[21:33:48] [CONFIG] scenario resolved scenario='life_plant_care_plugin' group='-' max_steps=5 enabled=True
[21:33:48] [CONFIG] scenario enabled scenario='life_plant_care_plugin' source='runtime' enabled=True base_enabled=False
[21:33:48] [CONFIG] scenario resolved scenario='life_clothing_care_plugin' group='-' max_steps=5 enabled=True
[21:33:48] [CONFIG] scenario enabled scenario='life_clothing_care_plugin' source='runtime' enabled=True base_enabled=False
[21:33:48] [CONFIG] scenario resolved scenario='life_find_plugin' group='-' max_steps=5 enabled=True
[21:33:48] [CONFIG] scenario enabled scenario='life_find_plugin' source='runtime' enabled=True base_enabled=False
[21:33:48] [CONFIG] scenario resolved scenario='life_video_plugin' group='-' max_steps=5 enabled=True
[21:33:48] [CONFIG] scenario enabled scenario='life_video_plugin' source='runtime' enabled=True base_enabled=False
[21:33:48] [CONFIG] scenario resolved scenario='life_home_monitor_plugin' group='-' max_steps=5 enabled=True
[21:33:48] [CONFIG] scenario enabled scenario='life_home_monitor_plugin' source='runtime' enabled=True base_enabled=False
[21:33:48] [CONFIG] scenario resolved scenario='life_music_sync_plugin' group='-' max_steps=5 enabled=True
[21:33:48] [CONFIG] scenario enabled scenario='life_music_sync_plugin' source='runtime' enabled=True base_enabled=False
[21:33:48] [MAIN] skip disabled scenario_id='global_nav_main' tab='(?i).*(home|devices|life|routines|menu).*'
[21:33:48] [MAIN] skip disabled scenario_id='home_main' tab='(?i).*home.*'
[21:33:48] [MAIN] skip disabled scenario_id='life_food_plugin' tab='(?i).*life.*'
[21:33:48] [SCENARIO][stabilization] scenario='life_air_care_plugin' screen_context_mode='new_screen' stabilization_mode='anchor_only'
[21:33:49] [SCENARIO][pre_nav][stabilization] phase='plugin_start' attempt=1/2 life_selected=false app_bar_hits=4 visible_card_hits=0 life_root_signature_present=true navigate_up_hits=0 family_care_signature_seen=false final_score=3 ok=true pass_reason='life_root_signature_and_structure_confirmed' fail_reason=''
[21:33:49] [PLUGIN_START][life_list_check] ok=true reason='root_state_stable'
[21:33:49] [PLUGIN_START][recover_before_entry] triggered=false
[21:33:49] [PLUGIN_START][recover_before_entry] success=true
[21:33:49] [CONTEXT] skipped reason='new_screen_mode' phase='tab_select'
[21:33:49] [TAB][select] fallback_to_legacy=True scenario='life_air_care_plugin'
[21:33:53] [TRACE][open_scenario] scenario='life_air_care_plugin' stabilization_mode='anchor_only' focus_align_attempted=True focus_align_ok=True focus_align_reason='' context_ok=False anchor_matched=False anchor_stable=False
[21:33:53] [SCENARIO][pre_nav] step=1 action=xml_scroll_search_tap target='(?i)(^smart\s*air\s*care$|^air\s*care$|air\s*care\.|\baircare\b|에어\s*케어)'
[21:33:53] [XMLENTRY][search] pre_reset scroll_to_top=true
[21:33:59] [XMLENTRY][search] step=0/5 visible_candidates=69 target_candidates=0
[21:33:59] [XMLENTRY][search][top] rank=1 reason='card_like_container' text='' rid='com.samsung.android.oneconnect:id/app_bar' class='android.widget.LinearLayout' bounds='0,94,1080,310' area_ratio='0.1125' target_match=false match_source='' matched_phrase='' negative_plugin_phrase=''
[21:33:59] [XMLENTRY][search][top] rank=2 reason='card_like_container' text='우리 집, Change location' rid='com.samsung.android.oneconnect:id/small_title_bar' class='android.widget.RelativeLayout' bounds='180,118,810,310' area_ratio='0.0583' target_match=false match_source='' matched_phrase='' negative_plugin_phrase=''
[21:33:59] [XMLENTRY][search][top] rank=3 reason='actionable_container' text='' rid='' class='android.widget.RelativeLayout' bounds='42,310,1038,1042' area_ratio='0.3516' target_match=false match_source='' matched_phrase='' negative_plugin_phrase='family care'
[21:34:01] [XMLENTRY][scroll] step=0/5 performed=true reason='no_strict_target_candidate'
[21:34:04] [XMLENTRY][search] step=1/5 visible_candidates=61 target_candidates=0
[21:34:04] [XMLENTRY][search][top] rank=1 reason='card_like_container' text='' rid='com.samsung.android.oneconnect:id/app_bar' class='android.widget.LinearLayout' bounds='0,94,1080,310' area_ratio='0.1125' target_match=false match_source='' matched_phrase='' negative_plugin_phrase=''
[21:34:04] [XMLENTRY][search][top] rank=2 reason='card_like_container' text='우리 집, Change location' rid='com.samsung.android.oneconnect:id/small_title_bar' class='android.widget.RelativeLayout' bounds='180,118,810,310' area_ratio='0.0583' target_match=false match_source='' matched_phrase='' negative_plugin_phrase=''
[21:34:04] [XMLENTRY][search][top] rank=3 reason='actionable_container' text='' rid='' class='android.widget.RelativeLayout' bounds='42,310,1038,602' area_ratio='0.1403' target_match=false match_source='' matched_phrase='' negative_plugin_phrase='home care'
[21:34:06] [XMLENTRY][scroll] step=1/5 performed=true reason='no_strict_target_candidate'
[21:34:09] [XMLENTRY][search] step=2/5 visible_candidates=59 target_candidates=3
[21:34:09] [XMLENTRY][search][top] rank=1 reason='card_like_container' text='' rid='com.samsung.android.oneconnect:id/llCard' class='android.widget.LinearLayout' bounds='42,1752,1038,2316' area_ratio='0.2709' target_match=true match_source='descendant' matched_phrase='air care' negative_plugin_phrase=''
[21:34:09] [XMLENTRY][search][top] rank=2 reason='actionable_container' text='' rid='com.samsung.android.oneconnect:id/containerNameLayout' class='android.widget.RelativeLayout' bounds='42,1752,1038,1884' area_ratio='0.0634' target_match=true match_source='descendant' matched_phrase='air care' negative_plugin_phrase=''
[21:34:09] [XMLENTRY][search][top] rank=3 reason='actionable_container' text='Air Care' rid='com.samsung.android.oneconnect:id/containerNameLayout' class='android.widget.RelativeLayout' bounds='42,1752,1038,1884' area_ratio='0.0634' target_match=true match_source='title' matched_phrase='air care' negative_plugin_phrase=''
[21:34:09] [XMLENTRY][select] reason='card_like_container' resource='com.samsung.android.oneconnect:id/llCard' bounds='42,1752,1038,2316' text='Air Care' target_match=true match_source='descendant' matched_phrase='air care'
[21:34:10] [VERIFY][air][probe] probe_index=1/2 same_screen=false signal='air_care_verify' has_home_button=false has_change_location=false has_add_button=false has_more_options=false has_other_plugin_cards=false has_air_text=true has_air_content_signal=true has_plugin_body_focus=false decision='candidate_air_success'
[21:34:10] [XMLENTRY][result] success=true reason='transition_confirmed'
[21:34:10] [SCENARIO][pre_nav] success step=1 reason='ACTION_ACCESSIBILITY_FOCUS success'
[21:34:12] [SCENARIO][pre_nav] success
[21:34:15] [CONTEXT] skipped reason='anchor_only_mode'
[21:34:15] [CONTEXT] skipped reason='anchor_only_mode'
[21:34:15] [CONTEXT] scenario='life_air_care_plugin' type='skipped' expected='' actual='' ok=True
[21:34:15] [CONTEXT] verification passed scenario='life_air_care_plugin'
[21:34:15] [ANCHOR][scenario_start] success scenario='life_air_care_plugin' selected=True matched=True stable=True context_ok=True reason='selected_and_verified'
[21:34:15] [ENTRY][air][fallback_acceptance] fallback_source='none' fallback_candidate_view_id='none' fallback_candidate_label='none' fallback_candidate_bounds='none' accepted=false accepted_reason='none' rejected_reason='fallback_source_not_allowed'
[21:34:15] [TRACE][open_scenario] scenario='life_air_care_plugin' stabilization_mode='anchor_only' focus_align_attempted=True focus_align_ok=True focus_align_reason='' context_ok=False anchor_matched=False anchor_stable=True
[21:34:17] [ENTRY][air][verdict_inputs] scenario_id='life_air_care_plugin' post_click_success_seen=true air_verify_success_seen=false air_verify_reject_seen=false anchor_fallback_accepted=false anchor_fallback_source='none' post_open_focus_view_id='back' post_open_focus_label='Navigate up  Navigate up' is_top_chrome_focus=false is_list_screen_focus=false final_allow_success=true final_fail_reason='none'
[21:34:17] [ENTRY][air][preserve] keep success despite fallback_not_accepted
[21:34:17] [ENTRY][air][verdict_priority] applied_rule='accept_air_internal_content_signal' previous_state='candidate_success' new_state='success_verified'
[21:34:17] [ENTRY][air][verdict_inputs] scenario_id='life_air_care_plugin' post_click_success_seen=true air_verify_success_seen=false air_verify_reject_seen=false anchor_fallback_accepted=false anchor_fallback_source='none' post_open_focus_view_id='back' post_open_focus_label='Navigate up  Navigate up' is_top_chrome_focus=false is_list_screen_focus=false final_allow_success=true final_fail_reason='none'
[21:34:17] [SCENARIO][entry_contract] success scenario='life_air_care_plugin' entry_type='card' reason='success_verified' detail='plugin_open_verified'
[21:34:18] [TRACE][post_open_focus] scenario='life_air_care_plugin' view_id='back' label='Navigate up' speech='Navigate up' bounds='{'l': 72, 't': 118, 'r': 144, 'b': 310, 'left': 72, 'top': 118, 'right': 144, 'bottom': 310}' source='top_level' top_level=True
[21:34:22] [TRACE][anchor_row] scenario='life_air_care_plugin' step=0 view_id='back' visible='Navigate up' speech='Navigate up' normalized_visible='navigate up' is_global_nav=False
[21:34:23] [ROW] fingerprint='back|navigate up|navigate up|108,214' normalized_fingerprint='back|navigate up|navigate up' duplicate=false recent_duplicate=false distance=0 recent_semantic_duplicate=false semantic_distance=0 semantic_window_unique=1 noise=false
[21:34:23] [RESULT] skipped anchor rows count=1
[21:34:23] [SAVE] writing sheets raw/filtered/summary/result
[21:34:23] [SAVE] filtered rows=1, raw rows=1
[21:34:23] [SAVE] saved excel: output/talkback_compare_20260414_213347.xlsx rows=1 with_images=False
[21:34:23] [STEP] START tab='(?i).*life.*' step=1
[21:34:28] [ROW] fingerprint='|air care|air care|552,214' normalized_fingerprint='|air care|air care' duplicate=false recent_duplicate=false distance=0 recent_semantic_duplicate=false semantic_distance=0 semantic_window_unique=2 noise=false
[21:34:28] [STEP] END tab='(?i).*life.*' step=1 elapsed=4.45s move_result='{'success': True, 'status': 'moved', 'detail': 'moved', 'raw': {'timestamp': 1776170065247, 'reqId': 'c823c92a', 'success': True, 'status': 'moved', 'detail': 'moved', 'flags': []}}' visible='Air Care' speech='Air Care' crop='output\talkback_compare_20260414_213347\crops\i_._life._step_1_Air_Care.png' timing(move=0.440s ann=3.021s get_focus=0.986s get_focus_fallback_dump=0.000s step_dump=0.000s crop=0.493s total=4.941s) focus_reason='' fallback_used=False fallback_found=False step_dump_used=False step_dump_reason='focus_payload_sufficient' req_id='c4b39916'
[21:34:28] [STOP][eval] step=1 scenario='life_air_care_plugin' terminal=false same_like_count=0 no_progress=false scenario_type='content' is_global_nav=false after_realign=false recent_repeat=false bounded_two_card_loop=false semantic_same_like=false recent_duplicate=false recent_duplicate_distance=0 recent_semantic_duplicate=false recent_semantic_duplicate_distance=0 recent_semantic_unique_count=2 strict_duplicate=false semantic_duplicate=false repeat_class='none' loop_classification='none' hard_no_progress=false soft_no_progress=false no_progress_class='none' overlay_realign_grace_active=false min_step_gate_blocked=false realign_grace_suppressed=false repeat_stop_hit=false decision='continue' reason='none' stop_explain_version='pr7_explain_v1' stop_explain_input='step:1|move:{'success': true, 'status': 'moved', 'detail': 'moved', 'raw': {'timestamp': 1776170065247, 'reqid': 'c823c92a', 'success': true, 'status': 'moved', 'detail': 'moved', 'flags': []}}|smart:moved|same:0|fail:0' stop_explain_repeat='recent:false|class:none|strict:false|semantic:false|loop:none|two_card:false' stop_explain_no_progress='hit:false|class:none|hard:false|soft:false' stop_explain_gate='candidate:false|min_block:false|realign_suppress:false|realign_active:false|decision:continue'
[21:34:28] [STEP] START tab='(?i).*life.*' step=2
[21:34:33] [ROW] fingerprint='more|more options|more options|972,214' normalized_fingerprint='more|more options|more options' duplicate=false recent_duplicate=false distance=0 recent_semantic_duplicate=false semantic_distance=0 semantic_window_unique=3 noise=false
[21:34:33] [STEP] END tab='(?i).*life.*' step=2 elapsed=4.44s move_result='{'success': True, 'status': 'moved', 'detail': 'moved', 'raw': {'timestamp': 1776170070205, 'reqId': '6bb815d5', 'success': True, 'status': 'moved', 'detail': 'moved', 'flags': []}}' visible='More options' speech='More options' crop='output\talkback_compare_20260414_213347\crops\i_._life._step_2_More_options.png' timing(move=0.451s ann=3.038s get_focus=0.954s get_focus_fallback_dump=0.000s step_dump=0.000s crop=0.477s total=4.920s) focus_reason='' fallback_used=False fallback_found=False step_dump_used=False step_dump_reason='focus_payload_sufficient' req_id='dc021043'
[21:34:33] [STOP][eval] step=2 scenario='life_air_care_plugin' terminal=false same_like_count=0 no_progress=false scenario_type='content' is_global_nav=false after_realign=false recent_repeat=false bounded_two_card_loop=false semantic_same_like=false recent_duplicate=false recent_duplicate_distance=0 recent_semantic_duplicate=false recent_semantic_duplicate_distance=0 recent_semantic_unique_count=3 strict_duplicate=false semantic_duplicate=false repeat_class='none' loop_classification='none' hard_no_progress=false soft_no_progress=false no_progress_class='none' overlay_realign_grace_active=false min_step_gate_blocked=false realign_grace_suppressed=false repeat_stop_hit=false decision='continue' reason='none' stop_explain_version='pr7_explain_v1' stop_explain_input='step:2|move:{'success': true, 'status': 'moved', 'detail': 'moved', 'raw': {'timestamp': 1776170070205, 'reqid': '6bb815d5', 'success': true, 'status': 'moved', 'detail': 'moved', 'flags': []}}|smart:moved|same:0|fail:0' stop_explain_repeat='recent:false|class:none|strict:false|semantic:false|loop:none|two_card:false' stop_explain_no_progress='hit:false|class:none|hard:false|soft:false' stop_explain_gate='candidate:false|min_block:false|realign_suppress:false|realign_active:false|decision:continue'
[21:34:33] [OVERLAY] candidate matched scenario='life_air_care_plugin' tab='(?i).*life.*' step=2 view_id='more' label='More options' reason='matched_scenario_policy'
[21:34:44] [OVERLAY] post_click classification='overlay' scenario='life_air_care_plugin' tab='(?i).*life.*' entry_view_id='more' entry_label='More options' post_view_id='addToHomescreen' post_label='Add to Home screen'
[21:34:56] [RESULT] skipped anchor rows count=1
[21:34:56] [SAVE] writing sheets raw/filtered/summary/result
[21:34:56] [SAVE] filtered rows=6, raw rows=6
[21:34:56] [SAVE] saved excel: output/talkback_compare_20260414_213347.xlsx rows=6 with_images=False
[21:35:00] [OVERLAY][repeat] same_focus_detected=true step=4 view_id='info' bounds='462,556,1053,706' normalized_visible_label='information' move_result=''
[21:35:00] [OVERLAY][break] reason='same_overlay_fingerprint' step=4
[21:35:00] [RESULT] skipped anchor rows count=1
[21:35:00] [SAVE] writing sheets raw/filtered/summary/result
[21:35:00] [SAVE] filtered rows=6, raw rows=6
[21:35:00] [SAVE] saved excel: output/talkback_compare_20260414_213347.xlsx rows=6 with_images=False
[21:35:04] [RESULT] skipped anchor rows count=1
[21:35:04] [SAVE] writing sheets raw/filtered/summary/result
[21:35:04] [SAVE] filtered rows=6, raw rows=6
[21:35:04] [SAVE] saved excel: output/talkback_compare_20260414_213347.xlsx rows=6 with_images=False
[21:35:06] [OVERLAY] realign status='realign_entry_reached' entry_reached=True steps_taken=2 match_by='view_id'
[21:35:12] [CONTEXT] skipped reason='anchor_only_mode'
[21:35:12] [CONTEXT] skipped reason='anchor_only_mode'
[21:35:12] [CONTEXT] scenario='life_air_care_plugin' type='skipped' expected='' actual='' ok=True
[21:35:12] [CONTEXT] verification passed scenario='life_air_care_plugin'
[21:35:12] [ANCHOR][overlay_realign] success scenario='life_air_care_plugin' selected=True matched=True stable=True context_ok=True reason='selected_and_verified'
[21:35:12] [ANCHOR][overlay_realign] success scenario='life_air_care_plugin' reason='overlay_realign_verified'
[21:35:12] [STEP] START tab='(?i).*life.*' step=3
[21:35:17] [ROW] fingerprint='|air care|air care|552,214' normalized_fingerprint='|air care|air care' duplicate=false recent_duplicate=true distance=2 recent_semantic_duplicate=true semantic_distance=2 semantic_window_unique=3 noise=false
[21:35:17] [STEP] END tab='(?i).*life.*' step=3 elapsed=4.43s move_result='{'success': True, 'status': 'moved', 'detail': 'moved', 'raw': {'timestamp': 1776170113903, 'reqId': 'b30d375a', 'success': True, 'status': 'moved', 'detail': 'moved', 'flags': []}}' visible='Air Care' speech='Air Care' crop='output\talkback_compare_20260414_213347\crops\i_._life._step_3_Air_Care.png' timing(move=0.428s ann=3.014s get_focus=0.990s get_focus_fallback_dump=0.000s step_dump=0.000s crop=0.474s total=4.906s) focus_reason='' fallback_used=False fallback_found=False step_dump_used=False step_dump_reason='focus_payload_sufficient' req_id='44388b37'
[21:35:17] [STOP][eval] step=3 scenario='life_air_care_plugin' terminal=false same_like_count=0 no_progress=false scenario_type='content' is_global_nav=false after_realign=true recent_repeat=false bounded_two_card_loop=false semantic_same_like=false recent_duplicate=true recent_duplicate_distance=2 recent_semantic_duplicate=true recent_semantic_duplicate_distance=2 recent_semantic_unique_count=3 strict_duplicate=false semantic_duplicate=false repeat_class='none' loop_classification='none' hard_no_progress=false soft_no_progress=false no_progress_class='none' overlay_realign_grace_active=false min_step_gate_blocked=false realign_grace_suppressed=false repeat_stop_hit=false decision='continue' reason='none' stop_explain_version='pr7_explain_v1' stop_explain_input='step:3|move:{'success': true, 'status': 'moved', 'detail': 'moved', 'raw': {'timestamp': 1776170113903, 'reqid': 'b30d375a', 'success': true, 'status': 'moved', 'detail': 'moved', 'flags': []}}|smart:moved|same:0|fail:0' stop_explain_repeat='recent:false|class:none|strict:false|semantic:false|loop:none|two_card:false' stop_explain_no_progress='hit:false|class:none|hard:false|soft:false' stop_explain_gate='candidate:false|min_block:false|realign_suppress:false|realign_active:false|decision:continue'
[21:35:17] [RESULT] skipped anchor rows count=1
[21:35:17] [SAVE] writing sheets raw/filtered/summary/result
[21:35:17] [SAVE] filtered rows=6, raw rows=7
[21:35:17] [SAVE] saved excel: output/talkback_compare_20260414_213347.xlsx rows=7 with_images=False
[21:35:17] [STEP] START tab='(?i).*life.*' step=4
[21:35:22] [ROW] fingerprint='more|more options|more options|972,214' normalized_fingerprint='more|more options|more options' duplicate=false recent_duplicate=true distance=2 recent_semantic_duplicate=true semantic_distance=2 semantic_window_unique=3 noise=false
[21:35:22] [STEP] END tab='(?i).*life.*' step=4 elapsed=4.48s move_result='{'success': True, 'status': 'moved', 'detail': 'moved', 'raw': {'timestamp': 1776170118953, 'reqId': '0734fbb3', 'success': True, 'status': 'moved', 'detail': 'moved', 'flags': []}}' visible='More options' speech='More options' crop='output\talkback_compare_20260414_213347\crops\i_._life._step_4_More_options.png' timing(move=0.461s ann=3.068s get_focus=0.953s get_focus_fallback_dump=0.000s step_dump=0.000s crop=0.464s total=4.947s) focus_reason='' fallback_used=False fallback_found=False step_dump_used=False step_dump_reason='focus_payload_sufficient' req_id='78e09fd3'
[21:35:22] [STOP][eval] step=4 scenario='life_air_care_plugin' terminal=false same_like_count=0 no_progress=false scenario_type='content' is_global_nav=false after_realign=false recent_repeat=false bounded_two_card_loop=false semantic_same_like=false recent_duplicate=true recent_duplicate_distance=2 recent_semantic_duplicate=true recent_semantic_duplicate_distance=2 recent_semantic_unique_count=3 strict_duplicate=false semantic_duplicate=false repeat_class='none' loop_classification='none' hard_no_progress=false soft_no_progress=false no_progress_class='none' overlay_realign_grace_active=false min_step_gate_blocked=false realign_grace_suppressed=false repeat_stop_hit=false decision='continue' reason='none' stop_explain_version='pr7_explain_v1' stop_explain_input='step:4|move:{'success': true, 'status': 'moved', 'detail': 'moved', 'raw': {'timestamp': 1776170118953, 'reqid': '0734fbb3', 'success': true, 'status': 'moved', 'detail': 'moved', 'flags': []}}|smart:moved|same:0|fail:0' stop_explain_repeat='recent:false|class:none|strict:false|semantic:false|loop:none|two_card:false' stop_explain_no_progress='hit:false|class:none|hard:false|soft:false' stop_explain_gate='candidate:false|min_block:false|realign_suppress:false|realign_active:false|decision:continue'
[21:35:22] [OVERLAY] skip already expanded entry fingerprint='(?i).*life.*|more|more options'
[21:35:22] [STEP] START tab='(?i).*life.*' step=5
[21:35:27] [ROW] fingerprint='|set geolocation to monitor outdoor air quality|set geolocation to monitor outdoor air quality|516,418' normalized_fingerprint='|set geolocation to monitor outdoor air quality|set geolocation to monitor outdoor air quality' duplicate=false recent_duplicate=false distance=0 recent_semantic_duplicate=false semantic_distance=0 semantic_window_unique=4 noise=false
[21:35:27] [STEP] END tab='(?i).*life.*' step=5 elapsed=4.46s move_result='{'success': True, 'status': 'moved', 'detail': 'moved', 'raw': {'timestamp': 1776170123875, 'reqId': 'dd0efc95', 'success': True, 'status': 'moved', 'detail': 'moved', 'flags': []}}' visible='Set geolocation to monitor outdoor air quality' speech='Set geolocation to monitor outdoor air quality' crop='output\talkback_compare_20260414_213347\crops\i_._life._step_5_Set_geolocation_to_monitor_outdoor_air_q.png' timing(move=0.435s ann=3.013s get_focus=1.009s get_focus_fallback_dump=0.000s step_dump=0.000s crop=0.472s total=4.930s) focus_reason='' fallback_used=False fallback_found=False step_dump_used=False step_dump_reason='focus_payload_sufficient' req_id='80f18241'
[21:35:27] [STOP][eval] step=5 scenario='life_air_care_plugin' terminal=false same_like_count=0 no_progress=false scenario_type='content' is_global_nav=false after_realign=false recent_repeat=false bounded_two_card_loop=false semantic_same_like=false recent_duplicate=false recent_duplicate_distance=0 recent_semantic_duplicate=false recent_semantic_duplicate_distance=0 recent_semantic_unique_count=4 strict_duplicate=false semantic_duplicate=false repeat_class='none' loop_classification='none' hard_no_progress=false soft_no_progress=false no_progress_class='none' overlay_realign_grace_active=false min_step_gate_blocked=false realign_grace_suppressed=false repeat_stop_hit=false decision='continue' reason='none' stop_explain_version='pr7_explain_v1' stop_explain_input='step:5|move:{'success': true, 'status': 'moved', 'detail': 'moved', 'raw': {'timestamp': 1776170123875, 'reqid': 'dd0efc95', 'success': true, 'status': 'moved', 'detail': 'moved', 'flags': []}}|smart:moved|same:0|fail:0' stop_explain_repeat='recent:false|class:none|strict:false|semantic:false|loop:none|two_card:false' stop_explain_no_progress='hit:false|class:none|hard:false|soft:false' stop_explain_gate='candidate:false|min_block:false|realign_suppress:false|realign_active:false|decision:continue'
[21:35:27] [STOP][summary] scenario='life_air_care_plugin' stop_triggered=false stop_step=5 reason='safety_limit'
[21:35:27] [PERF][scenario_summary] scenario=life_air_care_plugin tab=(?i).*life.* total_runtime=98.2 total_steps=9 main_step_count=6 overlay_step_count=3 overlay_count=1 avg_get_focus=0.859 avg_move=0.438 avg_crop=0.481 avg_step_total=4.906 step_total_sample_count=6 avg_get_focus_main=0.983 avg_get_focus_overlay=0.611 fallback_dump_count=0 success_false_top_level_dump_attempt_count=0 success_false_top_level_dump_found_count=0 fallback_dump_rate=0.0 get_focus_strong_skip_count=9 get_focus_strong_skip_rate=100.0 step_dump_used_count=0 save_excel_count=5 realign_attempt_count=1 realign_success_count=1 realign_success_rate=100.0
[21:35:27] [RECOVER] start
[21:35:27] [SCENARIO][pre_nav][stabilization] phase='recover_initial_verify' attempt=1/2 life_selected=false app_bar_hits=1 visible_card_hits=0 life_root_signature_present=true navigate_up_hits=0 family_care_signature_seen=false final_score=1 ok=false pass_reason='' fail_reason='life_root_not_stable'
[21:35:28] [SCENARIO][pre_nav][stabilization] phase='recover_initial_verify' attempt=2/2 life_selected=false app_bar_hits=1 visible_card_hits=0 life_root_signature_present=true navigate_up_hits=0 family_care_signature_seen=false final_score=1 ok=false pass_reason='' fail_reason='life_root_not_stable'
[21:35:28] [RECOVER][state] kind='plugin_detail_like' initial_verify_ok=false initial_verify_reason='life_root_not_stable' app_bar_hits=1 visible_card_hits=0 life_root_signature_present=true navigate_up_hits=0 package_signature_present=false
[21:35:28] [RECOVER][detail_exit] start
[21:35:28] [RECOVER][detail_exit] back_sent=true
[21:35:29] [SCENARIO][pre_nav][stabilization] phase='recover_detail_exit_back' attempt=1/2 life_selected=false app_bar_hits=4 visible_card_hits=0 life_root_signature_present=true navigate_up_hits=0 family_care_signature_seen=false final_score=3 ok=true pass_reason='life_root_signature_and_structure_confirmed' fail_reason=''
[21:35:29] [RECOVER][detail_exit] verify_ok=true reason='root_state_stable'
[21:35:29] [RECOVER] success reason='detail_exit_back_verified'
[21:35:29] [SCENARIO][stabilization] scenario='life_home_care_plugin' screen_context_mode='new_screen' stabilization_mode='anchor_only'
[21:35:30] [SCENARIO][pre_nav][stabilization] phase='plugin_start' attempt=1/2 life_selected=false app_bar_hits=4 visible_card_hits=0 life_root_signature_present=true navigate_up_hits=0 family_care_signature_seen=false final_score=3 ok=true pass_reason='life_root_signature_and_structure_confirmed' fail_reason=''
[21:35:30] [PLUGIN_START][life_list_check] ok=true reason='root_state_stable'
[21:35:30] [PLUGIN_START][recover_before_entry] triggered=false
[21:35:30] [PLUGIN_START][recover_before_entry] success=true
[21:35:30] [CONTEXT] skipped reason='new_screen_mode' phase='tab_select'
[21:35:30] [TAB][select] fallback_to_legacy=True scenario='life_home_care_plugin'
[21:35:34] [TRACE][open_scenario] scenario='life_home_care_plugin' stabilization_mode='anchor_only' focus_align_attempted=True focus_align_ok=True focus_align_reason='' context_ok=False anchor_matched=False anchor_stable=False
[21:35:35] [SCENARIO][pre_nav] step=1 action=xml_scroll_search_tap target='(?i)(^home\s*care$|home\s*care\.|\bhomecare\b|홈\s*케어)'
[21:35:35] [XMLENTRY][search] pre_reset scroll_to_top=true
[21:35:40] [XMLENTRY][search] step=0/5 visible_candidates=69 target_candidates=5
[21:35:40] [XMLENTRY][search][top] rank=1 reason='actionable_container' text='' rid='' class='android.widget.RelativeLayout' bounds='42,1858,1038,2316' area_ratio='0.2200' target_match=true match_source='descendant' matched_phrase='home care' negative_plugin_phrase=''
[21:35:40] [XMLENTRY][search][top] rank=2 reason='actionable_container' text='Home Care' rid='com.samsung.android.oneconnect:id/frameLayout' class='android.widget.FrameLayout' bounds='42,1858,1038,2316' area_ratio='0.2200' target_match=true match_source='title' matched_phrase='home care' negative_plugin_phrase=''
[21:35:40] [XMLENTRY][search][top] rank=3 reason='card_like_container' text='' rid='com.samsung.android.oneconnect:id/llCard' class='android.widget.LinearLayout' bounds='42,1858,1038,2316' area_ratio='0.2200' target_match=true match_source='descendant' matched_phrase='home care' negative_plugin_phrase=''
[21:35:40] [XMLENTRY][select] reason='actionable_container' resource='' bounds='42,1858,1038,2316' text='' target_match=true match_source='descendant' matched_phrase='home care'
[21:35:53] [XMLENTRY][result] success=true reason='transition_confirmed'
[21:35:53] [SCENARIO][pre_nav] success step=1 reason='ACTION_ACCESSIBILITY_FOCUS success'
[21:35:55] [SCENARIO][pre_nav] success
[21:36:01] [ANCHOR][fallback] explicit anchor not matched, trying top content fallback
[21:36:01] [ANCHOR][fallback] selected candidate label='Always manage your home appliances optimally, Home Care constantly monitors devices that support AI diagnosis and informs you when they need cleaning, replacing, or other maintenance. Always manage your home appliances optimally, Home Care constantly monitors devices that support AI diagnosis and informs you when they need cleaning, replacing, or other maintenance.' position='top_center'
[21:36:01] [ANCHOR][plugin_fallback] using_top_start_candidate position='top_center'
[21:36:10] [CONTEXT] skipped reason='anchor_only_mode'
[21:36:10] [CONTEXT] skipped reason='anchor_only_mode'
[21:36:10] [CONTEXT] scenario='life_home_care_plugin' type='skipped' expected='' actual='' ok=True
[21:36:10] [ANCHOR][scenario_start] anchor mismatch scenario='life_home_care_plugin'
[21:36:10] [ANCHOR][scenario_start] anchor not stable scenario='life_home_care_plugin'
[21:36:16] [ANCHOR][fallback] explicit anchor not matched, trying top content fallback
[21:36:16] [ANCHOR][fallback] selected candidate label='Always manage your home appliances optimally, Home Care constantly monitors devices that support AI diagnosis and informs you when they need cleaning, replacing, or other maintenance. Always manage your home appliances optimally, Home Care constantly monitors devices that support AI diagnosis and informs you when they need cleaning, replacing, or other maintenance.' position='top_center'
[21:36:16] [ANCHOR][plugin_fallback] using_top_start_candidate position='top_center'
[21:36:25] [CONTEXT] skipped reason='anchor_only_mode'
[21:36:25] [CONTEXT] skipped reason='anchor_only_mode'
[21:36:25] [CONTEXT] scenario='life_home_care_plugin' type='skipped' expected='' actual='' ok=True
[21:36:25] [ANCHOR][scenario_start] anchor mismatch scenario='life_home_care_plugin'
[21:36:25] [ANCHOR][scenario_start] anchor not stable scenario='life_home_care_plugin'
[21:36:25] [TRACE][open_scenario] scenario='life_home_care_plugin' stabilization_mode='anchor_only' focus_align_attempted=True focus_align_ok=True focus_align_reason='' context_ok=False anchor_matched=False anchor_stable=False
[21:36:25] [ANCHOR][scenario_start] stabilization failed but proceeding with low-confidence fallback start scenario='life_home_care_plugin' source='fallback_top_center' reason='fallback_candidate_and_focus_evidence'
[21:36:25] [ANCHOR][plugin_fallback] candidate_label='Always manage your home appliances optimally, Home Care constantly monitors devices that support AI diagnosis and informs you when they need cleaning, replacing, or other maintenance. Always manage your home appliances optimally, Home Care constantly monitors devices that support AI diagnosis and informs you when they need cleaning, replacing, or other maintenance.' candidate_view_id='' reason='new_screen_evidence_confirmed'
[21:36:25] [ANCHOR][plugin_fallback] stabilized_by='post_focus_verified'
[21:36:25] [SCENARIO][start_mode] scenario='life_home_care_plugin' mode='low_confidence_fallback'
[21:36:38] [SCENARIO][special_state] detected scenario='life_home_care_plugin' entry_type='card' kind='onboarding_or_empty_state' handling='back_after_read' verify_hit=true long_intro_like=true special_hits='smartthings home care,always manage your home appliances optimally,home care constantly monitors devices,ai diagnosis,maintenance' cta_hits='start'
[21:36:40] [SPECIAL_STATE][recover] start
[21:36:40] [RECOVER] start
[21:36:40] [SCENARIO][pre_nav][stabilization] phase='recover_initial_verify' attempt=1/2 life_selected=false app_bar_hits=4 visible_card_hits=0 life_root_signature_present=false navigate_up_hits=0 family_care_signature_seen=true final_score=2 ok=false pass_reason='' fail_reason='life_root_not_stable'
[21:36:41] [SCENARIO][pre_nav][stabilization] phase='recover_initial_verify' attempt=2/2 life_selected=false app_bar_hits=4 visible_card_hits=0 life_root_signature_present=false navigate_up_hits=0 family_care_signature_seen=true final_score=2 ok=false pass_reason='' fail_reason='life_root_not_stable'
[21:36:42] [RECOVER][state] kind='plugin_detail_like' initial_verify_ok=false initial_verify_reason='life_root_not_stable' app_bar_hits=4 visible_card_hits=0 life_root_signature_present=false navigate_up_hits=0 package_signature_present=true
[21:36:42] [RECOVER][detail_exit] start
[21:36:42] [RECOVER][detail_exit] back_sent=true
[21:36:43] [SCENARIO][pre_nav][stabilization] phase='recover_detail_exit_back' attempt=1/2 life_selected=false app_bar_hits=0 visible_card_hits=0 life_root_signature_present=true navigate_up_hits=0 family_care_signature_seen=false final_score=1 ok=false pass_reason='' fail_reason='life_root_not_stable'
[21:36:44] [SCENARIO][pre_nav][stabilization] phase='recover_detail_exit_back' attempt=2/2 life_selected=false app_bar_hits=0 visible_card_hits=0 life_root_signature_present=true navigate_up_hits=0 family_care_signature_seen=false final_score=1 ok=false pass_reason='' fail_reason='life_root_not_stable'
[21:36:44] [RECOVER][detail_exit] verify_ok=false reason='life_root_not_stable'
[21:36:44] [RECOVER][fallback] entering_select_fallback
[21:36:46] [RECOVER][fallback] parse_error='TARGET_ACTION_RESULT JSON 파싱 실패: Unterminated string starting at: line 1 column 4025 (char 4024)'
[21:36:46] [RECOVER][fallback] resource_select_success=false label_select_success=false
[21:36:46] [RECOVER] failed reason='fallback_result_parse_error'
[21:36:46] [SPECIAL_STATE][recover] retry=1/2 target='life_plugin_list' reason='recover_to_start_state_failed'
[21:36:46] [RECOVER] start
[21:36:46] [SCENARIO][pre_nav][stabilization] phase='recover_initial_verify' attempt=1/2 life_selected=false app_bar_hits=0 visible_card_hits=0 life_root_signature_present=true navigate_up_hits=0 family_care_signature_seen=false final_score=1 ok=false pass_reason='' fail_reason='life_root_not_stable'
[21:36:47] [SCENARIO][pre_nav][stabilization] phase='recover_initial_verify' attempt=2/2 life_selected=false app_bar_hits=0 visible_card_hits=0 life_root_signature_present=true navigate_up_hits=0 family_care_signature_seen=false final_score=1 ok=false pass_reason='' fail_reason='life_root_not_stable'
[21:36:47] [RECOVER][state] kind='unknown' initial_verify_ok=false initial_verify_reason='life_root_not_stable' app_bar_hits=0 visible_card_hits=0 life_root_signature_present=true navigate_up_hits=0 package_signature_present=false
[21:36:47] [RECOVER][fallback] entering_select_fallback
[21:36:50] [RECOVER][fallback] parse_error='TARGET_ACTION_RESULT JSON 파싱 실패: Expecting value: line 1 column 4031 (char 4030)'
[21:36:50] [RECOVER][fallback] resource_select_success=false label_select_success=false
[21:36:50] [RECOVER] failed reason='fallback_result_parse_error'
[21:36:50] [SPECIAL_STATE][recover] success=false target='life_plugin_list' reason='recover_to_start_state_failed'
[21:36:50] [SCENARIO][entry_contract] failed scenario='life_home_care_plugin' entry_type='card' reason='verify_failed' detail='special_state_recover_failed:recover_to_start_state_failed'
[21:36:50] [PERF][scenario_summary] scenario=life_home_care_plugin tab=(?i).*life.* total_runtime=80.2 total_steps=1 main_step_count=1 overlay_step_count=0 overlay_count=0 avg_get_focus=0.0 avg_move=0.0 avg_crop=0.0 avg_step_total=0.0 step_total_sample_count=0 avg_get_focus_main=0.0 avg_get_focus_overlay=0.0 fallback_dump_count=0 success_false_top_level_dump_attempt_count=0 success_false_top_level_dump_found_count=0 fallback_dump_rate=0.0 get_focus_strong_skip_count=0 get_focus_strong_skip_rate=0.0 step_dump_used_count=0 save_excel_count=0 realign_attempt_count=0 realign_success_count=0 realign_success_rate=0.0
[21:36:50] [RESULT] skipped anchor rows count=1
[21:36:50] [SAVE] writing sheets raw/filtered/summary/result
[21:36:50] [SAVE] filtered rows=8, raw rows=10
[21:36:50] [SAVE] saved excel: output/talkback_compare_20260414_213347.xlsx rows=10 with_images=False
[21:36:50] [RECOVER] start
[21:36:50] [SCENARIO][pre_nav][stabilization] phase='recover_initial_verify' attempt=1/2 life_selected=false app_bar_hits=0 visible_card_hits=0 life_root_signature_present=true navigate_up_hits=0 family_care_signature_seen=false final_score=1 ok=false pass_reason='' fail_reason='life_root_not_stable'
[21:36:51] [SCENARIO][pre_nav][stabilization] phase='recover_initial_verify' attempt=2/2 life_selected=false app_bar_hits=0 visible_card_hits=0 life_root_signature_present=true navigate_up_hits=0 family_care_signature_seen=false final_score=1 ok=false pass_reason='' fail_reason='life_root_not_stable'
[21:36:51] [RECOVER][state] kind='unknown' initial_verify_ok=false initial_verify_reason='life_root_not_stable' app_bar_hits=0 visible_card_hits=0 life_root_signature_present=true navigate_up_hits=0 package_signature_present=false
[21:36:51] [RECOVER][fallback] entering_select_fallback
[21:36:53] [RECOVER][fallback] parse_error='TARGET_ACTION_RESULT JSON 파싱 실패: Expecting value: line 1 column 4031 (char 4030)'
[21:36:53] [RECOVER][fallback] resource_select_success=false label_select_success=false
[21:36:53] [RECOVER] failed reason='fallback_result_parse_error'
[21:36:53] [MAIN] recovery failed but continuing scenario_id='life_energy_plugin' tab='(?i).*life.*'
[21:36:53] [SCENARIO][stabilization] scenario='life_energy_plugin' screen_context_mode='new_screen' stabilization_mode='anchor_only'
[21:36:54] [SCENARIO][pre_nav][stabilization] phase='plugin_start' attempt=1/2 life_selected=false app_bar_hits=0 visible_card_hits=0 life_root_signature_present=true navigate_up_hits=0 family_care_signature_seen=false final_score=1 ok=false pass_reason='' fail_reason='life_root_not_stable'
[21:36:55] [SCENARIO][pre_nav][stabilization] phase='plugin_start' attempt=2/2 life_selected=false app_bar_hits=0 visible_card_hits=0 life_root_signature_present=true navigate_up_hits=0 family_care_signature_seen=false final_score=1 ok=false pass_reason='' fail_reason='life_root_not_stable'
[21:36:55] [PLUGIN_START][life_list_check] ok=false reason='life_root_not_stable'
[21:36:55] [PLUGIN_START][recover_before_entry] triggered=true
[21:36:55] [RECOVER] start
[21:36:55] [SCENARIO][pre_nav][stabilization] phase='recover_initial_verify' attempt=1/2 life_selected=false app_bar_hits=0 visible_card_hits=0 life_root_signature_present=true navigate_up_hits=0 family_care_signature_seen=false final_score=1 ok=false pass_reason='' fail_reason='life_root_not_stable'
[21:36:56] [SCENARIO][pre_nav][stabilization] phase='recover_initial_verify' attempt=2/2 life_selected=false app_bar_hits=0 visible_card_hits=0 life_root_signature_present=true navigate_up_hits=0 family_care_signature_seen=false final_score=1 ok=false pass_reason='' fail_reason='life_root_not_stable'
[21:36:56] [RECOVER][state] kind='unknown' initial_verify_ok=false initial_verify_reason='life_root_not_stable' app_bar_hits=0 visible_card_hits=0 life_root_signature_present=true navigate_up_hits=0 package_signature_present=false
[21:36:56] [RECOVER][fallback] entering_select_fallback
[21:36:58] [RECOVER][fallback] parse_error='TARGET_ACTION_RESULT JSON 파싱 실패: Expecting value: line 1 column 4031 (char 4030)'
[21:36:58] [RECOVER][fallback] resource_select_success=false label_select_success=false
[21:36:58] [RECOVER] failed reason='fallback_result_parse_error'
[21:36:58] [PLUGIN_START][recover_before_entry] retry=1/2 reason='recover_to_start_state_failed'
[21:36:58] [RECOVER] start
[21:36:59] [SCENARIO][pre_nav][stabilization] phase='recover_initial_verify' attempt=1/2 life_selected=false app_bar_hits=0 visible_card_hits=0 life_root_signature_present=true navigate_up_hits=0 family_care_signature_seen=false final_score=1 ok=false pass_reason='' fail_reason='life_root_not_stable'
[21:37:00] [SCENARIO][pre_nav][stabilization] phase='recover_initial_verify' attempt=2/2 life_selected=false app_bar_hits=0 visible_card_hits=0 life_root_signature_present=true navigate_up_hits=0 family_care_signature_seen=false final_score=1 ok=false pass_reason='' fail_reason='life_root_not_stable'
[21:37:00] [RECOVER][state] kind='unknown' initial_verify_ok=false initial_verify_reason='life_root_not_stable' app_bar_hits=0 visible_card_hits=0 life_root_signature_present=true navigate_up_hits=0 package_signature_present=false
[21:37:00] [RECOVER][fallback] entering_select_fallback
[21:37:02] [RECOVER][fallback] parse_error='TARGET_ACTION_RESULT JSON 파싱 실패: Expecting value: line 1 column 4031 (char 4030)'
[21:37:02] [RECOVER][fallback] resource_select_success=false label_select_success=false
[21:37:02] [RECOVER] failed reason='fallback_result_parse_error'
[21:37:02] [PLUGIN_START][recover_before_entry] success=false
[21:37:02] [PERF][scenario_summary] scenario=life_energy_plugin tab=(?i).*life.* total_runtime=9.0 total_steps=1 main_step_count=1 overlay_step_count=0 overlay_count=0 avg_get_focus=0.0 avg_move=0.0 avg_crop=0.0 avg_step_total=0.0 step_total_sample_count=0 avg_get_focus_main=0.0 avg_get_focus_overlay=0.0 fallback_dump_count=0 success_false_top_level_dump_attempt_count=0 success_false_top_level_dump_found_count=0 fallback_dump_rate=0.0 get_focus_strong_skip_count=0 get_focus_strong_skip_rate=0.0 step_dump_used_count=0 save_excel_count=0 realign_attempt_count=0 realign_success_count=0 realign_success_rate=0.0
[21:37:02] [RESULT] skipped anchor rows count=1
[21:37:02] [SAVE] writing sheets raw/filtered/summary/result
[21:37:02] [SAVE] filtered rows=9, raw rows=11
[21:37:02] [SAVE] saved excel: output/talkback_compare_20260414_213347.xlsx rows=11 with_images=False
[21:37:02] [MAIN] skip disabled scenario_id='devices_main' tab='(?i).*devices.*'
[21:37:02] [MAIN] skip disabled scenario_id='life_main' tab='(?i).*life.*'
[21:37:02] [MAIN] skip disabled scenario_id='routines_main' tab='(?i).*routines.*'
[21:37:02] [MAIN] skip disabled scenario_id='menu_main' tab='(?i).*(menu|more).*'
[21:37:02] [MAIN] skip disabled scenario_id='settings_entry_example' tab='(?i).*menu.*'
[21:37:02] [RECOVER] start
[21:37:03] [SCENARIO][pre_nav][stabilization] phase='recover_initial_verify' attempt=1/2 life_selected=false app_bar_hits=0 visible_card_hits=0 life_root_signature_present=true navigate_up_hits=0 family_care_signature_seen=false final_score=1 ok=false pass_reason='' fail_reason='life_root_not_stable'
[21:37:04] [SCENARIO][pre_nav][stabilization] phase='recover_initial_verify' attempt=2/2 life_selected=false app_bar_hits=0 visible_card_hits=0 life_root_signature_present=true navigate_up_hits=0 family_care_signature_seen=false final_score=1 ok=false pass_reason='' fail_reason='life_root_not_stable'
[21:37:04] [RECOVER][state] kind='unknown' initial_verify_ok=false initial_verify_reason='life_root_not_stable' app_bar_hits=0 visible_card_hits=0 life_root_signature_present=true navigate_up_hits=0 package_signature_present=false
[21:37:04] [RECOVER][fallback] entering_select_fallback
[21:37:06] [RECOVER][fallback] parse_error='TARGET_ACTION_RESULT JSON 파싱 실패: Expecting value: line 1 column 4031 (char 4030)'
[21:37:06] [RECOVER][fallback] resource_select_success=false label_select_success=false
[21:37:06] [RECOVER] failed reason='fallback_result_parse_error'
[21:37:06] [MAIN] recovery failed but continuing scenario_id='life_pet_care_plugin' tab='(?i).*life.*'
[21:37:06] [SCENARIO][stabilization] scenario='life_pet_care_plugin' screen_context_mode='new_screen' stabilization_mode='anchor_only'
[21:37:07] [SCENARIO][pre_nav][stabilization] phase='plugin_start' attempt=1/2 life_selected=false app_bar_hits=0 visible_card_hits=0 life_root_signature_present=true navigate_up_hits=0 family_care_signature_seen=false final_score=1 ok=false pass_reason='' fail_reason='life_root_not_stable'
[21:37:07] [SCENARIO][pre_nav][stabilization] phase='plugin_start' attempt=2/2 life_selected=false app_bar_hits=0 visible_card_hits=0 life_root_signature_present=true navigate_up_hits=0 family_care_signature_seen=false final_score=1 ok=false pass_reason='' fail_reason='life_root_not_stable'
[21:37:07] [PLUGIN_START][life_list_check] ok=false reason='life_root_not_stable'
[21:37:07] [PLUGIN_START][recover_before_entry] triggered=true
[21:37:07] [RECOVER] start
[21:37:08] [SCENARIO][pre_nav][stabilization] phase='recover_initial_verify' attempt=1/2 life_selected=false app_bar_hits=0 visible_card_hits=0 life_root_signature_present=true navigate_up_hits=0 family_care_signature_seen=false final_score=1 ok=false pass_reason='' fail_reason='life_root_not_stable'
[21:37:09] [SCENARIO][pre_nav][stabilization] phase='recover_initial_verify' attempt=2/2 life_selected=false app_bar_hits=0 visible_card_hits=0 life_root_signature_present=true navigate_up_hits=0 family_care_signature_seen=false final_score=1 ok=false pass_reason='' fail_reason='life_root_not_stable'
[21:37:09] [RECOVER][state] kind='unknown' initial_verify_ok=false initial_verify_reason='life_root_not_stable' app_bar_hits=0 visible_card_hits=0 life_root_signature_present=true navigate_up_hits=0 package_signature_present=false
[21:37:09] [RECOVER][fallback] entering_select_fallback
[21:37:11] [RECOVER][fallback] parse_error='TARGET_ACTION_RESULT JSON 파싱 실패: Expecting value: line 1 column 4031 (char 4030)'
[21:37:11] [RECOVER][fallback] resource_select_success=false label_select_success=false
[21:37:11] [RECOVER] failed reason='fallback_result_parse_error'
[21:37:11] [PLUGIN_START][recover_before_entry] retry=1/2 reason='recover_to_start_state_failed'
[21:37:11] [RECOVER] start
[21:37:12] [SCENARIO][pre_nav][stabilization] phase='recover_initial_verify' attempt=1/2 life_selected=false app_bar_hits=0 visible_card_hits=0 life_root_signature_present=true navigate_up_hits=0 family_care_signature_seen=false final_score=1 ok=false pass_reason='' fail_reason='life_root_not_stable'
[21:37:12] [SCENARIO][pre_nav][stabilization] phase='recover_initial_verify' attempt=2/2 life_selected=false app_bar_hits=0 visible_card_hits=0 life_root_signature_present=true navigate_up_hits=0 family_care_signature_seen=false final_score=1 ok=false pass_reason='' fail_reason='life_root_not_stable'
[21:37:13] [RECOVER][state] kind='unknown' initial_verify_ok=false initial_verify_reason='life_root_not_stable' app_bar_hits=0 visible_card_hits=0 life_root_signature_present=true navigate_up_hits=0 package_signature_present=false
[21:37:13] [RECOVER][fallback] entering_select_fallback
[21:37:15] [RECOVER][fallback] parse_error='TARGET_ACTION_RESULT JSON 파싱 실패: Expecting value: line 1 column 4031 (char 4030)'
[21:37:15] [RECOVER][fallback] resource_select_success=false label_select_success=false
[21:37:15] [RECOVER] failed reason='fallback_result_parse_error'
[21:37:15] [PLUGIN_START][recover_before_entry] success=false
[21:37:15] [PERF][scenario_summary] scenario=life_pet_care_plugin tab=(?i).*life.* total_runtime=9.1 total_steps=1 main_step_count=1 overlay_step_count=0 overlay_count=0 avg_get_focus=0.0 avg_move=0.0 avg_crop=0.0 avg_step_total=0.0 step_total_sample_count=0 avg_get_focus_main=0.0 avg_get_focus_overlay=0.0 fallback_dump_count=0 success_false_top_level_dump_attempt_count=0 success_false_top_level_dump_found_count=0 fallback_dump_rate=0.0 get_focus_strong_skip_count=0 get_focus_strong_skip_rate=0.0 step_dump_used_count=0 save_excel_count=0 realign_attempt_count=0 realign_success_count=0 realign_success_rate=0.0
[21:37:15] [RESULT] skipped anchor rows count=1
[21:37:15] [SAVE] writing sheets raw/filtered/summary/result
[21:37:15] [SAVE] filtered rows=10, raw rows=12
[21:37:15] [SAVE] saved excel: output/talkback_compare_20260414_213347.xlsx rows=12 with_images=False
[21:37:15] [RECOVER] start
[21:37:16] [SCENARIO][pre_nav][stabilization] phase='recover_initial_verify' attempt=1/2 life_selected=false app_bar_hits=0 visible_card_hits=0 life_root_signature_present=true navigate_up_hits=0 family_care_signature_seen=false final_score=1 ok=false pass_reason='' fail_reason='life_root_not_stable'
[21:37:17] [SCENARIO][pre_nav][stabilization] phase='recover_initial_verify' attempt=2/2 life_selected=false app_bar_hits=0 visible_card_hits=0 life_root_signature_present=true navigate_up_hits=0 family_care_signature_seen=false final_score=1 ok=false pass_reason='' fail_reason='life_root_not_stable'
[21:37:17] [RECOVER][state] kind='unknown' initial_verify_ok=false initial_verify_reason='life_root_not_stable' app_bar_hits=0 visible_card_hits=0 life_root_signature_present=true navigate_up_hits=0 package_signature_present=false
[21:37:17] [RECOVER][fallback] entering_select_fallback
[21:37:19] [RECOVER][fallback] parse_error='TARGET_ACTION_RESULT JSON 파싱 실패: Expecting value: line 1 column 4031 (char 4030)'
[21:37:19] [RECOVER][fallback] resource_select_success=false label_select_success=false
[21:37:19] [RECOVER] failed reason='fallback_result_parse_error'
[21:37:19] [MAIN] recovery failed but continuing scenario_id='life_family_care_plugin' tab='(?i).*life.*'
[21:37:19] [SCENARIO][stabilization] scenario='life_family_care_plugin' screen_context_mode='new_screen' stabilization_mode='anchor_only'
[21:37:20] [SCENARIO][pre_nav][stabilization] phase='plugin_start' attempt=1/2 life_selected=false app_bar_hits=0 visible_card_hits=0 life_root_signature_present=true navigate_up_hits=0 family_care_signature_seen=false final_score=1 ok=false pass_reason='' fail_reason='life_root_not_stable'
[21:37:21] [SCENARIO][pre_nav][stabilization] phase='plugin_start' attempt=2/2 life_selected=false app_bar_hits=0 visible_card_hits=0 life_root_signature_present=true navigate_up_hits=0 family_care_signature_seen=false final_score=1 ok=false pass_reason='' fail_reason='life_root_not_stable'
[21:37:21] [PLUGIN_START][life_list_check] ok=false reason='life_root_not_stable'
[21:37:21] [PLUGIN_START][recover_before_entry] triggered=true
[21:37:21] [RECOVER] start
[21:37:21] [SCENARIO][pre_nav][stabilization] phase='recover_initial_verify' attempt=1/2 life_selected=false app_bar_hits=0 visible_card_hits=0 life_root_signature_present=true navigate_up_hits=0 family_care_signature_seen=false final_score=1 ok=false pass_reason='' fail_reason='life_root_not_stable'
[21:37:22] [SCENARIO][pre_nav][stabilization] phase='recover_initial_verify' attempt=2/2 life_selected=false app_bar_hits=0 visible_card_hits=0 life_root_signature_present=true navigate_up_hits=0 family_care_signature_seen=false final_score=1 ok=false pass_reason='' fail_reason='life_root_not_stable'
[21:37:22] [RECOVER][state] kind='unknown' initial_verify_ok=false initial_verify_reason='life_root_not_stable' app_bar_hits=0 visible_card_hits=0 life_root_signature_present=true navigate_up_hits=0 package_signature_present=false
[21:37:22] [RECOVER][fallback] entering_select_fallback
[21:37:25] [RECOVER][fallback] parse_error='TARGET_ACTION_RESULT JSON 파싱 실패: Expecting value: line 1 column 4031 (char 4030)'
[21:37:25] [RECOVER][fallback] resource_select_success=false label_select_success=false
[21:37:25] [RECOVER] failed reason='fallback_result_parse_error'
[21:37:25] [PLUGIN_START][recover_before_entry] retry=1/2 reason='recover_to_start_state_failed'
[21:37:25] [RECOVER] start
[21:37:25] [SCENARIO][pre_nav][stabilization] phase='recover_initial_verify' attempt=1/2 life_selected=false app_bar_hits=0 visible_card_hits=0 life_root_signature_present=true navigate_up_hits=0 family_care_signature_seen=false final_score=1 ok=false pass_reason='' fail_reason='life_root_not_stable'
[21:37:26] [SCENARIO][pre_nav][stabilization] phase='recover_initial_verify' attempt=2/2 life_selected=false app_bar_hits=0 visible_card_hits=0 life_root_signature_present=true navigate_up_hits=0 family_care_signature_seen=false final_score=1 ok=false pass_reason='' fail_reason='life_root_not_stable'
[21:37:26] [RECOVER][state] kind='unknown' initial_verify_ok=false initial_verify_reason='life_root_not_stable' app_bar_hits=0 visible_card_hits=0 life_root_signature_present=true navigate_up_hits=0 package_signature_present=false
[21:37:26] [RECOVER][fallback] entering_select_fallback
[21:37:28] [RECOVER][fallback] parse_error='TARGET_ACTION_RESULT JSON 파싱 실패: Expecting value: line 1 column 4031 (char 4030)'
[21:37:28] [RECOVER][fallback] resource_select_success=false label_select_success=false
[21:37:28] [RECOVER] failed reason='fallback_result_parse_error'
[21:37:28] [PLUGIN_START][recover_before_entry] success=false
[21:37:28] [PERF][scenario_summary] scenario=life_family_care_plugin tab=(?i).*life.* total_runtime=8.6 total_steps=1 main_step_count=1 overlay_step_count=0 overlay_count=0 avg_get_focus=0.0 avg_move=0.0 avg_crop=0.0 avg_step_total=0.0 step_total_sample_count=0 avg_get_focus_main=0.0 avg_get_focus_overlay=0.0 fallback_dump_count=0 success_false_top_level_dump_attempt_count=0 success_false_top_level_dump_found_count=0 fallback_dump_rate=0.0 get_focus_strong_skip_count=0 get_focus_strong_skip_rate=0.0 step_dump_used_count=0 save_excel_count=0 realign_attempt_count=0 realign_success_count=0 realign_success_rate=0.0
[21:37:28] [RESULT] skipped anchor rows count=1
[21:37:28] [SAVE] writing sheets raw/filtered/summary/result
[21:37:28] [SAVE] filtered rows=11, raw rows=13
[21:37:28] [SAVE] saved excel: output/talkback_compare_20260414_213347.xlsx rows=13 with_images=False
[21:37:28] [RECOVER] start
[21:37:29] [SCENARIO][pre_nav][stabilization] phase='recover_initial_verify' attempt=1/2 life_selected=false app_bar_hits=0 visible_card_hits=0 life_root_signature_present=true navigate_up_hits=0 family_care_signature_seen=false final_score=1 ok=false pass_reason='' fail_reason='life_root_not_stable'
[21:37:30] [SCENARIO][pre_nav][stabilization] phase='recover_initial_verify' attempt=2/2 life_selected=false app_bar_hits=0 visible_card_hits=0 life_root_signature_present=true navigate_up_hits=0 family_care_signature_seen=false final_score=1 ok=false pass_reason='' fail_reason='life_root_not_stable'
[21:37:30] [RECOVER][state] kind='unknown' initial_verify_ok=false initial_verify_reason='life_root_not_stable' app_bar_hits=0 visible_card_hits=0 life_root_signature_present=true navigate_up_hits=0 package_signature_present=false
[21:37:30] [RECOVER][fallback] entering_select_fallback
[21:37:32] [RECOVER][fallback] parse_error='TARGET_ACTION_RESULT JSON 파싱 실패: Expecting value: line 1 column 4031 (char 4030)'
[21:37:32] [RECOVER][fallback] resource_select_success=false label_select_success=false
[21:37:32] [RECOVER] failed reason='fallback_result_parse_error'
[21:37:32] [MAIN] recovery failed but continuing scenario_id='life_plant_care_plugin' tab='(?i).*life.*'
[21:37:32] [SCENARIO][stabilization] scenario='life_plant_care_plugin' screen_context_mode='new_screen' stabilization_mode='anchor_only'
[21:37:33] [SCENARIO][pre_nav][stabilization] phase='plugin_start' attempt=1/2 life_selected=false app_bar_hits=0 visible_card_hits=0 life_root_signature_present=true navigate_up_hits=0 family_care_signature_seen=false final_score=1 ok=false pass_reason='' fail_reason='life_root_not_stable'
[21:37:34] [SCENARIO][pre_nav][stabilization] phase='plugin_start' attempt=2/2 life_selected=false app_bar_hits=0 visible_card_hits=0 life_root_signature_present=true navigate_up_hits=0 family_care_signature_seen=false final_score=1 ok=false pass_reason='' fail_reason='life_root_not_stable'
[21:37:34] [PLUGIN_START][life_list_check] ok=false reason='life_root_not_stable'
[21:37:34] [PLUGIN_START][recover_before_entry] triggered=true
[21:37:34] [RECOVER] start
[21:37:34] [SCENARIO][pre_nav][stabilization] phase='recover_initial_verify' attempt=1/2 life_selected=false app_bar_hits=0 visible_card_hits=0 life_root_signature_present=true navigate_up_hits=0 family_care_signature_seen=false final_score=1 ok=false pass_reason='' fail_reason='life_root_not_stable'
[21:37:35] [SCENARIO][pre_nav][stabilization] phase='recover_initial_verify' attempt=2/2 life_selected=false app_bar_hits=0 visible_card_hits=0 life_root_signature_present=true navigate_up_hits=0 family_care_signature_seen=false final_score=1 ok=false pass_reason='' fail_reason='life_root_not_stable'
[21:37:35] [RECOVER][state] kind='unknown' initial_verify_ok=false initial_verify_reason='life_root_not_stable' app_bar_hits=0 visible_card_hits=0 life_root_signature_present=true navigate_up_hits=0 package_signature_present=false
[21:37:35] [RECOVER][fallback] entering_select_fallback
[21:37:37] [RECOVER][fallback] parse_error='TARGET_ACTION_RESULT JSON 파싱 실패: Expecting value: line 1 column 4031 (char 4030)'
[21:37:37] [RECOVER][fallback] resource_select_success=false label_select_success=false
[21:37:37] [RECOVER] failed reason='fallback_result_parse_error'
[21:37:37] [PLUGIN_START][recover_before_entry] retry=1/2 reason='recover_to_start_state_failed'
[21:37:37] [RECOVER] start
[21:37:38] [SCENARIO][pre_nav][stabilization] phase='recover_initial_verify' attempt=1/2 life_selected=false app_bar_hits=0 visible_card_hits=0 life_root_signature_present=true navigate_up_hits=0 family_care_signature_seen=false final_score=1 ok=false pass_reason='' fail_reason='life_root_not_stable'
[21:37:39] [SCENARIO][pre_nav][stabilization] phase='recover_initial_verify' attempt=2/2 life_selected=false app_bar_hits=0 visible_card_hits=0 life_root_signature_present=true navigate_up_hits=0 family_care_signature_seen=false final_score=1 ok=false pass_reason='' fail_reason='life_root_not_stable'
[21:37:39] [RECOVER][state] kind='unknown' initial_verify_ok=false initial_verify_reason='life_root_not_stable' app_bar_hits=0 visible_card_hits=0 life_root_signature_present=true navigate_up_hits=0 package_signature_present=false
[21:37:39] [RECOVER][fallback] entering_select_fallback
[21:37:41] [RECOVER][fallback] parse_error='TARGET_ACTION_RESULT JSON 파싱 실패: Expecting value: line 1 column 4031 (char 4030)'
[21:37:41] [RECOVER][fallback] resource_select_success=false label_select_success=false
[21:37:41] [RECOVER] failed reason='fallback_result_parse_error'
[21:37:41] [PLUGIN_START][recover_before_entry] success=false
[21:37:41] [PERF][scenario_summary] scenario=life_plant_care_plugin tab=(?i).*life.* total_runtime=9.0 total_steps=1 main_step_count=1 overlay_step_count=0 overlay_count=0 avg_get_focus=0.0 avg_move=0.0 avg_crop=0.0 avg_step_total=0.0 step_total_sample_count=0 avg_get_focus_main=0.0 avg_get_focus_overlay=0.0 fallback_dump_count=0 success_false_top_level_dump_attempt_count=0 success_false_top_level_dump_found_count=0 fallback_dump_rate=0.0 get_focus_strong_skip_count=0 get_focus_strong_skip_rate=0.0 step_dump_used_count=0 save_excel_count=0 realign_attempt_count=0 realign_success_count=0 realign_success_rate=0.0
[21:37:41] [RESULT] skipped anchor rows count=1
[21:37:41] [SAVE] writing sheets raw/filtered/summary/result
[21:37:41] [SAVE] filtered rows=12, raw rows=14
[21:37:41] [SAVE] saved excel: output/talkback_compare_20260414_213347.xlsx rows=14 with_images=False
[21:37:41] [RECOVER] start
[21:37:42] [SCENARIO][pre_nav][stabilization] phase='recover_initial_verify' attempt=1/2 life_selected=false app_bar_hits=0 visible_card_hits=0 life_root_signature_present=true navigate_up_hits=0 family_care_signature_seen=false final_score=1 ok=false pass_reason='' fail_reason='life_root_not_stable'
[21:37:42] [SCENARIO][pre_nav][stabilization] phase='recover_initial_verify' attempt=2/2 life_selected=false app_bar_hits=0 visible_card_hits=0 life_root_signature_present=true navigate_up_hits=0 family_care_signature_seen=false final_score=1 ok=false pass_reason='' fail_reason='life_root_not_stable'
[21:37:43] [RECOVER][state] kind='unknown' initial_verify_ok=false initial_verify_reason='life_root_not_stable' app_bar_hits=0 visible_card_hits=0 life_root_signature_present=true navigate_up_hits=0 package_signature_present=false
[21:37:43] [RECOVER][fallback] entering_select_fallback
[21:37:45] [RECOVER][fallback] parse_error='TARGET_ACTION_RESULT JSON 파싱 실패: Expecting value: line 1 column 4031 (char 4030)'
[21:37:45] [RECOVER][fallback] resource_select_success=false label_select_success=false
[21:37:45] [RECOVER] failed reason='fallback_result_parse_error'
[21:37:45] [MAIN] recovery failed but continuing scenario_id='life_clothing_care_plugin' tab='(?i).*life.*'
[21:37:45] [SCENARIO][stabilization] scenario='life_clothing_care_plugin' screen_context_mode='new_screen' stabilization_mode='anchor_only'
[21:37:46] [SCENARIO][pre_nav][stabilization] phase='plugin_start' attempt=1/2 life_selected=false app_bar_hits=0 visible_card_hits=0 life_root_signature_present=true navigate_up_hits=0 family_care_signature_seen=false final_score=1 ok=false pass_reason='' fail_reason='life_root_not_stable'
[21:37:46] [SCENARIO][pre_nav][stabilization] phase='plugin_start' attempt=2/2 life_selected=false app_bar_hits=0 visible_card_hits=0 life_root_signature_present=true navigate_up_hits=0 family_care_signature_seen=false final_score=1 ok=false pass_reason='' fail_reason='life_root_not_stable'
[21:37:46] [PLUGIN_START][life_list_check] ok=false reason='life_root_not_stable'
[21:37:46] [PLUGIN_START][recover_before_entry] triggered=true
[21:37:46] [RECOVER] start
[21:37:47] [SCENARIO][pre_nav][stabilization] phase='recover_initial_verify' attempt=1/2 life_selected=false app_bar_hits=0 visible_card_hits=0 life_root_signature_present=true navigate_up_hits=0 family_care_signature_seen=false final_score=1 ok=false pass_reason='' fail_reason='life_root_not_stable'
[21:37:47] [SCENARIO][pre_nav][stabilization] phase='recover_initial_verify' attempt=2/2 life_selected=false app_bar_hits=0 visible_card_hits=0 life_root_signature_present=true navigate_up_hits=0 family_care_signature_seen=false final_score=1 ok=false pass_reason='' fail_reason='life_root_not_stable'
[21:37:49] [RECOVER][state] kind='unknown' initial_verify_ok=false initial_verify_reason='life_root_not_stable' app_bar_hits=0 visible_card_hits=0 life_root_signature_present=true navigate_up_hits=0 package_signature_present=false
[21:37:49] [RECOVER][fallback] entering_select_fallback
[21:37:50] [RECOVER][fallback] parse_error='TARGET_ACTION_RESULT JSON 파싱 실패: Expecting value: line 1 column 4031 (char 4030)'
[21:37:50] [RECOVER][fallback] resource_select_success=false label_select_success=false
[21:37:50] [RECOVER] failed reason='fallback_result_parse_error'
[21:37:50] [PLUGIN_START][recover_before_entry] retry=1/2 reason='recover_to_start_state_failed'
[21:37:50] [RECOVER] start
[21:37:51] [SCENARIO][pre_nav][stabilization] phase='recover_initial_verify' attempt=1/2 life_selected=false app_bar_hits=0 visible_card_hits=0 life_root_signature_present=true navigate_up_hits=0 family_care_signature_seen=false final_score=1 ok=false pass_reason='' fail_reason='life_root_not_stable'
[21:37:52] [SCENARIO][pre_nav][stabilization] phase='recover_initial_verify' attempt=2/2 life_selected=false app_bar_hits=0 visible_card_hits=0 life_root_signature_present=true navigate_up_hits=0 family_care_signature_seen=false final_score=1 ok=false pass_reason='' fail_reason='life_root_not_stable'
[21:37:52] [RECOVER][state] kind='unknown' initial_verify_ok=false initial_verify_reason='life_root_not_stable' app_bar_hits=0 visible_card_hits=0 life_root_signature_present=true navigate_up_hits=0 package_signature_present=false
[21:37:52] [RECOVER][fallback] entering_select_fallback
[21:37:54] [RECOVER][fallback] parse_error='TARGET_ACTION_RESULT JSON 파싱 실패: Expecting value: line 1 column 4031 (char 4030)'
[21:37:54] [RECOVER][fallback] resource_select_success=false label_select_success=false
[21:37:54] [RECOVER] failed reason='fallback_result_parse_error'
[21:37:54] [PLUGIN_START][recover_before_entry] success=false
[21:37:54] [PERF][scenario_summary] scenario=life_clothing_care_plugin tab=(?i).*life.* total_runtime=9.2 total_steps=1 main_step_count=1 overlay_step_count=0 overlay_count=0 avg_get_focus=0.0 avg_move=0.0 avg_crop=0.0 avg_step_total=0.0 step_total_sample_count=0 avg_get_focus_main=0.0 avg_get_focus_overlay=0.0 fallback_dump_count=0 success_false_top_level_dump_attempt_count=0 success_false_top_level_dump_found_count=0 fallback_dump_rate=0.0 get_focus_strong_skip_count=0 get_focus_strong_skip_rate=0.0 step_dump_used_count=0 save_excel_count=0 realign_attempt_count=0 realign_success_count=0 realign_success_rate=0.0
[21:37:54] [RESULT] skipped anchor rows count=1
[21:37:54] [SAVE] writing sheets raw/filtered/summary/result
[21:37:54] [SAVE] filtered rows=13, raw rows=15
[21:37:55] [SAVE] saved excel: output/talkback_compare_20260414_213347.xlsx rows=15 with_images=False
[21:37:55] [RECOVER] start
[21:37:55] [SCENARIO][pre_nav][stabilization] phase='recover_initial_verify' attempt=1/2 life_selected=false app_bar_hits=0 visible_card_hits=0 life_root_signature_present=true navigate_up_hits=0 family_care_signature_seen=false final_score=1 ok=false pass_reason='' fail_reason='life_root_not_stable'
[21:37:56] [SCENARIO][pre_nav][stabilization] phase='recover_initial_verify' attempt=2/2 life_selected=false app_bar_hits=0 visible_card_hits=0 life_root_signature_present=true navigate_up_hits=0 family_care_signature_seen=false final_score=1 ok=false pass_reason='' fail_reason='life_root_not_stable'
[21:37:56] [RECOVER][state] kind='unknown' initial_verify_ok=false initial_verify_reason='life_root_not_stable' app_bar_hits=0 visible_card_hits=0 life_root_signature_present=true navigate_up_hits=0 package_signature_present=false
[21:37:56] [RECOVER][fallback] entering_select_fallback
[21:37:58] [RECOVER][fallback] parse_error='TARGET_ACTION_RESULT JSON 파싱 실패: Expecting value: line 1 column 4031 (char 4030)'
[21:37:58] [RECOVER][fallback] resource_select_success=false label_select_success=false
[21:37:58] [RECOVER] failed reason='fallback_result_parse_error'
[21:37:58] [MAIN] recovery failed but continuing scenario_id='life_find_plugin' tab='(?i).*life.*'
[21:37:58] [SCENARIO][stabilization] scenario='life_find_plugin' screen_context_mode='new_screen' stabilization_mode='anchor_only'
[21:37:59] [SCENARIO][pre_nav][stabilization] phase='plugin_start' attempt=1/2 life_selected=false app_bar_hits=0 visible_card_hits=0 life_root_signature_present=true navigate_up_hits=0 family_care_signature_seen=false final_score=1 ok=false pass_reason='' fail_reason='life_root_not_stable'
[21:38:00] [SCENARIO][pre_nav][stabilization] phase='plugin_start' attempt=2/2 life_selected=false app_bar_hits=0 visible_card_hits=0 life_root_signature_present=true navigate_up_hits=0 family_care_signature_seen=false final_score=1 ok=false pass_reason='' fail_reason='life_root_not_stable'
[21:38:00] [PLUGIN_START][life_list_check] ok=false reason='life_root_not_stable'
[21:38:00] [PLUGIN_START][recover_before_entry] triggered=true
[21:38:00] [RECOVER] start
[21:38:00] [SCENARIO][pre_nav][stabilization] phase='recover_initial_verify' attempt=1/2 life_selected=false app_bar_hits=0 visible_card_hits=0 life_root_signature_present=true navigate_up_hits=0 family_care_signature_seen=false final_score=1 ok=false pass_reason='' fail_reason='life_root_not_stable'
[21:38:01] [SCENARIO][pre_nav][stabilization] phase='recover_initial_verify' attempt=2/2 life_selected=false app_bar_hits=0 visible_card_hits=0 life_root_signature_present=true navigate_up_hits=0 family_care_signature_seen=false final_score=1 ok=false pass_reason='' fail_reason='life_root_not_stable'
[21:38:01] [RECOVER][state] kind='unknown' initial_verify_ok=false initial_verify_reason='life_root_not_stable' app_bar_hits=0 visible_card_hits=0 life_root_signature_present=true navigate_up_hits=0 package_signature_present=false
[21:38:01] [RECOVER][fallback] entering_select_fallback
[21:38:03] [RECOVER][fallback] parse_error='TARGET_ACTION_RESULT JSON 파싱 실패: Expecting value: line 1 column 4031 (char 4030)'
[21:38:03] [RECOVER][fallback] resource_select_success=false label_select_success=false
[21:38:03] [RECOVER] failed reason='fallback_result_parse_error'
[21:38:03] [PLUGIN_START][recover_before_entry] retry=1/2 reason='recover_to_start_state_failed'
[21:38:03] [RECOVER] start
[21:38:04] [SCENARIO][pre_nav][stabilization] phase='recover_initial_verify' attempt=1/2 life_selected=false app_bar_hits=0 visible_card_hits=0 life_root_signature_present=true navigate_up_hits=0 family_care_signature_seen=false final_score=1 ok=false pass_reason='' fail_reason='life_root_not_stable'
[21:38:05] [SCENARIO][pre_nav][stabilization] phase='recover_initial_verify' attempt=2/2 life_selected=false app_bar_hits=0 visible_card_hits=0 life_root_signature_present=true navigate_up_hits=0 family_care_signature_seen=false final_score=1 ok=false pass_reason='' fail_reason='life_root_not_stable'
[21:38:05] [RECOVER][state] kind='unknown' initial_verify_ok=false initial_verify_reason='life_root_not_stable' app_bar_hits=0 visible_card_hits=0 life_root_signature_present=true navigate_up_hits=0 package_signature_present=false
[21:38:05] [RECOVER][fallback] entering_select_fallback
[21:38:07] [RECOVER][fallback] parse_error='TARGET_ACTION_RESULT JSON 파싱 실패: Expecting value: line 1 column 4031 (char 4030)'
[21:38:07] [RECOVER][fallback] resource_select_success=false label_select_success=false
[21:38:07] [RECOVER] failed reason='fallback_result_parse_error'
[21:38:07] [PLUGIN_START][recover_before_entry] success=false
[21:38:07] [PERF][scenario_summary] scenario=life_find_plugin tab=(?i).*life.* total_runtime=9.1 total_steps=1 main_step_count=1 overlay_step_count=0 overlay_count=0 avg_get_focus=0.0 avg_move=0.0 avg_crop=0.0 avg_step_total=0.0 step_total_sample_count=0 avg_get_focus_main=0.0 avg_get_focus_overlay=0.0 fallback_dump_count=0 success_false_top_level_dump_attempt_count=0 success_false_top_level_dump_found_count=0 fallback_dump_rate=0.0 get_focus_strong_skip_count=0 get_focus_strong_skip_rate=0.0 step_dump_used_count=0 save_excel_count=0 realign_attempt_count=0 realign_success_count=0 realign_success_rate=0.0
[21:38:07] [RESULT] skipped anchor rows count=1
[21:38:07] [SAVE] writing sheets raw/filtered/summary/result
[21:38:07] [SAVE] filtered rows=14, raw rows=16
[21:38:07] [SAVE] saved excel: output/talkback_compare_20260414_213347.xlsx rows=16 with_images=False
[21:38:07] [RECOVER] start
[21:38:08] [SCENARIO][pre_nav][stabilization] phase='recover_initial_verify' attempt=1/2 life_selected=false app_bar_hits=0 visible_card_hits=0 life_root_signature_present=true navigate_up_hits=0 family_care_signature_seen=false final_score=1 ok=false pass_reason='' fail_reason='life_root_not_stable'
[21:38:09] [SCENARIO][pre_nav][stabilization] phase='recover_initial_verify' attempt=2/2 life_selected=false app_bar_hits=0 visible_card_hits=0 life_root_signature_present=true navigate_up_hits=0 family_care_signature_seen=false final_score=1 ok=false pass_reason='' fail_reason='life_root_not_stable'
[21:38:09] [RECOVER][state] kind='unknown' initial_verify_ok=false initial_verify_reason='life_root_not_stable' app_bar_hits=0 visible_card_hits=0 life_root_signature_present=true navigate_up_hits=0 package_signature_present=false
[21:38:09] [RECOVER][fallback] entering_select_fallback
[21:38:11] [RECOVER][fallback] parse_error='TARGET_ACTION_RESULT JSON 파싱 실패: Expecting value: line 1 column 4031 (char 4030)'
[21:38:11] [RECOVER][fallback] resource_select_success=false label_select_success=false
[21:38:11] [RECOVER] failed reason='fallback_result_parse_error'
[21:38:11] [MAIN] recovery failed but continuing scenario_id='life_video_plugin' tab='(?i).*life.*'
[21:38:11] [SCENARIO][stabilization] scenario='life_video_plugin' screen_context_mode='new_screen' stabilization_mode='anchor_only'
[21:38:12] [SCENARIO][pre_nav][stabilization] phase='plugin_start' attempt=1/2 life_selected=false app_bar_hits=0 visible_card_hits=0 life_root_signature_present=true navigate_up_hits=0 family_care_signature_seen=false final_score=1 ok=false pass_reason='' fail_reason='life_root_not_stable'
[21:38:12] [SCENARIO][pre_nav][stabilization] phase='plugin_start' attempt=2/2 life_selected=false app_bar_hits=0 visible_card_hits=0 life_root_signature_present=true navigate_up_hits=0 family_care_signature_seen=false final_score=1 ok=false pass_reason='' fail_reason='life_root_not_stable'
[21:38:12] [PLUGIN_START][life_list_check] ok=false reason='life_root_not_stable'
[21:38:12] [PLUGIN_START][recover_before_entry] triggered=true
[21:38:12] [RECOVER] start
[21:38:13] [SCENARIO][pre_nav][stabilization] phase='recover_initial_verify' attempt=1/2 life_selected=false app_bar_hits=0 visible_card_hits=0 life_root_signature_present=true navigate_up_hits=0 family_care_signature_seen=false final_score=1 ok=false pass_reason='' fail_reason='life_root_not_stable'
[21:38:14] [SCENARIO][pre_nav][stabilization] phase='recover_initial_verify' attempt=2/2 life_selected=false app_bar_hits=0 visible_card_hits=0 life_root_signature_present=true navigate_up_hits=0 family_care_signature_seen=false final_score=1 ok=false pass_reason='' fail_reason='life_root_not_stable'
[21:38:14] [RECOVER][state] kind='unknown' initial_verify_ok=false initial_verify_reason='life_root_not_stable' app_bar_hits=0 visible_card_hits=0 life_root_signature_present=true navigate_up_hits=0 package_signature_present=false
[21:38:14] [RECOVER][fallback] entering_select_fallback
[21:38:16] [RECOVER][fallback] parse_error='TARGET_ACTION_RESULT JSON 파싱 실패: Expecting value: line 1 column 4031 (char 4030)'
[21:38:16] [RECOVER][fallback] resource_select_success=false label_select_success=false
[21:38:16] [RECOVER] failed reason='fallback_result_parse_error'
[21:38:16] [PLUGIN_START][recover_before_entry] retry=1/2 reason='recover_to_start_state_failed'
[21:38:16] [RECOVER] start
[21:38:17] [SCENARIO][pre_nav][stabilization] phase='recover_initial_verify' attempt=1/2 life_selected=false app_bar_hits=0 visible_card_hits=0 life_root_signature_present=true navigate_up_hits=0 family_care_signature_seen=false final_score=1 ok=false pass_reason='' fail_reason='life_root_not_stable'
[21:38:17] [SCENARIO][pre_nav][stabilization] phase='recover_initial_verify' attempt=2/2 life_selected=false app_bar_hits=0 visible_card_hits=0 life_root_signature_present=true navigate_up_hits=0 family_care_signature_seen=false final_score=1 ok=false pass_reason='' fail_reason='life_root_not_stable'
[21:38:18] [RECOVER][state] kind='unknown' initial_verify_ok=false initial_verify_reason='life_root_not_stable' app_bar_hits=0 visible_card_hits=0 life_root_signature_present=true navigate_up_hits=0 package_signature_present=false
[21:38:18] [RECOVER][fallback] entering_select_fallback
[21:38:20] [RECOVER][fallback] parse_error='TARGET_ACTION_RESULT JSON 파싱 실패: Expecting value: line 1 column 4031 (char 4030)'
[21:38:20] [RECOVER][fallback] resource_select_success=false label_select_success=false
[21:38:20] [RECOVER] failed reason='fallback_result_parse_error'
[21:38:20] [PLUGIN_START][recover_before_entry] success=false
[21:38:20] [PERF][scenario_summary] scenario=life_video_plugin tab=(?i).*life.* total_runtime=9.1 total_steps=1 main_step_count=1 overlay_step_count=0 overlay_count=0 avg_get_focus=0.0 avg_move=0.0 avg_crop=0.0 avg_step_total=0.0 step_total_sample_count=0 avg_get_focus_main=0.0 avg_get_focus_overlay=0.0 fallback_dump_count=0 success_false_top_level_dump_attempt_count=0 success_false_top_level_dump_found_count=0 fallback_dump_rate=0.0 get_focus_strong_skip_count=0 get_focus_strong_skip_rate=0.0 step_dump_used_count=0 save_excel_count=0 realign_attempt_count=0 realign_success_count=0 realign_success_rate=0.0
[21:38:20] [RESULT] skipped anchor rows count=1
[21:38:20] [SAVE] writing sheets raw/filtered/summary/result
[21:38:20] [SAVE] filtered rows=15, raw rows=17
[21:38:21] [SAVE] saved excel: output/talkback_compare_20260414_213347.xlsx rows=17 with_images=False
[21:38:21] [RECOVER] start
[21:38:21] [SCENARIO][pre_nav][stabilization] phase='recover_initial_verify' attempt=1/2 life_selected=false app_bar_hits=0 visible_card_hits=0 life_root_signature_present=true navigate_up_hits=0 family_care_signature_seen=false final_score=1 ok=false pass_reason='' fail_reason='life_root_not_stable'
[21:38:22] [SCENARIO][pre_nav][stabilization] phase='recover_initial_verify' attempt=2/2 life_selected=false app_bar_hits=0 visible_card_hits=0 life_root_signature_present=true navigate_up_hits=0 family_care_signature_seen=false final_score=1 ok=false pass_reason='' fail_reason='life_root_not_stable'
[21:38:22] [RECOVER][state] kind='unknown' initial_verify_ok=false initial_verify_reason='life_root_not_stable' app_bar_hits=0 visible_card_hits=0 life_root_signature_present=true navigate_up_hits=0 package_signature_present=false
[21:38:22] [RECOVER][fallback] entering_select_fallback
[21:38:25] [RECOVER][fallback] parse_error='TARGET_ACTION_RESULT JSON 파싱 실패: Expecting value: line 1 column 4031 (char 4030)'
[21:38:25] [RECOVER][fallback] resource_select_success=false label_select_success=false
[21:38:25] [RECOVER] failed reason='fallback_result_parse_error'
[21:38:25] [MAIN] recovery failed but continuing scenario_id='life_home_monitor_plugin' tab='(?i).*life.*'
[21:38:25] [SCENARIO][stabilization] scenario='life_home_monitor_plugin' screen_context_mode='new_screen' stabilization_mode='anchor_only'
[21:38:25] [SCENARIO][pre_nav][stabilization] phase='plugin_start' attempt=1/2 life_selected=false app_bar_hits=0 visible_card_hits=0 life_root_signature_present=true navigate_up_hits=0 family_care_signature_seen=false final_score=1 ok=false pass_reason='' fail_reason='life_root_not_stable'
[21:38:26] [SCENARIO][pre_nav][stabilization] phase='plugin_start' attempt=2/2 life_selected=false app_bar_hits=0 visible_card_hits=0 life_root_signature_present=true navigate_up_hits=0 family_care_signature_seen=false final_score=1 ok=false pass_reason='' fail_reason='life_root_not_stable'
[21:38:26] [PLUGIN_START][life_list_check] ok=false reason='life_root_not_stable'
[21:38:26] [PLUGIN_START][recover_before_entry] triggered=true
[21:38:26] [RECOVER] start
[21:38:26] [SCENARIO][pre_nav][stabilization] phase='recover_initial_verify' attempt=1/2 life_selected=false app_bar_hits=0 visible_card_hits=0 life_root_signature_present=true navigate_up_hits=0 family_care_signature_seen=false final_score=1 ok=false pass_reason='' fail_reason='life_root_not_stable'
[21:38:27] [SCENARIO][pre_nav][stabilization] phase='recover_initial_verify' attempt=2/2 life_selected=false app_bar_hits=0 visible_card_hits=0 life_root_signature_present=true navigate_up_hits=0 family_care_signature_seen=false final_score=1 ok=false pass_reason='' fail_reason='life_root_not_stable'
[21:38:27] [RECOVER][state] kind='unknown' initial_verify_ok=false initial_verify_reason='life_root_not_stable' app_bar_hits=0 visible_card_hits=0 life_root_signature_present=true navigate_up_hits=0 package_signature_present=false
[21:38:27] [RECOVER][fallback] entering_select_fallback
[21:38:30] [RECOVER][fallback] parse_error='TARGET_ACTION_RESULT JSON 파싱 실패: Expecting value: line 1 column 4031 (char 4030)'
[21:38:30] [RECOVER][fallback] resource_select_success=false label_select_success=false
[21:38:30] [RECOVER] failed reason='fallback_result_parse_error'
[21:38:30] [PLUGIN_START][recover_before_entry] retry=1/2 reason='recover_to_start_state_failed'
[21:38:30] [RECOVER] start
[21:38:30] [SCENARIO][pre_nav][stabilization] phase='recover_initial_verify' attempt=1/2 life_selected=false app_bar_hits=0 visible_card_hits=0 life_root_signature_present=true navigate_up_hits=0 family_care_signature_seen=false final_score=1 ok=false pass_reason='' fail_reason='life_root_not_stable'
[21:38:31] [SCENARIO][pre_nav][stabilization] phase='recover_initial_verify' attempt=2/2 life_selected=false app_bar_hits=0 visible_card_hits=0 life_root_signature_present=true navigate_up_hits=0 family_care_signature_seen=false final_score=1 ok=false pass_reason='' fail_reason='life_root_not_stable'
[21:38:31] [RECOVER][state] kind='unknown' initial_verify_ok=false initial_verify_reason='life_root_not_stable' app_bar_hits=0 visible_card_hits=0 life_root_signature_present=true navigate_up_hits=0 package_signature_present=false
[21:38:31] [RECOVER][fallback] entering_select_fallback
[21:38:33] [RECOVER][fallback] parse_error='TARGET_ACTION_RESULT JSON 파싱 실패: Expecting value: line 1 column 4031 (char 4030)'
[21:38:33] [RECOVER][fallback] resource_select_success=false label_select_success=false
[21:38:33] [RECOVER] failed reason='fallback_result_parse_error'
[21:38:33] [PLUGIN_START][recover_before_entry] success=false
[21:38:33] [PERF][scenario_summary] scenario=life_home_monitor_plugin tab=(?i).*life.* total_runtime=8.5 total_steps=1 main_step_count=1 overlay_step_count=0 overlay_count=0 avg_get_focus=0.0 avg_move=0.0 avg_crop=0.0 avg_step_total=0.0 step_total_sample_count=0 avg_get_focus_main=0.0 avg_get_focus_overlay=0.0 fallback_dump_count=0 success_false_top_level_dump_attempt_count=0 success_false_top_level_dump_found_count=0 fallback_dump_rate=0.0 get_focus_strong_skip_count=0 get_focus_strong_skip_rate=0.0 step_dump_used_count=0 save_excel_count=0 realign_attempt_count=0 realign_success_count=0 realign_success_rate=0.0
[21:38:33] [RESULT] skipped anchor rows count=1
[21:38:33] [SAVE] writing sheets raw/filtered/summary/result
[21:38:33] [SAVE] filtered rows=16, raw rows=18
[21:38:33] [SAVE] saved excel: output/talkback_compare_20260414_213347.xlsx rows=18 with_images=False
[21:38:33] [RECOVER] start
[21:38:34] [SCENARIO][pre_nav][stabilization] phase='recover_initial_verify' attempt=1/2 life_selected=false app_bar_hits=0 visible_card_hits=0 life_root_signature_present=true navigate_up_hits=0 family_care_signature_seen=false final_score=1 ok=false pass_reason='' fail_reason='life_root_not_stable'
[21:38:35] [SCENARIO][pre_nav][stabilization] phase='recover_initial_verify' attempt=2/2 life_selected=false app_bar_hits=0 visible_card_hits=0 life_root_signature_present=true navigate_up_hits=0 family_care_signature_seen=false final_score=1 ok=false pass_reason='' fail_reason='life_root_not_stable'
[21:38:35] [RECOVER][state] kind='unknown' initial_verify_ok=false initial_verify_reason='life_root_not_stable' app_bar_hits=0 visible_card_hits=0 life_root_signature_present=true navigate_up_hits=0 package_signature_present=false
[21:38:35] [RECOVER][fallback] entering_select_fallback
[21:38:37] [RECOVER][fallback] parse_error='TARGET_ACTION_RESULT JSON 파싱 실패: Expecting value: line 1 column 4031 (char 4030)'
[21:38:37] [RECOVER][fallback] resource_select_success=false label_select_success=false
[21:38:37] [RECOVER] failed reason='fallback_result_parse_error'
[21:38:37] [MAIN] recovery failed but continuing scenario_id='life_music_sync_plugin' tab='(?i).*life.*'
[21:38:37] [SCENARIO][stabilization] scenario='life_music_sync_plugin' screen_context_mode='new_screen' stabilization_mode='anchor_only'
[21:38:38] [SCENARIO][pre_nav][stabilization] phase='plugin_start' attempt=1/2 life_selected=false app_bar_hits=0 visible_card_hits=0 life_root_signature_present=true navigate_up_hits=0 family_care_signature_seen=false final_score=1 ok=false pass_reason='' fail_reason='life_root_not_stable'
[21:38:39] [SCENARIO][pre_nav][stabilization] phase='plugin_start' attempt=2/2 life_selected=false app_bar_hits=0 visible_card_hits=0 life_root_signature_present=true navigate_up_hits=0 family_care_signature_seen=false final_score=1 ok=false pass_reason='' fail_reason='life_root_not_stable'
[21:38:39] [PLUGIN_START][life_list_check] ok=false reason='life_root_not_stable'
[21:38:39] [PLUGIN_START][recover_before_entry] triggered=true
[21:38:39] [RECOVER] start
[21:38:39] [SCENARIO][pre_nav][stabilization] phase='recover_initial_verify' attempt=1/2 life_selected=false app_bar_hits=0 visible_card_hits=0 life_root_signature_present=true navigate_up_hits=0 family_care_signature_seen=false final_score=1 ok=false pass_reason='' fail_reason='life_root_not_stable'
[21:38:40] [SCENARIO][pre_nav][stabilization] phase='recover_initial_verify' attempt=2/2 life_selected=false app_bar_hits=0 visible_card_hits=0 life_root_signature_present=true navigate_up_hits=0 family_care_signature_seen=false final_score=1 ok=false pass_reason='' fail_reason='life_root_not_stable'
[21:38:40] [RECOVER][state] kind='unknown' initial_verify_ok=false initial_verify_reason='life_root_not_stable' app_bar_hits=0 visible_card_hits=0 life_root_signature_present=true navigate_up_hits=0 package_signature_present=false
[21:38:40] [RECOVER][fallback] entering_select_fallback
[21:38:42] [RECOVER][fallback] parse_error='TARGET_ACTION_RESULT JSON 파싱 실패: Expecting value: line 1 column 4031 (char 4030)'
[21:38:42] [RECOVER][fallback] resource_select_success=false label_select_success=false
[21:38:42] [RECOVER] failed reason='fallback_result_parse_error'
[21:38:42] [PLUGIN_START][recover_before_entry] retry=1/2 reason='recover_to_start_state_failed'
[21:38:42] [RECOVER] start
[21:38:43] [SCENARIO][pre_nav][stabilization] phase='recover_initial_verify' attempt=1/2 life_selected=false app_bar_hits=0 visible_card_hits=0 life_root_signature_present=true navigate_up_hits=0 family_care_signature_seen=false final_score=1 ok=false pass_reason='' fail_reason='life_root_not_stable'
[21:38:44] [SCENARIO][pre_nav][stabilization] phase='recover_initial_verify' attempt=2/2 life_selected=false app_bar_hits=0 visible_card_hits=0 life_root_signature_present=true navigate_up_hits=0 family_care_signature_seen=false final_score=1 ok=false pass_reason='' fail_reason='life_root_not_stable'
[21:38:44] [RECOVER][state] kind='unknown' initial_verify_ok=false initial_verify_reason='life_root_not_stable' app_bar_hits=0 visible_card_hits=0 life_root_signature_present=true navigate_up_hits=0 package_signature_present=false
[21:38:44] [RECOVER][fallback] entering_select_fallback
[21:38:46] [RECOVER][fallback] parse_error='TARGET_ACTION_RESULT JSON 파싱 실패: Expecting value: line 1 column 4031 (char 4030)'
[21:38:46] [RECOVER][fallback] resource_select_success=false label_select_success=false
[21:38:46] [RECOVER] failed reason='fallback_result_parse_error'
[21:38:46] [PLUGIN_START][recover_before_entry] success=false
[21:38:46] [PERF][scenario_summary] scenario=life_music_sync_plugin tab=(?i).*life.* total_runtime=9.0 total_steps=1 main_step_count=1 overlay_step_count=0 overlay_count=0 avg_get_focus=0.0 avg_move=0.0 avg_crop=0.0 avg_step_total=0.0 step_total_sample_count=0 avg_get_focus_main=0.0 avg_get_focus_overlay=0.0 fallback_dump_count=0 success_false_top_level_dump_attempt_count=0 success_false_top_level_dump_found_count=0 fallback_dump_rate=0.0 get_focus_strong_skip_count=0 get_focus_strong_skip_rate=0.0 step_dump_used_count=0 save_excel_count=0 realign_attempt_count=0 realign_success_count=0 realign_success_rate=0.0
[21:38:46] [RESULT] skipped anchor rows count=1
[21:38:46] [SAVE] writing sheets raw/filtered/summary/result
[21:38:46] [SAVE] filtered rows=17, raw rows=19
[21:38:46] [SAVE] saved excel: output/talkback_compare_20260414_213347.xlsx rows=19 with_images=False
[21:38:46] [RESULT] skipped anchor rows count=1
[21:38:46] [SAVE] writing sheets raw/filtered/summary/result
[21:38:46] [SAVE] filtered rows=17, raw rows=19
[21:38:47] [SAVE] saved excel: output/talkback_compare_20260414_213347.xlsx rows=19 with_images=True
[21:38:47] [MAIN] final save complete
[21:38:47] [PERF][run_summary] total_runtime=298.3 total_scenarios=11 total_steps=19 total_overlay_count=1 avg_get_focus=0.407 avg_move=0.207 fallback_dump_count=0 success_false_top_level_dump_attempt_count=0 success_false_top_level_dump_found_count=0 fallback_dump_rate=0.0 get_focus_strong_skip_rate=47.4 realign_success_rate=100.0 save_excel_count=16
