[21:58:22] [SAVE][temp] override tmp='D:\Python test\talkback-a11y-helper\output\.tmp' temp='D:\Python test\talkback-a11y-helper\output\.tmp' applied=true
[21:58:22] [MAIN] script start (version=1.7.81, log_level=NORMAL)
[21:58:24] [PREFLIGHT] talkback status='enabled'
[21:58:24] [MAIN] output file: output/talkback_compare_20260414_215822.xlsx
[21:58:24] [MAIN] image dir base: output\talkback_compare_20260414_215822
[21:58:24] [CONFIG] runtime config loaded path='config\runtime_config.json'
[21:58:24] [GLOBAL_NAV][guard] forcing stabilization_mode='tab_context' scenario='global_nav_main' requested='anchor_then_context'
[21:58:24] [CONFIG] scenario resolved scenario='global_nav_main' group='main_tabs' max_steps=10 enabled=False
[21:58:24] [CONFIG] applied shared_navigation='default_global_nav'
[21:58:24] [CONFIG] scenario enabled scenario='global_nav_main' source='runtime' enabled=False base_enabled=False
[21:58:24] [CONFIG] scenario resolved scenario='home_main' group='main_tabs' max_steps=5 enabled=False
[21:58:24] [CONFIG] applied shared_navigation='bottom_tab_global_nav'
[21:58:24] [CONFIG] scenario enabled scenario='home_main' source='runtime' enabled=False base_enabled=False
[21:58:24] [CONFIG] scenario resolved scenario='life_food_plugin' group='plugin_screen' max_steps=5 enabled=False
[21:58:24] [CONFIG] applied pre_navigation_ref='enter_food_plugin'
[21:58:24] [CONFIG] scenario enabled scenario='life_food_plugin' source='runtime' enabled=False base_enabled=False
[21:58:24] [CONFIG] scenario resolved scenario='life_air_care_plugin' group='-' max_steps=5 enabled=True
[21:58:24] [CONFIG] scenario enabled scenario='life_air_care_plugin' source='runtime' enabled=True base_enabled=False
[21:58:24] [CONFIG] scenario resolved scenario='life_home_care_plugin' group='-' max_steps=5 enabled=True
[21:58:24] [CONFIG] scenario enabled scenario='life_home_care_plugin' source='runtime' enabled=True base_enabled=False
[21:58:24] [CONFIG] scenario resolved scenario='life_energy_plugin' group='-' max_steps=5 enabled=True
[21:58:24] [CONFIG] scenario enabled scenario='life_energy_plugin' source='runtime' enabled=True base_enabled=False
[21:58:24] [CONFIG] scenario resolved scenario='devices_main' group='main_tabs' max_steps=10 enabled=False
[21:58:24] [CONFIG] applied shared_navigation='bottom_tab_global_nav'
[21:58:24] [CONFIG] applied anchor_ref='home_tab_anchor'
[21:58:24] [CONFIG] scenario enabled scenario='devices_main' source='runtime' enabled=False base_enabled=False
[21:58:24] [CONFIG] scenario resolved scenario='life_main' group='main_tabs' max_steps=30 enabled=False
[21:58:24] [CONFIG] applied shared_navigation='bottom_tab_global_nav'
[21:58:24] [CONFIG] scenario enabled scenario='life_main' source='runtime' enabled=False base_enabled=False
[21:58:24] [CONFIG] scenario resolved scenario='routines_main' group='main_tabs' max_steps=30 enabled=False
[21:58:24] [CONFIG] applied shared_navigation='bottom_tab_global_nav'
[21:58:24] [CONFIG] scenario enabled scenario='routines_main' source='runtime' enabled=False base_enabled=False
[21:58:24] [CONFIG] scenario resolved scenario='menu_main' group='main_tabs' max_steps=30 enabled=False
[21:58:24] [CONFIG] applied shared_navigation='bottom_tab_global_nav'
[21:58:24] [CONFIG] scenario enabled scenario='menu_main' source='runtime' enabled=False base_enabled=False
[21:58:24] [CONFIG] scenario resolved scenario='settings_entry_example' group='plugin_screen' max_steps=5 enabled=False
[21:58:24] [CONFIG] applied anchor_ref='settings_button_anchor'
[21:58:24] [CONFIG] applied pre_navigation_ref='enter_settings'
[21:58:24] [CONFIG] scenario enabled scenario='settings_entry_example' source='runtime' enabled=False base_enabled=False
[21:58:24] [CONFIG] scenario resolved scenario='life_pet_care_plugin' group='-' max_steps=5 enabled=True
[21:58:24] [CONFIG] scenario enabled scenario='life_pet_care_plugin' source='runtime' enabled=True base_enabled=False
[21:58:24] [CONFIG] scenario resolved scenario='life_family_care_plugin' group='-' max_steps=5 enabled=True
[21:58:24] [CONFIG] scenario enabled scenario='life_family_care_plugin' source='runtime' enabled=True base_enabled=False
[21:58:24] [CONFIG] scenario resolved scenario='life_plant_care_plugin' group='-' max_steps=5 enabled=True
[21:58:24] [CONFIG] scenario enabled scenario='life_plant_care_plugin' source='runtime' enabled=True base_enabled=False
[21:58:24] [CONFIG] scenario resolved scenario='life_clothing_care_plugin' group='-' max_steps=5 enabled=True
[21:58:24] [CONFIG] scenario enabled scenario='life_clothing_care_plugin' source='runtime' enabled=True base_enabled=False
[21:58:24] [CONFIG] scenario resolved scenario='life_find_plugin' group='-' max_steps=5 enabled=True
[21:58:24] [CONFIG] scenario enabled scenario='life_find_plugin' source='runtime' enabled=True base_enabled=False
[21:58:24] [CONFIG] scenario resolved scenario='life_video_plugin' group='-' max_steps=5 enabled=True
[21:58:24] [CONFIG] scenario enabled scenario='life_video_plugin' source='runtime' enabled=True base_enabled=False
[21:58:24] [CONFIG] scenario resolved scenario='life_home_monitor_plugin' group='-' max_steps=5 enabled=True
[21:58:24] [CONFIG] scenario enabled scenario='life_home_monitor_plugin' source='runtime' enabled=True base_enabled=False
[21:58:24] [CONFIG] scenario resolved scenario='life_music_sync_plugin' group='-' max_steps=5 enabled=True
[21:58:24] [CONFIG] scenario enabled scenario='life_music_sync_plugin' source='runtime' enabled=True base_enabled=False
[21:58:24] [MAIN] skip disabled scenario_id='global_nav_main' tab='(?i).*(home|devices|life|routines|menu).*'
[21:58:24] [MAIN] skip disabled scenario_id='home_main' tab='(?i).*home.*'
[21:58:24] [MAIN] skip disabled scenario_id='life_food_plugin' tab='(?i).*life.*'
[21:58:24] [SCENARIO][stabilization] scenario='life_air_care_plugin' screen_context_mode='new_screen' stabilization_mode='anchor_only'
[21:58:24] [SCENARIO][pre_nav][stabilization] phase='plugin_start' attempt=1/2 life_selected=false app_bar_hits=4 visible_card_hits=0 life_root_signature_present=false navigate_up_hits=0 family_care_signature_seen=true final_score=2 ok=false pass_reason='' fail_reason='life_root_not_stable'
[21:58:25] [SCENARIO][pre_nav][stabilization] phase='plugin_start' attempt=2/2 life_selected=false app_bar_hits=4 visible_card_hits=0 life_root_signature_present=false navigate_up_hits=0 family_care_signature_seen=true final_score=2 ok=false pass_reason='' fail_reason='life_root_not_stable'
[21:58:25] [PLUGIN_START][life_list_check] ok=false reason='life_root_not_stable'
[21:58:25] [PLUGIN_START][recover_before_entry] triggered=true
[21:58:25] [RECOVER] start
[21:58:25] [SCENARIO][pre_nav][stabilization] phase='recover_initial_verify' attempt=1/2 life_selected=false app_bar_hits=4 visible_card_hits=0 life_root_signature_present=false navigate_up_hits=0 family_care_signature_seen=true final_score=2 ok=false pass_reason='' fail_reason='life_root_not_stable'
[21:58:26] [SCENARIO][pre_nav][stabilization] phase='recover_initial_verify' attempt=2/2 life_selected=false app_bar_hits=4 visible_card_hits=0 life_root_signature_present=false navigate_up_hits=0 family_care_signature_seen=true final_score=2 ok=false pass_reason='' fail_reason='life_root_not_stable'
[21:58:27] [RECOVER][state] kind='plugin_detail_like' initial_verify_ok=false initial_verify_reason='life_root_not_stable' app_bar_hits=4 visible_card_hits=0 life_root_signature_present=false navigate_up_hits=0 package_signature_present=true
[21:58:27] [RECOVER][detail_exit] start
[21:58:27] [RECOVER][detail_exit] back_sent=true
[21:58:29] [SCENARIO][pre_nav][stabilization] phase='recover_detail_exit_back' attempt=1/2 life_selected=false app_bar_hits=0 visible_card_hits=0 life_root_signature_present=true navigate_up_hits=0 family_care_signature_seen=false final_score=1 ok=false pass_reason='' fail_reason='life_root_not_stable'
[21:58:29] [SCENARIO][pre_nav][stabilization] phase='recover_detail_exit_back' attempt=2/2 life_selected=false app_bar_hits=4 visible_card_hits=1 life_root_signature_present=true navigate_up_hits=0 family_care_signature_seen=false final_score=3 ok=true pass_reason='life_root_signature_and_structure_confirmed' fail_reason=''
[21:58:29] [RECOVER][detail_exit] verify_ok=true reason='root_state_stable'
[21:58:29] [RECOVER] success reason='detail_exit_back_verified'
[21:58:30] [SCENARIO][pre_nav][stabilization] phase='plugin_start_post_recover' attempt=1/2 life_selected=false app_bar_hits=4 visible_card_hits=1 life_root_signature_present=true navigate_up_hits=0 family_care_signature_seen=false final_score=3 ok=true pass_reason='life_root_signature_and_structure_confirmed' fail_reason=''
[21:58:30] [PLUGIN_START][life_list_check] ok=true reason='root_state_stable'
[21:58:30] [PLUGIN_START][recover_before_entry] success=true
[21:58:30] [CONTEXT] skipped reason='new_screen_mode' phase='tab_select'
[21:58:30] [TAB][select] fallback_to_legacy=True scenario='life_air_care_plugin'
[21:58:37] [TRACE][open_scenario] scenario='life_air_care_plugin' stabilization_mode='anchor_only' focus_align_attempted=True focus_align_ok=True focus_align_reason='' context_ok=False anchor_matched=False anchor_stable=False
[21:58:38] [SCENARIO][pre_nav] step=1 action=xml_scroll_search_tap target='(?i)(^smart\s*air\s*care$|^air\s*care$|air\s*care\.|\baircare\b|에어\s*케어)'
[21:58:38] [XMLENTRY][search] pre_reset scroll_to_top=true
[21:58:43] [XMLENTRY][search] step=0/5 visible_candidates=69 target_candidates=0
[21:58:43] [XMLENTRY][search][top] rank=1 reason='card_like_container' text='' rid='com.samsung.android.oneconnect:id/app_bar' class='android.widget.LinearLayout' bounds='0,94,1080,310' area_ratio='0.1125' target_match=false match_source='' matched_phrase='' negative_plugin_phrase=''
[21:58:43] [XMLENTRY][search][top] rank=2 reason='card_like_container' text='우리 집, Change location' rid='com.samsung.android.oneconnect:id/small_title_bar' class='android.widget.RelativeLayout' bounds='180,118,810,310' area_ratio='0.0583' target_match=false match_source='' matched_phrase='' negative_plugin_phrase=''
[21:58:43] [XMLENTRY][search][top] rank=3 reason='actionable_container' text='' rid='' class='android.widget.RelativeLayout' bounds='42,310,1038,1042' area_ratio='0.3516' target_match=false match_source='' matched_phrase='' negative_plugin_phrase='family care'
[21:58:45] [XMLENTRY][scroll] step=0/5 performed=true reason='no_strict_target_candidate'
[21:58:48] [XMLENTRY][search] step=1/5 visible_candidates=61 target_candidates=0
[21:58:48] [XMLENTRY][search][top] rank=1 reason='card_like_container' text='' rid='com.samsung.android.oneconnect:id/app_bar' class='android.widget.LinearLayout' bounds='0,94,1080,310' area_ratio='0.1125' target_match=false match_source='' matched_phrase='' negative_plugin_phrase=''
[21:58:48] [XMLENTRY][search][top] rank=2 reason='card_like_container' text='우리 집, Change location' rid='com.samsung.android.oneconnect:id/small_title_bar' class='android.widget.RelativeLayout' bounds='180,118,810,310' area_ratio='0.0583' target_match=false match_source='' matched_phrase='' negative_plugin_phrase=''
[21:58:48] [XMLENTRY][search][top] rank=3 reason='actionable_container' text='' rid='' class='android.widget.RelativeLayout' bounds='42,310,1038,602' area_ratio='0.1403' target_match=false match_source='' matched_phrase='' negative_plugin_phrase='home care'
[21:58:50] [XMLENTRY][scroll] step=1/5 performed=true reason='no_strict_target_candidate'
[21:58:53] [XMLENTRY][search] step=2/5 visible_candidates=59 target_candidates=3
[21:58:53] [XMLENTRY][search][top] rank=1 reason='card_like_container' text='' rid='com.samsung.android.oneconnect:id/llCard' class='android.widget.LinearLayout' bounds='42,1752,1038,2316' area_ratio='0.2709' target_match=true match_source='descendant' matched_phrase='air care' negative_plugin_phrase=''
[21:58:53] [XMLENTRY][search][top] rank=2 reason='actionable_container' text='' rid='com.samsung.android.oneconnect:id/containerNameLayout' class='android.widget.RelativeLayout' bounds='42,1752,1038,1884' area_ratio='0.0634' target_match=true match_source='descendant' matched_phrase='air care' negative_plugin_phrase=''
[21:58:53] [XMLENTRY][search][top] rank=3 reason='actionable_container' text='Air Care' rid='com.samsung.android.oneconnect:id/containerNameLayout' class='android.widget.RelativeLayout' bounds='42,1752,1038,1884' area_ratio='0.0634' target_match=true match_source='title' matched_phrase='air care' negative_plugin_phrase=''
[21:58:53] [XMLENTRY][select] reason='card_like_container' resource='com.samsung.android.oneconnect:id/llCard' bounds='42,1752,1038,2316' text='Air Care' target_match=true match_source='descendant' matched_phrase='air care'
[21:58:55] [VERIFY][air][probe] probe_index=1/2 same_screen=false signal='air_care_verify' has_home_button=false has_change_location=false has_add_button=false has_more_options=false has_other_plugin_cards=false has_air_text=true has_air_content_signal=true has_plugin_body_focus=false decision='candidate_air_success'
[21:58:55] [XMLENTRY][result] success=true reason='transition_confirmed'
[21:58:55] [SCENARIO][pre_nav] success step=1 reason='ACTION_ACCESSIBILITY_FOCUS success'
[21:58:56] [SCENARIO][pre_nav] success
[21:58:59] [CONTEXT] skipped reason='anchor_only_mode'
[21:58:59] [CONTEXT] skipped reason='anchor_only_mode'
[21:58:59] [CONTEXT] scenario='life_air_care_plugin' type='skipped' expected='' actual='' ok=True
[21:58:59] [CONTEXT] verification passed scenario='life_air_care_plugin'
[21:58:59] [ANCHOR][scenario_start] success scenario='life_air_care_plugin' selected=True matched=True stable=True context_ok=True reason='selected_and_verified'
[21:58:59] [ENTRY][air][fallback_acceptance] fallback_source='none' fallback_candidate_view_id='none' fallback_candidate_label='none' fallback_candidate_bounds='none' accepted=false accepted_reason='none' rejected_reason='fallback_source_not_allowed'
[21:58:59] [TRACE][open_scenario] scenario='life_air_care_plugin' stabilization_mode='anchor_only' focus_align_attempted=True focus_align_ok=True focus_align_reason='' context_ok=False anchor_matched=False anchor_stable=True
[21:59:01] [ENTRY][air][verdict_inputs] scenario_id='life_air_care_plugin' post_click_success_seen=true air_verify_success_seen=false air_verify_reject_seen=false anchor_fallback_accepted=false anchor_fallback_source='none' post_open_focus_view_id='back' post_open_focus_label='Navigate up  Navigate up' is_top_chrome_focus=false is_list_screen_focus=false final_allow_success=true final_fail_reason='none'
[21:59:01] [ENTRY][air][preserve] keep success despite fallback_not_accepted
[21:59:01] [ENTRY][special_state_check] detected=true signals='long_intro,cta,intro_focus' kind='setup_needed_or_empty_state'
[21:59:01] [ENTRY][special_state_check] decision='keep_success_path'
[21:59:01] [ENTRY][air][verdict_priority] applied_rule='accept_air_internal_content_signal' previous_state='candidate_success' new_state='success_verified'
[21:59:01] [ENTRY][air][verdict_inputs] scenario_id='life_air_care_plugin' post_click_success_seen=true air_verify_success_seen=false air_verify_reject_seen=false anchor_fallback_accepted=false anchor_fallback_source='none' post_open_focus_view_id='back' post_open_focus_label='Navigate up  Navigate up' is_top_chrome_focus=false is_list_screen_focus=false final_allow_success=true final_fail_reason='none'
[21:59:01] [SCENARIO][entry_contract] success scenario='life_air_care_plugin' entry_type='card' reason='success_verified' detail='plugin_open_verified'
[21:59:02] [TRACE][post_open_focus] scenario='life_air_care_plugin' view_id='back' label='Navigate up' speech='Navigate up' bounds='{'l': 72, 't': 118, 'r': 144, 'b': 310, 'left': 72, 'top': 118, 'right': 144, 'bottom': 310}' source='top_level' top_level=True
[21:59:07] [TRACE][anchor_row] scenario='life_air_care_plugin' step=0 view_id='back' visible='Navigate up' speech='Navigate up' normalized_visible='navigate up' is_global_nav=False
[21:59:07] [ROW] fingerprint='back|navigate up|navigate up|108,214' normalized_fingerprint='back|navigate up|navigate up' duplicate=false recent_duplicate=false distance=0 recent_semantic_duplicate=false semantic_distance=0 semantic_window_unique=1 noise=false
[21:59:07] [RESULT] skipped anchor rows count=1
[21:59:07] [SAVE] writing sheets raw/filtered/summary/result
[21:59:07] [SAVE] filtered rows=1, raw rows=1
[21:59:07] [SAVE] saved excel: output/talkback_compare_20260414_215822.xlsx rows=1 with_images=False
[21:59:07] [STEP] START tab='(?i).*life.*' step=1
[21:59:12] [ROW] fingerprint='|air care|air care|552,214' normalized_fingerprint='|air care|air care' duplicate=false recent_duplicate=false distance=0 recent_semantic_duplicate=false semantic_distance=0 semantic_window_unique=2 noise=false
[21:59:12] [STEP] END tab='(?i).*life.*' step=1 elapsed=4.59s move_result='{'success': True, 'status': 'moved', 'detail': 'moved', 'raw': {'timestamp': 1776171549491, 'reqId': '5c923d22', 'success': True, 'status': 'moved', 'detail': 'moved', 'flags': []}}' visible='Air Care' speech='Air Care' crop='output\talkback_compare_20260414_215822\crops\i_._life._step_1_Air_Care.png' timing(move=0.497s ann=3.081s get_focus=1.017s get_focus_fallback_dump=0.000s step_dump=0.000s crop=0.479s total=5.074s) focus_reason='' fallback_used=False fallback_found=False step_dump_used=False step_dump_reason='focus_payload_sufficient' req_id='c0d14b7d'
[21:59:12] [STOP][eval] step=1 scenario='life_air_care_plugin' terminal=false same_like_count=0 no_progress=false scenario_type='content' is_global_nav=false after_realign=false recent_repeat=false bounded_two_card_loop=false semantic_same_like=false recent_duplicate=false recent_duplicate_distance=0 recent_semantic_duplicate=false recent_semantic_duplicate_distance=0 recent_semantic_unique_count=2 strict_duplicate=false semantic_duplicate=false repeat_class='none' loop_classification='none' hard_no_progress=false soft_no_progress=false no_progress_class='none' overlay_realign_grace_active=false min_step_gate_blocked=false realign_grace_suppressed=false repeat_stop_hit=false decision='continue' reason='none' stop_explain_version='pr7_explain_v1' stop_explain_input='step:1|move:{'success': true, 'status': 'moved', 'detail': 'moved', 'raw': {'timestamp': 1776171549491, 'reqid': '5c923d22', 'success': true, 'status': 'moved', 'detail': 'moved', 'flags': []}}|smart:moved|same:0|fail:0' stop_explain_repeat='recent:false|class:none|strict:false|semantic:false|loop:none|two_card:false' stop_explain_no_progress='hit:false|class:none|hard:false|soft:false' stop_explain_gate='candidate:false|min_block:false|realign_suppress:false|realign_active:false|decision:continue'
[21:59:12] [STEP] START tab='(?i).*life.*' step=2
[21:59:17] [ROW] fingerprint='more|more options|more options|972,214' normalized_fingerprint='more|more options|more options' duplicate=false recent_duplicate=false distance=0 recent_semantic_duplicate=false semantic_distance=0 semantic_window_unique=3 noise=false
[21:59:17] [STEP] END tab='(?i).*life.*' step=2 elapsed=4.49s move_result='{'success': True, 'status': 'moved', 'detail': 'moved', 'raw': {'timestamp': 1776171554518, 'reqId': 'a649aa09', 'success': True, 'status': 'moved', 'detail': 'moved', 'flags': []}}' visible='More options' speech='More options' crop='output\talkback_compare_20260414_215822\crops\i_._life._step_2_More_options.png' timing(move=0.457s ann=3.047s get_focus=0.987s get_focus_fallback_dump=0.000s step_dump=0.000s crop=0.489s total=4.980s) focus_reason='' fallback_used=False fallback_found=False step_dump_used=False step_dump_reason='focus_payload_sufficient' req_id='3069d5fb'
[21:59:17] [STOP][eval] step=2 scenario='life_air_care_plugin' terminal=false same_like_count=0 no_progress=false scenario_type='content' is_global_nav=false after_realign=false recent_repeat=false bounded_two_card_loop=false semantic_same_like=false recent_duplicate=false recent_duplicate_distance=0 recent_semantic_duplicate=false recent_semantic_duplicate_distance=0 recent_semantic_unique_count=3 strict_duplicate=false semantic_duplicate=false repeat_class='none' loop_classification='none' hard_no_progress=false soft_no_progress=false no_progress_class='none' overlay_realign_grace_active=false min_step_gate_blocked=false realign_grace_suppressed=false repeat_stop_hit=false decision='continue' reason='none' stop_explain_version='pr7_explain_v1' stop_explain_input='step:2|move:{'success': true, 'status': 'moved', 'detail': 'moved', 'raw': {'timestamp': 1776171554518, 'reqid': 'a649aa09', 'success': true, 'status': 'moved', 'detail': 'moved', 'flags': []}}|smart:moved|same:0|fail:0' stop_explain_repeat='recent:false|class:none|strict:false|semantic:false|loop:none|two_card:false' stop_explain_no_progress='hit:false|class:none|hard:false|soft:false' stop_explain_gate='candidate:false|min_block:false|realign_suppress:false|realign_active:false|decision:continue'
[21:59:17] [OVERLAY] candidate matched scenario='life_air_care_plugin' tab='(?i).*life.*' step=2 view_id='more' label='More options' reason='matched_scenario_policy'
[21:59:28] [OVERLAY] post_click classification='overlay' scenario='life_air_care_plugin' tab='(?i).*life.*' entry_view_id='more' entry_label='More options' post_view_id='addToHomescreen' post_label='Add to Home screen'
[21:59:40] [RESULT] skipped anchor rows count=1
[21:59:40] [SAVE] writing sheets raw/filtered/summary/result
[21:59:40] [SAVE] filtered rows=6, raw rows=6
[21:59:41] [SAVE] saved excel: output/talkback_compare_20260414_215822.xlsx rows=6 with_images=False
[21:59:45] [OVERLAY][repeat] same_focus_detected=true step=4 view_id='info' bounds='462,556,1053,706' normalized_visible_label='information' move_result=''
[21:59:45] [OVERLAY][break] reason='same_overlay_fingerprint' step=4
[21:59:45] [RESULT] skipped anchor rows count=1
[21:59:45] [SAVE] writing sheets raw/filtered/summary/result
[21:59:45] [SAVE] filtered rows=6, raw rows=6
[21:59:45] [SAVE] saved excel: output/talkback_compare_20260414_215822.xlsx rows=6 with_images=False
[21:59:48] [RESULT] skipped anchor rows count=1
[21:59:48] [SAVE] writing sheets raw/filtered/summary/result
[21:59:48] [SAVE] filtered rows=6, raw rows=6
[21:59:48] [SAVE] saved excel: output/talkback_compare_20260414_215822.xlsx rows=6 with_images=False
[21:59:51] [OVERLAY] realign status='realign_entry_reached' entry_reached=True steps_taken=2 match_by='view_id'
[21:59:56] [CONTEXT] skipped reason='anchor_only_mode'
[21:59:56] [CONTEXT] skipped reason='anchor_only_mode'
[21:59:56] [CONTEXT] scenario='life_air_care_plugin' type='skipped' expected='' actual='' ok=True
[21:59:56] [CONTEXT] verification passed scenario='life_air_care_plugin'
[21:59:56] [ANCHOR][overlay_realign] success scenario='life_air_care_plugin' selected=True matched=True stable=True context_ok=True reason='selected_and_verified'
[21:59:56] [ANCHOR][overlay_realign] success scenario='life_air_care_plugin' reason='overlay_realign_verified'
[21:59:56] [STEP] START tab='(?i).*life.*' step=3
[22:00:01] [ROW] fingerprint='|air care|air care|552,214' normalized_fingerprint='|air care|air care' duplicate=false recent_duplicate=true distance=2 recent_semantic_duplicate=true semantic_distance=2 semantic_window_unique=3 noise=false
[22:00:01] [STEP] END tab='(?i).*life.*' step=3 elapsed=4.42s move_result='{'success': True, 'status': 'moved', 'detail': 'moved', 'raw': {'timestamp': 1776171598593, 'reqId': '9061760b', 'success': True, 'status': 'moved', 'detail': 'moved', 'flags': []}}' visible='Air Care' speech='Air Care' crop='output\talkback_compare_20260414_215822\crops\i_._life._step_3_Air_Care.png' timing(move=0.407s ann=3.029s get_focus=0.984s get_focus_fallback_dump=0.000s step_dump=0.000s crop=0.478s total=4.899s) focus_reason='' fallback_used=False fallback_found=False step_dump_used=False step_dump_reason='focus_payload_sufficient' req_id='588985f3'
[22:00:01] [STOP][eval] step=3 scenario='life_air_care_plugin' terminal=false same_like_count=0 no_progress=false scenario_type='content' is_global_nav=false after_realign=true recent_repeat=false bounded_two_card_loop=false semantic_same_like=false recent_duplicate=true recent_duplicate_distance=2 recent_semantic_duplicate=true recent_semantic_duplicate_distance=2 recent_semantic_unique_count=3 strict_duplicate=false semantic_duplicate=false repeat_class='none' loop_classification='none' hard_no_progress=false soft_no_progress=false no_progress_class='none' overlay_realign_grace_active=false min_step_gate_blocked=false realign_grace_suppressed=false repeat_stop_hit=false decision='continue' reason='none' stop_explain_version='pr7_explain_v1' stop_explain_input='step:3|move:{'success': true, 'status': 'moved', 'detail': 'moved', 'raw': {'timestamp': 1776171598593, 'reqid': '9061760b', 'success': true, 'status': 'moved', 'detail': 'moved', 'flags': []}}|smart:moved|same:0|fail:0' stop_explain_repeat='recent:false|class:none|strict:false|semantic:false|loop:none|two_card:false' stop_explain_no_progress='hit:false|class:none|hard:false|soft:false' stop_explain_gate='candidate:false|min_block:false|realign_suppress:false|realign_active:false|decision:continue'
[22:00:01] [RESULT] skipped anchor rows count=1
[22:00:01] [SAVE] writing sheets raw/filtered/summary/result
[22:00:01] [SAVE] filtered rows=6, raw rows=7
[22:00:01] [SAVE] saved excel: output/talkback_compare_20260414_215822.xlsx rows=7 with_images=False
[22:00:01] [STEP] START tab='(?i).*life.*' step=4
[22:00:06] [ROW] fingerprint='more|more options|more options|972,214' normalized_fingerprint='more|more options|more options' duplicate=false recent_duplicate=true distance=2 recent_semantic_duplicate=true semantic_distance=2 semantic_window_unique=3 noise=false
[22:00:06] [STEP] END tab='(?i).*life.*' step=4 elapsed=4.49s move_result='{'success': True, 'status': 'moved', 'detail': 'moved', 'raw': {'timestamp': 1776171603646, 'reqId': '06fbee9f', 'success': True, 'status': 'moved', 'detail': 'moved', 'flags': []}}' visible='More options' speech='More options' crop='output\talkback_compare_20260414_215822\crops\i_._life._step_4_More_options.png' timing(move=0.471s ann=3.054s get_focus=0.966s get_focus_fallback_dump=0.000s step_dump=0.000s crop=0.474s total=4.966s) focus_reason='' fallback_used=False fallback_found=False step_dump_used=False step_dump_reason='focus_payload_sufficient' req_id='ad7e6b79'
[22:00:06] [STOP][eval] step=4 scenario='life_air_care_plugin' terminal=false same_like_count=0 no_progress=false scenario_type='content' is_global_nav=false after_realign=false recent_repeat=false bounded_two_card_loop=false semantic_same_like=false recent_duplicate=true recent_duplicate_distance=2 recent_semantic_duplicate=true recent_semantic_duplicate_distance=2 recent_semantic_unique_count=3 strict_duplicate=false semantic_duplicate=false repeat_class='none' loop_classification='none' hard_no_progress=false soft_no_progress=false no_progress_class='none' overlay_realign_grace_active=false min_step_gate_blocked=false realign_grace_suppressed=false repeat_stop_hit=false decision='continue' reason='none' stop_explain_version='pr7_explain_v1' stop_explain_input='step:4|move:{'success': true, 'status': 'moved', 'detail': 'moved', 'raw': {'timestamp': 1776171603646, 'reqid': '06fbee9f', 'success': true, 'status': 'moved', 'detail': 'moved', 'flags': []}}|smart:moved|same:0|fail:0' stop_explain_repeat='recent:false|class:none|strict:false|semantic:false|loop:none|two_card:false' stop_explain_no_progress='hit:false|class:none|hard:false|soft:false' stop_explain_gate='candidate:false|min_block:false|realign_suppress:false|realign_active:false|decision:continue'
[22:00:06] [OVERLAY] skip already expanded entry fingerprint='(?i).*life.*|more|more options'
[22:00:06] [STEP] START tab='(?i).*life.*' step=5
[22:00:11] [ROW] fingerprint='|set geolocation to monitor outdoor air quality|set geolocation to monitor outdoor air quality|516,418' normalized_fingerprint='|set geolocation to monitor outdoor air quality|set geolocation to monitor outdoor air quality' duplicate=false recent_duplicate=false distance=0 recent_semantic_duplicate=false semantic_distance=0 semantic_window_unique=4 noise=false
[22:00:11] [STEP] END tab='(?i).*life.*' step=5 elapsed=4.39s move_result='{'success': True, 'status': 'moved', 'detail': 'moved', 'raw': {'timestamp': 1776171608578, 'reqId': '70d99ebb', 'success': True, 'status': 'moved', 'detail': 'moved', 'flags': []}}' visible='Set geolocation to monitor outdoor air quality' speech='Set geolocation to monitor outdoor air quality' crop='output\talkback_compare_20260414_215822\crops\i_._life._step_5_Set_geolocation_to_monitor_outdoor_air_q.png' timing(move=0.442s ann=3.008s get_focus=0.943s get_focus_fallback_dump=0.000s step_dump=0.000s crop=0.473s total=4.868s) focus_reason='' fallback_used=False fallback_found=False step_dump_used=False step_dump_reason='focus_payload_sufficient' req_id='3621c8a5'
[22:00:11] [STOP][eval] step=5 scenario='life_air_care_plugin' terminal=false same_like_count=0 no_progress=false scenario_type='content' is_global_nav=false after_realign=false recent_repeat=false bounded_two_card_loop=false semantic_same_like=false recent_duplicate=false recent_duplicate_distance=0 recent_semantic_duplicate=false recent_semantic_duplicate_distance=0 recent_semantic_unique_count=4 strict_duplicate=false semantic_duplicate=false repeat_class='none' loop_classification='none' hard_no_progress=false soft_no_progress=false no_progress_class='none' overlay_realign_grace_active=false min_step_gate_blocked=false realign_grace_suppressed=false repeat_stop_hit=false decision='continue' reason='none' stop_explain_version='pr7_explain_v1' stop_explain_input='step:5|move:{'success': true, 'status': 'moved', 'detail': 'moved', 'raw': {'timestamp': 1776171608578, 'reqid': '70d99ebb', 'success': true, 'status': 'moved', 'detail': 'moved', 'flags': []}}|smart:moved|same:0|fail:0' stop_explain_repeat='recent:false|class:none|strict:false|semantic:false|loop:none|two_card:false' stop_explain_no_progress='hit:false|class:none|hard:false|soft:false' stop_explain_gate='candidate:false|min_block:false|realign_suppress:false|realign_active:false|decision:continue'
[22:00:11] [STOP][summary] scenario='life_air_care_plugin' stop_triggered=false stop_step=5 reason='safety_limit'
[22:00:11] [PERF][scenario_summary] scenario=life_air_care_plugin tab=(?i).*life.* total_runtime=107.4 total_steps=9 main_step_count=6 overlay_step_count=3 overlay_count=1 avg_get_focus=0.858 avg_move=0.438 avg_crop=0.476 avg_step_total=4.928 step_total_sample_count=6 avg_get_focus_main=0.98 avg_get_focus_overlay=0.614 fallback_dump_count=0 success_false_top_level_dump_attempt_count=0 success_false_top_level_dump_found_count=0 fallback_dump_rate=0.0 get_focus_strong_skip_count=9 get_focus_strong_skip_rate=100.0 step_dump_used_count=0 save_excel_count=5 realign_attempt_count=1 realign_success_count=1 realign_success_rate=100.0
[22:00:11] [RECOVER] start
[22:00:12] [SCENARIO][pre_nav][stabilization] phase='recover_initial_verify' attempt=1/2 life_selected=false app_bar_hits=1 visible_card_hits=0 life_root_signature_present=true navigate_up_hits=0 family_care_signature_seen=false final_score=1 ok=false pass_reason='' fail_reason='life_root_not_stable'
[22:00:12] [SCENARIO][pre_nav][stabilization] phase='recover_initial_verify' attempt=2/2 life_selected=false app_bar_hits=1 visible_card_hits=0 life_root_signature_present=true navigate_up_hits=0 family_care_signature_seen=false final_score=1 ok=false pass_reason='' fail_reason='life_root_not_stable'
[22:00:13] [RECOVER][state] kind='plugin_detail_like' initial_verify_ok=false initial_verify_reason='life_root_not_stable' app_bar_hits=1 visible_card_hits=0 life_root_signature_present=true navigate_up_hits=0 package_signature_present=false
[22:00:13] [RECOVER][detail_exit] start
[22:00:13] [RECOVER][detail_exit] back_sent=true
[22:00:14] [SCENARIO][pre_nav][stabilization] phase='recover_detail_exit_back' attempt=1/2 life_selected=false app_bar_hits=4 visible_card_hits=0 life_root_signature_present=true navigate_up_hits=0 family_care_signature_seen=false final_score=3 ok=true pass_reason='life_root_signature_and_structure_confirmed' fail_reason=''
[22:00:14] [RECOVER][detail_exit] verify_ok=true reason='root_state_stable'
[22:00:14] [RECOVER] success reason='detail_exit_back_verified'
[22:00:14] [SCENARIO][stabilization] scenario='life_home_care_plugin' screen_context_mode='new_screen' stabilization_mode='anchor_only'
[22:00:14] [SCENARIO][pre_nav][stabilization] phase='plugin_start' attempt=1/2 life_selected=false app_bar_hits=4 visible_card_hits=0 life_root_signature_present=true navigate_up_hits=0 family_care_signature_seen=false final_score=3 ok=true pass_reason='life_root_signature_and_structure_confirmed' fail_reason=''
[22:00:14] [PLUGIN_START][life_list_check] ok=true reason='root_state_stable'
[22:00:14] [PLUGIN_START][recover_before_entry] triggered=false
[22:00:14] [PLUGIN_START][recover_before_entry] success=true
[22:00:14] [CONTEXT] skipped reason='new_screen_mode' phase='tab_select'
[22:00:14] [TAB][select] fallback_to_legacy=True scenario='life_home_care_plugin'
[22:00:19] [TRACE][open_scenario] scenario='life_home_care_plugin' stabilization_mode='anchor_only' focus_align_attempted=True focus_align_ok=True focus_align_reason='' context_ok=False anchor_matched=False anchor_stable=False
[22:00:19] [SCENARIO][pre_nav] step=1 action=xml_scroll_search_tap target='(?i)(^home\s*care$|home\s*care\.|\bhomecare\b|홈\s*케어)'
[22:00:19] [XMLENTRY][search] pre_reset scroll_to_top=true
[22:00:24] [XMLENTRY][search] step=0/5 visible_candidates=69 target_candidates=5
[22:00:24] [XMLENTRY][search][top] rank=1 reason='actionable_container' text='' rid='' class='android.widget.RelativeLayout' bounds='42,1858,1038,2316' area_ratio='0.2200' target_match=true match_source='descendant' matched_phrase='home care' negative_plugin_phrase=''
[22:00:24] [XMLENTRY][search][top] rank=2 reason='actionable_container' text='Home Care' rid='com.samsung.android.oneconnect:id/frameLayout' class='android.widget.FrameLayout' bounds='42,1858,1038,2316' area_ratio='0.2200' target_match=true match_source='title' matched_phrase='home care' negative_plugin_phrase=''
[22:00:24] [XMLENTRY][search][top] rank=3 reason='card_like_container' text='' rid='com.samsung.android.oneconnect:id/llCard' class='android.widget.LinearLayout' bounds='42,1858,1038,2316' area_ratio='0.2200' target_match=true match_source='descendant' matched_phrase='home care' negative_plugin_phrase=''
[22:00:24] [XMLENTRY][select] reason='actionable_container' resource='' bounds='42,1858,1038,2316' text='' target_match=true match_source='descendant' matched_phrase='home care'
[22:00:37] [XMLENTRY][result] success=true reason='transition_confirmed'
[22:00:37] [SCENARIO][pre_nav] success step=1 reason='ACTION_ACCESSIBILITY_FOCUS success'
[22:00:39] [SCENARIO][pre_nav] success
[22:00:45] [ANCHOR][fallback] explicit anchor not matched, trying top content fallback
[22:00:45] [ANCHOR][fallback] selected candidate label='Always manage your home appliances optimally, Home Care constantly monitors devices that support AI diagnosis and informs you when they need cleaning, replacing, or other maintenance. Always manage your home appliances optimally, Home Care constantly monitors devices that support AI diagnosis and informs you when they need cleaning, replacing, or other maintenance.' position='top_center'
[22:00:45] [ANCHOR][plugin_fallback] using_top_start_candidate position='top_center'
[22:00:54] [CONTEXT] skipped reason='anchor_only_mode'
[22:00:54] [CONTEXT] skipped reason='anchor_only_mode'
[22:00:54] [CONTEXT] scenario='life_home_care_plugin' type='skipped' expected='' actual='' ok=True
[22:00:54] [ANCHOR][scenario_start] anchor mismatch scenario='life_home_care_plugin'
[22:00:54] [ANCHOR][scenario_start] anchor not stable scenario='life_home_care_plugin'
[22:01:00] [ANCHOR][fallback] explicit anchor not matched, trying top content fallback
[22:01:00] [ANCHOR][fallback] selected candidate label='Always manage your home appliances optimally, Home Care constantly monitors devices that support AI diagnosis and informs you when they need cleaning, replacing, or other maintenance. Always manage your home appliances optimally, Home Care constantly monitors devices that support AI diagnosis and informs you when they need cleaning, replacing, or other maintenance.' position='top_center'
[22:01:00] [ANCHOR][plugin_fallback] using_top_start_candidate position='top_center'
[22:01:09] [CONTEXT] skipped reason='anchor_only_mode'
[22:01:09] [CONTEXT] skipped reason='anchor_only_mode'
[22:01:09] [CONTEXT] scenario='life_home_care_plugin' type='skipped' expected='' actual='' ok=True
[22:01:09] [ANCHOR][scenario_start] anchor mismatch scenario='life_home_care_plugin'
[22:01:09] [ANCHOR][scenario_start] anchor not stable scenario='life_home_care_plugin'
[22:01:09] [TRACE][open_scenario] scenario='life_home_care_plugin' stabilization_mode='anchor_only' focus_align_attempted=True focus_align_ok=True focus_align_reason='' context_ok=False anchor_matched=False anchor_stable=False
[22:01:09] [ANCHOR][scenario_start] stabilization failed but proceeding with low-confidence fallback start scenario='life_home_care_plugin' source='fallback_top_center' reason='fallback_candidate_and_focus_evidence'
[22:01:09] [ANCHOR][plugin_fallback] candidate_label='Always manage your home appliances optimally, Home Care constantly monitors devices that support AI diagnosis and informs you when they need cleaning, replacing, or other maintenance. Always manage your home appliances optimally, Home Care constantly monitors devices that support AI diagnosis and informs you when they need cleaning, replacing, or other maintenance.' candidate_view_id='' reason='new_screen_evidence_confirmed'
[22:01:09] [ANCHOR][plugin_fallback] stabilized_by='post_focus_verified'
[22:01:09] [SCENARIO][start_mode] scenario='life_home_care_plugin' mode='low_confidence_fallback'
[22:01:22] [ENTRY][special_state_check] detected=true signals='long_intro,cta,low_content_diversity,intro_focus,verify_and_special_token' kind='setup_needed_or_empty_state'
[22:01:22] [ENTRY][special_state_check] decision='keep_success_path'
[22:01:22] [SCENARIO][entry_contract] success scenario='life_home_care_plugin' entry_type='card' reason='success_verified' detail='plugin_open_verified'
[22:01:23] [TRACE][post_open_focus] scenario='life_home_care_plugin' view_id='' label='SmartThings Home Care' speech='SmartThings Home Care' bounds='{'l': 0, 't': 94, 'r': 1080, 'b': 2496, 'left': 0, 'top': 94, 'right': 1080, 'bottom': 2496}' source='top_level' top_level=True
[22:01:28] [TRACE][anchor_row] scenario='life_home_care_plugin' step=0 view_id='' visible='SmartThings Home Care' speech='SmartThings Home Care' normalized_visible='smartthings home care' is_global_nav=False
[22:01:28] [ROW] fingerprint='|smartthings home care|smartthings home care|540,1295' normalized_fingerprint='|smartthings home care|smartthings home care' duplicate=false recent_duplicate=false distance=0 recent_semantic_duplicate=false semantic_distance=0 semantic_window_unique=1 noise=false
[22:01:28] [RESULT] skipped anchor rows count=2
[22:01:28] [SAVE] writing sheets raw/filtered/summary/result
[22:01:28] [SAVE] filtered rows=8, raw rows=10
[22:01:28] [SAVE] saved excel: output/talkback_compare_20260414_215822.xlsx rows=10 with_images=False
[22:01:28] [STEP] START tab='(?i).*life.*' step=1
[22:01:33] [ROW] fingerprint='|always manage your home appliances optimally home care constantly monitors devic|always manage your home appliances optimally home care constantly monitors devic|540,1084' normalized_fingerprint='|always manage your home appliances optimally home care constantly monitors devices that support ai diagnosis and informs|always manage your home appliances optimally home care constantly monitors devices that support ai diagnosis and informs' duplicate=false recent_duplicate=false distance=0 recent_semantic_duplicate=false semantic_distance=0 semantic_window_unique=2 noise=false
[22:01:33] [STEP] END tab='(?i).*life.*' step=1 elapsed=4.26s move_result='' visible='Always manage your home appliances optimally, Home Care constantly monitors devices that support AI diagnosis and informs you when they need cleaning, replacing, or other maintenance.' speech='Always manage your home appliances optimally, Home Care constantly monitors devices that support AI diagnosis and informs you when they need cleaning, replacing, or other maintenance.' crop='output\talkback_compare_20260414_215822\crops\i_._life._step_1_Always_manage_your_home_appliances_optim.png' timing(move=0.319s ann=2.983s get_focus=0.955s get_focus_fallback_dump=0.000s step_dump=0.000s crop=0.511s total=4.770s) focus_reason='' fallback_used=False fallback_found=False step_dump_used=False step_dump_reason='focus_payload_sufficient' req_id='ccb1acb6'
[22:01:33] [STOP][eval] step=1 scenario='life_home_care_plugin' terminal=false same_like_count=0 no_progress=false scenario_type='content' is_global_nav=false after_realign=false recent_repeat=false bounded_two_card_loop=false semantic_same_like=false recent_duplicate=false recent_duplicate_distance=0 recent_semantic_duplicate=false recent_semantic_duplicate_distance=0 recent_semantic_unique_count=2 strict_duplicate=false semantic_duplicate=false repeat_class='none' loop_classification='none' hard_no_progress=false soft_no_progress=false no_progress_class='none' overlay_realign_grace_active=false min_step_gate_blocked=false realign_grace_suppressed=false repeat_stop_hit=false decision='continue' reason='none' stop_explain_version='pr7_explain_v1' stop_explain_input='step:1|move:none|smart:failed|same:0|fail:0' stop_explain_repeat='recent:false|class:none|strict:false|semantic:false|loop:none|two_card:false' stop_explain_no_progress='hit:false|class:none|hard:false|soft:false' stop_explain_gate='candidate:false|min_block:false|realign_suppress:false|realign_active:false|decision:continue'
[22:01:33] [STEP] START tab='(?i).*life.*' step=2
[22:01:39] [ROW] fingerprint='|smartthings home care|smartthings home care|540,1295' normalized_fingerprint='|smartthings home care|smartthings home care' duplicate=false recent_duplicate=true distance=2 recent_semantic_duplicate=true semantic_distance=2 semantic_window_unique=2 noise=false
[22:01:39] [STEP] END tab='(?i).*life.*' step=2 elapsed=5.41s move_result='{'success': True, 'status': 'moved', 'detail': 'moved', 'raw': {'timestamp': 1776171696664, 'reqId': 'dafa9a97', 'success': True, 'status': 'moved', 'detail': 'moved', 'flags': []}}' visible='SmartThings Home Care' speech='SmartThings Home Care' crop='output\talkback_compare_20260414_215822\crops\i_._life._step_2_SmartThings_Home_Care.png' timing(move=1.610s ann=2.947s get_focus=0.855s get_focus_fallback_dump=0.000s step_dump=0.000s crop=0.525s total=5.939s) focus_reason='' fallback_used=False fallback_found=False step_dump_used=False step_dump_reason='focus_payload_sufficient' req_id='810fefcf'
[22:01:39] [STOP][eval] step=2 scenario='life_home_care_plugin' terminal=false same_like_count=0 no_progress=true scenario_type='content' is_global_nav=false after_realign=false recent_repeat=true bounded_two_card_loop=true semantic_same_like=false recent_duplicate=true recent_duplicate_distance=2 recent_semantic_duplicate=true recent_semantic_duplicate_distance=2 recent_semantic_unique_count=2 strict_duplicate=false semantic_duplicate=false repeat_class='none' loop_classification='harmful_loop' hard_no_progress=false soft_no_progress=true no_progress_class='soft_no_progress' overlay_realign_grace_active=false min_step_gate_blocked=true realign_grace_suppressed=false repeat_stop_hit=false decision='continue' reason='none' stop_explain_version='pr7_explain_v1' stop_explain_input='step:2|move:{'success': true, 'status': 'moved', 'detail': 'moved', 'raw': {'timestamp': 1776171696664, 'reqid': 'dafa9a97', 'success': true, 'status': 'moved', 'detail': 'moved', 'flags': []}}|smart:moved|same:0|fail:0' stop_explain_repeat='recent:true|class:none|strict:false|semantic:false|loop:harmful_loop|two_card:true' stop_explain_no_progress='hit:true|class:soft_no_progress|hard:false|soft:true' stop_explain_gate='candidate:true|min_block:true|realign_suppress:false|realign_active:false|decision:continue'
[22:01:39] [STEP] START tab='(?i).*life.*' step=3
[22:01:44] [ROW] fingerprint='|always manage your home appliances optimally home care constantly monitors devic|always manage your home appliances optimally home care constantly monitors devic|540,1084' normalized_fingerprint='|always manage your home appliances optimally home care constantly monitors devices that support ai diagnosis and informs|always manage your home appliances optimally home care constantly monitors devices that support ai diagnosis and informs' duplicate=false recent_duplicate=true distance=2 recent_semantic_duplicate=true semantic_distance=2 semantic_window_unique=2 noise=false
[22:01:44] [STEP] END tab='(?i).*life.*' step=3 elapsed=4.23s move_result='' visible='Always manage your home appliances optimally, Home Care constantly monitors devices that support AI diagnosis and informs you when they need cleaning, replacing, or other maintenance.' speech='Always manage your home appliances optimally, Home Care constantly monitors devices that support AI diagnosis and informs you when they need cleaning, replacing, or other maintenance.' crop='output\talkback_compare_20260414_215822\crops\i_._life._step_3_Always_manage_your_home_appliances_optim.png' timing(move=0.281s ann=2.986s get_focus=0.963s get_focus_fallback_dump=0.000s step_dump=0.000s crop=0.520s total=4.751s) focus_reason='' fallback_used=False fallback_found=False step_dump_used=False step_dump_reason='focus_payload_sufficient' req_id='cf6281c4'
[22:01:44] [STOP][eval] step=3 scenario='life_home_care_plugin' terminal=false same_like_count=0 no_progress=true scenario_type='content' is_global_nav=false after_realign=false recent_repeat=true bounded_two_card_loop=true semantic_same_like=false recent_duplicate=true recent_duplicate_distance=2 recent_semantic_duplicate=true recent_semantic_duplicate_distance=2 recent_semantic_unique_count=2 strict_duplicate=false semantic_duplicate=false repeat_class='none' loop_classification='harmful_loop' hard_no_progress=false soft_no_progress=true no_progress_class='soft_no_progress' overlay_realign_grace_active=false min_step_gate_blocked=false realign_grace_suppressed=false repeat_stop_hit=true decision='stop' reason='bounded_two_card_loop' stop_explain_version='pr7_explain_v1' stop_explain_input='step:3|move:none|smart:failed|same:0|fail:0' stop_explain_repeat='recent:true|class:none|strict:false|semantic:false|loop:harmful_loop|two_card:true' stop_explain_no_progress='hit:true|class:soft_no_progress|hard:false|soft:true' stop_explain_gate='candidate:true|min_block:false|realign_suppress:false|realign_active:false|decision:stop'
[22:01:44] [RESULT] skipped anchor rows count=2
[22:01:44] [SAVE] writing sheets raw/filtered/summary/result
[22:01:44] [SAVE] filtered rows=9, raw rows=13
[22:01:44] [SAVE] saved excel: output/talkback_compare_20260414_215822.xlsx rows=13 with_images=False
[22:01:44] [STOP][triggered] step=3 scenario='life_home_care_plugin' decision='stop' reason='bounded_two_card_loop'
[22:01:44] [STOP][summary] scenario='life_home_care_plugin' stop_triggered=true stop_step=3 reason='bounded_two_card_loop'
[22:01:44] [PERF][scenario_summary] scenario=life_home_care_plugin tab=(?i).*life.* total_runtime=90.0 total_steps=4 main_step_count=4 overlay_step_count=0 overlay_count=0 avg_get_focus=0.925 avg_move=0.552 avg_crop=0.518 avg_step_total=5.077 step_total_sample_count=4 avg_get_focus_main=0.925 avg_get_focus_overlay=0.0 fallback_dump_count=0 success_false_top_level_dump_attempt_count=0 success_false_top_level_dump_found_count=0 fallback_dump_rate=0.0 get_focus_strong_skip_count=4 get_focus_strong_skip_rate=100.0 step_dump_used_count=0 save_excel_count=2 realign_attempt_count=0 realign_success_count=0 realign_success_rate=0.0
[22:01:44] [RECOVER] start
[22:01:50] [SCENARIO][pre_nav][stabilization] phase='recover_initial_verify' attempt=1/2 life_selected=false app_bar_hits=0 visible_card_hits=0 life_root_signature_present=true navigate_up_hits=0 family_care_signature_seen=false final_score=1 ok=false pass_reason='' fail_reason='life_root_not_stable'
[22:01:57] [SCENARIO][pre_nav][stabilization] phase='recover_initial_verify' attempt=2/2 life_selected=false app_bar_hits=0 visible_card_hits=0 life_root_signature_present=true navigate_up_hits=0 family_care_signature_seen=false final_score=1 ok=false pass_reason='' fail_reason='life_root_not_stable'
[22:02:03] [RECOVER][state] kind='unknown' initial_verify_ok=false initial_verify_reason='life_root_not_stable' app_bar_hits=0 visible_card_hits=0 life_root_signature_present=true navigate_up_hits=0 package_signature_present=false
[22:02:03] [RECOVER][fallback] entering_select_fallback
[22:02:17] [RECOVER][fallback] resource_select_success=false label_select_success=true
[22:02:17] [RECOVER] label fallback candidate matched
[22:02:24] [SCENARIO][pre_nav][stabilization] phase='recover_select_fallback' attempt=1/2 life_selected=false app_bar_hits=0 visible_card_hits=0 life_root_signature_present=true navigate_up_hits=0 family_care_signature_seen=false final_score=1 ok=false pass_reason='' fail_reason='life_root_not_stable'
[22:02:30] [SCENARIO][pre_nav][stabilization] phase='recover_select_fallback' attempt=2/2 life_selected=false app_bar_hits=0 visible_card_hits=0 life_root_signature_present=true navigate_up_hits=0 family_care_signature_seen=false final_score=1 ok=false pass_reason='' fail_reason='life_root_not_stable'
[22:02:30] [RECOVER][fallback] verify_ok=false reason='life_root_not_stable'
[22:02:30] [RECOVER] label fallback verify_ok=false
[22:02:30] [RECOVER] failed reason='life_root_not_reached'
[22:02:30] [MAIN] recovery failed but continuing scenario_id='life_energy_plugin' tab='(?i).*life.*'
[22:02:30] [SCENARIO][stabilization] scenario='life_energy_plugin' screen_context_mode='new_screen' stabilization_mode='anchor_only'
[22:02:37] [SCENARIO][pre_nav][stabilization] phase='plugin_start' attempt=1/2 life_selected=false app_bar_hits=0 visible_card_hits=0 life_root_signature_present=true navigate_up_hits=0 family_care_signature_seen=false final_score=1 ok=false pass_reason='' fail_reason='life_root_not_stable'
[22:02:43] [SCENARIO][pre_nav][stabilization] phase='plugin_start' attempt=2/2 life_selected=false app_bar_hits=0 visible_card_hits=0 life_root_signature_present=true navigate_up_hits=0 family_care_signature_seen=false final_score=1 ok=false pass_reason='' fail_reason='life_root_not_stable'
[22:02:43] [PLUGIN_START][life_list_check] ok=false reason='life_root_not_stable'
[22:02:43] [PLUGIN_START][recover_before_entry] triggered=true
[22:02:43] [RECOVER] start
[22:02:50] [SCENARIO][pre_nav][stabilization] phase='recover_initial_verify' attempt=1/2 life_selected=false app_bar_hits=0 visible_card_hits=0 life_root_signature_present=true navigate_up_hits=0 family_care_signature_seen=false final_score=1 ok=false pass_reason='' fail_reason='life_root_not_stable'
[22:02:56] [SCENARIO][pre_nav][stabilization] phase='recover_initial_verify' attempt=2/2 life_selected=false app_bar_hits=0 visible_card_hits=0 life_root_signature_present=true navigate_up_hits=0 family_care_signature_seen=false final_score=1 ok=false pass_reason='' fail_reason='life_root_not_stable'
[22:03:03] [RECOVER][state] kind='unknown' initial_verify_ok=false initial_verify_reason='life_root_not_stable' app_bar_hits=0 visible_card_hits=0 life_root_signature_present=true navigate_up_hits=0 package_signature_present=false
[22:03:03] [RECOVER][fallback] entering_select_fallback
[22:03:17] [RECOVER][fallback] resource_select_success=false label_select_success=true
[22:03:17] [RECOVER] label fallback candidate matched
[22:03:24] [SCENARIO][pre_nav][stabilization] phase='recover_select_fallback' attempt=1/2 life_selected=false app_bar_hits=0 visible_card_hits=0 life_root_signature_present=true navigate_up_hits=0 family_care_signature_seen=false final_score=1 ok=false pass_reason='' fail_reason='life_root_not_stable'
[22:03:31] [SCENARIO][pre_nav][stabilization] phase='recover_select_fallback' attempt=2/2 life_selected=false app_bar_hits=0 visible_card_hits=0 life_root_signature_present=true navigate_up_hits=0 family_care_signature_seen=false final_score=1 ok=false pass_reason='' fail_reason='life_root_not_stable'
[22:03:31] [RECOVER][fallback] verify_ok=false reason='life_root_not_stable'
[22:03:31] [RECOVER] label fallback verify_ok=false
[22:03:31] [RECOVER] failed reason='life_root_not_reached'
[22:03:31] [PLUGIN_START][recover_before_entry] retry=1/2 reason='recover_to_start_state_failed'
[22:03:31] [RECOVER] start
[22:03:37] [SCENARIO][pre_nav][stabilization] phase='recover_initial_verify' attempt=1/2 life_selected=false app_bar_hits=0 visible_card_hits=0 life_root_signature_present=true navigate_up_hits=0 family_care_signature_seen=false final_score=1 ok=false pass_reason='' fail_reason='life_root_not_stable'
[22:03:44] [SCENARIO][pre_nav][stabilization] phase='recover_initial_verify' attempt=2/2 life_selected=false app_bar_hits=0 visible_card_hits=0 life_root_signature_present=true navigate_up_hits=0 family_care_signature_seen=false final_score=1 ok=false pass_reason='' fail_reason='life_root_not_stable'
[22:03:46] [RESULT] skipped anchor rows count=2
[22:03:46] [SAVE] writing sheets raw/filtered/summary/result
[22:03:46] [SAVE] filtered rows=9, raw rows=13
[22:03:47] [SAVE] saved excel: output/talkback_compare_20260414_215822.xlsx rows=13 with_images=True
[22:03:47] [MAIN] final save complete
[22:03:47] [PERF][run_summary] total_runtime=323.1 total_scenarios=3 total_steps=13 total_overlay_count=1 avg_get_focus=0.879 avg_move=0.473 fallback_dump_count=0 success_false_top_level_dump_attempt_count=0 success_false_top_level_dump_found_count=0 fallback_dump_rate=0.0 get_focus_strong_skip_rate=100.0 realign_success_rate=100.0 save_excel_count=8
