[12:10:52] [SAVE][temp] override tmp='D:\Python test\talkback-a11y-helper\output\.tmp' temp='D:\Python test\talkback-a11y-helper\output\.tmp' applied=true
[12:10:52] [MAIN] script start (version=1.7.81, log_level=NORMAL)
[12:10:53] [PREFLIGHT] talkback status='enabled'
[12:10:53] [MAIN] output file: output/talkback_compare_20260412_121052.xlsx
[12:10:53] [MAIN] image dir base: output\talkback_compare_20260412_121052
[12:10:53] [CONFIG] runtime config loaded path='config\runtime_config.json'
[12:10:53] [GLOBAL_NAV][guard] forcing stabilization_mode='tab_context' scenario='global_nav_main' requested='anchor_then_context'
[12:10:53] [CONFIG] scenario resolved scenario='global_nav_main' group='main_tabs' max_steps=10 enabled=False
[12:10:53] [CONFIG] applied shared_navigation='default_global_nav'
[12:10:53] [CONFIG] scenario enabled scenario='global_nav_main' source='runtime' enabled=False base_enabled=False
[12:10:53] [CONFIG] scenario resolved scenario='home_main' group='main_tabs' max_steps=5 enabled=False
[12:10:53] [CONFIG] applied shared_navigation='bottom_tab_global_nav'
[12:10:53] [CONFIG] scenario enabled scenario='home_main' source='runtime' enabled=False base_enabled=False
[12:10:53] [CONFIG] scenario resolved scenario='life_food_plugin' group='plugin_screen' max_steps=5 enabled=True
[12:10:53] [CONFIG] applied pre_navigation_ref='enter_food_plugin'
[12:10:53] [CONFIG] scenario enabled scenario='life_food_plugin' source='runtime' enabled=True base_enabled=False
[12:10:53] [CONFIG] scenario resolved scenario='life_air_care_plugin' group='-' max_steps=5 enabled=True
[12:10:53] [CONFIG] scenario enabled scenario='life_air_care_plugin' source='runtime' enabled=True base_enabled=False
[12:10:53] [CONFIG] scenario resolved scenario='life_home_care_plugin' group='-' max_steps=5 enabled=True
[12:10:53] [CONFIG] scenario enabled scenario='life_home_care_plugin' source='runtime' enabled=True base_enabled=False
[12:10:53] [CONFIG] scenario resolved scenario='life_energy_plugin' group='-' max_steps=5 enabled=True
[12:10:53] [CONFIG] scenario enabled scenario='life_energy_plugin' source='runtime' enabled=True base_enabled=False
[12:10:53] [CONFIG] scenario resolved scenario='devices_main' group='main_tabs' max_steps=10 enabled=False
[12:10:53] [CONFIG] applied shared_navigation='bottom_tab_global_nav'
[12:10:53] [CONFIG] applied anchor_ref='home_tab_anchor'
[12:10:53] [CONFIG] scenario enabled scenario='devices_main' source='runtime' enabled=False base_enabled=False
[12:10:53] [CONFIG] scenario resolved scenario='life_main' group='main_tabs' max_steps=30 enabled=False
[12:10:53] [CONFIG] applied shared_navigation='bottom_tab_global_nav'
[12:10:53] [CONFIG] scenario enabled scenario='life_main' source='runtime' enabled=False base_enabled=False
[12:10:53] [CONFIG] scenario resolved scenario='routines_main' group='main_tabs' max_steps=30 enabled=False
[12:10:53] [CONFIG] applied shared_navigation='bottom_tab_global_nav'
[12:10:53] [CONFIG] scenario enabled scenario='routines_main' source='runtime' enabled=False base_enabled=False
[12:10:53] [CONFIG] scenario resolved scenario='menu_main' group='main_tabs' max_steps=30 enabled=False
[12:10:53] [CONFIG] applied shared_navigation='bottom_tab_global_nav'
[12:10:53] [CONFIG] scenario enabled scenario='menu_main' source='runtime' enabled=False base_enabled=False
[12:10:53] [CONFIG] scenario resolved scenario='settings_entry_example' group='plugin_screen' max_steps=40 enabled=False
[12:10:53] [CONFIG] applied anchor_ref='settings_button_anchor'
[12:10:53] [CONFIG] applied pre_navigation_ref='enter_settings'
[12:10:53] [CONFIG] scenario enabled scenario='settings_entry_example' source='runtime' enabled=False base_enabled=False
[12:10:53] [CONFIG] scenario resolved scenario='life_pet_care_plugin' group='-' max_steps=5 enabled=True
[12:10:53] [CONFIG] scenario enabled scenario='life_pet_care_plugin' source='runtime' enabled=True base_enabled=False
[12:10:53] [MAIN] skip disabled scenario_id='global_nav_main' tab='(?i).*(home|devices|life|routines|menu).*'
[12:10:53] [MAIN] skip disabled scenario_id='home_main' tab='(?i).*home.*'
[12:10:53] [SCENARIO][stabilization] scenario='life_food_plugin' screen_context_mode='new_screen' stabilization_mode='anchor_only'
[12:10:53] [CONTEXT] skipped reason='new_screen_mode' phase='tab_select'
[12:10:53] [TAB][select] fallback_to_legacy=True scenario='life_food_plugin'
[12:10:58] [TRACE][open_scenario] scenario='life_food_plugin' stabilization_mode='anchor_only' focus_align_attempted=True focus_align_ok=True focus_align_reason='' context_ok=False anchor_matched=False anchor_stable=False
[12:11:00] [SCENARIO][pre_nav][stabilization] phase='before_pre_navigation' attempt=1/2 life_selected=false app_bar_hits=4 visible_card_hits=0 life_root_signature_present=false navigate_up_hits=0 family_care_signature_seen=true final_score=2 ok=false pass_reason='' fail_reason='life_root_not_stable'
[12:11:00] [SCENARIO][pre_nav][stabilization][life_energy_relaxed_gate] phase='before_pre_navigation' attempt=1/2 allow_scrolltouch=true reason='life_plugin_list_likely'
[12:11:00] [SCENARIO][pre_nav] step=1 action=scrolltouch target='(?i).*food.*|.*cooking.*|.*smart\s*things\s*cooking.*'
[12:11:00] [SCENARIO][pre_nav] before scrolltouch, scroll_to_top invoked cumulative_mode=true
[12:11:03] [SCENARIO][pre_nav] scroll_to_top result={'ok': True, 'reached_top': True, 'attempts': 1, 'reason': 'scroll_failed'}
[12:11:03] [SCENARIO][pre_nav] top_state_verify ok=false reason='top_marker_missing' scenario='life_food_plugin'
[12:11:07] [SCENARIO][pre_nav] top_state_verify retry=1/2 ok=false reason='top_marker_missing'
[12:11:11] [SCENARIO][pre_nav] top_state_verify retry=2/2 ok=false reason='top_marker_missing'
[12:11:11] [SCROLLTOUCH][promotion][salvage] source='none' reason='none' selected_ancestor_distance=-1 selected_container_class='android.widget.TextView' selected_container_view_id='com.samsung.android.oneconnect:id/tvHeaderTitle' rejected_large_container_count=0 rejected_list_like_container_count=0
[12:11:14] [SCROLLTOUCH][promotion][salvage] source='xml_live' reason='xml_live_containment_container' selected_ancestor_distance=999 selected_container_class='android.widget.FrameLayout' selected_container_view_id='com.samsung.android.oneconnect:id/frameLayout' rejected_large_container_count=0 rejected_list_like_container_count=3
[12:11:14] [SCENARIO][pre_nav][scrolltouch][debug] scroll_step=1/5 visible_candidate_count=1 partial_match_count=1 exact_match_count=0 xml_fallback_attempted=true xml_fallback_reason='ok' rejections='filtered_before_candidate:20' visible_top='label='Upcoming meal
단호박샌드위치 만드는 법 Upcoming meal
단호박샌드위치 만드는 법' rid='com.samsung.android.oneconnect:id/frameL' cls='android.widget.FrameLayout' bounds='42,1084,1038,1816'' partial_top='-' pre_candidate_top='-' local_search_nodes=21 selected=true selected_reason='candidate_count=1'
[12:11:14] [SCENARIO][pre_nav][scrolltouch][inspect] scroll_step=1/5 samples='label='우리 집 QR code 우리 집 QR code' rid='com.samsung.android.oneconnect:id/home_button' cls='android.widget.ImageButton' visible=true clickable=true focusable=true effectiveClickable=true matched_text_node='com.samsung.android.oneconnect:id/home_button' promoted_container=false promotion_reason='none' promoted_from='' promoted_to='' stage='label_filter' reason='filtered_before_candidate' | label='우리 집, Change location 우리 집, Change location' rid='com.samsung.android.oneconnect:id/tab_title' cls='android.widget.LinearLayout' visible=true clickable=true focusable=true effectiveClickable=true matched_text_node='com.samsung.android.oneconnect:id/tab_title' promoted_container=false promotion_reason='none' promoted_from='' promoted_to='' stage='label_filter' reason='filtered_before_candidate' | label='Add Add' rid='com.samsung.android.oneconnect:id/add_menu_butto' cls='android.widget.ImageButton' visible=true clickable=true focusable=true effectiveClickable=true matched_text_node='com.samsung.android.oneconnect:id/add_menu_button' promoted_container=false promotion_reason='none' promoted_from='' promoted_to='' stage='label_filter' reason='filtered_before_candidate' | label='More options Mor'
[12:11:14] [SCENARIO][pre_nav][scrolltouch] candidate_select reason='candidate_count=1' class='android.widget.FrameLayout' resource='com.samsung.android.oneconnect:id/frameLayout' bounds='42,1084,1038,1816' visible=true label='' promoted_container=true promotion_attempted=true promotion_source='xml_live' matched_text_node='com.samsung.android.oneconnect:id/tvHeaderTitle' promotion_reason='xml_live_containment_container' promotion_candidate_count=2 promotion_debug_summary='helper:no_candidate:rejected_large=0:rejected_list_like=0;xml_live:candidate_count=2:rejected_large=0:rejected_list_like' promoted_from='com.samsung.android.oneconnect:id/tvHeaderTitle' promoted_to='com.samsung.android.oneconnect:id/frameLayout' selected_area=729072 text_area=139122 area_ratio=5.241 ancestor_distance=999 tap_point='540,1450' tap_strategy='center' rank_summary_top3='com.samsung.android.oneconnect:id/frameLayout:xml_live_containment_container:ov=1000:ar=5.24:sp=5:ad=999 | android.widget.RelativeLayout:xml_live_containment_container:ov=1000:ar=5.24:sp=1:ad=999' scroll_step=1/5 cumulative_mode=true
[12:11:15] [SCENARIO][pre_nav][scrolltouch] candidate_select reason='no_local_match' fallback='helper_scrollTouch' reason_detail='local_search_exhausted' cumulative_mode=true
[12:11:39] [SCENARIO][pre_nav][scrolltouch] post_click_transition same_screen=false signal='screen_text'
[12:11:39] [SCENARIO][pre_nav] success step=1 reason='ACTION_CLICK success'
[12:11:41] [SCENARIO][pre_nav] success
[12:11:47] [ANCHOR][fallback] explicit anchor not matched, trying top content fallback
[12:11:47] [ANCHOR][fallback] selected candidate label='Smart Things Cooking Cook like an expert with customized recipes. Customized recipes are recommended based on the ingredients in your refrigerator, your food preferences, and your kitchen appliances. Start Smart Things Cooking Cook like an expert with customized recipes. Customized recipes are recommended based on the ingredients in your refrigerator, your food preferences, and your kitchen appliances. Start' position='top_center'
[12:11:47] [ANCHOR][plugin_fallback] using_top_start_candidate position='top_center'
[12:11:57] [CONTEXT] skipped reason='anchor_only_mode'
[12:11:57] [CONTEXT] skipped reason='anchor_only_mode'
[12:11:57] [CONTEXT] scenario='life_food_plugin' type='skipped' expected='' actual='' ok=True
[12:11:57] [ANCHOR][scenario_start] anchor mismatch scenario='life_food_plugin'
[12:11:57] [ANCHOR][scenario_start] anchor not stable scenario='life_food_plugin'
[12:12:03] [ANCHOR][fallback] explicit anchor not matched, trying top content fallback
[12:12:03] [ANCHOR][fallback] selected candidate label='Smart Things Cooking Cook like an expert with customized recipes. Customized recipes are recommended based on the ingredients in your refrigerator, your food preferences, and your kitchen appliances. Start Smart Things Cooking Cook like an expert with customized recipes. Customized recipes are recommended based on the ingredients in your refrigerator, your food preferences, and your kitchen appliances. Start' position='top_center'
[12:12:03] [ANCHOR][plugin_fallback] using_top_start_candidate position='top_center'
[12:12:12] [CONTEXT] skipped reason='anchor_only_mode'
[12:12:12] [CONTEXT] skipped reason='anchor_only_mode'
[12:12:12] [CONTEXT] scenario='life_food_plugin' type='skipped' expected='' actual='' ok=True
[12:12:12] [ANCHOR][scenario_start] anchor mismatch scenario='life_food_plugin'
[12:12:12] [ANCHOR][scenario_start] anchor not stable scenario='life_food_plugin'
[12:12:12] [TRACE][open_scenario] scenario='life_food_plugin' stabilization_mode='anchor_only' focus_align_attempted=True focus_align_ok=True focus_align_reason='' context_ok=False anchor_matched=False anchor_stable=False
[12:12:12] [ANCHOR][scenario_start] stabilization failed but proceeding with low-confidence fallback start scenario='life_food_plugin' source='fallback_top_center' reason='fallback_candidate_and_focus_evidence'
[12:12:12] [ANCHOR][plugin_fallback] candidate_label='Smart Things Cooking Cook like an expert with customized recipes. Customized recipes are recommended based on the ingredients in your refrigerator, your food preferences, and your kitchen appliances. Start Smart Things Cooking Cook like an expert with customized recipes. Customized recipes are recommended based on the ingredients in your refrigerator, your food preferences, and your kitchen appliances. Start' candidate_view_id='' reason='new_screen_evidence_confirmed'
[12:12:12] [ANCHOR][plugin_fallback] stabilized_by='post_focus_verified'
[12:12:12] [SCENARIO][start_mode] scenario='life_food_plugin' mode='low_confidence_fallback'
[12:12:13] [SCENARIO][entry_contract] success scenario='life_food_plugin' entry_type='card' reason='success_verified' detail='plugin_open_verified'
[12:12:14] [TRACE][post_open_focus] scenario='life_food_plugin' view_id='' label='Smart Things Cooking' speech='Smart Things Cooking' bounds='{'l': 0, 't': 94, 'r': 1080, 'b': 2496, 'left': 0, 'top': 94, 'right': 1080, 'bottom': 2496}' source='top_level' top_level=True
[12:12:19] [TRACE][anchor_row] scenario='life_food_plugin' step=0 view_id='' visible='Smart Things Cooking' speech='Smart Things Cooking' normalized_visible='smart things cooking' is_global_nav=False
[12:12:19] [ROW] fingerprint='|smart things cooking|smart things cooking|540,1295' normalized_fingerprint='|smart things cooking|smart things cooking' duplicate=false recent_duplicate=false distance=0 recent_semantic_duplicate=false semantic_distance=0 semantic_window_unique=1 noise=false
[12:12:19] [RESULT] skipped anchor rows count=1
[12:12:19] [SAVE] writing sheets raw/filtered/summary/result
[12:12:19] [SAVE] filtered rows=1, raw rows=1
[12:12:20] [SAVE] saved excel: output/talkback_compare_20260412_121052.xlsx rows=1 with_images=False
[12:12:20] [STEP] START tab='(?i).*life.*' step=1
[12:12:25] [ROW] fingerprint='|cook like an expert with customized recipes.|cook like an expert with customized recipes.|540,412' normalized_fingerprint='|cook like an expert with customized recipes|cook like an expert with customized recipes' duplicate=false recent_duplicate=false distance=0 recent_semantic_duplicate=false semantic_distance=0 semantic_window_unique=2 noise=false
[12:12:25] [STEP] END tab='(?i).*life.*' step=1 elapsed=5.40s move_result='{'success': True, 'status': 'moved', 'detail': 'moved', 'raw': {'timestamp': 1775963541149, 'reqId': '0905ed87', 'success': True, 'status': 'moved', 'detail': 'moved', 'flags': []}}' visible='Cook like an expert with customized recipes.' speech='Cook like an expert with customized recipes.' crop='output\talkback_compare_20260412_121052\crops\i_._life._step_1_Cook_like_an_expert_with_customized_reci.png' timing(move=1.139s ann=3.109s get_focus=1.150s get_focus_fallback_dump=0.000s step_dump=0.000s crop=0.542s total=5.942s) focus_reason='' fallback_used=False fallback_found=False step_dump_used=False step_dump_reason='focus_payload_sufficient' req_id='0e471526'
[12:12:25] [STOP][eval] step=1 scenario='life_food_plugin' terminal=false same_like_count=0 no_progress=false scenario_type='content' is_global_nav=false after_realign=false recent_repeat=false bounded_two_card_loop=false semantic_same_like=false recent_duplicate=false recent_duplicate_distance=0 recent_semantic_duplicate=false recent_semantic_duplicate_distance=0 recent_semantic_unique_count=2 strict_duplicate=false semantic_duplicate=false repeat_class='none' loop_classification='none' hard_no_progress=false soft_no_progress=false no_progress_class='none' overlay_realign_grace_active=false min_step_gate_blocked=false realign_grace_suppressed=false repeat_stop_hit=false decision='continue' reason='none' stop_explain_version='pr7_explain_v1' stop_explain_input='step:1|move:{'success': true, 'status': 'moved', 'detail': 'moved', 'raw': {'timestamp': 1775963541149, 'reqid': '0905ed87', 'success': true, 'status': 'moved', 'detail': 'moved', 'flags': []}}|smart:moved|same:0|fail:0' stop_explain_repeat='recent:false|class:none|strict:false|semantic:false|loop:none|two_card:false' stop_explain_no_progress='hit:false|class:none|hard:false|soft:false' stop_explain_gate='candidate:false|min_block:false|realign_suppress:false|realign_active:false|decision:continue'
[12:12:25] [STEP] START tab='(?i).*life.*' step=2
[12:12:31] [ROW] fingerprint='|customized recipes are recommended based on the ingredients in your refrigerator|customized recipes are recommended based on the ingredients in your refrigerator|540,728' normalized_fingerprint='|customized recipes are recommended based on the ingredients in your refrigerator your food preferences and your kitchen |customized recipes are recommended based on the ingredients in your refrigerator your food preferences and your kitchen ' duplicate=false recent_duplicate=false distance=0 recent_semantic_duplicate=false semantic_distance=0 semantic_window_unique=3 noise=false
[12:12:31] [STEP] END tab='(?i).*life.*' step=2 elapsed=4.62s move_result='{'success': True, 'status': 'moved', 'detail': 'moved', 'raw': {'timestamp': 1775963546300, 'reqId': 'ad68300c', 'success': True, 'status': 'moved', 'detail': 'moved', 'flags': []}}' visible='Customized recipes are recommended based on the ingredients in your refrigerator, your food preferences, and your kitchen appliances.' speech='Customized recipes are recommended based on the ingredients in your refrigerator, your food preferences, and your kitchen appliances.' crop='output\talkback_compare_20260412_121052\crops\i_._life._step_2_Customized_recipes_are_recommended_based.png' timing(move=0.345s ann=3.049s get_focus=1.225s get_focus_fallback_dump=0.000s step_dump=0.000s crop=0.509s total=5.129s) focus_reason='' fallback_used=False fallback_found=False step_dump_used=False step_dump_reason='focus_payload_sufficient' req_id='b6e35412'
[12:12:31] [STOP][eval] step=2 scenario='life_food_plugin' terminal=false same_like_count=0 no_progress=false scenario_type='content' is_global_nav=false after_realign=false recent_repeat=false bounded_two_card_loop=false semantic_same_like=false recent_duplicate=false recent_duplicate_distance=0 recent_semantic_duplicate=false recent_semantic_duplicate_distance=0 recent_semantic_unique_count=3 strict_duplicate=false semantic_duplicate=false repeat_class='none' loop_classification='none' hard_no_progress=false soft_no_progress=false no_progress_class='none' overlay_realign_grace_active=false min_step_gate_blocked=false realign_grace_suppressed=false repeat_stop_hit=false decision='continue' reason='none' stop_explain_version='pr7_explain_v1' stop_explain_input='step:2|move:{'success': true, 'status': 'moved', 'detail': 'moved', 'raw': {'timestamp': 1775963546300, 'reqid': 'ad68300c', 'success': true, 'status': 'moved', 'detail': 'moved', 'flags': []}}|smart:moved|same:0|fail:0' stop_explain_repeat='recent:false|class:none|strict:false|semantic:false|loop:none|two_card:false' stop_explain_no_progress='hit:false|class:none|hard:false|soft:false' stop_explain_gate='candidate:false|min_block:false|realign_suppress:false|realign_active:false|decision:continue'
[12:12:31] [STEP] START tab='(?i).*life.*' step=3
[12:12:36] [ROW] fingerprint='|start|start|540,2345' normalized_fingerprint='|start|start' duplicate=false recent_duplicate=false distance=0 recent_semantic_duplicate=false semantic_distance=0 semantic_window_unique=4 noise=false
[12:12:36] [STEP] END tab='(?i).*life.*' step=3 elapsed=5.27s move_result='{'success': True, 'status': 'moved', 'detail': 'moved', 'raw': {'timestamp': 1775963552202, 'reqId': '13823a2d', 'success': True, 'status': 'moved', 'detail': 'moved', 'flags': []}}' visible='Start' speech='Start' crop='output\talkback_compare_20260412_121052\crops\i_._life._step_3_Start.png' timing(move=1.154s ann=2.940s get_focus=1.170s get_focus_fallback_dump=0.000s step_dump=0.000s crop=0.563s total=5.829s) focus_reason='' fallback_used=False fallback_found=False step_dump_used=False step_dump_reason='focus_payload_sufficient' req_id='b306e419'
[12:12:36] [STOP][eval] step=3 scenario='life_food_plugin' terminal=false same_like_count=0 no_progress=false scenario_type='content' is_global_nav=false after_realign=false recent_repeat=false bounded_two_card_loop=false semantic_same_like=false recent_duplicate=false recent_duplicate_distance=0 recent_semantic_duplicate=false recent_semantic_duplicate_distance=0 recent_semantic_unique_count=4 strict_duplicate=false semantic_duplicate=false repeat_class='none' loop_classification='none' hard_no_progress=false soft_no_progress=false no_progress_class='none' overlay_realign_grace_active=false min_step_gate_blocked=false realign_grace_suppressed=false repeat_stop_hit=false decision='continue' reason='none' stop_explain_version='pr7_explain_v1' stop_explain_input='step:3|move:{'success': true, 'status': 'moved', 'detail': 'moved', 'raw': {'timestamp': 1775963552202, 'reqid': '13823a2d', 'success': true, 'status': 'moved', 'detail': 'moved', 'flags': []}}|smart:moved|same:0|fail:0' stop_explain_repeat='recent:false|class:none|strict:false|semantic:false|loop:none|two_card:false' stop_explain_no_progress='hit:false|class:none|hard:false|soft:false' stop_explain_gate='candidate:false|min_block:false|realign_suppress:false|realign_active:false|decision:continue'
[12:12:36] [RESULT] skipped anchor rows count=1
[12:12:36] [SAVE] writing sheets raw/filtered/summary/result
[12:12:36] [SAVE] filtered rows=4, raw rows=4
[12:12:37] [SAVE] saved excel: output/talkback_compare_20260412_121052.xlsx rows=4 with_images=False
[12:12:37] [STEP] START tab='(?i).*life.*' step=4
[12:12:42] [ROW] fingerprint='|start|start|540,2345' normalized_fingerprint='|start|start' duplicate=true recent_duplicate=true distance=1 recent_semantic_duplicate=true semantic_distance=1 semantic_window_unique=4 noise=false
[12:12:42] [STEP] END tab='(?i).*life.*' step=4 elapsed=5.34s move_result='' visible='Start' speech='Start' crop='output\talkback_compare_20260412_121052\crops\i_._life._step_4_Start.png' timing(move=0.282s ann=3.909s get_focus=1.147s get_focus_fallback_dump=0.000s step_dump=0.000s crop=0.563s total=5.902s) focus_reason='' fallback_used=False fallback_found=False step_dump_used=False step_dump_reason='focus_payload_sufficient' req_id='c169d252'
[12:12:42] [STOP][eval] step=4 scenario='life_food_plugin' terminal=false same_like_count=1 no_progress=false scenario_type='content' is_global_nav=false after_realign=false recent_repeat=false bounded_two_card_loop=false semantic_same_like=true recent_duplicate=true recent_duplicate_distance=1 recent_semantic_duplicate=true recent_semantic_duplicate_distance=1 recent_semantic_unique_count=4 strict_duplicate=true semantic_duplicate=true repeat_class='mixed_repeat' loop_classification='harmful_loop' hard_no_progress=false soft_no_progress=false no_progress_class='none' overlay_realign_grace_active=false min_step_gate_blocked=false realign_grace_suppressed=false repeat_stop_hit=false decision='continue' reason='none' stop_explain_version='pr7_explain_v1' stop_explain_input='step:4|move:none|smart:failed|same:1|fail:0' stop_explain_repeat='recent:false|class:mixed_repeat|strict:true|semantic:true|loop:harmful_loop|two_card:false' stop_explain_no_progress='hit:false|class:none|hard:false|soft:false' stop_explain_gate='candidate:false|min_block:false|realign_suppress:false|realign_active:false|decision:continue'
[12:12:42] [STEP] START tab='(?i).*life.*' step=5
[12:12:48] [ROW] fingerprint='|start|start|540,2345' normalized_fingerprint='|start|start' duplicate=true recent_duplicate=true distance=1 recent_semantic_duplicate=true semantic_distance=1 semantic_window_unique=4 noise=false
[12:12:48] [STEP] END tab='(?i).*life.*' step=5 elapsed=5.36s move_result='' visible='Start' speech='Start' crop='output\talkback_compare_20260412_121052\crops\i_._life._step_5_Start.png' timing(move=0.333s ann=3.905s get_focus=1.121s get_focus_fallback_dump=0.000s step_dump=0.000s crop=0.515s total=5.875s) focus_reason='' fallback_used=False fallback_found=False step_dump_used=False step_dump_reason='focus_payload_sufficient' req_id='37a359df'
[12:12:48] [STOP][eval] step=5 scenario='life_food_plugin' terminal=false same_like_count=2 no_progress=false scenario_type='content' is_global_nav=false after_realign=false recent_repeat=true bounded_two_card_loop=false semantic_same_like=true recent_duplicate=true recent_duplicate_distance=1 recent_semantic_duplicate=true recent_semantic_duplicate_distance=1 recent_semantic_unique_count=4 strict_duplicate=true semantic_duplicate=true repeat_class='mixed_repeat' loop_classification='harmful_loop' hard_no_progress=false soft_no_progress=false no_progress_class='none' overlay_realign_grace_active=false min_step_gate_blocked=false realign_grace_suppressed=false repeat_stop_hit=false decision='continue' reason='none' stop_explain_version='pr7_explain_v1' stop_explain_input='step:5|move:none|smart:failed|same:2|fail:0' stop_explain_repeat='recent:true|class:mixed_repeat|strict:true|semantic:true|loop:harmful_loop|two_card:false' stop_explain_no_progress='hit:false|class:none|hard:false|soft:false' stop_explain_gate='candidate:false|min_block:false|realign_suppress:false|realign_active:false|decision:continue'
[12:12:48] [STOP][summary] scenario='life_food_plugin' stop_triggered=false stop_step=5 reason='safety_limit'
[12:12:48] [PERF][scenario_summary] scenario=life_food_plugin tab=(?i).*life.* total_runtime=114.9 total_steps=6 main_step_count=6 overlay_step_count=0 overlay_count=0 avg_get_focus=1.162 avg_move=0.542 avg_crop=0.554 avg_step_total=5.639 step_total_sample_count=6 avg_get_focus_main=1.162 avg_get_focus_overlay=0.0 fallback_dump_count=0 success_false_top_level_dump_attempt_count=0 success_false_top_level_dump_found_count=0 fallback_dump_rate=0.0 get_focus_strong_skip_count=6 get_focus_strong_skip_rate=100.0 step_dump_used_count=0 save_excel_count=2 realign_attempt_count=0 realign_success_count=0 realign_success_rate=0.0
[12:12:48] [RECOVER] start
[12:13:00] [RECOVER] success
[12:13:00] [SCENARIO][stabilization] scenario='life_air_care_plugin' screen_context_mode='new_screen' stabilization_mode='anchor_only'
[12:13:00] [CONTEXT] skipped reason='new_screen_mode' phase='tab_select'
[12:13:00] [TAB][select] fallback_to_legacy=True scenario='life_air_care_plugin'
[12:13:05] [TRACE][open_scenario] scenario='life_air_care_plugin' stabilization_mode='anchor_only' focus_align_attempted=True focus_align_ok=True focus_align_reason='' context_ok=False anchor_matched=False anchor_stable=False
[12:13:06] [SCENARIO][pre_nav][stabilization] phase='before_pre_navigation' attempt=1/2 life_selected=false app_bar_hits=4 visible_card_hits=0 life_root_signature_present=false navigate_up_hits=0 family_care_signature_seen=true final_score=2 ok=false pass_reason='' fail_reason='life_root_not_stable'
[12:13:06] [SCENARIO][pre_nav][stabilization][life_energy_relaxed_gate] phase='before_pre_navigation' attempt=1/2 allow_scrolltouch=true reason='life_plugin_list_likely'
[12:13:06] [SCENARIO][pre_nav] step=1 action=scrolltouch target='(?i)(^smart\s*air\s*care$|^air\s*care$|air\s*care\.|\baircare\b|에어\s*케어)'
[12:13:07] [SCENARIO][pre_nav] before scrolltouch, scroll_to_top invoked cumulative_mode=true
[12:13:10] [SCENARIO][pre_nav] scroll_to_top result={'ok': True, 'reached_top': True, 'attempts': 1, 'reason': 'scroll_failed'}
[12:13:10] [SCENARIO][pre_nav] top_state_verify ok=false reason='top_marker_missing' scenario='life_air_care_plugin'
[12:13:14] [SCENARIO][pre_nav] top_state_verify retry=1/2 ok=false reason='top_marker_missing'
[12:13:18] [SCENARIO][pre_nav] top_state_verify retry=2/2 ok=false reason='top_marker_missing'
[12:13:21] [SCENARIO][pre_nav][scrolltouch][debug] scroll_step=1/5 visible_candidate_count=0 partial_match_count=0 exact_match_count=0 xml_fallback_attempted=true xml_fallback_reason='ok' rejections='filtered_before_candidate:21' visible_top='-' partial_top='-' pre_candidate_top='-' local_search_nodes=21 selected=false selected_reason='no_visible_candidate'
[12:13:21] [SCENARIO][pre_nav][scrolltouch][inspect] scroll_step=1/5 samples='label='우리 집 QR code 우리 집 QR code' rid='com.samsung.android.oneconnect:id/home_button' cls='android.widget.ImageButton' visible=true clickable=true focusable=true effectiveClickable=true matched_text_node='com.samsung.android.oneconnect:id/home_button' promoted_container=false promotion_reason='none' promoted_from='' promoted_to='' stage='label_filter' reason='filtered_before_candidate' | label='우리 집, Change location 우리 집, Change location' rid='com.samsung.android.oneconnect:id/tab_title' cls='android.widget.LinearLayout' visible=true clickable=true focusable=true effectiveClickable=true matched_text_node='com.samsung.android.oneconnect:id/tab_title' promoted_container=false promotion_reason='none' promoted_from='' promoted_to='' stage='label_filter' reason='filtered_before_candidate' | label='Add Add' rid='com.samsung.android.oneconnect:id/add_menu_butto' cls='android.widget.ImageButton' visible=true clickable=true focusable=true effectiveClickable=true matched_text_node='com.samsung.android.oneconnect:id/add_menu_button' promoted_container=false promotion_reason='none' promoted_from='' promoted_to='' stage='label_filter' reason='filtered_before_candidate' | label='More options Mor'
[12:13:22] [CAPTURE][scrolltouch_step] saved path='output\capture_bundles\life_air_care_plugin\20260412_031306\step_01' step=1 visible_candidate_count=0 partial_match_count=0
[12:13:24] [SCENARIO][pre_nav][scrolltouch] visible_candidate_count=0 partial_match_count=0 scroll_step=1/5 action='scroll_forward_and_retry_local_search' scroll_performed=true settle_wait_ms=250 cumulative_mode=true
[12:13:25] [SCENARIO][pre_nav][scrolltouch][debug] scroll_step=2/5 visible_candidate_count=0 partial_match_count=0 exact_match_count=0 xml_fallback_attempted=true xml_fallback_reason='ok' rejections='filtered_before_candidate:13' visible_top='-' partial_top='-' pre_candidate_top='-' local_search_nodes=13 selected=false selected_reason='no_visible_candidate'
[12:13:25] [SCENARIO][pre_nav][scrolltouch][inspect] scroll_step=2/5 samples='label='우리 집 QR code 우리 집 QR code' rid='com.samsung.android.oneconnect:id/home_button' cls='android.widget.ImageButton' visible=true clickable=true focusable=true effectiveClickable=true matched_text_node='com.samsung.android.oneconnect:id/home_button' promoted_container=false promotion_reason='none' promoted_from='' promoted_to='' stage='label_filter' reason='filtered_before_candidate' | label='우리 집, Change location 우리 집, Change location' rid='com.samsung.android.oneconnect:id/tab_title' cls='android.widget.LinearLayout' visible=true clickable=true focusable=true effectiveClickable=true matched_text_node='com.samsung.android.oneconnect:id/tab_title' promoted_container=false promotion_reason='none' promoted_from='' promoted_to='' stage='label_filter' reason='filtered_before_candidate' | label='Add Add' rid='com.samsung.android.oneconnect:id/add_menu_butto' cls='android.widget.ImageButton' visible=true clickable=true focusable=true effectiveClickable=true matched_text_node='com.samsung.android.oneconnect:id/add_menu_button' promoted_container=false promotion_reason='none' promoted_from='' promoted_to='' stage='label_filter' reason='filtered_before_candidate' | label='More options Mor'
[12:13:27] [CAPTURE][scrolltouch_step] saved path='output\capture_bundles\life_air_care_plugin\20260412_031306\step_02' step=2 visible_candidate_count=0 partial_match_count=0
[12:13:29] [SCENARIO][pre_nav][scrolltouch] visible_candidate_count=0 partial_match_count=0 scroll_step=2/5 action='scroll_forward_and_retry_local_search' scroll_performed=true settle_wait_ms=250 cumulative_mode=true
[12:13:30] [SCROLLTOUCH][promotion][salvage] source='none' reason='none' selected_ancestor_distance=-1 selected_container_class='android.widget.TextView' selected_container_view_id='com.samsung.android.oneconnect:id/tvHeaderTitle' rejected_large_container_count=0 rejected_list_like_container_count=0
[12:13:30] [SCENARIO][pre_nav][scrolltouch][debug] scroll_step=3/5 visible_candidate_count=1 partial_match_count=1 exact_match_count=0 xml_fallback_attempted=true xml_fallback_reason='ok' rejections='filtered_before_candidate:11, non_actionable_without_promotion:1' visible_top='-' partial_top='-' pre_candidate_top='label='Monitor air quality and air comfort in each room of your home. Monitor a' rid='com.samsung.android.oneconnect:id/tvHeaderTitle' cls='android.widget.TextView' reason='actionability_fail:non_actionable_without_promotion'' local_search_nodes=12 selected=false selected_reason='no_visible_candidate'
[12:13:30] [SCENARIO][pre_nav][scrolltouch][inspect] scroll_step=3/5 samples='label='우리 집 QR code 우리 집 QR code' rid='com.samsung.android.oneconnect:id/home_button' cls='android.widget.ImageButton' visible=true clickable=true focusable=true effectiveClickable=true matched_text_node='com.samsung.android.oneconnect:id/home_button' promoted_container=false promotion_reason='none' promoted_from='' promoted_to='' stage='label_filter' reason='filtered_before_candidate' | label='우리 집, Change location 우리 집, Change location' rid='com.samsung.android.oneconnect:id/tab_title' cls='android.widget.LinearLayout' visible=true clickable=true focusable=true effectiveClickable=true matched_text_node='com.samsung.android.oneconnect:id/tab_title' promoted_container=false promotion_reason='none' promoted_from='' promoted_to='' stage='label_filter' reason='filtered_before_candidate' | label='Add Add' rid='com.samsung.android.oneconnect:id/add_menu_butto' cls='android.widget.ImageButton' visible=true clickable=true focusable=true effectiveClickable=true matched_text_node='com.samsung.android.oneconnect:id/add_menu_button' promoted_container=false promotion_reason='none' promoted_from='' promoted_to='' stage='label_filter' reason='filtered_before_candidate' | label='More options Mor'
[12:13:31] [CAPTURE][scrolltouch_step] saved path='output\capture_bundles\life_air_care_plugin\20260412_031306\step_03' step=3 visible_candidate_count=1 partial_match_count=1
[12:13:34] [SCENARIO][pre_nav][scrolltouch] visible_candidate_count=1 partial_match_count=1 scroll_step=3/5 action='scroll_forward_and_retry_local_search' scroll_performed=true settle_wait_ms=250 cumulative_mode=true
[12:13:35] [SCENARIO][pre_nav][scrolltouch][debug] scroll_step=4/5 visible_candidate_count=0 partial_match_count=0 exact_match_count=0 xml_fallback_attempted=true xml_fallback_reason='ok' rejections='filtered_before_candidate:21' visible_top='-' partial_top='-' pre_candidate_top='-' local_search_nodes=21 selected=false selected_reason='no_visible_candidate'
[12:13:35] [SCENARIO][pre_nav][scrolltouch][inspect] scroll_step=4/5 samples='label='우리 집 QR code 우리 집 QR code' rid='com.samsung.android.oneconnect:id/home_button' cls='android.widget.ImageButton' visible=true clickable=true focusable=true effectiveClickable=true matched_text_node='com.samsung.android.oneconnect:id/home_button' promoted_container=false promotion_reason='none' promoted_from='' promoted_to='' stage='label_filter' reason='filtered_before_candidate' | label='우리 집, Change location 우리 집, Change location' rid='com.samsung.android.oneconnect:id/tab_title' cls='android.widget.LinearLayout' visible=true clickable=true focusable=true effectiveClickable=true matched_text_node='com.samsung.android.oneconnect:id/tab_title' promoted_container=false promotion_reason='none' promoted_from='' promoted_to='' stage='label_filter' reason='filtered_before_candidate' | label='Add Add' rid='com.samsung.android.oneconnect:id/add_menu_butto' cls='android.widget.ImageButton' visible=true clickable=true focusable=true effectiveClickable=true matched_text_node='com.samsung.android.oneconnect:id/add_menu_button' promoted_container=false promotion_reason='none' promoted_from='' promoted_to='' stage='label_filter' reason='filtered_before_candidate' | label='More options Mor'
[12:13:36] [CAPTURE][scrolltouch_step] saved path='output\capture_bundles\life_air_care_plugin\20260412_031306\step_04' step=4 visible_candidate_count=0 partial_match_count=0
[12:13:39] [SCENARIO][pre_nav][scrolltouch] visible_candidate_count=0 partial_match_count=0 scroll_step=4/5 action='scroll_forward_and_retry_local_search' scroll_performed=true settle_wait_ms=250 cumulative_mode=true
[12:13:39] [SCENARIO][pre_nav][scrolltouch][debug] scroll_step=5/5 visible_candidate_count=0 partial_match_count=0 exact_match_count=0 xml_fallback_attempted=true xml_fallback_reason='ok' rejections='filtered_before_candidate:29' visible_top='-' partial_top='-' pre_candidate_top='-' local_search_nodes=29 selected=false selected_reason='no_visible_candidate'
[12:13:39] [SCENARIO][pre_nav][scrolltouch][inspect] scroll_step=5/5 samples='label='우리 집 QR code 우리 집 QR code' rid='com.samsung.android.oneconnect:id/home_button' cls='android.widget.ImageButton' visible=true clickable=true focusable=true effectiveClickable=true matched_text_node='com.samsung.android.oneconnect:id/home_button' promoted_container=false promotion_reason='none' promoted_from='' promoted_to='' stage='label_filter' reason='filtered_before_candidate' | label='우리 집, Change location 우리 집, Change location' rid='com.samsung.android.oneconnect:id/tab_title' cls='android.widget.LinearLayout' visible=true clickable=true focusable=true effectiveClickable=true matched_text_node='com.samsung.android.oneconnect:id/tab_title' promoted_container=false promotion_reason='none' promoted_from='' promoted_to='' stage='label_filter' reason='filtered_before_candidate' | label='Add Add' rid='com.samsung.android.oneconnect:id/add_menu_butto' cls='android.widget.ImageButton' visible=true clickable=true focusable=true effectiveClickable=true matched_text_node='com.samsung.android.oneconnect:id/add_menu_button' promoted_container=false promotion_reason='none' promoted_from='' promoted_to='' stage='label_filter' reason='filtered_before_candidate' | label='More options Mor'
[12:13:41] [CAPTURE][scrolltouch_step] saved path='output\capture_bundles\life_air_care_plugin\20260412_031306\step_05' step=5 visible_candidate_count=0 partial_match_count=0
[12:13:41] [SCENARIO][pre_nav][scrolltouch] visible_candidate_count=0 partial_match_count=0 scroll_step=5/5 action='local_search_exhausted' scroll_performed=false cumulative_mode=true
[12:13:41] [SCENARIO][pre_nav][scrolltouch] candidate_select reason='no_local_match' fallback='helper_scrollTouch' reason_detail='max_scroll_search_steps_reached' cumulative_mode=true
[12:13:47] [CAPTURE][pre_nav_failure] start scenario='life_air_care_plugin' phase='pre_navigation' reason='no_local_match' step=1
[12:13:52] [CAPTURE][pre_nav_failure] saved path='output\capture_bundles\life_air_care_plugin\20260412_031306\final_failure' files='screenshot.png,window_dump.xml,helper_dump.json,focus_payload.json,meta.json'
[12:13:52] [SCENARIO][pre_nav] failed reason='action_failed' step=1
[12:13:52] [SCENARIO][pre_nav] failed reason='action_failed' detail='ACTION_ACCESSIBILITY_FOCUS success' step=1
[12:13:52] [PERF][scenario_summary] scenario=life_air_care_plugin tab=(?i).*life.* total_runtime=52.0 total_steps=1 main_step_count=1 overlay_step_count=0 overlay_count=0 avg_get_focus=0.0 avg_move=0.0 avg_crop=0.0 avg_step_total=0.0 step_total_sample_count=0 avg_get_focus_main=0.0 avg_get_focus_overlay=0.0 fallback_dump_count=0 success_false_top_level_dump_attempt_count=0 success_false_top_level_dump_found_count=0 fallback_dump_rate=0.0 get_focus_strong_skip_count=0 get_focus_strong_skip_rate=0.0 step_dump_used_count=0 save_excel_count=0 realign_attempt_count=0 realign_success_count=0 realign_success_rate=0.0
[12:13:52] [RESULT] skipped anchor rows count=1
[12:13:52] [SAVE] writing sheets raw/filtered/summary/result
[12:13:52] [SAVE] filtered rows=5, raw rows=7
[12:13:52] [SAVE] saved excel: output/talkback_compare_20260412_121052.xlsx rows=7 with_images=False
[12:13:52] [RECOVER] start
[12:13:55] [RECOVER] success
[12:13:55] [SCENARIO][stabilization] scenario='life_home_care_plugin' screen_context_mode='new_screen' stabilization_mode='anchor_only'
[12:13:55] [CONTEXT] skipped reason='new_screen_mode' phase='tab_select'
[12:13:55] [TAB][select] fallback_to_legacy=True scenario='life_home_care_plugin'
[12:14:00] [TRACE][open_scenario] scenario='life_home_care_plugin' stabilization_mode='anchor_only' focus_align_attempted=True focus_align_ok=True focus_align_reason='' context_ok=False anchor_matched=False anchor_stable=False
[12:14:01] [SCENARIO][pre_nav][stabilization] phase='before_pre_navigation' attempt=1/2 life_selected=false app_bar_hits=4 visible_card_hits=0 life_root_signature_present=false navigate_up_hits=0 family_care_signature_seen=true final_score=2 ok=false pass_reason='' fail_reason='life_root_not_stable'
[12:14:01] [SCENARIO][pre_nav][stabilization][life_energy_relaxed_gate] phase='before_pre_navigation' attempt=1/2 allow_scrolltouch=true reason='life_plugin_list_likely'
[12:14:01] [SCENARIO][pre_nav] step=1 action=scrolltouch target='(?i)(^home\s*care$|home\s*care\.|\bhomecare\b|홈\s*케어)'
[12:14:02] [SCENARIO][pre_nav] before scrolltouch, scroll_to_top invoked cumulative_mode=true
[12:14:04] [SCENARIO][pre_nav] scroll_to_top result={'ok': True, 'reached_top': True, 'attempts': 1, 'reason': 'scroll_failed'}
[12:14:05] [SCENARIO][pre_nav] top_state_verify ok=false reason='top_marker_missing' scenario='life_home_care_plugin'
[12:14:08] [SCENARIO][pre_nav] top_state_verify retry=1/2 ok=false reason='top_marker_missing'
[12:14:12] [SCENARIO][pre_nav] top_state_verify retry=2/2 ok=false reason='top_marker_missing'
[12:14:12] [SCROLLTOUCH][promotion][salvage] source='none' reason='none' selected_ancestor_distance=-1 selected_container_class='android.widget.TextView' selected_container_view_id='com.samsung.android.oneconnect:id/tvHeaderTitle' rejected_large_container_count=0 rejected_list_like_container_count=0
[12:14:14] [SCROLLTOUCH][promotion][salvage] source='xml_live' reason='xml_live_containment_container' selected_ancestor_distance=999 selected_container_class='android.widget.FrameLayout' selected_container_view_id='com.samsung.android.oneconnect:id/frameLayout' rejected_large_container_count=0 rejected_list_like_container_count=3
[12:14:14] [SCENARIO][pre_nav][scrolltouch][debug] scroll_step=1/5 visible_candidate_count=1 partial_match_count=1 exact_match_count=0 xml_fallback_attempted=true xml_fallback_reason='ok' rejections='filtered_before_candidate:20' visible_top='label='Connect Samsung home appliances and get smart care using the' rid='com.samsung.android.oneconnect:id/frameL' cls='android.widget.FrameLayout' bounds='42,1858,1038,2316'' partial_top='label='Connect Samsung home appliances and get smart care using the' rid='com.samsung.android.oneconnect:id/frameL' cls='android.widget.FrameLayout' bounds='42,1858,1038,2316'' pre_candidate_top='-' local_search_nodes=21 selected=true selected_reason='candidate_count=1'
[12:14:14] [SCENARIO][pre_nav][scrolltouch][inspect] scroll_step=1/5 samples='label='우리 집 QR code 우리 집 QR code' rid='com.samsung.android.oneconnect:id/home_button' cls='android.widget.ImageButton' visible=true clickable=true focusable=true effectiveClickable=true matched_text_node='com.samsung.android.oneconnect:id/home_button' promoted_container=false promotion_reason='none' promoted_from='' promoted_to='' stage='label_filter' reason='filtered_before_candidate' | label='우리 집, Change location 우리 집, Change location' rid='com.samsung.android.oneconnect:id/tab_title' cls='android.widget.LinearLayout' visible=true clickable=true focusable=true effectiveClickable=true matched_text_node='com.samsung.android.oneconnect:id/tab_title' promoted_container=false promotion_reason='none' promoted_from='' promoted_to='' stage='label_filter' reason='filtered_before_candidate' | label='Add Add' rid='com.samsung.android.oneconnect:id/add_menu_butto' cls='android.widget.ImageButton' visible=true clickable=true focusable=true effectiveClickable=true matched_text_node='com.samsung.android.oneconnect:id/add_menu_button' promoted_container=false promotion_reason='none' promoted_from='' promoted_to='' stage='label_filter' reason='filtered_before_candidate' | label='More options Mor'
[12:14:14] [SCENARIO][pre_nav][scrolltouch] candidate_select reason='candidate_count=1' class='android.widget.FrameLayout' resource='com.samsung.android.oneconnect:id/frameLayout' bounds='42,1858,1038,2316' visible=true label='' promoted_container=true promotion_attempted=true promotion_source='xml_live' matched_text_node='com.samsung.android.oneconnect:id/tvHeaderTitle' promotion_reason='xml_live_containment_container' promotion_candidate_count=2 promotion_debug_summary='helper:no_candidate:rejected_large=0:rejected_list_like=0;xml_live:candidate_count=2:rejected_large=0:rejected_list_like' promoted_from='com.samsung.android.oneconnect:id/tvHeaderTitle' promoted_to='com.samsung.android.oneconnect:id/frameLayout' selected_area=456168 text_area=161424 area_ratio=2.826 ancestor_distance=999 tap_point='540,2087' tap_strategy='center' rank_summary_top3='com.samsung.android.oneconnect:id/frameLayout:xml_live_containment_container:ov=1000:ar=2.83:sp=5:ad=999 | android.widget.RelativeLayout:xml_live_containment_container:ov=1000:ar=2.83:sp=1:ad=999' scroll_step=1/5 cumulative_mode=true
[12:14:15] [SCENARIO][pre_nav][scrolltouch] candidate_select reason='no_local_match' fallback='helper_scrollTouch' reason_detail='local_search_exhausted' cumulative_mode=true
[12:14:39] [SCENARIO][pre_nav][scrolltouch] post_click_transition same_screen=false signal='screen_text'
[12:14:39] [SCENARIO][pre_nav] success step=1 reason='ACTION_CLICK success'
[12:14:40] [SCENARIO][pre_nav] success
[12:14:46] [ANCHOR][fallback] explicit anchor not matched, trying top content fallback
[12:14:46] [ANCHOR][fallback] selected candidate label='Always manage your home appliances optimally, Home Care constantly monitors devices that support AI diagnosis and informs you when they need cleaning, replacing, or other maintenance. Always manage your home appliances optimally, Home Care constantly monitors devices that support AI diagnosis and informs you when they need cleaning, replacing, or other maintenance.' position='top_center'
[12:14:46] [ANCHOR][plugin_fallback] using_top_start_candidate position='top_center'
[12:14:56] [CONTEXT] skipped reason='anchor_only_mode'
[12:14:56] [CONTEXT] skipped reason='anchor_only_mode'
[12:14:56] [CONTEXT] scenario='life_home_care_plugin' type='skipped' expected='' actual='' ok=True
[12:14:56] [ANCHOR][scenario_start] anchor mismatch scenario='life_home_care_plugin'
[12:14:56] [ANCHOR][scenario_start] anchor not stable scenario='life_home_care_plugin'
[12:15:02] [ANCHOR][fallback] explicit anchor not matched, trying top content fallback
[12:15:02] [ANCHOR][fallback] selected candidate label='Always manage your home appliances optimally, Home Care constantly monitors devices that support AI diagnosis and informs you when they need cleaning, replacing, or other maintenance. Always manage your home appliances optimally, Home Care constantly monitors devices that support AI diagnosis and informs you when they need cleaning, replacing, or other maintenance.' position='top_center'
[12:15:02] [ANCHOR][plugin_fallback] using_top_start_candidate position='top_center'
[12:15:11] [CONTEXT] skipped reason='anchor_only_mode'
[12:15:11] [CONTEXT] skipped reason='anchor_only_mode'
[12:15:11] [CONTEXT] scenario='life_home_care_plugin' type='skipped' expected='' actual='' ok=True
[12:15:11] [ANCHOR][scenario_start] anchor mismatch scenario='life_home_care_plugin'
[12:15:11] [ANCHOR][scenario_start] anchor not stable scenario='life_home_care_plugin'
[12:15:11] [TRACE][open_scenario] scenario='life_home_care_plugin' stabilization_mode='anchor_only' focus_align_attempted=True focus_align_ok=True focus_align_reason='' context_ok=False anchor_matched=False anchor_stable=False
[12:15:11] [ANCHOR][scenario_start] stabilization failed but proceeding with low-confidence fallback start scenario='life_home_care_plugin' source='fallback_top_center' reason='fallback_candidate_and_focus_evidence'
[12:15:11] [ANCHOR][plugin_fallback] candidate_label='Always manage your home appliances optimally, Home Care constantly monitors devices that support AI diagnosis and informs you when they need cleaning, replacing, or other maintenance. Always manage your home appliances optimally, Home Care constantly monitors devices that support AI diagnosis and informs you when they need cleaning, replacing, or other maintenance.' candidate_view_id='' reason='new_screen_evidence_confirmed'
[12:15:11] [ANCHOR][plugin_fallback] stabilized_by='post_focus_verified'
[12:15:11] [SCENARIO][start_mode] scenario='life_home_care_plugin' mode='low_confidence_fallback'
[12:15:17] [SCENARIO][special_state] detected scenario='life_home_care_plugin' entry_type='card' kind='onboarding_or_empty_state' handling='back_after_read' verify_hit=true long_intro_like=true special_hits='smartthings home care,always manage your home appliances optimally,home care constantly monitors devices,ai diagnosis,maintenance' cta_hits='start'
[12:15:20] [SCENARIO][entry_contract] handled scenario='life_home_care_plugin' entry_type='card' reason='special_state_handled' detail='onboarding_back_exit' back_status='back_sent_exit'
[12:15:20] [PERF][scenario_summary] scenario=life_home_care_plugin tab=(?i).*life.* total_runtime=84.5 total_steps=1 main_step_count=1 overlay_step_count=0 overlay_count=0 avg_get_focus=0.0 avg_move=0.0 avg_crop=0.0 avg_step_total=0.0 step_total_sample_count=0 avg_get_focus_main=0.0 avg_get_focus_overlay=0.0 fallback_dump_count=0 success_false_top_level_dump_attempt_count=0 success_false_top_level_dump_found_count=0 fallback_dump_rate=0.0 get_focus_strong_skip_count=0 get_focus_strong_skip_rate=0.0 step_dump_used_count=0 save_excel_count=0 realign_attempt_count=0 realign_success_count=0 realign_success_rate=0.0
[12:15:20] [RESULT] skipped anchor rows count=1
[12:15:20] [SAVE] writing sheets raw/filtered/summary/result
[12:15:20] [SAVE] filtered rows=6, raw rows=8
[12:15:20] [SAVE] saved excel: output/talkback_compare_20260412_121052.xlsx rows=8 with_images=False
[12:15:20] [RECOVER] start
[12:15:23] [RECOVER] success
[12:15:23] [SCENARIO][stabilization] scenario='life_energy_plugin' screen_context_mode='new_screen' stabilization_mode='anchor_only'
[12:15:23] [CONTEXT] skipped reason='new_screen_mode' phase='tab_select'
[12:15:23] [TAB][select] fallback_to_legacy=True scenario='life_energy_plugin'
[12:15:28] [TRACE][open_scenario] scenario='life_energy_plugin' stabilization_mode='anchor_only' focus_align_attempted=True focus_align_ok=True focus_align_reason='' context_ok=False anchor_matched=False anchor_stable=False
[12:15:30] [SCENARIO][pre_nav][stabilization] phase='before_pre_navigation' attempt=1/2 life_selected=false app_bar_hits=4 visible_card_hits=0 life_root_signature_present=false navigate_up_hits=0 family_care_signature_seen=true final_score=2 ok=false pass_reason='' fail_reason='life_root_not_stable'
[12:15:30] [SCENARIO][pre_nav][stabilization][life_energy_relaxed_gate] phase='before_pre_navigation' attempt=1/2 allow_scrolltouch=true reason='life_plugin_list_likely'
[12:15:30] [SCENARIO][pre_nav] step=1 action=scrolltouch target='(?i)(^energy$|energy\.|\bsmart\s*energy\b|\benergy\b)'
[12:15:30] [SCENARIO][pre_nav] before scrolltouch, scroll_to_top invoked cumulative_mode=true
[12:15:32] [SCENARIO][pre_nav] scroll_to_top result={'ok': True, 'reached_top': True, 'attempts': 1, 'reason': 'scroll_failed'}
[12:15:33] [SCENARIO][pre_nav] top_state_verify ok=false reason='top_marker_missing' scenario='life_energy_plugin'
[12:15:36] [SCENARIO][pre_nav] top_state_verify retry=1/2 ok=false reason='top_marker_missing'
[12:15:40] [SCENARIO][pre_nav] top_state_verify retry=2/2 ok=false reason='top_marker_missing'
[12:15:40] [SCROLLTOUCH][promotion][salvage] source='none' reason='none' selected_ancestor_distance=-1 selected_container_class='android.widget.TextView' selected_container_view_id='com.samsung.android.oneconnect:id/tvHeaderTitle' rejected_large_container_count=0 rejected_list_like_container_count=0
[12:15:42] [SCROLLTOUCH][promotion][salvage] source='xml_live' reason='xml_live_containment_container' selected_ancestor_distance=999 selected_container_class='android.widget.FrameLayout' selected_container_view_id='com.samsung.android.oneconnect:id/frameLayout' rejected_large_container_count=0 rejected_list_like_container_count=3
[12:15:42] [SCENARIO][pre_nav][scrolltouch][debug] scroll_step=1/5 visible_candidate_count=1 partial_match_count=1 exact_match_count=0 xml_fallback_attempted=true xml_fallback_reason='ok' rejections='filtered_before_candidate:20' visible_top='label='Connect Samsung home appliances and get smart care using the' rid='com.samsung.android.oneconnect:id/frameL' cls='android.widget.FrameLayout' bounds='42,1858,1038,2316'' partial_top='label='Connect Samsung home appliances and get smart care using the' rid='com.samsung.android.oneconnect:id/frameL' cls='android.widget.FrameLayout' bounds='42,1858,1038,2316'' pre_candidate_top='-' local_search_nodes=21 selected=true selected_reason='candidate_count=1'
[12:15:42] [SCENARIO][pre_nav][scrolltouch][inspect] scroll_step=1/5 samples='label='우리 집 QR code 우리 집 QR code' rid='com.samsung.android.oneconnect:id/home_button' cls='android.widget.ImageButton' visible=true clickable=true focusable=true effectiveClickable=true matched_text_node='com.samsung.android.oneconnect:id/home_button' promoted_container=false promotion_reason='none' promoted_from='' promoted_to='' stage='label_filter' reason='filtered_before_candidate' | label='우리 집, Change location 우리 집, Change location' rid='com.samsung.android.oneconnect:id/tab_title' cls='android.widget.LinearLayout' visible=true clickable=true focusable=true effectiveClickable=true matched_text_node='com.samsung.android.oneconnect:id/tab_title' promoted_container=false promotion_reason='none' promoted_from='' promoted_to='' stage='label_filter' reason='filtered_before_candidate' | label='Add Add' rid='com.samsung.android.oneconnect:id/add_menu_butto' cls='android.widget.ImageButton' visible=true clickable=true focusable=true effectiveClickable=true matched_text_node='com.samsung.android.oneconnect:id/add_menu_button' promoted_container=false promotion_reason='none' promoted_from='' promoted_to='' stage='label_filter' reason='filtered_before_candidate' | label='More options Mor'
[12:15:42] [SCENARIO][pre_nav][scrolltouch] candidate_select reason='candidate_count=1' class='android.widget.FrameLayout' resource='com.samsung.android.oneconnect:id/frameLayout' bounds='42,1858,1038,2316' visible=true label='' promoted_container=true promotion_attempted=true promotion_source='xml_live' matched_text_node='com.samsung.android.oneconnect:id/tvHeaderTitle' promotion_reason='xml_live_containment_container' promotion_candidate_count=2 promotion_debug_summary='helper:no_candidate:rejected_large=0:rejected_list_like=0;xml_live:candidate_count=2:rejected_large=0:rejected_list_like' promoted_from='com.samsung.android.oneconnect:id/tvHeaderTitle' promoted_to='com.samsung.android.oneconnect:id/frameLayout' selected_area=456168 text_area=161424 area_ratio=2.826 ancestor_distance=999 tap_point='540,2087' tap_strategy='center' rank_summary_top3='com.samsung.android.oneconnect:id/frameLayout:xml_live_containment_container:ov=1000:ar=2.83:sp=5:ad=999 | android.widget.RelativeLayout:xml_live_containment_container:ov=1000:ar=2.83:sp=1:ad=999' scroll_step=1/5 cumulative_mode=true
[12:15:43] [SCENARIO][pre_nav][scrolltouch] candidate_select reason='no_local_match' fallback='helper_scrollTouch' reason_detail='local_search_exhausted' cumulative_mode=true
[12:15:55] [SCENARIO][pre_nav][scrolltouch] post_click_transition same_screen=false signal='screen_text'
[12:15:55] [SCENARIO][pre_nav] success step=1 reason='ACTION_CLICK success'
[12:15:56] [SCENARIO][pre_nav] success
[12:16:00] [CONTEXT] skipped reason='anchor_only_mode'
[12:16:00] [CONTEXT] skipped reason='anchor_only_mode'
[12:16:00] [CONTEXT] scenario='life_energy_plugin' type='skipped' expected='' actual='' ok=True
[12:16:00] [CONTEXT] verification passed scenario='life_energy_plugin'
[12:16:00] [ANCHOR][scenario_start] success scenario='life_energy_plugin' selected=True matched=True stable=True context_ok=True reason='selected_and_verified'
[12:16:00] [TRACE][open_scenario] scenario='life_energy_plugin' stabilization_mode='anchor_only' focus_align_attempted=True focus_align_ok=True focus_align_reason='' context_ok=False anchor_matched=False anchor_stable=True
[12:16:02] [SCENARIO][entry_contract] success scenario='life_energy_plugin' entry_type='card' reason='success_verified' detail='plugin_open_verified'
[12:16:02] [TRACE][post_open_focus] scenario='life_energy_plugin' view_id='back' label='Navigate up' speech='Navigate up' bounds='{'l': 72, 't': 118, 'r': 144, 'b': 310, 'left': 72, 'top': 118, 'right': 144, 'bottom': 310}' source='top_level' top_level=True
[12:16:07] [TRACE][anchor_row] scenario='life_energy_plugin' step=0 view_id='back' visible='Navigate up' speech='Navigate up' normalized_visible='navigate up' is_global_nav=False
[12:16:07] [ROW] fingerprint='back|navigate up|navigate up|108,214' normalized_fingerprint='back|navigate up|navigate up' duplicate=false recent_duplicate=false distance=0 recent_semantic_duplicate=false semantic_distance=0 semantic_window_unique=1 noise=false
[12:16:08] [RESULT] skipped anchor rows count=2
[12:16:08] [SAVE] writing sheets raw/filtered/summary/result
[12:16:08] [SAVE] filtered rows=7, raw rows=9
[12:16:08] [SAVE] saved excel: output/talkback_compare_20260412_121052.xlsx rows=9 with_images=False
[12:16:08] [STEP] START tab='(?i).*life.*' step=1
[12:16:13] [ROW] fingerprint='|energy|energy|552,214' normalized_fingerprint='|energy|energy' duplicate=false recent_duplicate=false distance=0 recent_semantic_duplicate=false semantic_distance=0 semantic_window_unique=2 noise=false
[12:16:13] [STEP] END tab='(?i).*life.*' step=1 elapsed=4.52s move_result='{'success': True, 'status': 'moved', 'detail': 'moved', 'raw': {'timestamp': 1775963768512, 'reqId': 'd298e5c0', 'success': True, 'status': 'moved', 'detail': 'moved', 'flags': []}}' visible='Energy' speech='Energy' crop='output\talkback_compare_20260412_121052\crops\i_._life._step_1_Energy.png' timing(move=0.425s ann=3.055s get_focus=1.043s get_focus_fallback_dump=0.000s step_dump=0.000s crop=0.484s total=5.007s) focus_reason='' fallback_used=False fallback_found=False step_dump_used=False step_dump_reason='focus_payload_sufficient' req_id='7609e279'
[12:16:13] [STOP][eval] step=1 scenario='life_energy_plugin' terminal=false same_like_count=0 no_progress=false scenario_type='content' is_global_nav=false after_realign=false recent_repeat=false bounded_two_card_loop=false semantic_same_like=false recent_duplicate=false recent_duplicate_distance=0 recent_semantic_duplicate=false recent_semantic_duplicate_distance=0 recent_semantic_unique_count=2 strict_duplicate=false semantic_duplicate=false repeat_class='none' loop_classification='none' hard_no_progress=false soft_no_progress=false no_progress_class='none' overlay_realign_grace_active=false min_step_gate_blocked=false realign_grace_suppressed=false repeat_stop_hit=false decision='continue' reason='none' stop_explain_version='pr7_explain_v1' stop_explain_input='step:1|move:{'success': true, 'status': 'moved', 'detail': 'moved', 'raw': {'timestamp': 1775963768512, 'reqid': 'd298e5c0', 'success': true, 'status': 'moved', 'detail': 'moved', 'flags': []}}|smart:moved|same:0|fail:0' stop_explain_repeat='recent:false|class:none|strict:false|semantic:false|loop:none|two_card:false' stop_explain_no_progress='hit:false|class:none|hard:false|soft:false' stop_explain_gate='candidate:false|min_block:false|realign_suppress:false|realign_active:false|decision:continue'
[12:16:13] [STEP] START tab='(?i).*life.*' step=2
[12:16:18] [ROW] fingerprint='more|more options|more options|972,214' normalized_fingerprint='more|more options|more options' duplicate=false recent_duplicate=false distance=0 recent_semantic_duplicate=false semantic_distance=0 semantic_window_unique=3 noise=false
[12:16:18] [STEP] END tab='(?i).*life.*' step=2 elapsed=4.67s move_result='{'success': True, 'status': 'moved', 'detail': 'moved', 'raw': {'timestamp': 1775963773531, 'reqId': '4fa29faf', 'success': True, 'status': 'moved', 'detail': 'moved', 'flags': []}}' visible='More options' speech='More options' crop='output\talkback_compare_20260412_121052\crops\i_._life._step_2_More_options.png' timing(move=0.461s ann=2.983s get_focus=1.225s get_focus_fallback_dump=0.000s step_dump=0.000s crop=0.498s total=5.168s) focus_reason='' fallback_used=False fallback_found=False step_dump_used=False step_dump_reason='focus_payload_sufficient' req_id='732144a9'
[12:16:18] [STOP][eval] step=2 scenario='life_energy_plugin' terminal=false same_like_count=0 no_progress=false scenario_type='content' is_global_nav=false after_realign=false recent_repeat=false bounded_two_card_loop=false semantic_same_like=false recent_duplicate=false recent_duplicate_distance=0 recent_semantic_duplicate=false recent_semantic_duplicate_distance=0 recent_semantic_unique_count=3 strict_duplicate=false semantic_duplicate=false repeat_class='none' loop_classification='none' hard_no_progress=false soft_no_progress=false no_progress_class='none' overlay_realign_grace_active=false min_step_gate_blocked=false realign_grace_suppressed=false repeat_stop_hit=false decision='continue' reason='none' stop_explain_version='pr7_explain_v1' stop_explain_input='step:2|move:{'success': true, 'status': 'moved', 'detail': 'moved', 'raw': {'timestamp': 1775963773531, 'reqid': '4fa29faf', 'success': true, 'status': 'moved', 'detail': 'moved', 'flags': []}}|smart:moved|same:0|fail:0' stop_explain_repeat='recent:false|class:none|strict:false|semantic:false|loop:none|two_card:false' stop_explain_no_progress='hit:false|class:none|hard:false|soft:false' stop_explain_gate='candidate:false|min_block:false|realign_suppress:false|realign_active:false|decision:continue'
[12:16:18] [OVERLAY] candidate matched scenario='life_energy_plugin' tab='(?i).*life.*' step=2 view_id='more' label='More options' reason='matched_scenario_policy'
[12:16:28] [OVERLAY] post_click classification='overlay' scenario='life_energy_plugin' tab='(?i).*life.*' entry_view_id='more' entry_label='More options' post_view_id='addToHomeScreen' post_label='Add to Home screen'
[12:16:41] [RESULT] skipped anchor rows count=2
[12:16:41] [SAVE] writing sheets raw/filtered/summary/result
[12:16:41] [SAVE] filtered rows=12, raw rows=14
[12:16:41] [SAVE] saved excel: output/talkback_compare_20260412_121052.xlsx rows=14 with_images=False
[12:16:54] [OVERLAY][repeat] same_focus_detected=true step=6 view_id='moreInformation' bounds='396,820,1053,970' normalized_visible_label='information' move_result=''
[12:16:54] [OVERLAY][break] reason='same_overlay_fingerprint' step=6
[12:16:54] [RESULT] skipped anchor rows count=2
[12:16:54] [SAVE] writing sheets raw/filtered/summary/result
[12:16:54] [SAVE] filtered rows=14, raw rows=16
[12:16:54] [SAVE] saved excel: output/talkback_compare_20260412_121052.xlsx rows=16 with_images=False
[12:16:58] [RESULT] skipped anchor rows count=2
[12:16:58] [SAVE] writing sheets raw/filtered/summary/result
[12:16:58] [SAVE] filtered rows=14, raw rows=16
[12:16:58] [SAVE] saved excel: output/talkback_compare_20260412_121052.xlsx rows=16 with_images=False
[12:17:01] [OVERLAY] realign status='realign_entry_reached' entry_reached=True steps_taken=2 match_by='view_id'
[12:17:07] [CONTEXT] skipped reason='anchor_only_mode'
[12:17:07] [CONTEXT] skipped reason='anchor_only_mode'
[12:17:07] [CONTEXT] scenario='life_energy_plugin' type='skipped' expected='' actual='' ok=True
[12:17:07] [CONTEXT] verification passed scenario='life_energy_plugin'
[12:17:07] [ANCHOR][overlay_realign] success scenario='life_energy_plugin' selected=True matched=True stable=True context_ok=True reason='selected_and_verified'
[12:17:07] [ANCHOR][overlay_realign] success scenario='life_energy_plugin' reason='overlay_realign_verified'
[12:17:07] [STEP] START tab='(?i).*life.*' step=3
[12:17:11] [ROW] fingerprint='|energy|energy|552,214' normalized_fingerprint='|energy|energy' duplicate=false recent_duplicate=true distance=2 recent_semantic_duplicate=true semantic_distance=2 semantic_window_unique=3 noise=false
[12:17:11] [STEP] END tab='(?i).*life.*' step=3 elapsed=3.95s move_result='{'success': True, 'status': 'moved', 'detail': 'moved', 'raw': {'timestamp': 1775963827676, 'reqId': '06289686', 'success': True, 'status': 'moved', 'detail': 'moved', 'flags': []}}' visible='Energy' speech='Energy' crop='output\talkback_compare_20260412_121052\crops\i_._life._step_3_Energy.png' timing(move=0.445s ann=3.051s get_focus=0.453s get_focus_fallback_dump=0.000s step_dump=0.000s crop=0.473s total=4.423s) focus_reason='' fallback_used=False fallback_found=False step_dump_used=False step_dump_reason='focus_payload_sufficient' req_id='bff44b69'
[12:17:11] [STOP][eval] step=3 scenario='life_energy_plugin' terminal=false same_like_count=0 no_progress=false scenario_type='content' is_global_nav=false after_realign=true recent_repeat=false bounded_two_card_loop=false semantic_same_like=false recent_duplicate=true recent_duplicate_distance=2 recent_semantic_duplicate=true recent_semantic_duplicate_distance=2 recent_semantic_unique_count=3 strict_duplicate=false semantic_duplicate=false repeat_class='none' loop_classification='none' hard_no_progress=false soft_no_progress=false no_progress_class='none' overlay_realign_grace_active=false min_step_gate_blocked=false realign_grace_suppressed=false repeat_stop_hit=false decision='continue' reason='none' stop_explain_version='pr7_explain_v1' stop_explain_input='step:3|move:{'success': true, 'status': 'moved', 'detail': 'moved', 'raw': {'timestamp': 1775963827676, 'reqid': '06289686', 'success': true, 'status': 'moved', 'detail': 'moved', 'flags': []}}|smart:moved|same:0|fail:0' stop_explain_repeat='recent:false|class:none|strict:false|semantic:false|loop:none|two_card:false' stop_explain_no_progress='hit:false|class:none|hard:false|soft:false' stop_explain_gate='candidate:false|min_block:false|realign_suppress:false|realign_active:false|decision:continue'
[12:17:11] [RESULT] skipped anchor rows count=2
[12:17:11] [SAVE] writing sheets raw/filtered/summary/result
[12:17:11] [SAVE] filtered rows=14, raw rows=17
[12:17:11] [SAVE] saved excel: output/talkback_compare_20260412_121052.xlsx rows=17 with_images=False
[12:17:11] [STEP] START tab='(?i).*life.*' step=4
[12:17:16] [ROW] fingerprint='more|more options|more options|972,214' normalized_fingerprint='more|more options|more options' duplicate=false recent_duplicate=true distance=2 recent_semantic_duplicate=true semantic_distance=2 semantic_window_unique=3 noise=false
[12:17:16] [STEP] END tab='(?i).*life.*' step=4 elapsed=4.49s move_result='{'success': True, 'status': 'moved', 'detail': 'moved', 'raw': {'timestamp': 1775963832792, 'reqId': '5d0c7301', 'success': True, 'status': 'moved', 'detail': 'moved', 'flags': []}}' visible='More options' speech='More options' crop='output\talkback_compare_20260412_121052\crops\i_._life._step_4_More_options.png' timing(move=0.994s ann=3.043s get_focus=0.457s get_focus_fallback_dump=0.000s step_dump=0.000s crop=0.496s total=4.990s) focus_reason='' fallback_used=False fallback_found=False step_dump_used=False step_dump_reason='focus_payload_sufficient' req_id='1faec55f'
[12:17:16] [STOP][eval] step=4 scenario='life_energy_plugin' terminal=false same_like_count=0 no_progress=false scenario_type='content' is_global_nav=false after_realign=false recent_repeat=false bounded_two_card_loop=false semantic_same_like=false recent_duplicate=true recent_duplicate_distance=2 recent_semantic_duplicate=true recent_semantic_duplicate_distance=2 recent_semantic_unique_count=3 strict_duplicate=false semantic_duplicate=false repeat_class='none' loop_classification='none' hard_no_progress=false soft_no_progress=false no_progress_class='none' overlay_realign_grace_active=false min_step_gate_blocked=false realign_grace_suppressed=false repeat_stop_hit=false decision='continue' reason='none' stop_explain_version='pr7_explain_v1' stop_explain_input='step:4|move:{'success': true, 'status': 'moved', 'detail': 'moved', 'raw': {'timestamp': 1775963832792, 'reqid': '5d0c7301', 'success': true, 'status': 'moved', 'detail': 'moved', 'flags': []}}|smart:moved|same:0|fail:0' stop_explain_repeat='recent:false|class:none|strict:false|semantic:false|loop:none|two_card:false' stop_explain_no_progress='hit:false|class:none|hard:false|soft:false' stop_explain_gate='candidate:false|min_block:false|realign_suppress:false|realign_active:false|decision:continue'
[12:17:16] [OVERLAY] skip already expanded entry fingerprint='(?i).*life.*|more|more options'
[12:17:16] [STEP] START tab='(?i).*life.*' step=5
[12:17:21] [ROW] fingerprint='|save energy with ai energy mode and earn reward points|save energy with ai energy mode and earn reward points|642,461' normalized_fingerprint='|save energy with ai energy mode and earn reward points|save energy with ai energy mode and earn reward points' duplicate=false recent_duplicate=false distance=0 recent_semantic_duplicate=false semantic_distance=0 semantic_window_unique=4 noise=false
[12:17:21] [STEP] END tab='(?i).*life.*' step=5 elapsed=4.52s move_result='{'success': True, 'status': 'moved', 'detail': 'moved', 'raw': {'timestamp': 1775963837806, 'reqId': 'cfeff28b', 'success': True, 'status': 'moved', 'detail': 'moved', 'flags': []}}' visible='Save energy with AI Energy Mode and earn reward points' speech='Save energy with AI Energy Mode and earn reward points' crop='output\talkback_compare_20260412_121052\crops\i_._life._step_5_Save_energy_with_AI_Energy_Mode_and_earn.png' timing(move=1.015s ann=3.066s get_focus=0.439s get_focus_fallback_dump=0.000s step_dump=0.000s crop=0.484s total=5.005s) focus_reason='' fallback_used=False fallback_found=False step_dump_used=False step_dump_reason='focus_payload_sufficient' req_id='02978e4b'
[12:17:21] [STOP][eval] step=5 scenario='life_energy_plugin' terminal=false same_like_count=0 no_progress=false scenario_type='content' is_global_nav=false after_realign=false recent_repeat=false bounded_two_card_loop=false semantic_same_like=false recent_duplicate=false recent_duplicate_distance=0 recent_semantic_duplicate=false recent_semantic_duplicate_distance=0 recent_semantic_unique_count=4 strict_duplicate=false semantic_duplicate=false repeat_class='none' loop_classification='none' hard_no_progress=false soft_no_progress=false no_progress_class='none' overlay_realign_grace_active=false min_step_gate_blocked=false realign_grace_suppressed=false repeat_stop_hit=false decision='continue' reason='none' stop_explain_version='pr7_explain_v1' stop_explain_input='step:5|move:{'success': true, 'status': 'moved', 'detail': 'moved', 'raw': {'timestamp': 1775963837806, 'reqid': 'cfeff28b', 'success': true, 'status': 'moved', 'detail': 'moved', 'flags': []}}|smart:moved|same:0|fail:0' stop_explain_repeat='recent:false|class:none|strict:false|semantic:false|loop:none|two_card:false' stop_explain_no_progress='hit:false|class:none|hard:false|soft:false' stop_explain_gate='candidate:false|min_block:false|realign_suppress:false|realign_active:false|decision:continue'
[12:17:21] [STOP][summary] scenario='life_energy_plugin' stop_triggered=false stop_step=5 reason='safety_limit'
[12:17:21] [PERF][scenario_summary] scenario=life_energy_plugin tab=(?i).*life.* total_runtime=117.9 total_steps=11 main_step_count=6 overlay_step_count=5 overlay_count=1 avg_get_focus=0.745 avg_move=0.556 avg_crop=0.503 avg_step_total=4.912 step_total_sample_count=6 avg_get_focus_main=0.77 avg_get_focus_overlay=0.716 fallback_dump_count=0 success_false_top_level_dump_attempt_count=0 success_false_top_level_dump_found_count=0 fallback_dump_rate=0.0 get_focus_strong_skip_count=11 get_focus_strong_skip_rate=100.0 step_dump_used_count=0 save_excel_count=5 realign_attempt_count=1 realign_success_count=1 realign_success_rate=100.0
[12:17:21] [MAIN] skip disabled scenario_id='devices_main' tab='(?i).*devices.*'
[12:17:21] [MAIN] skip disabled scenario_id='life_main' tab='(?i).*life.*'
[12:17:21] [MAIN] skip disabled scenario_id='routines_main' tab='(?i).*routines.*'
[12:17:21] [MAIN] skip disabled scenario_id='menu_main' tab='(?i).*(menu|more).*'
[12:17:21] [MAIN] skip disabled scenario_id='settings_entry_example' tab='(?i).*menu.*'
[12:17:21] [RECOVER] start
[12:17:27] [RECOVER] success
[12:17:27] [SCENARIO][stabilization] scenario='life_pet_care_plugin' screen_context_mode='new_screen' stabilization_mode='anchor_only'
[12:17:27] [CONTEXT] skipped reason='new_screen_mode' phase='tab_select'
[12:17:27] [TAB][select] fallback_to_legacy=True scenario='life_pet_care_plugin'
[12:17:31] [TRACE][open_scenario] scenario='life_pet_care_plugin' stabilization_mode='anchor_only' focus_align_attempted=True focus_align_ok=True focus_align_reason='' context_ok=False anchor_matched=False anchor_stable=False
[12:17:33] [SCENARIO][pre_nav][stabilization] phase='before_pre_navigation' attempt=1/2 life_selected=false app_bar_hits=4 visible_card_hits=0 life_root_signature_present=false navigate_up_hits=0 family_care_signature_seen=true final_score=2 ok=false pass_reason='' fail_reason='life_root_not_stable'
[12:17:33] [SCENARIO][pre_nav][stabilization][life_energy_relaxed_gate] phase='before_pre_navigation' attempt=1/2 allow_scrolltouch=true reason='life_plugin_list_likely'
[12:17:33] [SCENARIO][pre_nav] step=1 action=scrolltouch target='(?i)(^pet\s*care$|.*pet\s*care.*|.*펫\s*케어.*)'
[12:17:34] [SCENARIO][pre_nav] before scrolltouch, scroll_to_top invoked cumulative_mode=true
[12:17:36] [SCENARIO][pre_nav] scroll_to_top result={'ok': True, 'reached_top': True, 'attempts': 1, 'reason': 'scroll_failed'}
[12:17:37] [SCENARIO][pre_nav] top_state_verify ok=false reason='top_marker_missing' scenario='life_pet_care_plugin'
[12:17:40] [SCENARIO][pre_nav] top_state_verify retry=1/2 ok=false reason='top_marker_missing'
[12:17:44] [SCENARIO][pre_nav] top_state_verify retry=2/2 ok=false reason='top_marker_missing'
[12:17:46] [SCENARIO][pre_nav][scrolltouch][debug] scroll_step=1/5 visible_candidate_count=0 partial_match_count=0 exact_match_count=0 xml_fallback_attempted=true xml_fallback_reason='ok' rejections='filtered_before_candidate:21' visible_top='-' partial_top='-' pre_candidate_top='-' local_search_nodes=21 selected=false selected_reason='no_visible_candidate'
[12:17:46] [SCENARIO][pre_nav][scrolltouch][inspect] scroll_step=1/5 samples='label='우리 집 QR code 우리 집 QR code' rid='com.samsung.android.oneconnect:id/home_button' cls='android.widget.ImageButton' visible=true clickable=true focusable=true effectiveClickable=true matched_text_node='com.samsung.android.oneconnect:id/home_button' promoted_container=false promotion_reason='none' promoted_from='' promoted_to='' stage='label_filter' reason='filtered_before_candidate' | label='우리 집, Change location 우리 집, Change location' rid='com.samsung.android.oneconnect:id/tab_title' cls='android.widget.LinearLayout' visible=true clickable=true focusable=true effectiveClickable=true matched_text_node='com.samsung.android.oneconnect:id/tab_title' promoted_container=false promotion_reason='none' promoted_from='' promoted_to='' stage='label_filter' reason='filtered_before_candidate' | label='Add Add' rid='com.samsung.android.oneconnect:id/add_menu_butto' cls='android.widget.ImageButton' visible=true clickable=true focusable=true effectiveClickable=true matched_text_node='com.samsung.android.oneconnect:id/add_menu_button' promoted_container=false promotion_reason='none' promoted_from='' promoted_to='' stage='label_filter' reason='filtered_before_candidate' | label='More options Mor'
[12:17:48] [SCENARIO][pre_nav][scrolltouch] visible_candidate_count=0 partial_match_count=0 scroll_step=1/5 action='scroll_forward_and_retry_local_search' scroll_performed=true settle_wait_ms=250 cumulative_mode=true
[12:17:49] [SCROLLTOUCH][promotion][salvage] source='none' reason='none' selected_ancestor_distance=-1 selected_container_class='android.widget.TextView' selected_container_view_id='com.samsung.android.oneconnect:id/tvHeaderTitle' rejected_large_container_count=0 rejected_list_like_container_count=0
[12:17:49] [SCENARIO][pre_nav][scrolltouch][debug] scroll_step=2/5 visible_candidate_count=1 partial_match_count=1 exact_match_count=0 xml_fallback_attempted=true xml_fallback_reason='ok' rejections='filtered_before_candidate:12, non_actionable_without_promotion:1' visible_top='-' partial_top='-' pre_candidate_top='label='You can take care of your pet with devices connected to SmartThings whil' rid='com.samsung.android.oneconnect:id/tvHeaderTitle' cls='android.widget.TextView' reason='actionability_fail:non_actionable_without_promotion'' local_search_nodes=13 selected=false selected_reason='no_visible_candidate'
[12:17:49] [SCENARIO][pre_nav][scrolltouch][inspect] scroll_step=2/5 samples='label='우리 집 QR code 우리 집 QR code' rid='com.samsung.android.oneconnect:id/home_button' cls='android.widget.ImageButton' visible=true clickable=true focusable=true effectiveClickable=true matched_text_node='com.samsung.android.oneconnect:id/home_button' promoted_container=false promotion_reason='none' promoted_from='' promoted_to='' stage='label_filter' reason='filtered_before_candidate' | label='우리 집, Change location 우리 집, Change location' rid='com.samsung.android.oneconnect:id/tab_title' cls='android.widget.LinearLayout' visible=true clickable=true focusable=true effectiveClickable=true matched_text_node='com.samsung.android.oneconnect:id/tab_title' promoted_container=false promotion_reason='none' promoted_from='' promoted_to='' stage='label_filter' reason='filtered_before_candidate' | label='Add Add' rid='com.samsung.android.oneconnect:id/add_menu_butto' cls='android.widget.ImageButton' visible=true clickable=true focusable=true effectiveClickable=true matched_text_node='com.samsung.android.oneconnect:id/add_menu_button' promoted_container=false promotion_reason='none' promoted_from='' promoted_to='' stage='label_filter' reason='filtered_before_candidate' | label='More options Mor'
[12:17:51] [SCENARIO][pre_nav][scrolltouch] visible_candidate_count=1 partial_match_count=1 scroll_step=2/5 action='scroll_forward_and_retry_local_search' scroll_performed=true settle_wait_ms=250 cumulative_mode=true
[12:17:52] [SCENARIO][pre_nav][scrolltouch][debug] scroll_step=3/5 visible_candidate_count=0 partial_match_count=0 exact_match_count=0 xml_fallback_attempted=true xml_fallback_reason='ok' rejections='filtered_before_candidate:12' visible_top='-' partial_top='-' pre_candidate_top='-' local_search_nodes=12 selected=false selected_reason='no_visible_candidate'
[12:17:52] [SCENARIO][pre_nav][scrolltouch][inspect] scroll_step=3/5 samples='label='우리 집 QR code 우리 집 QR code' rid='com.samsung.android.oneconnect:id/home_button' cls='android.widget.ImageButton' visible=true clickable=true focusable=true effectiveClickable=true matched_text_node='com.samsung.android.oneconnect:id/home_button' promoted_container=false promotion_reason='none' promoted_from='' promoted_to='' stage='label_filter' reason='filtered_before_candidate' | label='우리 집, Change location 우리 집, Change location' rid='com.samsung.android.oneconnect:id/tab_title' cls='android.widget.LinearLayout' visible=true clickable=true focusable=true effectiveClickable=true matched_text_node='com.samsung.android.oneconnect:id/tab_title' promoted_container=false promotion_reason='none' promoted_from='' promoted_to='' stage='label_filter' reason='filtered_before_candidate' | label='Add Add' rid='com.samsung.android.oneconnect:id/add_menu_butto' cls='android.widget.ImageButton' visible=true clickable=true focusable=true effectiveClickable=true matched_text_node='com.samsung.android.oneconnect:id/add_menu_button' promoted_container=false promotion_reason='none' promoted_from='' promoted_to='' stage='label_filter' reason='filtered_before_candidate' | label='More options Mor'
[12:17:54] [SCENARIO][pre_nav][scrolltouch] visible_candidate_count=0 partial_match_count=0 scroll_step=3/5 action='scroll_forward_and_retry_local_search' scroll_performed=true settle_wait_ms=250 cumulative_mode=true
[12:17:55] [SCENARIO][pre_nav][scrolltouch][debug] scroll_step=4/5 visible_candidate_count=0 partial_match_count=0 exact_match_count=0 xml_fallback_attempted=true xml_fallback_reason='ok' rejections='filtered_before_candidate:21' visible_top='-' partial_top='-' pre_candidate_top='-' local_search_nodes=21 selected=false selected_reason='no_visible_candidate'
[12:17:55] [SCENARIO][pre_nav][scrolltouch][inspect] scroll_step=4/5 samples='label='우리 집 QR code 우리 집 QR code' rid='com.samsung.android.oneconnect:id/home_button' cls='android.widget.ImageButton' visible=true clickable=true focusable=true effectiveClickable=true matched_text_node='com.samsung.android.oneconnect:id/home_button' promoted_container=false promotion_reason='none' promoted_from='' promoted_to='' stage='label_filter' reason='filtered_before_candidate' | label='우리 집, Change location 우리 집, Change location' rid='com.samsung.android.oneconnect:id/tab_title' cls='android.widget.LinearLayout' visible=true clickable=true focusable=true effectiveClickable=true matched_text_node='com.samsung.android.oneconnect:id/tab_title' promoted_container=false promotion_reason='none' promoted_from='' promoted_to='' stage='label_filter' reason='filtered_before_candidate' | label='Add Add' rid='com.samsung.android.oneconnect:id/add_menu_butto' cls='android.widget.ImageButton' visible=true clickable=true focusable=true effectiveClickable=true matched_text_node='com.samsung.android.oneconnect:id/add_menu_button' promoted_container=false promotion_reason='none' promoted_from='' promoted_to='' stage='label_filter' reason='filtered_before_candidate' | label='More options Mor'
[12:17:57] [SCENARIO][pre_nav][scrolltouch] visible_candidate_count=0 partial_match_count=0 scroll_step=4/5 action='scroll_forward_and_retry_local_search' scroll_performed=true settle_wait_ms=250 cumulative_mode=true
[12:17:58] [SCENARIO][pre_nav][scrolltouch][debug] scroll_step=5/5 visible_candidate_count=0 partial_match_count=0 exact_match_count=0 xml_fallback_attempted=true xml_fallback_reason='ok' rejections='filtered_before_candidate:29' visible_top='-' partial_top='-' pre_candidate_top='-' local_search_nodes=29 selected=false selected_reason='no_visible_candidate'
[12:17:58] [SCENARIO][pre_nav][scrolltouch][inspect] scroll_step=5/5 samples='label='우리 집 QR code 우리 집 QR code' rid='com.samsung.android.oneconnect:id/home_button' cls='android.widget.ImageButton' visible=true clickable=true focusable=true effectiveClickable=true matched_text_node='com.samsung.android.oneconnect:id/home_button' promoted_container=false promotion_reason='none' promoted_from='' promoted_to='' stage='label_filter' reason='filtered_before_candidate' | label='우리 집, Change location 우리 집, Change location' rid='com.samsung.android.oneconnect:id/tab_title' cls='android.widget.LinearLayout' visible=true clickable=true focusable=true effectiveClickable=true matched_text_node='com.samsung.android.oneconnect:id/tab_title' promoted_container=false promotion_reason='none' promoted_from='' promoted_to='' stage='label_filter' reason='filtered_before_candidate' | label='Add Add' rid='com.samsung.android.oneconnect:id/add_menu_butto' cls='android.widget.ImageButton' visible=true clickable=true focusable=true effectiveClickable=true matched_text_node='com.samsung.android.oneconnect:id/add_menu_button' promoted_container=false promotion_reason='none' promoted_from='' promoted_to='' stage='label_filter' reason='filtered_before_candidate' | label='More options Mor'
[12:17:58] [SCENARIO][pre_nav][scrolltouch] visible_candidate_count=0 partial_match_count=0 scroll_step=5/5 action='local_search_exhausted' scroll_performed=false cumulative_mode=true
[12:17:58] [SCENARIO][pre_nav][scrolltouch] candidate_select reason='no_local_match' fallback='helper_scrollTouch' reason_detail='max_scroll_search_steps_reached' cumulative_mode=true
[12:18:04] [SCENARIO][pre_nav] failed reason='action_failed' step=1
[12:18:04] [SCENARIO][pre_nav] failed reason='action_failed' detail='ACTION_ACCESSIBILITY_FOCUS success' step=1
[12:18:04] [PERF][scenario_summary] scenario=life_pet_care_plugin tab=(?i).*life.* total_runtime=36.4 total_steps=1 main_step_count=1 overlay_step_count=0 overlay_count=0 avg_get_focus=0.0 avg_move=0.0 avg_crop=0.0 avg_step_total=0.0 step_total_sample_count=0 avg_get_focus_main=0.0 avg_get_focus_overlay=0.0 fallback_dump_count=0 success_false_top_level_dump_attempt_count=0 success_false_top_level_dump_found_count=0 fallback_dump_rate=0.0 get_focus_strong_skip_count=0 get_focus_strong_skip_rate=0.0 step_dump_used_count=0 save_excel_count=0 realign_attempt_count=0 realign_success_count=0 realign_success_rate=0.0
[12:18:04] [RESULT] skipped anchor rows count=2
[12:18:04] [SAVE] writing sheets raw/filtered/summary/result
[12:18:04] [SAVE] filtered rows=16, raw rows=20
[12:18:04] [SAVE] saved excel: output/talkback_compare_20260412_121052.xlsx rows=20 with_images=False
[12:18:04] [RESULT] skipped anchor rows count=2
[12:18:04] [SAVE] writing sheets raw/filtered/summary/result
[12:18:04] [SAVE] filtered rows=16, raw rows=20
[12:18:04] [SAVE] saved excel: output/talkback_compare_20260412_121052.xlsx rows=20 with_images=True
[12:18:04] [MAIN] final save complete
[12:18:04] [PERF][run_summary] total_runtime=430.9 total_scenarios=5 total_steps=20 total_overlay_count=1 avg_get_focus=0.758 avg_move=0.469 fallback_dump_count=0 success_false_top_level_dump_attempt_count=0 success_false_top_level_dump_found_count=0 fallback_dump_rate=0.0 get_focus_strong_skip_rate=85.0 realign_success_rate=100.0 save_excel_count=11
