[08:20:08] [SAVE][temp] override tmp='D:\Python test\talkback-a11y-helper\output\.tmp' temp='D:\Python test\talkback-a11y-helper\output\.tmp' applied=true
[08:20:08] [MAIN] script start (version=1.7.82, log_level=NORMAL)
[08:20:10] [PREFLIGHT] talkback status='enabled'
[08:20:10] [MAIN] output file: output/talkback_compare_20260416_082008.xlsx
[08:20:10] [MAIN] image dir base: output\talkback_compare_20260416_082008
[08:20:10] [CONFIG] runtime config loaded path='config\runtime_config.json'
[08:20:10] [GLOBAL_NAV][guard] forcing stabilization_mode='tab_context' scenario='global_nav_main' requested='anchor_then_context'
[08:20:10] [CONFIG] scenario resolved scenario='global_nav_main' group='main_tabs' max_steps=10 enabled=True
[08:20:10] [CONFIG] applied shared_navigation='default_global_nav'
[08:20:10] [CONFIG] scenario enabled scenario='global_nav_main' source='runtime' enabled=True base_enabled=False
[08:20:10] [CONFIG] scenario resolved scenario='home_main' group='main_tabs' max_steps=5 enabled=True
[08:20:10] [CONFIG] applied shared_navigation='bottom_tab_global_nav'
[08:20:10] [CONFIG] scenario enabled scenario='home_main' source='runtime' enabled=True base_enabled=False
[08:20:10] [CONFIG] scenario resolved scenario='life_food_plugin' group='plugin_screen' max_steps=5 enabled=True
[08:20:10] [CONFIG] applied pre_navigation_ref='enter_food_plugin'
[08:20:10] [CONFIG] scenario enabled scenario='life_food_plugin' source='runtime' enabled=True base_enabled=False
[08:20:10] [CONFIG] scenario resolved scenario='life_air_care_plugin' group='-' max_steps=3 enabled=False
[08:20:10] [CONFIG] scenario enabled scenario='life_air_care_plugin' source='runtime' enabled=False base_enabled=False
[08:20:10] [CONFIG] scenario resolved scenario='life_home_care_plugin' group='-' max_steps=3 enabled=False
[08:20:10] [CONFIG] scenario enabled scenario='life_home_care_plugin' source='runtime' enabled=False base_enabled=False
[08:20:10] [CONFIG] scenario resolved scenario='life_energy_plugin' group='-' max_steps=1 enabled=False
[08:20:10] [CONFIG] scenario enabled scenario='life_energy_plugin' source='runtime' enabled=False base_enabled=False
[08:20:10] [CONFIG] scenario resolved scenario='devices_main' group='main_tabs' max_steps=10 enabled=True
[08:20:10] [CONFIG] applied shared_navigation='bottom_tab_global_nav'
[08:20:10] [CONFIG] applied anchor_ref='home_tab_anchor'
[08:20:10] [CONFIG] scenario enabled scenario='devices_main' source='runtime' enabled=True base_enabled=False
[08:20:10] [CONFIG] scenario resolved scenario='life_main' group='main_tabs' max_steps=30 enabled=True
[08:20:10] [CONFIG] applied shared_navigation='bottom_tab_global_nav'
[08:20:10] [CONFIG] scenario enabled scenario='life_main' source='runtime' enabled=True base_enabled=False
[08:20:10] [CONFIG] scenario resolved scenario='routines_main' group='main_tabs' max_steps=30 enabled=True
[08:20:10] [CONFIG] applied shared_navigation='bottom_tab_global_nav'
[08:20:10] [CONFIG] scenario enabled scenario='routines_main' source='runtime' enabled=True base_enabled=False
[08:20:10] [CONFIG] scenario resolved scenario='menu_main' group='main_tabs' max_steps=30 enabled=True
[08:20:10] [CONFIG] applied shared_navigation='bottom_tab_global_nav'
[08:20:10] [CONFIG] scenario enabled scenario='menu_main' source='runtime' enabled=True base_enabled=False
[08:20:10] [CONFIG] scenario resolved scenario='settings_entry_example' group='plugin_screen' max_steps=5 enabled=True
[08:20:10] [CONFIG] applied anchor_ref='settings_button_anchor'
[08:20:10] [CONFIG] applied pre_navigation_ref='enter_settings'
[08:20:10] [CONFIG] scenario enabled scenario='settings_entry_example' source='runtime' enabled=True base_enabled=False
[08:20:10] [CONFIG] scenario resolved scenario='life_pet_care_plugin' group='-' max_steps=1 enabled=False
[08:20:10] [CONFIG] scenario enabled scenario='life_pet_care_plugin' source='runtime' enabled=False base_enabled=False
[08:20:10] [CONFIG] scenario resolved scenario='life_family_care_plugin' group='-' max_steps=1 enabled=False
[08:20:10] [CONFIG] scenario enabled scenario='life_family_care_plugin' source='runtime' enabled=False base_enabled=False
[08:20:10] [CONFIG] scenario resolved scenario='life_plant_care_plugin' group='-' max_steps=1 enabled=False
[08:20:10] [CONFIG] scenario enabled scenario='life_plant_care_plugin' source='runtime' enabled=False base_enabled=False
[08:20:10] [CONFIG] scenario resolved scenario='life_clothing_care_plugin' group='-' max_steps=1 enabled=False
[08:20:10] [CONFIG] scenario enabled scenario='life_clothing_care_plugin' source='runtime' enabled=False base_enabled=False
[08:20:10] [CONFIG] scenario resolved scenario='life_find_plugin' group='-' max_steps=1 enabled=False
[08:20:10] [CONFIG] scenario enabled scenario='life_find_plugin' source='runtime' enabled=False base_enabled=False
[08:20:10] [CONFIG] scenario resolved scenario='life_video_plugin' group='-' max_steps=1 enabled=False
[08:20:10] [CONFIG] scenario enabled scenario='life_video_plugin' source='runtime' enabled=False base_enabled=False
[08:20:10] [CONFIG] scenario resolved scenario='life_home_monitor_plugin' group='-' max_steps=5 enabled=False
[08:20:10] [CONFIG] scenario enabled scenario='life_home_monitor_plugin' source='runtime' enabled=False base_enabled=False
[08:20:10] [CONFIG] scenario resolved scenario='life_music_sync_plugin' group='-' max_steps=1 enabled=True
[08:20:10] [CONFIG] scenario enabled scenario='life_music_sync_plugin' source='runtime' enabled=True base_enabled=False
[08:20:10] [SCENARIO][stabilization] scenario='global_nav_main' screen_context_mode='bottom_tab' stabilization_mode='tab_context'
[08:20:10] [TAB][select] fallback_to_legacy=True scenario='global_nav_main'
[08:20:19] [TAB][select] scenario='global_nav_main' selected=True matched_fields=['resource_id', 'text'] score=140
[08:20:19] [TAB][verify] selected_bottom_tab ok=True actual='Selected, Home, Tab 1 of 5, Selected, Home, Tab 1 of 5'
[08:20:19] [TRACE][open_scenario] scenario='global_nav_main' stabilization_mode='tab_context' focus_align_attempted=True focus_align_ok=True focus_align_reason='' context_ok=False anchor_matched=False anchor_stable=False
[08:20:30] [CONTEXT] scenario='global_nav_main' type='selected_bottom_tab' expected='announcement=(?i).*(selected|선택됨).*(home|devices|life|routines|menu).*' actual='Selected, Home, Tab 1 of 5, Selected, Home, Tab 1 of 5' ok=True
[08:20:30] [ANCHOR][scenario_start] anchor mismatch scenario='global_nav_main'
[08:20:30] [CONTEXT] verification passed scenario='global_nav_main'
[08:20:30] [ANCHOR][scenario_start] success scenario='global_nav_main' selected={'success': True, 'status': 'moved', 'detail': 'ACTION_ACCESSIBILITY_FOCUS success', 'raw': {'timestamp': 1776295225063, 'reqId': '06ac74c9', 'success': True, 'reason': 'ACTION_ACCESSIBILITY_FOCUS success', 'action': 'FOCUS', 'targetName': '(?i).*(home|devices|life|routines|menu).*', 'targetType': 'a', 'targetIndex': 0, 'attemptedResourceId': 'com.samsung.android.oneconnect:id/home_button', 'attemptedClassName': 'android.widget.ImageButton', 'target': {'timestamp': 1776295225063, 'schemaVersion': '1.2.0', 'snapshotBuilderVersion': '1.2.0', 'packageName': 'com.samsung.android.oneconnect', 'className': 'android.widget.ImageButton', 'viewIdResourceName': 'com.samsung.android.oneconnect:id/home_button', 'text': None, 'contentDescription': 'Location QR code', 'mergedLabel': 'Location QR code', 'talkbackLabel': 'Location QR code', 'clickable': True, 'focusable': True, 'focused': False, 'accessibilityFocused': False, 'visibleToUser': True, 'isVisibleToUser': True, 'selected': False, 'checkable': False, 'checked': False, 'enabled': True, 'boundsInScreen': {'l': 72, 't': 178, 'r': 144, 'b': 250, 'left': 72, 'top': 178, 'right': 144, 'bottom': 250}, 'children': []}}} matched=False stable=True context_ok=True reason='context_verified'
[08:20:30] [TRACE][open_scenario] scenario='global_nav_main' stabilization_mode='tab_context' focus_align_attempted=True focus_align_ok=True focus_align_reason='' context_ok=False anchor_matched=False anchor_stable=True
[08:20:34] [ENTRY][post_open_identity] scenario_id='global_nav_main' top_visible_labels='Location QR code Locatio,우리 집, Change location 우리,Map View Map View,Add Add,More options, New conten' top_focus_label='Location QR code Location QR code' back_button_present=false body_texts='Location QR code Locatio,우리 집, Change location 우리,Map View Map View,Add Add,More options, New conten' plugin_title_candidates='Location QR code Locatio,우리 집, Change location 우리,Map View Map View' verify_hit=false special_token_hit=false
[08:20:34] [ENTRY][special_state_check] detected=true signals='long_intro,cta,intro_focus' kind='setup_needed_or_empty_state'
[08:20:34] [ENTRY][special_state_check] decision='route_to_special_state' reason='special_state_detected_verify_not_success'
[08:20:34] [ENTRY][special_state_route] handling='back_after_read'
[08:20:34] [ENTRY][special_state_route] main_traversal_skipped=true
[08:20:34] [SCENARIO][special_state] detected scenario='global_nav_main' entry_type='card' kind='setup_needed_or_empty_state' handling='back_after_read' verify_hit=false long_intro_like=true special_hits='' cta_hits='connect'
[08:20:35] [SPECIAL_STATE][recover] start
[08:20:35] [LIFE_RESET] start
[08:20:36] [LIFE_RESET] app_inside=false
[08:20:38] [LIFE_RESET] app_inside=false
[08:20:39] [LIFE_RESET] app_inside=false
[08:20:40] [LIFE_RESET] app_inside=false
[08:20:41] [LIFE_RESET] app_inside=false
[08:20:43] [LIFE_RESET] app_inside=false
[08:20:43] [LIFE_RESET] success=false fail reason='outside_app'
[08:20:43] [RECOVER] failed reason='outside_app'
[08:20:43] [SPECIAL_STATE][recover] retry=1/2 target='life_plugin_list' reason='recover_to_start_state_failed'
[08:20:43] [LIFE_RESET] start
[08:20:43] [LIFE_RESET] app_inside=false
[08:20:45] [LIFE_RESET] app_inside=false
[08:20:46] [LIFE_RESET] app_inside=false
[08:20:47] [LIFE_RESET] app_inside=false
[08:20:48] [LIFE_RESET] app_inside=false
[08:20:50] [LIFE_RESET] app_inside=false
[08:20:50] [LIFE_RESET] success=false fail reason='outside_app'
[08:20:50] [RECOVER] failed reason='outside_app'
[08:20:50] [SPECIAL_STATE][recover] success=false target='life_plugin_list' reason='recover_to_start_state_failed'
[08:20:50] [SCENARIO][entry_contract] failed scenario='global_nav_main' entry_type='card' reason='verify_failed' detail='special_state_recover_failed:recover_to_start_state_failed'
[08:20:50] [PERF][scenario_summary] scenario=global_nav_main tab=(?i).*(home|devices|life|routines|menu).* total_runtime=40.0 total_steps=1 main_step_count=1 overlay_step_count=0 overlay_count=0 avg_get_focus=0.0 avg_move=0.0 avg_crop=0.0 avg_step_total=0.0 step_total_sample_count=0 avg_get_focus_main=0.0 avg_get_focus_overlay=0.0 fallback_dump_count=0 success_false_top_level_dump_attempt_count=0 success_false_top_level_dump_found_count=0 fallback_dump_rate=0.0 get_focus_strong_skip_count=0 get_focus_strong_skip_rate=0.0 step_dump_used_count=0 save_excel_count=0 realign_attempt_count=0 realign_success_count=0 realign_success_rate=0.0
[08:20:50] [SAVE] writing sheets raw/filtered/summary/result
[08:20:50] [SAVE] filtered rows=1, raw rows=1
[08:20:50] [SAVE] saved excel: output/talkback_compare_20260416_082008.xlsx rows=1 with_images=False
[08:20:50] [LIFE_RESET] start
[08:20:50] [LIFE_RESET] app_inside=false
[08:20:52] [LIFE_RESET] app_inside=false
[08:20:54] [LIFE_RESET] app_inside=false
[08:20:54] [LIFE_RESET] app_inside=false
[08:20:55] [LIFE_RESET] app_inside=false
[08:20:57] [LIFE_RESET] app_inside=false
[08:20:57] [LIFE_RESET] success=false fail reason='outside_app'
[08:20:57] [RECOVER] failed reason='outside_app'
[08:20:57] [MAIN] recovery failed but continuing scenario_id='home_main' tab='(?i).*home.*'
[08:20:57] [SCENARIO][stabilization] scenario='home_main' screen_context_mode='bottom_tab' stabilization_mode='anchor_then_context'
[08:21:06] [TAB][verify_debug] expected_view_id='' text_regex='' announcement_regex='(?i).*(selected|선택됨).*home.*' actual='' reason='no_bottom_nav_candidates' candidates='none'
[08:21:06] [TAB][select] scenario='home_main' selected={'success': False, 'status': 'failed', 'detail': 'timeout', 'raw': {'success': False, 'reason': 'timeout'}} matched_fields=[] score=0
[08:21:06] [TAB][verify] selected_bottom_tab ok=False actual=''
[08:21:16] [TAB][verify_debug] expected_view_id='' text_regex='' announcement_regex='(?i).*(selected|선택됨).*home.*' actual='' reason='no_bottom_nav_candidates' candidates='none'
[08:21:16] [TAB][select] scenario='home_main' selected={'success': False, 'status': 'failed', 'detail': 'timeout', 'raw': {'success': False, 'reason': 'timeout'}} matched_fields=[] score=0
[08:21:16] [TAB][verify] selected_bottom_tab ok=False actual=''
[08:21:16] [TRACE][open_scenario] scenario='home_main' stabilization_mode='anchor_then_context' focus_align_attempted=False focus_align_ok=False focus_align_reason='not_selected' context_ok=False anchor_matched=False anchor_stable=False
[08:21:16] [TAB][select] stabilization failed scenario='home_main'
[08:21:16] [PERF][scenario_summary] scenario=home_main tab=(?i).*home.* total_runtime=18.5 total_steps=1 main_step_count=1 overlay_step_count=0 overlay_count=0 avg_get_focus=0.0 avg_move=0.0 avg_crop=0.0 avg_step_total=0.0 step_total_sample_count=0 avg_get_focus_main=0.0 avg_get_focus_overlay=0.0 fallback_dump_count=0 success_false_top_level_dump_attempt_count=0 success_false_top_level_dump_found_count=0 fallback_dump_rate=0.0 get_focus_strong_skip_count=0 get_focus_strong_skip_rate=0.0 step_dump_used_count=0 save_excel_count=0 realign_attempt_count=0 realign_success_count=0 realign_success_rate=0.0
[08:21:16] [SAVE] writing sheets raw/filtered/summary/result
[08:21:16] [SAVE] filtered rows=2, raw rows=2
[08:21:16] [SAVE] saved excel: output/talkback_compare_20260416_082008.xlsx rows=2 with_images=False
[08:21:16] [LIFE_RESET] start
[08:21:16] [LIFE_RESET] app_inside=false
[08:21:18] [LIFE_RESET] app_inside=false
[08:21:20] [LIFE_RESET] app_inside=false
[08:21:20] [LIFE_RESET] app_inside=false
[08:21:21] [LIFE_RESET] app_inside=false
[08:21:23] [LIFE_RESET] app_inside=false
[08:21:23] [LIFE_RESET] success=false fail reason='outside_app'
[08:21:23] [RECOVER] failed reason='outside_app'
[08:21:23] [MAIN] recovery failed but continuing scenario_id='life_food_plugin' tab='(?i).*life.*'
[08:21:23] [SCENARIO][stabilization] scenario='life_food_plugin' screen_context_mode='new_screen' stabilization_mode='anchor_only'
[08:21:24] [LIFE_RESET] verify phase='plugin_start_initial' attempt=1/2 global_nav_visible=false life_tab_selected=false plugin_card_list_visible=false life_list_ready=false
[08:21:25] [LIFE_RESET] verify phase='plugin_start_initial' attempt=2/2 global_nav_visible=false life_tab_selected=false plugin_card_list_visible=false life_list_ready=false
[08:21:25] [PLUGIN_START][recover_before_entry] triggered=true mode='life_reset'
[08:21:25] [LIFE_RESET] start
[08:21:25] [LIFE_RESET] app_inside=false
[08:21:26] [LIFE_RESET] app_inside=false
[08:21:28] [LIFE_RESET] app_inside=false
[08:21:29] [LIFE_RESET] app_inside=false
[08:21:30] [LIFE_RESET] app_inside=false
[08:21:32] [LIFE_RESET] app_inside=false
[08:21:32] [LIFE_RESET] success=false fail reason='outside_app'
[08:21:32] [RECOVER] failed reason='outside_app'
[08:21:32] [PLUGIN_START][recover_before_entry] retry=1/2 reason='recover_to_start_state_failed'
[08:21:32] [LIFE_RESET] start
[08:21:32] [LIFE_RESET] app_inside=false
[08:21:34] [LIFE_RESET] app_inside=false
[08:21:35] [LIFE_RESET] app_inside=false
[08:21:36] [LIFE_RESET] app_inside=false
[08:21:37] [LIFE_RESET] app_inside=false
[08:21:39] [LIFE_RESET] app_inside=false
[08:21:39] [LIFE_RESET] success=false fail reason='outside_app'
[08:21:39] [RECOVER] failed reason='outside_app'
[08:21:39] [PLUGIN_START][life_list_check] ok=false reason='recover_failed'
[08:21:39] [PLUGIN_START][recover_before_entry] success=false
[08:21:39] [PERF][scenario_summary] scenario=life_food_plugin tab=(?i).*life.* total_runtime=15.6 total_steps=1 main_step_count=1 overlay_step_count=0 overlay_count=0 avg_get_focus=0.0 avg_move=0.0 avg_crop=0.0 avg_step_total=0.0 step_total_sample_count=0 avg_get_focus_main=0.0 avg_get_focus_overlay=0.0 fallback_dump_count=0 success_false_top_level_dump_attempt_count=0 success_false_top_level_dump_found_count=0 fallback_dump_rate=0.0 get_focus_strong_skip_count=0 get_focus_strong_skip_rate=0.0 step_dump_used_count=0 save_excel_count=0 realign_attempt_count=0 realign_success_count=0 realign_success_rate=0.0
[08:21:39] [SAVE] writing sheets raw/filtered/summary/result
[08:21:39] [SAVE] filtered rows=3, raw rows=3
[08:21:39] [SAVE] saved excel: output/talkback_compare_20260416_082008.xlsx rows=3 with_images=False
[08:21:39] [MAIN] skip disabled scenario_id='life_air_care_plugin' tab='(?i).*life.*'
[08:21:39] [MAIN] skip disabled scenario_id='life_home_care_plugin' tab='(?i).*life.*'
[08:21:39] [MAIN] skip disabled scenario_id='life_energy_plugin' tab='(?i).*life.*'
[08:21:39] [LIFE_RESET] start
[08:21:40] [LIFE_RESET] app_inside=false
[08:21:41] [LIFE_RESET] app_inside=false
[08:21:42] [LIFE_RESET] app_inside=false
[08:21:43] [LIFE_RESET] app_inside=false
[08:21:45] [LIFE_RESET] app_inside=false
[08:21:46] [LIFE_RESET] app_inside=false
[08:21:46] [LIFE_RESET] success=false fail reason='outside_app'
[08:21:46] [RECOVER] failed reason='outside_app'
[08:21:46] [MAIN] recovery failed but continuing scenario_id='devices_main' tab='(?i).*devices.*'
[08:21:46] [SCENARIO][stabilization] scenario='devices_main' screen_context_mode='bottom_tab' stabilization_mode='anchor_then_context'
[08:21:56] [TAB][verify_debug] expected_view_id='' text_regex='' announcement_regex='(?i).*(selected|선택됨).*devices.*' actual='' reason='no_bottom_nav_candidates' candidates='none'
[08:21:56] [TAB][select] scenario='devices_main' selected={'success': False, 'status': 'failed', 'detail': 'timeout', 'raw': {'success': False, 'reason': 'timeout'}} matched_fields=[] score=0
[08:21:56] [TAB][verify] selected_bottom_tab ok=False actual=''
[08:22:05] [TAB][verify_debug] expected_view_id='' text_regex='' announcement_regex='(?i).*(selected|선택됨).*devices.*' actual='' reason='no_bottom_nav_candidates' candidates='none'
[08:22:05] [TAB][select] scenario='devices_main' selected={'success': False, 'status': 'failed', 'detail': 'timeout', 'raw': {'success': False, 'reason': 'timeout'}} matched_fields=[] score=0
[08:22:05] [TAB][verify] selected_bottom_tab ok=False actual=''
[08:22:05] [TRACE][open_scenario] scenario='devices_main' stabilization_mode='anchor_then_context' focus_align_attempted=False focus_align_ok=False focus_align_reason='not_selected' context_ok=False anchor_matched=False anchor_stable=False
[08:22:05] [TAB][select] stabilization failed scenario='devices_main'
[08:22:05] [PERF][scenario_summary] scenario=devices_main tab=(?i).*devices.* total_runtime=18.8 total_steps=1 main_step_count=1 overlay_step_count=0 overlay_count=0 avg_get_focus=0.0 avg_move=0.0 avg_crop=0.0 avg_step_total=0.0 step_total_sample_count=0 avg_get_focus_main=0.0 avg_get_focus_overlay=0.0 fallback_dump_count=0 success_false_top_level_dump_attempt_count=0 success_false_top_level_dump_found_count=0 fallback_dump_rate=0.0 get_focus_strong_skip_count=0 get_focus_strong_skip_rate=0.0 step_dump_used_count=0 save_excel_count=0 realign_attempt_count=0 realign_success_count=0 realign_success_rate=0.0
[08:22:05] [SAVE] writing sheets raw/filtered/summary/result
[08:22:05] [SAVE] filtered rows=4, raw rows=4
[08:22:05] [SAVE] saved excel: output/talkback_compare_20260416_082008.xlsx rows=4 with_images=False
[08:22:05] [LIFE_RESET] start
[08:22:05] [LIFE_RESET] app_inside=false
[08:22:07] [LIFE_RESET] app_inside=false
[08:22:08] [LIFE_RESET] app_inside=false
[08:22:09] [LIFE_RESET] app_inside=false
[08:22:11] [LIFE_RESET] app_inside=false
[08:22:12] [LIFE_RESET] app_inside=false
[08:22:12] [LIFE_RESET] success=false fail reason='outside_app'
[08:22:12] [RECOVER] failed reason='outside_app'
[08:22:12] [MAIN] recovery failed but continuing scenario_id='life_main' tab='(?i).*life.*'
[08:22:12] [SCENARIO][stabilization] scenario='life_main' screen_context_mode='bottom_tab' stabilization_mode='anchor_then_context'
[08:22:15] [SAVE] writing sheets raw/filtered/summary/result
[08:22:15] [SAVE] filtered rows=4, raw rows=4
[08:22:15] [SAVE] saved excel: output/talkback_compare_20260416_082008.xlsx rows=4 with_images=True
[08:22:15] [MAIN] final save complete
[08:22:15] [PERF][run_summary] total_runtime=125.5 total_scenarios=5 total_steps=4 total_overlay_count=0 avg_get_focus=0.0 avg_move=0.0 fallback_dump_count=0 success_false_top_level_dump_attempt_count=0 success_false_top_level_dump_found_count=0 fallback_dump_rate=0.0 get_focus_strong_skip_rate=0.0 realign_success_rate=0.0 save_excel_count=5
