[22:23:03] [SAVE][temp] override tmp='D:\Python test\talkback-a11y-helper\output\.tmp' temp='D:\Python test\talkback-a11y-helper\output\.tmp' applied=true
[22:23:03] [MAIN] script start (version=1.7.81, log_level=NORMAL)
[22:23:10] [PREFLIGHT] talkback status='enabled'
[22:23:10] [MAIN] output file: output/talkback_compare_20260413_222303.xlsx
[22:23:10] [MAIN] image dir base: output\talkback_compare_20260413_222303
[22:23:10] [CONFIG] runtime config loaded path='config\runtime_config.json'
[22:23:10] [GLOBAL_NAV][guard] forcing stabilization_mode='tab_context' scenario='global_nav_main' requested='anchor_then_context'
[22:23:10] [CONFIG] scenario resolved scenario='global_nav_main' group='main_tabs' max_steps=10 enabled=False
[22:23:10] [CONFIG] applied shared_navigation='default_global_nav'
[22:23:10] [CONFIG] scenario enabled scenario='global_nav_main' source='runtime' enabled=False base_enabled=False
[22:23:10] [CONFIG] scenario resolved scenario='home_main' group='main_tabs' max_steps=5 enabled=False
[22:23:10] [CONFIG] applied shared_navigation='bottom_tab_global_nav'
[22:23:10] [CONFIG] scenario enabled scenario='home_main' source='runtime' enabled=False base_enabled=False
[22:23:10] [CONFIG] scenario resolved scenario='life_food_plugin' group='plugin_screen' max_steps=5 enabled=False
[22:23:10] [CONFIG] applied pre_navigation_ref='enter_food_plugin'
[22:23:10] [CONFIG] scenario enabled scenario='life_food_plugin' source='runtime' enabled=False base_enabled=False
[22:23:10] [CONFIG] scenario resolved scenario='life_air_care_plugin' group='-' max_steps=5 enabled=True
[22:23:10] [CONFIG] scenario enabled scenario='life_air_care_plugin' source='runtime' enabled=True base_enabled=False
[22:23:10] [CONFIG] scenario resolved scenario='life_home_care_plugin' group='-' max_steps=5 enabled=True
[22:23:10] [CONFIG] scenario enabled scenario='life_home_care_plugin' source='runtime' enabled=True base_enabled=False
[22:23:10] [CONFIG] scenario resolved scenario='life_energy_plugin' group='-' max_steps=5 enabled=True
[22:23:10] [CONFIG] scenario enabled scenario='life_energy_plugin' source='runtime' enabled=True base_enabled=False
[22:23:10] [CONFIG] scenario resolved scenario='devices_main' group='main_tabs' max_steps=10 enabled=False
[22:23:10] [CONFIG] applied shared_navigation='bottom_tab_global_nav'
[22:23:10] [CONFIG] applied anchor_ref='home_tab_anchor'
[22:23:10] [CONFIG] scenario enabled scenario='devices_main' source='runtime' enabled=False base_enabled=False
[22:23:10] [CONFIG] scenario resolved scenario='life_main' group='main_tabs' max_steps=30 enabled=False
[22:23:10] [CONFIG] applied shared_navigation='bottom_tab_global_nav'
[22:23:10] [CONFIG] scenario enabled scenario='life_main' source='runtime' enabled=False base_enabled=False
[22:23:10] [CONFIG] scenario resolved scenario='routines_main' group='main_tabs' max_steps=30 enabled=False
[22:23:10] [CONFIG] applied shared_navigation='bottom_tab_global_nav'
[22:23:10] [CONFIG] scenario enabled scenario='routines_main' source='runtime' enabled=False base_enabled=False
[22:23:10] [CONFIG] scenario resolved scenario='menu_main' group='main_tabs' max_steps=30 enabled=False
[22:23:10] [CONFIG] applied shared_navigation='bottom_tab_global_nav'
[22:23:10] [CONFIG] scenario enabled scenario='menu_main' source='runtime' enabled=False base_enabled=False
[22:23:10] [CONFIG] scenario resolved scenario='settings_entry_example' group='plugin_screen' max_steps=5 enabled=False
[22:23:10] [CONFIG] applied anchor_ref='settings_button_anchor'
[22:23:10] [CONFIG] applied pre_navigation_ref='enter_settings'
[22:23:10] [CONFIG] scenario enabled scenario='settings_entry_example' source='runtime' enabled=False base_enabled=False
[22:23:10] [CONFIG] scenario resolved scenario='life_pet_care_plugin' group='-' max_steps=5 enabled=True
[22:23:10] [CONFIG] scenario enabled scenario='life_pet_care_plugin' source='runtime' enabled=True base_enabled=False
[22:23:10] [CONFIG] scenario resolved scenario='life_family_care_plugin' group='-' max_steps=5 enabled=True
[22:23:10] [CONFIG] scenario enabled scenario='life_family_care_plugin' source='runtime' enabled=True base_enabled=False
[22:23:10] [CONFIG] scenario resolved scenario='life_plant_care_plugin' group='-' max_steps=5 enabled=True
[22:23:10] [CONFIG] scenario enabled scenario='life_plant_care_plugin' source='runtime' enabled=True base_enabled=False
[22:23:10] [CONFIG] scenario resolved scenario='life_clothing_care_plugin' group='-' max_steps=5 enabled=True
[22:23:10] [CONFIG] scenario enabled scenario='life_clothing_care_plugin' source='runtime' enabled=True base_enabled=False
[22:23:10] [CONFIG] scenario resolved scenario='life_find_plugin' group='-' max_steps=5 enabled=True
[22:23:10] [CONFIG] scenario enabled scenario='life_find_plugin' source='runtime' enabled=True base_enabled=False
[22:23:10] [CONFIG] scenario resolved scenario='life_video_plugin' group='-' max_steps=5 enabled=True
[22:23:10] [CONFIG] scenario enabled scenario='life_video_plugin' source='runtime' enabled=True base_enabled=False
[22:23:10] [CONFIG] scenario resolved scenario='life_home_monitor_plugin' group='-' max_steps=5 enabled=True
[22:23:10] [CONFIG] scenario enabled scenario='life_home_monitor_plugin' source='runtime' enabled=True base_enabled=False
[22:23:10] [CONFIG] scenario resolved scenario='life_music_sync_plugin' group='-' max_steps=5 enabled=True
[22:23:10] [CONFIG] scenario enabled scenario='life_music_sync_plugin' source='runtime' enabled=True base_enabled=False
[22:23:10] [MAIN] skip disabled scenario_id='global_nav_main' tab='(?i).*(home|devices|life|routines|menu).*'
[22:23:10] [MAIN] skip disabled scenario_id='home_main' tab='(?i).*home.*'
[22:23:10] [MAIN] skip disabled scenario_id='life_food_plugin' tab='(?i).*life.*'
[22:23:10] [SCENARIO][stabilization] scenario='life_air_care_plugin' screen_context_mode='new_screen' stabilization_mode='anchor_only'
[22:23:10] [CONTEXT] skipped reason='new_screen_mode' phase='tab_select'
[22:23:10] [TAB][select] fallback_to_legacy=True scenario='life_air_care_plugin'
[22:23:16] [TAB][focus_align_fast] failed scenario='life_air_care_plugin' attempt=2/2 focus_label='' focus_resource=''
[22:23:17] [SAVE] skip: no rows
[22:23:17] [MAIN] final save complete
[22:23:17] [PERF][run_summary] total_runtime=6.8 total_scenarios=1 total_steps=0 total_overlay_count=0 avg_get_focus=0.0 avg_move=0.0 fallback_dump_count=0 success_false_top_level_dump_attempt_count=0 success_false_top_level_dump_found_count=0 fallback_dump_rate=0.0 get_focus_strong_skip_rate=0.0 realign_success_rate=0.0 save_excel_count=1
