[19:41:20] [SAVE][temp] override tmp='D:\Python test\talkback-a11y-helper\output\.tmp' temp='D:\Python test\talkback-a11y-helper\output\.tmp' applied=true
[19:41:20] [MAIN] script start (version=1.7.81, log_level=NORMAL)
[19:41:21] [PREFLIGHT] talkback status='enabled'
[19:41:21] [MAIN] output file: output/talkback_compare_20260412_194120.xlsx
[19:41:21] [MAIN] image dir base: output\talkback_compare_20260412_194120
[19:41:21] [CONFIG] runtime config loaded path='config\runtime_config.json'
[19:41:21] [GLOBAL_NAV][guard] forcing stabilization_mode='tab_context' scenario='global_nav_main' requested='anchor_then_context'
[19:41:21] [CONFIG] scenario resolved scenario='global_nav_main' group='main_tabs' max_steps=10 enabled=False
[19:41:21] [CONFIG] applied shared_navigation='default_global_nav'
[19:41:21] [CONFIG] scenario enabled scenario='global_nav_main' source='runtime' enabled=False base_enabled=False
[19:41:21] [CONFIG] scenario resolved scenario='home_main' group='main_tabs' max_steps=5 enabled=False
[19:41:21] [CONFIG] applied shared_navigation='bottom_tab_global_nav'
[19:41:21] [CONFIG] scenario enabled scenario='home_main' source='runtime' enabled=False base_enabled=False
[19:41:21] [CONFIG] scenario resolved scenario='life_food_plugin' group='plugin_screen' max_steps=5 enabled=True
[19:41:21] [CONFIG] applied pre_navigation_ref='enter_food_plugin'
[19:41:21] [CONFIG] scenario enabled scenario='life_food_plugin' source='runtime' enabled=True base_enabled=False
[19:41:21] [CONFIG] scenario resolved scenario='life_air_care_plugin' group='-' max_steps=5 enabled=True
[19:41:21] [CONFIG] scenario enabled scenario='life_air_care_plugin' source='runtime' enabled=True base_enabled=False
[19:41:21] [CONFIG] scenario resolved scenario='life_home_care_plugin' group='-' max_steps=5 enabled=False
[19:41:21] [CONFIG] scenario enabled scenario='life_home_care_plugin' source='runtime' enabled=False base_enabled=False
[19:41:21] [CONFIG] scenario resolved scenario='life_energy_plugin' group='-' max_steps=5 enabled=False
[19:41:21] [CONFIG] scenario enabled scenario='life_energy_plugin' source='runtime' enabled=False base_enabled=False
[19:41:21] [CONFIG] scenario resolved scenario='devices_main' group='main_tabs' max_steps=10 enabled=False
[19:41:21] [CONFIG] applied shared_navigation='bottom_tab_global_nav'
[19:41:21] [CONFIG] applied anchor_ref='home_tab_anchor'
[19:41:21] [CONFIG] scenario enabled scenario='devices_main' source='runtime' enabled=False base_enabled=False
[19:41:21] [CONFIG] scenario resolved scenario='life_main' group='main_tabs' max_steps=30 enabled=False
[19:41:21] [CONFIG] applied shared_navigation='bottom_tab_global_nav'
[19:41:21] [CONFIG] scenario enabled scenario='life_main' source='runtime' enabled=False base_enabled=False
[19:41:21] [CONFIG] scenario resolved scenario='routines_main' group='main_tabs' max_steps=30 enabled=False
[19:41:21] [CONFIG] applied shared_navigation='bottom_tab_global_nav'
[19:41:21] [CONFIG] scenario enabled scenario='routines_main' source='runtime' enabled=False base_enabled=False
[19:41:21] [CONFIG] scenario resolved scenario='menu_main' group='main_tabs' max_steps=30 enabled=False
[19:41:21] [CONFIG] applied shared_navigation='bottom_tab_global_nav'
[19:41:21] [CONFIG] scenario enabled scenario='menu_main' source='runtime' enabled=False base_enabled=False
[19:41:21] [CONFIG] scenario resolved scenario='settings_entry_example' group='plugin_screen' max_steps=40 enabled=False
[19:41:21] [CONFIG] applied anchor_ref='settings_button_anchor'
[19:41:21] [CONFIG] applied pre_navigation_ref='enter_settings'
[19:41:21] [CONFIG] scenario enabled scenario='settings_entry_example' source='runtime' enabled=False base_enabled=False
[19:41:21] [CONFIG] scenario resolved scenario='life_pet_care_plugin' group='-' max_steps=5 enabled=False
[19:41:21] [CONFIG] scenario enabled scenario='life_pet_care_plugin' source='runtime' enabled=False base_enabled=False
[19:41:21] [MAIN] skip disabled scenario_id='global_nav_main' tab='(?i).*(home|devices|life|routines|menu).*'
[19:41:21] [MAIN] skip disabled scenario_id='home_main' tab='(?i).*home.*'
[19:41:21] [SCENARIO][stabilization] scenario='life_food_plugin' screen_context_mode='new_screen' stabilization_mode='anchor_only'
[19:41:21] [CONTEXT] skipped reason='new_screen_mode' phase='tab_select'
[19:41:21] [TAB][select] fallback_to_legacy=True scenario='life_food_plugin'
[19:41:25] [TRACE][open_scenario] scenario='life_food_plugin' stabilization_mode='anchor_only' focus_align_attempted=True focus_align_ok=True focus_align_reason='' context_ok=False anchor_matched=False anchor_stable=False
[19:41:27] [SCENARIO][pre_nav][stabilization] phase='before_pre_navigation' attempt=1/2 life_selected=false app_bar_hits=4 visible_card_hits=0 life_root_signature_present=false navigate_up_hits=0 family_care_signature_seen=true final_score=2 ok=false pass_reason='' fail_reason='life_root_not_stable'
[19:41:27] [SCENARIO][pre_nav][stabilization][life_energy_relaxed_gate] phase='before_pre_navigation' attempt=1/2 allow_scrolltouch=true reason='life_plugin_list_likely'
[19:41:27] [SCENARIO][pre_nav] step=1 action=scrolltouch target='(?i).*food.*|.*cooking.*|.*smart\s*things\s*cooking.*'
[19:41:28] [SCENARIO][pre_nav] before scrolltouch, scroll_to_top invoked cumulative_mode=true
[19:41:30] [SCENARIO][pre_nav] scroll_to_top result={'ok': True, 'reached_top': True, 'attempts': 1, 'reason': 'scroll_failed'}
[19:41:31] [SCENARIO][pre_nav] top_state_verify ok=false reason='top_marker_missing' scenario='life_food_plugin'
[19:41:34] [SCENARIO][pre_nav] top_state_verify retry=1/2 ok=false reason='top_marker_missing'
[19:41:38] [SCENARIO][pre_nav] top_state_verify retry=2/2 ok=false reason='top_marker_missing'
[19:41:38] [SCROLLTOUCH][promotion][enter] source_snapshot='helper' matched_text_node='com.samsung.android.oneconnect:id/tvHeaderTitle' matched_text_view_id='com.samsung.android.oneconnect:id/tvHeaderTitle' matched_text_label='Upcoming meal
아보카도 달걀구이 (2인분) Upcoming meal
아보카도 달걀구이 (2인분)' matched_text_bounds='84,1231,870,1408' node_clickable=false node_focusable=false node_effective_clickable=false promotion_attempted=true
[19:41:38] [SCROLLTOUCH][promotion][exit] source_snapshot='helper' matched_text_view_id='com.samsung.android.oneconnect:id/tvHeaderTitle' matched_text_label='Upcoming meal
아보카도 달걀구이 (2인분) Upcoming meal
아보카도 달걀구이 (2인분)' matched_text_bounds='84,1231,870,1408' promotion_attempted=true result='none' result_reason='none' selected_container_class='' selected_container_view_id='' selected_container_bounds=''
[19:41:38] [SCROLLTOUCH][promotion][fallback_decision] matched_text_found=true partial_match_count=1 helper_result='none' commit_to_candidate=false actionable_before_fallback=false will_try_xml_live_fallback=true
[19:41:38] [SCROLLTOUCH][promotion][salvage] source='none' reason='none' selected_ancestor_distance=-1 selected_container_class='android.widget.TextView' selected_container_view_id='com.samsung.android.oneconnect:id/tvHeaderTitle' rejected_large_container_count=0 rejected_list_like_container_count=0
[19:41:38] [SCROLLTOUCH][promotion][commit] selected_container_class='android.widget.TextView' selected_container_view_id='com.samsung.android.oneconnect:id/tvHeaderTitle' selected_container_bounds='{'l': 84, 't': 1231, 'r': 870, 'b': 1408}' commit_to_candidate=false commit_stage='promotion_select' commit_failure_reason='not_committed'
[19:41:38] [SCROLLTOUCH][promotion][commit] selected_container_class='android.widget.TextView' selected_container_view_id='com.samsung.android.oneconnect:id/tvHeaderTitle' selected_container_bounds='{'l': 84, 't': 1231, 'r': 870, 'b': 1408}' commit_to_candidate=false commit_stage='actionability_gate' commit_failure_reason='not_committed'
[19:41:41] [SCROLLTOUCH][promotion][enter] source_snapshot='helper' matched_text_node='com.samsung.android.oneconnect:id/tvHeaderTitle' matched_text_view_id='com.samsung.android.oneconnect:id/tvHeaderTitle' matched_text_label='Upcoming meal
아보카도 달걀구이 (2인분) Upcoming meal
아보카도 달걀구이 (2인분)' matched_text_bounds='84,1231,870,1408' node_clickable=false node_focusable=false node_effective_clickable=false promotion_attempted=true
[19:41:41] [SCROLLTOUCH][promotion][exit] source_snapshot='helper' matched_text_view_id='com.samsung.android.oneconnect:id/tvHeaderTitle' matched_text_label='Upcoming meal
아보카도 달걀구이 (2인분) Upcoming meal
아보카도 달걀구이 (2인분)' matched_text_bounds='84,1231,870,1408' promotion_attempted=true result='none' result_reason='none' selected_container_class='' selected_container_view_id='' selected_container_bounds=''
[19:41:41] [SCROLLTOUCH][promotion][fallback_decision] matched_text_found=true partial_match_count=1 helper_result='none' commit_to_candidate=false actionable_before_fallback=false will_try_xml_live_fallback=true
[19:41:41] [SCROLLTOUCH][promotion][enter] source_snapshot='xml_live' matched_text_node='com.samsung.android.oneconnect:id/tvHeaderTitle' matched_text_view_id='com.samsung.android.oneconnect:id/tvHeaderTitle' matched_text_label='Upcoming meal
아보카도 달걀구이 (2인분) Upcoming meal
아보카도 달걀구이 (2인분)' matched_text_bounds='84,1231,870,1408' node_clickable=false node_focusable=false node_effective_clickable=false promotion_attempted=true
[19:41:41] [SCROLLTOUCH][promotion][xml_resolve] matched_text_view_id='com.samsung.android.oneconnect:id/tvHeaderTitle' matched_text_label='Upcoming meal
아보카도 달걀구이 (2인분) Upcoming meal
아보카도 달걀구이 (2인분)' matched_text_bounds='84,1231,870,1408' xml_node_found=true xml_match_strategy='mixed' xml_node_class='android.widget.TextView' xml_node_view_id='com.samsung.android.oneconnect:id/tvHeaderTitle' xml_node_bounds='84,1231,870,1408'
[19:41:41] [SCROLLTOUCH][promotion][ancestor_trace] matched_text_view_id='com.samsung.android.oneconnect:id/tvHeaderTitle' matched_text_bounds='84,1231,870,1408' depth=1 class='' view_id='' bounds='0,0,1,1' clickable=false focusable=false effective_clickable=false excluded=false exclude_reason='none'
[19:41:41] [SCROLLTOUCH][promotion][ancestor_candidate] depth=-1 class='android.widget.FrameLayout' view_id='' actionable=false accepted=false accepted_reason='none' rejected_reason='oversized_root'
[19:41:41] [SCROLLTOUCH][promotion][ancestor_candidate] depth=-1 class='android.widget.LinearLayout' view_id='' actionable=false accepted=false accepted_reason='none' rejected_reason='oversized_root'
[19:41:41] [SCROLLTOUCH][promotion][ancestor_candidate] depth=-1 class='android.widget.FrameLayout' view_id='' actionable=false accepted=false accepted_reason='none' rejected_reason='oversized_root'
[19:41:41] [SCROLLTOUCH][promotion][ancestor_candidate] depth=-1 class='android.widget.LinearLayout' view_id='com.samsung.android.oneconnect:id/action_bar_root' actionable=false accepted=false accepted_reason='none' rejected_reason='oversized_root'
[19:41:41] [SCROLLTOUCH][promotion][ancestor_candidate] depth=-1 class='android.widget.FrameLayout' view_id='android:id/content' actionable=false accepted=false accepted_reason='none' rejected_reason='oversized_root'
[19:41:41] [SCROLLTOUCH][promotion][ancestor_candidate] depth=-1 class='android.widget.FrameLayout' view_id='com.samsung.android.oneconnect:id/background' actionable=false accepted=false accepted_reason='none' rejected_reason='oversized_root'
[19:41:41] [SCROLLTOUCH][promotion][ancestor_candidate] depth=-1 class='android.widget.FrameLayout' view_id='com.samsung.android.oneconnect:id/pager' actionable=false accepted=false accepted_reason='none' rejected_reason='oversized_root'
[19:41:41] [SCROLLTOUCH][promotion][ancestor_candidate] depth=-1 class='android.widget.RelativeLayout' view_id='' actionable=false accepted=false accepted_reason='none' rejected_reason='oversized_root'
[19:41:41] [SCROLLTOUCH][promotion][ancestor_candidate] depth=-1 class='android.widget.ScrollView' view_id='com.samsung.android.oneconnect:id/coordinator_layout' actionable=false accepted=false accepted_reason='none' rejected_reason='oversized_root'
[19:41:41] [SCROLLTOUCH][promotion][ancestor_candidate] depth=-1 class='android.widget.GridView' view_id='com.samsung.android.oneconnect:id/recycler_view' actionable=true accepted=false accepted_reason='none' rejected_reason='recycler_excluded'
[19:41:41] [SCROLLTOUCH][promotion][ancestor_candidate] depth=-1 class='android.widget.RelativeLayout' view_id='' actionable=true accepted=true accepted_reason='xml_live_containment_container' rejected_reason='none'
[19:41:41] [SCROLLTOUCH][promotion][ancestor_candidate] depth=-1 class='androidx.viewpager.widget.ViewPager' view_id='com.samsung.android.oneconnect:id/generic_view_pager' actionable=true accepted=false accepted_reason='none' rejected_reason='recycler_excluded'
[19:41:41] [SCROLLTOUCH][promotion][ancestor_candidate] depth=-1 class='androidx.recyclerview.widget.RecyclerView' view_id='' actionable=true accepted=false accepted_reason='none' rejected_reason='recycler_excluded'
[19:41:41] [SCROLLTOUCH][promotion][ancestor_candidate] depth=-1 class='android.widget.FrameLayout' view_id='com.samsung.android.oneconnect:id/frameLayout' actionable=true accepted=true accepted_reason='xml_live_containment_container' rejected_reason='none'
[19:41:41] [SCROLLTOUCH][promotion][ancestor_candidate] depth=-1 class='android.widget.LinearLayout' view_id='com.samsung.android.oneconnect:id/llCard' actionable=false accepted=false accepted_reason='none' rejected_reason='not_actionable'
[19:41:41] [SCROLLTOUCH][promotion][ancestor_candidate] depth=-1 class='android.widget.RelativeLayout' view_id='com.samsung.android.oneconnect:id/containerHeaderLayout' actionable=false accepted=false accepted_reason='none' rejected_reason='not_actionable'
[19:41:41] [SCROLLTOUCH][promotion][ancestor_candidate] depth=-1 class='android.widget.LinearLayout' view_id='' actionable=false accepted=false accepted_reason='none' rejected_reason='not_actionable'
[19:41:41] [SCROLLTOUCH][promotion][exit] source_snapshot='xml_live' matched_text_view_id='com.samsung.android.oneconnect:id/tvHeaderTitle' matched_text_label='Upcoming meal
아보카도 달걀구이 (2인분) Upcoming meal
아보카도 달걀구이 (2인분)' matched_text_bounds='84,1231,870,1408' promotion_attempted=true result='selected' result_reason='xml_live_containment_container' selected_container_class='android.widget.FrameLayout' selected_container_view_id='com.samsung.android.oneconnect:id/frameLayout' selected_container_bounds='42,1084,1038,1816'
[19:41:41] [SCROLLTOUCH][promotion][salvage] source='xml_live' reason='xml_live_containment_container' selected_ancestor_distance=999 selected_container_class='android.widget.FrameLayout' selected_container_view_id='com.samsung.android.oneconnect:id/frameLayout' rejected_large_container_count=0 rejected_list_like_container_count=3
[19:41:41] [SCROLLTOUCH][promotion][commit] selected_container_class='android.widget.FrameLayout' selected_container_view_id='com.samsung.android.oneconnect:id/frameLayout' selected_container_bounds='42,1084,1038,1816' commit_to_candidate=true commit_stage='promotion_select' commit_failure_reason='none'
[19:41:41] [SCROLLTOUCH][promotion][commit] selected_container_class='android.widget.FrameLayout' selected_container_view_id='com.samsung.android.oneconnect:id/frameLayout' selected_container_bounds='42,1084,1038,1816' commit_to_candidate=true commit_stage='candidate_append' commit_failure_reason='none'
[19:41:41] [SCENARIO][pre_nav][scrolltouch][debug] scroll_step=1/5 visible_candidate_count=1 partial_match_count=1 exact_match_count=0 xml_fallback_attempted=true xml_fallback_reason='ok' rejections='filtered_before_candidate:20' visible_top='label='Upcoming meal
아보카도 달걀구이 (2인분) Upcoming meal
아보카도 달걀구이 (2인분)' rid='com.samsung.android.oneconnect:id/frameL' cls='android.widget.FrameLayout' bounds='42,1084,1038,1816'' partial_top='-' pre_candidate_top='-' local_search_nodes=21 selected=true selected_reason='candidate_count=1'
[19:41:41] [SCENARIO][pre_nav][scrolltouch][inspect] scroll_step=1/5 samples='label='우리 집 QR code 우리 집 QR code' rid='com.samsung.android.oneconnect:id/home_button' cls='android.widget.ImageButton' visible=true clickable=true focusable=true effectiveClickable=true matched_text_node='com.samsung.android.oneconnect:id/home_button' promoted_container=false promotion_reason='none' promoted_from='' promoted_to='' stage='label_filter' reason='filtered_before_candidate' | label='우리 집, Change location 우리 집, Change location' rid='com.samsung.android.oneconnect:id/tab_title' cls='android.widget.LinearLayout' visible=true clickable=true focusable=true effectiveClickable=true matched_text_node='com.samsung.android.oneconnect:id/tab_title' promoted_container=false promotion_reason='none' promoted_from='' promoted_to='' stage='label_filter' reason='filtered_before_candidate' | label='Add Add' rid='com.samsung.android.oneconnect:id/add_menu_butto' cls='android.widget.ImageButton' visible=true clickable=true focusable=true effectiveClickable=true matched_text_node='com.samsung.android.oneconnect:id/add_menu_button' promoted_container=false promotion_reason='none' promoted_from='' promoted_to='' stage='label_filter' reason='filtered_before_candidate' | label='More options Mor'
[19:41:41] [SCENARIO][pre_nav][scrolltouch] candidate_select reason='candidate_count=1' class='android.widget.FrameLayout' resource='com.samsung.android.oneconnect:id/frameLayout' bounds='42,1084,1038,1816' visible=true label='' promoted_container=true promotion_attempted=true promotion_source='xml_live' matched_text_node='com.samsung.android.oneconnect:id/tvHeaderTitle' promotion_reason='xml_live_containment_container' promotion_candidate_count=2 promotion_debug_summary='helper:no_candidate:rejected_large=0:rejected_list_like=0;xml_live:containment_candidate_count=2:rejected_large=0:reject' promoted_from='com.samsung.android.oneconnect:id/tvHeaderTitle' promoted_to='com.samsung.android.oneconnect:id/frameLayout' selected_area=729072 text_area=139122 area_ratio=5.241 ancestor_distance=999 tap_point='540,1450' tap_strategy='center' rank_summary_top3='com.samsung.android.oneconnect:id/frameLayout:xml_live_containment_container:ov=1000:ar=5.24:sp=5:ad=999 | android.widget.RelativeLayout:xml_live_containment_container:ov=1000:ar=5.24:sp=1:ad=999' scroll_step=1/5 cumulative_mode=true
[19:41:41] [DEBUG] candidate_click_dispatch_result success=false
[19:41:45] [SCENARIO][pre_nav][scrolltouch] post_click_transition same_screen=true signal='none'
[19:41:45] [WARN] candidate_click_failed:dispatch_failed
[19:41:45] [SCROLLTOUCH][promotion][final_state] visible_candidate_count=1 partial_match_count=1 matched_text_found=true promotion_attempted=true xml_node_found=true xml_match_strategy='mixed' ancestor_chain_depth=1 actionable_ancestor_found=false candidate_committed=true final_reason='candidate_click_failed:dispatch_failed'
[19:41:45] [SCENARIO][pre_nav][scrolltouch] candidate_select reason='candidate_click_failed' fallback='helper_scrollTouch' reason_detail='dispatch_failed' cumulative_mode=true
[19:42:09] [SCENARIO][pre_nav][scrolltouch] post_click_transition same_screen=false signal='screen_text'
[19:42:09] [SCENARIO][pre_nav] success step=1 reason='ACTION_CLICK success'
[19:42:11] [SCENARIO][pre_nav] success
[19:42:17] [ANCHOR][fallback] explicit anchor not matched, trying top content fallback
[19:42:17] [ANCHOR][fallback] selected candidate label='Smart Things Cooking Cook like an expert with customized recipes. Customized recipes are recommended based on the ingredients in your refrigerator, your food preferences, and your kitchen appliances. Start Smart Things Cooking Cook like an expert with customized recipes. Customized recipes are recommended based on the ingredients in your refrigerator, your food preferences, and your kitchen appliances. Start' position='top_center'
[19:42:17] [ANCHOR][plugin_fallback] using_top_start_candidate position='top_center'
[19:42:27] [CONTEXT] skipped reason='anchor_only_mode'
[19:42:27] [CONTEXT] skipped reason='anchor_only_mode'
[19:42:27] [CONTEXT] scenario='life_food_plugin' type='skipped' expected='' actual='' ok=True
[19:42:27] [ANCHOR][scenario_start] anchor mismatch scenario='life_food_plugin'
[19:42:27] [ANCHOR][scenario_start] anchor not stable scenario='life_food_plugin'
[19:42:33] [ANCHOR][fallback] explicit anchor not matched, trying top content fallback
[19:42:33] [ANCHOR][fallback] selected candidate label='Smart Things Cooking Cook like an expert with customized recipes. Customized recipes are recommended based on the ingredients in your refrigerator, your food preferences, and your kitchen appliances. Start Smart Things Cooking Cook like an expert with customized recipes. Customized recipes are recommended based on the ingredients in your refrigerator, your food preferences, and your kitchen appliances. Start' position='top_center'
[19:42:33] [ANCHOR][plugin_fallback] using_top_start_candidate position='top_center'
[19:42:43] [CONTEXT] skipped reason='anchor_only_mode'
[19:42:43] [CONTEXT] skipped reason='anchor_only_mode'
[19:42:43] [CONTEXT] scenario='life_food_plugin' type='skipped' expected='' actual='' ok=True
[19:42:43] [ANCHOR][scenario_start] anchor mismatch scenario='life_food_plugin'
[19:42:43] [ANCHOR][scenario_start] anchor not stable scenario='life_food_plugin'
[19:42:43] [TRACE][open_scenario] scenario='life_food_plugin' stabilization_mode='anchor_only' focus_align_attempted=True focus_align_ok=True focus_align_reason='' context_ok=False anchor_matched=False anchor_stable=False
[19:42:43] [ANCHOR][scenario_start] stabilization failed but proceeding with low-confidence fallback start scenario='life_food_plugin' source='fallback_top_center' reason='fallback_candidate_and_focus_evidence'
[19:42:43] [ANCHOR][plugin_fallback] candidate_label='Smart Things Cooking Cook like an expert with customized recipes. Customized recipes are recommended based on the ingredients in your refrigerator, your food preferences, and your kitchen appliances. Start Smart Things Cooking Cook like an expert with customized recipes. Customized recipes are recommended based on the ingredients in your refrigerator, your food preferences, and your kitchen appliances. Start' candidate_view_id='' reason='new_screen_evidence_confirmed'
[19:42:43] [ANCHOR][plugin_fallback] stabilized_by='post_focus_verified'
[19:42:43] [SCENARIO][start_mode] scenario='life_food_plugin' mode='low_confidence_fallback'
[19:42:44] [SCENARIO][entry_contract] success scenario='life_food_plugin' entry_type='card' reason='success_verified' detail='plugin_open_verified'
[19:42:45] [TRACE][post_open_focus] scenario='life_food_plugin' view_id='' label='Smart Things Cooking' speech='Smart Things Cooking' bounds='{'l': 0, 't': 94, 'r': 1080, 'b': 2496, 'left': 0, 'top': 94, 'right': 1080, 'bottom': 2496}' source='top_level' top_level=True
[19:42:50] [TRACE][anchor_row] scenario='life_food_plugin' step=0 view_id='' visible='Smart Things Cooking' speech='Smart Things Cooking' normalized_visible='smart things cooking' is_global_nav=False
[19:42:51] [ROW] fingerprint='|smart things cooking|smart things cooking|540,1295' normalized_fingerprint='|smart things cooking|smart things cooking' duplicate=false recent_duplicate=false distance=0 recent_semantic_duplicate=false semantic_distance=0 semantic_window_unique=1 noise=false
[19:42:51] [RESULT] skipped anchor rows count=1
[19:42:51] [SAVE] writing sheets raw/filtered/summary/result
[19:42:51] [SAVE] filtered rows=1, raw rows=1
[19:42:51] [SAVE] saved excel: output/talkback_compare_20260412_194120.xlsx rows=1 with_images=False
[19:42:51] [STEP] START tab='(?i).*life.*' step=1
[19:42:57] [ROW] fingerprint='|cook like an expert with customized recipes.|cook like an expert with customized recipes.|540,412' normalized_fingerprint='|cook like an expert with customized recipes|cook like an expert with customized recipes' duplicate=false recent_duplicate=false distance=0 recent_semantic_duplicate=false semantic_distance=0 semantic_window_unique=2 noise=false
[19:42:57] [STEP] END tab='(?i).*life.*' step=1 elapsed=5.28s move_result='{'success': True, 'status': 'moved', 'detail': 'moved', 'raw': {'timestamp': 1775990573096, 'reqId': 'f8aa53af', 'success': True, 'status': 'moved', 'detail': 'moved', 'flags': []}}' visible='Cook like an expert with customized recipes.' speech='Cook like an expert with customized recipes.' crop='output\talkback_compare_20260412_194120\crops\i_._life._step_1_Cook_like_an_expert_with_customized_reci.png' timing(move=1.122s ann=3.027s get_focus=1.135s get_focus_fallback_dump=0.000s step_dump=0.000s crop=0.559s total=5.844s) focus_reason='' fallback_used=False fallback_found=False step_dump_used=False step_dump_reason='focus_payload_sufficient' req_id='758fceb7'
[19:42:57] [STOP][eval] step=1 scenario='life_food_plugin' terminal=false same_like_count=0 no_progress=false scenario_type='content' is_global_nav=false after_realign=false recent_repeat=false bounded_two_card_loop=false semantic_same_like=false recent_duplicate=false recent_duplicate_distance=0 recent_semantic_duplicate=false recent_semantic_duplicate_distance=0 recent_semantic_unique_count=2 strict_duplicate=false semantic_duplicate=false repeat_class='none' loop_classification='none' hard_no_progress=false soft_no_progress=false no_progress_class='none' overlay_realign_grace_active=false min_step_gate_blocked=false realign_grace_suppressed=false repeat_stop_hit=false decision='continue' reason='none' stop_explain_version='pr7_explain_v1' stop_explain_input='step:1|move:{'success': true, 'status': 'moved', 'detail': 'moved', 'raw': {'timestamp': 1775990573096, 'reqid': 'f8aa53af', 'success': true, 'status': 'moved', 'detail': 'moved', 'flags': []}}|smart:moved|same:0|fail:0' stop_explain_repeat='recent:false|class:none|strict:false|semantic:false|loop:none|two_card:false' stop_explain_no_progress='hit:false|class:none|hard:false|soft:false' stop_explain_gate='candidate:false|min_block:false|realign_suppress:false|realign_active:false|decision:continue'
[19:42:57] [STEP] START tab='(?i).*life.*' step=2
[19:43:02] [ROW] fingerprint='|customized recipes are recommended based on the ingredients in your refrigerator|customized recipes are recommended based on the ingredients in your refrigerator|540,728' normalized_fingerprint='|customized recipes are recommended based on the ingredients in your refrigerator your food preferences and your kitchen |customized recipes are recommended based on the ingredients in your refrigerator your food preferences and your kitchen ' duplicate=false recent_duplicate=false distance=0 recent_semantic_duplicate=false semantic_distance=0 semantic_window_unique=3 noise=false
[19:43:02] [STEP] END tab='(?i).*life.*' step=2 elapsed=4.52s move_result='{'success': True, 'status': 'moved', 'detail': 'moved', 'raw': {'timestamp': 1775990578249, 'reqId': '254ba777', 'success': True, 'status': 'moved', 'detail': 'moved', 'flags': []}}' visible='Customized recipes are recommended based on the ingredients in your refrigerator, your food preferences, and your kitchen appliances.' speech='Customized recipes are recommended based on the ingredients in your refrigerator, your food preferences, and your kitchen appliances.' crop='output\talkback_compare_20260412_194120\crops\i_._life._step_2_Customized_recipes_are_recommended_based.png' timing(move=0.398s ann=3.000s get_focus=1.120s get_focus_fallback_dump=0.000s step_dump=0.000s crop=0.538s total=5.057s) focus_reason='' fallback_used=False fallback_found=False step_dump_used=False step_dump_reason='focus_payload_sufficient' req_id='bee6061e'
[19:43:02] [STOP][eval] step=2 scenario='life_food_plugin' terminal=false same_like_count=0 no_progress=false scenario_type='content' is_global_nav=false after_realign=false recent_repeat=false bounded_two_card_loop=false semantic_same_like=false recent_duplicate=false recent_duplicate_distance=0 recent_semantic_duplicate=false recent_semantic_duplicate_distance=0 recent_semantic_unique_count=3 strict_duplicate=false semantic_duplicate=false repeat_class='none' loop_classification='none' hard_no_progress=false soft_no_progress=false no_progress_class='none' overlay_realign_grace_active=false min_step_gate_blocked=false realign_grace_suppressed=false repeat_stop_hit=false decision='continue' reason='none' stop_explain_version='pr7_explain_v1' stop_explain_input='step:2|move:{'success': true, 'status': 'moved', 'detail': 'moved', 'raw': {'timestamp': 1775990578249, 'reqid': '254ba777', 'success': true, 'status': 'moved', 'detail': 'moved', 'flags': []}}|smart:moved|same:0|fail:0' stop_explain_repeat='recent:false|class:none|strict:false|semantic:false|loop:none|two_card:false' stop_explain_no_progress='hit:false|class:none|hard:false|soft:false' stop_explain_gate='candidate:false|min_block:false|realign_suppress:false|realign_active:false|decision:continue'
[19:43:02] [STEP] START tab='(?i).*life.*' step=3
[19:43:07] [ROW] fingerprint='|start|start|540,2345' normalized_fingerprint='|start|start' duplicate=false recent_duplicate=false distance=0 recent_semantic_duplicate=false semantic_distance=0 semantic_window_unique=4 noise=false
[19:43:07] [STEP] END tab='(?i).*life.*' step=3 elapsed=5.39s move_result='{'success': True, 'status': 'moved', 'detail': 'moved', 'raw': {'timestamp': 1775990584010, 'reqId': '9e36cce0', 'success': True, 'status': 'moved', 'detail': 'moved', 'flags': []}}' visible='Start' speech='Start' crop='output\talkback_compare_20260412_194120\crops\i_._life._step_3_Start.png' timing(move=1.117s ann=3.110s get_focus=1.167s get_focus_fallback_dump=0.000s step_dump=0.000s crop=0.529s total=5.923s) focus_reason='' fallback_used=False fallback_found=False step_dump_used=False step_dump_reason='focus_payload_sufficient' req_id='d5e17412'
[19:43:07] [STOP][eval] step=3 scenario='life_food_plugin' terminal=false same_like_count=0 no_progress=false scenario_type='content' is_global_nav=false after_realign=false recent_repeat=false bounded_two_card_loop=false semantic_same_like=false recent_duplicate=false recent_duplicate_distance=0 recent_semantic_duplicate=false recent_semantic_duplicate_distance=0 recent_semantic_unique_count=4 strict_duplicate=false semantic_duplicate=false repeat_class='none' loop_classification='none' hard_no_progress=false soft_no_progress=false no_progress_class='none' overlay_realign_grace_active=false min_step_gate_blocked=false realign_grace_suppressed=false repeat_stop_hit=false decision='continue' reason='none' stop_explain_version='pr7_explain_v1' stop_explain_input='step:3|move:{'success': true, 'status': 'moved', 'detail': 'moved', 'raw': {'timestamp': 1775990584010, 'reqid': '9e36cce0', 'success': true, 'status': 'moved', 'detail': 'moved', 'flags': []}}|smart:moved|same:0|fail:0' stop_explain_repeat='recent:false|class:none|strict:false|semantic:false|loop:none|two_card:false' stop_explain_no_progress='hit:false|class:none|hard:false|soft:false' stop_explain_gate='candidate:false|min_block:false|realign_suppress:false|realign_active:false|decision:continue'
[19:43:08] [RESULT] skipped anchor rows count=1
[19:43:08] [SAVE] writing sheets raw/filtered/summary/result
[19:43:08] [SAVE] filtered rows=4, raw rows=4
[19:43:08] [SAVE] saved excel: output/talkback_compare_20260412_194120.xlsx rows=4 with_images=False
[19:43:08] [STEP] START tab='(?i).*life.*' step=4
[19:43:14] [ROW] fingerprint='|start|start|540,2345' normalized_fingerprint='|start|start' duplicate=true recent_duplicate=true distance=1 recent_semantic_duplicate=true semantic_distance=1 semantic_window_unique=4 noise=false
[19:43:14] [STEP] END tab='(?i).*life.*' step=4 elapsed=5.52s move_result='' visible='Start' speech='Start' crop='output\talkback_compare_20260412_194120\crops\i_._life._step_4_Start.png' timing(move=0.341s ann=4.022s get_focus=1.159s get_focus_fallback_dump=0.000s step_dump=0.000s crop=0.596s total=6.119s) focus_reason='' fallback_used=False fallback_found=False step_dump_used=False step_dump_reason='focus_payload_sufficient' req_id='788fdc27'
[19:43:14] [STOP][eval] step=4 scenario='life_food_plugin' terminal=false same_like_count=1 no_progress=false scenario_type='content' is_global_nav=false after_realign=false recent_repeat=false bounded_two_card_loop=false semantic_same_like=true recent_duplicate=true recent_duplicate_distance=1 recent_semantic_duplicate=true recent_semantic_duplicate_distance=1 recent_semantic_unique_count=4 strict_duplicate=true semantic_duplicate=true repeat_class='mixed_repeat' loop_classification='harmful_loop' hard_no_progress=false soft_no_progress=false no_progress_class='none' overlay_realign_grace_active=false min_step_gate_blocked=false realign_grace_suppressed=false repeat_stop_hit=false decision='continue' reason='none' stop_explain_version='pr7_explain_v1' stop_explain_input='step:4|move:none|smart:failed|same:1|fail:0' stop_explain_repeat='recent:false|class:mixed_repeat|strict:true|semantic:true|loop:harmful_loop|two_card:false' stop_explain_no_progress='hit:false|class:none|hard:false|soft:false' stop_explain_gate='candidate:false|min_block:false|realign_suppress:false|realign_active:false|decision:continue'
[19:43:14] [STEP] START tab='(?i).*life.*' step=5
[19:43:20] [ROW] fingerprint='|start|start|540,2345' normalized_fingerprint='|start|start' duplicate=true recent_duplicate=true distance=1 recent_semantic_duplicate=true semantic_distance=1 semantic_window_unique=4 noise=false
[19:43:20] [STEP] END tab='(?i).*life.*' step=5 elapsed=5.48s move_result='' visible='Start' speech='Start' crop='output\talkback_compare_20260412_194120\crops\i_._life._step_5_Start.png' timing(move=0.347s ann=4.015s get_focus=1.119s get_focus_fallback_dump=0.000s step_dump=0.000s crop=0.514s total=5.996s) focus_reason='' fallback_used=False fallback_found=False step_dump_used=False step_dump_reason='focus_payload_sufficient' req_id='1ebb19df'
[19:43:20] [STOP][eval] step=5 scenario='life_food_plugin' terminal=false same_like_count=2 no_progress=false scenario_type='content' is_global_nav=false after_realign=false recent_repeat=true bounded_two_card_loop=false semantic_same_like=true recent_duplicate=true recent_duplicate_distance=1 recent_semantic_duplicate=true recent_semantic_duplicate_distance=1 recent_semantic_unique_count=4 strict_duplicate=true semantic_duplicate=true repeat_class='mixed_repeat' loop_classification='harmful_loop' hard_no_progress=false soft_no_progress=false no_progress_class='none' overlay_realign_grace_active=false min_step_gate_blocked=false realign_grace_suppressed=false repeat_stop_hit=false decision='continue' reason='none' stop_explain_version='pr7_explain_v1' stop_explain_input='step:5|move:none|smart:failed|same:2|fail:0' stop_explain_repeat='recent:true|class:mixed_repeat|strict:true|semantic:true|loop:harmful_loop|two_card:false' stop_explain_no_progress='hit:false|class:none|hard:false|soft:false' stop_explain_gate='candidate:false|min_block:false|realign_suppress:false|realign_active:false|decision:continue'
[19:43:20] [STOP][summary] scenario='life_food_plugin' stop_triggered=false stop_step=5 reason='safety_limit'
[19:43:20] [PERF][scenario_summary] scenario=life_food_plugin tab=(?i).*life.* total_runtime=118.5 total_steps=6 main_step_count=6 overlay_step_count=0 overlay_count=0 avg_get_focus=1.15 avg_move=0.554 avg_crop=0.562 avg_step_total=5.69 step_total_sample_count=6 avg_get_focus_main=1.15 avg_get_focus_overlay=0.0 fallback_dump_count=0 success_false_top_level_dump_attempt_count=0 success_false_top_level_dump_found_count=0 fallback_dump_rate=0.0 get_focus_strong_skip_count=6 get_focus_strong_skip_rate=100.0 step_dump_used_count=0 save_excel_count=2 realign_attempt_count=0 realign_success_count=0 realign_success_rate=0.0
[19:43:20] [RECOVER] start
[19:43:31] [RECOVER] success
[19:43:31] [SCENARIO][stabilization] scenario='life_air_care_plugin' screen_context_mode='new_screen' stabilization_mode='anchor_only'
[19:43:31] [CONTEXT] skipped reason='new_screen_mode' phase='tab_select'
[19:43:31] [TAB][select] fallback_to_legacy=True scenario='life_air_care_plugin'
[19:43:36] [TRACE][open_scenario] scenario='life_air_care_plugin' stabilization_mode='anchor_only' focus_align_attempted=True focus_align_ok=True focus_align_reason='' context_ok=False anchor_matched=False anchor_stable=False
[19:43:38] [SCENARIO][pre_nav][stabilization] phase='before_pre_navigation' attempt=1/2 life_selected=false app_bar_hits=4 visible_card_hits=0 life_root_signature_present=false navigate_up_hits=0 family_care_signature_seen=true final_score=2 ok=false pass_reason='' fail_reason='life_root_not_stable'
[19:43:38] [SCENARIO][pre_nav][stabilization][life_energy_relaxed_gate] phase='before_pre_navigation' attempt=1/2 allow_scrolltouch=true reason='life_plugin_list_likely'
[19:43:38] [SCENARIO][pre_nav] step=1 action=scrolltouch target='(?i)(^smart\s*air\s*care$|^air\s*care$|air\s*care\.|\baircare\b|에어\s*케어)'
[19:43:38] [SCENARIO][pre_nav] before scrolltouch, scroll_to_top invoked cumulative_mode=true
[19:43:41] [SCENARIO][pre_nav] scroll_to_top result={'ok': True, 'reached_top': True, 'attempts': 1, 'reason': 'scroll_failed'}
[19:43:41] [SCENARIO][pre_nav] top_state_verify ok=false reason='top_marker_missing' scenario='life_air_care_plugin'
[19:43:45] [SCENARIO][pre_nav] top_state_verify retry=1/2 ok=false reason='top_marker_missing'
[19:43:49] [SCENARIO][pre_nav] top_state_verify retry=2/2 ok=false reason='top_marker_missing'
[19:43:51] [SCENARIO][pre_nav][scrolltouch][debug] scroll_step=1/5 visible_candidate_count=0 partial_match_count=0 exact_match_count=0 xml_fallback_attempted=true xml_fallback_reason='ok' rejections='filtered_before_candidate:21' visible_top='-' partial_top='-' pre_candidate_top='-' local_search_nodes=21 selected=false selected_reason='no_visible_candidate'
[19:43:51] [SCENARIO][pre_nav][scrolltouch][inspect] scroll_step=1/5 samples='label='우리 집 QR code 우리 집 QR code' rid='com.samsung.android.oneconnect:id/home_button' cls='android.widget.ImageButton' visible=true clickable=true focusable=true effectiveClickable=true matched_text_node='com.samsung.android.oneconnect:id/home_button' promoted_container=false promotion_reason='none' promoted_from='' promoted_to='' stage='label_filter' reason='filtered_before_candidate' | label='우리 집, Change location 우리 집, Change location' rid='com.samsung.android.oneconnect:id/tab_title' cls='android.widget.LinearLayout' visible=true clickable=true focusable=true effectiveClickable=true matched_text_node='com.samsung.android.oneconnect:id/tab_title' promoted_container=false promotion_reason='none' promoted_from='' promoted_to='' stage='label_filter' reason='filtered_before_candidate' | label='Add Add' rid='com.samsung.android.oneconnect:id/add_menu_butto' cls='android.widget.ImageButton' visible=true clickable=true focusable=true effectiveClickable=true matched_text_node='com.samsung.android.oneconnect:id/add_menu_button' promoted_container=false promotion_reason='none' promoted_from='' promoted_to='' stage='label_filter' reason='filtered_before_candidate' | label='More options Mor'
[19:43:53] [CAPTURE][scrolltouch_step] saved path='output\capture_bundles\life_air_care_plugin\20260412_104338\step_01' step=1 visible_candidate_count=0 partial_match_count=0
[19:43:55] [SCENARIO][pre_nav][scrolltouch] visible_candidate_count=0 partial_match_count=0 scroll_step=1/5 action='scroll_forward_and_retry_local_search' scroll_performed=true settle_wait_ms=250 cumulative_mode=true
[19:43:56] [SCENARIO][pre_nav][scrolltouch][debug] scroll_step=2/5 visible_candidate_count=0 partial_match_count=0 exact_match_count=0 xml_fallback_attempted=true xml_fallback_reason='ok' rejections='filtered_before_candidate:13' visible_top='-' partial_top='-' pre_candidate_top='-' local_search_nodes=13 selected=false selected_reason='no_visible_candidate'
[19:43:56] [SCENARIO][pre_nav][scrolltouch][inspect] scroll_step=2/5 samples='label='우리 집 QR code 우리 집 QR code' rid='com.samsung.android.oneconnect:id/home_button' cls='android.widget.ImageButton' visible=true clickable=true focusable=true effectiveClickable=true matched_text_node='com.samsung.android.oneconnect:id/home_button' promoted_container=false promotion_reason='none' promoted_from='' promoted_to='' stage='label_filter' reason='filtered_before_candidate' | label='우리 집, Change location 우리 집, Change location' rid='com.samsung.android.oneconnect:id/tab_title' cls='android.widget.LinearLayout' visible=true clickable=true focusable=true effectiveClickable=true matched_text_node='com.samsung.android.oneconnect:id/tab_title' promoted_container=false promotion_reason='none' promoted_from='' promoted_to='' stage='label_filter' reason='filtered_before_candidate' | label='Add Add' rid='com.samsung.android.oneconnect:id/add_menu_butto' cls='android.widget.ImageButton' visible=true clickable=true focusable=true effectiveClickable=true matched_text_node='com.samsung.android.oneconnect:id/add_menu_button' promoted_container=false promotion_reason='none' promoted_from='' promoted_to='' stage='label_filter' reason='filtered_before_candidate' | label='More options Mor'
[19:43:57] [CAPTURE][scrolltouch_step] saved path='output\capture_bundles\life_air_care_plugin\20260412_104338\step_02' step=2 visible_candidate_count=0 partial_match_count=0
[19:44:00] [SCENARIO][pre_nav][scrolltouch] visible_candidate_count=0 partial_match_count=0 scroll_step=2/5 action='scroll_forward_and_retry_local_search' scroll_performed=true settle_wait_ms=250 cumulative_mode=true
[19:44:01] [SCROLLTOUCH][promotion][enter] source_snapshot='helper' matched_text_node='com.samsung.android.oneconnect:id/tvHeaderTitle' matched_text_view_id='com.samsung.android.oneconnect:id/tvHeaderTitle' matched_text_label='Monitor air quality and air comfort in each room of your home. Monitor air quality and air comfort in each room of your ' matched_text_bounds='84,1899,996,2076' node_clickable=false node_focusable=false node_effective_clickable=false promotion_attempted=true
[19:44:01] [SCROLLTOUCH][promotion][exit] source_snapshot='helper' matched_text_view_id='com.samsung.android.oneconnect:id/tvHeaderTitle' matched_text_label='Monitor air quality and air comfort in each room of your home. Monitor air quality and air comfort in each room of your ' matched_text_bounds='84,1899,996,2076' promotion_attempted=true result='none' result_reason='none' selected_container_class='' selected_container_view_id='' selected_container_bounds=''
[19:44:01] [SCROLLTOUCH][promotion][fallback_decision] matched_text_found=true partial_match_count=1 helper_result='none' commit_to_candidate=false actionable_before_fallback=false will_try_xml_live_fallback=true
[19:44:01] [SCROLLTOUCH][promotion][salvage] source='none' reason='none' selected_ancestor_distance=-1 selected_container_class='android.widget.TextView' selected_container_view_id='com.samsung.android.oneconnect:id/tvHeaderTitle' rejected_large_container_count=0 rejected_list_like_container_count=0
[19:44:01] [SCROLLTOUCH][promotion][commit] selected_container_class='android.widget.TextView' selected_container_view_id='com.samsung.android.oneconnect:id/tvHeaderTitle' selected_container_bounds='{'l': 84, 't': 1899, 'r': 996, 'b': 2076}' commit_to_candidate=false commit_stage='promotion_select' commit_failure_reason='not_committed'
[19:44:01] [SCROLLTOUCH][promotion][commit] selected_container_class='android.widget.TextView' selected_container_view_id='com.samsung.android.oneconnect:id/tvHeaderTitle' selected_container_bounds='{'l': 84, 't': 1899, 'r': 996, 'b': 2076}' commit_to_candidate=false commit_stage='actionability_gate' commit_failure_reason='not_committed'
[19:44:03] [SCROLLTOUCH][promotion][enter] source_snapshot='helper' matched_text_node='com.samsung.android.oneconnect:id/tvHeaderTitle' matched_text_view_id='com.samsung.android.oneconnect:id/tvHeaderTitle' matched_text_label='Monitor air quality and air comfort in each room of your home. Monitor air quality and air comfort in each room of your ' matched_text_bounds='84,1899,996,2076' node_clickable=false node_focusable=false node_effective_clickable=false promotion_attempted=true
[19:44:03] [SCROLLTOUCH][promotion][exit] source_snapshot='helper' matched_text_view_id='com.samsung.android.oneconnect:id/tvHeaderTitle' matched_text_label='Monitor air quality and air comfort in each room of your home. Monitor air quality and air comfort in each room of your ' matched_text_bounds='84,1899,996,2076' promotion_attempted=true result='none' result_reason='none' selected_container_class='' selected_container_view_id='' selected_container_bounds=''
[19:44:03] [SCROLLTOUCH][promotion][fallback_decision] matched_text_found=true partial_match_count=1 helper_result='none' commit_to_candidate=false actionable_before_fallback=false will_try_xml_live_fallback=true
[19:44:03] [SCROLLTOUCH][promotion][enter] source_snapshot='xml_live' matched_text_node='com.samsung.android.oneconnect:id/tvHeaderTitle' matched_text_view_id='com.samsung.android.oneconnect:id/tvHeaderTitle' matched_text_label='Monitor air quality and air comfort in each room of your home. Monitor air quality and air comfort in each room of your ' matched_text_bounds='84,1899,996,2076' node_clickable=false node_focusable=false node_effective_clickable=false promotion_attempted=true
[19:44:03] [SCROLLTOUCH][promotion][xml_resolve] matched_text_view_id='com.samsung.android.oneconnect:id/tvHeaderTitle' matched_text_label='Monitor air quality and air comfort in each room of your home. Monitor air quality and air comfort in each room of your ' matched_text_bounds='84,1899,996,2076' xml_node_found=true xml_match_strategy='mixed' xml_node_class='android.widget.TextView' xml_node_view_id='com.samsung.android.oneconnect:id/tvHeaderTitle' xml_node_bounds='84,1899,996,2076'
[19:44:03] [SCROLLTOUCH][promotion][ancestor_trace] matched_text_view_id='com.samsung.android.oneconnect:id/tvHeaderTitle' matched_text_bounds='84,1899,996,2076' depth=1 class='' view_id='' bounds='0,0,1,1' clickable=false focusable=false effective_clickable=false excluded=false exclude_reason='none'
[19:44:03] [SCROLLTOUCH][promotion][ancestor_candidate] depth=-1 class='android.widget.FrameLayout' view_id='' actionable=false accepted=false accepted_reason='none' rejected_reason='oversized_root'
[19:44:03] [SCROLLTOUCH][promotion][ancestor_candidate] depth=-1 class='android.widget.LinearLayout' view_id='' actionable=false accepted=false accepted_reason='none' rejected_reason='oversized_root'
[19:44:03] [SCROLLTOUCH][promotion][ancestor_candidate] depth=-1 class='android.widget.FrameLayout' view_id='' actionable=false accepted=false accepted_reason='none' rejected_reason='oversized_root'
[19:44:03] [SCROLLTOUCH][promotion][ancestor_candidate] depth=-1 class='android.widget.LinearLayout' view_id='com.samsung.android.oneconnect:id/action_bar_root' actionable=false accepted=false accepted_reason='none' rejected_reason='oversized_root'
[19:44:03] [SCROLLTOUCH][promotion][ancestor_candidate] depth=-1 class='android.widget.FrameLayout' view_id='android:id/content' actionable=false accepted=false accepted_reason='none' rejected_reason='oversized_root'
[19:44:03] [SCROLLTOUCH][promotion][ancestor_candidate] depth=-1 class='android.widget.FrameLayout' view_id='com.samsung.android.oneconnect:id/background' actionable=false accepted=false accepted_reason='none' rejected_reason='oversized_root'
[19:44:03] [SCROLLTOUCH][promotion][ancestor_candidate] depth=-1 class='android.widget.FrameLayout' view_id='com.samsung.android.oneconnect:id/pager' actionable=false accepted=false accepted_reason='none' rejected_reason='oversized_root'
[19:44:03] [SCROLLTOUCH][promotion][ancestor_candidate] depth=-1 class='android.widget.RelativeLayout' view_id='' actionable=false accepted=false accepted_reason='none' rejected_reason='oversized_root'
[19:44:03] [SCROLLTOUCH][promotion][ancestor_candidate] depth=-1 class='android.widget.ScrollView' view_id='com.samsung.android.oneconnect:id/coordinator_layout' actionable=false accepted=false accepted_reason='none' rejected_reason='oversized_root'
[19:44:03] [SCROLLTOUCH][promotion][ancestor_candidate] depth=-1 class='android.widget.GridView' view_id='com.samsung.android.oneconnect:id/recycler_view' actionable=true accepted=false accepted_reason='none' rejected_reason='recycler_excluded'
[19:44:03] [SCROLLTOUCH][promotion][ancestor_candidate] depth=-1 class='android.widget.RelativeLayout' view_id='' actionable=true accepted=true accepted_reason='xml_live_containment_container' rejected_reason='none'
[19:44:03] [SCROLLTOUCH][promotion][ancestor_candidate] depth=-1 class='androidx.viewpager.widget.ViewPager' view_id='com.samsung.android.oneconnect:id/generic_view_pager' actionable=true accepted=false accepted_reason='none' rejected_reason='recycler_excluded'
[19:44:03] [SCROLLTOUCH][promotion][ancestor_candidate] depth=-1 class='androidx.recyclerview.widget.RecyclerView' view_id='' actionable=true accepted=false accepted_reason='none' rejected_reason='recycler_excluded'
[19:44:03] [SCROLLTOUCH][promotion][ancestor_candidate] depth=-1 class='android.widget.FrameLayout' view_id='com.samsung.android.oneconnect:id/frameLayout' actionable=true accepted=true accepted_reason='xml_live_containment_container' rejected_reason='none'
[19:44:03] [SCROLLTOUCH][promotion][ancestor_candidate] depth=-1 class='android.widget.LinearLayout' view_id='com.samsung.android.oneconnect:id/llCard' actionable=false accepted=false accepted_reason='none' rejected_reason='not_actionable'
[19:44:03] [SCROLLTOUCH][promotion][ancestor_candidate] depth=-1 class='android.widget.RelativeLayout' view_id='com.samsung.android.oneconnect:id/containerHeaderLayout' actionable=false accepted=false accepted_reason='none' rejected_reason='not_actionable'
[19:44:03] [SCROLLTOUCH][promotion][ancestor_candidate] depth=-1 class='android.widget.RelativeLayout' view_id='' actionable=false accepted=false accepted_reason='none' rejected_reason='not_actionable'
[19:44:03] [SCROLLTOUCH][promotion][exit] source_snapshot='xml_live' matched_text_view_id='com.samsung.android.oneconnect:id/tvHeaderTitle' matched_text_label='Monitor air quality and air comfort in each room of your home. Monitor air quality and air comfort in each room of your ' matched_text_bounds='84,1899,996,2076' promotion_attempted=true result='selected' result_reason='xml_live_containment_container' selected_container_class='android.widget.FrameLayout' selected_container_view_id='com.samsung.android.oneconnect:id/frameLayout' selected_container_bounds='42,1752,1038,2316'
[19:44:03] [SCROLLTOUCH][promotion][salvage] source='xml_live' reason='xml_live_containment_container' selected_ancestor_distance=999 selected_container_class='android.widget.FrameLayout' selected_container_view_id='com.samsung.android.oneconnect:id/frameLayout' rejected_large_container_count=0 rejected_list_like_container_count=3
[19:44:03] [SCROLLTOUCH][promotion][commit] selected_container_class='android.widget.FrameLayout' selected_container_view_id='com.samsung.android.oneconnect:id/frameLayout' selected_container_bounds='42,1752,1038,2316' commit_to_candidate=true commit_stage='promotion_select' commit_failure_reason='none'
[19:44:03] [SCROLLTOUCH][promotion][commit] selected_container_class='android.widget.FrameLayout' selected_container_view_id='com.samsung.android.oneconnect:id/frameLayout' selected_container_bounds='42,1752,1038,2316' commit_to_candidate=true commit_stage='candidate_append' commit_failure_reason='none'
[19:44:03] [SCENARIO][pre_nav][scrolltouch][debug] scroll_step=3/5 visible_candidate_count=1 partial_match_count=1 exact_match_count=0 xml_fallback_attempted=true xml_fallback_reason='ok' rejections='filtered_before_candidate:11' visible_top='label='Monitor air quality and air comfort in each room of your hom' rid='com.samsung.android.oneconnect:id/frameL' cls='android.widget.FrameLayout' bounds='42,1752,1038,2316'' partial_top='label='Monitor air quality and air comfort in each room of your hom' rid='com.samsung.android.oneconnect:id/frameL' cls='android.widget.FrameLayout' bounds='42,1752,1038,2316'' pre_candidate_top='-' local_search_nodes=12 selected=true selected_reason='candidate_count=1'
[19:44:03] [SCENARIO][pre_nav][scrolltouch][inspect] scroll_step=3/5 samples='label='우리 집 QR code 우리 집 QR code' rid='com.samsung.android.oneconnect:id/home_button' cls='android.widget.ImageButton' visible=true clickable=true focusable=true effectiveClickable=true matched_text_node='com.samsung.android.oneconnect:id/home_button' promoted_container=false promotion_reason='none' promoted_from='' promoted_to='' stage='label_filter' reason='filtered_before_candidate' | label='우리 집, Change location 우리 집, Change location' rid='com.samsung.android.oneconnect:id/tab_title' cls='android.widget.LinearLayout' visible=true clickable=true focusable=true effectiveClickable=true matched_text_node='com.samsung.android.oneconnect:id/tab_title' promoted_container=false promotion_reason='none' promoted_from='' promoted_to='' stage='label_filter' reason='filtered_before_candidate' | label='Add Add' rid='com.samsung.android.oneconnect:id/add_menu_butto' cls='android.widget.ImageButton' visible=true clickable=true focusable=true effectiveClickable=true matched_text_node='com.samsung.android.oneconnect:id/add_menu_button' promoted_container=false promotion_reason='none' promoted_from='' promoted_to='' stage='label_filter' reason='filtered_before_candidate' | label='More options Mor'
[19:44:08] [CAPTURE][scrolltouch_step] saved path='output\capture_bundles\life_air_care_plugin\20260412_104338\step_03' step=3 visible_candidate_count=1 partial_match_count=1
[19:44:08] [SCENARIO][pre_nav][scrolltouch] candidate_select reason='candidate_count=1' class='android.widget.FrameLayout' resource='com.samsung.android.oneconnect:id/frameLayout' bounds='42,1752,1038,2316' visible=true label='' promoted_container=true promotion_attempted=true promotion_source='xml_live' matched_text_node='com.samsung.android.oneconnect:id/tvHeaderTitle' promotion_reason='xml_live_containment_container' promotion_candidate_count=2 promotion_debug_summary='helper:no_candidate:rejected_large=0:rejected_list_like=0;xml_live:containment_candidate_count=2:rejected_large=0:reject' promoted_from='com.samsung.android.oneconnect:id/tvHeaderTitle' promoted_to='com.samsung.android.oneconnect:id/frameLayout' selected_area=561744 text_area=161424 area_ratio=3.480 ancestor_distance=999 tap_point='540,2034' tap_strategy='center' rank_summary_top3='com.samsung.android.oneconnect:id/frameLayout:xml_live_containment_container:ov=1000:ar=3.48:sp=5:ad=999 | android.widget.RelativeLayout:xml_live_containment_container:ov=1000:ar=3.48:sp=1:ad=999' scroll_step=3/5 cumulative_mode=true
[19:44:09] [DEBUG] candidate_click_dispatch_result success=false
[19:44:11] [SCENARIO][pre_nav][scrolltouch] post_click_transition same_screen=false signal='air_care_verify'
[19:44:11] [INFO] candidate_click_result=success
[19:44:11] [SCENARIO][pre_nav] success step=1 reason='bounds_not_found'
[19:44:12] [SCENARIO][pre_nav] success
[19:44:12] [ANCHOR][fallback] explicit anchor not matched, trying top content fallback
[19:44:12] [ANCHOR][fallback] no usable fallback candidate
[19:44:12] [ANCHOR][plugin_fallback] failed reason='no_readable_top_candidate'
[19:44:16] [CONTEXT] skipped reason='anchor_only_mode'
[19:44:16] [CONTEXT] skipped reason='anchor_only_mode'
[19:44:16] [CONTEXT] scenario='life_air_care_plugin' type='skipped' expected='' actual='' ok=True
[19:44:16] [ANCHOR][scenario_start] anchor mismatch scenario='life_air_care_plugin'
[19:44:16] [ANCHOR][scenario_start] anchor not stable scenario='life_air_care_plugin'
[19:44:17] [ANCHOR][fallback] explicit anchor not matched, trying top content fallback
[19:44:17] [ANCHOR][fallback] no usable fallback candidate
[19:44:17] [ANCHOR][plugin_fallback] failed reason='no_readable_top_candidate'
[19:44:20] [CONTEXT] skipped reason='anchor_only_mode'
[19:44:20] [CONTEXT] skipped reason='anchor_only_mode'
[19:44:20] [CONTEXT] scenario='life_air_care_plugin' type='skipped' expected='' actual='' ok=True
[19:44:20] [ANCHOR][scenario_start] anchor mismatch scenario='life_air_care_plugin'
[19:44:20] [ANCHOR][scenario_start] anchor not stable scenario='life_air_care_plugin'
[19:44:20] [TRACE][open_scenario] scenario='life_air_care_plugin' stabilization_mode='anchor_only' focus_align_attempted=True focus_align_ok=True focus_align_reason='' context_ok=False anchor_matched=False anchor_stable=False
[19:44:20] [ANCHOR][scenario_start] stabilization failed tab='(?i).*life.*' scenario='life_air_care_plugin' low_confidence=true reason='low_confidence_anchor_start'
[19:44:20] [ANCHOR][scenario_start] abort low_confidence_fallback=false scenario='life_air_care_plugin' reason='fallback_candidate_absent'
[19:44:20] [PERF][scenario_summary] scenario=life_air_care_plugin tab=(?i).*life.* total_runtime=48.9 total_steps=1 main_step_count=1 overlay_step_count=0 overlay_count=0 avg_get_focus=0.0 avg_move=0.0 avg_crop=0.0 avg_step_total=0.0 step_total_sample_count=0 avg_get_focus_main=0.0 avg_get_focus_overlay=0.0 fallback_dump_count=0 success_false_top_level_dump_attempt_count=0 success_false_top_level_dump_found_count=0 fallback_dump_rate=0.0 get_focus_strong_skip_count=0 get_focus_strong_skip_rate=0.0 step_dump_used_count=0 save_excel_count=0 realign_attempt_count=0 realign_success_count=0 realign_success_rate=0.0
[19:44:20] [RESULT] skipped anchor rows count=1
[19:44:20] [SAVE] writing sheets raw/filtered/summary/result
[19:44:20] [SAVE] filtered rows=5, raw rows=7
[19:44:20] [SAVE] saved excel: output/talkback_compare_20260412_194120.xlsx rows=7 with_images=False
[19:44:20] [MAIN] skip disabled scenario_id='life_home_care_plugin' tab='(?i).*life.*'
[19:44:20] [MAIN] skip disabled scenario_id='life_energy_plugin' tab='(?i).*life.*'
[19:44:20] [MAIN] skip disabled scenario_id='devices_main' tab='(?i).*devices.*'
[19:44:20] [MAIN] skip disabled scenario_id='life_main' tab='(?i).*life.*'
[19:44:20] [MAIN] skip disabled scenario_id='routines_main' tab='(?i).*routines.*'
[19:44:20] [MAIN] skip disabled scenario_id='menu_main' tab='(?i).*(menu|more).*'
[19:44:20] [MAIN] skip disabled scenario_id='settings_entry_example' tab='(?i).*menu.*'
[19:44:20] [MAIN] skip disabled scenario_id='life_pet_care_plugin' tab='(?i).*life.*'
[19:44:20] [RESULT] skipped anchor rows count=1
[19:44:20] [SAVE] writing sheets raw/filtered/summary/result
[19:44:20] [SAVE] filtered rows=5, raw rows=7
[19:44:20] [SAVE] saved excel: output/talkback_compare_20260412_194120.xlsx rows=7 with_images=True
[19:44:20] [MAIN] final save complete
[19:44:20] [PERF][run_summary] total_runtime=179.3 total_scenarios=2 total_steps=7 total_overlay_count=0 avg_get_focus=0.985 avg_move=0.475 fallback_dump_count=0 success_false_top_level_dump_attempt_count=0 success_false_top_level_dump_found_count=0 fallback_dump_rate=0.0 get_focus_strong_skip_rate=85.7 realign_success_rate=0.0 save_excel_count=4
