[18:21:09] [SAVE][temp] override tmp='D:\Python test\talkback-a11y-helper\output\.tmp' temp='D:\Python test\talkback-a11y-helper\output\.tmp' applied=true
[18:21:09] [MAIN] script start (version=1.7.78, log_level=NORMAL)
[18:21:10] [PREFLIGHT] talkback status='enabled'
[18:21:10] [MAIN] output file: output/talkback_compare_20260411_182109.xlsx
[18:21:10] [MAIN] image dir base: output\talkback_compare_20260411_182109
[18:21:10] [CONFIG] runtime config loaded path='config\runtime_config.json'
[18:21:10] [GLOBAL_NAV][guard] forcing stabilization_mode='tab_context' scenario='global_nav_main' requested='anchor_then_context'
[18:21:10] [CONFIG] scenario resolved scenario='global_nav_main' group='main_tabs' max_steps=10 enabled=False
[18:21:10] [CONFIG] applied shared_navigation='default_global_nav'
[18:21:10] [CONFIG] scenario enabled scenario='global_nav_main' source='runtime' enabled=False base_enabled=False
[18:21:10] [CONFIG] scenario resolved scenario='home_main' group='main_tabs' max_steps=5 enabled=False
[18:21:10] [CONFIG] applied shared_navigation='bottom_tab_global_nav'
[18:21:10] [CONFIG] scenario enabled scenario='home_main' source='runtime' enabled=False base_enabled=False
[18:21:10] [CONFIG] scenario resolved scenario='life_food_plugin' group='plugin_screen' max_steps=5 enabled=False
[18:21:10] [CONFIG] applied pre_navigation_ref='enter_food_plugin'
[18:21:10] [CONFIG] scenario enabled scenario='life_food_plugin' source='runtime' enabled=False base_enabled=False
[18:21:10] [CONFIG] scenario resolved scenario='life_air_care_plugin' group='-' max_steps=10 enabled=False
[18:21:10] [CONFIG] scenario enabled scenario='life_air_care_plugin' source='runtime' enabled=False base_enabled=False
[18:21:10] [CONFIG] scenario resolved scenario='life_home_care_plugin' group='-' max_steps=10 enabled=True
[18:21:10] [CONFIG] scenario enabled scenario='life_home_care_plugin' source='runtime' enabled=True base_enabled=False
[18:21:10] [CONFIG] scenario resolved scenario='life_energy_plugin' group='-' max_steps=10 enabled=True
[18:21:10] [CONFIG] scenario enabled scenario='life_energy_plugin' source='runtime' enabled=True base_enabled=False
[18:21:10] [CONFIG] scenario resolved scenario='devices_main' group='main_tabs' max_steps=10 enabled=False
[18:21:10] [CONFIG] applied shared_navigation='bottom_tab_global_nav'
[18:21:10] [CONFIG] applied anchor_ref='home_tab_anchor'
[18:21:10] [CONFIG] scenario enabled scenario='devices_main' source='runtime' enabled=False base_enabled=False
[18:21:10] [CONFIG] scenario resolved scenario='life_main' group='main_tabs' max_steps=30 enabled=False
[18:21:10] [CONFIG] applied shared_navigation='bottom_tab_global_nav'
[18:21:10] [CONFIG] scenario enabled scenario='life_main' source='runtime' enabled=False base_enabled=False
[18:21:10] [CONFIG] scenario resolved scenario='routines_main' group='main_tabs' max_steps=30 enabled=False
[18:21:10] [CONFIG] applied shared_navigation='bottom_tab_global_nav'
[18:21:10] [CONFIG] scenario enabled scenario='routines_main' source='runtime' enabled=False base_enabled=False
[18:21:10] [CONFIG] scenario resolved scenario='menu_main' group='main_tabs' max_steps=30 enabled=False
[18:21:10] [CONFIG] applied shared_navigation='bottom_tab_global_nav'
[18:21:10] [CONFIG] scenario enabled scenario='menu_main' source='runtime' enabled=False base_enabled=False
[18:21:10] [CONFIG] scenario resolved scenario='settings_entry_example' group='plugin_screen' max_steps=40 enabled=False
[18:21:10] [CONFIG] applied anchor_ref='settings_button_anchor'
[18:21:10] [CONFIG] applied pre_navigation_ref='enter_settings'
[18:21:10] [CONFIG] scenario enabled scenario='settings_entry_example' source='runtime' enabled=False base_enabled=False
[18:21:10] [CONFIG] scenario resolved scenario='life_pet_care_example' group='-' max_steps=10 enabled=True
[18:21:10] [CONFIG] scenario enabled scenario='life_pet_care_example' source='runtime' enabled=True base_enabled=False
[18:21:10] [MAIN] skip disabled scenario_id='global_nav_main' tab='(?i).*(home|devices|life|routines|menu).*'
[18:21:10] [MAIN] skip disabled scenario_id='home_main' tab='(?i).*home.*'
[18:21:10] [MAIN] skip disabled scenario_id='life_food_plugin' tab='(?i).*life.*'
[18:21:10] [MAIN] skip disabled scenario_id='life_air_care_plugin' tab='(?i).*life.*'
[18:21:10] [SCENARIO][stabilization] scenario='life_home_care_plugin' screen_context_mode='new_screen' stabilization_mode='anchor_only'
[18:21:10] [CONTEXT] skipped reason='new_screen_mode' phase='tab_select'
[18:21:10] [TAB][select] fallback_to_legacy=True scenario='life_home_care_plugin'
[18:21:14] [TRACE][open_scenario] scenario='life_home_care_plugin' stabilization_mode='anchor_only' focus_align_attempted=True focus_align_ok=True focus_align_reason='' context_ok=False anchor_matched=False anchor_stable=False
[18:21:16] [SCENARIO][pre_nav][stabilization] phase='before_pre_navigation' attempt=1/2 life_selected=false app_bar_hits=4 visible_card_hits=0 life_root_signature_present=false navigate_up_hits=0 family_care_signature_seen=true final_score=2 ok=false pass_reason='' fail_reason='life_root_not_stable'
[18:21:16] [SCENARIO][pre_nav][stabilization][life_energy_relaxed_gate] phase='before_pre_navigation' attempt=1/2 allow_scrolltouch=true reason='life_plugin_list_likely'
[18:21:16] [SCENARIO][pre_nav] step=1 action=scrolltouch target='(?i)(^home\s*care$|home\s*care\.|\bhomecare\b|홈\s*케어)'
[18:21:16] [SCENARIO][pre_nav] before scrolltouch, scroll_to_top invoked cumulative_mode=true
[18:21:19] [SCENARIO][pre_nav] scroll_to_top result={'ok': True, 'reached_top': True, 'attempts': 1, 'reason': 'scroll_failed'}
[18:21:19] [SCENARIO][pre_nav] top_state_verify ok=false reason='top_marker_missing' scenario='life_home_care_plugin'
[18:21:22] [SCENARIO][pre_nav] top_state_verify retry=1/2 ok=false reason='top_marker_missing'
[18:21:26] [SCENARIO][pre_nav] top_state_verify retry=2/2 ok=false reason='top_marker_missing'
[18:21:26] [SCENARIO][pre_nav][scrolltouch][debug] scroll_step=1/5 visible_candidate_count=0 partial_match_count=0 exact_match_count=0 xml_fallback_attempted=false xml_fallback_reason='not_attempted' rejections='filtered_before_candidate:21' visible_top='-' partial_top='-' pre_candidate_top='-' local_search_nodes=21 selected=false selected_reason='no_visible_candidate'
[18:21:26] [SCENARIO][pre_nav][scrolltouch][inspect] scroll_step=1/5 samples='label='우리 집 QR code 우리 집 QR code' rid='com.samsung.android.oneconnect:id/home_button' cls='android.widget.ImageButton' visible=true clickable=true focusable=true effectiveClickable=true matched_text_node='com.samsung.android.oneconnect:id/home_button' promoted_container=false promotion_reason='none' promoted_from='' promoted_to='' stage='label_filter' reason='filtered_before_candidate' | label='우리 집, Change location 우리 집, Change location' rid='com.samsung.android.oneconnect:id/tab_title' cls='android.widget.LinearLayout' visible=true clickable=true focusable=true effectiveClickable=true matched_text_node='com.samsung.android.oneconnect:id/tab_title' promoted_container=false promotion_reason='none' promoted_from='' promoted_to='' stage='label_filter' reason='filtered_before_candidate' | label='Add Add' rid='com.samsung.android.oneconnect:id/add_menu_butto' cls='android.widget.ImageButton' visible=true clickable=true focusable=true effectiveClickable=true matched_text_node='com.samsung.android.oneconnect:id/add_menu_button' promoted_container=false promotion_reason='none' promoted_from='' promoted_to='' stage='label_filter' reason='filtered_before_candidate' | label='More options Mor'
[18:21:28] [SCENARIO][pre_nav][scrolltouch] visible_candidate_count=0 partial_match_count=0 scroll_step=1/5 action='scroll_forward_and_retry_local_search' scroll_performed=true settle_wait_ms=250 cumulative_mode=true
[18:21:28] [SCENARIO][pre_nav][scrolltouch][debug] scroll_step=2/5 visible_candidate_count=0 partial_match_count=0 exact_match_count=0 xml_fallback_attempted=false xml_fallback_reason='not_attempted' rejections='filtered_before_candidate:13' visible_top='-' partial_top='-' pre_candidate_top='-' local_search_nodes=13 selected=false selected_reason='no_visible_candidate'
[18:21:28] [SCENARIO][pre_nav][scrolltouch][inspect] scroll_step=2/5 samples='label='우리 집 QR code 우리 집 QR code' rid='com.samsung.android.oneconnect:id/home_button' cls='android.widget.ImageButton' visible=true clickable=true focusable=true effectiveClickable=true matched_text_node='com.samsung.android.oneconnect:id/home_button' promoted_container=false promotion_reason='none' promoted_from='' promoted_to='' stage='label_filter' reason='filtered_before_candidate' | label='우리 집, Change location 우리 집, Change location' rid='com.samsung.android.oneconnect:id/tab_title' cls='android.widget.LinearLayout' visible=true clickable=true focusable=true effectiveClickable=true matched_text_node='com.samsung.android.oneconnect:id/tab_title' promoted_container=false promotion_reason='none' promoted_from='' promoted_to='' stage='label_filter' reason='filtered_before_candidate' | label='Add Add' rid='com.samsung.android.oneconnect:id/add_menu_butto' cls='android.widget.ImageButton' visible=true clickable=true focusable=true effectiveClickable=true matched_text_node='com.samsung.android.oneconnect:id/add_menu_button' promoted_container=false promotion_reason='none' promoted_from='' promoted_to='' stage='label_filter' reason='filtered_before_candidate' | label='More options Mor'
[18:21:30] [SCENARIO][pre_nav][scrolltouch] visible_candidate_count=0 partial_match_count=0 scroll_step=2/5 action='scroll_forward_and_retry_local_search' scroll_performed=true settle_wait_ms=250 cumulative_mode=true
[18:21:32] [SCENARIO][pre_nav][scrolltouch][debug] scroll_step=3/5 visible_candidate_count=0 partial_match_count=0 exact_match_count=0 xml_fallback_attempted=false xml_fallback_reason='not_attempted' rejections='filtered_before_candidate:12' visible_top='-' partial_top='-' pre_candidate_top='-' local_search_nodes=12 selected=false selected_reason='no_visible_candidate'
[18:21:32] [SCENARIO][pre_nav][scrolltouch][inspect] scroll_step=3/5 samples='label='우리 집 QR code 우리 집 QR code' rid='com.samsung.android.oneconnect:id/home_button' cls='android.widget.ImageButton' visible=true clickable=true focusable=true effectiveClickable=true matched_text_node='com.samsung.android.oneconnect:id/home_button' promoted_container=false promotion_reason='none' promoted_from='' promoted_to='' stage='label_filter' reason='filtered_before_candidate' | label='우리 집, Change location 우리 집, Change location' rid='com.samsung.android.oneconnect:id/tab_title' cls='android.widget.LinearLayout' visible=true clickable=true focusable=true effectiveClickable=true matched_text_node='com.samsung.android.oneconnect:id/tab_title' promoted_container=false promotion_reason='none' promoted_from='' promoted_to='' stage='label_filter' reason='filtered_before_candidate' | label='Add Add' rid='com.samsung.android.oneconnect:id/add_menu_butto' cls='android.widget.ImageButton' visible=true clickable=true focusable=true effectiveClickable=true matched_text_node='com.samsung.android.oneconnect:id/add_menu_button' promoted_container=false promotion_reason='none' promoted_from='' promoted_to='' stage='label_filter' reason='filtered_before_candidate' | label='More options Mor'
[18:21:34] [SCENARIO][pre_nav][scrolltouch] visible_candidate_count=0 partial_match_count=0 scroll_step=3/5 action='scroll_forward_and_retry_local_search' scroll_performed=true settle_wait_ms=250 cumulative_mode=true
[18:21:34] [SCENARIO][pre_nav][scrolltouch][debug] scroll_step=4/5 visible_candidate_count=0 partial_match_count=0 exact_match_count=0 xml_fallback_attempted=false xml_fallback_reason='not_attempted' rejections='filtered_before_candidate:21' visible_top='-' partial_top='-' pre_candidate_top='-' local_search_nodes=21 selected=false selected_reason='no_visible_candidate'
[18:21:34] [SCENARIO][pre_nav][scrolltouch][inspect] scroll_step=4/5 samples='label='우리 집 QR code 우리 집 QR code' rid='com.samsung.android.oneconnect:id/home_button' cls='android.widget.ImageButton' visible=true clickable=true focusable=true effectiveClickable=true matched_text_node='com.samsung.android.oneconnect:id/home_button' promoted_container=false promotion_reason='none' promoted_from='' promoted_to='' stage='label_filter' reason='filtered_before_candidate' | label='우리 집, Change location 우리 집, Change location' rid='com.samsung.android.oneconnect:id/tab_title' cls='android.widget.LinearLayout' visible=true clickable=true focusable=true effectiveClickable=true matched_text_node='com.samsung.android.oneconnect:id/tab_title' promoted_container=false promotion_reason='none' promoted_from='' promoted_to='' stage='label_filter' reason='filtered_before_candidate' | label='Add Add' rid='com.samsung.android.oneconnect:id/add_menu_butto' cls='android.widget.ImageButton' visible=true clickable=true focusable=true effectiveClickable=true matched_text_node='com.samsung.android.oneconnect:id/add_menu_button' promoted_container=false promotion_reason='none' promoted_from='' promoted_to='' stage='label_filter' reason='filtered_before_candidate' | label='More options Mor'
[18:21:36] [SCENARIO][pre_nav][scrolltouch] visible_candidate_count=0 partial_match_count=0 scroll_step=4/5 action='scroll_forward_and_retry_local_search' scroll_performed=true settle_wait_ms=250 cumulative_mode=true
[18:21:38] [SCENARIO][pre_nav][scrolltouch][debug] scroll_step=5/5 visible_candidate_count=0 partial_match_count=0 exact_match_count=0 xml_fallback_attempted=false xml_fallback_reason='not_attempted' rejections='filtered_before_candidate:29' visible_top='-' partial_top='-' pre_candidate_top='-' local_search_nodes=29 selected=false selected_reason='no_visible_candidate'
[18:21:38] [SCENARIO][pre_nav][scrolltouch][inspect] scroll_step=5/5 samples='label='우리 집 QR code 우리 집 QR code' rid='com.samsung.android.oneconnect:id/home_button' cls='android.widget.ImageButton' visible=true clickable=true focusable=true effectiveClickable=true matched_text_node='com.samsung.android.oneconnect:id/home_button' promoted_container=false promotion_reason='none' promoted_from='' promoted_to='' stage='label_filter' reason='filtered_before_candidate' | label='우리 집, Change location 우리 집, Change location' rid='com.samsung.android.oneconnect:id/tab_title' cls='android.widget.LinearLayout' visible=true clickable=true focusable=true effectiveClickable=true matched_text_node='com.samsung.android.oneconnect:id/tab_title' promoted_container=false promotion_reason='none' promoted_from='' promoted_to='' stage='label_filter' reason='filtered_before_candidate' | label='Add Add' rid='com.samsung.android.oneconnect:id/add_menu_butto' cls='android.widget.ImageButton' visible=true clickable=true focusable=true effectiveClickable=true matched_text_node='com.samsung.android.oneconnect:id/add_menu_button' promoted_container=false promotion_reason='none' promoted_from='' promoted_to='' stage='label_filter' reason='filtered_before_candidate' | label='More options Mor'
[18:21:38] [SCENARIO][pre_nav][scrolltouch] visible_candidate_count=0 partial_match_count=0 scroll_step=5/5 action='local_search_exhausted' scroll_performed=false cumulative_mode=true
[18:21:38] [SCENARIO][pre_nav][scrolltouch] candidate_select reason='no_local_match' fallback='helper_scrollTouch' reason_detail='max_scroll_search_steps_reached' cumulative_mode=true
[18:21:43] [SCENARIO][pre_nav] failed reason='action_failed' step=1
[18:21:43] [SCENARIO][pre_nav] failed reason='action_failed' detail='ACTION_ACCESSIBILITY_FOCUS success' step=1
[18:21:43] [PERF][scenario_summary] scenario=life_home_care_plugin tab=(?i).*life.* total_runtime=32.9 total_steps=1 main_step_count=1 overlay_step_count=0 overlay_count=0 avg_get_focus=0.0 avg_move=0.0 avg_crop=0.0 avg_step_total=0.0 step_total_sample_count=0 avg_get_focus_main=0.0 avg_get_focus_overlay=0.0 fallback_dump_count=0 success_false_top_level_dump_attempt_count=0 success_false_top_level_dump_found_count=0 fallback_dump_rate=0.0 get_focus_strong_skip_count=0 get_focus_strong_skip_rate=0.0 step_dump_used_count=0 save_excel_count=0 realign_attempt_count=0 realign_success_count=0 realign_success_rate=0.0
[18:21:43] [SAVE] writing sheets raw/filtered/summary/result
[18:21:43] [SAVE] filtered rows=1, raw rows=1
[18:21:43] [SAVE] saved excel: output/talkback_compare_20260411_182109.xlsx rows=1 with_images=False
[18:21:43] [RECOVER] start
[18:21:47] [RECOVER] success
[18:21:47] [SCENARIO][stabilization] scenario='life_energy_plugin' screen_context_mode='new_screen' stabilization_mode='anchor_only'
[18:21:47] [CONTEXT] skipped reason='new_screen_mode' phase='tab_select'
[18:21:47] [TAB][select] fallback_to_legacy=True scenario='life_energy_plugin'
[18:21:51] [TRACE][open_scenario] scenario='life_energy_plugin' stabilization_mode='anchor_only' focus_align_attempted=True focus_align_ok=True focus_align_reason='' context_ok=False anchor_matched=False anchor_stable=False
[18:21:52] [SCENARIO][pre_nav][stabilization] phase='before_pre_navigation' attempt=1/2 life_selected=false app_bar_hits=4 visible_card_hits=0 life_root_signature_present=false navigate_up_hits=0 family_care_signature_seen=true final_score=2 ok=false pass_reason='' fail_reason='life_root_not_stable'
[18:21:52] [SCENARIO][pre_nav][stabilization][life_energy_relaxed_gate] phase='before_pre_navigation' attempt=1/2 allow_scrolltouch=true reason='life_plugin_list_likely'
[18:21:52] [SCENARIO][pre_nav] step=1 action=scrolltouch target='(?i)(^energy$|energy\.|\bsmart\s*energy\b|\benergy\b)'
[18:21:53] [SCENARIO][pre_nav] before scrolltouch, scroll_to_top invoked cumulative_mode=true
[18:21:55] [SCENARIO][pre_nav] scroll_to_top result={'ok': True, 'reached_top': True, 'attempts': 1, 'reason': 'scroll_failed'}
[18:21:56] [SCENARIO][pre_nav] top_state_verify ok=false reason='top_marker_missing' scenario='life_energy_plugin'
[18:21:59] [SCENARIO][pre_nav] top_state_verify retry=1/2 ok=false reason='top_marker_missing'
[18:22:02] [SCENARIO][pre_nav] top_state_verify retry=2/2 ok=false reason='top_marker_missing'
[18:22:02] [SCENARIO][pre_nav][scrolltouch][debug] scroll_step=1/5 visible_candidate_count=0 partial_match_count=0 exact_match_count=0 xml_fallback_attempted=false xml_fallback_reason='not_attempted' rejections='filtered_before_candidate:21' visible_top='-' partial_top='-' pre_candidate_top='-' local_search_nodes=21 selected=false selected_reason='no_visible_candidate'
[18:22:02] [SCENARIO][pre_nav][scrolltouch][inspect] scroll_step=1/5 samples='label='우리 집 QR code 우리 집 QR code' rid='com.samsung.android.oneconnect:id/home_button' cls='android.widget.ImageButton' visible=true clickable=true focusable=true effectiveClickable=true matched_text_node='com.samsung.android.oneconnect:id/home_button' promoted_container=false promotion_reason='none' promoted_from='' promoted_to='' stage='label_filter' reason='filtered_before_candidate' | label='우리 집, Change location 우리 집, Change location' rid='com.samsung.android.oneconnect:id/tab_title' cls='android.widget.LinearLayout' visible=true clickable=true focusable=true effectiveClickable=true matched_text_node='com.samsung.android.oneconnect:id/tab_title' promoted_container=false promotion_reason='none' promoted_from='' promoted_to='' stage='label_filter' reason='filtered_before_candidate' | label='Add Add' rid='com.samsung.android.oneconnect:id/add_menu_butto' cls='android.widget.ImageButton' visible=true clickable=true focusable=true effectiveClickable=true matched_text_node='com.samsung.android.oneconnect:id/add_menu_button' promoted_container=false promotion_reason='none' promoted_from='' promoted_to='' stage='label_filter' reason='filtered_before_candidate' | label='More options Mor'
[18:22:04] [SCENARIO][pre_nav][scrolltouch] visible_candidate_count=0 partial_match_count=0 scroll_step=1/5 action='scroll_forward_and_retry_local_search' scroll_performed=true settle_wait_ms=250 cumulative_mode=true
[18:22:05] [SCENARIO][pre_nav][scrolltouch][debug] scroll_step=2/5 visible_candidate_count=1 partial_match_count=1 exact_match_count=0 xml_fallback_attempted=false xml_fallback_reason='not_attempted' rejections='filtered_before_candidate:12, non_actionable_without_promotion:1' visible_top='-' partial_top='-' pre_candidate_top='label='Add an appliance to start measuring energy usage. Add an appliance to st' rid='com.samsung.android.oneconnect:id/tvHeaderTitle' cls='android.widget.TextView' reason='actionability_fail:non_actionable_without_promotion'' local_search_nodes=13 selected=false selected_reason='no_visible_candidate'
[18:22:05] [SCENARIO][pre_nav][scrolltouch][inspect] scroll_step=2/5 samples='label='우리 집 QR code 우리 집 QR code' rid='com.samsung.android.oneconnect:id/home_button' cls='android.widget.ImageButton' visible=true clickable=true focusable=true effectiveClickable=true matched_text_node='com.samsung.android.oneconnect:id/home_button' promoted_container=false promotion_reason='none' promoted_from='' promoted_to='' stage='label_filter' reason='filtered_before_candidate' | label='우리 집, Change location 우리 집, Change location' rid='com.samsung.android.oneconnect:id/tab_title' cls='android.widget.LinearLayout' visible=true clickable=true focusable=true effectiveClickable=true matched_text_node='com.samsung.android.oneconnect:id/tab_title' promoted_container=false promotion_reason='none' promoted_from='' promoted_to='' stage='label_filter' reason='filtered_before_candidate' | label='Add Add' rid='com.samsung.android.oneconnect:id/add_menu_butto' cls='android.widget.ImageButton' visible=true clickable=true focusable=true effectiveClickable=true matched_text_node='com.samsung.android.oneconnect:id/add_menu_button' promoted_container=false promotion_reason='none' promoted_from='' promoted_to='' stage='label_filter' reason='filtered_before_candidate' | label='More options Mor'
[18:22:07] [SCENARIO][pre_nav][scrolltouch] visible_candidate_count=1 partial_match_count=1 scroll_step=2/5 action='scroll_forward_and_retry_local_search' scroll_performed=true settle_wait_ms=250 cumulative_mode=true
[18:22:08] [SCENARIO][pre_nav][scrolltouch][debug] scroll_step=3/5 visible_candidate_count=0 partial_match_count=0 exact_match_count=0 xml_fallback_attempted=false xml_fallback_reason='not_attempted' rejections='filtered_before_candidate:12' visible_top='-' partial_top='-' pre_candidate_top='-' local_search_nodes=12 selected=false selected_reason='no_visible_candidate'
[18:22:08] [SCENARIO][pre_nav][scrolltouch][inspect] scroll_step=3/5 samples='label='우리 집 QR code 우리 집 QR code' rid='com.samsung.android.oneconnect:id/home_button' cls='android.widget.ImageButton' visible=true clickable=true focusable=true effectiveClickable=true matched_text_node='com.samsung.android.oneconnect:id/home_button' promoted_container=false promotion_reason='none' promoted_from='' promoted_to='' stage='label_filter' reason='filtered_before_candidate' | label='우리 집, Change location 우리 집, Change location' rid='com.samsung.android.oneconnect:id/tab_title' cls='android.widget.LinearLayout' visible=true clickable=true focusable=true effectiveClickable=true matched_text_node='com.samsung.android.oneconnect:id/tab_title' promoted_container=false promotion_reason='none' promoted_from='' promoted_to='' stage='label_filter' reason='filtered_before_candidate' | label='Add Add' rid='com.samsung.android.oneconnect:id/add_menu_butto' cls='android.widget.ImageButton' visible=true clickable=true focusable=true effectiveClickable=true matched_text_node='com.samsung.android.oneconnect:id/add_menu_button' promoted_container=false promotion_reason='none' promoted_from='' promoted_to='' stage='label_filter' reason='filtered_before_candidate' | label='More options Mor'
[18:22:10] [SCENARIO][pre_nav][scrolltouch] visible_candidate_count=0 partial_match_count=0 scroll_step=3/5 action='scroll_forward_and_retry_local_search' scroll_performed=true settle_wait_ms=250 cumulative_mode=true
[18:22:11] [SCENARIO][pre_nav][scrolltouch][debug] scroll_step=4/5 visible_candidate_count=0 partial_match_count=0 exact_match_count=0 xml_fallback_attempted=false xml_fallback_reason='not_attempted' rejections='filtered_before_candidate:21' visible_top='-' partial_top='-' pre_candidate_top='-' local_search_nodes=21 selected=false selected_reason='no_visible_candidate'
[18:22:11] [SCENARIO][pre_nav][scrolltouch][inspect] scroll_step=4/5 samples='label='우리 집 QR code 우리 집 QR code' rid='com.samsung.android.oneconnect:id/home_button' cls='android.widget.ImageButton' visible=true clickable=true focusable=true effectiveClickable=true matched_text_node='com.samsung.android.oneconnect:id/home_button' promoted_container=false promotion_reason='none' promoted_from='' promoted_to='' stage='label_filter' reason='filtered_before_candidate' | label='우리 집, Change location 우리 집, Change location' rid='com.samsung.android.oneconnect:id/tab_title' cls='android.widget.LinearLayout' visible=true clickable=true focusable=true effectiveClickable=true matched_text_node='com.samsung.android.oneconnect:id/tab_title' promoted_container=false promotion_reason='none' promoted_from='' promoted_to='' stage='label_filter' reason='filtered_before_candidate' | label='Add Add' rid='com.samsung.android.oneconnect:id/add_menu_butto' cls='android.widget.ImageButton' visible=true clickable=true focusable=true effectiveClickable=true matched_text_node='com.samsung.android.oneconnect:id/add_menu_button' promoted_container=false promotion_reason='none' promoted_from='' promoted_to='' stage='label_filter' reason='filtered_before_candidate' | label='More options Mor'
[18:22:13] [SCENARIO][pre_nav][scrolltouch] visible_candidate_count=0 partial_match_count=0 scroll_step=4/5 action='scroll_forward_and_retry_local_search' scroll_performed=true settle_wait_ms=250 cumulative_mode=true
[18:22:14] [SCENARIO][pre_nav][scrolltouch][debug] scroll_step=5/5 visible_candidate_count=0 partial_match_count=0 exact_match_count=0 xml_fallback_attempted=false xml_fallback_reason='not_attempted' rejections='filtered_before_candidate:29' visible_top='-' partial_top='-' pre_candidate_top='-' local_search_nodes=29 selected=false selected_reason='no_visible_candidate'
[18:22:14] [SCENARIO][pre_nav][scrolltouch][inspect] scroll_step=5/5 samples='label='우리 집 QR code 우리 집 QR code' rid='com.samsung.android.oneconnect:id/home_button' cls='android.widget.ImageButton' visible=true clickable=true focusable=true effectiveClickable=true matched_text_node='com.samsung.android.oneconnect:id/home_button' promoted_container=false promotion_reason='none' promoted_from='' promoted_to='' stage='label_filter' reason='filtered_before_candidate' | label='우리 집, Change location 우리 집, Change location' rid='com.samsung.android.oneconnect:id/tab_title' cls='android.widget.LinearLayout' visible=true clickable=true focusable=true effectiveClickable=true matched_text_node='com.samsung.android.oneconnect:id/tab_title' promoted_container=false promotion_reason='none' promoted_from='' promoted_to='' stage='label_filter' reason='filtered_before_candidate' | label='Add Add' rid='com.samsung.android.oneconnect:id/add_menu_butto' cls='android.widget.ImageButton' visible=true clickable=true focusable=true effectiveClickable=true matched_text_node='com.samsung.android.oneconnect:id/add_menu_button' promoted_container=false promotion_reason='none' promoted_from='' promoted_to='' stage='label_filter' reason='filtered_before_candidate' | label='More options Mor'
[18:22:14] [SCENARIO][pre_nav][scrolltouch] visible_candidate_count=0 partial_match_count=0 scroll_step=5/5 action='local_search_exhausted' scroll_performed=false cumulative_mode=true
[18:22:14] [SCENARIO][pre_nav][scrolltouch] candidate_select reason='no_local_match' fallback='helper_scrollTouch' reason_detail='max_scroll_search_steps_reached' cumulative_mode=true
[18:22:20] [SCENARIO][pre_nav] failed reason='action_failed' step=1
[18:22:20] [SCENARIO][pre_nav] failed reason='action_failed' detail='ACTION_ACCESSIBILITY_FOCUS success' step=1
[18:22:20] [PERF][scenario_summary] scenario=life_energy_plugin tab=(?i).*life.* total_runtime=32.9 total_steps=1 main_step_count=1 overlay_step_count=0 overlay_count=0 avg_get_focus=0.0 avg_move=0.0 avg_crop=0.0 avg_step_total=0.0 step_total_sample_count=0 avg_get_focus_main=0.0 avg_get_focus_overlay=0.0 fallback_dump_count=0 success_false_top_level_dump_attempt_count=0 success_false_top_level_dump_found_count=0 fallback_dump_rate=0.0 get_focus_strong_skip_count=0 get_focus_strong_skip_rate=0.0 step_dump_used_count=0 save_excel_count=0 realign_attempt_count=0 realign_success_count=0 realign_success_rate=0.0
[18:22:20] [SAVE] writing sheets raw/filtered/summary/result
[18:22:20] [SAVE] filtered rows=2, raw rows=2
[18:22:20] [SAVE] saved excel: output/talkback_compare_20260411_182109.xlsx rows=2 with_images=False
[18:22:20] [MAIN] skip disabled scenario_id='devices_main' tab='(?i).*devices.*'
[18:22:20] [MAIN] skip disabled scenario_id='life_main' tab='(?i).*life.*'
[18:22:20] [MAIN] skip disabled scenario_id='routines_main' tab='(?i).*routines.*'
[18:22:20] [MAIN] skip disabled scenario_id='menu_main' tab='(?i).*(menu|more).*'
[18:22:20] [MAIN] skip disabled scenario_id='settings_entry_example' tab='(?i).*menu.*'
[18:22:20] [RECOVER] start
[18:22:24] [RECOVER] success
[18:22:24] [SCENARIO][stabilization] scenario='life_pet_care_example' screen_context_mode='new_screen' stabilization_mode='anchor_only'
[18:22:24] [CONTEXT] skipped reason='new_screen_mode' phase='tab_select'
[18:22:24] [TAB][select] fallback_to_legacy=True scenario='life_pet_care_example'
[18:22:28] [TRACE][open_scenario] scenario='life_pet_care_example' stabilization_mode='anchor_only' focus_align_attempted=True focus_align_ok=True focus_align_reason='' context_ok=False anchor_matched=False anchor_stable=False
[18:22:28] [SCENARIO][pre_nav] step=1 action=select target='(?i).*pet\s*care.*|.*펫\s*케어.*'
[18:22:29] [SCENARIO][pre_nav] success step=1 reason='ACTION_ACCESSIBILITY_FOCUS success'
[18:22:30] [SCENARIO][pre_nav] success
[18:22:31] [ANCHOR][fallback] explicit anchor not matched, trying top content fallback
[18:22:31] [ANCHOR][fallback] selected candidate label='우리 집 QR code 우리 집 QR code' position='top_left'
[18:22:31] [ANCHOR][plugin_fallback] using_top_start_candidate position='top_left'
[18:22:34] [CONTEXT] skipped reason='anchor_only_mode'
[18:22:34] [CONTEXT] skipped reason='anchor_only_mode'
[18:22:34] [CONTEXT] scenario='life_pet_care_example' type='skipped' expected='' actual='' ok=True
[18:22:34] [CONTEXT] verification passed scenario='life_pet_care_example'
[18:22:34] [ANCHOR][scenario_start] success scenario='life_pet_care_example' selected=True matched=True stable=True context_ok=True reason='selected_and_verified'
[18:22:34] [ANCHOR][plugin_fallback] stabilized_by='selected'
[18:22:34] [TRACE][open_scenario] scenario='life_pet_care_example' stabilization_mode='anchor_only' focus_align_attempted=True focus_align_ok=True focus_align_reason='' context_ok=False anchor_matched=False anchor_stable=True
[18:22:35] [TRACE][post_open_focus] scenario='life_pet_care_example' view_id='com.samsung.android.oneconnect:id/home_button' label='우리 집 QR code' speech='우리 집 QR code' bounds='{'l': 36, 't': 142, 'r': 180, 'b': 286, 'left': 36, 'top': 142, 'right': 180, 'bottom': 286}' source='top_level' top_level=True
[18:22:39] [TRACE][anchor_row] scenario='life_pet_care_example' step=0 view_id='com.samsung.android.oneconnect:id/home_button' visible='우리 집 QR code' speech='우리 집 QR code' normalized_visible='우리 집 qr code' is_global_nav=False
[18:22:40] [ROW] fingerprint='com.samsung.android.oneconnect:id/home_button|우리 집 qr code|우리 집 qr code|108,214' normalized_fingerprint='com samsung android oneconnect id home button|우리 집 qr code|우리 집 qr code' duplicate=false recent_duplicate=false distance=0 recent_semantic_duplicate=false semantic_distance=0 semantic_window_unique=1 noise=false
[18:22:40] [RESULT] skipped anchor rows count=1
[18:22:40] [SAVE] writing sheets raw/filtered/summary/result
[18:22:40] [SAVE] filtered rows=3, raw rows=3
[18:22:40] [SAVE] saved excel: output/talkback_compare_20260411_182109.xlsx rows=3 with_images=False
[18:22:40] [STEP] START tab='(?i).*life.*' step=1
[18:22:46] [ROW] fingerprint='com.samsung.android.oneconnect:id/tab_title|우리 집 change location|battery 84 per cent.|314,213' normalized_fingerprint='com samsung android oneconnect id tab title|우리 집 change location|battery 84 per cent' duplicate=false recent_duplicate=false distance=0 recent_semantic_duplicate=false semantic_distance=0 semantic_window_unique=2 noise=true
[18:22:46] [STEP] END tab='(?i).*life.*' step=1 elapsed=4.96s move_result='{'success': True, 'status': 'moved', 'detail': 'moved', 'raw': {'timestamp': 1775899362194, 'reqId': '1f03abc3', 'success': True, 'status': 'moved', 'detail': 'moved', 'flags': []}}' visible='우리 집, Change location' speech='Battery 84 per cent.' crop='output\talkback_compare_20260411_182109\crops\i_._life._step_1_우리_집__Change_location.png' timing(move=0.890s ann=3.099s get_focus=0.969s get_focus_fallback_dump=0.000s step_dump=0.000s crop=0.907s total=5.865s) focus_reason='' fallback_used=False fallback_found=False step_dump_used=False step_dump_reason='focus_payload_sufficient' req_id='6acc3bf6'
[18:22:46] [STOP][eval] step=1 scenario='life_pet_care_example' terminal=false same_like_count=0 no_progress=false scenario_type='content' is_global_nav=false after_realign=false recent_repeat=false bounded_two_card_loop=false semantic_same_like=false recent_duplicate=false recent_duplicate_distance=0 recent_semantic_duplicate=false recent_semantic_duplicate_distance=0 recent_semantic_unique_count=2 strict_duplicate=false semantic_duplicate=false repeat_class='none' loop_classification='none' hard_no_progress=false soft_no_progress=false no_progress_class='none' overlay_realign_grace_active=false min_step_gate_blocked=false realign_grace_suppressed=false repeat_stop_hit=false decision='continue' reason='none' stop_explain_version='pr7_explain_v1' stop_explain_input='step:1|move:{'success': true, 'status': 'moved', 'detail': 'moved', 'raw': {'timestamp': 1775899362194, 'reqid': '1f03abc3', 'success': true, 'status': 'moved', 'detail': 'moved', 'flags': []}}|smart:moved|same:0|fail:0' stop_explain_repeat='recent:false|class:none|strict:false|semantic:false|loop:none|two_card:false' stop_explain_no_progress='hit:false|class:none|hard:false|soft:false' stop_explain_gate='candidate:false|min_block:false|realign_suppress:false|realign_active:false|decision:continue'
[18:22:46] [OVERLAY] blocked no_overlay_policy scenario='life_pet_care_example' tab='(?i).*life.*' step=1
[18:22:46] [STEP] START tab='(?i).*life.*' step=2
[18:22:51] [ROW] fingerprint='com.samsung.android.oneconnect:id/add_menu_button|add|add|864,214' normalized_fingerprint='com samsung android oneconnect id add menu button|add|add' duplicate=false recent_duplicate=false distance=0 recent_semantic_duplicate=false semantic_distance=0 semantic_window_unique=3 noise=false
[18:22:51] [STEP] END tab='(?i).*life.*' step=2 elapsed=4.38s move_result='{'success': True, 'status': 'moved', 'detail': 'moved', 'raw': {'timestamp': 1775899367588, 'reqId': '050235f8', 'success': True, 'status': 'moved', 'detail': 'moved', 'flags': []}}' visible='Add' speech='Add' crop='output\talkback_compare_20260411_182109\crops\i_._life._step_2_Add.png' timing(move=0.386s ann=3.027s get_focus=0.971s get_focus_fallback_dump=0.000s step_dump=0.000s crop=0.869s total=5.254s) focus_reason='' fallback_used=False fallback_found=False step_dump_used=False step_dump_reason='focus_payload_sufficient' req_id='82ad0d44'
[18:22:51] [STOP][eval] step=2 scenario='life_pet_care_example' terminal=false same_like_count=0 no_progress=false scenario_type='content' is_global_nav=false after_realign=false recent_repeat=false bounded_two_card_loop=false semantic_same_like=false recent_duplicate=false recent_duplicate_distance=0 recent_semantic_duplicate=false recent_semantic_duplicate_distance=0 recent_semantic_unique_count=3 strict_duplicate=false semantic_duplicate=false repeat_class='none' loop_classification='none' hard_no_progress=false soft_no_progress=false no_progress_class='none' overlay_realign_grace_active=false min_step_gate_blocked=false realign_grace_suppressed=false repeat_stop_hit=false decision='continue' reason='none' stop_explain_version='pr7_explain_v1' stop_explain_input='step:2|move:{'success': true, 'status': 'moved', 'detail': 'moved', 'raw': {'timestamp': 1775899367588, 'reqid': '050235f8', 'success': true, 'status': 'moved', 'detail': 'moved', 'flags': []}}|smart:moved|same:0|fail:0' stop_explain_repeat='recent:false|class:none|strict:false|semantic:false|loop:none|two_card:false' stop_explain_no_progress='hit:false|class:none|hard:false|soft:false' stop_explain_gate='candidate:false|min_block:false|realign_suppress:false|realign_active:false|decision:continue'
[18:22:51] [OVERLAY] blocked no_overlay_policy scenario='life_pet_care_example' tab='(?i).*life.*' step=2
[18:22:51] [STEP] START tab='(?i).*life.*' step=3
[18:22:57] [ROW] fingerprint='com.samsung.android.oneconnect:id/more_menu_button|more options|more options|972,214' normalized_fingerprint='com samsung android oneconnect id more menu button|more options|more options' duplicate=false recent_duplicate=false distance=0 recent_semantic_duplicate=false semantic_distance=0 semantic_window_unique=4 noise=false
[18:22:57] [STEP] END tab='(?i).*life.*' step=3 elapsed=4.29s move_result='{'success': True, 'status': 'moved', 'detail': 'moved', 'raw': {'timestamp': 1775899372831, 'reqId': '9eb8b90a', 'success': True, 'status': 'moved', 'detail': 'moved', 'flags': []}}' visible='More options' speech='More options' crop='output\talkback_compare_20260411_182109\crops\i_._life._step_3_More_options.png' timing(move=0.378s ann=2.951s get_focus=0.965s get_focus_fallback_dump=0.000s step_dump=0.000s crop=0.887s total=5.180s) focus_reason='' fallback_used=False fallback_found=False step_dump_used=False step_dump_reason='focus_payload_sufficient' req_id='901ff8f8'
[18:22:57] [STOP][eval] step=3 scenario='life_pet_care_example' terminal=false same_like_count=0 no_progress=false scenario_type='content' is_global_nav=false after_realign=false recent_repeat=false bounded_two_card_loop=false semantic_same_like=false recent_duplicate=false recent_duplicate_distance=0 recent_semantic_duplicate=false recent_semantic_duplicate_distance=0 recent_semantic_unique_count=4 strict_duplicate=false semantic_duplicate=false repeat_class='none' loop_classification='none' hard_no_progress=false soft_no_progress=false no_progress_class='none' overlay_realign_grace_active=false min_step_gate_blocked=false realign_grace_suppressed=false repeat_stop_hit=false decision='continue' reason='none' stop_explain_version='pr7_explain_v1' stop_explain_input='step:3|move:{'success': true, 'status': 'moved', 'detail': 'moved', 'raw': {'timestamp': 1775899372831, 'reqid': '9eb8b90a', 'success': true, 'status': 'moved', 'detail': 'moved', 'flags': []}}|smart:moved|same:0|fail:0' stop_explain_repeat='recent:false|class:none|strict:false|semantic:false|loop:none|two_card:false' stop_explain_no_progress='hit:false|class:none|hard:false|soft:false' stop_explain_gate='candidate:false|min_block:false|realign_suppress:false|realign_active:false|decision:continue'
[18:22:57] [RESULT] skipped anchor rows count=1
[18:22:57] [SAVE] writing sheets raw/filtered/summary/result
[18:22:57] [SAVE] filtered rows=6, raw rows=6
[18:22:57] [SAVE] saved excel: output/talkback_compare_20260411_182109.xlsx rows=6 with_images=False
[18:22:57] [OVERLAY] blocked no_overlay_policy scenario='life_pet_care_example' tab='(?i).*life.*' step=3
[18:22:57] [STEP] START tab='(?i).*life.*' step=4
[18:23:02] [ROW] fingerprint='com.samsung.android.oneconnect:id/tvheadertitle|take care of yourself and handle your day by checking your activity.|take care of yourself and handle your day by checking your activity.|540,545' normalized_fingerprint='com samsung android oneconnect id tvheadertitle|take care of yourself and handle your day by checking your activity|take care of yourself and handle your day by checking your activity' duplicate=false recent_duplicate=false distance=0 recent_semantic_duplicate=false semantic_distance=0 semantic_window_unique=5 noise=false
[18:23:02] [STEP] END tab='(?i).*life.*' step=4 elapsed=4.37s move_result='{'success': True, 'status': 'moved', 'detail': 'moved', 'raw': {'timestamp': 1775899378181, 'reqId': '09c757cf', 'success': True, 'status': 'moved', 'detail': 'moved', 'flags': []}}' visible='Take care of yourself and handle your day by checking your activity.' speech='Take care of yourself and handle your day by checking your activity.' crop='output\talkback_compare_20260411_182109\crops\i_._life._step_4_Take_care_of_yourself_and_handle_your_da.png' timing(move=0.422s ann=3.006s get_focus=0.942s get_focus_fallback_dump=0.000s step_dump=0.000s crop=0.884s total=5.255s) focus_reason='' fallback_used=False fallback_found=False step_dump_used=False step_dump_reason='focus_payload_sufficient' req_id='acbdc138'
[18:23:02] [STOP][eval] step=4 scenario='life_pet_care_example' terminal=false same_like_count=0 no_progress=false scenario_type='content' is_global_nav=false after_realign=false recent_repeat=false bounded_two_card_loop=false semantic_same_like=false recent_duplicate=false recent_duplicate_distance=0 recent_semantic_duplicate=false recent_semantic_duplicate_distance=0 recent_semantic_unique_count=5 strict_duplicate=false semantic_duplicate=false repeat_class='none' loop_classification='none' hard_no_progress=false soft_no_progress=false no_progress_class='none' overlay_realign_grace_active=false min_step_gate_blocked=false realign_grace_suppressed=false repeat_stop_hit=false decision='continue' reason='none' stop_explain_version='pr7_explain_v1' stop_explain_input='step:4|move:{'success': true, 'status': 'moved', 'detail': 'moved', 'raw': {'timestamp': 1775899378181, 'reqid': '09c757cf', 'success': true, 'status': 'moved', 'detail': 'moved', 'flags': []}}|smart:moved|same:0|fail:0' stop_explain_repeat='recent:false|class:none|strict:false|semantic:false|loop:none|two_card:false' stop_explain_no_progress='hit:false|class:none|hard:false|soft:false' stop_explain_gate='candidate:false|min_block:false|realign_suppress:false|realign_active:false|decision:continue'
[18:23:02] [OVERLAY] blocked no_overlay_policy scenario='life_pet_care_example' tab='(?i).*life.*' step=4
[18:23:02] [STEP] START tab='(?i).*life.*' step=5
[18:23:07] [ROW] fingerprint='com.samsung.android.oneconnect:id/include|안 창준 (me) no activity|picture 안 창준 (me) no activity|540,826' normalized_fingerprint='com samsung android oneconnect id include|안 창준 me no activity|picture 안 창준 me no activity' duplicate=false recent_duplicate=false distance=0 recent_semantic_duplicate=false semantic_distance=0 semantic_window_unique=6 noise=false
[18:23:07] [STEP] END tab='(?i).*life.*' step=5 elapsed=4.34s move_result='{'success': True, 'status': 'moved', 'detail': 'moved', 'raw': {'timestamp': 1775899383418, 'reqId': '624212e1', 'success': True, 'status': 'moved', 'detail': 'moved', 'flags': []}}' visible='안 창준 (Me)
No activity' speech='Picture 안 창준 (Me) No activity' crop='output\talkback_compare_20260411_182109\crops\i_._life._step_5_안_창준__Me__No_activity.png' timing(move=0.414s ann=2.998s get_focus=0.929s get_focus_fallback_dump=0.000s step_dump=0.000s crop=0.907s total=5.249s) focus_reason='' fallback_used=False fallback_found=False step_dump_used=False step_dump_reason='focus_payload_sufficient' req_id='cdad4771'
[18:23:07] [STOP][eval] step=5 scenario='life_pet_care_example' terminal=false same_like_count=0 no_progress=false scenario_type='content' is_global_nav=false after_realign=false recent_repeat=false bounded_two_card_loop=false semantic_same_like=false recent_duplicate=false recent_duplicate_distance=0 recent_semantic_duplicate=false recent_semantic_duplicate_distance=0 recent_semantic_unique_count=6 strict_duplicate=false semantic_duplicate=false repeat_class='none' loop_classification='none' hard_no_progress=false soft_no_progress=false no_progress_class='none' overlay_realign_grace_active=false min_step_gate_blocked=false realign_grace_suppressed=false repeat_stop_hit=false decision='continue' reason='none' stop_explain_version='pr7_explain_v1' stop_explain_input='step:5|move:{'success': true, 'status': 'moved', 'detail': 'moved', 'raw': {'timestamp': 1775899383418, 'reqid': '624212e1', 'success': true, 'status': 'moved', 'detail': 'moved', 'flags': []}}|smart:moved|same:0|fail:0' stop_explain_repeat='recent:false|class:none|strict:false|semantic:false|loop:none|two_card:false' stop_explain_no_progress='hit:false|class:none|hard:false|soft:false' stop_explain_gate='candidate:false|min_block:false|realign_suppress:false|realign_active:false|decision:continue'
[18:23:07] [OVERLAY] blocked no_overlay_policy scenario='life_pet_care_example' tab='(?i).*life.*' step=5
[18:23:07] [STEP] START tab='(?i).*life.*' step=6
[18:23:12] [ROW] fingerprint='com.samsung.android.oneconnect:id/imgheadericon1|바코드 스캔|바코드 스캔|948,1279' normalized_fingerprint='com samsung android oneconnect id imgheadericon1|바코드 스캔|바코드 스캔' duplicate=false recent_duplicate=false distance=0 recent_semantic_duplicate=false semantic_distance=0 semantic_window_unique=6 noise=false
[18:23:12] [STEP] END tab='(?i).*life.*' step=6 elapsed=4.30s move_result='{'success': True, 'status': 'moved', 'detail': 'moved', 'raw': {'timestamp': 1775899388625, 'reqId': '4760b0ad', 'success': True, 'status': 'moved', 'detail': 'moved', 'flags': []}}' visible='바코드 스캔' speech='바코드 스캔' crop='output\talkback_compare_20260411_182109\crops\i_._life._step_6_바코드_스캔.png' timing(move=0.359s ann=2.994s get_focus=0.947s get_focus_fallback_dump=0.000s step_dump=0.000s crop=0.888s total=5.188s) focus_reason='' fallback_used=False fallback_found=False step_dump_used=False step_dump_reason='focus_payload_sufficient' req_id='fb2c4736'
[18:23:12] [STOP][eval] step=6 scenario='life_pet_care_example' terminal=false same_like_count=0 no_progress=false scenario_type='content' is_global_nav=false after_realign=false recent_repeat=false bounded_two_card_loop=false semantic_same_like=false recent_duplicate=false recent_duplicate_distance=0 recent_semantic_duplicate=false recent_semantic_duplicate_distance=0 recent_semantic_unique_count=6 strict_duplicate=false semantic_duplicate=false repeat_class='none' loop_classification='none' hard_no_progress=false soft_no_progress=false no_progress_class='none' overlay_realign_grace_active=false min_step_gate_blocked=false realign_grace_suppressed=false repeat_stop_hit=false decision='continue' reason='none' stop_explain_version='pr7_explain_v1' stop_explain_input='step:6|move:{'success': true, 'status': 'moved', 'detail': 'moved', 'raw': {'timestamp': 1775899388625, 'reqid': '4760b0ad', 'success': true, 'status': 'moved', 'detail': 'moved', 'flags': []}}|smart:moved|same:0|fail:0' stop_explain_repeat='recent:false|class:none|strict:false|semantic:false|loop:none|two_card:false' stop_explain_no_progress='hit:false|class:none|hard:false|soft:false' stop_explain_gate='candidate:false|min_block:false|realign_suppress:false|realign_active:false|decision:continue'
[18:23:12] [RESULT] skipped anchor rows count=1
[18:23:12] [SAVE] writing sheets raw/filtered/summary/result
[18:23:12] [SAVE] filtered rows=9, raw rows=9
[18:23:13] [SAVE] saved excel: output/talkback_compare_20260411_182109.xlsx rows=9 with_images=False
[18:23:13] [OVERLAY] blocked no_overlay_policy scenario='life_pet_care_example' tab='(?i).*life.*' step=6
[18:23:13] [STEP] START tab='(?i).*life.*' step=7
[18:23:18] [ROW] fingerprint='com.samsung.android.oneconnect:id/tvheadertitle|upcoming meal 단호박샌드위치 만드는 법|upcoming meal|477,1319' normalized_fingerprint='com samsung android oneconnect id tvheadertitle|upcoming meal 단호박샌드위치 만드는 법|upcoming meal' duplicate=false recent_duplicate=false distance=0 recent_semantic_duplicate=false semantic_distance=0 semantic_window_unique=6 noise=false
[18:23:18] [STEP] END tab='(?i).*life.*' step=7 elapsed=4.40s move_result='{'success': True, 'status': 'moved', 'detail': 'moved', 'raw': {'timestamp': 1775899394005, 'reqId': '1c2a8591', 'success': True, 'status': 'moved', 'detail': 'moved', 'flags': []}}' visible='Upcoming meal
단호박샌드위치 만드는 법' speech='Upcoming meal' crop='output\talkback_compare_20260411_182109\crops\i_._life._step_7_Upcoming_meal_단호박샌드위치_만드는_법.png' timing(move=0.439s ann=2.993s get_focus=0.971s get_focus_fallback_dump=0.000s step_dump=0.000s crop=0.905s total=5.308s) focus_reason='' fallback_used=False fallback_found=False step_dump_used=False step_dump_reason='focus_payload_sufficient' req_id='895e8dca'
[18:23:18] [STOP][eval] step=7 scenario='life_pet_care_example' terminal=false same_like_count=0 no_progress=false scenario_type='content' is_global_nav=false after_realign=false recent_repeat=false bounded_two_card_loop=false semantic_same_like=false recent_duplicate=false recent_duplicate_distance=0 recent_semantic_duplicate=false recent_semantic_duplicate_distance=0 recent_semantic_unique_count=6 strict_duplicate=false semantic_duplicate=false repeat_class='none' loop_classification='none' hard_no_progress=false soft_no_progress=false no_progress_class='none' overlay_realign_grace_active=false min_step_gate_blocked=false realign_grace_suppressed=false repeat_stop_hit=false decision='continue' reason='none' stop_explain_version='pr7_explain_v1' stop_explain_input='step:7|move:{'success': true, 'status': 'moved', 'detail': 'moved', 'raw': {'timestamp': 1775899394005, 'reqid': '1c2a8591', 'success': true, 'status': 'moved', 'detail': 'moved', 'flags': []}}|smart:moved|same:0|fail:0' stop_explain_repeat='recent:false|class:none|strict:false|semantic:false|loop:none|two_card:false' stop_explain_no_progress='hit:false|class:none|hard:false|soft:false' stop_explain_gate='candidate:false|min_block:false|realign_suppress:false|realign_active:false|decision:continue'
[18:23:18] [OVERLAY] blocked no_overlay_policy scenario='life_pet_care_example' tab='(?i).*life.*' step=7
[18:23:18] [STEP] START tab='(?i).*life.*' step=8
[18:23:23] [ROW] fingerprint='com.samsung.android.oneconnect:id/bodyimage|picture|picture|540,1597' normalized_fingerprint='com samsung android oneconnect id bodyimage|picture|picture' duplicate=false recent_duplicate=false distance=0 recent_semantic_duplicate=false semantic_distance=0 semantic_window_unique=6 noise=false
[18:23:23] [STEP] END tab='(?i).*life.*' step=8 elapsed=4.37s move_result='{'success': True, 'status': 'moved', 'detail': 'moved', 'raw': {'timestamp': 1775899399321, 'reqId': '0479d569', 'success': True, 'status': 'moved', 'detail': 'moved', 'flags': []}}' visible='Picture' speech='Picture' crop='output\talkback_compare_20260411_182109\crops\i_._life._step_8_Picture.png' timing(move=0.429s ann=2.998s get_focus=0.944s get_focus_fallback_dump=0.000s step_dump=0.000s crop=0.921s total=5.292s) focus_reason='' fallback_used=False fallback_found=False step_dump_used=False step_dump_reason='focus_payload_sufficient' req_id='7721c953'
[18:23:23] [STOP][eval] step=8 scenario='life_pet_care_example' terminal=false same_like_count=0 no_progress=false scenario_type='content' is_global_nav=false after_realign=false recent_repeat=false bounded_two_card_loop=false semantic_same_like=false recent_duplicate=false recent_duplicate_distance=0 recent_semantic_duplicate=false recent_semantic_duplicate_distance=0 recent_semantic_unique_count=6 strict_duplicate=false semantic_duplicate=false repeat_class='none' loop_classification='none' hard_no_progress=false soft_no_progress=false no_progress_class='none' overlay_realign_grace_active=false min_step_gate_blocked=false realign_grace_suppressed=false repeat_stop_hit=false decision='continue' reason='none' stop_explain_version='pr7_explain_v1' stop_explain_input='step:8|move:{'success': true, 'status': 'moved', 'detail': 'moved', 'raw': {'timestamp': 1775899399321, 'reqid': '0479d569', 'success': true, 'status': 'moved', 'detail': 'moved', 'flags': []}}|smart:moved|same:0|fail:0' stop_explain_repeat='recent:false|class:none|strict:false|semantic:false|loop:none|two_card:false' stop_explain_no_progress='hit:false|class:none|hard:false|soft:false' stop_explain_gate='candidate:false|min_block:false|realign_suppress:false|realign_active:false|decision:continue'
[18:23:23] [OVERLAY] blocked no_overlay_policy scenario='life_pet_care_example' tab='(?i).*life.*' step=8
[18:23:23] [STEP] START tab='(?i).*life.*' step=9
[18:23:29] [ROW] fingerprint='|0|0|498,1790' normalized_fingerprint='|0|0' duplicate=false recent_duplicate=false distance=0 recent_semantic_duplicate=false semantic_distance=0 semantic_window_unique=6 noise=false
[18:23:29] [STEP] END tab='(?i).*life.*' step=9 elapsed=4.46s move_result='{'success': True, 'status': 'moved', 'detail': 'moved', 'raw': {'timestamp': 1775899404592, 'reqId': 'ed740fdc', 'success': True, 'status': 'moved', 'detail': 'moved', 'flags': []}}' visible='0' speech='0' crop='output\talkback_compare_20260411_182109\crops\i_._life._step_9_0.png' timing(move=0.427s ann=3.053s get_focus=0.983s get_focus_fallback_dump=0.000s step_dump=0.000s crop=0.887s total=5.351s) focus_reason='' fallback_used=False fallback_found=False step_dump_used=False step_dump_reason='focus_payload_sufficient' req_id='b536a5a5'
[18:23:29] [STOP][eval] step=9 scenario='life_pet_care_example' terminal=false same_like_count=0 no_progress=false scenario_type='content' is_global_nav=false after_realign=false recent_repeat=false bounded_two_card_loop=false semantic_same_like=false recent_duplicate=false recent_duplicate_distance=0 recent_semantic_duplicate=false recent_semantic_duplicate_distance=0 recent_semantic_unique_count=6 strict_duplicate=false semantic_duplicate=false repeat_class='none' loop_classification='none' hard_no_progress=false soft_no_progress=false no_progress_class='none' overlay_realign_grace_active=false min_step_gate_blocked=false realign_grace_suppressed=false repeat_stop_hit=false decision='continue' reason='none' stop_explain_version='pr7_explain_v1' stop_explain_input='step:9|move:{'success': true, 'status': 'moved', 'detail': 'moved', 'raw': {'timestamp': 1775899404592, 'reqid': 'ed740fdc', 'success': true, 'status': 'moved', 'detail': 'moved', 'flags': []}}|smart:moved|same:0|fail:0' stop_explain_repeat='recent:false|class:none|strict:false|semantic:false|loop:none|two_card:false' stop_explain_no_progress='hit:false|class:none|hard:false|soft:false' stop_explain_gate='candidate:false|min_block:false|realign_suppress:false|realign_active:false|decision:continue'
[18:23:29] [RESULT] skipped anchor rows count=1
[18:23:29] [SAVE] writing sheets raw/filtered/summary/result
[18:23:29] [SAVE] filtered rows=12, raw rows=12
[18:23:29] [SAVE] saved excel: output/talkback_compare_20260411_182109.xlsx rows=12 with_images=False
[18:23:29] [OVERLAY] blocked no_overlay_policy scenario='life_pet_care_example' tab='(?i).*life.*' step=9
[18:23:29] [STEP] START tab='(?i).*life.*' step=10
[18:23:34] [ROW] fingerprint='|1|1|540,1790' normalized_fingerprint='|1|1' duplicate=false recent_duplicate=false distance=0 recent_semantic_duplicate=false semantic_distance=0 semantic_window_unique=6 noise=false
[18:23:34] [STEP] END tab='(?i).*life.*' step=10 elapsed=4.45s move_result='{'success': True, 'status': 'moved', 'detail': 'moved', 'raw': {'timestamp': 1775899410091, 'reqId': '2b04152d', 'success': True, 'status': 'moved', 'detail': 'moved', 'flags': []}}' visible='1' speech='1' crop='output\talkback_compare_20260411_182109\crops\i_._life._step_10_1.png' timing(move=0.455s ann=2.994s get_focus=0.995s get_focus_fallback_dump=0.000s step_dump=0.000s crop=0.893s total=5.338s) focus_reason='' fallback_used=False fallback_found=False step_dump_used=False step_dump_reason='focus_payload_sufficient' req_id='c92b5a84'
[18:23:34] [STOP][eval] step=10 scenario='life_pet_care_example' terminal=false same_like_count=0 no_progress=false scenario_type='content' is_global_nav=false after_realign=false recent_repeat=false bounded_two_card_loop=false semantic_same_like=false recent_duplicate=false recent_duplicate_distance=0 recent_semantic_duplicate=false recent_semantic_duplicate_distance=0 recent_semantic_unique_count=6 strict_duplicate=false semantic_duplicate=false repeat_class='none' loop_classification='none' hard_no_progress=false soft_no_progress=false no_progress_class='none' overlay_realign_grace_active=false min_step_gate_blocked=false realign_grace_suppressed=false repeat_stop_hit=false decision='continue' reason='none' stop_explain_version='pr7_explain_v1' stop_explain_input='step:10|move:{'success': true, 'status': 'moved', 'detail': 'moved', 'raw': {'timestamp': 1775899410091, 'reqid': '2b04152d', 'success': true, 'status': 'moved', 'detail': 'moved', 'flags': []}}|smart:moved|same:0|fail:0' stop_explain_repeat='recent:false|class:none|strict:false|semantic:false|loop:none|two_card:false' stop_explain_no_progress='hit:false|class:none|hard:false|soft:false' stop_explain_gate='candidate:false|min_block:false|realign_suppress:false|realign_active:false|decision:continue'
[18:23:34] [OVERLAY] blocked no_overlay_policy scenario='life_pet_care_example' tab='(?i).*life.*' step=10
[18:23:34] [STOP][summary] scenario='life_pet_care_example' stop_triggered=false stop_step=10 reason='safety_limit'
[18:23:34] [PERF][scenario_summary] scenario=life_pet_care_example tab=(?i).*life.* total_runtime=70.4 total_steps=11 main_step_count=11 overlay_step_count=0 overlay_count=0 avg_get_focus=0.962 avg_move=0.418 avg_crop=0.897 avg_step_total=5.27 step_total_sample_count=11 avg_get_focus_main=0.962 avg_get_focus_overlay=0.0 fallback_dump_count=0 success_false_top_level_dump_attempt_count=0 success_false_top_level_dump_found_count=0 fallback_dump_rate=0.0 get_focus_strong_skip_count=11 get_focus_strong_skip_rate=100.0 step_dump_used_count=0 save_excel_count=4 realign_attempt_count=0 realign_success_count=0 realign_success_rate=0.0
[18:23:34] [RESULT] skipped anchor rows count=1
[18:23:34] [SAVE] writing sheets raw/filtered/summary/result
[18:23:34] [SAVE] filtered rows=13, raw rows=13
[18:23:34] [SAVE] saved excel: output/talkback_compare_20260411_182109.xlsx rows=13 with_images=True
[18:23:34] [MAIN] final save complete
[18:23:34] [PERF][run_summary] total_runtime=144.0 total_scenarios=3 total_steps=13 total_overlay_count=0 avg_get_focus=0.814 avg_move=0.354 fallback_dump_count=0 success_false_top_level_dump_attempt_count=0 success_false_top_level_dump_found_count=0 fallback_dump_rate=0.0 get_focus_strong_skip_rate=84.6 realign_success_rate=0.0 save_excel_count=7
