[20:37:55] [SAVE][temp] override tmp='D:\Python test\talkback-a11y-helper\output\.tmp' temp='D:\Python test\talkback-a11y-helper\output\.tmp' applied=true
[20:37:55] [MAIN] script start (version=1.7.81, log_level=NORMAL)
[20:37:57] [PREFLIGHT] talkback status='enabled'
[20:37:57] [MAIN] output file: output/talkback_compare_20260412_203755.xlsx
[20:37:57] [MAIN] image dir base: output\talkback_compare_20260412_203755
[20:37:57] [CONFIG] runtime config loaded path='config\runtime_config.json'
[20:37:57] [GLOBAL_NAV][guard] forcing stabilization_mode='tab_context' scenario='global_nav_main' requested='anchor_then_context'
[20:37:57] [CONFIG] scenario resolved scenario='global_nav_main' group='main_tabs' max_steps=10 enabled=False
[20:37:57] [CONFIG] applied shared_navigation='default_global_nav'
[20:37:57] [CONFIG] scenario enabled scenario='global_nav_main' source='runtime' enabled=False base_enabled=False
[20:37:57] [CONFIG] scenario resolved scenario='home_main' group='main_tabs' max_steps=5 enabled=False
[20:37:57] [CONFIG] applied shared_navigation='bottom_tab_global_nav'
[20:37:57] [CONFIG] scenario enabled scenario='home_main' source='runtime' enabled=False base_enabled=False
[20:37:57] [CONFIG] scenario resolved scenario='life_food_plugin' group='plugin_screen' max_steps=5 enabled=False
[20:37:57] [CONFIG] applied pre_navigation_ref='enter_food_plugin'
[20:37:57] [CONFIG] scenario enabled scenario='life_food_plugin' source='runtime' enabled=False base_enabled=False
[20:37:57] [CONFIG] scenario resolved scenario='life_air_care_plugin' group='-' max_steps=5 enabled=True
[20:37:57] [CONFIG] scenario enabled scenario='life_air_care_plugin' source='runtime' enabled=True base_enabled=False
[20:37:57] [CONFIG] scenario resolved scenario='life_home_care_plugin' group='-' max_steps=5 enabled=False
[20:37:57] [CONFIG] scenario enabled scenario='life_home_care_plugin' source='runtime' enabled=False base_enabled=False
[20:37:57] [CONFIG] scenario resolved scenario='life_energy_plugin' group='-' max_steps=5 enabled=False
[20:37:57] [CONFIG] scenario enabled scenario='life_energy_plugin' source='runtime' enabled=False base_enabled=False
[20:37:57] [CONFIG] scenario resolved scenario='devices_main' group='main_tabs' max_steps=10 enabled=False
[20:37:57] [CONFIG] applied shared_navigation='bottom_tab_global_nav'
[20:37:57] [CONFIG] applied anchor_ref='home_tab_anchor'
[20:37:57] [CONFIG] scenario enabled scenario='devices_main' source='runtime' enabled=False base_enabled=False
[20:37:57] [CONFIG] scenario resolved scenario='life_main' group='main_tabs' max_steps=30 enabled=False
[20:37:57] [CONFIG] applied shared_navigation='bottom_tab_global_nav'
[20:37:57] [CONFIG] scenario enabled scenario='life_main' source='runtime' enabled=False base_enabled=False
[20:37:57] [CONFIG] scenario resolved scenario='routines_main' group='main_tabs' max_steps=30 enabled=False
[20:37:57] [CONFIG] applied shared_navigation='bottom_tab_global_nav'
[20:37:57] [CONFIG] scenario enabled scenario='routines_main' source='runtime' enabled=False base_enabled=False
[20:37:57] [CONFIG] scenario resolved scenario='menu_main' group='main_tabs' max_steps=30 enabled=False
[20:37:57] [CONFIG] applied shared_navigation='bottom_tab_global_nav'
[20:37:57] [CONFIG] scenario enabled scenario='menu_main' source='runtime' enabled=False base_enabled=False
[20:37:57] [CONFIG] scenario resolved scenario='settings_entry_example' group='plugin_screen' max_steps=40 enabled=False
[20:37:57] [CONFIG] applied anchor_ref='settings_button_anchor'
[20:37:57] [CONFIG] applied pre_navigation_ref='enter_settings'
[20:37:57] [CONFIG] scenario enabled scenario='settings_entry_example' source='runtime' enabled=False base_enabled=False
[20:37:57] [CONFIG] scenario resolved scenario='life_pet_care_plugin' group='-' max_steps=5 enabled=False
[20:37:57] [CONFIG] scenario enabled scenario='life_pet_care_plugin' source='runtime' enabled=False base_enabled=False
[20:37:57] [MAIN] skip disabled scenario_id='global_nav_main' tab='(?i).*(home|devices|life|routines|menu).*'
[20:37:57] [MAIN] skip disabled scenario_id='home_main' tab='(?i).*home.*'
[20:37:57] [MAIN] skip disabled scenario_id='life_food_plugin' tab='(?i).*life.*'
[20:37:57] [SCENARIO][stabilization] scenario='life_air_care_plugin' screen_context_mode='new_screen' stabilization_mode='anchor_only'
[20:37:57] [CONTEXT] skipped reason='new_screen_mode' phase='tab_select'
[20:37:57] [TAB][select] fallback_to_legacy=True scenario='life_air_care_plugin'
[20:38:04] [TRACE][open_scenario] scenario='life_air_care_plugin' stabilization_mode='anchor_only' focus_align_attempted=True focus_align_ok=True focus_align_reason='' context_ok=False anchor_matched=False anchor_stable=False
[20:38:05] [SCENARIO][pre_nav][stabilization] phase='before_pre_navigation' attempt=1/2 life_selected=false app_bar_hits=4 visible_card_hits=0 life_root_signature_present=true navigate_up_hits=0 family_care_signature_seen=false final_score=3 ok=true pass_reason='life_root_signature_and_structure_confirmed' fail_reason=''
[20:38:05] [SCENARIO][pre_nav] step=1 action=scrolltouch target='(?i)(^smart\s*air\s*care$|^air\s*care$|air\s*care\.|\baircare\b|에어\s*케어)'
[20:38:06] [SCENARIO][pre_nav] before scrolltouch, scroll_to_top invoked cumulative_mode=true
[20:38:15] [SCENARIO][pre_nav] scroll_to_top result={'ok': True, 'reached_top': True, 'attempts': 3, 'reason': 'scroll_failed'}
[20:38:16] [SCENARIO][pre_nav] top_state_verify ok=true reason='dump_signature_changed_after_scroll_to_top' scenario='life_air_care_plugin'
[20:38:19] [SCENARIO][pre_nav][scrolltouch][debug] scroll_step=1/5 visible_candidate_count=0 partial_match_count=0 exact_match_count=0 xml_fallback_attempted=true xml_fallback_reason='ok' rejections='filtered_before_candidate:21' visible_top='-' partial_top='-' pre_candidate_top='-' local_search_nodes=21 selected=false selected_reason='no_visible_candidate'
[20:38:19] [SCENARIO][pre_nav][scrolltouch][inspect] scroll_step=1/5 samples='label='우리 집 QR code 우리 집 QR code' rid='com.samsung.android.oneconnect:id/home_button' cls='android.widget.ImageButton' visible=true clickable=true focusable=true effectiveClickable=true matched_text_node='com.samsung.android.oneconnect:id/home_button' promoted_container=false promotion_reason='none' promoted_from='' promoted_to='' stage='label_filter' reason='filtered_before_candidate' | label='우리 집, Change location 우리 집, Change location' rid='com.samsung.android.oneconnect:id/tab_title' cls='android.widget.LinearLayout' visible=true clickable=true focusable=true effectiveClickable=true matched_text_node='com.samsung.android.oneconnect:id/tab_title' promoted_container=false promotion_reason='none' promoted_from='' promoted_to='' stage='label_filter' reason='filtered_before_candidate' | label='Add Add' rid='com.samsung.android.oneconnect:id/add_menu_butto' cls='android.widget.ImageButton' visible=true clickable=true focusable=true effectiveClickable=true matched_text_node='com.samsung.android.oneconnect:id/add_menu_button' promoted_container=false promotion_reason='none' promoted_from='' promoted_to='' stage='label_filter' reason='filtered_before_candidate' | label='More options Mor'
[20:38:21] [CAPTURE][scrolltouch_step] saved path='output\capture_bundles\life_air_care_plugin\20260412_113805\step_01' step=1 visible_candidate_count=0 partial_match_count=0
[20:38:23] [SCENARIO][pre_nav][scrolltouch] visible_candidate_count=0 partial_match_count=0 scroll_step=1/5 action='scroll_forward_and_retry_local_search' scroll_performed=true settle_wait_ms=250 cumulative_mode=true
[20:38:24] [SCENARIO][pre_nav][scrolltouch][debug] scroll_step=2/5 visible_candidate_count=0 partial_match_count=0 exact_match_count=0 xml_fallback_attempted=true xml_fallback_reason='ok' rejections='filtered_before_candidate:13' visible_top='-' partial_top='-' pre_candidate_top='-' local_search_nodes=13 selected=false selected_reason='no_visible_candidate'
[20:38:24] [SCENARIO][pre_nav][scrolltouch][inspect] scroll_step=2/5 samples='label='우리 집 QR code 우리 집 QR code' rid='com.samsung.android.oneconnect:id/home_button' cls='android.widget.ImageButton' visible=true clickable=true focusable=true effectiveClickable=true matched_text_node='com.samsung.android.oneconnect:id/home_button' promoted_container=false promotion_reason='none' promoted_from='' promoted_to='' stage='label_filter' reason='filtered_before_candidate' | label='우리 집, Change location 우리 집, Change location' rid='com.samsung.android.oneconnect:id/tab_title' cls='android.widget.LinearLayout' visible=true clickable=true focusable=true effectiveClickable=true matched_text_node='com.samsung.android.oneconnect:id/tab_title' promoted_container=false promotion_reason='none' promoted_from='' promoted_to='' stage='label_filter' reason='filtered_before_candidate' | label='Add Add' rid='com.samsung.android.oneconnect:id/add_menu_butto' cls='android.widget.ImageButton' visible=true clickable=true focusable=true effectiveClickable=true matched_text_node='com.samsung.android.oneconnect:id/add_menu_button' promoted_container=false promotion_reason='none' promoted_from='' promoted_to='' stage='label_filter' reason='filtered_before_candidate' | label='More options Mor'
[20:38:26] [CAPTURE][scrolltouch_step] saved path='output\capture_bundles\life_air_care_plugin\20260412_113805\step_02' step=2 visible_candidate_count=0 partial_match_count=0
[20:38:28] [SCENARIO][pre_nav][scrolltouch] visible_candidate_count=0 partial_match_count=0 scroll_step=2/5 action='scroll_forward_and_retry_local_search' scroll_performed=true settle_wait_ms=250 cumulative_mode=true
[20:38:29] [SCROLLTOUCH][promotion][enter] source_snapshot='helper' matched_text_node='com.samsung.android.oneconnect:id/tvHeaderTitle' matched_text_view_id='com.samsung.android.oneconnect:id/tvHeaderTitle' matched_text_label='Monitor air quality and air comfort in each room of your home. Monitor air quality and air comfort in each room of your ' matched_text_bounds='84,1899,996,2076' node_clickable=false node_focusable=false node_effective_clickable=false promotion_attempted=true
[20:38:29] [SCROLLTOUCH][promotion][exit] source_snapshot='helper' matched_text_view_id='com.samsung.android.oneconnect:id/tvHeaderTitle' matched_text_label='Monitor air quality and air comfort in each room of your home. Monitor air quality and air comfort in each room of your ' matched_text_bounds='84,1899,996,2076' promotion_attempted=true result='none' result_reason='none' selected_container_class='' selected_container_view_id='' selected_container_bounds=''
[20:38:29] [SCROLLTOUCH][promotion][fallback_decision] matched_text_found=true partial_match_count=1 helper_result='none' commit_to_candidate=false actionable_before_fallback=false will_try_xml_live_fallback=true
[20:38:29] [SCROLLTOUCH][promotion][salvage] source='none' reason='none' selected_ancestor_distance=-1 selected_container_class='android.widget.TextView' selected_container_view_id='com.samsung.android.oneconnect:id/tvHeaderTitle' rejected_large_container_count=0 rejected_list_like_container_count=0
[20:38:29] [SCROLLTOUCH][promotion][commit] selected_container_class='android.widget.TextView' selected_container_view_id='com.samsung.android.oneconnect:id/tvHeaderTitle' selected_container_bounds='{'l': 84, 't': 1899, 'r': 996, 'b': 2076}' commit_to_candidate=false commit_stage='promotion_select' commit_failure_reason='not_committed'
[20:38:29] [SCROLLTOUCH][promotion][commit] selected_container_class='android.widget.TextView' selected_container_view_id='com.samsung.android.oneconnect:id/tvHeaderTitle' selected_container_bounds='{'l': 84, 't': 1899, 'r': 996, 'b': 2076}' commit_to_candidate=false commit_stage='actionability_gate' commit_failure_reason='not_committed'
[20:38:31] [SCROLLTOUCH][promotion][enter] source_snapshot='helper' matched_text_node='com.samsung.android.oneconnect:id/tvHeaderTitle' matched_text_view_id='com.samsung.android.oneconnect:id/tvHeaderTitle' matched_text_label='Monitor air quality and air comfort in each room of your home. Monitor air quality and air comfort in each room of your ' matched_text_bounds='84,1899,996,2076' node_clickable=false node_focusable=false node_effective_clickable=false promotion_attempted=true
[20:38:31] [SCROLLTOUCH][promotion][exit] source_snapshot='helper' matched_text_view_id='com.samsung.android.oneconnect:id/tvHeaderTitle' matched_text_label='Monitor air quality and air comfort in each room of your home. Monitor air quality and air comfort in each room of your ' matched_text_bounds='84,1899,996,2076' promotion_attempted=true result='none' result_reason='none' selected_container_class='' selected_container_view_id='' selected_container_bounds=''
[20:38:31] [SCROLLTOUCH][promotion][fallback_decision] matched_text_found=true partial_match_count=1 helper_result='none' commit_to_candidate=false actionable_before_fallback=false will_try_xml_live_fallback=true
[20:38:31] [SCROLLTOUCH][promotion][enter] source_snapshot='xml_live' matched_text_node='com.samsung.android.oneconnect:id/tvHeaderTitle' matched_text_view_id='com.samsung.android.oneconnect:id/tvHeaderTitle' matched_text_label='Monitor air quality and air comfort in each room of your home. Monitor air quality and air comfort in each room of your ' matched_text_bounds='84,1899,996,2076' node_clickable=false node_focusable=false node_effective_clickable=false promotion_attempted=true
[20:38:31] [SCROLLTOUCH][promotion][xml_resolve] matched_text_view_id='com.samsung.android.oneconnect:id/tvHeaderTitle' matched_text_label='Monitor air quality and air comfort in each room of your home. Monitor air quality and air comfort in each room of your ' matched_text_bounds='84,1899,996,2076' xml_node_found=true xml_match_strategy='mixed' xml_node_class='android.widget.TextView' xml_node_view_id='com.samsung.android.oneconnect:id/tvHeaderTitle' xml_node_bounds='84,1899,996,2076'
[20:38:31] [SCROLLTOUCH][promotion][ancestor_trace] matched_text_view_id='com.samsung.android.oneconnect:id/tvHeaderTitle' matched_text_bounds='84,1899,996,2076' depth=1 class='' view_id='' bounds='0,0,1,1' clickable=false focusable=false effective_clickable=false excluded=false exclude_reason='none'
[20:38:31] [SCROLLTOUCH][promotion][ancestor_candidate] depth=-1 class='android.widget.FrameLayout' view_id='' actionable=false accepted=false accepted_reason='none' rejected_reason='oversized_root'
[20:38:31] [SCROLLTOUCH][promotion][ancestor_candidate] depth=-1 class='android.widget.LinearLayout' view_id='' actionable=false accepted=false accepted_reason='none' rejected_reason='oversized_root'
[20:38:31] [SCROLLTOUCH][promotion][ancestor_candidate] depth=-1 class='android.widget.FrameLayout' view_id='' actionable=false accepted=false accepted_reason='none' rejected_reason='oversized_root'
[20:38:31] [SCROLLTOUCH][promotion][ancestor_candidate] depth=-1 class='android.widget.LinearLayout' view_id='com.samsung.android.oneconnect:id/action_bar_root' actionable=false accepted=false accepted_reason='none' rejected_reason='oversized_root'
[20:38:31] [SCROLLTOUCH][promotion][ancestor_candidate] depth=-1 class='android.widget.FrameLayout' view_id='android:id/content' actionable=false accepted=false accepted_reason='none' rejected_reason='oversized_root'
[20:38:31] [SCROLLTOUCH][promotion][ancestor_candidate] depth=-1 class='android.widget.FrameLayout' view_id='com.samsung.android.oneconnect:id/background' actionable=false accepted=false accepted_reason='none' rejected_reason='oversized_root'
[20:38:31] [SCROLLTOUCH][promotion][ancestor_candidate] depth=-1 class='android.widget.FrameLayout' view_id='com.samsung.android.oneconnect:id/pager' actionable=false accepted=false accepted_reason='none' rejected_reason='oversized_root'
[20:38:31] [SCROLLTOUCH][promotion][ancestor_candidate] depth=-1 class='android.widget.RelativeLayout' view_id='' actionable=false accepted=false accepted_reason='none' rejected_reason='oversized_root'
[20:38:31] [SCROLLTOUCH][promotion][ancestor_candidate] depth=-1 class='android.widget.ScrollView' view_id='com.samsung.android.oneconnect:id/coordinator_layout' actionable=false accepted=false accepted_reason='none' rejected_reason='oversized_root'
[20:38:31] [SCROLLTOUCH][promotion][ancestor_candidate] depth=-1 class='android.widget.GridView' view_id='com.samsung.android.oneconnect:id/recycler_view' actionable=true accepted=false accepted_reason='none' rejected_reason='recycler_excluded'
[20:38:31] [SCROLLTOUCH][promotion][ancestor_candidate] depth=-1 class='android.widget.RelativeLayout' view_id='' actionable=true accepted=true accepted_reason='xml_live_containment_container' rejected_reason='none'
[20:38:31] [SCROLLTOUCH][promotion][ancestor_candidate] depth=-1 class='androidx.viewpager.widget.ViewPager' view_id='com.samsung.android.oneconnect:id/generic_view_pager' actionable=true accepted=false accepted_reason='none' rejected_reason='recycler_excluded'
[20:38:31] [SCROLLTOUCH][promotion][ancestor_candidate] depth=-1 class='androidx.recyclerview.widget.RecyclerView' view_id='' actionable=true accepted=false accepted_reason='none' rejected_reason='recycler_excluded'
[20:38:31] [SCROLLTOUCH][promotion][ancestor_candidate] depth=-1 class='android.widget.FrameLayout' view_id='com.samsung.android.oneconnect:id/frameLayout' actionable=true accepted=true accepted_reason='xml_live_containment_container' rejected_reason='none'
[20:38:31] [SCROLLTOUCH][promotion][ancestor_candidate] depth=-1 class='android.widget.LinearLayout' view_id='com.samsung.android.oneconnect:id/llCard' actionable=false accepted=false accepted_reason='none' rejected_reason='not_actionable'
[20:38:31] [SCROLLTOUCH][promotion][ancestor_candidate] depth=-1 class='android.widget.RelativeLayout' view_id='com.samsung.android.oneconnect:id/containerHeaderLayout' actionable=false accepted=false accepted_reason='none' rejected_reason='not_actionable'
[20:38:31] [SCROLLTOUCH][promotion][ancestor_candidate] depth=-1 class='android.widget.RelativeLayout' view_id='' actionable=false accepted=false accepted_reason='none' rejected_reason='not_actionable'
[20:38:31] [SCROLLTOUCH][promotion][exit] source_snapshot='xml_live' matched_text_view_id='com.samsung.android.oneconnect:id/tvHeaderTitle' matched_text_label='Monitor air quality and air comfort in each room of your home. Monitor air quality and air comfort in each room of your ' matched_text_bounds='84,1899,996,2076' promotion_attempted=true result='selected' result_reason='xml_live_containment_container' selected_container_class='android.widget.FrameLayout' selected_container_view_id='com.samsung.android.oneconnect:id/frameLayout' selected_container_bounds='42,1752,1038,2316'
[20:38:31] [SCROLLTOUCH][promotion][salvage] source='xml_live' reason='xml_live_containment_container' selected_ancestor_distance=999 selected_container_class='android.widget.FrameLayout' selected_container_view_id='com.samsung.android.oneconnect:id/frameLayout' rejected_large_container_count=0 rejected_list_like_container_count=3
[20:38:31] [SCROLLTOUCH][promotion][commit] selected_container_class='android.widget.FrameLayout' selected_container_view_id='com.samsung.android.oneconnect:id/frameLayout' selected_container_bounds='42,1752,1038,2316' commit_to_candidate=true commit_stage='promotion_select' commit_failure_reason='none'
[20:38:31] [SCROLLTOUCH][promotion][commit] selected_container_class='android.widget.FrameLayout' selected_container_view_id='com.samsung.android.oneconnect:id/frameLayout' selected_container_bounds='42,1752,1038,2316' commit_to_candidate=true commit_stage='candidate_append' commit_failure_reason='none'
[20:38:31] [SCENARIO][pre_nav][scrolltouch][debug] scroll_step=3/5 visible_candidate_count=1 partial_match_count=1 exact_match_count=0 xml_fallback_attempted=true xml_fallback_reason='ok' rejections='filtered_before_candidate:11' visible_top='label='Monitor air quality and air comfort in each room of your hom' rid='com.samsung.android.oneconnect:id/frameL' cls='android.widget.FrameLayout' bounds='42,1752,1038,2316'' partial_top='label='Monitor air quality and air comfort in each room of your hom' rid='com.samsung.android.oneconnect:id/frameL' cls='android.widget.FrameLayout' bounds='42,1752,1038,2316'' pre_candidate_top='-' local_search_nodes=12 selected=true selected_reason='candidate_count=1'
[20:38:31] [SCENARIO][pre_nav][scrolltouch][inspect] scroll_step=3/5 samples='label='우리 집 QR code 우리 집 QR code' rid='com.samsung.android.oneconnect:id/home_button' cls='android.widget.ImageButton' visible=true clickable=true focusable=true effectiveClickable=true matched_text_node='com.samsung.android.oneconnect:id/home_button' promoted_container=false promotion_reason='none' promoted_from='' promoted_to='' stage='label_filter' reason='filtered_before_candidate' | label='우리 집, Change location 우리 집, Change location' rid='com.samsung.android.oneconnect:id/tab_title' cls='android.widget.LinearLayout' visible=true clickable=true focusable=true effectiveClickable=true matched_text_node='com.samsung.android.oneconnect:id/tab_title' promoted_container=false promotion_reason='none' promoted_from='' promoted_to='' stage='label_filter' reason='filtered_before_candidate' | label='Add Add' rid='com.samsung.android.oneconnect:id/add_menu_butto' cls='android.widget.ImageButton' visible=true clickable=true focusable=true effectiveClickable=true matched_text_node='com.samsung.android.oneconnect:id/add_menu_button' promoted_container=false promotion_reason='none' promoted_from='' promoted_to='' stage='label_filter' reason='filtered_before_candidate' | label='More options Mor'
[20:38:36] [CAPTURE][scrolltouch_step] saved path='output\capture_bundles\life_air_care_plugin\20260412_113805\step_03' step=3 visible_candidate_count=1 partial_match_count=1
[20:38:36] [SCENARIO][pre_nav][scrolltouch] candidate_select reason='candidate_count=1' class='android.widget.FrameLayout' resource='com.samsung.android.oneconnect:id/frameLayout' bounds='42,1752,1038,2316' visible=true label='' promoted_container=true promotion_attempted=true promotion_source='xml_live' matched_text_node='com.samsung.android.oneconnect:id/tvHeaderTitle' promotion_reason='xml_live_containment_container' promotion_candidate_count=2 promotion_debug_summary='helper:no_candidate:rejected_large=0:rejected_list_like=0;xml_live:containment_candidate_count=2:rejected_large=0:reject' promoted_from='com.samsung.android.oneconnect:id/tvHeaderTitle' promoted_to='com.samsung.android.oneconnect:id/frameLayout' selected_area=561744 text_area=161424 area_ratio=3.480 ancestor_distance=999 tap_point='540,2034' tap_strategy='center' rank_summary_top3='com.samsung.android.oneconnect:id/frameLayout:xml_live_containment_container:ov=1000:ar=3.48:sp=5:ad=999 | android.widget.RelativeLayout:xml_live_containment_container:ov=1000:ar=3.48:sp=1:ad=999' scroll_step=3/5 cumulative_mode=true
[20:38:36] [DEBUG] candidate_click_dispatch_result success=false
[20:38:38] [VERIFY][air][reject_basis] reason='list_screen_evidence' has_home_button=true has_change_location=true has_add_button=true has_more_options=true has_other_plugin_cards=true other_plugin_labels_summary='Caring for your plants is now easier and more enjoyable Caring for your plants is now easier and more enjoyable'
[20:38:39] [VERIFY][air][probe] probe_index=1/2 same_screen=true signal='air_care_verify' has_home_button=true has_change_location=true has_add_button=true has_more_options=true has_other_plugin_cards=true has_air_text=true has_air_content_signal=true has_plugin_body_focus=false decision='reject_list_screen'
[20:38:40] [VERIFY][air][reject_basis] reason='list_screen_evidence' has_home_button=true has_change_location=true has_add_button=true has_more_options=true has_other_plugin_cards=true other_plugin_labels_summary='Caring for your plants is now easier and more enjoyable Caring for your plants is now easier and more enjoyable'
[20:38:40] [VERIFY][air][probe] probe_index=2/2 same_screen=true signal='air_care_verify' has_home_button=true has_change_location=true has_add_button=true has_more_options=true has_other_plugin_cards=true has_air_text=true has_air_content_signal=true has_plugin_body_focus=false decision='reject_list_screen'
[20:38:40] [SCENARIO][pre_nav][scrolltouch] post_click_transition same_screen=true signal='air_care_list_screen_evidence'
[20:38:40] [WARN] candidate_click_failed:dispatch_failed
[20:38:40] [SCROLLTOUCH][promotion][final_state] visible_candidate_count=1 partial_match_count=1 matched_text_found=true promotion_attempted=true xml_node_found=true xml_match_strategy='mixed' ancestor_chain_depth=1 actionable_ancestor_found=false candidate_committed=true final_reason='candidate_click_failed:dispatch_failed'
[20:38:40] [SCENARIO][pre_nav][scrolltouch] candidate_select reason='candidate_click_failed' fallback='helper_scrollTouch' reason_detail='dispatch_failed' cumulative_mode=true
[20:38:53] [VERIFY][air][probe] probe_index=1/2 same_screen=false signal='air_care_verify' has_home_button=false has_change_location=false has_add_button=false has_more_options=false has_other_plugin_cards=false has_air_text=true has_air_content_signal=true has_plugin_body_focus=false decision='candidate_air_success'
[20:38:53] [SCENARIO][pre_nav][scrolltouch] post_click_transition same_screen=false signal='air_care_verify'
[20:38:53] [SCENARIO][pre_nav] success step=1 reason='ACTION_CLICK success'
[20:38:54] [SCENARIO][pre_nav] success
[20:38:58] [CONTEXT] skipped reason='anchor_only_mode'
[20:38:58] [CONTEXT] skipped reason='anchor_only_mode'
[20:38:58] [CONTEXT] scenario='life_air_care_plugin' type='skipped' expected='' actual='' ok=True
[20:38:58] [CONTEXT] verification passed scenario='life_air_care_plugin'
[20:38:58] [ANCHOR][scenario_start] success scenario='life_air_care_plugin' selected=True matched=True stable=True context_ok=True reason='selected_and_verified'
[20:38:58] [ENTRY][air][fallback_acceptance] fallback_source='none' fallback_candidate_view_id='none' fallback_candidate_label='none' fallback_candidate_bounds='none' accepted=false accepted_reason='none' rejected_reason='fallback_source_not_allowed'
[20:38:58] [TRACE][open_scenario] scenario='life_air_care_plugin' stabilization_mode='anchor_only' focus_align_attempted=True focus_align_ok=True focus_align_reason='' context_ok=False anchor_matched=False anchor_stable=True
[20:39:00] [ENTRY][air][verdict_inputs] scenario_id='life_air_care_plugin' post_click_success_seen=true air_verify_success_seen=false air_verify_reject_seen=true anchor_fallback_accepted=false anchor_fallback_source='none' post_open_focus_view_id='back' post_open_focus_label='Navigate up  Navigate up' is_top_chrome_focus=false is_list_screen_focus=false final_allow_success=true final_fail_reason='none'
[20:39:00] [ENTRY][air][verdict_priority] applied_rule='reject_fallback_not_accepted' previous_state='candidate_success' new_state='verify_failed'
[20:39:00] [ENTRY][air][verdict_inputs] scenario_id='life_air_care_plugin' post_click_success_seen=true air_verify_success_seen=false air_verify_reject_seen=true anchor_fallback_accepted=false anchor_fallback_source='none' post_open_focus_view_id='back' post_open_focus_label='Navigate up  Navigate up' is_top_chrome_focus=false is_list_screen_focus=false final_allow_success=false final_fail_reason='verify_failed:fallback_not_accepted'
[20:39:00] [SCENARIO][entry_contract] failed scenario='life_air_care_plugin' entry_type='card' reason='verify_failed' detail='fallback_not_accepted'
[20:39:00] [PERF][scenario_summary] scenario=life_air_care_plugin tab=(?i).*life.* total_runtime=63.3 total_steps=1 main_step_count=1 overlay_step_count=0 overlay_count=0 avg_get_focus=0.0 avg_move=0.0 avg_crop=0.0 avg_step_total=0.0 step_total_sample_count=0 avg_get_focus_main=0.0 avg_get_focus_overlay=0.0 fallback_dump_count=0 success_false_top_level_dump_attempt_count=0 success_false_top_level_dump_found_count=0 fallback_dump_rate=0.0 get_focus_strong_skip_count=0 get_focus_strong_skip_rate=0.0 step_dump_used_count=0 save_excel_count=0 realign_attempt_count=0 realign_success_count=0 realign_success_rate=0.0
[20:39:00] [SAVE] writing sheets raw/filtered/summary/result
[20:39:00] [SAVE] filtered rows=1, raw rows=1
[20:39:00] [SAVE] saved excel: output/talkback_compare_20260412_203755.xlsx rows=1 with_images=False
[20:39:00] [MAIN] skip disabled scenario_id='life_home_care_plugin' tab='(?i).*life.*'
[20:39:00] [MAIN] skip disabled scenario_id='life_energy_plugin' tab='(?i).*life.*'
[20:39:00] [MAIN] skip disabled scenario_id='devices_main' tab='(?i).*devices.*'
[20:39:00] [MAIN] skip disabled scenario_id='life_main' tab='(?i).*life.*'
[20:39:00] [MAIN] skip disabled scenario_id='routines_main' tab='(?i).*routines.*'
[20:39:00] [MAIN] skip disabled scenario_id='menu_main' tab='(?i).*(menu|more).*'
[20:39:00] [MAIN] skip disabled scenario_id='settings_entry_example' tab='(?i).*menu.*'
[20:39:00] [MAIN] skip disabled scenario_id='life_pet_care_plugin' tab='(?i).*life.*'
[20:39:00] [SAVE] writing sheets raw/filtered/summary/result
[20:39:00] [SAVE] filtered rows=1, raw rows=1
[20:39:00] [SAVE] saved excel: output/talkback_compare_20260412_203755.xlsx rows=1 with_images=True
[20:39:00] [MAIN] final save complete
[20:39:00] [PERF][run_summary] total_runtime=63.4 total_scenarios=1 total_steps=1 total_overlay_count=0 avg_get_focus=0.0 avg_move=0.0 fallback_dump_count=0 success_false_top_level_dump_attempt_count=0 success_false_top_level_dump_found_count=0 fallback_dump_rate=0.0 get_focus_strong_skip_rate=0.0 realign_success_rate=0.0 save_excel_count=2
