[22:10:04] [SAVE][temp] override tmp='D:\Python test\talkback-a11y-helper\output\.tmp' temp='D:\Python test\talkback-a11y-helper\output\.tmp' applied=true
[22:10:04] [MAIN] script start (version=1.7.81, log_level=NORMAL)
[22:10:05] [PREFLIGHT] talkback status='enabled'
[22:10:05] [MAIN] output file: output/talkback_compare_20260414_221004.xlsx
[22:10:05] [MAIN] image dir base: output\talkback_compare_20260414_221004
[22:10:05] [CONFIG] runtime config loaded path='config\runtime_config.json'
[22:10:05] [GLOBAL_NAV][guard] forcing stabilization_mode='tab_context' scenario='global_nav_main' requested='anchor_then_context'
[22:10:05] [CONFIG] scenario resolved scenario='global_nav_main' group='main_tabs' max_steps=10 enabled=False
[22:10:05] [CONFIG] applied shared_navigation='default_global_nav'
[22:10:05] [CONFIG] scenario enabled scenario='global_nav_main' source='runtime' enabled=False base_enabled=False
[22:10:05] [CONFIG] scenario resolved scenario='home_main' group='main_tabs' max_steps=5 enabled=False
[22:10:05] [CONFIG] applied shared_navigation='bottom_tab_global_nav'
[22:10:05] [CONFIG] scenario enabled scenario='home_main' source='runtime' enabled=False base_enabled=False
[22:10:05] [CONFIG] scenario resolved scenario='life_food_plugin' group='plugin_screen' max_steps=5 enabled=False
[22:10:05] [CONFIG] applied pre_navigation_ref='enter_food_plugin'
[22:10:05] [CONFIG] scenario enabled scenario='life_food_plugin' source='runtime' enabled=False base_enabled=False
[22:10:05] [CONFIG] scenario resolved scenario='life_air_care_plugin' group='-' max_steps=5 enabled=True
[22:10:05] [CONFIG] scenario enabled scenario='life_air_care_plugin' source='runtime' enabled=True base_enabled=False
[22:10:05] [CONFIG] scenario resolved scenario='life_home_care_plugin' group='-' max_steps=5 enabled=True
[22:10:05] [CONFIG] scenario enabled scenario='life_home_care_plugin' source='runtime' enabled=True base_enabled=False
[22:10:05] [CONFIG] scenario resolved scenario='life_energy_plugin' group='-' max_steps=5 enabled=True
[22:10:05] [CONFIG] scenario enabled scenario='life_energy_plugin' source='runtime' enabled=True base_enabled=False
[22:10:05] [CONFIG] scenario resolved scenario='devices_main' group='main_tabs' max_steps=10 enabled=False
[22:10:05] [CONFIG] applied shared_navigation='bottom_tab_global_nav'
[22:10:05] [CONFIG] applied anchor_ref='home_tab_anchor'
[22:10:05] [CONFIG] scenario enabled scenario='devices_main' source='runtime' enabled=False base_enabled=False
[22:10:05] [CONFIG] scenario resolved scenario='life_main' group='main_tabs' max_steps=30 enabled=False
[22:10:05] [CONFIG] applied shared_navigation='bottom_tab_global_nav'
[22:10:05] [CONFIG] scenario enabled scenario='life_main' source='runtime' enabled=False base_enabled=False
[22:10:05] [CONFIG] scenario resolved scenario='routines_main' group='main_tabs' max_steps=30 enabled=False
[22:10:05] [CONFIG] applied shared_navigation='bottom_tab_global_nav'
[22:10:05] [CONFIG] scenario enabled scenario='routines_main' source='runtime' enabled=False base_enabled=False
[22:10:05] [CONFIG] scenario resolved scenario='menu_main' group='main_tabs' max_steps=30 enabled=False
[22:10:05] [CONFIG] applied shared_navigation='bottom_tab_global_nav'
[22:10:05] [CONFIG] scenario enabled scenario='menu_main' source='runtime' enabled=False base_enabled=False
[22:10:05] [CONFIG] scenario resolved scenario='settings_entry_example' group='plugin_screen' max_steps=5 enabled=False
[22:10:05] [CONFIG] applied anchor_ref='settings_button_anchor'
[22:10:05] [CONFIG] applied pre_navigation_ref='enter_settings'
[22:10:05] [CONFIG] scenario enabled scenario='settings_entry_example' source='runtime' enabled=False base_enabled=False
[22:10:05] [CONFIG] scenario resolved scenario='life_pet_care_plugin' group='-' max_steps=5 enabled=True
[22:10:05] [CONFIG] scenario enabled scenario='life_pet_care_plugin' source='runtime' enabled=True base_enabled=False
[22:10:05] [CONFIG] scenario resolved scenario='life_family_care_plugin' group='-' max_steps=5 enabled=True
[22:10:05] [CONFIG] scenario enabled scenario='life_family_care_plugin' source='runtime' enabled=True base_enabled=False
[22:10:05] [CONFIG] scenario resolved scenario='life_plant_care_plugin' group='-' max_steps=5 enabled=True
[22:10:05] [CONFIG] scenario enabled scenario='life_plant_care_plugin' source='runtime' enabled=True base_enabled=False
[22:10:05] [CONFIG] scenario resolved scenario='life_clothing_care_plugin' group='-' max_steps=5 enabled=True
[22:10:05] [CONFIG] scenario enabled scenario='life_clothing_care_plugin' source='runtime' enabled=True base_enabled=False
[22:10:05] [CONFIG] scenario resolved scenario='life_find_plugin' group='-' max_steps=5 enabled=True
[22:10:05] [CONFIG] scenario enabled scenario='life_find_plugin' source='runtime' enabled=True base_enabled=False
[22:10:05] [CONFIG] scenario resolved scenario='life_video_plugin' group='-' max_steps=5 enabled=True
[22:10:05] [CONFIG] scenario enabled scenario='life_video_plugin' source='runtime' enabled=True base_enabled=False
[22:10:05] [CONFIG] scenario resolved scenario='life_home_monitor_plugin' group='-' max_steps=5 enabled=True
[22:10:05] [CONFIG] scenario enabled scenario='life_home_monitor_plugin' source='runtime' enabled=True base_enabled=False
[22:10:05] [CONFIG] scenario resolved scenario='life_music_sync_plugin' group='-' max_steps=5 enabled=True
[22:10:05] [CONFIG] scenario enabled scenario='life_music_sync_plugin' source='runtime' enabled=True base_enabled=False
[22:10:05] [MAIN] skip disabled scenario_id='global_nav_main' tab='(?i).*(home|devices|life|routines|menu).*'
[22:10:05] [MAIN] skip disabled scenario_id='home_main' tab='(?i).*home.*'
[22:10:05] [MAIN] skip disabled scenario_id='life_food_plugin' tab='(?i).*life.*'
[22:10:05] [SCENARIO][stabilization] scenario='life_air_care_plugin' screen_context_mode='new_screen' stabilization_mode='anchor_only'
[22:10:06] [SCENARIO][pre_nav][stabilization] phase='plugin_start' attempt=1/2 life_selected=false app_bar_hits=4 visible_card_hits=1 life_root_signature_present=true navigate_up_hits=0 family_care_signature_seen=false final_score=3 ok=true pass_reason='life_root_signature_and_structure_confirmed' fail_reason=''
[22:10:06] [PLUGIN_START][life_list_check] ok=true reason='root_state_stable'
[22:10:06] [PLUGIN_START][recover_before_entry] triggered=false
[22:10:06] [PLUGIN_START][recover_before_entry] success=true
[22:10:06] [CONTEXT] skipped reason='new_screen_mode' phase='tab_select'
[22:10:06] [TAB][select] fallback_to_legacy=True scenario='life_air_care_plugin'
[22:10:13] [TRACE][open_scenario] scenario='life_air_care_plugin' stabilization_mode='anchor_only' focus_align_attempted=True focus_align_ok=True focus_align_reason='' context_ok=False anchor_matched=False anchor_stable=False
[22:10:13] [SCENARIO][pre_nav] step=1 action=xml_scroll_search_tap target='(?i)(^smart\s*air\s*care$|^air\s*care$|air\s*care\.|\baircare\b|에어\s*케어)'
[22:10:13] [XMLENTRY][search] pre_reset scroll_to_top=true
[22:10:18] [XMLENTRY][search] step=0/5 visible_candidates=69 target_candidates=0
[22:10:18] [XMLENTRY][search][top] rank=1 reason='card_like_container' text='' rid='com.samsung.android.oneconnect:id/app_bar' class='android.widget.LinearLayout' bounds='0,94,1080,310' area_ratio='0.1125' target_match=false match_source='' matched_phrase='' negative_plugin_phrase=''
[22:10:18] [XMLENTRY][search][top] rank=2 reason='card_like_container' text='우리 집, Change location' rid='com.samsung.android.oneconnect:id/small_title_bar' class='android.widget.RelativeLayout' bounds='180,118,810,310' area_ratio='0.0583' target_match=false match_source='' matched_phrase='' negative_plugin_phrase=''
[22:10:18] [XMLENTRY][search][top] rank=3 reason='actionable_container' text='' rid='' class='android.widget.RelativeLayout' bounds='42,310,1038,1042' area_ratio='0.3516' target_match=false match_source='' matched_phrase='' negative_plugin_phrase='family care'
[22:10:20] [XMLENTRY][scroll] step=0/5 performed=true reason='no_strict_target_candidate'
[22:10:23] [XMLENTRY][search] step=1/5 visible_candidates=61 target_candidates=0
[22:10:23] [XMLENTRY][search][top] rank=1 reason='card_like_container' text='' rid='com.samsung.android.oneconnect:id/app_bar' class='android.widget.LinearLayout' bounds='0,94,1080,310' area_ratio='0.1125' target_match=false match_source='' matched_phrase='' negative_plugin_phrase=''
[22:10:23] [XMLENTRY][search][top] rank=2 reason='card_like_container' text='우리 집, Change location' rid='com.samsung.android.oneconnect:id/small_title_bar' class='android.widget.RelativeLayout' bounds='180,118,810,310' area_ratio='0.0583' target_match=false match_source='' matched_phrase='' negative_plugin_phrase=''
[22:10:23] [XMLENTRY][search][top] rank=3 reason='actionable_container' text='' rid='' class='android.widget.RelativeLayout' bounds='42,310,1038,602' area_ratio='0.1403' target_match=false match_source='' matched_phrase='' negative_plugin_phrase='home care'
[22:10:26] [XMLENTRY][scroll] step=1/5 performed=true reason='no_strict_target_candidate'
[22:10:29] [XMLENTRY][search] step=2/5 visible_candidates=59 target_candidates=3
[22:10:29] [XMLENTRY][search][top] rank=1 reason='card_like_container' text='' rid='com.samsung.android.oneconnect:id/llCard' class='android.widget.LinearLayout' bounds='42,1752,1038,2316' area_ratio='0.2709' target_match=true match_source='descendant' matched_phrase='air care' negative_plugin_phrase=''
[22:10:29] [XMLENTRY][search][top] rank=2 reason='actionable_container' text='' rid='com.samsung.android.oneconnect:id/containerNameLayout' class='android.widget.RelativeLayout' bounds='42,1752,1038,1884' area_ratio='0.0634' target_match=true match_source='descendant' matched_phrase='air care' negative_plugin_phrase=''
[22:10:29] [XMLENTRY][search][top] rank=3 reason='actionable_container' text='Air Care' rid='com.samsung.android.oneconnect:id/containerNameLayout' class='android.widget.RelativeLayout' bounds='42,1752,1038,1884' area_ratio='0.0634' target_match=true match_source='title' matched_phrase='air care' negative_plugin_phrase=''
[22:10:29] [XMLENTRY][select] reason='card_like_container' resource='com.samsung.android.oneconnect:id/llCard' bounds='42,1752,1038,2316' text='Air Care' target_match=true match_source='descendant' matched_phrase='air care'
[22:10:30] [VERIFY][air][probe] probe_index=1/2 same_screen=false signal='air_care_verify' has_home_button=false has_change_location=false has_add_button=false has_more_options=false has_other_plugin_cards=false has_air_text=true has_air_content_signal=true has_plugin_body_focus=false decision='candidate_air_success'
[22:10:30] [XMLENTRY][result] success=true reason='transition_confirmed'
[22:10:30] [SCENARIO][pre_nav] success step=1 reason='ACTION_ACCESSIBILITY_FOCUS success'
[22:10:31] [SCENARIO][pre_nav] success
[22:10:35] [CONTEXT] skipped reason='anchor_only_mode'
[22:10:35] [CONTEXT] skipped reason='anchor_only_mode'
[22:10:35] [CONTEXT] scenario='life_air_care_plugin' type='skipped' expected='' actual='' ok=True
[22:10:35] [CONTEXT] verification passed scenario='life_air_care_plugin'
[22:10:35] [ANCHOR][scenario_start] success scenario='life_air_care_plugin' selected=True matched=True stable=True context_ok=True reason='selected_and_verified'
[22:10:35] [ENTRY][air][fallback_acceptance] fallback_source='none' fallback_candidate_view_id='none' fallback_candidate_label='none' fallback_candidate_bounds='none' accepted=false accepted_reason='none' rejected_reason='fallback_source_not_allowed'
[22:10:35] [TRACE][open_scenario] scenario='life_air_care_plugin' stabilization_mode='anchor_only' focus_align_attempted=True focus_align_ok=True focus_align_reason='' context_ok=False anchor_matched=False anchor_stable=True
[22:10:37] [ENTRY][air][verdict_inputs] scenario_id='life_air_care_plugin' post_click_success_seen=true air_verify_success_seen=false air_verify_reject_seen=false anchor_fallback_accepted=false anchor_fallback_source='none' post_open_focus_view_id='back' post_open_focus_label='Navigate up  Navigate up' is_top_chrome_focus=false is_list_screen_focus=false final_allow_success=true final_fail_reason='none'
[22:10:37] [ENTRY][air][preserve] keep success despite fallback_not_accepted
[22:10:37] [ENTRY][special_state_check] detected=true signals='long_intro,cta,intro_focus' kind='setup_needed_or_empty_state'
[22:10:37] [ENTRY][special_state_check] decision='keep_success_path'
[22:10:37] [ENTRY][air][verdict_priority] applied_rule='accept_air_internal_content_signal' previous_state='candidate_success' new_state='success_verified'
[22:10:37] [ENTRY][air][verdict_inputs] scenario_id='life_air_care_plugin' post_click_success_seen=true air_verify_success_seen=false air_verify_reject_seen=false anchor_fallback_accepted=false anchor_fallback_source='none' post_open_focus_view_id='back' post_open_focus_label='Navigate up  Navigate up' is_top_chrome_focus=false is_list_screen_focus=false final_allow_success=true final_fail_reason='none'
[22:10:37] [SCENARIO][entry_contract] success scenario='life_air_care_plugin' entry_type='card' reason='success_verified' detail='plugin_open_verified'
[22:10:37] [TRACE][post_open_focus] scenario='life_air_care_plugin' view_id='back' label='Navigate up' speech='Navigate up' bounds='{'l': 72, 't': 118, 'r': 144, 'b': 310, 'left': 72, 'top': 118, 'right': 144, 'bottom': 310}' source='top_level' top_level=True
[22:10:42] [TRACE][anchor_row] scenario='life_air_care_plugin' step=0 view_id='back' visible='Navigate up' speech='Navigate up' normalized_visible='navigate up' is_global_nav=False
[22:10:43] [ROW] fingerprint='back|navigate up|navigate up|108,214' normalized_fingerprint='back|navigate up|navigate up' duplicate=false recent_duplicate=false distance=0 recent_semantic_duplicate=false semantic_distance=0 semantic_window_unique=1 noise=false
[22:10:43] [RESULT] skipped anchor rows count=1
[22:10:43] [SAVE] writing sheets raw/filtered/summary/result
[22:10:43] [SAVE] filtered rows=1, raw rows=1
[22:10:43] [SAVE] saved excel: output/talkback_compare_20260414_221004.xlsx rows=1 with_images=False
[22:10:43] [STEP] START tab='(?i).*life.*' step=1
[22:10:48] [ROW] fingerprint='|air care|air care|552,214' normalized_fingerprint='|air care|air care' duplicate=false recent_duplicate=false distance=0 recent_semantic_duplicate=false semantic_distance=0 semantic_window_unique=2 noise=false
[22:10:48] [STEP] END tab='(?i).*life.*' step=1 elapsed=4.45s move_result='{'success': True, 'status': 'moved', 'detail': 'moved', 'raw': {'timestamp': 1776172245093, 'reqId': '1faf6899', 'success': True, 'status': 'moved', 'detail': 'moved', 'flags': []}}' visible='Air Care' speech='Air Care' crop='output\talkback_compare_20260414_221004\crops\i_._life._step_1_Air_Care.png' timing(move=0.498s ann=3.007s get_focus=0.941s get_focus_fallback_dump=0.000s step_dump=0.000s crop=0.482s total=4.929s) focus_reason='' fallback_used=False fallback_found=False step_dump_used=False step_dump_reason='focus_payload_sufficient' req_id='724e5e73'
[22:10:48] [STOP][eval] step=1 scenario='life_air_care_plugin' terminal=false same_like_count=0 no_progress=false scenario_type='content' is_global_nav=false after_realign=false recent_repeat=false bounded_two_card_loop=false semantic_same_like=false recent_duplicate=false recent_duplicate_distance=0 recent_semantic_duplicate=false recent_semantic_duplicate_distance=0 recent_semantic_unique_count=2 strict_duplicate=false semantic_duplicate=false repeat_class='none' loop_classification='none' hard_no_progress=false soft_no_progress=false no_progress_class='none' overlay_realign_grace_active=false min_step_gate_blocked=false realign_grace_suppressed=false repeat_stop_hit=false decision='continue' reason='none' stop_explain_version='pr7_explain_v1' stop_explain_input='step:1|move:{'success': true, 'status': 'moved', 'detail': 'moved', 'raw': {'timestamp': 1776172245093, 'reqid': '1faf6899', 'success': true, 'status': 'moved', 'detail': 'moved', 'flags': []}}|smart:moved|same:0|fail:0' stop_explain_repeat='recent:false|class:none|strict:false|semantic:false|loop:none|two_card:false' stop_explain_no_progress='hit:false|class:none|hard:false|soft:false' stop_explain_gate='candidate:false|min_block:false|realign_suppress:false|realign_active:false|decision:continue'
[22:10:48] [STEP] START tab='(?i).*life.*' step=2
[22:10:53] [ROW] fingerprint='more|more options|more options|972,214' normalized_fingerprint='more|more options|more options' duplicate=false recent_duplicate=false distance=0 recent_semantic_duplicate=false semantic_distance=0 semantic_window_unique=3 noise=false
[22:10:53] [STEP] END tab='(?i).*life.*' step=2 elapsed=4.44s move_result='{'success': True, 'status': 'moved', 'detail': 'moved', 'raw': {'timestamp': 1776172249954, 'reqId': '68d34e2f', 'success': True, 'status': 'moved', 'detail': 'moved', 'flags': []}}' visible='More options' speech='More options' crop='output\talkback_compare_20260414_221004\crops\i_._life._step_2_More_options.png' timing(move=0.440s ann=3.028s get_focus=0.967s get_focus_fallback_dump=0.000s step_dump=0.000s crop=0.478s total=4.914s) focus_reason='' fallback_used=False fallback_found=False step_dump_used=False step_dump_reason='focus_payload_sufficient' req_id='f4e36f70'
[22:10:53] [STOP][eval] step=2 scenario='life_air_care_plugin' terminal=false same_like_count=0 no_progress=false scenario_type='content' is_global_nav=false after_realign=false recent_repeat=false bounded_two_card_loop=false semantic_same_like=false recent_duplicate=false recent_duplicate_distance=0 recent_semantic_duplicate=false recent_semantic_duplicate_distance=0 recent_semantic_unique_count=3 strict_duplicate=false semantic_duplicate=false repeat_class='none' loop_classification='none' hard_no_progress=false soft_no_progress=false no_progress_class='none' overlay_realign_grace_active=false min_step_gate_blocked=false realign_grace_suppressed=false repeat_stop_hit=false decision='continue' reason='none' stop_explain_version='pr7_explain_v1' stop_explain_input='step:2|move:{'success': true, 'status': 'moved', 'detail': 'moved', 'raw': {'timestamp': 1776172249954, 'reqid': '68d34e2f', 'success': true, 'status': 'moved', 'detail': 'moved', 'flags': []}}|smart:moved|same:0|fail:0' stop_explain_repeat='recent:false|class:none|strict:false|semantic:false|loop:none|two_card:false' stop_explain_no_progress='hit:false|class:none|hard:false|soft:false' stop_explain_gate='candidate:false|min_block:false|realign_suppress:false|realign_active:false|decision:continue'
[22:10:53] [OVERLAY] candidate matched scenario='life_air_care_plugin' tab='(?i).*life.*' step=2 view_id='more' label='More options' reason='matched_scenario_policy'
[22:11:03] [OVERLAY] post_click classification='overlay' scenario='life_air_care_plugin' tab='(?i).*life.*' entry_view_id='more' entry_label='More options' post_view_id='addToHomescreen' post_label='Add to Home screen'
[22:11:15] [RESULT] skipped anchor rows count=1
[22:11:15] [SAVE] writing sheets raw/filtered/summary/result
[22:11:15] [SAVE] filtered rows=6, raw rows=6
[22:11:15] [SAVE] saved excel: output/talkback_compare_20260414_221004.xlsx rows=6 with_images=False
[22:11:19] [OVERLAY][repeat] same_focus_detected=true step=4 view_id='info' bounds='462,556,1053,706' normalized_visible_label='information' move_result=''
[22:11:19] [OVERLAY][break] reason='same_overlay_fingerprint' step=4
[22:11:19] [RESULT] skipped anchor rows count=1
[22:11:19] [SAVE] writing sheets raw/filtered/summary/result
[22:11:19] [SAVE] filtered rows=6, raw rows=6
[22:11:19] [SAVE] saved excel: output/talkback_compare_20260414_221004.xlsx rows=6 with_images=False
[22:11:23] [RESULT] skipped anchor rows count=1
[22:11:23] [SAVE] writing sheets raw/filtered/summary/result
[22:11:23] [SAVE] filtered rows=6, raw rows=6
[22:11:23] [SAVE] saved excel: output/talkback_compare_20260414_221004.xlsx rows=6 with_images=False
[22:11:25] [OVERLAY] realign status='realign_entry_reached' entry_reached=True steps_taken=2 match_by='view_id'
[22:11:31] [CONTEXT] skipped reason='anchor_only_mode'
[22:11:31] [CONTEXT] skipped reason='anchor_only_mode'
[22:11:31] [CONTEXT] scenario='life_air_care_plugin' type='skipped' expected='' actual='' ok=True
[22:11:31] [CONTEXT] verification passed scenario='life_air_care_plugin'
[22:11:31] [ANCHOR][overlay_realign] success scenario='life_air_care_plugin' selected=True matched=True stable=True context_ok=True reason='selected_and_verified'
[22:11:31] [ANCHOR][overlay_realign] success scenario='life_air_care_plugin' reason='overlay_realign_verified'
[22:11:31] [STEP] START tab='(?i).*life.*' step=3
[22:11:35] [ROW] fingerprint='|air care|air care|552,214' normalized_fingerprint='|air care|air care' duplicate=false recent_duplicate=true distance=2 recent_semantic_duplicate=true semantic_distance=2 semantic_window_unique=3 noise=false
[22:11:35] [STEP] END tab='(?i).*life.*' step=3 elapsed=3.90s move_result='{'success': True, 'status': 'moved', 'detail': 'moved', 'raw': {'timestamp': 1776172293375, 'reqId': '8c047447', 'success': True, 'status': 'moved', 'detail': 'moved', 'flags': []}}' visible='Air Care' speech='Air Care' crop='output\talkback_compare_20260414_221004\crops\i_._life._step_3_Air_Care.png' timing(move=0.430s ann=3.019s get_focus=0.451s get_focus_fallback_dump=0.000s step_dump=0.000s crop=0.474s total=4.374s) focus_reason='' fallback_used=False fallback_found=False step_dump_used=False step_dump_reason='focus_payload_sufficient' req_id='99b3f71b'
[22:11:35] [STOP][eval] step=3 scenario='life_air_care_plugin' terminal=false same_like_count=0 no_progress=false scenario_type='content' is_global_nav=false after_realign=true recent_repeat=false bounded_two_card_loop=false semantic_same_like=false recent_duplicate=true recent_duplicate_distance=2 recent_semantic_duplicate=true recent_semantic_duplicate_distance=2 recent_semantic_unique_count=3 strict_duplicate=false semantic_duplicate=false repeat_class='none' loop_classification='none' hard_no_progress=false soft_no_progress=false no_progress_class='none' overlay_realign_grace_active=false min_step_gate_blocked=false realign_grace_suppressed=false repeat_stop_hit=false decision='continue' reason='none' stop_explain_version='pr7_explain_v1' stop_explain_input='step:3|move:{'success': true, 'status': 'moved', 'detail': 'moved', 'raw': {'timestamp': 1776172293375, 'reqid': '8c047447', 'success': true, 'status': 'moved', 'detail': 'moved', 'flags': []}}|smart:moved|same:0|fail:0' stop_explain_repeat='recent:false|class:none|strict:false|semantic:false|loop:none|two_card:false' stop_explain_no_progress='hit:false|class:none|hard:false|soft:false' stop_explain_gate='candidate:false|min_block:false|realign_suppress:false|realign_active:false|decision:continue'
[22:11:35] [RESULT] skipped anchor rows count=1
[22:11:35] [SAVE] writing sheets raw/filtered/summary/result
[22:11:35] [SAVE] filtered rows=6, raw rows=7
[22:11:36] [SAVE] saved excel: output/talkback_compare_20260414_221004.xlsx rows=7 with_images=False
[22:11:36] [STEP] START tab='(?i).*life.*' step=4
[22:11:40] [ROW] fingerprint='more|more options|more options|972,214' normalized_fingerprint='more|more options|more options' duplicate=false recent_duplicate=true distance=2 recent_semantic_duplicate=true semantic_distance=2 semantic_window_unique=3 noise=false
[22:11:40] [STEP] END tab='(?i).*life.*' step=4 elapsed=4.46s move_result='{'success': True, 'status': 'moved', 'detail': 'moved', 'raw': {'timestamp': 1776172298399, 'reqId': 'e73e6c01', 'success': True, 'status': 'moved', 'detail': 'moved', 'flags': []}}' visible='More options' speech='More options' crop='output\talkback_compare_20260414_221004\crops\i_._life._step_4_More_options.png' timing(move=0.979s ann=3.050s get_focus=0.431s get_focus_fallback_dump=0.000s step_dump=0.000s crop=0.461s total=4.921s) focus_reason='' fallback_used=False fallback_found=False step_dump_used=False step_dump_reason='focus_payload_sufficient' req_id='e86eeef0'
[22:11:40] [STOP][eval] step=4 scenario='life_air_care_plugin' terminal=false same_like_count=0 no_progress=false scenario_type='content' is_global_nav=false after_realign=false recent_repeat=false bounded_two_card_loop=false semantic_same_like=false recent_duplicate=true recent_duplicate_distance=2 recent_semantic_duplicate=true recent_semantic_duplicate_distance=2 recent_semantic_unique_count=3 strict_duplicate=false semantic_duplicate=false repeat_class='none' loop_classification='none' hard_no_progress=false soft_no_progress=false no_progress_class='none' overlay_realign_grace_active=false min_step_gate_blocked=false realign_grace_suppressed=false repeat_stop_hit=false decision='continue' reason='none' stop_explain_version='pr7_explain_v1' stop_explain_input='step:4|move:{'success': true, 'status': 'moved', 'detail': 'moved', 'raw': {'timestamp': 1776172298399, 'reqid': 'e73e6c01', 'success': true, 'status': 'moved', 'detail': 'moved', 'flags': []}}|smart:moved|same:0|fail:0' stop_explain_repeat='recent:false|class:none|strict:false|semantic:false|loop:none|two_card:false' stop_explain_no_progress='hit:false|class:none|hard:false|soft:false' stop_explain_gate='candidate:false|min_block:false|realign_suppress:false|realign_active:false|decision:continue'
[22:11:40] [OVERLAY] skip already expanded entry fingerprint='(?i).*life.*|more|more options'
[22:11:40] [STEP] START tab='(?i).*life.*' step=5
[22:11:45] [ROW] fingerprint='|set geolocation to monitor outdoor air quality|set geolocation to monitor outdoor air quality|516,418' normalized_fingerprint='|set geolocation to monitor outdoor air quality|set geolocation to monitor outdoor air quality' duplicate=false recent_duplicate=false distance=0 recent_semantic_duplicate=false semantic_distance=0 semantic_window_unique=4 noise=false
[22:11:45] [STEP] END tab='(?i).*life.*' step=5 elapsed=4.42s move_result='{'success': True, 'status': 'moved', 'detail': 'moved', 'raw': {'timestamp': 1776172303323, 'reqId': '55575f90', 'success': True, 'status': 'moved', 'detail': 'moved', 'flags': []}}' visible='Set geolocation to monitor outdoor air quality' speech='Set geolocation to monitor outdoor air quality' crop='output\talkback_compare_20260414_221004\crops\i_._life._step_5_Set_geolocation_to_monitor_outdoor_air_q.png' timing(move=0.965s ann=3.031s get_focus=0.422s get_focus_fallback_dump=0.000s step_dump=0.000s crop=0.458s total=4.877s) focus_reason='' fallback_used=False fallback_found=False step_dump_used=False step_dump_reason='focus_payload_sufficient' req_id='5010daaf'
[22:11:45] [STOP][eval] step=5 scenario='life_air_care_plugin' terminal=false same_like_count=0 no_progress=false scenario_type='content' is_global_nav=false after_realign=false recent_repeat=false bounded_two_card_loop=false semantic_same_like=false recent_duplicate=false recent_duplicate_distance=0 recent_semantic_duplicate=false recent_semantic_duplicate_distance=0 recent_semantic_unique_count=4 strict_duplicate=false semantic_duplicate=false repeat_class='none' loop_classification='none' hard_no_progress=false soft_no_progress=false no_progress_class='none' overlay_realign_grace_active=false min_step_gate_blocked=false realign_grace_suppressed=false repeat_stop_hit=false decision='continue' reason='none' stop_explain_version='pr7_explain_v1' stop_explain_input='step:5|move:{'success': true, 'status': 'moved', 'detail': 'moved', 'raw': {'timestamp': 1776172303323, 'reqid': '55575f90', 'success': true, 'status': 'moved', 'detail': 'moved', 'flags': []}}|smart:moved|same:0|fail:0' stop_explain_repeat='recent:false|class:none|strict:false|semantic:false|loop:none|two_card:false' stop_explain_no_progress='hit:false|class:none|hard:false|soft:false' stop_explain_gate='candidate:false|min_block:false|realign_suppress:false|realign_active:false|decision:continue'
[22:11:45] [STOP][summary] scenario='life_air_care_plugin' stop_triggered=false stop_step=5 reason='safety_limit'
[22:11:45] [PERF][scenario_summary] scenario=life_air_care_plugin tab=(?i).*life.* total_runtime=100.3 total_steps=9 main_step_count=6 overlay_step_count=3 overlay_count=1 avg_get_focus=0.665 avg_move=0.496 avg_crop=0.472 avg_step_total=4.787 step_total_sample_count=6 avg_get_focus_main=0.696 avg_get_focus_overlay=0.603 fallback_dump_count=0 success_false_top_level_dump_attempt_count=0 success_false_top_level_dump_found_count=0 fallback_dump_rate=0.0 get_focus_strong_skip_count=9 get_focus_strong_skip_rate=100.0 step_dump_used_count=0 save_excel_count=5 realign_attempt_count=1 realign_success_count=1 realign_success_rate=100.0
[22:11:45] [RECOVER] start
[22:11:46] [SCENARIO][pre_nav][stabilization] phase='recover_initial_verify' attempt=1/2 life_selected=false app_bar_hits=1 visible_card_hits=0 life_root_signature_present=true navigate_up_hits=0 family_care_signature_seen=false final_score=1 ok=false pass_reason='' fail_reason='life_root_not_stable'
[22:11:47] [SCENARIO][pre_nav][stabilization] phase='recover_initial_verify' attempt=2/2 life_selected=false app_bar_hits=1 visible_card_hits=0 life_root_signature_present=true navigate_up_hits=0 family_care_signature_seen=false final_score=1 ok=false pass_reason='' fail_reason='life_root_not_stable'
[22:11:47] [RECOVER][state] kind='plugin_detail_like' initial_verify_ok=false initial_verify_reason='life_root_not_stable' app_bar_hits=1 visible_card_hits=0 life_root_signature_present=true navigate_up_hits=0 package_signature_present=false
[22:11:47] [RECOVER][detail_exit] start
[22:11:48] [RECOVER][detail_exit] back_sent=true
[22:11:49] [SCENARIO][pre_nav][stabilization] phase='recover_detail_exit_back' attempt=1/2 life_selected=false app_bar_hits=4 visible_card_hits=0 life_root_signature_present=true navigate_up_hits=0 family_care_signature_seen=false final_score=3 ok=true pass_reason='life_root_signature_and_structure_confirmed' fail_reason=''
[22:11:49] [RECOVER][detail_exit] verify_ok=true reason='root_state_stable'
[22:11:49] [RECOVER] success reason='detail_exit_back_verified'
[22:11:49] [SCENARIO][stabilization] scenario='life_home_care_plugin' screen_context_mode='new_screen' stabilization_mode='anchor_only'
[22:11:49] [SCENARIO][pre_nav][stabilization] phase='plugin_start' attempt=1/2 life_selected=false app_bar_hits=4 visible_card_hits=0 life_root_signature_present=true navigate_up_hits=0 family_care_signature_seen=false final_score=3 ok=true pass_reason='life_root_signature_and_structure_confirmed' fail_reason=''
[22:11:49] [PLUGIN_START][life_list_check] ok=true reason='root_state_stable'
[22:11:49] [PLUGIN_START][recover_before_entry] triggered=false
[22:11:49] [PLUGIN_START][recover_before_entry] success=true
[22:11:49] [CONTEXT] skipped reason='new_screen_mode' phase='tab_select'
[22:11:49] [TAB][select] fallback_to_legacy=True scenario='life_home_care_plugin'
[22:11:54] [TRACE][open_scenario] scenario='life_home_care_plugin' stabilization_mode='anchor_only' focus_align_attempted=True focus_align_ok=True focus_align_reason='' context_ok=False anchor_matched=False anchor_stable=False
[22:11:54] [SCENARIO][pre_nav] step=1 action=xml_scroll_search_tap target='(?i)(^home\s*care$|home\s*care\.|\bhomecare\b|홈\s*케어)'
[22:11:54] [XMLENTRY][search] pre_reset scroll_to_top=true
[22:11:59] [XMLENTRY][search] step=0/5 visible_candidates=69 target_candidates=5
[22:11:59] [XMLENTRY][search][top] rank=1 reason='actionable_container' text='' rid='' class='android.widget.RelativeLayout' bounds='42,1858,1038,2316' area_ratio='0.2200' target_match=true match_source='descendant' matched_phrase='home care' negative_plugin_phrase=''
[22:11:59] [XMLENTRY][search][top] rank=2 reason='actionable_container' text='Home Care' rid='com.samsung.android.oneconnect:id/frameLayout' class='android.widget.FrameLayout' bounds='42,1858,1038,2316' area_ratio='0.2200' target_match=true match_source='title' matched_phrase='home care' negative_plugin_phrase=''
[22:11:59] [XMLENTRY][search][top] rank=3 reason='card_like_container' text='' rid='com.samsung.android.oneconnect:id/llCard' class='android.widget.LinearLayout' bounds='42,1858,1038,2316' area_ratio='0.2200' target_match=true match_source='descendant' matched_phrase='home care' negative_plugin_phrase=''
[22:11:59] [XMLENTRY][select] reason='actionable_container' resource='' bounds='42,1858,1038,2316' text='' target_match=true match_source='descendant' matched_phrase='home care'
[22:12:12] [XMLENTRY][result] success=true reason='transition_confirmed'
[22:12:12] [SCENARIO][pre_nav] success step=1 reason='ACTION_ACCESSIBILITY_FOCUS success'
[22:12:13] [SCENARIO][pre_nav] success
[22:12:19] [ANCHOR][fallback] explicit anchor not matched, trying top content fallback
[22:12:19] [ANCHOR][fallback] selected candidate label='Always manage your home appliances optimally, Home Care constantly monitors devices that support AI diagnosis and informs you when they need cleaning, replacing, or other maintenance. Always manage your home appliances optimally, Home Care constantly monitors devices that support AI diagnosis and informs you when they need cleaning, replacing, or other maintenance.' position='top_center'
[22:12:19] [ANCHOR][plugin_fallback] using_top_start_candidate position='top_center'
[22:12:28] [CONTEXT] skipped reason='anchor_only_mode'
[22:12:28] [CONTEXT] skipped reason='anchor_only_mode'
[22:12:28] [CONTEXT] scenario='life_home_care_plugin' type='skipped' expected='' actual='' ok=True
[22:12:28] [ANCHOR][scenario_start] anchor mismatch scenario='life_home_care_plugin'
[22:12:28] [ANCHOR][scenario_start] anchor not stable scenario='life_home_care_plugin'
[22:12:34] [ANCHOR][fallback] explicit anchor not matched, trying top content fallback
[22:12:34] [ANCHOR][fallback] selected candidate label='Always manage your home appliances optimally, Home Care constantly monitors devices that support AI diagnosis and informs you when they need cleaning, replacing, or other maintenance. Always manage your home appliances optimally, Home Care constantly monitors devices that support AI diagnosis and informs you when they need cleaning, replacing, or other maintenance.' position='top_center'
[22:12:34] [ANCHOR][plugin_fallback] using_top_start_candidate position='top_center'
[22:12:43] [CONTEXT] skipped reason='anchor_only_mode'
[22:12:43] [CONTEXT] skipped reason='anchor_only_mode'
[22:12:43] [CONTEXT] scenario='life_home_care_plugin' type='skipped' expected='' actual='' ok=True
[22:12:43] [ANCHOR][scenario_start] anchor mismatch scenario='life_home_care_plugin'
[22:12:43] [ANCHOR][scenario_start] anchor not stable scenario='life_home_care_plugin'
[22:12:43] [TRACE][open_scenario] scenario='life_home_care_plugin' stabilization_mode='anchor_only' focus_align_attempted=True focus_align_ok=True focus_align_reason='' context_ok=False anchor_matched=False anchor_stable=False
[22:12:43] [ANCHOR][scenario_start] stabilization failed but proceeding with low-confidence fallback start scenario='life_home_care_plugin' source='fallback_top_center' reason='fallback_candidate_and_focus_evidence'
[22:12:43] [ANCHOR][plugin_fallback] candidate_label='Always manage your home appliances optimally, Home Care constantly monitors devices that support AI diagnosis and informs you when they need cleaning, replacing, or other maintenance. Always manage your home appliances optimally, Home Care constantly monitors devices that support AI diagnosis and informs you when they need cleaning, replacing, or other maintenance.' candidate_view_id='' reason='new_screen_evidence_confirmed'
[22:12:43] [ANCHOR][plugin_fallback] stabilized_by='post_focus_verified'
[22:12:43] [SCENARIO][start_mode] scenario='life_home_care_plugin' mode='low_confidence_fallback'
[22:12:56] [ENTRY][special_state_check] detected=true signals='long_intro,cta,low_content_diversity,intro_focus,verify_and_special_token' kind='setup_needed_or_empty_state'
[22:12:56] [ENTRY][special_state_check] decision='route_to_special_state' reason='special_state_detected_strong_generic_evidence'
[22:12:56] [ENTRY][special_state_route] handling='back_after_read'
[22:12:56] [ENTRY][special_state_route] main_traversal_skipped=true
[22:12:56] [SCENARIO][special_state] detected scenario='life_home_care_plugin' entry_type='card' kind='setup_needed_or_empty_state' handling='back_after_read' verify_hit=true long_intro_like=true special_hits='smartthings home care,always manage your home appliances optimally,home care constantly monitors devices,ai diagnosis,maintenance' cta_hits='start'
[22:12:58] [SPECIAL_STATE][recover] start
[22:12:58] [RECOVER] start
[22:12:59] [SCENARIO][pre_nav][stabilization] phase='recover_initial_verify' attempt=1/2 life_selected=false app_bar_hits=4 visible_card_hits=0 life_root_signature_present=false navigate_up_hits=0 family_care_signature_seen=true final_score=2 ok=false pass_reason='' fail_reason='life_root_not_stable'
[22:12:59] [SCENARIO][pre_nav][stabilization] phase='recover_initial_verify' attempt=2/2 life_selected=false app_bar_hits=4 visible_card_hits=0 life_root_signature_present=false navigate_up_hits=0 family_care_signature_seen=true final_score=2 ok=false pass_reason='' fail_reason='life_root_not_stable'
[22:13:00] [RECOVER][state] kind='plugin_detail_like' initial_verify_ok=false initial_verify_reason='life_root_not_stable' app_bar_hits=4 visible_card_hits=0 life_root_signature_present=false navigate_up_hits=0 package_signature_present=true
[22:13:00] [RECOVER][detail_exit] start
[22:13:00] [RECOVER][detail_exit] back_sent=true
[22:13:01] [SCENARIO][pre_nav][stabilization] phase='recover_detail_exit_back' attempt=1/2 life_selected=false app_bar_hits=0 visible_card_hits=0 life_root_signature_present=true navigate_up_hits=0 family_care_signature_seen=false final_score=1 ok=false pass_reason='' fail_reason='life_root_not_stable'
[22:13:02] [SCENARIO][pre_nav][stabilization] phase='recover_detail_exit_back' attempt=2/2 life_selected=false app_bar_hits=0 visible_card_hits=0 life_root_signature_present=true navigate_up_hits=0 family_care_signature_seen=false final_score=1 ok=false pass_reason='' fail_reason='life_root_not_stable'
[22:13:02] [RECOVER][detail_exit] verify_ok=false reason='life_root_not_stable'
[22:13:02] [RECOVER][fallback] entering_select_fallback
[22:13:04] [RECOVER][fallback] parse_error='TARGET_ACTION_RESULT JSON 파싱 실패: Unterminated string starting at: line 1 column 4025 (char 4024)'
[22:13:04] [RECOVER][fallback] resource_select_success=false label_select_success=false
[22:13:04] [RECOVER] failed reason='fallback_result_parse_error'
[22:13:04] [SPECIAL_STATE][recover] retry=1/2 target='life_plugin_list' reason='recover_to_start_state_failed'
[22:13:04] [RECOVER] start
[22:13:04] [SCENARIO][pre_nav][stabilization] phase='recover_initial_verify' attempt=1/2 life_selected=false app_bar_hits=0 visible_card_hits=0 life_root_signature_present=true navigate_up_hits=0 family_care_signature_seen=false final_score=1 ok=false pass_reason='' fail_reason='life_root_not_stable'
[22:13:05] [SCENARIO][pre_nav][stabilization] phase='recover_initial_verify' attempt=2/2 life_selected=false app_bar_hits=0 visible_card_hits=0 life_root_signature_present=true navigate_up_hits=0 family_care_signature_seen=false final_score=1 ok=false pass_reason='' fail_reason='life_root_not_stable'
[22:13:05] [RECOVER][state] kind='unknown' initial_verify_ok=false initial_verify_reason='life_root_not_stable' app_bar_hits=0 visible_card_hits=0 life_root_signature_present=true navigate_up_hits=0 package_signature_present=false
[22:13:05] [RECOVER][fallback] entering_select_fallback
[22:13:07] [RECOVER][fallback] parse_error='TARGET_ACTION_RESULT JSON 파싱 실패: Expecting value: line 1 column 4031 (char 4030)'
[22:13:07] [RECOVER][fallback] resource_select_success=false label_select_success=false
[22:13:07] [RECOVER] failed reason='fallback_result_parse_error'
[22:13:07] [SPECIAL_STATE][recover] success=false target='life_plugin_list' reason='recover_to_start_state_failed'
[22:13:07] [SCENARIO][entry_contract] failed scenario='life_home_care_plugin' entry_type='card' reason='verify_failed' detail='special_state_recover_failed:recover_to_start_state_failed'
[22:13:07] [PERF][scenario_summary] scenario=life_home_care_plugin tab=(?i).*life.* total_runtime=78.4 total_steps=1 main_step_count=1 overlay_step_count=0 overlay_count=0 avg_get_focus=0.0 avg_move=0.0 avg_crop=0.0 avg_step_total=0.0 step_total_sample_count=0 avg_get_focus_main=0.0 avg_get_focus_overlay=0.0 fallback_dump_count=0 success_false_top_level_dump_attempt_count=0 success_false_top_level_dump_found_count=0 fallback_dump_rate=0.0 get_focus_strong_skip_count=0 get_focus_strong_skip_rate=0.0 step_dump_used_count=0 save_excel_count=0 realign_attempt_count=0 realign_success_count=0 realign_success_rate=0.0
[22:13:07] [RESULT] skipped anchor rows count=1
[22:13:07] [SAVE] writing sheets raw/filtered/summary/result
[22:13:07] [SAVE] filtered rows=8, raw rows=10
[22:13:07] [SAVE] saved excel: output/talkback_compare_20260414_221004.xlsx rows=10 with_images=False
[22:13:07] [RECOVER] start
[22:13:08] [SCENARIO][pre_nav][stabilization] phase='recover_initial_verify' attempt=1/2 life_selected=false app_bar_hits=0 visible_card_hits=0 life_root_signature_present=true navigate_up_hits=0 family_care_signature_seen=false final_score=1 ok=false pass_reason='' fail_reason='life_root_not_stable'
[22:13:09] [SCENARIO][pre_nav][stabilization] phase='recover_initial_verify' attempt=2/2 life_selected=false app_bar_hits=0 visible_card_hits=0 life_root_signature_present=true navigate_up_hits=0 family_care_signature_seen=false final_score=1 ok=false pass_reason='' fail_reason='life_root_not_stable'
[22:13:09] [RECOVER][state] kind='unknown' initial_verify_ok=false initial_verify_reason='life_root_not_stable' app_bar_hits=0 visible_card_hits=0 life_root_signature_present=true navigate_up_hits=0 package_signature_present=false
[22:13:09] [RECOVER][fallback] entering_select_fallback
[22:13:11] [RECOVER][fallback] parse_error='TARGET_ACTION_RESULT JSON 파싱 실패: Expecting value: line 1 column 4031 (char 4030)'
[22:13:11] [RECOVER][fallback] resource_select_success=false label_select_success=false
[22:13:11] [RECOVER] failed reason='fallback_result_parse_error'
[22:13:11] [MAIN] recovery failed but continuing scenario_id='life_energy_plugin' tab='(?i).*life.*'
[22:13:11] [SCENARIO][stabilization] scenario='life_energy_plugin' screen_context_mode='new_screen' stabilization_mode='anchor_only'
[22:13:12] [SCENARIO][pre_nav][stabilization] phase='plugin_start' attempt=1/2 life_selected=false app_bar_hits=0 visible_card_hits=0 life_root_signature_present=true navigate_up_hits=0 family_care_signature_seen=false final_score=1 ok=false pass_reason='' fail_reason='life_root_not_stable'
[22:13:13] [SCENARIO][pre_nav][stabilization] phase='plugin_start' attempt=2/2 life_selected=false app_bar_hits=0 visible_card_hits=0 life_root_signature_present=true navigate_up_hits=0 family_care_signature_seen=false final_score=1 ok=false pass_reason='' fail_reason='life_root_not_stable'
[22:13:13] [PLUGIN_START][life_list_check] ok=false reason='life_root_not_stable'
[22:13:13] [PLUGIN_START][recover_before_entry] triggered=true
[22:13:13] [RECOVER] start
[22:13:13] [SCENARIO][pre_nav][stabilization] phase='recover_initial_verify' attempt=1/2 life_selected=false app_bar_hits=0 visible_card_hits=0 life_root_signature_present=true navigate_up_hits=0 family_care_signature_seen=false final_score=1 ok=false pass_reason='' fail_reason='life_root_not_stable'
[22:13:14] [SCENARIO][pre_nav][stabilization] phase='recover_initial_verify' attempt=2/2 life_selected=false app_bar_hits=0 visible_card_hits=0 life_root_signature_present=true navigate_up_hits=0 family_care_signature_seen=false final_score=1 ok=false pass_reason='' fail_reason='life_root_not_stable'
[22:13:14] [RECOVER][state] kind='unknown' initial_verify_ok=false initial_verify_reason='life_root_not_stable' app_bar_hits=0 visible_card_hits=0 life_root_signature_present=true navigate_up_hits=0 package_signature_present=false
[22:13:14] [RECOVER][fallback] entering_select_fallback
[22:13:16] [RECOVER][fallback] parse_error='TARGET_ACTION_RESULT JSON 파싱 실패: Expecting value: line 1 column 4031 (char 4030)'
[22:13:16] [RECOVER][fallback] resource_select_success=false label_select_success=false
[22:13:16] [RECOVER] failed reason='fallback_result_parse_error'
[22:13:16] [PLUGIN_START][recover_before_entry] retry=1/2 reason='recover_to_start_state_failed'
[22:13:16] [RECOVER] start
[22:13:17] [SCENARIO][pre_nav][stabilization] phase='recover_initial_verify' attempt=1/2 life_selected=false app_bar_hits=0 visible_card_hits=0 life_root_signature_present=true navigate_up_hits=0 family_care_signature_seen=false final_score=1 ok=false pass_reason='' fail_reason='life_root_not_stable'
[22:13:18] [SCENARIO][pre_nav][stabilization] phase='recover_initial_verify' attempt=2/2 life_selected=false app_bar_hits=0 visible_card_hits=0 life_root_signature_present=true navigate_up_hits=0 family_care_signature_seen=false final_score=1 ok=false pass_reason='' fail_reason='life_root_not_stable'
[22:13:18] [RECOVER][state] kind='unknown' initial_verify_ok=false initial_verify_reason='life_root_not_stable' app_bar_hits=0 visible_card_hits=0 life_root_signature_present=true navigate_up_hits=0 package_signature_present=false
[22:13:18] [RECOVER][fallback] entering_select_fallback
[22:13:20] [RECOVER][fallback] parse_error='TARGET_ACTION_RESULT JSON 파싱 실패: Expecting value: line 1 column 4031 (char 4030)'
[22:13:20] [RECOVER][fallback] resource_select_success=false label_select_success=false
[22:13:20] [RECOVER] failed reason='fallback_result_parse_error'
[22:13:20] [PLUGIN_START][recover_before_entry] success=false
[22:13:20] [PERF][scenario_summary] scenario=life_energy_plugin tab=(?i).*life.* total_runtime=8.9 total_steps=1 main_step_count=1 overlay_step_count=0 overlay_count=0 avg_get_focus=0.0 avg_move=0.0 avg_crop=0.0 avg_step_total=0.0 step_total_sample_count=0 avg_get_focus_main=0.0 avg_get_focus_overlay=0.0 fallback_dump_count=0 success_false_top_level_dump_attempt_count=0 success_false_top_level_dump_found_count=0 fallback_dump_rate=0.0 get_focus_strong_skip_count=0 get_focus_strong_skip_rate=0.0 step_dump_used_count=0 save_excel_count=0 realign_attempt_count=0 realign_success_count=0 realign_success_rate=0.0
[22:13:20] [RESULT] skipped anchor rows count=1
[22:13:20] [SAVE] writing sheets raw/filtered/summary/result
[22:13:20] [SAVE] filtered rows=9, raw rows=11
[22:13:20] [SAVE] saved excel: output/talkback_compare_20260414_221004.xlsx rows=11 with_images=False
[22:13:20] [MAIN] skip disabled scenario_id='devices_main' tab='(?i).*devices.*'
[22:13:20] [MAIN] skip disabled scenario_id='life_main' tab='(?i).*life.*'
[22:13:20] [MAIN] skip disabled scenario_id='routines_main' tab='(?i).*routines.*'
[22:13:20] [MAIN] skip disabled scenario_id='menu_main' tab='(?i).*(menu|more).*'
[22:13:20] [MAIN] skip disabled scenario_id='settings_entry_example' tab='(?i).*menu.*'
[22:13:20] [RECOVER] start
[22:13:21] [SCENARIO][pre_nav][stabilization] phase='recover_initial_verify' attempt=1/2 life_selected=false app_bar_hits=0 visible_card_hits=0 life_root_signature_present=true navigate_up_hits=0 family_care_signature_seen=false final_score=1 ok=false pass_reason='' fail_reason='life_root_not_stable'
[22:13:21] [SCENARIO][pre_nav][stabilization] phase='recover_initial_verify' attempt=2/2 life_selected=false app_bar_hits=0 visible_card_hits=0 life_root_signature_present=true navigate_up_hits=0 family_care_signature_seen=false final_score=1 ok=false pass_reason='' fail_reason='life_root_not_stable'
[22:13:22] [RECOVER][state] kind='unknown' initial_verify_ok=false initial_verify_reason='life_root_not_stable' app_bar_hits=0 visible_card_hits=0 life_root_signature_present=true navigate_up_hits=0 package_signature_present=false
[22:13:22] [RECOVER][fallback] entering_select_fallback
[22:13:24] [RECOVER][fallback] parse_error='TARGET_ACTION_RESULT JSON 파싱 실패: Expecting value: line 1 column 4031 (char 4030)'
[22:13:24] [RECOVER][fallback] resource_select_success=false label_select_success=false
[22:13:24] [RECOVER] failed reason='fallback_result_parse_error'
[22:13:24] [MAIN] recovery failed but continuing scenario_id='life_pet_care_plugin' tab='(?i).*life.*'
[22:13:24] [SCENARIO][stabilization] scenario='life_pet_care_plugin' screen_context_mode='new_screen' stabilization_mode='anchor_only'
[22:13:25] [SCENARIO][pre_nav][stabilization] phase='plugin_start' attempt=1/2 life_selected=false app_bar_hits=0 visible_card_hits=0 life_root_signature_present=true navigate_up_hits=0 family_care_signature_seen=false final_score=1 ok=false pass_reason='' fail_reason='life_root_not_stable'
[22:13:25] [SCENARIO][pre_nav][stabilization] phase='plugin_start' attempt=2/2 life_selected=false app_bar_hits=0 visible_card_hits=0 life_root_signature_present=true navigate_up_hits=0 family_care_signature_seen=false final_score=1 ok=false pass_reason='' fail_reason='life_root_not_stable'
[22:13:25] [PLUGIN_START][life_list_check] ok=false reason='life_root_not_stable'
[22:13:25] [PLUGIN_START][recover_before_entry] triggered=true
[22:13:25] [RECOVER] start
[22:13:26] [SCENARIO][pre_nav][stabilization] phase='recover_initial_verify' attempt=1/2 life_selected=false app_bar_hits=0 visible_card_hits=0 life_root_signature_present=true navigate_up_hits=0 family_care_signature_seen=false final_score=1 ok=false pass_reason='' fail_reason='life_root_not_stable'
[22:13:26] [SCENARIO][pre_nav][stabilization] phase='recover_initial_verify' attempt=2/2 life_selected=false app_bar_hits=0 visible_card_hits=0 life_root_signature_present=true navigate_up_hits=0 family_care_signature_seen=false final_score=1 ok=false pass_reason='' fail_reason='life_root_not_stable'
[22:13:27] [RECOVER][state] kind='unknown' initial_verify_ok=false initial_verify_reason='life_root_not_stable' app_bar_hits=0 visible_card_hits=0 life_root_signature_present=true navigate_up_hits=0 package_signature_present=false
[22:13:27] [RECOVER][fallback] entering_select_fallback
[22:13:29] [RECOVER][fallback] parse_error='TARGET_ACTION_RESULT JSON 파싱 실패: Expecting value: line 1 column 4031 (char 4030)'
[22:13:29] [RECOVER][fallback] resource_select_success=false label_select_success=false
[22:13:29] [RECOVER] failed reason='fallback_result_parse_error'
[22:13:29] [PLUGIN_START][recover_before_entry] retry=1/2 reason='recover_to_start_state_failed'
[22:13:29] [RECOVER] start
[22:13:30] [SCENARIO][pre_nav][stabilization] phase='recover_initial_verify' attempt=1/2 life_selected=false app_bar_hits=0 visible_card_hits=0 life_root_signature_present=true navigate_up_hits=0 family_care_signature_seen=false final_score=1 ok=false pass_reason='' fail_reason='life_root_not_stable'
[22:13:30] [SCENARIO][pre_nav][stabilization] phase='recover_initial_verify' attempt=2/2 life_selected=false app_bar_hits=0 visible_card_hits=0 life_root_signature_present=true navigate_up_hits=0 family_care_signature_seen=false final_score=1 ok=false pass_reason='' fail_reason='life_root_not_stable'
[22:13:31] [RECOVER][state] kind='unknown' initial_verify_ok=false initial_verify_reason='life_root_not_stable' app_bar_hits=0 visible_card_hits=0 life_root_signature_present=true navigate_up_hits=0 package_signature_present=false
[22:13:31] [RECOVER][fallback] entering_select_fallback
[22:13:33] [RECOVER][fallback] parse_error='TARGET_ACTION_RESULT JSON 파싱 실패: Expecting value: line 1 column 4031 (char 4030)'
[22:13:33] [RECOVER][fallback] resource_select_success=false label_select_success=false
[22:13:33] [RECOVER] failed reason='fallback_result_parse_error'
[22:13:33] [PLUGIN_START][recover_before_entry] success=false
[22:13:33] [PERF][scenario_summary] scenario=life_pet_care_plugin tab=(?i).*life.* total_runtime=9.1 total_steps=1 main_step_count=1 overlay_step_count=0 overlay_count=0 avg_get_focus=0.0 avg_move=0.0 avg_crop=0.0 avg_step_total=0.0 step_total_sample_count=0 avg_get_focus_main=0.0 avg_get_focus_overlay=0.0 fallback_dump_count=0 success_false_top_level_dump_attempt_count=0 success_false_top_level_dump_found_count=0 fallback_dump_rate=0.0 get_focus_strong_skip_count=0 get_focus_strong_skip_rate=0.0 step_dump_used_count=0 save_excel_count=0 realign_attempt_count=0 realign_success_count=0 realign_success_rate=0.0
[22:13:33] [RESULT] skipped anchor rows count=1
[22:13:33] [SAVE] writing sheets raw/filtered/summary/result
[22:13:33] [SAVE] filtered rows=10, raw rows=12
[22:13:33] [SAVE] saved excel: output/talkback_compare_20260414_221004.xlsx rows=12 with_images=False
[22:13:33] [RECOVER] start
[22:13:34] [SCENARIO][pre_nav][stabilization] phase='recover_initial_verify' attempt=1/2 life_selected=false app_bar_hits=0 visible_card_hits=0 life_root_signature_present=true navigate_up_hits=0 family_care_signature_seen=false final_score=1 ok=false pass_reason='' fail_reason='life_root_not_stable'
[22:13:34] [SCENARIO][pre_nav][stabilization] phase='recover_initial_verify' attempt=2/2 life_selected=false app_bar_hits=0 visible_card_hits=0 life_root_signature_present=true navigate_up_hits=0 family_care_signature_seen=false final_score=1 ok=false pass_reason='' fail_reason='life_root_not_stable'
[22:13:35] [RECOVER][state] kind='unknown' initial_verify_ok=false initial_verify_reason='life_root_not_stable' app_bar_hits=0 visible_card_hits=0 life_root_signature_present=true navigate_up_hits=0 package_signature_present=false
[22:13:35] [RECOVER][fallback] entering_select_fallback
[22:13:37] [RECOVER][fallback] parse_error='TARGET_ACTION_RESULT JSON 파싱 실패: Expecting value: line 1 column 4031 (char 4030)'
[22:13:37] [RECOVER][fallback] resource_select_success=false label_select_success=false
[22:13:37] [RECOVER] failed reason='fallback_result_parse_error'
[22:13:37] [MAIN] recovery failed but continuing scenario_id='life_family_care_plugin' tab='(?i).*life.*'
[22:13:37] [SCENARIO][stabilization] scenario='life_family_care_plugin' screen_context_mode='new_screen' stabilization_mode='anchor_only'
[22:13:38] [SCENARIO][pre_nav][stabilization] phase='plugin_start' attempt=1/2 life_selected=false app_bar_hits=0 visible_card_hits=0 life_root_signature_present=true navigate_up_hits=0 family_care_signature_seen=false final_score=1 ok=false pass_reason='' fail_reason='life_root_not_stable'
[22:13:38] [SCENARIO][pre_nav][stabilization] phase='plugin_start' attempt=2/2 life_selected=false app_bar_hits=0 visible_card_hits=0 life_root_signature_present=true navigate_up_hits=0 family_care_signature_seen=false final_score=1 ok=false pass_reason='' fail_reason='life_root_not_stable'
[22:13:38] [PLUGIN_START][life_list_check] ok=false reason='life_root_not_stable'
[22:13:38] [PLUGIN_START][recover_before_entry] triggered=true
[22:13:38] [RECOVER] start
[22:13:39] [SCENARIO][pre_nav][stabilization] phase='recover_initial_verify' attempt=1/2 life_selected=false app_bar_hits=0 visible_card_hits=0 life_root_signature_present=true navigate_up_hits=0 family_care_signature_seen=false final_score=1 ok=false pass_reason='' fail_reason='life_root_not_stable'
[22:13:39] [SCENARIO][pre_nav][stabilization] phase='recover_initial_verify' attempt=2/2 life_selected=false app_bar_hits=0 visible_card_hits=0 life_root_signature_present=true navigate_up_hits=0 family_care_signature_seen=false final_score=1 ok=false pass_reason='' fail_reason='life_root_not_stable'
[22:13:40] [RECOVER][state] kind='unknown' initial_verify_ok=false initial_verify_reason='life_root_not_stable' app_bar_hits=0 visible_card_hits=0 life_root_signature_present=true navigate_up_hits=0 package_signature_present=false
[22:13:40] [RECOVER][fallback] entering_select_fallback
[22:13:42] [RECOVER][fallback] parse_error='TARGET_ACTION_RESULT JSON 파싱 실패: Expecting value: line 1 column 4031 (char 4030)'
[22:13:42] [RECOVER][fallback] resource_select_success=false label_select_success=false
[22:13:42] [RECOVER] failed reason='fallback_result_parse_error'
[22:13:42] [PLUGIN_START][recover_before_entry] retry=1/2 reason='recover_to_start_state_failed'
[22:13:42] [RECOVER] start
[22:13:43] [SCENARIO][pre_nav][stabilization] phase='recover_initial_verify' attempt=1/2 life_selected=false app_bar_hits=0 visible_card_hits=0 life_root_signature_present=true navigate_up_hits=0 family_care_signature_seen=false final_score=1 ok=false pass_reason='' fail_reason='life_root_not_stable'
[22:13:43] [SCENARIO][pre_nav][stabilization] phase='recover_initial_verify' attempt=2/2 life_selected=false app_bar_hits=0 visible_card_hits=0 life_root_signature_present=true navigate_up_hits=0 family_care_signature_seen=false final_score=1 ok=false pass_reason='' fail_reason='life_root_not_stable'
[22:13:44] [RECOVER][state] kind='unknown' initial_verify_ok=false initial_verify_reason='life_root_not_stable' app_bar_hits=0 visible_card_hits=0 life_root_signature_present=true navigate_up_hits=0 package_signature_present=false
[22:13:44] [RECOVER][fallback] entering_select_fallback
[22:13:46] [RECOVER][fallback] parse_error='TARGET_ACTION_RESULT JSON 파싱 실패: Expecting value: line 1 column 4031 (char 4030)'
[22:13:46] [RECOVER][fallback] resource_select_success=false label_select_success=false
[22:13:46] [RECOVER] failed reason='fallback_result_parse_error'
[22:13:46] [PLUGIN_START][recover_before_entry] success=false
[22:13:46] [PERF][scenario_summary] scenario=life_family_care_plugin tab=(?i).*life.* total_runtime=8.8 total_steps=1 main_step_count=1 overlay_step_count=0 overlay_count=0 avg_get_focus=0.0 avg_move=0.0 avg_crop=0.0 avg_step_total=0.0 step_total_sample_count=0 avg_get_focus_main=0.0 avg_get_focus_overlay=0.0 fallback_dump_count=0 success_false_top_level_dump_attempt_count=0 success_false_top_level_dump_found_count=0 fallback_dump_rate=0.0 get_focus_strong_skip_count=0 get_focus_strong_skip_rate=0.0 step_dump_used_count=0 save_excel_count=0 realign_attempt_count=0 realign_success_count=0 realign_success_rate=0.0
[22:13:46] [RESULT] skipped anchor rows count=1
[22:13:46] [SAVE] writing sheets raw/filtered/summary/result
[22:13:46] [SAVE] filtered rows=11, raw rows=13
[22:13:46] [SAVE] saved excel: output/talkback_compare_20260414_221004.xlsx rows=13 with_images=False
[22:13:46] [RECOVER] start
[22:13:46] [SCENARIO][pre_nav][stabilization] phase='recover_initial_verify' attempt=1/2 life_selected=false app_bar_hits=0 visible_card_hits=0 life_root_signature_present=true navigate_up_hits=0 family_care_signature_seen=false final_score=1 ok=false pass_reason='' fail_reason='life_root_not_stable'
[22:13:47] [SCENARIO][pre_nav][stabilization] phase='recover_initial_verify' attempt=2/2 life_selected=false app_bar_hits=0 visible_card_hits=0 life_root_signature_present=true navigate_up_hits=0 family_care_signature_seen=false final_score=1 ok=false pass_reason='' fail_reason='life_root_not_stable'
[22:13:48] [RECOVER][state] kind='unknown' initial_verify_ok=false initial_verify_reason='life_root_not_stable' app_bar_hits=0 visible_card_hits=0 life_root_signature_present=true navigate_up_hits=0 package_signature_present=false
[22:13:48] [RECOVER][fallback] entering_select_fallback
[22:13:50] [RECOVER][fallback] parse_error='TARGET_ACTION_RESULT JSON 파싱 실패: Expecting value: line 1 column 4031 (char 4030)'
[22:13:50] [RECOVER][fallback] resource_select_success=false label_select_success=false
[22:13:50] [RECOVER] failed reason='fallback_result_parse_error'
[22:13:50] [MAIN] recovery failed but continuing scenario_id='life_plant_care_plugin' tab='(?i).*life.*'
[22:13:50] [SCENARIO][stabilization] scenario='life_plant_care_plugin' screen_context_mode='new_screen' stabilization_mode='anchor_only'
[22:13:50] [SCENARIO][pre_nav][stabilization] phase='plugin_start' attempt=1/2 life_selected=false app_bar_hits=0 visible_card_hits=0 life_root_signature_present=true navigate_up_hits=0 family_care_signature_seen=false final_score=1 ok=false pass_reason='' fail_reason='life_root_not_stable'
[22:13:51] [SCENARIO][pre_nav][stabilization] phase='plugin_start' attempt=2/2 life_selected=false app_bar_hits=0 visible_card_hits=0 life_root_signature_present=true navigate_up_hits=0 family_care_signature_seen=false final_score=1 ok=false pass_reason='' fail_reason='life_root_not_stable'
[22:13:51] [PLUGIN_START][life_list_check] ok=false reason='life_root_not_stable'
[22:13:51] [PLUGIN_START][recover_before_entry] triggered=true
[22:13:51] [RECOVER] start
[22:13:51] [SCENARIO][pre_nav][stabilization] phase='recover_initial_verify' attempt=1/2 life_selected=false app_bar_hits=0 visible_card_hits=0 life_root_signature_present=true navigate_up_hits=0 family_care_signature_seen=false final_score=1 ok=false pass_reason='' fail_reason='life_root_not_stable'
[22:13:52] [SCENARIO][pre_nav][stabilization] phase='recover_initial_verify' attempt=2/2 life_selected=false app_bar_hits=0 visible_card_hits=0 life_root_signature_present=true navigate_up_hits=0 family_care_signature_seen=false final_score=1 ok=false pass_reason='' fail_reason='life_root_not_stable'
[22:13:53] [RECOVER][state] kind='unknown' initial_verify_ok=false initial_verify_reason='life_root_not_stable' app_bar_hits=0 visible_card_hits=0 life_root_signature_present=true navigate_up_hits=0 package_signature_present=false
[22:13:53] [RECOVER][fallback] entering_select_fallback
[22:13:55] [RECOVER][fallback] parse_error='TARGET_ACTION_RESULT JSON 파싱 실패: Expecting value: line 1 column 4031 (char 4030)'
[22:13:55] [RECOVER][fallback] resource_select_success=false label_select_success=false
[22:13:55] [RECOVER] failed reason='fallback_result_parse_error'
[22:13:55] [PLUGIN_START][recover_before_entry] retry=1/2 reason='recover_to_start_state_failed'
[22:13:55] [RECOVER] start
[22:13:55] [SCENARIO][pre_nav][stabilization] phase='recover_initial_verify' attempt=1/2 life_selected=false app_bar_hits=0 visible_card_hits=0 life_root_signature_present=true navigate_up_hits=0 family_care_signature_seen=false final_score=1 ok=false pass_reason='' fail_reason='life_root_not_stable'
[22:13:56] [SCENARIO][pre_nav][stabilization] phase='recover_initial_verify' attempt=2/2 life_selected=false app_bar_hits=0 visible_card_hits=0 life_root_signature_present=true navigate_up_hits=0 family_care_signature_seen=false final_score=1 ok=false pass_reason='' fail_reason='life_root_not_stable'
[22:13:56] [RECOVER][state] kind='unknown' initial_verify_ok=false initial_verify_reason='life_root_not_stable' app_bar_hits=0 visible_card_hits=0 life_root_signature_present=true navigate_up_hits=0 package_signature_present=false
[22:13:56] [RECOVER][fallback] entering_select_fallback
[22:13:59] [RECOVER][fallback] parse_error='TARGET_ACTION_RESULT JSON 파싱 실패: Expecting value: line 1 column 4031 (char 4030)'
[22:13:59] [RECOVER][fallback] resource_select_success=false label_select_success=false
[22:13:59] [RECOVER] failed reason='fallback_result_parse_error'
[22:13:59] [PLUGIN_START][recover_before_entry] success=false
[22:13:59] [PERF][scenario_summary] scenario=life_plant_care_plugin tab=(?i).*life.* total_runtime=9.0 total_steps=1 main_step_count=1 overlay_step_count=0 overlay_count=0 avg_get_focus=0.0 avg_move=0.0 avg_crop=0.0 avg_step_total=0.0 step_total_sample_count=0 avg_get_focus_main=0.0 avg_get_focus_overlay=0.0 fallback_dump_count=0 success_false_top_level_dump_attempt_count=0 success_false_top_level_dump_found_count=0 fallback_dump_rate=0.0 get_focus_strong_skip_count=0 get_focus_strong_skip_rate=0.0 step_dump_used_count=0 save_excel_count=0 realign_attempt_count=0 realign_success_count=0 realign_success_rate=0.0
[22:13:59] [RESULT] skipped anchor rows count=1
[22:13:59] [SAVE] writing sheets raw/filtered/summary/result
[22:13:59] [SAVE] filtered rows=12, raw rows=14
[22:13:59] [SAVE] saved excel: output/talkback_compare_20260414_221004.xlsx rows=14 with_images=False
[22:13:59] [RECOVER] start
[22:13:59] [SCENARIO][pre_nav][stabilization] phase='recover_initial_verify' attempt=1/2 life_selected=false app_bar_hits=0 visible_card_hits=0 life_root_signature_present=true navigate_up_hits=0 family_care_signature_seen=false final_score=1 ok=false pass_reason='' fail_reason='life_root_not_stable'
[22:14:00] [SCENARIO][pre_nav][stabilization] phase='recover_initial_verify' attempt=2/2 life_selected=false app_bar_hits=0 visible_card_hits=0 life_root_signature_present=true navigate_up_hits=0 family_care_signature_seen=false final_score=1 ok=false pass_reason='' fail_reason='life_root_not_stable'
[22:14:00] [RECOVER][state] kind='unknown' initial_verify_ok=false initial_verify_reason='life_root_not_stable' app_bar_hits=0 visible_card_hits=0 life_root_signature_present=true navigate_up_hits=0 package_signature_present=false
[22:14:00] [RECOVER][fallback] entering_select_fallback
[22:14:02] [RECOVER][fallback] parse_error='TARGET_ACTION_RESULT JSON 파싱 실패: Expecting value: line 1 column 4031 (char 4030)'
[22:14:02] [RECOVER][fallback] resource_select_success=false label_select_success=false
[22:14:02] [RECOVER] failed reason='fallback_result_parse_error'
[22:14:02] [MAIN] recovery failed but continuing scenario_id='life_clothing_care_plugin' tab='(?i).*life.*'
[22:14:02] [SCENARIO][stabilization] scenario='life_clothing_care_plugin' screen_context_mode='new_screen' stabilization_mode='anchor_only'
[22:14:03] [SCENARIO][pre_nav][stabilization] phase='plugin_start' attempt=1/2 life_selected=false app_bar_hits=0 visible_card_hits=0 life_root_signature_present=true navigate_up_hits=0 family_care_signature_seen=false final_score=1 ok=false pass_reason='' fail_reason='life_root_not_stable'
[22:14:04] [SCENARIO][pre_nav][stabilization] phase='plugin_start' attempt=2/2 life_selected=false app_bar_hits=0 visible_card_hits=0 life_root_signature_present=true navigate_up_hits=0 family_care_signature_seen=false final_score=1 ok=false pass_reason='' fail_reason='life_root_not_stable'
[22:14:04] [PLUGIN_START][life_list_check] ok=false reason='life_root_not_stable'
[22:14:04] [PLUGIN_START][recover_before_entry] triggered=true
[22:14:04] [RECOVER] start
[22:14:04] [SCENARIO][pre_nav][stabilization] phase='recover_initial_verify' attempt=1/2 life_selected=false app_bar_hits=0 visible_card_hits=0 life_root_signature_present=true navigate_up_hits=0 family_care_signature_seen=false final_score=1 ok=false pass_reason='' fail_reason='life_root_not_stable'
[22:14:05] [SCENARIO][pre_nav][stabilization] phase='recover_initial_verify' attempt=2/2 life_selected=false app_bar_hits=0 visible_card_hits=0 life_root_signature_present=true navigate_up_hits=0 family_care_signature_seen=false final_score=1 ok=false pass_reason='' fail_reason='life_root_not_stable'
[22:14:05] [RECOVER][state] kind='unknown' initial_verify_ok=false initial_verify_reason='life_root_not_stable' app_bar_hits=0 visible_card_hits=0 life_root_signature_present=true navigate_up_hits=0 package_signature_present=false
[22:14:05] [RECOVER][fallback] entering_select_fallback
[22:14:07] [RECOVER][fallback] parse_error='TARGET_ACTION_RESULT JSON 파싱 실패: Expecting value: line 1 column 4031 (char 4030)'
[22:14:07] [RECOVER][fallback] resource_select_success=false label_select_success=false
[22:14:07] [RECOVER] failed reason='fallback_result_parse_error'
[22:14:07] [PLUGIN_START][recover_before_entry] retry=1/2 reason='recover_to_start_state_failed'
[22:14:07] [RECOVER] start
[22:14:08] [SCENARIO][pre_nav][stabilization] phase='recover_initial_verify' attempt=1/2 life_selected=false app_bar_hits=0 visible_card_hits=0 life_root_signature_present=true navigate_up_hits=0 family_care_signature_seen=false final_score=1 ok=false pass_reason='' fail_reason='life_root_not_stable'
[22:14:09] [SCENARIO][pre_nav][stabilization] phase='recover_initial_verify' attempt=2/2 life_selected=false app_bar_hits=0 visible_card_hits=0 life_root_signature_present=true navigate_up_hits=0 family_care_signature_seen=false final_score=1 ok=false pass_reason='' fail_reason='life_root_not_stable'
[22:14:09] [RECOVER][state] kind='unknown' initial_verify_ok=false initial_verify_reason='life_root_not_stable' app_bar_hits=0 visible_card_hits=0 life_root_signature_present=true navigate_up_hits=0 package_signature_present=false
[22:14:09] [RECOVER][fallback] entering_select_fallback
[22:14:11] [RECOVER][fallback] parse_error='TARGET_ACTION_RESULT JSON 파싱 실패: Expecting value: line 1 column 4031 (char 4030)'
[22:14:11] [RECOVER][fallback] resource_select_success=false label_select_success=false
[22:14:11] [RECOVER] failed reason='fallback_result_parse_error'
[22:14:11] [PLUGIN_START][recover_before_entry] success=false
[22:14:11] [PERF][scenario_summary] scenario=life_clothing_care_plugin tab=(?i).*life.* total_runtime=8.4 total_steps=1 main_step_count=1 overlay_step_count=0 overlay_count=0 avg_get_focus=0.0 avg_move=0.0 avg_crop=0.0 avg_step_total=0.0 step_total_sample_count=0 avg_get_focus_main=0.0 avg_get_focus_overlay=0.0 fallback_dump_count=0 success_false_top_level_dump_attempt_count=0 success_false_top_level_dump_found_count=0 fallback_dump_rate=0.0 get_focus_strong_skip_count=0 get_focus_strong_skip_rate=0.0 step_dump_used_count=0 save_excel_count=0 realign_attempt_count=0 realign_success_count=0 realign_success_rate=0.0
[22:14:11] [RESULT] skipped anchor rows count=1
[22:14:11] [SAVE] writing sheets raw/filtered/summary/result
[22:14:11] [SAVE] filtered rows=13, raw rows=15
[22:14:11] [SAVE] saved excel: output/talkback_compare_20260414_221004.xlsx rows=15 with_images=False
[22:14:11] [RECOVER] start
[22:14:12] [SCENARIO][pre_nav][stabilization] phase='recover_initial_verify' attempt=1/2 life_selected=false app_bar_hits=0 visible_card_hits=0 life_root_signature_present=true navigate_up_hits=0 family_care_signature_seen=false final_score=1 ok=false pass_reason='' fail_reason='life_root_not_stable'
[22:14:13] [SCENARIO][pre_nav][stabilization] phase='recover_initial_verify' attempt=2/2 life_selected=false app_bar_hits=0 visible_card_hits=0 life_root_signature_present=true navigate_up_hits=0 family_care_signature_seen=false final_score=1 ok=false pass_reason='' fail_reason='life_root_not_stable'
[22:14:13] [RECOVER][state] kind='unknown' initial_verify_ok=false initial_verify_reason='life_root_not_stable' app_bar_hits=0 visible_card_hits=0 life_root_signature_present=true navigate_up_hits=0 package_signature_present=false
[22:14:13] [RECOVER][fallback] entering_select_fallback
[22:14:15] [RECOVER][fallback] parse_error='TARGET_ACTION_RESULT JSON 파싱 실패: Expecting value: line 1 column 4031 (char 4030)'
[22:14:15] [RECOVER][fallback] resource_select_success=false label_select_success=false
[22:14:15] [RECOVER] failed reason='fallback_result_parse_error'
[22:14:15] [MAIN] recovery failed but continuing scenario_id='life_find_plugin' tab='(?i).*life.*'
[22:14:15] [SCENARIO][stabilization] scenario='life_find_plugin' screen_context_mode='new_screen' stabilization_mode='anchor_only'
[22:14:15] [SCENARIO][pre_nav][stabilization] phase='plugin_start' attempt=1/2 life_selected=false app_bar_hits=0 visible_card_hits=0 life_root_signature_present=true navigate_up_hits=0 family_care_signature_seen=false final_score=1 ok=false pass_reason='' fail_reason='life_root_not_stable'
[22:14:17] [SCENARIO][pre_nav][stabilization] phase='plugin_start' attempt=2/2 life_selected=false app_bar_hits=0 visible_card_hits=0 life_root_signature_present=true navigate_up_hits=0 family_care_signature_seen=false final_score=1 ok=false pass_reason='' fail_reason='life_root_not_stable'
[22:14:17] [PLUGIN_START][life_list_check] ok=false reason='life_root_not_stable'
[22:14:17] [PLUGIN_START][recover_before_entry] triggered=true
[22:14:17] [RECOVER] start
[22:14:17] [SCENARIO][pre_nav][stabilization] phase='recover_initial_verify' attempt=1/2 life_selected=false app_bar_hits=0 visible_card_hits=0 life_root_signature_present=true navigate_up_hits=0 family_care_signature_seen=false final_score=1 ok=false pass_reason='' fail_reason='life_root_not_stable'
[22:14:18] [SCENARIO][pre_nav][stabilization] phase='recover_initial_verify' attempt=2/2 life_selected=false app_bar_hits=0 visible_card_hits=0 life_root_signature_present=true navigate_up_hits=0 family_care_signature_seen=false final_score=1 ok=false pass_reason='' fail_reason='life_root_not_stable'
[22:14:18] [RECOVER][state] kind='unknown' initial_verify_ok=false initial_verify_reason='life_root_not_stable' app_bar_hits=0 visible_card_hits=0 life_root_signature_present=true navigate_up_hits=0 package_signature_present=false
[22:14:18] [RECOVER][fallback] entering_select_fallback
[22:14:20] [RECOVER][fallback] parse_error='TARGET_ACTION_RESULT JSON 파싱 실패: Expecting value: line 1 column 4031 (char 4030)'
[22:14:20] [RECOVER][fallback] resource_select_success=false label_select_success=false
[22:14:20] [RECOVER] failed reason='fallback_result_parse_error'
[22:14:20] [PLUGIN_START][recover_before_entry] retry=1/2 reason='recover_to_start_state_failed'
[22:14:20] [RECOVER] start
[22:14:20] [SCENARIO][pre_nav][stabilization] phase='recover_initial_verify' attempt=1/2 life_selected=false app_bar_hits=0 visible_card_hits=0 life_root_signature_present=true navigate_up_hits=0 family_care_signature_seen=false final_score=1 ok=false pass_reason='' fail_reason='life_root_not_stable'
[22:14:22] [SCENARIO][pre_nav][stabilization] phase='recover_initial_verify' attempt=2/2 life_selected=false app_bar_hits=0 visible_card_hits=0 life_root_signature_present=true navigate_up_hits=0 family_care_signature_seen=false final_score=1 ok=false pass_reason='' fail_reason='life_root_not_stable'
[22:14:22] [RECOVER][state] kind='unknown' initial_verify_ok=false initial_verify_reason='life_root_not_stable' app_bar_hits=0 visible_card_hits=0 life_root_signature_present=true navigate_up_hits=0 package_signature_present=false
[22:14:22] [RECOVER][fallback] entering_select_fallback
[22:14:24] [RECOVER][fallback] parse_error='TARGET_ACTION_RESULT JSON 파싱 실패: Expecting value: line 1 column 4031 (char 4030)'
[22:14:24] [RECOVER][fallback] resource_select_success=false label_select_success=false
[22:14:24] [RECOVER] failed reason='fallback_result_parse_error'
[22:14:24] [PLUGIN_START][recover_before_entry] success=false
[22:14:24] [PERF][scenario_summary] scenario=life_find_plugin tab=(?i).*life.* total_runtime=8.9 total_steps=1 main_step_count=1 overlay_step_count=0 overlay_count=0 avg_get_focus=0.0 avg_move=0.0 avg_crop=0.0 avg_step_total=0.0 step_total_sample_count=0 avg_get_focus_main=0.0 avg_get_focus_overlay=0.0 fallback_dump_count=0 success_false_top_level_dump_attempt_count=0 success_false_top_level_dump_found_count=0 fallback_dump_rate=0.0 get_focus_strong_skip_count=0 get_focus_strong_skip_rate=0.0 step_dump_used_count=0 save_excel_count=0 realign_attempt_count=0 realign_success_count=0 realign_success_rate=0.0
[22:14:24] [RESULT] skipped anchor rows count=1
[22:14:24] [SAVE] writing sheets raw/filtered/summary/result
[22:14:24] [SAVE] filtered rows=14, raw rows=16
[22:14:24] [SAVE] saved excel: output/talkback_compare_20260414_221004.xlsx rows=16 with_images=False
[22:14:24] [RECOVER] start
[22:14:24] [SCENARIO][pre_nav][stabilization] phase='recover_initial_verify' attempt=1/2 life_selected=false app_bar_hits=0 visible_card_hits=0 life_root_signature_present=true navigate_up_hits=0 family_care_signature_seen=false final_score=1 ok=false pass_reason='' fail_reason='life_root_not_stable'
[22:14:25] [SCENARIO][pre_nav][stabilization] phase='recover_initial_verify' attempt=2/2 life_selected=false app_bar_hits=0 visible_card_hits=0 life_root_signature_present=true navigate_up_hits=0 family_care_signature_seen=false final_score=1 ok=false pass_reason='' fail_reason='life_root_not_stable'
[22:14:26] [RECOVER][state] kind='unknown' initial_verify_ok=false initial_verify_reason='life_root_not_stable' app_bar_hits=0 visible_card_hits=0 life_root_signature_present=true navigate_up_hits=0 package_signature_present=false
[22:14:26] [RECOVER][fallback] entering_select_fallback
[22:14:28] [RECOVER][fallback] parse_error='TARGET_ACTION_RESULT JSON 파싱 실패: Expecting value: line 1 column 4031 (char 4030)'
[22:14:28] [RECOVER][fallback] resource_select_success=false label_select_success=false
[22:14:28] [RECOVER] failed reason='fallback_result_parse_error'
[22:14:28] [MAIN] recovery failed but continuing scenario_id='life_video_plugin' tab='(?i).*life.*'
[22:14:28] [SCENARIO][stabilization] scenario='life_video_plugin' screen_context_mode='new_screen' stabilization_mode='anchor_only'
[22:14:28] [SCENARIO][pre_nav][stabilization] phase='plugin_start' attempt=1/2 life_selected=false app_bar_hits=0 visible_card_hits=0 life_root_signature_present=true navigate_up_hits=0 family_care_signature_seen=false final_score=1 ok=false pass_reason='' fail_reason='life_root_not_stable'
[22:14:29] [SCENARIO][pre_nav][stabilization] phase='plugin_start' attempt=2/2 life_selected=false app_bar_hits=0 visible_card_hits=0 life_root_signature_present=true navigate_up_hits=0 family_care_signature_seen=false final_score=1 ok=false pass_reason='' fail_reason='life_root_not_stable'
[22:14:29] [PLUGIN_START][life_list_check] ok=false reason='life_root_not_stable'
[22:14:29] [PLUGIN_START][recover_before_entry] triggered=true
[22:14:29] [RECOVER] start
[22:14:30] [SCENARIO][pre_nav][stabilization] phase='recover_initial_verify' attempt=1/2 life_selected=false app_bar_hits=0 visible_card_hits=0 life_root_signature_present=true navigate_up_hits=0 family_care_signature_seen=false final_score=1 ok=false pass_reason='' fail_reason='life_root_not_stable'
[22:14:30] [SCENARIO][pre_nav][stabilization] phase='recover_initial_verify' attempt=2/2 life_selected=false app_bar_hits=0 visible_card_hits=0 life_root_signature_present=true navigate_up_hits=0 family_care_signature_seen=false final_score=1 ok=false pass_reason='' fail_reason='life_root_not_stable'
[22:14:31] [RECOVER][state] kind='unknown' initial_verify_ok=false initial_verify_reason='life_root_not_stable' app_bar_hits=0 visible_card_hits=0 life_root_signature_present=true navigate_up_hits=0 package_signature_present=false
[22:14:31] [RECOVER][fallback] entering_select_fallback
[22:14:33] [RECOVER][fallback] parse_error='TARGET_ACTION_RESULT JSON 파싱 실패: Expecting value: line 1 column 4031 (char 4030)'
[22:14:33] [RECOVER][fallback] resource_select_success=false label_select_success=false
[22:14:33] [RECOVER] failed reason='fallback_result_parse_error'
[22:14:33] [PLUGIN_START][recover_before_entry] retry=1/2 reason='recover_to_start_state_failed'
[22:14:33] [RECOVER] start
[22:14:33] [SCENARIO][pre_nav][stabilization] phase='recover_initial_verify' attempt=1/2 life_selected=false app_bar_hits=0 visible_card_hits=0 life_root_signature_present=true navigate_up_hits=0 family_care_signature_seen=false final_score=1 ok=false pass_reason='' fail_reason='life_root_not_stable'
[22:14:34] [SCENARIO][pre_nav][stabilization] phase='recover_initial_verify' attempt=2/2 life_selected=false app_bar_hits=0 visible_card_hits=0 life_root_signature_present=true navigate_up_hits=0 family_care_signature_seen=false final_score=1 ok=false pass_reason='' fail_reason='life_root_not_stable'
[22:14:35] [RECOVER][state] kind='unknown' initial_verify_ok=false initial_verify_reason='life_root_not_stable' app_bar_hits=0 visible_card_hits=0 life_root_signature_present=true navigate_up_hits=0 package_signature_present=false
[22:14:35] [RECOVER][fallback] entering_select_fallback
[22:14:37] [RECOVER][fallback] parse_error='TARGET_ACTION_RESULT JSON 파싱 실패: Expecting value: line 1 column 4031 (char 4030)'
[22:14:37] [RECOVER][fallback] resource_select_success=false label_select_success=false
[22:14:37] [RECOVER] failed reason='fallback_result_parse_error'
[22:14:37] [PLUGIN_START][recover_before_entry] success=false
[22:14:37] [PERF][scenario_summary] scenario=life_video_plugin tab=(?i).*life.* total_runtime=8.9 total_steps=1 main_step_count=1 overlay_step_count=0 overlay_count=0 avg_get_focus=0.0 avg_move=0.0 avg_crop=0.0 avg_step_total=0.0 step_total_sample_count=0 avg_get_focus_main=0.0 avg_get_focus_overlay=0.0 fallback_dump_count=0 success_false_top_level_dump_attempt_count=0 success_false_top_level_dump_found_count=0 fallback_dump_rate=0.0 get_focus_strong_skip_count=0 get_focus_strong_skip_rate=0.0 step_dump_used_count=0 save_excel_count=0 realign_attempt_count=0 realign_success_count=0 realign_success_rate=0.0
[22:14:37] [RESULT] skipped anchor rows count=1
[22:14:37] [SAVE] writing sheets raw/filtered/summary/result
[22:14:37] [SAVE] filtered rows=15, raw rows=17
[22:14:37] [SAVE] saved excel: output/talkback_compare_20260414_221004.xlsx rows=17 with_images=False
[22:14:37] [RECOVER] start
[22:14:37] [SCENARIO][pre_nav][stabilization] phase='recover_initial_verify' attempt=1/2 life_selected=false app_bar_hits=0 visible_card_hits=0 life_root_signature_present=true navigate_up_hits=0 family_care_signature_seen=false final_score=1 ok=false pass_reason='' fail_reason='life_root_not_stable'
[22:14:38] [SCENARIO][pre_nav][stabilization] phase='recover_initial_verify' attempt=2/2 life_selected=false app_bar_hits=0 visible_card_hits=0 life_root_signature_present=true navigate_up_hits=0 family_care_signature_seen=false final_score=1 ok=false pass_reason='' fail_reason='life_root_not_stable'
[22:14:39] [RECOVER][state] kind='unknown' initial_verify_ok=false initial_verify_reason='life_root_not_stable' app_bar_hits=0 visible_card_hits=0 life_root_signature_present=true navigate_up_hits=0 package_signature_present=false
[22:14:39] [RECOVER][fallback] entering_select_fallback
[22:14:40] [RECOVER][fallback] parse_error='TARGET_ACTION_RESULT JSON 파싱 실패: Expecting value: line 1 column 4031 (char 4030)'
[22:14:40] [RECOVER][fallback] resource_select_success=false label_select_success=false
[22:14:40] [RECOVER] failed reason='fallback_result_parse_error'
[22:14:40] [MAIN] recovery failed but continuing scenario_id='life_home_monitor_plugin' tab='(?i).*life.*'
[22:14:40] [SCENARIO][stabilization] scenario='life_home_monitor_plugin' screen_context_mode='new_screen' stabilization_mode='anchor_only'
[22:14:41] [SCENARIO][pre_nav][stabilization] phase='plugin_start' attempt=1/2 life_selected=false app_bar_hits=0 visible_card_hits=0 life_root_signature_present=true navigate_up_hits=0 family_care_signature_seen=false final_score=1 ok=false pass_reason='' fail_reason='life_root_not_stable'
[22:14:42] [SCENARIO][pre_nav][stabilization] phase='plugin_start' attempt=2/2 life_selected=false app_bar_hits=0 visible_card_hits=0 life_root_signature_present=true navigate_up_hits=0 family_care_signature_seen=false final_score=1 ok=false pass_reason='' fail_reason='life_root_not_stable'
[22:14:42] [PLUGIN_START][life_list_check] ok=false reason='life_root_not_stable'
[22:14:42] [PLUGIN_START][recover_before_entry] triggered=true
[22:14:42] [RECOVER] start
[22:14:42] [SCENARIO][pre_nav][stabilization] phase='recover_initial_verify' attempt=1/2 life_selected=false app_bar_hits=0 visible_card_hits=0 life_root_signature_present=true navigate_up_hits=0 family_care_signature_seen=false final_score=1 ok=false pass_reason='' fail_reason='life_root_not_stable'
[22:14:43] [SCENARIO][pre_nav][stabilization] phase='recover_initial_verify' attempt=2/2 life_selected=false app_bar_hits=0 visible_card_hits=0 life_root_signature_present=true navigate_up_hits=0 family_care_signature_seen=false final_score=1 ok=false pass_reason='' fail_reason='life_root_not_stable'
[22:14:44] [RECOVER][state] kind='unknown' initial_verify_ok=false initial_verify_reason='life_root_not_stable' app_bar_hits=0 visible_card_hits=0 life_root_signature_present=true navigate_up_hits=0 package_signature_present=false
[22:14:44] [RECOVER][fallback] entering_select_fallback
[22:14:45] [RECOVER][fallback] parse_error='TARGET_ACTION_RESULT JSON 파싱 실패: Expecting value: line 1 column 4031 (char 4030)'
[22:14:45] [RECOVER][fallback] resource_select_success=false label_select_success=false
[22:14:45] [RECOVER] failed reason='fallback_result_parse_error'
[22:14:45] [PLUGIN_START][recover_before_entry] retry=1/2 reason='recover_to_start_state_failed'
[22:14:45] [RECOVER] start
[22:14:46] [SCENARIO][pre_nav][stabilization] phase='recover_initial_verify' attempt=1/2 life_selected=false app_bar_hits=0 visible_card_hits=0 life_root_signature_present=true navigate_up_hits=0 family_care_signature_seen=false final_score=1 ok=false pass_reason='' fail_reason='life_root_not_stable'
[22:14:47] [SCENARIO][pre_nav][stabilization] phase='recover_initial_verify' attempt=2/2 life_selected=false app_bar_hits=0 visible_card_hits=0 life_root_signature_present=true navigate_up_hits=0 family_care_signature_seen=false final_score=1 ok=false pass_reason='' fail_reason='life_root_not_stable'
[22:14:47] [RECOVER][state] kind='unknown' initial_verify_ok=false initial_verify_reason='life_root_not_stable' app_bar_hits=0 visible_card_hits=0 life_root_signature_present=true navigate_up_hits=0 package_signature_present=false
[22:14:47] [RECOVER][fallback] entering_select_fallback
[22:14:49] [RECOVER][fallback] parse_error='TARGET_ACTION_RESULT JSON 파싱 실패: Expecting value: line 1 column 4031 (char 4030)'
[22:14:49] [RECOVER][fallback] resource_select_success=false label_select_success=false
[22:14:49] [RECOVER] failed reason='fallback_result_parse_error'
[22:14:49] [PLUGIN_START][recover_before_entry] success=false
[22:14:49] [PERF][scenario_summary] scenario=life_home_monitor_plugin tab=(?i).*life.* total_runtime=8.8 total_steps=1 main_step_count=1 overlay_step_count=0 overlay_count=0 avg_get_focus=0.0 avg_move=0.0 avg_crop=0.0 avg_step_total=0.0 step_total_sample_count=0 avg_get_focus_main=0.0 avg_get_focus_overlay=0.0 fallback_dump_count=0 success_false_top_level_dump_attempt_count=0 success_false_top_level_dump_found_count=0 fallback_dump_rate=0.0 get_focus_strong_skip_count=0 get_focus_strong_skip_rate=0.0 step_dump_used_count=0 save_excel_count=0 realign_attempt_count=0 realign_success_count=0 realign_success_rate=0.0
[22:14:49] [RESULT] skipped anchor rows count=1
[22:14:49] [SAVE] writing sheets raw/filtered/summary/result
[22:14:49] [SAVE] filtered rows=16, raw rows=18
[22:14:49] [SAVE] saved excel: output/talkback_compare_20260414_221004.xlsx rows=18 with_images=False
[22:14:49] [RECOVER] start
[22:14:50] [SCENARIO][pre_nav][stabilization] phase='recover_initial_verify' attempt=1/2 life_selected=false app_bar_hits=0 visible_card_hits=0 life_root_signature_present=true navigate_up_hits=0 family_care_signature_seen=false final_score=1 ok=false pass_reason='' fail_reason='life_root_not_stable'
[22:14:51] [SCENARIO][pre_nav][stabilization] phase='recover_initial_verify' attempt=2/2 life_selected=false app_bar_hits=0 visible_card_hits=0 life_root_signature_present=true navigate_up_hits=0 family_care_signature_seen=false final_score=1 ok=false pass_reason='' fail_reason='life_root_not_stable'
[22:14:51] [RECOVER][state] kind='unknown' initial_verify_ok=false initial_verify_reason='life_root_not_stable' app_bar_hits=0 visible_card_hits=0 life_root_signature_present=true navigate_up_hits=0 package_signature_present=false
[22:14:51] [RECOVER][fallback] entering_select_fallback
[22:14:53] [RECOVER][fallback] parse_error='TARGET_ACTION_RESULT JSON 파싱 실패: Expecting value: line 1 column 4031 (char 4030)'
[22:14:53] [RECOVER][fallback] resource_select_success=false label_select_success=false
[22:14:53] [RECOVER] failed reason='fallback_result_parse_error'
[22:14:53] [MAIN] recovery failed but continuing scenario_id='life_music_sync_plugin' tab='(?i).*life.*'
[22:14:53] [SCENARIO][stabilization] scenario='life_music_sync_plugin' screen_context_mode='new_screen' stabilization_mode='anchor_only'
[22:14:54] [SCENARIO][pre_nav][stabilization] phase='plugin_start' attempt=1/2 life_selected=false app_bar_hits=0 visible_card_hits=0 life_root_signature_present=true navigate_up_hits=0 family_care_signature_seen=false final_score=1 ok=false pass_reason='' fail_reason='life_root_not_stable'
[22:14:54] [SCENARIO][pre_nav][stabilization] phase='plugin_start' attempt=2/2 life_selected=false app_bar_hits=0 visible_card_hits=0 life_root_signature_present=true navigate_up_hits=0 family_care_signature_seen=false final_score=1 ok=false pass_reason='' fail_reason='life_root_not_stable'
[22:14:54] [PLUGIN_START][life_list_check] ok=false reason='life_root_not_stable'
[22:14:54] [PLUGIN_START][recover_before_entry] triggered=true
[22:14:54] [RECOVER] start
[22:14:55] [SCENARIO][pre_nav][stabilization] phase='recover_initial_verify' attempt=1/2 life_selected=false app_bar_hits=0 visible_card_hits=0 life_root_signature_present=true navigate_up_hits=0 family_care_signature_seen=false final_score=1 ok=false pass_reason='' fail_reason='life_root_not_stable'
[22:14:56] [SCENARIO][pre_nav][stabilization] phase='recover_initial_verify' attempt=2/2 life_selected=false app_bar_hits=0 visible_card_hits=0 life_root_signature_present=true navigate_up_hits=0 family_care_signature_seen=false final_score=1 ok=false pass_reason='' fail_reason='life_root_not_stable'
[22:14:57] [RECOVER][state] kind='unknown' initial_verify_ok=false initial_verify_reason='life_root_not_stable' app_bar_hits=0 visible_card_hits=0 life_root_signature_present=true navigate_up_hits=0 package_signature_present=false
[22:14:57] [RECOVER][fallback] entering_select_fallback
[22:14:58] [RECOVER][fallback] parse_error='TARGET_ACTION_RESULT JSON 파싱 실패: Expecting value: line 1 column 4031 (char 4030)'
[22:14:58] [RECOVER][fallback] resource_select_success=false label_select_success=false
[22:14:58] [RECOVER] failed reason='fallback_result_parse_error'
[22:14:58] [PLUGIN_START][recover_before_entry] retry=1/2 reason='recover_to_start_state_failed'
[22:14:58] [RECOVER] start
[22:14:59] [SCENARIO][pre_nav][stabilization] phase='recover_initial_verify' attempt=1/2 life_selected=false app_bar_hits=0 visible_card_hits=0 life_root_signature_present=true navigate_up_hits=0 family_care_signature_seen=false final_score=1 ok=false pass_reason='' fail_reason='life_root_not_stable'
[22:14:59] [SCENARIO][pre_nav][stabilization] phase='recover_initial_verify' attempt=2/2 life_selected=false app_bar_hits=0 visible_card_hits=0 life_root_signature_present=true navigate_up_hits=0 family_care_signature_seen=false final_score=1 ok=false pass_reason='' fail_reason='life_root_not_stable'
[22:15:00] [RECOVER][state] kind='unknown' initial_verify_ok=false initial_verify_reason='life_root_not_stable' app_bar_hits=0 visible_card_hits=0 life_root_signature_present=true navigate_up_hits=0 package_signature_present=false
[22:15:00] [RECOVER][fallback] entering_select_fallback
[22:15:02] [RECOVER][fallback] parse_error='TARGET_ACTION_RESULT JSON 파싱 실패: Expecting value: line 1 column 4031 (char 4030)'
[22:15:02] [RECOVER][fallback] resource_select_success=false label_select_success=false
[22:15:02] [RECOVER] failed reason='fallback_result_parse_error'
[22:15:02] [PLUGIN_START][recover_before_entry] success=false
[22:15:02] [PERF][scenario_summary] scenario=life_music_sync_plugin tab=(?i).*life.* total_runtime=9.0 total_steps=1 main_step_count=1 overlay_step_count=0 overlay_count=0 avg_get_focus=0.0 avg_move=0.0 avg_crop=0.0 avg_step_total=0.0 step_total_sample_count=0 avg_get_focus_main=0.0 avg_get_focus_overlay=0.0 fallback_dump_count=0 success_false_top_level_dump_attempt_count=0 success_false_top_level_dump_found_count=0 fallback_dump_rate=0.0 get_focus_strong_skip_count=0 get_focus_strong_skip_rate=0.0 step_dump_used_count=0 save_excel_count=0 realign_attempt_count=0 realign_success_count=0 realign_success_rate=0.0
[22:15:02] [RESULT] skipped anchor rows count=1
[22:15:02] [SAVE] writing sheets raw/filtered/summary/result
[22:15:02] [SAVE] filtered rows=17, raw rows=19
[22:15:02] [SAVE] saved excel: output/talkback_compare_20260414_221004.xlsx rows=19 with_images=False
[22:15:02] [RESULT] skipped anchor rows count=1
[22:15:02] [SAVE] writing sheets raw/filtered/summary/result
[22:15:02] [SAVE] filtered rows=17, raw rows=19
[22:15:03] [SAVE] saved excel: output/talkback_compare_20260414_221004.xlsx rows=19 with_images=True
[22:15:03] [MAIN] final save complete
[22:15:03] [PERF][run_summary] total_runtime=297.7 total_scenarios=11 total_steps=19 total_overlay_count=1 avg_get_focus=0.315 avg_move=0.235 fallback_dump_count=0 success_false_top_level_dump_attempt_count=0 success_false_top_level_dump_found_count=0 fallback_dump_rate=0.0 get_focus_strong_skip_rate=47.4 realign_success_rate=100.0 save_excel_count=16
