[21:23:31] [SAVE][temp] override tmp='D:\Python test\talkback-a11y-helper\output\.tmp' temp='D:\Python test\talkback-a11y-helper\output\.tmp' applied=true
[21:23:31] [MAIN] script start (version=1.7.81, log_level=NORMAL)
[21:23:32] [PREFLIGHT] talkback status='enabled'
[21:23:32] [MAIN] output file: output/talkback_compare_20260414_212331.xlsx
[21:23:32] [MAIN] image dir base: output\talkback_compare_20260414_212331
[21:23:32] [CONFIG] runtime config loaded path='config\runtime_config.json'
[21:23:32] [GLOBAL_NAV][guard] forcing stabilization_mode='tab_context' scenario='global_nav_main' requested='anchor_then_context'
[21:23:32] [CONFIG] scenario resolved scenario='global_nav_main' group='main_tabs' max_steps=10 enabled=False
[21:23:32] [CONFIG] applied shared_navigation='default_global_nav'
[21:23:32] [CONFIG] scenario enabled scenario='global_nav_main' source='runtime' enabled=False base_enabled=False
[21:23:32] [CONFIG] scenario resolved scenario='home_main' group='main_tabs' max_steps=5 enabled=False
[21:23:32] [CONFIG] applied shared_navigation='bottom_tab_global_nav'
[21:23:32] [CONFIG] scenario enabled scenario='home_main' source='runtime' enabled=False base_enabled=False
[21:23:32] [CONFIG] scenario resolved scenario='life_food_plugin' group='plugin_screen' max_steps=5 enabled=False
[21:23:32] [CONFIG] applied pre_navigation_ref='enter_food_plugin'
[21:23:32] [CONFIG] scenario enabled scenario='life_food_plugin' source='runtime' enabled=False base_enabled=False
[21:23:32] [CONFIG] scenario resolved scenario='life_air_care_plugin' group='-' max_steps=5 enabled=True
[21:23:32] [CONFIG] scenario enabled scenario='life_air_care_plugin' source='runtime' enabled=True base_enabled=False
[21:23:32] [CONFIG] scenario resolved scenario='life_home_care_plugin' group='-' max_steps=5 enabled=False
[21:23:32] [CONFIG] scenario enabled scenario='life_home_care_plugin' source='runtime' enabled=False base_enabled=False
[21:23:32] [CONFIG] scenario resolved scenario='life_energy_plugin' group='-' max_steps=5 enabled=False
[21:23:32] [CONFIG] scenario enabled scenario='life_energy_plugin' source='runtime' enabled=False base_enabled=False
[21:23:32] [CONFIG] scenario resolved scenario='devices_main' group='main_tabs' max_steps=10 enabled=False
[21:23:32] [CONFIG] applied shared_navigation='bottom_tab_global_nav'
[21:23:32] [CONFIG] applied anchor_ref='home_tab_anchor'
[21:23:32] [CONFIG] scenario enabled scenario='devices_main' source='runtime' enabled=False base_enabled=False
[21:23:32] [CONFIG] scenario resolved scenario='life_main' group='main_tabs' max_steps=30 enabled=False
[21:23:32] [CONFIG] applied shared_navigation='bottom_tab_global_nav'
[21:23:32] [CONFIG] scenario enabled scenario='life_main' source='runtime' enabled=False base_enabled=False
[21:23:32] [CONFIG] scenario resolved scenario='routines_main' group='main_tabs' max_steps=30 enabled=False
[21:23:32] [CONFIG] applied shared_navigation='bottom_tab_global_nav'
[21:23:32] [CONFIG] scenario enabled scenario='routines_main' source='runtime' enabled=False base_enabled=False
[21:23:32] [CONFIG] scenario resolved scenario='menu_main' group='main_tabs' max_steps=30 enabled=False
[21:23:32] [CONFIG] applied shared_navigation='bottom_tab_global_nav'
[21:23:32] [CONFIG] scenario enabled scenario='menu_main' source='runtime' enabled=False base_enabled=False
[21:23:32] [CONFIG] scenario resolved scenario='settings_entry_example' group='plugin_screen' max_steps=5 enabled=False
[21:23:32] [CONFIG] applied anchor_ref='settings_button_anchor'
[21:23:32] [CONFIG] applied pre_navigation_ref='enter_settings'
[21:23:32] [CONFIG] scenario enabled scenario='settings_entry_example' source='runtime' enabled=False base_enabled=False
[21:23:32] [CONFIG] scenario resolved scenario='life_pet_care_plugin' group='-' max_steps=5 enabled=False
[21:23:32] [CONFIG] scenario enabled scenario='life_pet_care_plugin' source='runtime' enabled=False base_enabled=False
[21:23:32] [CONFIG] scenario resolved scenario='life_family_care_plugin' group='-' max_steps=5 enabled=False
[21:23:32] [CONFIG] scenario enabled scenario='life_family_care_plugin' source='runtime' enabled=False base_enabled=False
[21:23:32] [CONFIG] scenario resolved scenario='life_plant_care_plugin' group='-' max_steps=5 enabled=False
[21:23:32] [CONFIG] scenario enabled scenario='life_plant_care_plugin' source='runtime' enabled=False base_enabled=False
[21:23:32] [CONFIG] scenario resolved scenario='life_clothing_care_plugin' group='-' max_steps=5 enabled=False
[21:23:32] [CONFIG] scenario enabled scenario='life_clothing_care_plugin' source='runtime' enabled=False base_enabled=False
[21:23:32] [CONFIG] scenario resolved scenario='life_find_plugin' group='-' max_steps=5 enabled=False
[21:23:32] [CONFIG] scenario enabled scenario='life_find_plugin' source='runtime' enabled=False base_enabled=False
[21:23:32] [CONFIG] scenario resolved scenario='life_video_plugin' group='-' max_steps=5 enabled=False
[21:23:32] [CONFIG] scenario enabled scenario='life_video_plugin' source='runtime' enabled=False base_enabled=False
[21:23:32] [CONFIG] scenario resolved scenario='life_home_monitor_plugin' group='-' max_steps=5 enabled=False
[21:23:32] [CONFIG] scenario enabled scenario='life_home_monitor_plugin' source='runtime' enabled=False base_enabled=False
[21:23:32] [CONFIG] scenario resolved scenario='life_music_sync_plugin' group='-' max_steps=5 enabled=False
[21:23:32] [CONFIG] scenario enabled scenario='life_music_sync_plugin' source='runtime' enabled=False base_enabled=False
[21:23:32] [MAIN] skip disabled scenario_id='global_nav_main' tab='(?i).*(home|devices|life|routines|menu).*'
[21:23:32] [MAIN] skip disabled scenario_id='home_main' tab='(?i).*home.*'
[21:23:32] [MAIN] skip disabled scenario_id='life_food_plugin' tab='(?i).*life.*'
[21:23:32] [SCENARIO][stabilization] scenario='life_air_care_plugin' screen_context_mode='new_screen' stabilization_mode='anchor_only'
[21:23:32] [SCENARIO][pre_nav][stabilization] phase='plugin_start' attempt=1/2 life_selected=false app_bar_hits=4 visible_card_hits=0 life_root_signature_present=true navigate_up_hits=0 family_care_signature_seen=false final_score=3 ok=true pass_reason='life_root_signature_and_structure_confirmed' fail_reason=''
[21:23:32] [PLUGIN_START][life_list_check] ok=true reason='root_state_stable'
[21:23:32] [PLUGIN_START][recover_before_entry] triggered=false
[21:23:32] [PLUGIN_START][recover_before_entry] success=true
[21:23:32] [CONTEXT] skipped reason='new_screen_mode' phase='tab_select'
[21:23:32] [TAB][select] fallback_to_legacy=True scenario='life_air_care_plugin'
[21:23:36] [TRACE][open_scenario] scenario='life_air_care_plugin' stabilization_mode='anchor_only' focus_align_attempted=True focus_align_ok=True focus_align_reason='' context_ok=False anchor_matched=False anchor_stable=False
[21:23:37] [SCENARIO][pre_nav] step=1 action=xml_scroll_search_tap target='(?i)(^smart\s*air\s*care$|^air\s*care$|air\s*care\.|\baircare\b|에어\s*케어)'
[21:23:37] [XMLENTRY][search] pre_reset scroll_to_top=true
[21:23:42] [XMLENTRY][search] step=0/5 visible_candidates=69 target_candidates=0
[21:23:42] [XMLENTRY][search][top] rank=1 reason='card_like_container' text='' rid='com.samsung.android.oneconnect:id/app_bar' class='android.widget.LinearLayout' bounds='0,94,1080,310' area_ratio='0.1125' target_match=false match_source='' matched_phrase='' negative_plugin_phrase=''
[21:23:42] [XMLENTRY][search][top] rank=2 reason='card_like_container' text='우리 집, Change location' rid='com.samsung.android.oneconnect:id/small_title_bar' class='android.widget.RelativeLayout' bounds='180,118,810,310' area_ratio='0.0583' target_match=false match_source='' matched_phrase='' negative_plugin_phrase=''
[21:23:42] [XMLENTRY][search][top] rank=3 reason='actionable_container' text='' rid='' class='android.widget.RelativeLayout' bounds='42,310,1038,1042' area_ratio='0.3516' target_match=false match_source='' matched_phrase='' negative_plugin_phrase='family care'
[21:23:44] [XMLENTRY][scroll] step=0/5 performed=true reason='no_strict_target_candidate'
[21:23:47] [XMLENTRY][search] step=1/5 visible_candidates=61 target_candidates=0
[21:23:47] [XMLENTRY][search][top] rank=1 reason='card_like_container' text='' rid='com.samsung.android.oneconnect:id/app_bar' class='android.widget.LinearLayout' bounds='0,94,1080,310' area_ratio='0.1125' target_match=false match_source='' matched_phrase='' negative_plugin_phrase=''
[21:23:47] [XMLENTRY][search][top] rank=2 reason='card_like_container' text='우리 집, Change location' rid='com.samsung.android.oneconnect:id/small_title_bar' class='android.widget.RelativeLayout' bounds='180,118,810,310' area_ratio='0.0583' target_match=false match_source='' matched_phrase='' negative_plugin_phrase=''
[21:23:47] [XMLENTRY][search][top] rank=3 reason='actionable_container' text='' rid='' class='android.widget.RelativeLayout' bounds='42,310,1038,602' area_ratio='0.1403' target_match=false match_source='' matched_phrase='' negative_plugin_phrase='home care'
[21:23:50] [XMLENTRY][scroll] step=1/5 performed=true reason='no_strict_target_candidate'
[21:23:52] [XMLENTRY][search] step=2/5 visible_candidates=59 target_candidates=3
[21:23:52] [XMLENTRY][search][top] rank=1 reason='card_like_container' text='' rid='com.samsung.android.oneconnect:id/llCard' class='android.widget.LinearLayout' bounds='42,1752,1038,2316' area_ratio='0.2709' target_match=true match_source='descendant' matched_phrase='air care' negative_plugin_phrase=''
[21:23:52] [XMLENTRY][search][top] rank=2 reason='actionable_container' text='' rid='com.samsung.android.oneconnect:id/containerNameLayout' class='android.widget.RelativeLayout' bounds='42,1752,1038,1884' area_ratio='0.0634' target_match=true match_source='descendant' matched_phrase='air care' negative_plugin_phrase=''
[21:23:52] [XMLENTRY][search][top] rank=3 reason='actionable_container' text='Air Care' rid='com.samsung.android.oneconnect:id/containerNameLayout' class='android.widget.RelativeLayout' bounds='42,1752,1038,1884' area_ratio='0.0634' target_match=true match_source='title' matched_phrase='air care' negative_plugin_phrase=''
[21:23:52] [XMLENTRY][select] reason='card_like_container' resource='com.samsung.android.oneconnect:id/llCard' bounds='42,1752,1038,2316' text='Air Care' target_match=true match_source='descendant' matched_phrase='air care'
[21:23:54] [VERIFY][air][probe] probe_index=1/2 same_screen=false signal='air_care_verify' has_home_button=false has_change_location=false has_add_button=false has_more_options=false has_other_plugin_cards=false has_air_text=true has_air_content_signal=true has_plugin_body_focus=false decision='candidate_air_success'
[21:23:54] [XMLENTRY][result] success=true reason='transition_confirmed'
[21:23:54] [SCENARIO][pre_nav] success step=1 reason='ACTION_ACCESSIBILITY_FOCUS success'
[21:23:55] [SCENARIO][pre_nav] success
[21:23:58] [CONTEXT] skipped reason='anchor_only_mode'
[21:23:58] [CONTEXT] skipped reason='anchor_only_mode'
[21:23:58] [CONTEXT] scenario='life_air_care_plugin' type='skipped' expected='' actual='' ok=True
[21:23:58] [CONTEXT] verification passed scenario='life_air_care_plugin'
[21:23:58] [ANCHOR][scenario_start] success scenario='life_air_care_plugin' selected=True matched=True stable=True context_ok=True reason='selected_and_verified'
[21:23:58] [ENTRY][air][fallback_acceptance] fallback_source='none' fallback_candidate_view_id='none' fallback_candidate_label='none' fallback_candidate_bounds='none' accepted=false accepted_reason='none' rejected_reason='fallback_source_not_allowed'
[21:23:58] [TRACE][open_scenario] scenario='life_air_care_plugin' stabilization_mode='anchor_only' focus_align_attempted=True focus_align_ok=True focus_align_reason='' context_ok=False anchor_matched=False anchor_stable=True
[21:24:00] [ENTRY][air][verdict_inputs] scenario_id='life_air_care_plugin' post_click_success_seen=true air_verify_success_seen=false air_verify_reject_seen=false anchor_fallback_accepted=false anchor_fallback_source='none' post_open_focus_view_id='back' post_open_focus_label='Navigate up  Navigate up' is_top_chrome_focus=false is_list_screen_focus=false final_allow_success=true final_fail_reason='none'
[21:24:00] [ENTRY][air][preserve] keep success despite fallback_not_accepted
[21:24:00] [ENTRY][air][verdict_priority] applied_rule='accept_air_internal_content_signal' previous_state='candidate_success' new_state='success_verified'
[21:24:00] [ENTRY][air][verdict_inputs] scenario_id='life_air_care_plugin' post_click_success_seen=true air_verify_success_seen=false air_verify_reject_seen=false anchor_fallback_accepted=false anchor_fallback_source='none' post_open_focus_view_id='back' post_open_focus_label='Navigate up  Navigate up' is_top_chrome_focus=false is_list_screen_focus=false final_allow_success=true final_fail_reason='none'
[21:24:00] [SCENARIO][entry_contract] success scenario='life_air_care_plugin' entry_type='card' reason='success_verified' detail='plugin_open_verified'
[21:24:01] [TRACE][post_open_focus] scenario='life_air_care_plugin' view_id='back' label='Navigate up' speech='Navigate up' bounds='{'l': 72, 't': 118, 'r': 144, 'b': 310, 'left': 72, 'top': 118, 'right': 144, 'bottom': 310}' source='top_level' top_level=True
[21:24:06] [TRACE][anchor_row] scenario='life_air_care_plugin' step=0 view_id='back' visible='Navigate up' speech='Navigate up' normalized_visible='navigate up' is_global_nav=False
[21:24:06] [ROW] fingerprint='back|navigate up|navigate up|108,214' normalized_fingerprint='back|navigate up|navigate up' duplicate=false recent_duplicate=false distance=0 recent_semantic_duplicate=false semantic_distance=0 semantic_window_unique=1 noise=false
[21:24:06] [RESULT] skipped anchor rows count=1
[21:24:06] [SAVE] writing sheets raw/filtered/summary/result
[21:24:06] [SAVE] filtered rows=1, raw rows=1
[21:24:06] [SAVE] saved excel: output/talkback_compare_20260414_212331.xlsx rows=1 with_images=False
[21:24:06] [STEP] START tab='(?i).*life.*' step=1
[21:24:11] [ROW] fingerprint='|air care|air care|552,214' normalized_fingerprint='|air care|air care' duplicate=false recent_duplicate=false distance=0 recent_semantic_duplicate=false semantic_distance=0 semantic_window_unique=2 noise=false
[21:24:11] [STEP] END tab='(?i).*life.*' step=1 elapsed=4.52s move_result='{'success': True, 'status': 'moved', 'detail': 'moved', 'raw': {'timestamp': 1776169448392, 'reqId': 'cbd71ca5', 'success': True, 'status': 'moved', 'detail': 'moved', 'flags': []}}' visible='Air Care' speech='Air Care' crop='output\talkback_compare_20260414_212331\crops\i_._life._step_1_Air_Care.png' timing(move=0.487s ann=3.027s get_focus=1.003s get_focus_fallback_dump=0.000s step_dump=0.000s crop=0.507s total=5.026s) focus_reason='' fallback_used=False fallback_found=False step_dump_used=False step_dump_reason='focus_payload_sufficient' req_id='2ff76435'
[21:24:11] [STOP][eval] step=1 scenario='life_air_care_plugin' terminal=false same_like_count=0 no_progress=false scenario_type='content' is_global_nav=false after_realign=false recent_repeat=false bounded_two_card_loop=false semantic_same_like=false recent_duplicate=false recent_duplicate_distance=0 recent_semantic_duplicate=false recent_semantic_duplicate_distance=0 recent_semantic_unique_count=2 strict_duplicate=false semantic_duplicate=false repeat_class='none' loop_classification='none' hard_no_progress=false soft_no_progress=false no_progress_class='none' overlay_realign_grace_active=false min_step_gate_blocked=false realign_grace_suppressed=false repeat_stop_hit=false decision='continue' reason='none' stop_explain_version='pr7_explain_v1' stop_explain_input='step:1|move:{'success': true, 'status': 'moved', 'detail': 'moved', 'raw': {'timestamp': 1776169448392, 'reqid': 'cbd71ca5', 'success': true, 'status': 'moved', 'detail': 'moved', 'flags': []}}|smart:moved|same:0|fail:0' stop_explain_repeat='recent:false|class:none|strict:false|semantic:false|loop:none|two_card:false' stop_explain_no_progress='hit:false|class:none|hard:false|soft:false' stop_explain_gate='candidate:false|min_block:false|realign_suppress:false|realign_active:false|decision:continue'
[21:24:11] [STEP] START tab='(?i).*life.*' step=2
[21:24:16] [ROW] fingerprint='more|more options|more options|972,214' normalized_fingerprint='more|more options|more options' duplicate=false recent_duplicate=false distance=0 recent_semantic_duplicate=false semantic_distance=0 semantic_window_unique=3 noise=false
[21:24:16] [STEP] END tab='(?i).*life.*' step=2 elapsed=4.44s move_result='{'success': True, 'status': 'moved', 'detail': 'moved', 'raw': {'timestamp': 1776169453406, 'reqId': '13a25840', 'success': True, 'status': 'moved', 'detail': 'moved', 'flags': []}}' visible='More options' speech='More options' crop='output\talkback_compare_20260414_212331\crops\i_._life._step_2_More_options.png' timing(move=0.472s ann=3.029s get_focus=0.944s get_focus_fallback_dump=0.000s step_dump=0.000s crop=0.475s total=4.920s) focus_reason='' fallback_used=False fallback_found=False step_dump_used=False step_dump_reason='focus_payload_sufficient' req_id='4fa547d9'
[21:24:16] [STOP][eval] step=2 scenario='life_air_care_plugin' terminal=false same_like_count=0 no_progress=false scenario_type='content' is_global_nav=false after_realign=false recent_repeat=false bounded_two_card_loop=false semantic_same_like=false recent_duplicate=false recent_duplicate_distance=0 recent_semantic_duplicate=false recent_semantic_duplicate_distance=0 recent_semantic_unique_count=3 strict_duplicate=false semantic_duplicate=false repeat_class='none' loop_classification='none' hard_no_progress=false soft_no_progress=false no_progress_class='none' overlay_realign_grace_active=false min_step_gate_blocked=false realign_grace_suppressed=false repeat_stop_hit=false decision='continue' reason='none' stop_explain_version='pr7_explain_v1' stop_explain_input='step:2|move:{'success': true, 'status': 'moved', 'detail': 'moved', 'raw': {'timestamp': 1776169453406, 'reqid': '13a25840', 'success': true, 'status': 'moved', 'detail': 'moved', 'flags': []}}|smart:moved|same:0|fail:0' stop_explain_repeat='recent:false|class:none|strict:false|semantic:false|loop:none|two_card:false' stop_explain_no_progress='hit:false|class:none|hard:false|soft:false' stop_explain_gate='candidate:false|min_block:false|realign_suppress:false|realign_active:false|decision:continue'
[21:24:16] [OVERLAY] candidate matched scenario='life_air_care_plugin' tab='(?i).*life.*' step=2 view_id='more' label='More options' reason='matched_scenario_policy'
[21:24:27] [OVERLAY] post_click classification='overlay' scenario='life_air_care_plugin' tab='(?i).*life.*' entry_view_id='more' entry_label='More options' post_view_id='addToHomescreen' post_label='Add to Home screen'
[21:24:39] [RESULT] skipped anchor rows count=1
[21:24:39] [SAVE] writing sheets raw/filtered/summary/result
[21:24:39] [SAVE] filtered rows=6, raw rows=6
[21:24:39] [SAVE] saved excel: output/talkback_compare_20260414_212331.xlsx rows=6 with_images=False
[21:24:43] [OVERLAY][repeat] same_focus_detected=true step=4 view_id='info' bounds='462,556,1053,706' normalized_visible_label='information' move_result=''
[21:24:43] [OVERLAY][break] reason='same_overlay_fingerprint' step=4
[21:24:43] [RESULT] skipped anchor rows count=1
[21:24:43] [SAVE] writing sheets raw/filtered/summary/result
[21:24:43] [SAVE] filtered rows=6, raw rows=6
[21:24:43] [SAVE] saved excel: output/talkback_compare_20260414_212331.xlsx rows=6 with_images=False
[21:24:47] [RESULT] skipped anchor rows count=1
[21:24:47] [SAVE] writing sheets raw/filtered/summary/result
[21:24:47] [SAVE] filtered rows=6, raw rows=6
[21:24:47] [SAVE] saved excel: output/talkback_compare_20260414_212331.xlsx rows=6 with_images=False
[21:24:49] [OVERLAY] realign status='realign_entry_reached' entry_reached=True steps_taken=2 match_by='view_id'
[21:24:55] [CONTEXT] skipped reason='anchor_only_mode'
[21:24:55] [CONTEXT] skipped reason='anchor_only_mode'
[21:24:55] [CONTEXT] scenario='life_air_care_plugin' type='skipped' expected='' actual='' ok=True
[21:24:55] [CONTEXT] verification passed scenario='life_air_care_plugin'
[21:24:55] [ANCHOR][overlay_realign] success scenario='life_air_care_plugin' selected=True matched=True stable=True context_ok=True reason='selected_and_verified'
[21:24:55] [ANCHOR][overlay_realign] success scenario='life_air_care_plugin' reason='overlay_realign_verified'
[21:24:55] [STEP] START tab='(?i).*life.*' step=3
[21:25:00] [ROW] fingerprint='|air care|air care|552,214' normalized_fingerprint='|air care|air care' duplicate=false recent_duplicate=true distance=2 recent_semantic_duplicate=true semantic_distance=2 semantic_window_unique=3 noise=false
[21:25:00] [STEP] END tab='(?i).*life.*' step=3 elapsed=4.41s move_result='{'success': True, 'status': 'moved', 'detail': 'moved', 'raw': {'timestamp': 1776169497217, 'reqId': '048cc11a', 'success': True, 'status': 'moved', 'detail': 'moved', 'flags': []}}' visible='Air Care' speech='Air Care' crop='output\talkback_compare_20260414_212331\crops\i_._life._step_3_Air_Care.png' timing(move=0.465s ann=2.988s get_focus=0.954s get_focus_fallback_dump=0.000s step_dump=0.000s crop=0.498s total=4.906s) focus_reason='' fallback_used=False fallback_found=False step_dump_used=False step_dump_reason='focus_payload_sufficient' req_id='272c7ac5'
[21:25:00] [STOP][eval] step=3 scenario='life_air_care_plugin' terminal=false same_like_count=0 no_progress=false scenario_type='content' is_global_nav=false after_realign=true recent_repeat=false bounded_two_card_loop=false semantic_same_like=false recent_duplicate=true recent_duplicate_distance=2 recent_semantic_duplicate=true recent_semantic_duplicate_distance=2 recent_semantic_unique_count=3 strict_duplicate=false semantic_duplicate=false repeat_class='none' loop_classification='none' hard_no_progress=false soft_no_progress=false no_progress_class='none' overlay_realign_grace_active=false min_step_gate_blocked=false realign_grace_suppressed=false repeat_stop_hit=false decision='continue' reason='none' stop_explain_version='pr7_explain_v1' stop_explain_input='step:3|move:{'success': true, 'status': 'moved', 'detail': 'moved', 'raw': {'timestamp': 1776169497217, 'reqid': '048cc11a', 'success': true, 'status': 'moved', 'detail': 'moved', 'flags': []}}|smart:moved|same:0|fail:0' stop_explain_repeat='recent:false|class:none|strict:false|semantic:false|loop:none|two_card:false' stop_explain_no_progress='hit:false|class:none|hard:false|soft:false' stop_explain_gate='candidate:false|min_block:false|realign_suppress:false|realign_active:false|decision:continue'
[21:25:00] [RESULT] skipped anchor rows count=1
[21:25:00] [SAVE] writing sheets raw/filtered/summary/result
[21:25:00] [SAVE] filtered rows=6, raw rows=7
[21:25:00] [SAVE] saved excel: output/talkback_compare_20260414_212331.xlsx rows=7 with_images=False
[21:25:00] [STEP] START tab='(?i).*life.*' step=4
[21:25:05] [ROW] fingerprint='more|more options|more options|972,214' normalized_fingerprint='more|more options|more options' duplicate=false recent_duplicate=true distance=2 recent_semantic_duplicate=true semantic_distance=2 semantic_window_unique=3 noise=false
[21:25:05] [STEP] END tab='(?i).*life.*' step=4 elapsed=4.45s move_result='{'success': True, 'status': 'moved', 'detail': 'moved', 'raw': {'timestamp': 1776169502218, 'reqId': '2bb1e8b7', 'success': True, 'status': 'moved', 'detail': 'moved', 'flags': []}}' visible='More options' speech='More options' crop='output\talkback_compare_20260414_212331\crops\i_._life._step_4_More_options.png' timing(move=0.452s ann=3.037s get_focus=0.964s get_focus_fallback_dump=0.000s step_dump=0.000s crop=0.487s total=4.940s) focus_reason='' fallback_used=False fallback_found=False step_dump_used=False step_dump_reason='focus_payload_sufficient' req_id='c283f779'
[21:25:05] [STOP][eval] step=4 scenario='life_air_care_plugin' terminal=false same_like_count=0 no_progress=false scenario_type='content' is_global_nav=false after_realign=false recent_repeat=false bounded_two_card_loop=false semantic_same_like=false recent_duplicate=true recent_duplicate_distance=2 recent_semantic_duplicate=true recent_semantic_duplicate_distance=2 recent_semantic_unique_count=3 strict_duplicate=false semantic_duplicate=false repeat_class='none' loop_classification='none' hard_no_progress=false soft_no_progress=false no_progress_class='none' overlay_realign_grace_active=false min_step_gate_blocked=false realign_grace_suppressed=false repeat_stop_hit=false decision='continue' reason='none' stop_explain_version='pr7_explain_v1' stop_explain_input='step:4|move:{'success': true, 'status': 'moved', 'detail': 'moved', 'raw': {'timestamp': 1776169502218, 'reqid': '2bb1e8b7', 'success': true, 'status': 'moved', 'detail': 'moved', 'flags': []}}|smart:moved|same:0|fail:0' stop_explain_repeat='recent:false|class:none|strict:false|semantic:false|loop:none|two_card:false' stop_explain_no_progress='hit:false|class:none|hard:false|soft:false' stop_explain_gate='candidate:false|min_block:false|realign_suppress:false|realign_active:false|decision:continue'
[21:25:05] [OVERLAY] skip already expanded entry fingerprint='(?i).*life.*|more|more options'
[21:25:05] [STEP] START tab='(?i).*life.*' step=5
[21:25:10] [ROW] fingerprint='|set geolocation to monitor outdoor air quality|set geolocation to monitor outdoor air quality|516,418' normalized_fingerprint='|set geolocation to monitor outdoor air quality|set geolocation to monitor outdoor air quality' duplicate=false recent_duplicate=false distance=0 recent_semantic_duplicate=false semantic_distance=0 semantic_window_unique=4 noise=false
[21:25:10] [STEP] END tab='(?i).*life.*' step=5 elapsed=4.37s move_result='{'success': True, 'status': 'moved', 'detail': 'moved', 'raw': {'timestamp': 1776169507132, 'reqId': '1164a494', 'success': True, 'status': 'moved', 'detail': 'moved', 'flags': []}}' visible='Set geolocation to monitor outdoor air quality' speech='Set geolocation to monitor outdoor air quality' crop='output\talkback_compare_20260414_212331\crops\i_._life._step_5_Set_geolocation_to_monitor_outdoor_air_q.png' timing(move=0.399s ann=3.011s get_focus=0.964s get_focus_fallback_dump=0.000s step_dump=0.000s crop=0.502s total=4.877s) focus_reason='' fallback_used=False fallback_found=False step_dump_used=False step_dump_reason='focus_payload_sufficient' req_id='468b7b40'
[21:25:10] [STOP][eval] step=5 scenario='life_air_care_plugin' terminal=false same_like_count=0 no_progress=false scenario_type='content' is_global_nav=false after_realign=false recent_repeat=false bounded_two_card_loop=false semantic_same_like=false recent_duplicate=false recent_duplicate_distance=0 recent_semantic_duplicate=false recent_semantic_duplicate_distance=0 recent_semantic_unique_count=4 strict_duplicate=false semantic_duplicate=false repeat_class='none' loop_classification='none' hard_no_progress=false soft_no_progress=false no_progress_class='none' overlay_realign_grace_active=false min_step_gate_blocked=false realign_grace_suppressed=false repeat_stop_hit=false decision='continue' reason='none' stop_explain_version='pr7_explain_v1' stop_explain_input='step:5|move:{'success': true, 'status': 'moved', 'detail': 'moved', 'raw': {'timestamp': 1776169507132, 'reqid': '1164a494', 'success': true, 'status': 'moved', 'detail': 'moved', 'flags': []}}|smart:moved|same:0|fail:0' stop_explain_repeat='recent:false|class:none|strict:false|semantic:false|loop:none|two_card:false' stop_explain_no_progress='hit:false|class:none|hard:false|soft:false' stop_explain_gate='candidate:false|min_block:false|realign_suppress:false|realign_active:false|decision:continue'
[21:25:10] [STOP][summary] scenario='life_air_care_plugin' stop_triggered=false stop_step=5 reason='safety_limit'
[21:25:10] [PERF][scenario_summary] scenario=life_air_care_plugin tab=(?i).*life.* total_runtime=98.1 total_steps=9 main_step_count=6 overlay_step_count=3 overlay_count=1 avg_get_focus=0.85 avg_move=0.434 avg_crop=0.493 avg_step_total=4.9 step_total_sample_count=6 avg_get_focus_main=0.967 avg_get_focus_overlay=0.615 fallback_dump_count=0 success_false_top_level_dump_attempt_count=0 success_false_top_level_dump_found_count=0 fallback_dump_rate=0.0 get_focus_strong_skip_count=9 get_focus_strong_skip_rate=100.0 step_dump_used_count=0 save_excel_count=5 realign_attempt_count=1 realign_success_count=1 realign_success_rate=100.0
[21:25:10] [MAIN] skip disabled scenario_id='life_home_care_plugin' tab='(?i).*life.*'
[21:25:10] [MAIN] skip disabled scenario_id='life_energy_plugin' tab='(?i).*life.*'
[21:25:10] [MAIN] skip disabled scenario_id='devices_main' tab='(?i).*devices.*'
[21:25:10] [MAIN] skip disabled scenario_id='life_main' tab='(?i).*life.*'
[21:25:10] [MAIN] skip disabled scenario_id='routines_main' tab='(?i).*routines.*'
[21:25:10] [MAIN] skip disabled scenario_id='menu_main' tab='(?i).*(menu|more).*'
[21:25:10] [MAIN] skip disabled scenario_id='settings_entry_example' tab='(?i).*menu.*'
[21:25:10] [MAIN] skip disabled scenario_id='life_pet_care_plugin' tab='(?i).*life.*'
[21:25:10] [MAIN] skip disabled scenario_id='life_family_care_plugin' tab='(?i).*life.*'
[21:25:10] [MAIN] skip disabled scenario_id='life_plant_care_plugin' tab='(?i).*life.*'
[21:25:10] [MAIN] skip disabled scenario_id='life_clothing_care_plugin' tab='(?i).*life.*'
[21:25:10] [MAIN] skip disabled scenario_id='life_find_plugin' tab='(?i).*life.*'
[21:25:10] [MAIN] skip disabled scenario_id='life_video_plugin' tab='(?i).*life.*'
[21:25:10] [MAIN] skip disabled scenario_id='life_home_monitor_plugin' tab='(?i).*life.*'
[21:25:10] [MAIN] skip disabled scenario_id='life_music_sync_plugin' tab='(?i).*life.*'
[21:25:10] [RESULT] skipped anchor rows count=1
[21:25:10] [SAVE] writing sheets raw/filtered/summary/result
[21:25:10] [SAVE] filtered rows=7, raw rows=9
[21:25:10] [SAVE] saved excel: output/talkback_compare_20260414_212331.xlsx rows=9 with_images=True
[21:25:10] [MAIN] final save complete
[21:25:10] [PERF][run_summary] total_runtime=98.3 total_scenarios=1 total_steps=9 total_overlay_count=1 avg_get_focus=0.85 avg_move=0.434 fallback_dump_count=0 success_false_top_level_dump_attempt_count=0 success_false_top_level_dump_found_count=0 fallback_dump_rate=0.0 get_focus_strong_skip_rate=100.0 realign_success_rate=100.0 save_excel_count=6
