[00:10:23] [SAVE][temp] override tmp='D:\Python test\talkback-a11y-helper\output\.tmp' temp='D:\Python test\talkback-a11y-helper\output\.tmp' applied=true
[00:10:23] [MAIN] script start (version=1.7.99, log_level=NORMAL)
[00:10:25] [PREFLIGHT] talkback status='enabled'
[00:10:25] [MAIN] output file: output/talkback_compare_20260423_001023.xlsx
[00:10:25] [MAIN] image dir base: output\talkback_compare_20260423_001023
[00:10:25] [CONFIG] runtime config loaded path='config\runtime_config.json'
[00:10:25] [GLOBAL_NAV][guard] forcing stabilization_mode='tab_context' scenario='global_nav_main' requested='anchor_then_context'
[00:10:25] [CONFIG] scenario resolved scenario='global_nav_main' group='main_tabs' max_steps=10 enabled=False
[00:10:25] [CONFIG] applied shared_navigation='default_global_nav'
[00:10:25] [CONFIG] scenario enabled scenario='global_nav_main' source='runtime' enabled=False base_enabled=False
[00:10:25] [CONFIG] scenario resolved scenario='home_main' group='main_tabs' max_steps=10 enabled=False
[00:10:25] [CONFIG] applied shared_navigation='bottom_tab_global_nav'
[00:10:25] [CONFIG] scenario enabled scenario='home_main' source='runtime' enabled=False base_enabled=False
[00:10:25] [CONFIG] scenario resolved scenario='life_food_plugin' group='plugin_screen' max_steps=50 enabled=False
[00:10:25] [CONFIG] applied pre_navigation_ref='enter_food_plugin'
[00:10:25] [CONFIG] scenario enabled scenario='life_food_plugin' source='runtime' enabled=False base_enabled=False
[00:10:25] [CONFIG] scenario resolved scenario='life_air_care_plugin' group='-' max_steps=50 enabled=False
[00:10:25] [CONFIG] scenario enabled scenario='life_air_care_plugin' source='runtime' enabled=False base_enabled=False
[00:10:25] [CONFIG] scenario resolved scenario='life_home_care_plugin' group='-' max_steps=50 enabled=False
[00:10:25] [CONFIG] scenario enabled scenario='life_home_care_plugin' source='runtime' enabled=False base_enabled=False
[00:10:25] [CONFIG] scenario resolved scenario='life_energy_plugin' group='-' max_steps=50 enabled=False
[00:10:25] [CONFIG] scenario enabled scenario='life_energy_plugin' source='runtime' enabled=False base_enabled=False
[00:10:25] [CONFIG] scenario resolved scenario='devices_main' group='main_tabs' max_steps=10 enabled=False
[00:10:25] [CONFIG] applied shared_navigation='bottom_tab_global_nav'
[00:10:25] [CONFIG] applied anchor_ref='home_tab_anchor'
[00:10:25] [CONFIG] scenario enabled scenario='devices_main' source='runtime' enabled=False base_enabled=False
[00:10:25] [CONFIG] scenario resolved scenario='life_main' group='main_tabs' max_steps=50 enabled=False
[00:10:25] [CONFIG] applied shared_navigation='bottom_tab_global_nav'
[00:10:25] [CONFIG] scenario enabled scenario='life_main' source='runtime' enabled=False base_enabled=False
[00:10:25] [CONFIG] scenario resolved scenario='routines_main' group='main_tabs' max_steps=10 enabled=False
[00:10:25] [CONFIG] applied shared_navigation='bottom_tab_global_nav'
[00:10:25] [CONFIG] scenario enabled scenario='routines_main' source='runtime' enabled=False base_enabled=False
[00:10:25] [CONFIG] scenario resolved scenario='menu_main' group='main_tabs' max_steps=50 enabled=False
[00:10:25] [CONFIG] applied shared_navigation='bottom_tab_global_nav'
[00:10:25] [CONFIG] scenario enabled scenario='menu_main' source='runtime' enabled=False base_enabled=False
[00:10:25] [CONFIG] scenario resolved scenario='settings_entry_example' group='plugin_screen' max_steps=50 enabled=False
[00:10:25] [CONFIG] applied anchor_ref='settings_button_anchor'
[00:10:25] [CONFIG] applied pre_navigation_ref='enter_settings'
[00:10:25] [CONFIG] scenario enabled scenario='settings_entry_example' source='runtime' enabled=False base_enabled=False
[00:10:25] [CONFIG] scenario resolved scenario='life_pet_care_plugin' group='-' max_steps=50 enabled=False
[00:10:25] [CONFIG] scenario enabled scenario='life_pet_care_plugin' source='runtime' enabled=False base_enabled=False
[00:10:25] [CONFIG] scenario resolved scenario='life_family_care_plugin' group='-' max_steps=50 enabled=True
[00:10:25] [CONFIG] scenario enabled scenario='life_family_care_plugin' source='runtime' enabled=True base_enabled=False
[00:10:25] [CONFIG] scenario resolved scenario='life_plant_care_plugin' group='-' max_steps=50 enabled=False
[00:10:25] [CONFIG] scenario enabled scenario='life_plant_care_plugin' source='runtime' enabled=False base_enabled=False
[00:10:25] [CONFIG] scenario resolved scenario='life_clothing_care_plugin' group='-' max_steps=50 enabled=False
[00:10:25] [CONFIG] scenario enabled scenario='life_clothing_care_plugin' source='runtime' enabled=False base_enabled=False
[00:10:25] [CONFIG] scenario resolved scenario='life_find_plugin' group='-' max_steps=50 enabled=False
[00:10:25] [CONFIG] scenario enabled scenario='life_find_plugin' source='runtime' enabled=False base_enabled=False
[00:10:25] [CONFIG] scenario resolved scenario='life_video_plugin' group='-' max_steps=50 enabled=False
[00:10:25] [CONFIG] scenario enabled scenario='life_video_plugin' source='runtime' enabled=False base_enabled=False
[00:10:25] [CONFIG] scenario resolved scenario='life_home_monitor_plugin' group='-' max_steps=50 enabled=False
[00:10:25] [CONFIG] scenario enabled scenario='life_home_monitor_plugin' source='runtime' enabled=False base_enabled=False
[00:10:25] [CONFIG] scenario resolved scenario='life_music_sync_plugin' group='-' max_steps=10 enabled=False
[00:10:25] [CONFIG] scenario enabled scenario='life_music_sync_plugin' source='runtime' enabled=False base_enabled=False
[00:10:25] [MAIN] skip disabled scenario_id='global_nav_main' tab='(?i).*(home|devices|life|routines|menu).*'
[00:10:25] [MAIN] skip disabled scenario_id='home_main' tab='(?i).*home.*'
[00:10:25] [MAIN] skip disabled scenario_id='life_food_plugin' tab='(?i).*life.*'
[00:10:25] [MAIN] skip disabled scenario_id='life_air_care_plugin' tab='(?i).*life.*'
[00:10:25] [MAIN] skip disabled scenario_id='life_home_care_plugin' tab='(?i).*life.*'
[00:10:25] [MAIN] skip disabled scenario_id='life_energy_plugin' tab='(?i).*life.*'
[00:10:25] [MAIN] skip disabled scenario_id='devices_main' tab='(?i).*devices.*'
[00:10:25] [MAIN] skip disabled scenario_id='life_main' tab='(?i).*life.*'
[00:10:25] [MAIN] skip disabled scenario_id='routines_main' tab='(?i).*routines.*'
[00:10:25] [MAIN] skip disabled scenario_id='menu_main' tab='(?i).*(menu|more).*'
[00:10:25] [MAIN] skip disabled scenario_id='settings_entry_example' tab='(?i).*menu.*'
[00:10:25] [MAIN] skip disabled scenario_id='life_pet_care_plugin' tab='(?i).*life.*'
[00:10:25] [SCENARIO][stabilization] scenario='life_family_care_plugin' screen_context_mode='new_screen' stabilization_mode='anchor_only'
[00:10:25] [LIFE_RESET] verify phase='plugin_start_initial' attempt=1/2 global_nav_visible=true life_tab_selected=true plugin_card_list_visible=false life_list_ready=true
[00:10:25] [LIFE_RESET] plugin_card_list_visible=false (soft_only=true)
[00:10:25] [PLUGIN_START][recover_before_entry] triggered=false
[00:10:25] [PLUGIN_START][life_list_check] ok=true reason='life_tab_ready'
[00:10:25] [PLUGIN_START][recover_before_entry] success=true
[00:10:25] [CONTEXT] skipped reason='new_screen_mode' phase='tab_select'
[00:10:25] [TAB][select] fallback_to_legacy=True scenario='life_family_care_plugin'
[00:10:30] [TRACE][open_scenario] scenario='life_family_care_plugin' stabilization_mode='anchor_only' focus_align_attempted=True focus_align_ok=True focus_align_reason='' context_ok=False anchor_matched=False anchor_stable=False
[00:10:30] [SCENARIO][pre_nav] step=1 action=xml_scroll_search_tap target='(?i)(^family\s*care$|.*family\s*care.*|.*패밀리\s*케어.*)'
[00:10:30] [XMLENTRY][search] pre_reset scroll_to_top=true
[00:10:35] [XMLENTRY][search] step=0/5 visible_candidates=69 target_candidates=5
[00:10:35] [XMLENTRY][search][top] rank=1 reason='actionable_container' text='' rid='' class='android.widget.RelativeLayout' bounds='42,310,1038,1042' area_ratio='0.3516' target_match=true match_source='descendant_title' matched_phrase='family care' negative_plugin_phrase=''
[00:10:35] [XMLENTRY][search][top] rank=2 reason='actionable_container' text='Family Care' rid='com.samsung.android.oneconnect:id/frameLayout' class='android.widget.FrameLayout' bounds='42,310,1038,1042' area_ratio='0.3516' target_match=true match_source='title' matched_phrase='family care' negative_plugin_phrase=''
[00:10:35] [XMLENTRY][search][top] rank=3 reason='card_like_container' text='' rid='com.samsung.android.oneconnect:id/llCard' class='android.widget.LinearLayout' bounds='42,310,1038,1042' area_ratio='0.3516' target_match=true match_source='descendant_title' matched_phrase='family care' negative_plugin_phrase=''
[00:10:35] [XMLENTRY][candidate_compare] scenario_id='life_family_care_plugin' rank=1 rid='' class='android.widget.RelativeLayout' bounds='42,310,1038,1042' own_text='' descendant_text_summary='Family Care,Family Care,Take care of yourself an' matched_phrase='family care' match_source='descendant_title' selected_priority='240:actionable_container' negative_plugin_phrase='' selected=true
[00:10:35] [XMLENTRY][candidate_compare] scenario_id='life_family_care_plugin' rank=2 rid='com.samsung.android.oneconnect:id/frameLayout' class='android.widget.FrameLayout' bounds='42,310,1038,1042' own_text='' descendant_text_summary='Family Care,Family Care,Take care of yourself an' matched_phrase='family care' match_source='title' selected_priority='240:actionable_container' negative_plugin_phrase='' selected=false
[00:10:35] [XMLENTRY][candidate_compare] scenario_id='life_family_care_plugin' rank=3 rid='com.samsung.android.oneconnect:id/llCard' class='android.widget.LinearLayout' bounds='42,310,1038,1042' own_text='Family Care' descendant_text_summary='Family Care,Take care of yourself an,안 창준 (Me)
Active' matched_phrase='family care' match_source='descendant_title' selected_priority='240:card_like_container' negative_plugin_phrase='' selected=false
[00:10:35] [XMLENTRY][select] reason='actionable_container' resource='' bounds='42,310,1038,1042' text='' target_match=true match_source='descendant_title' matched_phrase='family care'
[00:10:35] [XMLENTRY][select_debug] scenario_id='life_family_care_plugin' class='android.widget.RelativeLayout' rid='' bounds='42,310,1038,1042' own_text='' own_content_desc='' normalized_own_text='' descendant_text_summary='Family Care,Family Care,Take care of yourself an' matched_phrase='family care' match_source='descendant_title' selected_reason='actionable_container' candidate_rank=1 title_descendant_disagree=false representative_visible_label='' representative_label_source='descendant'
[00:10:37] [XMLENTRY][result] success=true reason='transition_confirmed'
[00:10:37] [SCENARIO][pre_nav] success step=1 reason='ACTION_ACCESSIBILITY_FOCUS success'
[00:10:38] [SCENARIO][pre_nav] success
[00:10:42] [CONTEXT] skipped reason='anchor_only_mode'
[00:10:42] [CONTEXT] skipped reason='anchor_only_mode'
[00:10:42] [CONTEXT] scenario='life_family_care_plugin' type='skipped' expected='' actual='' ok=True
[00:10:42] [CONTEXT] verification passed scenario='life_family_care_plugin'
[00:10:42] [ANCHOR][scenario_start] success scenario='life_family_care_plugin' selected={'success': False, 'status': 'failed', 'detail': 'ACTION_ACCESSIBILITY_FOCUS failed (resourceId=null, class=android.widget.ImageButton)', 'raw': {'timestamp': 1776870640392, 'reqId': 'c1e7f6e9', 'success': False, 'reason': 'ACTION_ACCESSIBILITY_FOCUS failed (resourceId=null, class=android.widget.ImageButton)', 'action': 'FOCUS', 'targetName': '(?i).*navigate\\s*up.*', 'targetType': 'a', 'targetIndex': 0, 'attemptedClassName': 'android.widget.ImageButton', 'target': {'timestamp': 1776870640392, 'schemaVersion': '1.2.0', 'snapshotBuilderVersion': '1.2.0', 'packageName': 'com.samsung.android.oneconnect', 'className': 'android.widget.ImageButton', 'viewIdResourceName': None, 'text': None, 'contentDescription': 'Navigate up', 'mergedLabel': 'Navigate up', 'talkbackLabel': 'Navigate up', 'clickable': True, 'focusable': True, 'focused': True, 'accessibilityFocused': True, 'visibleToUser': True, 'isVisibleToUser': True, 'selected': False, 'checkable': False, 'checked': False, 'enabled': True, 'boundsInScreen': {'l': 0, 't': 118, 'r': 180, 'b': 310, 'left': 0, 'top': 118, 'right': 180, 'bottom': 310}, 'children': []}}} matched=True stable=True context_ok=True reason='verified_without_select'
[00:10:42] [TRACE][open_scenario] scenario='life_family_care_plugin' stabilization_mode='anchor_only' focus_align_attempted=True focus_align_ok=True focus_align_reason='' context_ok=False anchor_matched=False anchor_stable=True
[00:10:44] [ENTRY][post_open_identity] scenario_id='life_family_care_plugin' top_visible_labels='Navigate up Navigate up,Family Care,Add family member Add fa,More options More option,Me' top_focus_label='Navigate up Navigate up' back_button_present=true body_texts='Navigate up Navigate up,Family Care,Add family member Add fa,More options More option,View profile View profil' plugin_title_candidates='Navigate up Navigate up,Family Care,Add family member Add fa' verify_hit=true special_token_hit=false
[00:10:44] [ENTRY][special_state_check] detected=true signals='long_intro,cta,top_chrome_intro_cta' kind='setup_needed_or_empty_state'
[00:10:44] [ENTRY][special_state_debug] phase='pre_route' focus_label='Navigate up Navigate up' focus_visible='Navigate up Navigate up Family Care Add family member Add family member More options More options Me View profile View p' verify_hit=true long_intro_like=true intro_focus=false top_chrome_intro_cta=true
[00:10:44] [ENTRY][special_state_debug] top_visible='Navigate up Navigate up,Family Care,Add family member Add family member,More options More options,Me' body_texts='Navigate up Navigate up,Family Care,Add family member Add family member,More options More options,View profile View profile'
[00:10:44] [ENTRY][special_state_debug] special_hits='none' cta_hits='set up' signals='long_intro,cta,top_chrome_intro_cta' verify_hit=true
[00:10:44] [ENTRY][special_state_grace] start max_steps=3 verify_success=true signals='long_intro,cta,top_chrome_intro_cta'
[00:10:44] [ENTRY][special_state_grace] step=1 move_attempted=false move_result='snapshot_reused' focus_label='Navigate up Navigate up' focus_visible='Navigate up Navigate up Family Care Add family member Add family member More options More option' top_visible='navigate up navigate up,family care,add family member add family member,more options more options,me' body_texts='navigate up navigate up,family care,add family member add family member,more options more options,view profile view profile' home_like_hits='profile,view profile,member,family member,me' onboarding_hits='set up' evidence='home_like_profile' decision='normal_traversal'
[00:10:44] [ENTRY][special_state_check] decision='normal_traversal_after_grace'
[00:10:44] [SCENARIO][entry_contract] success scenario='life_family_care_plugin' entry_type='card' reason='success_verified' detail='plugin_open_verified'
[00:10:44] [TRACE][post_open_focus] scenario='life_family_care_plugin' view_id='' label='Navigate up' speech='Navigate up' bounds='{'l': 0, 't': 118, 'r': 180, 'b': 310, 'left': 0, 'top': 118, 'right': 180, 'bottom': 310}' source='top_level' top_level=True
[00:10:49] [TRACE][anchor_row] scenario='life_family_care_plugin' step=0 view_id='' visible='Navigate up' speech='Navigate up' normalized_visible='navigate up' is_global_nav=False
[00:10:50] [ROW] fingerprint='|navigate up|navigate up|90,214' normalized_fingerprint='|navigate up|navigate up' duplicate=false recent_duplicate=false distance=0 recent_semantic_duplicate=false semantic_distance=0 semantic_window_unique=1 noise=false
[00:10:50] [RESULT] skipped anchor rows count=1
[00:10:50] [SAVE] writing sheets raw/filtered/summary/result
[00:10:50] [SAVE] filtered rows=1, raw rows=1
[00:10:50] [SAVE] saved excel: output/talkback_compare_20260423_001023.xlsx rows=1 with_images=False
[00:10:50] [STEP] START tab='(?i).*life.*' step=1
[00:10:55] [STEP][chrome_penalty] deprioritized='Navigate up|Family Care|Add family member|More options' reason='top_chrome_during_content_phase'
[00:10:55] [STEP][content_phase_eval] content_present=true chrome_present=true chrome_excluded=true
[00:10:55] [STEP][status_exhausted_excluded] rejected='No activity' reason='passive_status_or_empty_state'
[00:10:55] [STEP][leaf_penalty] deprioritized='Later' reason='low_value_leaf_text'
[00:10:55] [STEP][spatial_priority] candidates='It's time to go to bed so you can feel well rested tomorrow.|Weather information, Icon. Add home information|Want bet...' selected='It's time to go to bed so you can feel well rested tomorrow.' reason='higher_in_viewport'
[00:10:55] [STEP][focus_context_mismatch] selected='It's time to go to bed so you can feel well rested tomorrow.' current_focus='Family Care' reason='representative_differs_from_focus_context'
[00:10:55] [STEP][focus_realign_candidates] all='Weather information, Icon. Add home information|Later|Set up now|It's time to go to bed so you can feel well rested t...' eligible='Weather information, Icon. Add home information|Later|Set up now|It's time to go to bed so you can feel well rested t...' rejected_recent='none' rejected_consumed='none'
[00:10:55] [STEP][focus_realign] target='Weather information, Icon. Add home information' method='rid' attempt=1
[00:10:57] [STEP][focus_realign_success] target='Weather information, Icon. Add home information' resolved_focus='Weather information, Icon. Add home information'
[00:10:57] [STEP][focus_realign_record] target='Weather information, Icon. Add home information' signature='com.samsung.android.plugin.care:id/banner_frame_layout||{'l': 90, 't': 891, 'r': 906, 'b': 1005}||weather information...' phase='content'
[00:10:57] [STEP][candidate_priority] content_candidates='Weather information, Icon. Add home information|Later|Set up now|No activity|It's time to go to bed so you can feel w...' status_candidates='No activity' selected='Weather information, Icon. Add home information' reason='representative_content_preferred_over_passive_status'
[00:10:57] [STEP][bottom_strip_policy] content_present=true bottom_strip_deferred=true
[00:10:57] [STEP][candidate_sort_key] selected='Weather information, Icon. Add home information' sort_key='score=1419999,top=891,left=90'
[00:10:57] [STEP][cluster_consumed] cluster='com.samsung.android.plugin.care:id/banner_frame_layout||{'l': 90, 't': 891, 'r': 906, 'b': 1005}||weather information...'
[00:10:57] [ROW] fingerprint='com.samsung.android.plugin.care:id/banner_frame_layout|weather information icon. add home information|weather information icon. add home information|498,948' normalized_fingerprint='com samsung android plugin care id banner frame layout|weather information icon add home information|weather information icon add home information' duplicate=false recent_duplicate=false distance=0 recent_semantic_duplicate=false semantic_distance=0 semantic_window_unique=2 noise=false
[00:10:57] [STEP] END tab='(?i).*life.*' step=1 elapsed=4.58s move_result='{'success': True, 'status': 'moved', 'detail': 'moved', 'raw': {'timestamp': 1776870650638, 'reqId': '20eba9ed', 'success': True, 'status': 'moved', 'detail': 'moved', 'flags': []}}' visible='Weather information, Icon. Add home information' speech='Weather information, Icon. Add home information' crop='output\talkback_compare_20260423_001023\crops\i_._life._step_1_Family_Care.png' timing(move=0.516s ann=3.066s get_focus=0.999s get_focus_fallback_dump=0.000s step_dump=0.000s crop=0.463s total=5.044s) focus_reason='' fallback_used=False fallback_found=False step_dump_used=False step_dump_reason='focus_payload_sufficient' req_id='015c7bbf'
[00:10:57] [STOP][eval] step=1 scenario='life_family_care_plugin' terminal=false same_like_count=0 no_progress=false scenario_type='content' is_global_nav=false after_realign=false recent_repeat=false bounded_two_card_loop=false semantic_same_like=false recent_duplicate=false recent_duplicate_distance=0 recent_semantic_duplicate=false recent_semantic_duplicate_distance=0 recent_semantic_unique_count=2 strict_duplicate=false semantic_duplicate=false repeat_class='none' loop_classification='none' hard_no_progress=false soft_no_progress=false no_progress_class='none' overlay_realign_grace_active=false min_step_gate_blocked=false realign_grace_suppressed=false cta_descend_applied=false promoted_from_container=false repeat_stop_hit=false decision='continue' reason='none' traversal_result='PASS_MOVED' final_result='PASS' failure_reason='' stop_explain_version='pr7_explain_v1' stop_explain_input='step:1|move:moved|smart:moved|same:0|fail:0' stop_explain_repeat='recent:false|class:none|strict:false|semantic:false|loop:none|two_card:false' stop_explain_no_progress='hit:false|class:none|hard:false|soft:false' stop_explain_gate='candidate:false|min_block:false|realign_suppress:false|realign_active:false|decision:continue'
[00:10:57] [OVERLAY] blocked no_overlay_policy scenario='life_family_care_plugin' tab='(?i).*life.*' step=1
[00:10:57] [STEP] START tab='(?i).*life.*' step=2
[00:11:03] [STEP][cta_sibling_visit] step=2 scenario='life_family_care_plugin' cluster='com.samsung.android.plugin.care:id/suggestion_card_container||com.samsung.android.plugin.care:id/first_button||com.sa...' visited='com.samsung.android.plugin.care:id/first_button'
[00:11:03] [STEP][cta_promote] step=2 scenario='life_family_care_plugin' container_rid='com.samsung.android.plugin.care:id/suggestion_card_container' selected_cta_rid='com.samsung.android.plugin.care:id/first_button' selected_cta_label='none' cta_candidates='none' reason='actionable_child_promoted'
[00:11:03] [ROW] fingerprint='com.samsung.android.plugin.care:id/first_button|want better insight into your daily life? set up the smartthings devices that yo|later want better insight into your daily life? set up the smartthings devices t|596,1558' normalized_fingerprint='com samsung android plugin care id first button|want better insight into your daily life set up the smartthings devices that you use to better understand your daily lif|later want better insight into your daily life set up the smartthings devices that you use to better understand your dai' duplicate=false recent_duplicate=false distance=0 recent_semantic_duplicate=false semantic_distance=0 semantic_window_unique=3 noise=false
[00:11:03] [STEP] END tab='(?i).*life.*' step=2 elapsed=5.23s move_result='{'success': True, 'status': 'moved', 'detail': 'moved', 'raw': {'timestamp': 1776870658117, 'reqId': '6bc66bd5', 'success': True, 'status': 'moved', 'detail': 'moved', 'flags': []}}' visible='Want better insight into your daily life? Set up the SmartThings devices that you use to better understand your daily life. Later Set up now' speech='Later Want better insight into your daily life? Set up the SmartThings devices that you use to better understand your daily life. Later Set up now' crop='output\talkback_compare_20260423_001023\crops\i_._life._step_2_Want_better_insight_into_your_daily_life.png' timing(move=1.180s ann=3.046s get_focus=1.005s get_focus_fallback_dump=0.000s step_dump=0.000s crop=0.486s total=5.718s) focus_reason='' fallback_used=False fallback_found=False step_dump_used=False step_dump_reason='focus_payload_sufficient' req_id='0b100b76'
[00:11:03] [STOP][eval] step=2 scenario='life_family_care_plugin' terminal=false same_like_count=0 no_progress=false scenario_type='content' is_global_nav=false after_realign=false recent_repeat=false bounded_two_card_loop=false semantic_same_like=false recent_duplicate=false recent_duplicate_distance=0 recent_semantic_duplicate=false recent_semantic_duplicate_distance=0 recent_semantic_unique_count=3 strict_duplicate=false semantic_duplicate=false repeat_class='none' loop_classification='none' hard_no_progress=false soft_no_progress=false no_progress_class='none' overlay_realign_grace_active=false min_step_gate_blocked=false realign_grace_suppressed=false cta_descend_applied=false promoted_from_container=true repeat_stop_hit=false decision='continue' reason='none' traversal_result='PASS_MOVED' final_result='PASS' failure_reason='' stop_explain_version='pr7_explain_v1' stop_explain_input='step:2|move:moved|smart:moved|same:0|fail:0' stop_explain_repeat='recent:false|class:none|strict:false|semantic:false|loop:none|two_card:false' stop_explain_no_progress='hit:false|class:none|hard:false|soft:false' stop_explain_gate='candidate:false|min_block:false|realign_suppress:false|realign_active:false|decision:continue'
[00:11:03] [OVERLAY] blocked no_overlay_policy scenario='life_family_care_plugin' tab='(?i).*life.*' step=2
[00:11:03] [STEP] START tab='(?i).*life.*' step=3
[00:11:09] [STEP][cta_promote_keep] step=3 scenario='life_family_care_plugin' cluster='com.samsung.android.plugin.care:id/suggestion_card_container||com.samsung.android.plugin.care:id/first_button||com.sa...' kept_rid='com.samsung.android.plugin.care:id/first_button' reason='preserve_committed_cta_sibling'
[00:11:09] [STEP][cta_sibling_visit] step=3 scenario='life_family_care_plugin' cluster='com.samsung.android.plugin.care:id/suggestion_card_container||com.samsung.android.plugin.care:id/first_button||com.sa...' visited='com.samsung.android.plugin.care:id/first_button'
[00:11:09] [STEP][cta_promote] step=3 scenario='life_family_care_plugin' container_rid='com.samsung.android.plugin.care:id/suggestion_card_container' selected_cta_rid='com.samsung.android.plugin.care:id/first_button' selected_cta_label='none' cta_candidates='none' reason='actionable_child_promoted'
[00:11:09] [STEP][cta_sibling_visit] step=3 scenario='life_family_care_plugin' cluster='com.samsung.android.plugin.care:id/suggestion_card_container||com.samsung.android.plugin.care:id/first_button||com.sa...' visited='com.samsung.android.plugin.care:id/first_button|com.samsung.android.plugin.care:id/second_button'
[00:11:09] [STEP][cta_sibling_commit] step=3 scenario='life_family_care_plugin' current_rid='com.samsung.android.plugin.care:id/first_button' committed_rid='com.samsung.android.plugin.care:id/second_button' reason='cta_sibling_committed'
[00:11:09] [STEP][cta_sibling] step=3 scenario='life_family_care_plugin' current_rid='com.samsung.android.plugin.care:id/first_button' next_candidate='com.samsung.android.plugin.care:id/second_button' reason='cta_sibling_progression'
[00:11:09] [STEP][cta_focus_align] step=3 scenario='life_family_care_plugin' target_rid='com.samsung.android.plugin.care:id/second_button' method='select' attempt=1
[00:11:10] [STEP][cta_focus_align_success] step=3 scenario='life_family_care_plugin' target_rid='com.samsung.android.plugin.care:id/second_button'
[00:11:10] [ROW] fingerprint='com.samsung.android.plugin.care:id/second_button|want better insight into your daily life? set up the smartthings devices that yo|want better insight into your daily life? set up the smartthings devices that yo|876,1558' normalized_fingerprint='com samsung android plugin care id second button|want better insight into your daily life set up the smartthings devices that you use to better understand your daily lif|want better insight into your daily life set up the smartthings devices that you use to better understand your daily lif' duplicate=false recent_duplicate=false distance=0 recent_semantic_duplicate=false semantic_distance=0 semantic_window_unique=4 noise=false
[00:11:10] [STEP] END tab='(?i).*life.*' step=3 elapsed=5.20s move_result='' visible='Want better insight into your daily life? Set up the SmartThings devices that you use to better understand your daily life. Later Set up now' speech='Want better insight into your daily life? Set up the SmartThings devices that you use to better understand your daily life. Later Set up now' crop='output\talkback_compare_20260423_001023\crops\i_._life._step_3_Want_better_insight_into_your_daily_life.png' timing(move=0.378s ann=3.819s get_focus=1.005s get_focus_fallback_dump=0.000s step_dump=0.000s crop=0.489s total=5.693s) focus_reason='' fallback_used=False fallback_found=False step_dump_used=False step_dump_reason='focus_payload_sufficient' req_id='b8691eb4'
[00:11:10] [STOP][eval] step=3 scenario='life_family_care_plugin' terminal=false same_like_count=0 no_progress=false scenario_type='content' is_global_nav=false after_realign=false recent_repeat=false bounded_two_card_loop=false semantic_same_like=false recent_duplicate=false recent_duplicate_distance=0 recent_semantic_duplicate=false recent_semantic_duplicate_distance=0 recent_semantic_unique_count=4 strict_duplicate=false semantic_duplicate=false repeat_class='none' loop_classification='none' hard_no_progress=false soft_no_progress=false no_progress_class='none' overlay_realign_grace_active=false min_step_gate_blocked=false realign_grace_suppressed=false cta_descend_applied=false promoted_from_container=true repeat_stop_hit=false decision='continue' reason='none' traversal_result='FAIL_MOVE' final_result='FAIL' failure_reason='move_failed' stop_explain_version='pr7_explain_v1' stop_explain_input='step:3|move:failed|smart:failed|same:0|fail:1' stop_explain_repeat='recent:false|class:none|strict:false|semantic:false|loop:none|two_card:false' stop_explain_no_progress='hit:false|class:none|hard:false|soft:false' stop_explain_gate='candidate:false|min_block:false|realign_suppress:false|realign_active:false|decision:continue'
[00:11:10] [RESULT] skipped anchor rows count=1
[00:11:10] [SAVE] writing sheets raw/filtered/summary/result
[00:11:10] [SAVE] filtered rows=4, raw rows=4
[00:11:10] [SAVE] saved excel: output/talkback_compare_20260423_001023.xlsx rows=4 with_images=False
[00:11:10] [OVERLAY] blocked no_overlay_policy scenario='life_family_care_plugin' tab='(?i).*life.*' step=3
[00:11:10] [STEP] START tab='(?i).*life.*' step=4
[00:11:16] [ROW] fingerprint='com.samsung.android.plugin.care:id/activity_toolbar|activity|activity|540,1764' normalized_fingerprint='com samsung android plugin care id activity toolbar|activity|activity' duplicate=false recent_duplicate=false distance=0 recent_semantic_duplicate=false semantic_distance=0 semantic_window_unique=5 noise=false
[00:11:16] [STEP] END tab='(?i).*life.*' step=4 elapsed=4.53s move_result='{'success': True, 'status': 'moved', 'detail': 'moved', 'raw': {'timestamp': 1776870671246, 'reqId': '520ee49d', 'success': True, 'status': 'moved', 'detail': 'moved', 'flags': []}}' visible='Activity' speech='Activity' crop='output\talkback_compare_20260423_001023\crops\i_._life._step_4_Activity.png' timing(move=0.488s ann=3.052s get_focus=0.985s get_focus_fallback_dump=0.000s step_dump=0.000s crop=0.487s total=5.014s) focus_reason='' fallback_used=False fallback_found=False step_dump_used=False step_dump_reason='focus_payload_sufficient' req_id='afb2933b'
[00:11:16] [STOP][eval] step=4 scenario='life_family_care_plugin' terminal=false same_like_count=0 no_progress=false scenario_type='content' is_global_nav=false after_realign=false recent_repeat=false bounded_two_card_loop=false semantic_same_like=false recent_duplicate=false recent_duplicate_distance=0 recent_semantic_duplicate=false recent_semantic_duplicate_distance=0 recent_semantic_unique_count=5 strict_duplicate=false semantic_duplicate=false repeat_class='none' loop_classification='none' hard_no_progress=false soft_no_progress=false no_progress_class='none' overlay_realign_grace_active=false min_step_gate_blocked=false realign_grace_suppressed=false cta_descend_applied=false promoted_from_container=false repeat_stop_hit=false decision='continue' reason='none' traversal_result='PASS_MOVED' final_result='PASS' failure_reason='' stop_explain_version='pr7_explain_v1' stop_explain_input='step:4|move:moved|smart:moved|same:0|fail:0' stop_explain_repeat='recent:false|class:none|strict:false|semantic:false|loop:none|two_card:false' stop_explain_no_progress='hit:false|class:none|hard:false|soft:false' stop_explain_gate='candidate:false|min_block:false|realign_suppress:false|realign_active:false|decision:continue'
[00:11:16] [OVERLAY] blocked no_overlay_policy scenario='life_family_care_plugin' tab='(?i).*life.*' step=4
[00:11:16] [STEP] START tab='(?i).*life.*' step=5
[00:11:21] [STEP][chrome_penalty] deprioritized='Navigate up|Family Care|Add family member|More options' reason='top_chrome_during_content_phase'
[00:11:21] [STEP][content_phase_eval] content_present=true chrome_present=true chrome_excluded=true
[00:11:21] [STEP][status_exhausted_excluded] rejected='No activity' reason='passive_status_or_empty_state'
[00:11:21] [STEP][leaf_penalty] deprioritized='Later' reason='low_value_leaf_text'
[00:11:21] [STEP][representative_exhausted_guard] rejected='Weather information, Icon. Add home information|Later|Set up now' reason='already_consumed_representative'
[00:11:21] [STEP][selection_candidates] all='Weather information, Icon. Add home information|Later|Set up now|No activity|It's time to go to bed so you can feel w...' after_filter='Activity|Activity Activity|It's time to go to bed so you can feel well rested tomorrow.|Want better insight into your...' rejected_by_revisit='none'
[00:11:21] [STEP][spatial_priority] candidates='Activity|Activity Activity|It's time to go to bed so you can feel well rested tomorrow.|Want better insight into your...' selected='Activity' reason='same_band_tiebreaker_left_to_right'
[00:11:21] [STEP][continuity_priority] previous='Activity' selected='Activity' reason='closest_next_representative'
[00:11:21] [STEP][cluster_representative_rank] cluster='Activity' candidates='title' selected='title' reason='title_selected_after_cluster_ranking'
[00:11:21] [STEP][focus_context_mismatch] selected='Activity' current_focus='Activity will be measured again after 4:00 AM.' reason='representative_differs_from_focus_context'
[00:11:21] [STEP][focus_realign_candidates] all='Weather information, Icon. Add home information|Later|Set up now|It's time to go to bed so you can feel well rested t...' eligible='It's time to go to bed so you can feel well rested tomorrow.|Want better insight into your daily life?|Set up the Sma...' rejected_recent='none' rejected_consumed='Weather information, Icon. Add home information|Later|Set up now'
[00:11:21] [STEP][focus_realign] target='It's time to go to bed so you can feel well rested tomorrow.' method='rid' attempt=1
[00:11:23] [STEP][focus_realign_success] target='It's time to go to bed so you can feel well rested tomorrow.' resolved_focus='It's time to go to bed so you can feel well rested tomorrow.'
[00:11:23] [STEP][focus_realign_record] target='It's time to go to bed so you can feel well rested tomorrow.' signature='com.samsung.android.plugin.care:id/suggestion_text||{'l': 90, 't': 670, 'r': 1002, 'b': 837}||it's time to go to bed ...' phase='content'
[00:11:23] [STEP][candidate_priority] content_candidates='Weather information, Icon. Add home information|Later|Set up now|No activity|It's time to go to bed so you can feel w...' status_candidates='No activity' selected='It's time to go to bed so you can feel well rested tomorrow.' reason='representative_content_preferred_over_passive_status'
[00:11:23] [STEP][bottom_strip_policy] content_present=true bottom_strip_deferred=true
[00:11:23] [STEP][candidate_sort_key] selected='It's time to go to bed so you can feel well rested tomorrow.' sort_key='score=169999,top=670,left=90'
[00:11:23] [STEP][cluster_consumed] cluster='com.samsung.android.plugin.care:id/suggestion_text||{'l': 90, 't': 670, 'r': 1002, 'b': 837}||it's time to go to bed ...'
[00:11:23] [ROW] fingerprint='com.samsung.android.plugin.care:id/suggestion_text|it's time to go to bed so you can feel well rested tomorrow.|it's time to go to bed so you can feel well rested tomorrow.|546,753' normalized_fingerprint='com samsung android plugin care id suggestion text|it s time to go to bed so you can feel well rested tomorrow|it s time to go to bed so you can feel well rested tomorrow' duplicate=false recent_duplicate=false distance=0 recent_semantic_duplicate=false semantic_distance=0 semantic_window_unique=6 noise=false
[00:11:23] [STEP] END tab='(?i).*life.*' step=5 elapsed=4.60s move_result='{'success': True, 'status': 'moved', 'detail': 'moved', 'raw': {'timestamp': 1776870676776, 'reqId': 'd3e13f02', 'success': True, 'status': 'moved', 'detail': 'moved', 'flags': []}}' visible='It's time to go to bed so you can feel well rested tomorrow.' speech='It's time to go to bed so you can feel well rested tomorrow.' crop='output\talkback_compare_20260423_001023\crops\i_._life._step_5_Activity_will_be_measured_again_after_4.png' timing(move=0.542s ann=3.076s get_focus=0.982s get_focus_fallback_dump=0.000s step_dump=0.000s crop=0.491s total=5.092s) focus_reason='' fallback_used=False fallback_found=False step_dump_used=False step_dump_reason='focus_payload_sufficient' req_id='1cc7f7e5'
[00:11:23] [STOP][eval] step=5 scenario='life_family_care_plugin' terminal=false same_like_count=0 no_progress=false scenario_type='content' is_global_nav=false after_realign=false recent_repeat=false bounded_two_card_loop=false semantic_same_like=false recent_duplicate=false recent_duplicate_distance=0 recent_semantic_duplicate=false recent_semantic_duplicate_distance=0 recent_semantic_unique_count=6 strict_duplicate=false semantic_duplicate=false repeat_class='none' loop_classification='none' hard_no_progress=false soft_no_progress=false no_progress_class='none' overlay_realign_grace_active=false min_step_gate_blocked=false realign_grace_suppressed=false cta_descend_applied=false promoted_from_container=false repeat_stop_hit=false decision='continue' reason='none' traversal_result='PASS_MOVED' final_result='PASS' failure_reason='' stop_explain_version='pr7_explain_v1' stop_explain_input='step:5|move:moved|smart:moved|same:0|fail:0' stop_explain_repeat='recent:false|class:none|strict:false|semantic:false|loop:none|two_card:false' stop_explain_no_progress='hit:false|class:none|hard:false|soft:false' stop_explain_gate='candidate:false|min_block:false|realign_suppress:false|realign_active:false|decision:continue'
[00:11:23] [OVERLAY] blocked no_overlay_policy scenario='life_family_care_plugin' tab='(?i).*life.*' step=5
[00:11:23] [STEP] START tab='(?i).*life.*' step=6
[00:11:28] [ROW] fingerprint='com.samsung.android.plugin.care:id/banner_frame_layout|weather information icon. add home information|weather information icon. add home information|498,948' normalized_fingerprint='com samsung android plugin care id banner frame layout|weather information icon add home information|weather information icon add home information' duplicate=false recent_duplicate=true distance=5 recent_semantic_duplicate=true semantic_distance=5 semantic_window_unique=5 noise=false
[00:11:28] [STEP] END tab='(?i).*life.*' step=6 elapsed=4.55s move_result='{'success': True, 'status': 'moved', 'detail': 'moved', 'raw': {'timestamp': 1776870683652, 'reqId': '18e737d8', 'success': True, 'status': 'moved', 'detail': 'moved', 'flags': []}}' visible='Weather information, Icon. Add home information' speech='Weather information, Icon. Add home information' crop='output\talkback_compare_20260423_001023\crops\i_._life._step_6_Weather_information__Icon._Add_home_info.png' timing(move=0.524s ann=3.044s get_focus=0.984s get_focus_fallback_dump=0.000s step_dump=0.000s crop=0.493s total=5.045s) focus_reason='' fallback_used=False fallback_found=False step_dump_used=False step_dump_reason='focus_payload_sufficient' req_id='d608a0dd'
[00:11:28] [STOP][eval] step=6 scenario='life_family_care_plugin' terminal=false same_like_count=0 no_progress=false scenario_type='content' is_global_nav=false after_realign=false recent_repeat=false bounded_two_card_loop=false semantic_same_like=false recent_duplicate=true recent_duplicate_distance=5 recent_semantic_duplicate=true recent_semantic_duplicate_distance=5 recent_semantic_unique_count=5 strict_duplicate=false semantic_duplicate=false repeat_class='none' loop_classification='none' hard_no_progress=false soft_no_progress=false no_progress_class='none' overlay_realign_grace_active=false min_step_gate_blocked=false realign_grace_suppressed=false cta_descend_applied=false promoted_from_container=false repeat_stop_hit=false decision='continue' reason='none' traversal_result='PASS_MOVED' final_result='PASS' failure_reason='' stop_explain_version='pr7_explain_v1' stop_explain_input='step:6|move:moved|smart:moved|same:0|fail:0' stop_explain_repeat='recent:false|class:none|strict:false|semantic:false|loop:none|two_card:false' stop_explain_no_progress='hit:false|class:none|hard:false|soft:false' stop_explain_gate='candidate:false|min_block:false|realign_suppress:false|realign_active:false|decision:continue'
[00:11:28] [RESULT] skipped anchor rows count=1
[00:11:28] [SAVE] writing sheets raw/filtered/summary/result
[00:11:28] [SAVE] filtered rows=6, raw rows=7
[00:11:28] [SAVE] saved excel: output/talkback_compare_20260423_001023.xlsx rows=7 with_images=False
[00:11:28] [OVERLAY] blocked no_overlay_policy scenario='life_family_care_plugin' tab='(?i).*life.*' step=6
[00:11:28] [STEP] START tab='(?i).*life.*' step=7
[00:11:34] [STEP][cta_promote_keep] step=7 scenario='life_family_care_plugin' cluster='com.samsung.android.plugin.care:id/suggestion_card_container||com.samsung.android.plugin.care:id/first_button||com.sa...' kept_rid='com.samsung.android.plugin.care:id/second_button' reason='preserve_committed_cta_sibling'
[00:11:34] [STEP][cta_sibling_visit] step=7 scenario='life_family_care_plugin' cluster='com.samsung.android.plugin.care:id/suggestion_card_container||com.samsung.android.plugin.care:id/first_button||com.sa...' visited='com.samsung.android.plugin.care:id/first_button|com.samsung.android.plugin.care:id/second_button'
[00:11:34] [STEP][cta_promote] step=7 scenario='life_family_care_plugin' container_rid='com.samsung.android.plugin.care:id/suggestion_card_container' selected_cta_rid='com.samsung.android.plugin.care:id/second_button' selected_cta_label='none' cta_candidates='none' reason='actionable_child_promoted'
[00:11:34] [STEP][cta_focus_align] step=7 scenario='life_family_care_plugin' target_rid='com.samsung.android.plugin.care:id/second_button' method='select' attempt=1
[00:11:36] [STEP][cta_focus_align_success] step=7 scenario='life_family_care_plugin' target_rid='com.samsung.android.plugin.care:id/second_button'
[00:11:36] [ROW] fingerprint='com.samsung.android.plugin.care:id/second_button|want better insight into your daily life? set up the smartthings devices that yo|later want better insight into your daily life? set up the smartthings devices t|876,1558' normalized_fingerprint='com samsung android plugin care id second button|want better insight into your daily life set up the smartthings devices that you use to better understand your daily lif|later want better insight into your daily life set up the smartthings devices that you use to better understand your dai' duplicate=false recent_duplicate=false distance=0 recent_semantic_duplicate=false semantic_distance=0 semantic_window_unique=6 noise=false
[00:11:36] [STEP] END tab='(?i).*life.*' step=7 elapsed=5.21s move_result='{'success': True, 'status': 'moved', 'detail': 'moved', 'raw': {'timestamp': 1776870689892, 'reqId': 'bde83a7b', 'success': True, 'status': 'moved', 'detail': 'moved', 'flags': []}}' visible='Want better insight into your daily life? Set up the SmartThings devices that you use to better understand your daily life. Later Set up now' speech='Later Want better insight into your daily life? Set up the SmartThings devices that you use to better understand your daily life. Later Set up now' crop='output\talkback_compare_20260423_001023\crops\i_._life._step_7_Want_better_insight_into_your_daily_life.png' timing(move=1.162s ann=3.059s get_focus=0.986s get_focus_fallback_dump=0.000s step_dump=0.000s crop=0.476s total=5.685s) focus_reason='' fallback_used=False fallback_found=False step_dump_used=False step_dump_reason='focus_payload_sufficient' req_id='2bb29567'
[00:11:36] [STOP][eval] step=7 scenario='life_family_care_plugin' terminal=false same_like_count=0 no_progress=false scenario_type='content' is_global_nav=false after_realign=false recent_repeat=false bounded_two_card_loop=false semantic_same_like=false recent_duplicate=false recent_duplicate_distance=0 recent_semantic_duplicate=false recent_semantic_duplicate_distance=0 recent_semantic_unique_count=6 strict_duplicate=false semantic_duplicate=false repeat_class='none' loop_classification='none' hard_no_progress=false soft_no_progress=false no_progress_class='none' overlay_realign_grace_active=false min_step_gate_blocked=false realign_grace_suppressed=false cta_descend_applied=false promoted_from_container=true repeat_stop_hit=false decision='continue' reason='none' traversal_result='PASS_MOVED' final_result='PASS' failure_reason='' stop_explain_version='pr7_explain_v1' stop_explain_input='step:7|move:moved|smart:moved|same:0|fail:0' stop_explain_repeat='recent:false|class:none|strict:false|semantic:false|loop:none|two_card:false' stop_explain_no_progress='hit:false|class:none|hard:false|soft:false' stop_explain_gate='candidate:false|min_block:false|realign_suppress:false|realign_active:false|decision:continue'
[00:11:36] [OVERLAY] blocked no_overlay_policy scenario='life_family_care_plugin' tab='(?i).*life.*' step=7
[00:11:36] [STEP] START tab='(?i).*life.*' step=8
[00:11:41] [STEP][chrome_penalty] deprioritized='Navigate up|Family Care|Add family member|More options' reason='top_chrome_during_content_phase'
[00:11:41] [STEP][content_phase_eval] content_present=true chrome_present=true chrome_excluded=true
[00:11:41] [STEP][status_exhausted_excluded] rejected='No activity' reason='passive_status_or_empty_state'
[00:11:41] [STEP][leaf_penalty] deprioritized='Later' reason='low_value_leaf_text'
[00:11:41] [STEP][representative_exhausted_guard] rejected='Weather information, Icon. Add home information|Later|Set up now|It's time to go to bed so you can feel well rested t...' reason='already_consumed_representative'
[00:11:41] [STEP][selection_candidates] all='Weather information, Icon. Add home information|Later|Set up now|No activity|It's time to go to bed so you can feel w...' after_filter='Set up now|Activity|Activity Activity|Want better insight into your daily life?|Set up the SmartThings devices that y...' rejected_by_revisit='none'
[00:11:41] [STEP][spatial_priority] candidates='Set up now|Activity|Activity Activity|Want better insight into your daily life?' selected='Set up now' reason='higher_in_viewport'
[00:11:41] [STEP][continuity_priority] previous='Want better insight into your daily life? Set up the SmartThings devices that you use to bett...' selected='Set up now' reason='closest_next_representative'
[00:11:41] [STEP][focus_context_mismatch] selected='Set up now' current_focus='Activity' reason='representative_differs_from_focus_context'
[00:11:41] [STEP][focus_realign_candidates] all='Weather information, Icon. Add home information|Later|Set up now|It's time to go to bed so you can feel well rested t...' eligible='Want better insight into your daily life?|Set up the SmartThings devices that you use to better understand your daily...' rejected_recent='none' rejected_consumed='Weather information, Icon. Add home information|Later|Set up now|It's time to go to bed so you can feel well rested t...'
[00:11:41] [STEP][focus_realign] target='Want better insight into your daily life?' method='rid' attempt=1
[00:11:42] [STEP][focus_realign_success] target='Want better insight into your daily life?' resolved_focus='Want better insight into your daily life?'
[00:11:42] [STEP][focus_realign_record] target='Want better insight into your daily life?' signature='com.samsung.android.plugin.care:id/title||{'l': 312, 't': 1137, 'r': 996, 'b': 1262}||want better insight into your d...' phase='content'
[00:11:42] [STEP][candidate_priority] content_candidates='Weather information, Icon. Add home information|Later|Set up now|No activity|It's time to go to bed so you can feel w...' status_candidates='No activity' selected='Want better insight into your daily life?' reason='representative_content_preferred_over_passive_status'
[00:11:42] [STEP][bottom_strip_policy] content_present=true bottom_strip_deferred=true
[00:11:42] [STEP][candidate_sort_key] selected='Want better insight into your daily life?' sort_key='score=169999,top=1137,left=312'
[00:11:42] [STEP][cluster_consumed] cluster='com.samsung.android.plugin.care:id/title||{'l': 312, 't': 1137, 'r': 996, 'b': 1262}||want better insight into your d...'
[00:11:42] [ROW] fingerprint='com.samsung.android.plugin.care:id/title|want better insight into your daily life?|want better insight into your daily life?|654,1199' normalized_fingerprint='com samsung android plugin care id title|want better insight into your daily life|want better insight into your daily life' duplicate=false recent_duplicate=false distance=0 recent_semantic_duplicate=false semantic_distance=0 semantic_window_unique=6 noise=false
[00:11:42] [STEP] END tab='(?i).*life.*' step=8 elapsed=4.49s move_result='{'success': True, 'status': 'moved', 'detail': 'moved', 'raw': {'timestamp': 1776870696568, 'reqId': 'c1bdb5cd', 'success': True, 'status': 'moved', 'detail': 'moved', 'flags': []}}' visible='Want better insight into your daily life?' speech='Want better insight into your daily life?' crop='output\talkback_compare_20260423_001023\crops\i_._life._step_8_Activity.png' timing(move=0.481s ann=3.027s get_focus=0.981s get_focus_fallback_dump=0.000s step_dump=0.000s crop=0.481s total=4.971s) focus_reason='' fallback_used=False fallback_found=False step_dump_used=False step_dump_reason='focus_payload_sufficient' req_id='1400f3ba'
[00:11:42] [STOP][eval] step=8 scenario='life_family_care_plugin' terminal=false same_like_count=0 no_progress=false scenario_type='content' is_global_nav=false after_realign=false recent_repeat=false bounded_two_card_loop=false semantic_same_like=false recent_duplicate=false recent_duplicate_distance=0 recent_semantic_duplicate=false recent_semantic_duplicate_distance=0 recent_semantic_unique_count=6 strict_duplicate=false semantic_duplicate=false repeat_class='none' loop_classification='none' hard_no_progress=false soft_no_progress=false no_progress_class='none' overlay_realign_grace_active=false min_step_gate_blocked=false realign_grace_suppressed=false cta_descend_applied=false promoted_from_container=false repeat_stop_hit=false decision='continue' reason='none' traversal_result='PASS_MOVED' final_result='PASS' failure_reason='' stop_explain_version='pr7_explain_v1' stop_explain_input='step:8|move:moved|smart:moved|same:0|fail:0' stop_explain_repeat='recent:false|class:none|strict:false|semantic:false|loop:none|two_card:false' stop_explain_no_progress='hit:false|class:none|hard:false|soft:false' stop_explain_gate='candidate:false|min_block:false|realign_suppress:false|realign_active:false|decision:continue'
[00:11:42] [OVERLAY] blocked no_overlay_policy scenario='life_family_care_plugin' tab='(?i).*life.*' step=8
[00:11:42] [STEP] START tab='(?i).*life.*' step=9
[00:11:49] [ROW] fingerprint='com.samsung.android.plugin.care:id/title|want better insight into your daily life?|want better insight into your daily life?|654,1199' normalized_fingerprint='com samsung android plugin care id title|want better insight into your daily life|want better insight into your daily life' duplicate=true recent_duplicate=true distance=1 recent_semantic_duplicate=true semantic_distance=1 semantic_window_unique=5 noise=false
[00:11:49] [STEP] END tab='(?i).*life.*' step=9 elapsed=5.32s move_result='' visible='Want better insight into your daily life?' speech='Want better insight into your daily life?' crop='output\talkback_compare_20260423_001023\crops\i_._life._step_9_Want_better_insight_into_your_daily_life.png' timing(move=0.460s ann=3.839s get_focus=1.023s get_focus_fallback_dump=0.000s step_dump=0.000s crop=0.478s total=5.800s) focus_reason='' fallback_used=False fallback_found=False step_dump_used=False step_dump_reason='focus_payload_sufficient' req_id='23950869'
[00:11:49] [STOP][eval] step=9 scenario='life_family_care_plugin' terminal=false same_like_count=1 no_progress=false scenario_type='content' is_global_nav=false after_realign=false recent_repeat=false bounded_two_card_loop=false semantic_same_like=true recent_duplicate=true recent_duplicate_distance=1 recent_semantic_duplicate=true recent_semantic_duplicate_distance=1 recent_semantic_unique_count=5 strict_duplicate=false semantic_duplicate=true repeat_class='semantic_duplicate' loop_classification='benign_repeat' hard_no_progress=false soft_no_progress=false no_progress_class='none' overlay_realign_grace_active=false min_step_gate_blocked=false realign_grace_suppressed=false cta_descend_applied=false promoted_from_container=false repeat_stop_hit=false decision='continue' reason='none' traversal_result='FAIL_MOVE' final_result='FAIL' failure_reason='move_failed' stop_explain_version='pr7_explain_v1' stop_explain_input='step:9|move:failed|smart:failed|same:1|fail:1' stop_explain_repeat='recent:false|class:semantic_duplicate|strict:false|semantic:true|loop:benign_repeat|two_card:false' stop_explain_no_progress='hit:false|class:none|hard:false|soft:false' stop_explain_gate='candidate:false|min_block:false|realign_suppress:false|realign_active:false|decision:continue'
[00:11:49] [RESULT] skipped anchor rows count=1
[00:11:49] [SAVE] writing sheets raw/filtered/summary/result
[00:11:49] [SAVE] filtered rows=9, raw rows=10
[00:11:49] [SAVE] saved excel: output/talkback_compare_20260423_001023.xlsx rows=10 with_images=False
[00:11:49] [OVERLAY] blocked no_overlay_policy scenario='life_family_care_plugin' tab='(?i).*life.*' step=9
[00:11:49] [STEP] START tab='(?i).*life.*' step=10
[00:11:55] [STEP][chrome_penalty] deprioritized='Navigate up|Family Care|Add family member|More options' reason='top_chrome_during_content_phase'
[00:11:55] [STEP][content_phase_eval] content_present=true chrome_present=true chrome_excluded=true
[00:11:55] [STEP][status_exhausted_excluded] rejected='No activity' reason='passive_status_or_empty_state'
[00:11:55] [STEP][leaf_penalty] deprioritized='Later' reason='low_value_leaf_text'
[00:11:55] [STEP][representative_exhausted_guard] rejected='Weather information, Icon. Add home information|Later|Set up now|It's time to go to bed so you can feel well rested t...' reason='already_consumed_representative'
[00:11:55] [STEP][selection_candidates] all='Weather information, Icon. Add home information|Later|Set up now|No activity|It's time to go to bed so you can feel w...' after_filter='Set up the SmartThings devices that you use to better understand your daily life.|Set up now|Activity|Activity Activity' rejected_by_revisit='none'
[00:11:55] [STEP][spatial_priority] candidates='Set up the SmartThings devices that you use to better understand your daily life.|Set up now|Activity|Activity Activity' selected='Set up the SmartThings devices that you use to better understand your daily life.' reason='higher_in_viewport'
[00:11:55] [STEP][continuity_priority] previous='Want better insight into your daily life?' selected='Set up the SmartThings devices that you use to better understand your daily life.' reason='closest_next_representative'
[00:11:55] [STEP][focus_context_mismatch] selected='Set up the SmartThings devices that you use to better understand your daily life.' current_focus='Want better insight into your daily life?' reason='representative_differs_from_focus_context'
[00:11:55] [STEP][focus_realign_candidates] all='Weather information, Icon. Add home information|Later|Set up now|It's time to go to bed so you can feel well rested t...' eligible='Set up the SmartThings devices that you use to better understand your daily life.|Activity Activity|Activity' rejected_recent='none' rejected_consumed='Weather information, Icon. Add home information|Later|Set up now|It's time to go to bed so you can feel well rested t...'
[00:11:55] [STEP][focus_realign] target='Set up the SmartThings devices that you use to better understand your daily life.' method='rid' attempt=1
[00:11:57] [STEP][focus_realign_success] target='Set up the SmartThings devices that you use to better understand your daily life.' resolved_focus='Set up the SmartThings devices that you use to better understand your daily life.'
[00:11:57] [STEP][focus_realign_record] target='Set up the SmartThings devices that you use to better understand your daily life.' signature='com.samsung.android.plugin.care:id/tips_text||{'l': 312, 't': 1286, 'r': 996, 'b': 1464}||set up the smartthings devi...' phase='content'
[00:11:57] [STEP][candidate_priority] content_candidates='Weather information, Icon. Add home information|Later|Set up now|No activity|It's time to go to bed so you can feel w...' status_candidates='No activity' selected='Set up the SmartThings devices that you use to better understand your daily life.' reason='representative_content_preferred_over_passive_status'
[00:11:57] [STEP][bottom_strip_policy] content_present=true bottom_strip_deferred=true
[00:11:57] [STEP][candidate_sort_key] selected='Set up the SmartThings devices that you use to better understand your daily life.' sort_key='score=169999,top=1286,left=312'
[00:11:57] [STEP][cta_promote_skip] step=10 scenario='life_family_care_plugin' container_rid='com.samsung.android.plugin.care:id/tips_text' reason='no_actionable_child_found'
[00:11:57] [STEP][cluster_consumed] cluster='com.samsung.android.plugin.care:id/tips_text||{'l': 312, 't': 1286, 'r': 996, 'b': 1464}||set up the smartthings devi...'
[00:11:57] [ROW] fingerprint='com.samsung.android.plugin.care:id/tips_text|set up the smartthings devices that you use to better understand your daily life|set up the smartthings devices that you use to better understand your daily life|654,1375' normalized_fingerprint='com samsung android plugin care id tips text|set up the smartthings devices that you use to better understand your daily life|set up the smartthings devices that you use to better understand your daily life' duplicate=false recent_duplicate=false distance=0 recent_semantic_duplicate=false semantic_distance=0 semantic_window_unique=5 noise=false
[00:11:57] [STEP] END tab='(?i).*life.*' step=10 elapsed=5.39s move_result='' visible='Set up the SmartThings devices that you use to better understand your daily life.' speech='Set up the SmartThings devices that you use to better understand your daily life.' crop='output\talkback_compare_20260423_001023\crops\i_._life._step_10_Want_better_insight_into_your_daily_life.png' timing(move=0.415s ann=3.885s get_focus=1.088s get_focus_fallback_dump=0.000s step_dump=0.000s crop=0.580s total=5.968s) focus_reason='' fallback_used=False fallback_found=False step_dump_used=False step_dump_reason='focus_payload_sufficient' req_id='0660bb61'
[00:11:57] [STOP][eval] step=10 scenario='life_family_care_plugin' terminal=false same_like_count=0 no_progress=false scenario_type='content' is_global_nav=false after_realign=false recent_repeat=false bounded_two_card_loop=false semantic_same_like=false recent_duplicate=false recent_duplicate_distance=0 recent_semantic_duplicate=false recent_semantic_duplicate_distance=0 recent_semantic_unique_count=5 strict_duplicate=false semantic_duplicate=false repeat_class='none' loop_classification='none' hard_no_progress=false soft_no_progress=false no_progress_class='none' overlay_realign_grace_active=false min_step_gate_blocked=false realign_grace_suppressed=false cta_descend_applied=false promoted_from_container=false repeat_stop_hit=false decision='continue' reason='none' traversal_result='FAIL_MOVE' final_result='FAIL' failure_reason='move_failed' stop_explain_version='pr7_explain_v1' stop_explain_input='step:10|move:failed|smart:failed|same:0|fail:2' stop_explain_repeat='recent:false|class:none|strict:false|semantic:false|loop:none|two_card:false' stop_explain_no_progress='hit:false|class:none|hard:false|soft:false' stop_explain_gate='candidate:false|min_block:false|realign_suppress:false|realign_active:false|decision:continue'
[00:11:57] [OVERLAY] blocked no_overlay_policy scenario='life_family_care_plugin' tab='(?i).*life.*' step=10
[00:11:57] [STEP] START tab='(?i).*life.*' step=11
[00:12:03] [STEP][chrome_penalty] deprioritized='Navigate up|Family Care|Add family member|More options' reason='top_chrome_during_content_phase'
[00:12:03] [STEP][content_phase_eval] content_present=true chrome_present=true chrome_excluded=true
[00:12:03] [STEP][status_exhausted_excluded] rejected='No activity' reason='passive_status_or_empty_state'
[00:12:03] [STEP][leaf_penalty] deprioritized='Later' reason='low_value_leaf_text'
[00:12:03] [STEP][representative_exhausted_guard] rejected='Weather information, Icon. Add home information|Later|Set up now|It's time to go to bed so you can feel well rested t...' reason='already_consumed_representative'
[00:12:03] [STEP][selection_candidates] all='Weather information, Icon. Add home information|Later|Set up now|No activity|It's time to go to bed so you can feel w...' after_filter='Set up now|Activity|Activity Activity' rejected_by_revisit='none'
[00:12:03] [STEP][spatial_priority] candidates='Set up now|Activity|Activity Activity' selected='Set up now' reason='higher_in_viewport'
[00:12:03] [STEP][continuity_priority] previous='Set up the SmartThings devices that you use to better understand your daily life.' selected='Set up now' reason='closest_next_representative'
[00:12:03] [STEP][focus_context_mismatch] selected='Set up now' current_focus='Later' reason='representative_differs_from_focus_context'
[00:12:03] [STEP][focus_realign_candidates] all='Weather information, Icon. Add home information|Later|Set up now|It's time to go to bed so you can feel well rested t...' eligible='Activity Activity|Activity' rejected_recent='none' rejected_consumed='Weather information, Icon. Add home information|Later|Set up now|It's time to go to bed so you can feel well rested t...'
[00:12:03] [STEP][focus_realign] target='Activity Activity' method='rid' attempt=1
[00:12:04] [STEP][focus_realign_success] target='Activity Activity' resolved_focus='Activity'
[00:12:04] [STEP][focus_realign_record] target='Activity Activity' signature='com.samsung.android.plugin.care:id/activity_toolbar||{'l': 84, 't': 1728, 'r': 996, 'b': 1800}||activity activity' phase='content'
[00:12:04] [STEP][candidate_priority] content_candidates='Weather information, Icon. Add home information|Later|Set up now|No activity|It's time to go to bed so you can feel w...' status_candidates='No activity' selected='Activity' reason='representative_content_preferred_over_passive_status'
[00:12:04] [STEP][bottom_strip_policy] content_present=true bottom_strip_deferred=true
[00:12:04] [STEP][candidate_sort_key] selected='Activity' sort_key='score=169999,top=1728,left=84'
[00:12:04] [STEP][cluster_consumed] cluster='com.samsung.android.plugin.care:id/activity_toolbar||{'l': 84, 't': 1728, 'r': 996, 'b': 1800}||activity activity'
[00:12:04] [ROW] fingerprint='com.samsung.android.plugin.care:id/activity_toolbar|activity|activity|540,1764' normalized_fingerprint='com samsung android plugin care id activity toolbar|activity|activity' duplicate=false recent_duplicate=false distance=0 recent_semantic_duplicate=false semantic_distance=0 semantic_window_unique=5 noise=false
[00:12:04] [STEP] END tab='(?i).*life.*' step=11 elapsed=4.68s move_result='{'success': True, 'status': 'moved', 'detail': 'moved', 'raw': {'timestamp': 1776870718009, 'reqId': 'f81f2732', 'success': True, 'status': 'moved', 'detail': 'moved', 'flags': []}}' visible='Activity' speech='Activity' crop='output\talkback_compare_20260423_001023\crops\i_._life._step_11_Later.png' timing(move=0.484s ann=3.173s get_focus=1.024s get_focus_fallback_dump=0.000s step_dump=0.000s crop=0.475s total=5.156s) focus_reason='' fallback_used=False fallback_found=False step_dump_used=False step_dump_reason='focus_payload_sufficient' req_id='70f106f2'
[00:12:04] [STOP][eval] step=11 scenario='life_family_care_plugin' terminal=false same_like_count=0 no_progress=false scenario_type='content' is_global_nav=false after_realign=false recent_repeat=false bounded_two_card_loop=false semantic_same_like=false recent_duplicate=false recent_duplicate_distance=0 recent_semantic_duplicate=false recent_semantic_duplicate_distance=0 recent_semantic_unique_count=5 strict_duplicate=false semantic_duplicate=false repeat_class='none' loop_classification='none' hard_no_progress=false soft_no_progress=false no_progress_class='none' overlay_realign_grace_active=false min_step_gate_blocked=false realign_grace_suppressed=false cta_descend_applied=false promoted_from_container=false repeat_stop_hit=false decision='continue' reason='none' traversal_result='PASS_MOVED' final_result='PASS' failure_reason='' stop_explain_version='pr7_explain_v1' stop_explain_input='step:11|move:moved|smart:moved|same:0|fail:0' stop_explain_repeat='recent:false|class:none|strict:false|semantic:false|loop:none|two_card:false' stop_explain_no_progress='hit:false|class:none|hard:false|soft:false' stop_explain_gate='candidate:false|min_block:false|realign_suppress:false|realign_active:false|decision:continue'
[00:12:04] [OVERLAY] blocked no_overlay_policy scenario='life_family_care_plugin' tab='(?i).*life.*' step=11
[00:12:04] [STEP] START tab='(?i).*life.*' step=12
[00:12:10] [STEP][chrome_penalty] deprioritized='Navigate up|Family Care|Add family member|More options' reason='top_chrome_during_content_phase'
[00:12:10] [STEP][content_phase_eval] content_present=true chrome_present=true chrome_excluded=true
[00:12:10] [STEP][status_exhausted_excluded] rejected='No activity' reason='passive_status_or_empty_state'
[00:12:10] [STEP][leaf_penalty] deprioritized='Later' reason='low_value_leaf_text'
[00:12:10] [STEP][representative_exhausted_guard] rejected='Weather information, Icon. Add home information|Later|Set up now|It's time to go to bed so you can feel well rested t...' reason='already_consumed_representative'
[00:12:10] [STEP][selection_candidates] all='Weather information, Icon. Add home information|Later|Set up now|No activity|It's time to go to bed so you can feel w...' after_filter='Activity|Set up now' rejected_by_revisit='none'
[00:12:10] [STEP][spatial_priority] candidates='Activity|Set up now' selected='Activity' reason='higher_in_viewport'
[00:12:10] [STEP][continuity_priority] previous='Activity' selected='Activity' reason='closest_next_representative'
[00:12:10] [STEP][cluster_representative_rank] cluster='Activity' candidates='title' selected='title' reason='title_selected_after_cluster_ranking'
[00:12:10] [STEP][focus_context_mismatch] selected='Activity' current_focus='Activity will be measured again after 4:00 AM.' reason='representative_differs_from_focus_context'
[00:12:10] [STEP][focus_realign_candidates] all='Weather information, Icon. Add home information|Later|Set up now|It's time to go to bed so you can feel well rested t...' eligible='Activity' rejected_recent='none' rejected_consumed='Weather information, Icon. Add home information|Later|Set up now|It's time to go to bed so you can feel well rested t...'
[00:12:10] [STEP][focus_realign] target='Activity' method='rid' attempt=1
[00:12:11] [STEP][focus_realign_success] target='Activity' resolved_focus='Want better insight into your daily life?'
[00:12:11] [STEP][focus_realign_record] target='Activity' signature='com.samsung.android.plugin.care:id/title||{'l': 84, 't': 1728, 'r': 930, 'b': 1798}||activity' phase='content'
[00:12:11] [STEP][candidate_priority] content_candidates='Weather information, Icon. Add home information|Later|Set up now|No activity|It's time to go to bed so you can feel w...' status_candidates='No activity' selected='Want better insight into your daily life?' reason='representative_content_preferred_over_passive_status'
[00:12:11] [STEP][bottom_strip_policy] content_present=true bottom_strip_deferred=true
[00:12:11] [STEP][candidate_sort_key] selected='Want better insight into your daily life?' sort_key='score=169999,top=1137,left=312'
[00:12:11] [STEP][cluster_consumed] cluster='com.samsung.android.plugin.care:id/title||{'l': 84, 't': 1728, 'r': 930, 'b': 1798}||activity'
[00:12:11] [ROW] fingerprint='com.samsung.android.plugin.care:id/title|want better insight into your daily life?|want better insight into your daily life?|654,1199' normalized_fingerprint='com samsung android plugin care id title|want better insight into your daily life|want better insight into your daily life' duplicate=false recent_duplicate=true distance=3 recent_semantic_duplicate=true semantic_distance=3 semantic_window_unique=4 noise=false
[00:12:11] [STEP] END tab='(?i).*life.*' step=12 elapsed=4.51s move_result='{'success': True, 'status': 'moved', 'detail': 'moved', 'raw': {'timestamp': 1776870725174, 'reqId': 'cddfaee4', 'success': True, 'status': 'moved', 'detail': 'moved', 'flags': []}}' visible='Want better insight into your daily life?' speech='Want better insight into your daily life?' crop='output\talkback_compare_20260423_001023\crops\i_._life._step_12_Activity_will_be_measured_again_after_4.png' timing(move=0.528s ann=2.977s get_focus=1.003s get_focus_fallback_dump=0.000s step_dump=0.000s crop=0.473s total=4.983s) focus_reason='' fallback_used=False fallback_found=False step_dump_used=False step_dump_reason='focus_payload_sufficient' req_id='cb53d0d1'
[00:12:11] [STOP][eval] step=12 scenario='life_family_care_plugin' terminal=false same_like_count=0 no_progress=false scenario_type='content' is_global_nav=false after_realign=false recent_repeat=false bounded_two_card_loop=false semantic_same_like=false recent_duplicate=true recent_duplicate_distance=3 recent_semantic_duplicate=true recent_semantic_duplicate_distance=3 recent_semantic_unique_count=4 strict_duplicate=false semantic_duplicate=false repeat_class='none' loop_classification='none' hard_no_progress=false soft_no_progress=false no_progress_class='none' overlay_realign_grace_active=false min_step_gate_blocked=false realign_grace_suppressed=false cta_descend_applied=false promoted_from_container=false repeat_stop_hit=false decision='continue' reason='none' traversal_result='PASS_MOVED' final_result='PASS' failure_reason='' stop_explain_version='pr7_explain_v1' stop_explain_input='step:12|move:moved|smart:moved|same:0|fail:0' stop_explain_repeat='recent:false|class:none|strict:false|semantic:false|loop:none|two_card:false' stop_explain_no_progress='hit:false|class:none|hard:false|soft:false' stop_explain_gate='candidate:false|min_block:false|realign_suppress:false|realign_active:false|decision:continue'
[00:12:11] [RESULT] skipped anchor rows count=1
[00:12:11] [SAVE] writing sheets raw/filtered/summary/result
[00:12:11] [SAVE] filtered rows=11, raw rows=13
[00:12:11] [SAVE] saved excel: output/talkback_compare_20260423_001023.xlsx rows=13 with_images=False
[00:12:11] [OVERLAY] blocked no_overlay_policy scenario='life_family_care_plugin' tab='(?i).*life.*' step=12
[00:12:11] [STEP] START tab='(?i).*life.*' step=13
[00:12:17] [STEP][chrome_penalty] deprioritized='Navigate up|Family Care|Add family member|More options' reason='top_chrome_during_content_phase'
[00:12:17] [STEP][content_phase_eval] content_present=true chrome_present=true chrome_excluded=true
[00:12:17] [STEP][status_exhausted_excluded] rejected='No activity' reason='passive_status_or_empty_state'
[00:12:17] [STEP][leaf_penalty] deprioritized='Later' reason='low_value_leaf_text'
[00:12:17] [STEP][representative_exhausted_guard] rejected='Weather information, Icon. Add home information|Later|Set up now|It's time to go to bed so you can feel well rested t...' reason='already_consumed_representative'
[00:12:17] [STEP][selection_candidates] all='Weather information, Icon. Add home information|Later|Set up now|No activity|It's time to go to bed so you can feel w...' after_filter='Set up now' rejected_by_revisit='none'
[00:12:17] [STEP][focus_context_mismatch] selected='Set up now' current_focus='Want better insight into your daily life?' reason='representative_differs_from_focus_context'
[00:12:17] [STEP][focus_realign_candidates] all='Weather information, Icon. Add home information|Later|Set up now|It's time to go to bed so you can feel well rested t...' eligible='none' rejected_recent='none' rejected_consumed='Weather information, Icon. Add home information|Later|Set up now|It's time to go to bed so you can feel well rested t...'
[00:12:17] [STEP][focus_realign_skip] target='none' reason='no_eligible_representative_target'
[00:12:17] [STEP][candidate_priority] content_candidates='Weather information, Icon. Add home information|Later|Set up now|No activity|It's time to go to bed so you can feel w...' status_candidates='No activity' selected='Set up now' reason='representative_content_preferred_over_passive_status'
[00:12:17] [STEP][bottom_strip_policy] content_present=true bottom_strip_deferred=true
[00:12:17] [STEP][candidate_sort_key] selected='Set up now' sort_key='score=49999,top=1527,left=759'
[00:12:17] [STEP][cta_promote_skip] step=13 scenario='life_family_care_plugin' container_rid='com.samsung.android.plugin.care:id/second_button_text' reason='no_actionable_child_found'
[00:12:17] [STEP][cluster_consumed] cluster='com.samsung.android.plugin.care:id/second_button_text||{'l': 759, 't': 1527, 'r': 993, 'b': 1590}||set up now'
[00:12:17] [ROW] fingerprint='com.samsung.android.plugin.care:id/second_button_text|set up now|set up now|876,1558' normalized_fingerprint='com samsung android plugin care id second button text|set up now|set up now' duplicate=false recent_duplicate=false distance=0 recent_semantic_duplicate=false semantic_distance=0 semantic_window_unique=4 noise=false
[00:12:17] [STEP] END tab='(?i).*life.*' step=13 elapsed=5.20s move_result='' visible='Set up now' speech='Set up now' crop='output\talkback_compare_20260423_001023\crops\i_._life._step_13_Want_better_insight_into_your_daily_life.png' timing(move=0.366s ann=3.820s get_focus=1.011s get_focus_fallback_dump=0.000s step_dump=0.000s crop=0.486s total=5.683s) focus_reason='' fallback_used=False fallback_found=False step_dump_used=False step_dump_reason='focus_payload_sufficient' req_id='124c5c74'
[00:12:17] [STOP][eval] step=13 scenario='life_family_care_plugin' terminal=false same_like_count=0 no_progress=false scenario_type='content' is_global_nav=false after_realign=false recent_repeat=false bounded_two_card_loop=false semantic_same_like=false recent_duplicate=false recent_duplicate_distance=0 recent_semantic_duplicate=false recent_semantic_duplicate_distance=0 recent_semantic_unique_count=4 strict_duplicate=false semantic_duplicate=false repeat_class='none' loop_classification='none' hard_no_progress=false soft_no_progress=false no_progress_class='none' overlay_realign_grace_active=false min_step_gate_blocked=false realign_grace_suppressed=false cta_descend_applied=false promoted_from_container=false repeat_stop_hit=false decision='continue' reason='none' traversal_result='FAIL_MOVE' final_result='FAIL' failure_reason='move_failed' stop_explain_version='pr7_explain_v1' stop_explain_input='step:13|move:failed|smart:failed|same:0|fail:1' stop_explain_repeat='recent:false|class:none|strict:false|semantic:false|loop:none|two_card:false' stop_explain_no_progress='hit:false|class:none|hard:false|soft:false' stop_explain_gate='candidate:false|min_block:false|realign_suppress:false|realign_active:false|decision:continue'
[00:12:17] [OVERLAY] blocked no_overlay_policy scenario='life_family_care_plugin' tab='(?i).*life.*' step=13
[00:12:17] [STEP] START tab='(?i).*life.*' step=14
[00:12:23] [STEP][revisit_guard] rejected='Set up now' reason='recent_object_revisit'
[00:12:23] [STEP][representative_exhausted_guard] rejected='Weather information, Icon. Add home information|Later|Set up now|It's time to go to bed so you can feel well rested t...' reason='already_consumed_representative'
[00:12:23] [STEP][selection_candidates] all='Weather information, Icon. Add home information|Later|Set up now|No activity|It's time to go to bed so you can feel w...' after_filter='none' rejected_by_revisit='Set up now'
[00:12:23] [ROW] fingerprint='com.samsung.android.plugin.care:id/title|want better insight into your daily life?|want better insight into your daily life?|654,1199' normalized_fingerprint='com samsung android plugin care id title|want better insight into your daily life|want better insight into your daily life' duplicate=false recent_duplicate=true distance=2 recent_semantic_duplicate=true semantic_distance=2 semantic_window_unique=4 noise=false
[00:12:23] [STEP] END tab='(?i).*life.*' step=14 elapsed=5.12s move_result='' visible='Want better insight into your daily life?' speech='Want better insight into your daily life?' crop='output\talkback_compare_20260423_001023\crops\i_._life._step_14_Want_better_insight_into_your_daily_life.png' timing(move=0.305s ann=3.848s get_focus=0.969s get_focus_fallback_dump=0.000s step_dump=0.000s crop=0.473s total=5.596s) focus_reason='' fallback_used=False fallback_found=False step_dump_used=False step_dump_reason='focus_payload_sufficient' req_id='fca3bfcb'
[00:12:23] [STOP][eval] step=14 scenario='life_family_care_plugin' terminal=false same_like_count=0 no_progress=false scenario_type='content' is_global_nav=false after_realign=false recent_repeat=false bounded_two_card_loop=false semantic_same_like=false recent_duplicate=true recent_duplicate_distance=2 recent_semantic_duplicate=true recent_semantic_duplicate_distance=2 recent_semantic_unique_count=4 strict_duplicate=false semantic_duplicate=false repeat_class='none' loop_classification='none' hard_no_progress=false soft_no_progress=false no_progress_class='none' overlay_realign_grace_active=false min_step_gate_blocked=false realign_grace_suppressed=false cta_descend_applied=false promoted_from_container=false repeat_stop_hit=false decision='continue' reason='none' traversal_result='FAIL_MOVE' final_result='FAIL' failure_reason='move_failed' stop_explain_version='pr7_explain_v1' stop_explain_input='step:14|move:failed|smart:failed|same:0|fail:2' stop_explain_repeat='recent:false|class:none|strict:false|semantic:false|loop:none|two_card:false' stop_explain_no_progress='hit:false|class:none|hard:false|soft:false' stop_explain_gate='candidate:false|min_block:false|realign_suppress:false|realign_active:false|decision:continue'
[00:12:23] [OVERLAY] blocked no_overlay_policy scenario='life_family_care_plugin' tab='(?i).*life.*' step=14
[00:12:23] [STEP] START tab='(?i).*life.*' step=15
[00:12:30] [STEP][revisit_guard] rejected='Set up now' reason='recent_object_revisit'
[00:12:30] [STEP][representative_exhausted_guard] rejected='Weather information, Icon. Add home information|Later|Set up now|It's time to go to bed so you can feel well rested t...' reason='already_consumed_representative'
[00:12:30] [STEP][selection_candidates] all='Weather information, Icon. Add home information|Later|Set up now|No activity|It's time to go to bed so you can feel w...' after_filter='none' rejected_by_revisit='Set up now'
[00:12:30] [ROW] fingerprint='com.samsung.android.plugin.care:id/title|want better insight into your daily life?|want better insight into your daily life?|654,1199' normalized_fingerprint='com samsung android plugin care id title|want better insight into your daily life|want better insight into your daily life' duplicate=true recent_duplicate=true distance=1 recent_semantic_duplicate=true semantic_distance=1 semantic_window_unique=4 noise=false
[00:12:30] [STEP] END tab='(?i).*life.*' step=15 elapsed=5.37s move_result='' visible='Want better insight into your daily life?' speech='Want better insight into your daily life?' crop='output\talkback_compare_20260423_001023\crops\i_._life._step_15_Want_better_insight_into_your_daily_life.png' timing(move=0.350s ann=3.877s get_focus=1.142s get_focus_fallback_dump=0.000s step_dump=0.000s crop=0.543s total=5.912s) focus_reason='' fallback_used=False fallback_found=False step_dump_used=False step_dump_reason='focus_payload_sufficient' req_id='bcaf0f97'
[00:12:30] [STOP][eval] step=15 scenario='life_family_care_plugin' terminal=false same_like_count=1 no_progress=true scenario_type='content' is_global_nav=false after_realign=false recent_repeat=false bounded_two_card_loop=false semantic_same_like=true recent_duplicate=true recent_duplicate_distance=1 recent_semantic_duplicate=true recent_semantic_duplicate_distance=1 recent_semantic_unique_count=4 strict_duplicate=true semantic_duplicate=true repeat_class='mixed_repeat' loop_classification='harmful_loop' hard_no_progress=true soft_no_progress=false no_progress_class='hard_no_progress' overlay_realign_grace_active=false min_step_gate_blocked=false realign_grace_suppressed=false cta_descend_applied=false promoted_from_container=false repeat_stop_hit=true decision='stop' reason='repeat_no_progress' traversal_result='FAIL_STUCK' final_result='FAIL' failure_reason='repeat_no_progress' stop_explain_version='pr7_explain_v1' stop_explain_input='step:15|move:failed|smart:failed|same:1|fail:3' stop_explain_repeat='recent:false|class:mixed_repeat|strict:true|semantic:true|loop:harmful_loop|two_card:false' stop_explain_no_progress='hit:true|class:hard_no_progress|hard:true|soft:false' stop_explain_gate='candidate:true|min_block:false|realign_suppress:false|realign_active:false|decision:stop'
[00:12:30] [STEP][move_debug] step=15 attempted=true status='failed' detail='failed' target='com.samsung.android.plugin.care:id/title' terminal=false raw='failed'
[00:12:30] [STEP][move_debug] step=14 attempted=true status='failed' detail='failed' target='com.samsung.android.plugin.care:id/title' terminal=false raw='failed'
[00:12:30] [STEP][focus_debug] step=15 focus_label='Want better insight into your daily life?' focus_visible='Want better insight into your daily life?' visible_labels='Want better insight into your daily life?' top_visible='Want better insight into your daily life?' body_texts='Want better insight into your daily life?' action_hits='none' rid='com.samsung.android.plugin.care:id/title' class='android.widget.TextView'
[00:12:30] [STEP][focus_debug] step=14 focus_label='Want better insight into your daily life?' focus_visible='Want better insight into your daily life?' visible_labels='Want better insight into your daily life?' top_visible='Want better insight into your daily life?' body_texts='Want better insight into your daily life?' action_hits='none' rid='com.samsung.android.plugin.care:id/title' class='android.widget.TextView'
[00:12:30] [STOP][debug] curr_visible='Want better insight into your daily life?' prev_visible='Want better insight into your daily life?' curr_speech='Want better insight into your daily life?' prev_speech='Want better insight into your daily life?'
[00:12:30] [STOP][debug] curr_fp='com.samsung.android.plugin.care:id/title|want better insight into your daily life?|want better insight into your daily life?|654,1199' prev_fp='com.samsung.android.plugin.care:id/title|want better insight into your daily life?|want better insight into your daily life?|654,1199' curr_nfp='com samsung android plugin care id title|want better insight into your daily life|want better insight into your daily life' prev_nfp='com samsung android plugin care id title|want better insight into your daily life|want better insight into your daily life'
[00:12:30] [STOP][eval_debug] step=15 prev_step=14 same_like_count=1 recent_repeat=false strict_duplicate=true semantic_same_like=true semantic_distance=1 recent_duplicate_distance=1 recent_duplicate_semantic_distance=1 bounded_two_card_loop=false no_progress=true hard_no_progress=true terminal=false
[00:12:30] [STOP][compare] prev_step=14 prev_move='failed' curr_step=15 curr_move='failed' same_object=true
[00:12:30] [STOP][cta_promote_state] step=15 scenario='life_family_care_plugin' current_rid='com.samsung.android.plugin.care:id/title' promoted_from_container=false
[00:12:30] [RESULT] skipped anchor rows count=1
[00:12:30] [SAVE] writing sheets raw/filtered/summary/result
[00:12:30] [SAVE] filtered rows=14, raw rows=16
[00:12:30] [SAVE] saved excel: output/talkback_compare_20260423_001023.xlsx rows=16 with_images=False
[00:12:30] [OVERLAY] blocked no_overlay_policy scenario='life_family_care_plugin' tab='(?i).*life.*' step=15
[00:12:30] [STOP][triggered] step=15 scenario='life_family_care_plugin' decision='stop' reason='repeat_no_progress'
[00:12:30] [STOP][summary] scenario='life_family_care_plugin' stop_triggered=true stop_step=15 reason='repeat_no_progress'
[00:12:30] [PERF][scenario_summary] scenario=life_family_care_plugin tab=(?i).*life.* total_runtime=125.2 total_steps=16 main_step_count=16 overlay_step_count=0 overlay_count=0 avg_get_focus=1.01 avg_move=0.511 avg_crop=0.49 avg_step_total=5.384 step_total_sample_count=16 avg_get_focus_main=1.01 avg_get_focus_overlay=0.0 fallback_dump_count=0 success_false_top_level_dump_attempt_count=0 success_false_top_level_dump_found_count=0 fallback_dump_rate=0.0 get_focus_strong_skip_count=16 get_focus_strong_skip_rate=100.0 step_dump_used_count=0 save_excel_count=6 realign_attempt_count=0 realign_success_count=0 realign_success_rate=0.0
[00:12:30] [MAIN] skip disabled scenario_id='life_plant_care_plugin' tab='(?i).*life.*'
[00:12:30] [MAIN] skip disabled scenario_id='life_clothing_care_plugin' tab='(?i).*life.*'
[00:12:30] [MAIN] skip disabled scenario_id='life_find_plugin' tab='(?i).*life.*'
[00:12:30] [MAIN] skip disabled scenario_id='life_video_plugin' tab='(?i).*life.*'
[00:12:30] [MAIN] skip disabled scenario_id='life_home_monitor_plugin' tab='(?i).*life.*'
[00:12:30] [MAIN] skip disabled scenario_id='life_music_sync_plugin' tab='(?i).*life.*'
[00:12:30] [RESULT] skipped anchor rows count=1
[00:12:30] [SAVE] writing sheets raw/filtered/summary/result
[00:12:30] [SAVE] filtered rows=14, raw rows=16
[00:12:30] [SAVE] saved excel: output/talkback_compare_20260423_001023.xlsx rows=16 with_images=True
[00:12:30] [MAIN] final save complete
[00:12:30] [PERF][run_summary] total_runtime=125.6 total_scenarios=1 total_steps=16 total_overlay_count=0 avg_get_focus=1.01 avg_move=0.511 fallback_dump_count=0 success_false_top_level_dump_attempt_count=0 success_false_top_level_dump_found_count=0 fallback_dump_rate=0.0 get_focus_strong_skip_rate=100.0 realign_success_rate=0.0 save_excel_count=7
