[20:09:13] [SAVE][temp] override tmp='D:\Python test\talkback-a11y-helper\output\.tmp' temp='D:\Python test\talkback-a11y-helper\output\.tmp' applied=true
[20:09:13] [MAIN] script start (version=1.7.99, log_level=NORMAL)
[20:09:15] [PREFLIGHT] talkback status='enabled'
[20:09:15] [MAIN] output file: output/talkback_compare_20260421_200913.xlsx
[20:09:15] [MAIN] image dir base: output\talkback_compare_20260421_200913
[20:09:15] [CONFIG] runtime config loaded path='config\runtime_config.json'
[20:09:15] [GLOBAL_NAV][guard] forcing stabilization_mode='tab_context' scenario='global_nav_main' requested='anchor_then_context'
[20:09:15] [CONFIG] scenario resolved scenario='global_nav_main' group='main_tabs' max_steps=10 enabled=False
[20:09:15] [CONFIG] applied shared_navigation='default_global_nav'
[20:09:15] [CONFIG] scenario enabled scenario='global_nav_main' source='runtime' enabled=False base_enabled=False
[20:09:15] [CONFIG] scenario resolved scenario='home_main' group='main_tabs' max_steps=10 enabled=False
[20:09:15] [CONFIG] applied shared_navigation='bottom_tab_global_nav'
[20:09:15] [CONFIG] scenario enabled scenario='home_main' source='runtime' enabled=False base_enabled=False
[20:09:15] [CONFIG] scenario resolved scenario='life_food_plugin' group='plugin_screen' max_steps=50 enabled=False
[20:09:15] [CONFIG] applied pre_navigation_ref='enter_food_plugin'
[20:09:15] [CONFIG] scenario enabled scenario='life_food_plugin' source='runtime' enabled=False base_enabled=False
[20:09:15] [CONFIG] scenario resolved scenario='life_air_care_plugin' group='-' max_steps=50 enabled=False
[20:09:15] [CONFIG] scenario enabled scenario='life_air_care_plugin' source='runtime' enabled=False base_enabled=False
[20:09:15] [CONFIG] scenario resolved scenario='life_home_care_plugin' group='-' max_steps=50 enabled=False
[20:09:15] [CONFIG] scenario enabled scenario='life_home_care_plugin' source='runtime' enabled=False base_enabled=False
[20:09:15] [CONFIG] scenario resolved scenario='life_energy_plugin' group='-' max_steps=50 enabled=False
[20:09:15] [CONFIG] scenario enabled scenario='life_energy_plugin' source='runtime' enabled=False base_enabled=False
[20:09:15] [CONFIG] scenario resolved scenario='devices_main' group='main_tabs' max_steps=10 enabled=False
[20:09:15] [CONFIG] applied shared_navigation='bottom_tab_global_nav'
[20:09:15] [CONFIG] applied anchor_ref='home_tab_anchor'
[20:09:15] [CONFIG] scenario enabled scenario='devices_main' source='runtime' enabled=False base_enabled=False
[20:09:15] [CONFIG] scenario resolved scenario='life_main' group='main_tabs' max_steps=50 enabled=False
[20:09:15] [CONFIG] applied shared_navigation='bottom_tab_global_nav'
[20:09:15] [CONFIG] scenario enabled scenario='life_main' source='runtime' enabled=False base_enabled=False
[20:09:15] [CONFIG] scenario resolved scenario='routines_main' group='main_tabs' max_steps=10 enabled=False
[20:09:15] [CONFIG] applied shared_navigation='bottom_tab_global_nav'
[20:09:15] [CONFIG] scenario enabled scenario='routines_main' source='runtime' enabled=False base_enabled=False
[20:09:15] [CONFIG] scenario resolved scenario='menu_main' group='main_tabs' max_steps=50 enabled=False
[20:09:15] [CONFIG] applied shared_navigation='bottom_tab_global_nav'
[20:09:15] [CONFIG] scenario enabled scenario='menu_main' source='runtime' enabled=False base_enabled=False
[20:09:15] [CONFIG] scenario resolved scenario='settings_entry_example' group='plugin_screen' max_steps=50 enabled=False
[20:09:15] [CONFIG] applied anchor_ref='settings_button_anchor'
[20:09:15] [CONFIG] applied pre_navigation_ref='enter_settings'
[20:09:15] [CONFIG] scenario enabled scenario='settings_entry_example' source='runtime' enabled=False base_enabled=False
[20:09:15] [CONFIG] scenario resolved scenario='life_pet_care_plugin' group='-' max_steps=50 enabled=False
[20:09:15] [CONFIG] scenario enabled scenario='life_pet_care_plugin' source='runtime' enabled=False base_enabled=False
[20:09:15] [CONFIG] scenario resolved scenario='life_family_care_plugin' group='-' max_steps=50 enabled=True
[20:09:15] [CONFIG] scenario enabled scenario='life_family_care_plugin' source='runtime' enabled=True base_enabled=False
[20:09:15] [CONFIG] scenario resolved scenario='life_plant_care_plugin' group='-' max_steps=50 enabled=False
[20:09:15] [CONFIG] scenario enabled scenario='life_plant_care_plugin' source='runtime' enabled=False base_enabled=False
[20:09:15] [CONFIG] scenario resolved scenario='life_clothing_care_plugin' group='-' max_steps=50 enabled=False
[20:09:15] [CONFIG] scenario enabled scenario='life_clothing_care_plugin' source='runtime' enabled=False base_enabled=False
[20:09:15] [CONFIG] scenario resolved scenario='life_find_plugin' group='-' max_steps=50 enabled=False
[20:09:15] [CONFIG] scenario enabled scenario='life_find_plugin' source='runtime' enabled=False base_enabled=False
[20:09:15] [CONFIG] scenario resolved scenario='life_video_plugin' group='-' max_steps=50 enabled=False
[20:09:15] [CONFIG] scenario enabled scenario='life_video_plugin' source='runtime' enabled=False base_enabled=False
[20:09:15] [CONFIG] scenario resolved scenario='life_home_monitor_plugin' group='-' max_steps=50 enabled=False
[20:09:15] [CONFIG] scenario enabled scenario='life_home_monitor_plugin' source='runtime' enabled=False base_enabled=False
[20:09:15] [CONFIG] scenario resolved scenario='life_music_sync_plugin' group='-' max_steps=10 enabled=False
[20:09:15] [CONFIG] scenario enabled scenario='life_music_sync_plugin' source='runtime' enabled=False base_enabled=False
[20:09:15] [MAIN] skip disabled scenario_id='global_nav_main' tab='(?i).*(home|devices|life|routines|menu).*'
[20:09:15] [MAIN] skip disabled scenario_id='home_main' tab='(?i).*home.*'
[20:09:15] [MAIN] skip disabled scenario_id='life_food_plugin' tab='(?i).*life.*'
[20:09:15] [MAIN] skip disabled scenario_id='life_air_care_plugin' tab='(?i).*life.*'
[20:09:15] [MAIN] skip disabled scenario_id='life_home_care_plugin' tab='(?i).*life.*'
[20:09:15] [MAIN] skip disabled scenario_id='life_energy_plugin' tab='(?i).*life.*'
[20:09:15] [MAIN] skip disabled scenario_id='devices_main' tab='(?i).*devices.*'
[20:09:15] [MAIN] skip disabled scenario_id='life_main' tab='(?i).*life.*'
[20:09:15] [MAIN] skip disabled scenario_id='routines_main' tab='(?i).*routines.*'
[20:09:15] [MAIN] skip disabled scenario_id='menu_main' tab='(?i).*(menu|more).*'
[20:09:15] [MAIN] skip disabled scenario_id='settings_entry_example' tab='(?i).*menu.*'
[20:09:15] [MAIN] skip disabled scenario_id='life_pet_care_plugin' tab='(?i).*life.*'
[20:09:15] [SCENARIO][stabilization] scenario='life_family_care_plugin' screen_context_mode='new_screen' stabilization_mode='anchor_only'
[20:09:15] [LIFE_RESET] verify phase='plugin_start_initial' attempt=1/2 global_nav_visible=true life_tab_selected=true plugin_card_list_visible=false life_list_ready=true
[20:09:15] [LIFE_RESET] plugin_card_list_visible=false (soft_only=true)
[20:09:15] [PLUGIN_START][recover_before_entry] triggered=false
[20:09:15] [PLUGIN_START][life_list_check] ok=true reason='life_tab_ready'
[20:09:15] [PLUGIN_START][recover_before_entry] success=true
[20:09:15] [CONTEXT] skipped reason='new_screen_mode' phase='tab_select'
[20:09:15] [TAB][select] fallback_to_legacy=True scenario='life_family_care_plugin'
[20:09:19] [TRACE][open_scenario] scenario='life_family_care_plugin' stabilization_mode='anchor_only' focus_align_attempted=True focus_align_ok=True focus_align_reason='' context_ok=False anchor_matched=False anchor_stable=False
[20:09:20] [SCENARIO][pre_nav] step=1 action=xml_scroll_search_tap target='(?i)(^family\s*care$|.*family\s*care.*|.*패밀리\s*케어.*)'
[20:09:20] [XMLENTRY][search] pre_reset scroll_to_top=true
[20:09:25] [XMLENTRY][search] step=0/5 visible_candidates=69 target_candidates=5
[20:09:25] [XMLENTRY][search][top] rank=1 reason='actionable_container' text='' rid='' class='android.widget.RelativeLayout' bounds='42,310,1038,1042' area_ratio='0.3516' target_match=true match_source='descendant_title' matched_phrase='family care' negative_plugin_phrase=''
[20:09:25] [XMLENTRY][search][top] rank=2 reason='actionable_container' text='Family Care' rid='com.samsung.android.oneconnect:id/frameLayout' class='android.widget.FrameLayout' bounds='42,310,1038,1042' area_ratio='0.3516' target_match=true match_source='title' matched_phrase='family care' negative_plugin_phrase=''
[20:09:25] [XMLENTRY][search][top] rank=3 reason='card_like_container' text='' rid='com.samsung.android.oneconnect:id/llCard' class='android.widget.LinearLayout' bounds='42,310,1038,1042' area_ratio='0.3516' target_match=true match_source='descendant_title' matched_phrase='family care' negative_plugin_phrase=''
[20:09:25] [XMLENTRY][candidate_compare] scenario_id='life_family_care_plugin' rank=1 rid='' class='android.widget.RelativeLayout' bounds='42,310,1038,1042' own_text='' descendant_text_summary='Family Care,Family Care,Take care of yourself an' matched_phrase='family care' match_source='descendant_title' selected_priority='240:actionable_container' negative_plugin_phrase='' selected=true
[20:09:25] [XMLENTRY][candidate_compare] scenario_id='life_family_care_plugin' rank=2 rid='com.samsung.android.oneconnect:id/frameLayout' class='android.widget.FrameLayout' bounds='42,310,1038,1042' own_text='' descendant_text_summary='Family Care,Family Care,Take care of yourself an' matched_phrase='family care' match_source='title' selected_priority='240:actionable_container' negative_plugin_phrase='' selected=false
[20:09:25] [XMLENTRY][candidate_compare] scenario_id='life_family_care_plugin' rank=3 rid='com.samsung.android.oneconnect:id/llCard' class='android.widget.LinearLayout' bounds='42,310,1038,1042' own_text='Family Care' descendant_text_summary='Family Care,Take care of yourself an,안 창준 (Me)
Active' matched_phrase='family care' match_source='descendant_title' selected_priority='240:card_like_container' negative_plugin_phrase='' selected=false
[20:09:25] [XMLENTRY][select] reason='actionable_container' resource='' bounds='42,310,1038,1042' text='' target_match=true match_source='descendant_title' matched_phrase='family care'
[20:09:25] [XMLENTRY][select_debug] scenario_id='life_family_care_plugin' class='android.widget.RelativeLayout' rid='' bounds='42,310,1038,1042' own_text='' own_content_desc='' normalized_own_text='' descendant_text_summary='Family Care,Family Care,Take care of yourself an' matched_phrase='family care' match_source='descendant_title' selected_reason='actionable_container' candidate_rank=1 title_descendant_disagree=false representative_visible_label='' representative_label_source='descendant'
[20:09:27] [XMLENTRY][result] success=true reason='transition_confirmed'
[20:09:27] [SCENARIO][pre_nav] success step=1 reason='ACTION_ACCESSIBILITY_FOCUS success'
[20:09:28] [SCENARIO][pre_nav] success
[20:09:32] [CONTEXT] skipped reason='anchor_only_mode'
[20:09:32] [CONTEXT] skipped reason='anchor_only_mode'
[20:09:32] [CONTEXT] scenario='life_family_care_plugin' type='skipped' expected='' actual='' ok=True
[20:09:32] [CONTEXT] verification passed scenario='life_family_care_plugin'
[20:09:32] [ANCHOR][scenario_start] success scenario='life_family_care_plugin' selected={'success': False, 'status': 'failed', 'detail': 'ACTION_ACCESSIBILITY_FOCUS failed (resourceId=null, class=android.widget.ImageButton)', 'raw': {'timestamp': 1776769770555, 'reqId': '6e042dfc', 'success': False, 'reason': 'ACTION_ACCESSIBILITY_FOCUS failed (resourceId=null, class=android.widget.ImageButton)', 'action': 'FOCUS', 'targetName': '(?i).*navigate\\s*up.*', 'targetType': 'a', 'targetIndex': 0, 'attemptedClassName': 'android.widget.ImageButton', 'target': {'timestamp': 1776769770555, 'schemaVersion': '1.2.0', 'snapshotBuilderVersion': '1.2.0', 'packageName': 'com.samsung.android.oneconnect', 'className': 'android.widget.ImageButton', 'viewIdResourceName': None, 'text': None, 'contentDescription': 'Navigate up', 'mergedLabel': 'Navigate up', 'talkbackLabel': 'Navigate up', 'clickable': True, 'focusable': True, 'focused': True, 'accessibilityFocused': True, 'visibleToUser': True, 'isVisibleToUser': True, 'selected': False, 'checkable': False, 'checked': False, 'enabled': True, 'boundsInScreen': {'l': 0, 't': 118, 'r': 180, 'b': 310, 'left': 0, 'top': 118, 'right': 180, 'bottom': 310}, 'children': []}}} matched=True stable=True context_ok=True reason='verified_without_select'
[20:09:32] [TRACE][open_scenario] scenario='life_family_care_plugin' stabilization_mode='anchor_only' focus_align_attempted=True focus_align_ok=True focus_align_reason='' context_ok=False anchor_matched=False anchor_stable=True
[20:09:33] [ENTRY][post_open_identity] scenario_id='life_family_care_plugin' top_visible_labels='Navigate up Navigate up,Family Care,Add family member Add fa,More options More option,Me' top_focus_label='Navigate up Navigate up' back_button_present=true body_texts='Navigate up Navigate up,Family Care,Add family member Add fa,More options More option,View profile View profil' plugin_title_candidates='Navigate up Navigate up,Family Care,Add family member Add fa' verify_hit=true special_token_hit=false
[20:09:33] [ENTRY][special_state_check] detected=true signals='long_intro,cta,top_chrome_intro_cta' kind='setup_needed_or_empty_state'
[20:09:33] [ENTRY][special_state_debug] phase='pre_route' focus_label='Navigate up Navigate up' focus_visible='Navigate up Navigate up Family Care Add family member Add family member More options More options Me View profile View p' verify_hit=true long_intro_like=true intro_focus=false top_chrome_intro_cta=true
[20:09:33] [ENTRY][special_state_debug] top_visible='Navigate up Navigate up,Family Care,Add family member Add family member,More options More options,Me' body_texts='Navigate up Navigate up,Family Care,Add family member Add family member,More options More options,View profile View profile'
[20:09:33] [ENTRY][special_state_debug] special_hits='none' cta_hits='set up' signals='long_intro,cta,top_chrome_intro_cta' verify_hit=true
[20:09:33] [ENTRY][special_state_grace] start max_steps=3 verify_success=true signals='long_intro,cta,top_chrome_intro_cta'
[20:09:33] [ENTRY][special_state_grace] step=1 move_attempted=false move_result='snapshot_reused' focus_label='Navigate up Navigate up' focus_visible='Navigate up Navigate up Family Care Add family member Add family member More options More option' top_visible='navigate up navigate up,family care,add family member add family member,more options more options,me' body_texts='navigate up navigate up,family care,add family member add family member,more options more options,view profile view profile' home_like_hits='profile,view profile,member,family member,me' onboarding_hits='set up' evidence='home_like_profile' decision='normal_traversal'
[20:09:33] [ENTRY][special_state_check] decision='normal_traversal_after_grace'
[20:09:34] [SCENARIO][entry_contract] success scenario='life_family_care_plugin' entry_type='card' reason='success_verified' detail='plugin_open_verified'
[20:09:34] [TRACE][post_open_focus] scenario='life_family_care_plugin' view_id='' label='Navigate up' speech='Navigate up' bounds='{'l': 0, 't': 118, 'r': 180, 'b': 310, 'left': 0, 'top': 118, 'right': 180, 'bottom': 310}' source='top_level' top_level=True
[20:09:39] [TRACE][anchor_row] scenario='life_family_care_plugin' step=0 view_id='' visible='Navigate up' speech='Navigate up' normalized_visible='navigate up' is_global_nav=False
[20:09:39] [ROW] fingerprint='|navigate up|navigate up|90,214' normalized_fingerprint='|navigate up|navigate up' duplicate=false recent_duplicate=false distance=0 recent_semantic_duplicate=false semantic_distance=0 semantic_window_unique=1 noise=false
[20:09:39] [RESULT] skipped anchor rows count=1
[20:09:39] [SAVE] writing sheets raw/filtered/summary/result
[20:09:39] [SAVE] filtered rows=1, raw rows=1
[20:09:40] [SAVE] saved excel: output/talkback_compare_20260421_200913.xlsx rows=1 with_images=False
[20:09:40] [STEP] START tab='(?i).*life.*' step=1
[20:09:45] [ROW] fingerprint='|family care|family care|357,213' normalized_fingerprint='|family care|family care' duplicate=false recent_duplicate=false distance=0 recent_semantic_duplicate=false semantic_distance=0 semantic_window_unique=2 noise=false
[20:09:45] [STEP] END tab='(?i).*life.*' step=1 elapsed=4.64s move_result='{'success': True, 'status': 'moved', 'detail': 'moved', 'raw': {'timestamp': 1776769780798, 'reqId': '819fed5d', 'success': True, 'status': 'moved', 'detail': 'moved', 'flags': []}}' visible='Family Care' speech='Family Care' crop='output\talkback_compare_20260421_200913\crops\i_._life._step_1_Family_Care.png' timing(move=0.542s ann=3.103s get_focus=0.999s get_focus_fallback_dump=0.000s step_dump=0.000s crop=0.477s total=5.121s) focus_reason='' fallback_used=False fallback_found=False step_dump_used=False step_dump_reason='focus_payload_sufficient' req_id='f0441a74'
[20:09:45] [STOP][eval] step=1 scenario='life_family_care_plugin' terminal=false same_like_count=0 no_progress=false scenario_type='content' is_global_nav=false after_realign=false recent_repeat=false bounded_two_card_loop=false semantic_same_like=false recent_duplicate=false recent_duplicate_distance=0 recent_semantic_duplicate=false recent_semantic_duplicate_distance=0 recent_semantic_unique_count=2 strict_duplicate=false semantic_duplicate=false repeat_class='none' loop_classification='none' hard_no_progress=false soft_no_progress=false no_progress_class='none' overlay_realign_grace_active=false min_step_gate_blocked=false realign_grace_suppressed=false repeat_stop_hit=false decision='continue' reason='none' traversal_result='PASS_MOVED' final_result='PASS' failure_reason='' stop_explain_version='pr7_explain_v1' stop_explain_input='step:1|move:moved|smart:moved|same:0|fail:0' stop_explain_repeat='recent:false|class:none|strict:false|semantic:false|loop:none|two_card:false' stop_explain_no_progress='hit:false|class:none|hard:false|soft:false' stop_explain_gate='candidate:false|min_block:false|realign_suppress:false|realign_active:false|decision:continue'
[20:09:45] [OVERLAY] blocked no_overlay_policy scenario='life_family_care_plugin' tab='(?i).*life.*' step=1
[20:09:45] [STEP] START tab='(?i).*life.*' step=2
[20:09:49] [ROW] fingerprint='com.samsung.android.plugin.care:id/menu_main_invite_member|add family member|add family member|864,214' normalized_fingerprint='com samsung android plugin care id menu main invite member|add family member|add family member' duplicate=false recent_duplicate=false distance=0 recent_semantic_duplicate=false semantic_distance=0 semantic_window_unique=3 noise=false
[20:09:49] [STEP] END tab='(?i).*life.*' step=2 elapsed=4.40s move_result='{'success': True, 'status': 'moved', 'detail': 'moved', 'raw': {'timestamp': 1776769785842, 'reqId': '85013e9d', 'success': True, 'status': 'moved', 'detail': 'moved', 'flags': []}}' visible='Add family member' speech='Add family member' crop='output\talkback_compare_20260421_200913\crops\i_._life._step_2_Add_family_member.png' timing(move=0.453s ann=3.016s get_focus=0.930s get_focus_fallback_dump=0.000s step_dump=0.000s crop=0.464s total=4.864s) focus_reason='' fallback_used=False fallback_found=False step_dump_used=False step_dump_reason='focus_payload_sufficient' req_id='407948dc'
[20:09:49] [STOP][eval] step=2 scenario='life_family_care_plugin' terminal=false same_like_count=0 no_progress=false scenario_type='content' is_global_nav=false after_realign=false recent_repeat=false bounded_two_card_loop=false semantic_same_like=false recent_duplicate=false recent_duplicate_distance=0 recent_semantic_duplicate=false recent_semantic_duplicate_distance=0 recent_semantic_unique_count=3 strict_duplicate=false semantic_duplicate=false repeat_class='none' loop_classification='none' hard_no_progress=false soft_no_progress=false no_progress_class='none' overlay_realign_grace_active=false min_step_gate_blocked=false realign_grace_suppressed=false repeat_stop_hit=false decision='continue' reason='none' traversal_result='PASS_MOVED' final_result='PASS' failure_reason='' stop_explain_version='pr7_explain_v1' stop_explain_input='step:2|move:moved|smart:moved|same:0|fail:0' stop_explain_repeat='recent:false|class:none|strict:false|semantic:false|loop:none|two_card:false' stop_explain_no_progress='hit:false|class:none|hard:false|soft:false' stop_explain_gate='candidate:false|min_block:false|realign_suppress:false|realign_active:false|decision:continue'
[20:09:49] [OVERLAY] blocked no_overlay_policy scenario='life_family_care_plugin' tab='(?i).*life.*' step=2
[20:09:49] [STEP] START tab='(?i).*life.*' step=3
[20:09:54] [ROW] fingerprint='|more options|more options|1002,214' normalized_fingerprint='|more options|more options' duplicate=false recent_duplicate=false distance=0 recent_semantic_duplicate=false semantic_distance=0 semantic_window_unique=4 noise=false
[20:09:54] [STEP] END tab='(?i).*life.*' step=3 elapsed=4.47s move_result='{'success': True, 'status': 'moved', 'detail': 'moved', 'raw': {'timestamp': 1776769790786, 'reqId': '40d70362', 'success': True, 'status': 'moved', 'detail': 'moved', 'flags': []}}' visible='More options' speech='More options' crop='output\talkback_compare_20260421_200913\crops\i_._life._step_3_More_options.png' timing(move=0.506s ann=2.967s get_focus=0.999s get_focus_fallback_dump=0.000s step_dump=0.000s crop=0.473s total=4.946s) focus_reason='' fallback_used=False fallback_found=False step_dump_used=False step_dump_reason='focus_payload_sufficient' req_id='8dfc714d'
[20:09:54] [STOP][eval] step=3 scenario='life_family_care_plugin' terminal=false same_like_count=0 no_progress=false scenario_type='content' is_global_nav=false after_realign=false recent_repeat=false bounded_two_card_loop=false semantic_same_like=false recent_duplicate=false recent_duplicate_distance=0 recent_semantic_duplicate=false recent_semantic_duplicate_distance=0 recent_semantic_unique_count=4 strict_duplicate=false semantic_duplicate=false repeat_class='none' loop_classification='none' hard_no_progress=false soft_no_progress=false no_progress_class='none' overlay_realign_grace_active=false min_step_gate_blocked=false realign_grace_suppressed=false repeat_stop_hit=false decision='continue' reason='none' traversal_result='PASS_MOVED' final_result='PASS' failure_reason='' stop_explain_version='pr7_explain_v1' stop_explain_input='step:3|move:moved|smart:moved|same:0|fail:0' stop_explain_repeat='recent:false|class:none|strict:false|semantic:false|loop:none|two_card:false' stop_explain_no_progress='hit:false|class:none|hard:false|soft:false' stop_explain_gate='candidate:false|min_block:false|realign_suppress:false|realign_active:false|decision:continue'
[20:09:54] [RESULT] skipped anchor rows count=1
[20:09:54] [SAVE] writing sheets raw/filtered/summary/result
[20:09:54] [SAVE] filtered rows=4, raw rows=4
[20:09:55] [SAVE] saved excel: output/talkback_compare_20260421_200913.xlsx rows=4 with_images=False
[20:09:55] [OVERLAY] blocked no_overlay_policy scenario='life_family_care_plugin' tab='(?i).*life.*' step=3
[20:09:55] [STEP] START tab='(?i).*life.*' step=4
[20:10:00] [ROW] fingerprint='com.samsung.android.plugin.care:id/profile_text|me|me|141,394' normalized_fingerprint='com samsung android plugin care id profile text|me|me' duplicate=false recent_duplicate=false distance=0 recent_semantic_duplicate=false semantic_distance=0 semantic_window_unique=5 noise=false
[20:10:00] [STEP] END tab='(?i).*life.*' step=4 elapsed=4.55s move_result='{'success': True, 'status': 'moved', 'detail': 'moved', 'raw': {'timestamp': 1776769795840, 'reqId': 'eaa2f1b8', 'success': True, 'status': 'moved', 'detail': 'moved', 'flags': []}}' visible='Me' speech='Me' crop='output\talkback_compare_20260421_200913\crops\i_._life._step_4_Me.png' timing(move=0.521s ann=3.026s get_focus=1.002s get_focus_fallback_dump=0.000s step_dump=0.000s crop=0.452s total=5.001s) focus_reason='' fallback_used=False fallback_found=False step_dump_used=False step_dump_reason='focus_payload_sufficient' req_id='cfe1d4e1'
[20:10:00] [STOP][eval] step=4 scenario='life_family_care_plugin' terminal=false same_like_count=0 no_progress=false scenario_type='content' is_global_nav=false after_realign=false recent_repeat=false bounded_two_card_loop=false semantic_same_like=false recent_duplicate=false recent_duplicate_distance=0 recent_semantic_duplicate=false recent_semantic_duplicate_distance=0 recent_semantic_unique_count=5 strict_duplicate=false semantic_duplicate=false repeat_class='none' loop_classification='none' hard_no_progress=false soft_no_progress=false no_progress_class='none' overlay_realign_grace_active=false min_step_gate_blocked=false realign_grace_suppressed=false repeat_stop_hit=false decision='continue' reason='none' traversal_result='PASS_MOVED' final_result='PASS' failure_reason='' stop_explain_version='pr7_explain_v1' stop_explain_input='step:4|move:moved|smart:moved|same:0|fail:0' stop_explain_repeat='recent:false|class:none|strict:false|semantic:false|loop:none|two_card:false' stop_explain_no_progress='hit:false|class:none|hard:false|soft:false' stop_explain_gate='candidate:false|min_block:false|realign_suppress:false|realign_active:false|decision:continue'
[20:10:00] [OVERLAY] blocked no_overlay_policy scenario='life_family_care_plugin' tab='(?i).*life.*' step=4
[20:10:00] [STEP] START tab='(?i).*life.*' step=5
[20:10:05] [ROW] fingerprint='com.samsung.android.plugin.care:id/profile_icon|view profile|view profile|903,451' normalized_fingerprint='com samsung android plugin care id profile icon|view profile|view profile' duplicate=false recent_duplicate=false distance=0 recent_semantic_duplicate=false semantic_distance=0 semantic_window_unique=6 noise=false
[20:10:05] [STEP] END tab='(?i).*life.*' step=5 elapsed=4.72s move_result='{'success': True, 'status': 'moved', 'detail': 'moved', 'raw': {'timestamp': 1776769800879, 'reqId': '4fe0d4bf', 'success': True, 'status': 'moved', 'detail': 'moved', 'flags': []}}' visible='View profile' speech='View profile' crop='output\talkback_compare_20260421_200913\crops\i_._life._step_5_View_profile.png' timing(move=0.588s ann=3.079s get_focus=1.055s get_focus_fallback_dump=0.000s step_dump=0.000s crop=0.496s total=5.219s) focus_reason='' fallback_used=False fallback_found=False step_dump_used=False step_dump_reason='focus_payload_sufficient' req_id='801149b9'
[20:10:05] [STOP][eval] step=5 scenario='life_family_care_plugin' terminal=false same_like_count=0 no_progress=false scenario_type='content' is_global_nav=false after_realign=false recent_repeat=false bounded_two_card_loop=false semantic_same_like=false recent_duplicate=false recent_duplicate_distance=0 recent_semantic_duplicate=false recent_semantic_duplicate_distance=0 recent_semantic_unique_count=6 strict_duplicate=false semantic_duplicate=false repeat_class='none' loop_classification='none' hard_no_progress=false soft_no_progress=false no_progress_class='none' overlay_realign_grace_active=false min_step_gate_blocked=false realign_grace_suppressed=false repeat_stop_hit=false decision='continue' reason='none' traversal_result='PASS_MOVED' final_result='PASS' failure_reason='' stop_explain_version='pr7_explain_v1' stop_explain_input='step:5|move:moved|smart:moved|same:0|fail:0' stop_explain_repeat='recent:false|class:none|strict:false|semantic:false|loop:none|two_card:false' stop_explain_no_progress='hit:false|class:none|hard:false|soft:false' stop_explain_gate='candidate:false|min_block:false|realign_suppress:false|realign_active:false|decision:continue'
[20:10:05] [OVERLAY] blocked no_overlay_policy scenario='life_family_care_plugin' tab='(?i).*life.*' step=5
[20:10:05] [STEP] START tab='(?i).*life.*' step=6
[20:10:10] [ROW] fingerprint='com.samsung.android.plugin.care:id/profile_status_text|active now|active now|288,520' normalized_fingerprint='com samsung android plugin care id profile status text|active now|active now' duplicate=false recent_duplicate=false distance=0 recent_semantic_duplicate=false semantic_distance=0 semantic_window_unique=6 noise=false
[20:10:10] [STEP] END tab='(?i).*life.*' step=6 elapsed=4.64s move_result='{'success': True, 'status': 'moved', 'detail': 'moved', 'raw': {'timestamp': 1776769806104, 'reqId': '0ed32f79', 'success': True, 'status': 'moved', 'detail': 'moved', 'flags': []}}' visible='Active now' speech='Active now' crop='output\talkback_compare_20260421_200913\crops\i_._life._step_6_Active_now.png' timing(move=0.576s ann=3.047s get_focus=1.022s get_focus_fallback_dump=0.000s step_dump=0.000s crop=0.509s total=5.153s) focus_reason='' fallback_used=False fallback_found=False step_dump_used=False step_dump_reason='focus_payload_sufficient' req_id='9f1c5c40'
[20:10:10] [STOP][eval] step=6 scenario='life_family_care_plugin' terminal=false same_like_count=0 no_progress=false scenario_type='content' is_global_nav=false after_realign=false recent_repeat=false bounded_two_card_loop=false semantic_same_like=false recent_duplicate=false recent_duplicate_distance=0 recent_semantic_duplicate=false recent_semantic_duplicate_distance=0 recent_semantic_unique_count=6 strict_duplicate=false semantic_duplicate=false repeat_class='none' loop_classification='none' hard_no_progress=false soft_no_progress=false no_progress_class='none' overlay_realign_grace_active=false min_step_gate_blocked=false realign_grace_suppressed=false repeat_stop_hit=false decision='continue' reason='none' traversal_result='PASS_MOVED' final_result='PASS' failure_reason='' stop_explain_version='pr7_explain_v1' stop_explain_input='step:6|move:moved|smart:moved|same:0|fail:0' stop_explain_repeat='recent:false|class:none|strict:false|semantic:false|loop:none|two_card:false' stop_explain_no_progress='hit:false|class:none|hard:false|soft:false' stop_explain_gate='candidate:false|min_block:false|realign_suppress:false|realign_active:false|decision:continue'
[20:10:10] [RESULT] skipped anchor rows count=1
[20:10:10] [SAVE] writing sheets raw/filtered/summary/result
[20:10:10] [SAVE] filtered rows=7, raw rows=7
[20:10:10] [SAVE] saved excel: output/talkback_compare_20260421_200913.xlsx rows=7 with_images=False
[20:10:10] [OVERLAY] blocked no_overlay_policy scenario='life_family_care_plugin' tab='(?i).*life.*' step=6
[20:10:10] [STEP] START tab='(?i).*life.*' step=7
[20:10:15] [ROW] fingerprint='com.samsung.android.plugin.care:id/suggestion_text|relax and enjoy a quiet peaceful evening.|relax and enjoy a quiet peaceful evening.|546,753' normalized_fingerprint='com samsung android plugin care id suggestion text|relax and enjoy a quiet peaceful evening|relax and enjoy a quiet peaceful evening' duplicate=false recent_duplicate=false distance=0 recent_semantic_duplicate=false semantic_distance=0 semantic_window_unique=6 noise=false
[20:10:15] [STEP] END tab='(?i).*life.*' step=7 elapsed=4.55s move_result='{'success': True, 'status': 'moved', 'detail': 'moved', 'raw': {'timestamp': 1776769811311, 'reqId': '819d9fb3', 'success': True, 'status': 'moved', 'detail': 'moved', 'flags': []}}' visible='Relax and enjoy a quiet, peaceful evening.' speech='Relax and enjoy a quiet, peaceful evening.' crop='output\talkback_compare_20260421_200913\crops\i_._life._step_7_Relax_and_enjoy_a_quiet__peaceful_evenin.png' timing(move=0.517s ann=3.057s get_focus=0.975s get_focus_fallback_dump=0.000s step_dump=0.000s crop=0.490s total=5.040s) focus_reason='' fallback_used=False fallback_found=False step_dump_used=False step_dump_reason='focus_payload_sufficient' req_id='133813a6'
[20:10:15] [STOP][eval] step=7 scenario='life_family_care_plugin' terminal=false same_like_count=0 no_progress=false scenario_type='content' is_global_nav=false after_realign=false recent_repeat=false bounded_two_card_loop=false semantic_same_like=false recent_duplicate=false recent_duplicate_distance=0 recent_semantic_duplicate=false recent_semantic_duplicate_distance=0 recent_semantic_unique_count=6 strict_duplicate=false semantic_duplicate=false repeat_class='none' loop_classification='none' hard_no_progress=false soft_no_progress=false no_progress_class='none' overlay_realign_grace_active=false min_step_gate_blocked=false realign_grace_suppressed=false repeat_stop_hit=false decision='continue' reason='none' traversal_result='PASS_MOVED' final_result='PASS' failure_reason='' stop_explain_version='pr7_explain_v1' stop_explain_input='step:7|move:moved|smart:moved|same:0|fail:0' stop_explain_repeat='recent:false|class:none|strict:false|semantic:false|loop:none|two_card:false' stop_explain_no_progress='hit:false|class:none|hard:false|soft:false' stop_explain_gate='candidate:false|min_block:false|realign_suppress:false|realign_active:false|decision:continue'
[20:10:15] [OVERLAY] blocked no_overlay_policy scenario='life_family_care_plugin' tab='(?i).*life.*' step=7
[20:10:15] [STEP] START tab='(?i).*life.*' step=8
[20:10:20] [ROW] fingerprint='com.samsung.android.plugin.care:id/banner_frame_layout|weather information icon. add home information|weather information icon. add home information|498,948' normalized_fingerprint='com samsung android plugin care id banner frame layout|weather information icon add home information|weather information icon add home information' duplicate=false recent_duplicate=false distance=0 recent_semantic_duplicate=false semantic_distance=0 semantic_window_unique=6 noise=false
[20:10:20] [STEP] END tab='(?i).*life.*' step=8 elapsed=4.60s move_result='{'success': True, 'status': 'moved', 'detail': 'moved', 'raw': {'timestamp': 1776769816413, 'reqId': 'a653376b', 'success': True, 'status': 'moved', 'detail': 'moved', 'flags': []}}' visible='Weather information, Icon. Add home information' speech='Weather information, Icon. Add home information' crop='output\talkback_compare_20260421_200913\crops\i_._life._step_8_Weather_information__Icon._Add_home_info.png' timing(move=0.571s ann=3.044s get_focus=0.985s get_focus_fallback_dump=0.000s step_dump=0.000s crop=0.475s total=5.076s) focus_reason='' fallback_used=False fallback_found=False step_dump_used=False step_dump_reason='focus_payload_sufficient' req_id='299a008e'
[20:10:20] [STOP][eval] step=8 scenario='life_family_care_plugin' terminal=false same_like_count=0 no_progress=false scenario_type='content' is_global_nav=false after_realign=false recent_repeat=false bounded_two_card_loop=false semantic_same_like=false recent_duplicate=false recent_duplicate_distance=0 recent_semantic_duplicate=false recent_semantic_duplicate_distance=0 recent_semantic_unique_count=6 strict_duplicate=false semantic_duplicate=false repeat_class='none' loop_classification='none' hard_no_progress=false soft_no_progress=false no_progress_class='none' overlay_realign_grace_active=false min_step_gate_blocked=false realign_grace_suppressed=false repeat_stop_hit=false decision='continue' reason='none' traversal_result='PASS_MOVED' final_result='PASS' failure_reason='' stop_explain_version='pr7_explain_v1' stop_explain_input='step:8|move:moved|smart:moved|same:0|fail:0' stop_explain_repeat='recent:false|class:none|strict:false|semantic:false|loop:none|two_card:false' stop_explain_no_progress='hit:false|class:none|hard:false|soft:false' stop_explain_gate='candidate:false|min_block:false|realign_suppress:false|realign_active:false|decision:continue'
[20:10:20] [OVERLAY] blocked no_overlay_policy scenario='life_family_care_plugin' tab='(?i).*life.*' step=8
[20:10:20] [STEP] START tab='(?i).*life.*' step=9
[20:10:26] [ROW] fingerprint='com.samsung.android.plugin.care:id/suggestion_card_container|want better insight into your daily life? set up the smartthings devices that yo|later want better insight into your daily life? set up the smartthings devices t|540,1366' normalized_fingerprint='com samsung android plugin care id suggestion card container|want better insight into your daily life set up the smartthings devices that you use to better understand your daily lif|later want better insight into your daily life set up the smartthings devices that you use to better understand your dai' duplicate=false recent_duplicate=false distance=0 recent_semantic_duplicate=false semantic_distance=0 semantic_window_unique=6 noise=false
[20:10:26] [STEP] END tab='(?i).*life.*' step=9 elapsed=5.14s move_result='{'success': True, 'status': 'moved', 'detail': 'moved', 'raw': {'timestamp': 1776769822063, 'reqId': '6282c73e', 'success': True, 'status': 'moved', 'detail': 'moved', 'flags': []}}' visible='Want better insight into your daily life? Set up the SmartThings devices that you use to better understand your daily life. Later Set up now' speech='Later Want better insight into your daily life? Set up the SmartThings devices that you use to better understand your daily life. Later Set up now' crop='output\talkback_compare_20260421_200913\crops\i_._life._step_9_Want_better_insight_into_your_daily_life.png' timing(move=1.141s ann=3.014s get_focus=0.985s get_focus_fallback_dump=0.000s step_dump=0.000s crop=0.497s total=5.638s) focus_reason='' fallback_used=False fallback_found=False step_dump_used=False step_dump_reason='focus_payload_sufficient' req_id='36db44e2'
[20:10:26] [STOP][eval] step=9 scenario='life_family_care_plugin' terminal=false same_like_count=0 no_progress=false scenario_type='content' is_global_nav=false after_realign=false recent_repeat=false bounded_two_card_loop=false semantic_same_like=false recent_duplicate=false recent_duplicate_distance=0 recent_semantic_duplicate=false recent_semantic_duplicate_distance=0 recent_semantic_unique_count=6 strict_duplicate=false semantic_duplicate=false repeat_class='none' loop_classification='none' hard_no_progress=false soft_no_progress=false no_progress_class='none' overlay_realign_grace_active=false min_step_gate_blocked=false realign_grace_suppressed=false repeat_stop_hit=false decision='continue' reason='none' traversal_result='PASS_MOVED' final_result='PASS' failure_reason='' stop_explain_version='pr7_explain_v1' stop_explain_input='step:9|move:moved|smart:moved|same:0|fail:0' stop_explain_repeat='recent:false|class:none|strict:false|semantic:false|loop:none|two_card:false' stop_explain_no_progress='hit:false|class:none|hard:false|soft:false' stop_explain_gate='candidate:false|min_block:false|realign_suppress:false|realign_active:false|decision:continue'
[20:10:26] [RESULT] skipped anchor rows count=1
[20:10:26] [SAVE] writing sheets raw/filtered/summary/result
[20:10:26] [SAVE] filtered rows=10, raw rows=10
[20:10:26] [SAVE] saved excel: output/talkback_compare_20260421_200913.xlsx rows=10 with_images=False
[20:10:26] [OVERLAY] blocked no_overlay_policy scenario='life_family_care_plugin' tab='(?i).*life.*' step=9
[20:10:26] [STEP] START tab='(?i).*life.*' step=10
[20:10:32] [ROW] fingerprint='com.samsung.android.plugin.care:id/suggestion_card_container|want better insight into your daily life? set up the smartthings devices that yo|want better insight into your daily life? set up the smartthings devices that yo|540,1366' normalized_fingerprint='com samsung android plugin care id suggestion card container|want better insight into your daily life set up the smartthings devices that you use to better understand your daily lif|want better insight into your daily life set up the smartthings devices that you use to better understand your daily lif' duplicate=false recent_duplicate=false distance=0 recent_semantic_duplicate=false semantic_distance=0 semantic_window_unique=6 noise=false
[20:10:32] [STEP] END tab='(?i).*life.*' step=10 elapsed=5.24s move_result='' visible='Want better insight into your daily life? Set up the SmartThings devices that you use to better understand your daily life. Later Set up now' speech='Want better insight into your daily life? Set up the SmartThings devices that you use to better understand your daily life. Later Set up now' crop='output\talkback_compare_20260421_200913\crops\i_._life._step_10_Want_better_insight_into_your_daily_life.png' timing(move=0.399s ann=3.845s get_focus=0.995s get_focus_fallback_dump=0.000s step_dump=0.000s crop=0.489s total=5.728s) focus_reason='' fallback_used=False fallback_found=False step_dump_used=False step_dump_reason='focus_payload_sufficient' req_id='8dc2b192'
[20:10:32] [STOP][eval] step=10 scenario='life_family_care_plugin' terminal=false same_like_count=1 no_progress=true scenario_type='content' is_global_nav=false after_realign=false recent_repeat=false bounded_two_card_loop=false semantic_same_like=false recent_duplicate=false recent_duplicate_distance=0 recent_semantic_duplicate=false recent_semantic_duplicate_distance=0 recent_semantic_unique_count=6 strict_duplicate=true semantic_duplicate=false repeat_class='strict_duplicate' loop_classification='harmful_loop' hard_no_progress=true soft_no_progress=false no_progress_class='hard_no_progress' overlay_realign_grace_active=false min_step_gate_blocked=false realign_grace_suppressed=false repeat_stop_hit=true decision='stop' reason='repeat_no_progress' traversal_result='FAIL_STUCK' final_result='FAIL' failure_reason='repeat_no_progress' stop_explain_version='pr7_explain_v1' stop_explain_input='step:10|move:failed|smart:failed|same:1|fail:1' stop_explain_repeat='recent:false|class:strict_duplicate|strict:true|semantic:false|loop:harmful_loop|two_card:false' stop_explain_no_progress='hit:true|class:hard_no_progress|hard:true|soft:false' stop_explain_gate='candidate:true|min_block:false|realign_suppress:false|realign_active:false|decision:stop'
[20:10:32] [STEP][move_debug] step=10 attempted=true status='failed' detail='failed' target='com.samsung.android.plugin.care:id/suggestion_card_container' terminal=false raw='failed'
[20:10:32] [STEP][move_debug] step=9 attempted=true status='moved' detail='moved' target='com.samsung.android.plugin.care:id/suggestion_card_container' terminal=false raw='moved'
[20:10:32] [STEP][focus_debug] step=10 focus_label='Want better insight into your daily life? Set up the SmartThings devices that you use to better understand your daily...' focus_visible='Want better insight into your daily life? Set up the SmartThings devices that you use to better understand your daily life. Later Set up now' visible_labels='Want better insight into your daily life? Set...' top_visible='Want better insight into your daily life? Set...' body_texts='Want better insight into your daily life? Set...' action_hits='later,set up now,set up' rid='com.samsung.android.plugin.care:id/suggestion_card_container' class='android.view.ViewGroup'
[20:10:32] [STEP][focus_debug] step=9 focus_label='Want better insight into your daily life? Set up the SmartThings devices that you use to better understand your daily...' focus_visible='Later Want better insight into your daily life? Set up the SmartThings devices that you use to better understand your daily life. Later Set up now' visible_labels='Want better insight into your daily life? Set...,Later Want better insight into your daily lif...' top_visible='Want better insight into your daily life? Set...,Later Want better insight into your daily lif...' body_texts='Want better insight into your daily life? Set...,Later Want better insight into your daily lif...' action_hits='later,set up now,set up' rid='com.samsung.android.plugin.care:id/suggestion_card_container' class='android.view.ViewGroup'
[20:10:32] [STOP][debug] curr_visible='Want better insight into your daily life? Set up the SmartThings devices that you use to better understand your daily life. Later Set up now' prev_visible='Want better insight into your daily life? Set up the SmartThings devices that you use to better understand your daily life. Later Set up now' curr_speech='Want better insight into your daily life? Set up the SmartThings devices that you use to better understand your daily life. Later Set up now' prev_speech='Later Want better insight into your daily life? Set up the SmartThings devices that you use to better understand your daily life. Later Set up now'
[20:10:32] [STOP][debug] curr_fp='com.samsung.android.plugin.care:id/suggestion_card_container|want better insight into your daily life? set up the smartthings devices that yo|want better ins...' prev_fp='com.samsung.android.plugin.care:id/suggestion_card_container|want better insight into your daily life? set up the smartthings devices that yo|later want bett...' curr_nfp='com samsung android plugin care id suggestion card container|want better insight into your daily life set up the smartthings devices that you use to better u...' prev_nfp='com samsung android plugin care id suggestion card container|want better insight into your daily life set up the smartthings devices that you use to better u...'
[20:10:32] [STOP][eval_debug] step=10 prev_step=9 same_like_count=1 recent_repeat=false strict_duplicate=true semantic_same_like=false semantic_distance=0 recent_duplicate_distance=0 recent_duplicate_semantic_distance=0 bounded_two_card_loop=false no_progress=true hard_no_progress=true terminal=false
[20:10:32] [STOP][compare] prev_step=9 prev_move='moved' curr_step=10 curr_move='failed' same_object=false
[20:10:32] [RESULT] skipped anchor rows count=1
[20:10:32] [SAVE] writing sheets raw/filtered/summary/result
[20:10:32] [SAVE] filtered rows=11, raw rows=11
[20:10:32] [SAVE] saved excel: output/talkback_compare_20260421_200913.xlsx rows=11 with_images=False
[20:10:32] [OVERLAY] blocked no_overlay_policy scenario='life_family_care_plugin' tab='(?i).*life.*' step=10
[20:10:32] [STOP][triggered] step=10 scenario='life_family_care_plugin' decision='stop' reason='repeat_no_progress'
[20:10:32] [STOP][summary] scenario='life_family_care_plugin' stop_triggered=true stop_step=10 reason='repeat_no_progress'
[20:10:32] [PERF][scenario_summary] scenario=life_family_care_plugin tab=(?i).*life.* total_runtime=77.2 total_steps=11 main_step_count=11 overlay_step_count=0 overlay_count=0 avg_get_focus=0.993 avg_move=0.529 avg_crop=0.486 avg_step_total=5.139 step_total_sample_count=11 avg_get_focus_main=0.993 avg_get_focus_overlay=0.0 fallback_dump_count=0 success_false_top_level_dump_attempt_count=0 success_false_top_level_dump_found_count=0 fallback_dump_rate=0.0 get_focus_strong_skip_count=11 get_focus_strong_skip_rate=100.0 step_dump_used_count=0 save_excel_count=5 realign_attempt_count=0 realign_success_count=0 realign_success_rate=0.0
[20:10:32] [MAIN] skip disabled scenario_id='life_plant_care_plugin' tab='(?i).*life.*'
[20:10:32] [MAIN] skip disabled scenario_id='life_clothing_care_plugin' tab='(?i).*life.*'
[20:10:32] [MAIN] skip disabled scenario_id='life_find_plugin' tab='(?i).*life.*'
[20:10:32] [MAIN] skip disabled scenario_id='life_video_plugin' tab='(?i).*life.*'
[20:10:32] [MAIN] skip disabled scenario_id='life_home_monitor_plugin' tab='(?i).*life.*'
[20:10:32] [MAIN] skip disabled scenario_id='life_music_sync_plugin' tab='(?i).*life.*'
[20:10:32] [RESULT] skipped anchor rows count=1
[20:10:32] [SAVE] writing sheets raw/filtered/summary/result
[20:10:32] [SAVE] filtered rows=11, raw rows=11
[20:10:32] [SAVE] saved excel: output/talkback_compare_20260421_200913.xlsx rows=11 with_images=True
[20:10:32] [MAIN] final save complete
[20:10:32] [PERF][run_summary] total_runtime=77.5 total_scenarios=1 total_steps=11 total_overlay_count=0 avg_get_focus=0.993 avg_move=0.529 fallback_dump_count=0 success_false_top_level_dump_attempt_count=0 success_false_top_level_dump_found_count=0 fallback_dump_rate=0.0 get_focus_strong_skip_rate=100.0 realign_success_rate=0.0 save_excel_count=6
