[20:56:15] [SAVE][temp] override tmp='D:\Python test\talkback-a11y-helper\output\.tmp' temp='D:\Python test\talkback-a11y-helper\output\.tmp' applied=true
[20:56:15] [MAIN] script start (version=1.7.81, log_level=NORMAL)
[20:56:17] [PREFLIGHT] talkback status='enabled'
[20:56:17] [MAIN] output file: output/talkback_compare_20260414_205615.xlsx
[20:56:17] [MAIN] image dir base: output\talkback_compare_20260414_205615
[20:56:17] [CONFIG] runtime config loaded path='config\runtime_config.json'
[20:56:17] [GLOBAL_NAV][guard] forcing stabilization_mode='tab_context' scenario='global_nav_main' requested='anchor_then_context'
[20:56:17] [CONFIG] scenario resolved scenario='global_nav_main' group='main_tabs' max_steps=10 enabled=False
[20:56:17] [CONFIG] applied shared_navigation='default_global_nav'
[20:56:17] [CONFIG] scenario enabled scenario='global_nav_main' source='runtime' enabled=False base_enabled=False
[20:56:17] [CONFIG] scenario resolved scenario='home_main' group='main_tabs' max_steps=5 enabled=False
[20:56:17] [CONFIG] applied shared_navigation='bottom_tab_global_nav'
[20:56:17] [CONFIG] scenario enabled scenario='home_main' source='runtime' enabled=False base_enabled=False
[20:56:17] [CONFIG] scenario resolved scenario='life_food_plugin' group='plugin_screen' max_steps=5 enabled=False
[20:56:17] [CONFIG] applied pre_navigation_ref='enter_food_plugin'
[20:56:17] [CONFIG] scenario enabled scenario='life_food_plugin' source='runtime' enabled=False base_enabled=False
[20:56:17] [CONFIG] scenario resolved scenario='life_air_care_plugin' group='-' max_steps=5 enabled=True
[20:56:17] [CONFIG] scenario enabled scenario='life_air_care_plugin' source='runtime' enabled=True base_enabled=False
[20:56:17] [CONFIG] scenario resolved scenario='life_home_care_plugin' group='-' max_steps=5 enabled=True
[20:56:17] [CONFIG] scenario enabled scenario='life_home_care_plugin' source='runtime' enabled=True base_enabled=False
[20:56:17] [CONFIG] scenario resolved scenario='life_energy_plugin' group='-' max_steps=5 enabled=True
[20:56:17] [CONFIG] scenario enabled scenario='life_energy_plugin' source='runtime' enabled=True base_enabled=False
[20:56:17] [CONFIG] scenario resolved scenario='devices_main' group='main_tabs' max_steps=10 enabled=False
[20:56:17] [CONFIG] applied shared_navigation='bottom_tab_global_nav'
[20:56:17] [CONFIG] applied anchor_ref='home_tab_anchor'
[20:56:17] [CONFIG] scenario enabled scenario='devices_main' source='runtime' enabled=False base_enabled=False
[20:56:17] [CONFIG] scenario resolved scenario='life_main' group='main_tabs' max_steps=30 enabled=False
[20:56:17] [CONFIG] applied shared_navigation='bottom_tab_global_nav'
[20:56:17] [CONFIG] scenario enabled scenario='life_main' source='runtime' enabled=False base_enabled=False
[20:56:17] [CONFIG] scenario resolved scenario='routines_main' group='main_tabs' max_steps=30 enabled=False
[20:56:17] [CONFIG] applied shared_navigation='bottom_tab_global_nav'
[20:56:17] [CONFIG] scenario enabled scenario='routines_main' source='runtime' enabled=False base_enabled=False
[20:56:17] [CONFIG] scenario resolved scenario='menu_main' group='main_tabs' max_steps=30 enabled=False
[20:56:17] [CONFIG] applied shared_navigation='bottom_tab_global_nav'
[20:56:17] [CONFIG] scenario enabled scenario='menu_main' source='runtime' enabled=False base_enabled=False
[20:56:17] [CONFIG] scenario resolved scenario='settings_entry_example' group='plugin_screen' max_steps=5 enabled=False
[20:56:17] [CONFIG] applied anchor_ref='settings_button_anchor'
[20:56:17] [CONFIG] applied pre_navigation_ref='enter_settings'
[20:56:17] [CONFIG] scenario enabled scenario='settings_entry_example' source='runtime' enabled=False base_enabled=False
[20:56:17] [CONFIG] scenario resolved scenario='life_pet_care_plugin' group='-' max_steps=5 enabled=True
[20:56:17] [CONFIG] scenario enabled scenario='life_pet_care_plugin' source='runtime' enabled=True base_enabled=False
[20:56:17] [CONFIG] scenario resolved scenario='life_family_care_plugin' group='-' max_steps=5 enabled=True
[20:56:17] [CONFIG] scenario enabled scenario='life_family_care_plugin' source='runtime' enabled=True base_enabled=False
[20:56:17] [CONFIG] scenario resolved scenario='life_plant_care_plugin' group='-' max_steps=5 enabled=True
[20:56:17] [CONFIG] scenario enabled scenario='life_plant_care_plugin' source='runtime' enabled=True base_enabled=False
[20:56:17] [CONFIG] scenario resolved scenario='life_clothing_care_plugin' group='-' max_steps=5 enabled=True
[20:56:17] [CONFIG] scenario enabled scenario='life_clothing_care_plugin' source='runtime' enabled=True base_enabled=False
[20:56:17] [CONFIG] scenario resolved scenario='life_find_plugin' group='-' max_steps=5 enabled=True
[20:56:17] [CONFIG] scenario enabled scenario='life_find_plugin' source='runtime' enabled=True base_enabled=False
[20:56:17] [CONFIG] scenario resolved scenario='life_video_plugin' group='-' max_steps=5 enabled=True
[20:56:17] [CONFIG] scenario enabled scenario='life_video_plugin' source='runtime' enabled=True base_enabled=False
[20:56:17] [CONFIG] scenario resolved scenario='life_home_monitor_plugin' group='-' max_steps=5 enabled=True
[20:56:17] [CONFIG] scenario enabled scenario='life_home_monitor_plugin' source='runtime' enabled=True base_enabled=False
[20:56:17] [CONFIG] scenario resolved scenario='life_music_sync_plugin' group='-' max_steps=5 enabled=True
[20:56:17] [CONFIG] scenario enabled scenario='life_music_sync_plugin' source='runtime' enabled=True base_enabled=False
[20:56:17] [MAIN] skip disabled scenario_id='global_nav_main' tab='(?i).*(home|devices|life|routines|menu).*'
[20:56:17] [MAIN] skip disabled scenario_id='home_main' tab='(?i).*home.*'
[20:56:17] [MAIN] skip disabled scenario_id='life_food_plugin' tab='(?i).*life.*'
[20:56:17] [SCENARIO][stabilization] scenario='life_air_care_plugin' screen_context_mode='new_screen' stabilization_mode='anchor_only'
[20:56:17] [SCENARIO][pre_nav][stabilization] phase='plugin_start' attempt=1/2 life_selected=false app_bar_hits=4 visible_card_hits=0 life_root_signature_present=true navigate_up_hits=0 family_care_signature_seen=false final_score=3 ok=true pass_reason='life_root_signature_and_structure_confirmed' fail_reason=''
[20:56:17] [PLUGIN_START][life_list_check] ok=true reason='root_state_stable'
[20:56:17] [PLUGIN_START][recover_before_entry] triggered=false
[20:56:17] [PLUGIN_START][recover_before_entry] success=true
[20:56:17] [CONTEXT] skipped reason='new_screen_mode' phase='tab_select'
[20:56:17] [TAB][select] fallback_to_legacy=True scenario='life_air_care_plugin'
[20:56:24] [TAB][focus_align_fast] failed scenario='life_air_care_plugin' attempt=2/2 focus_label='' focus_resource=''
[20:56:25] [TAB][select] scenario='life_air_care_plugin' selected=True matched_fields=['text'] score=40
[20:56:25] [TAB][verify] selected_bottom_tab ok=True actual=''
[20:56:25] [TRACE][open_scenario] scenario='life_air_care_plugin' stabilization_mode='anchor_only' focus_align_attempted=True focus_align_ok=False focus_align_reason='selector_not_focused' context_ok=False anchor_matched=False anchor_stable=False
[20:56:25] [TAB][focus_align_fast] scenario='life_air_care_plugin' main_tab=false transition_scenario=true result='failed'
[20:56:25] [TAB][focus_align_fast] failed but proceeding (transition scenario) scenario='life_air_care_plugin'
[20:56:25] [SCENARIO][pre_nav] step=1 action=xml_scroll_search_tap target='(?i)(^smart\s*air\s*care$|^air\s*care$|air\s*care\.|\baircare\b|에어\s*케어)'
[20:56:25] [XMLENTRY][search] pre_reset scroll_to_top=true
[20:56:30] [XMLENTRY][search] step=0/5 visible_candidates=69 target_candidates=1
[20:56:30] [XMLENTRY][search][top] rank=1 reason='actionable_container' text='Family Care' rid='com.samsung.android.oneconnect:id/frameLayout' class='android.widget.FrameLayout' bounds='42,310,1038,1042' area_ratio='0.3516' target_match=false
[20:56:30] [XMLENTRY][search][top] rank=2 reason='actionable_container' text='Family Care' rid='com.samsung.android.oneconnect:id/containerNameLayout' class='android.widget.RelativeLayout' bounds='42,310,1038,442' area_ratio='0.0634' target_match=false
[20:56:30] [XMLENTRY][search][top] rank=3 reason='card_like_container' text='Take care of yourself and handle your day by che' rid='' class='android.widget.RelativeLayout' bounds='42,442,1038,634' area_ratio='0.0922' target_match=false
[20:56:30] [XMLENTRY][select] reason='card_like_container' resource='' bounds='42,1990,1038,2182' text=''
[20:56:45] [VERIFY][air][probe] probe_index=1/2 same_screen=true signal='none' has_home_button=false has_change_location=false has_add_button=false has_more_options=false has_other_plugin_cards=true has_air_text=false has_air_content_signal=false has_plugin_body_focus=false decision='neutral'
[20:56:52] [VERIFY][air][probe] probe_index=2/2 same_screen=true signal='none' has_home_button=false has_change_location=false has_add_button=false has_more_options=false has_other_plugin_cards=true has_air_text=false has_air_content_signal=false has_plugin_body_focus=false decision='neutral'
[20:56:52] [XMLENTRY][result] success=false reason='tap_dispatched_but_no_transition' signal='air_care_verify_missing' scenario='life_air_care_plugin' type='a'
[20:56:52] [XMLENTRY][result] success=false reason='tap_dispatched_but_no_transition'
[20:56:52] [SCENARIO][pre_nav][xmlentry] fallback='helper_scrollTouch' reason='xml_entry_failed:tap_dispatched_but_no_transition'
[20:57:26] [SCENARIO][pre_nav] retry step=1 attempt=1/2 reason='Target node not found'
[20:57:28] [XMLENTRY][search] step=0/5 visible_candidates=0 target_candidates=0
[20:57:31] [XMLENTRY][scroll] step=0/5 performed=false reason='search_continue'
[20:57:31] [XMLENTRY][result] success=false reason='only_root_candidates'
[20:57:31] [SCENARIO][pre_nav][xmlentry] fallback='helper_scrollTouch' reason='xml_entry_failed:only_root_candidates'
[20:57:50] [SAVE] skip: no rows
[20:57:50] [MAIN] final save complete
[20:57:50] [PERF][run_summary] total_runtime=93.2 total_scenarios=1 total_steps=0 total_overlay_count=0 avg_get_focus=0.0 avg_move=0.0 fallback_dump_count=0 success_false_top_level_dump_attempt_count=0 success_false_top_level_dump_found_count=0 fallback_dump_rate=0.0 get_focus_strong_skip_rate=0.0 realign_success_rate=0.0 save_excel_count=1
