[00:55:33] [SAVE][temp] override tmp='D:\Python test\talkback-a11y-helper\output\.tmp' temp='D:\Python test\talkback-a11y-helper\output\.tmp' applied=true
[00:55:33] [MAIN] script start (version=1.7.80, log_level=NORMAL)
[00:55:34] [PREFLIGHT] talkback status='enabled'
[00:55:34] [MAIN] output file: output/talkback_compare_20260412_005533.xlsx
[00:55:34] [MAIN] image dir base: output\talkback_compare_20260412_005533
[00:55:34] [CONFIG] runtime config loaded path='config\runtime_config.json'
[00:55:34] [GLOBAL_NAV][guard] forcing stabilization_mode='tab_context' scenario='global_nav_main' requested='anchor_then_context'
[00:55:34] [CONFIG] scenario resolved scenario='global_nav_main' group='main_tabs' max_steps=10 enabled=False
[00:55:35] [CONFIG] applied shared_navigation='default_global_nav'
[00:55:35] [CONFIG] scenario enabled scenario='global_nav_main' source='runtime' enabled=False base_enabled=False
[00:55:35] [CONFIG] scenario resolved scenario='home_main' group='main_tabs' max_steps=5 enabled=False
[00:55:35] [CONFIG] applied shared_navigation='bottom_tab_global_nav'
[00:55:35] [CONFIG] scenario enabled scenario='home_main' source='runtime' enabled=False base_enabled=False
[00:55:35] [CONFIG] scenario resolved scenario='life_food_plugin' group='plugin_screen' max_steps=5 enabled=False
[00:55:35] [CONFIG] applied pre_navigation_ref='enter_food_plugin'
[00:55:35] [CONFIG] scenario enabled scenario='life_food_plugin' source='runtime' enabled=False base_enabled=False
[00:55:35] [CONFIG] scenario resolved scenario='life_air_care_plugin' group='-' max_steps=10 enabled=True
[00:55:35] [CONFIG] scenario enabled scenario='life_air_care_plugin' source='runtime' enabled=True base_enabled=False
[00:55:35] [CONFIG] scenario resolved scenario='life_home_care_plugin' group='-' max_steps=10 enabled=True
[00:55:35] [CONFIG] scenario enabled scenario='life_home_care_plugin' source='runtime' enabled=True base_enabled=False
[00:55:35] [CONFIG] scenario resolved scenario='life_energy_plugin' group='-' max_steps=10 enabled=True
[00:55:35] [CONFIG] scenario enabled scenario='life_energy_plugin' source='runtime' enabled=True base_enabled=False
[00:55:35] [CONFIG] scenario resolved scenario='devices_main' group='main_tabs' max_steps=10 enabled=False
[00:55:35] [CONFIG] applied shared_navigation='bottom_tab_global_nav'
[00:55:35] [CONFIG] applied anchor_ref='home_tab_anchor'
[00:55:35] [CONFIG] scenario enabled scenario='devices_main' source='runtime' enabled=False base_enabled=False
[00:55:35] [CONFIG] scenario resolved scenario='life_main' group='main_tabs' max_steps=30 enabled=False
[00:55:35] [CONFIG] applied shared_navigation='bottom_tab_global_nav'
[00:55:35] [CONFIG] scenario enabled scenario='life_main' source='runtime' enabled=False base_enabled=False
[00:55:35] [CONFIG] scenario resolved scenario='routines_main' group='main_tabs' max_steps=30 enabled=False
[00:55:35] [CONFIG] applied shared_navigation='bottom_tab_global_nav'
[00:55:35] [CONFIG] scenario enabled scenario='routines_main' source='runtime' enabled=False base_enabled=False
[00:55:35] [CONFIG] scenario resolved scenario='menu_main' group='main_tabs' max_steps=30 enabled=False
[00:55:35] [CONFIG] applied shared_navigation='bottom_tab_global_nav'
[00:55:35] [CONFIG] scenario enabled scenario='menu_main' source='runtime' enabled=False base_enabled=False
[00:55:35] [CONFIG] scenario resolved scenario='settings_entry_example' group='plugin_screen' max_steps=40 enabled=False
[00:55:35] [CONFIG] applied anchor_ref='settings_button_anchor'
[00:55:35] [CONFIG] applied pre_navigation_ref='enter_settings'
[00:55:35] [CONFIG] scenario enabled scenario='settings_entry_example' source='runtime' enabled=False base_enabled=False
[00:55:35] [CONFIG] scenario resolved scenario='life_pet_care_example' group='-' max_steps=10 enabled=True
[00:55:35] [CONFIG] scenario enabled scenario='life_pet_care_example' source='runtime' enabled=True base_enabled=False
[00:55:35] [MAIN] skip disabled scenario_id='global_nav_main' tab='(?i).*(home|devices|life|routines|menu).*'
[00:55:35] [MAIN] skip disabled scenario_id='home_main' tab='(?i).*home.*'
[00:55:35] [MAIN] skip disabled scenario_id='life_food_plugin' tab='(?i).*life.*'
[00:55:35] [SCENARIO][stabilization] scenario='life_air_care_plugin' screen_context_mode='new_screen' stabilization_mode='anchor_only'
[00:55:35] [CONTEXT] skipped reason='new_screen_mode' phase='tab_select'
[00:55:35] [TAB][select] fallback_to_legacy=True scenario='life_air_care_plugin'
[00:55:38] [TRACE][open_scenario] scenario='life_air_care_plugin' stabilization_mode='anchor_only' focus_align_attempted=True focus_align_ok=True focus_align_reason='' context_ok=False anchor_matched=False anchor_stable=False
[00:55:40] [SCENARIO][pre_nav][stabilization] phase='before_pre_navigation' attempt=1/2 life_selected=false app_bar_hits=4 visible_card_hits=0 life_root_signature_present=false navigate_up_hits=0 family_care_signature_seen=true final_score=2 ok=false pass_reason='' fail_reason='life_root_not_stable'
[00:55:40] [SCENARIO][pre_nav][stabilization][life_energy_relaxed_gate] phase='before_pre_navigation' attempt=1/2 allow_scrolltouch=true reason='life_plugin_list_likely'
[00:55:40] [SCENARIO][pre_nav] step=1 action=scrolltouch target='(?i)(^smart\s*air\s*care$|^air\s*care$|air\s*care\.|\baircare\b|에어\s*케어)'
[00:55:40] [SCENARIO][pre_nav] before scrolltouch, scroll_to_top invoked cumulative_mode=true
[00:55:43] [SCENARIO][pre_nav] scroll_to_top result={'ok': True, 'reached_top': True, 'attempts': 1, 'reason': 'scroll_failed'}
[00:55:43] [SCENARIO][pre_nav] top_state_verify ok=false reason='top_marker_missing' scenario='life_air_care_plugin'
[00:55:47] [SCENARIO][pre_nav] top_state_verify retry=1/2 ok=false reason='top_marker_missing'
[00:55:50] [SCENARIO][pre_nav] top_state_verify retry=2/2 ok=false reason='top_marker_missing'
[00:55:50] [SCENARIO][pre_nav][scrolltouch][debug] scroll_step=1/5 visible_candidate_count=0 partial_match_count=0 exact_match_count=0 xml_fallback_attempted=false xml_fallback_reason='not_attempted' rejections='filtered_before_candidate:21' visible_top='-' partial_top='-' pre_candidate_top='-' local_search_nodes=21 selected=false selected_reason='no_visible_candidate'
[00:55:50] [SCENARIO][pre_nav][scrolltouch][inspect] scroll_step=1/5 samples='label='우리 집 QR code 우리 집 QR code' rid='com.samsung.android.oneconnect:id/home_button' cls='android.widget.ImageButton' visible=true clickable=true focusable=true effectiveClickable=true matched_text_node='com.samsung.android.oneconnect:id/home_button' promoted_container=false promotion_reason='none' promoted_from='' promoted_to='' stage='label_filter' reason='filtered_before_candidate' | label='우리 집, Change location 우리 집, Change location' rid='com.samsung.android.oneconnect:id/tab_title' cls='android.widget.LinearLayout' visible=true clickable=true focusable=true effectiveClickable=true matched_text_node='com.samsung.android.oneconnect:id/tab_title' promoted_container=false promotion_reason='none' promoted_from='' promoted_to='' stage='label_filter' reason='filtered_before_candidate' | label='Add Add' rid='com.samsung.android.oneconnect:id/add_menu_butto' cls='android.widget.ImageButton' visible=true clickable=true focusable=true effectiveClickable=true matched_text_node='com.samsung.android.oneconnect:id/add_menu_button' promoted_container=false promotion_reason='none' promoted_from='' promoted_to='' stage='label_filter' reason='filtered_before_candidate' | label='More options Mor'
[00:55:52] [CAPTURE][scrolltouch_step] saved path='output\capture_bundles\life_air_care_plugin\20260411_155540\step_01' step=1 visible_candidate_count=0 partial_match_count=0
[00:55:53] [SCENARIO][pre_nav][scrolltouch] visible_candidate_count=0 partial_match_count=0 scroll_step=1/5 action='scroll_forward_and_retry_local_search' scroll_performed=true settle_wait_ms=250 cumulative_mode=true
[00:55:55] [SCENARIO][pre_nav][scrolltouch][debug] scroll_step=2/5 visible_candidate_count=0 partial_match_count=0 exact_match_count=0 xml_fallback_attempted=false xml_fallback_reason='not_attempted' rejections='filtered_before_candidate:13' visible_top='-' partial_top='-' pre_candidate_top='-' local_search_nodes=13 selected=false selected_reason='no_visible_candidate'
[00:55:55] [SCENARIO][pre_nav][scrolltouch][inspect] scroll_step=2/5 samples='label='우리 집 QR code 우리 집 QR code' rid='com.samsung.android.oneconnect:id/home_button' cls='android.widget.ImageButton' visible=true clickable=true focusable=true effectiveClickable=true matched_text_node='com.samsung.android.oneconnect:id/home_button' promoted_container=false promotion_reason='none' promoted_from='' promoted_to='' stage='label_filter' reason='filtered_before_candidate' | label='우리 집, Change location 우리 집, Change location' rid='com.samsung.android.oneconnect:id/tab_title' cls='android.widget.LinearLayout' visible=true clickable=true focusable=true effectiveClickable=true matched_text_node='com.samsung.android.oneconnect:id/tab_title' promoted_container=false promotion_reason='none' promoted_from='' promoted_to='' stage='label_filter' reason='filtered_before_candidate' | label='Add Add' rid='com.samsung.android.oneconnect:id/add_menu_butto' cls='android.widget.ImageButton' visible=true clickable=true focusable=true effectiveClickable=true matched_text_node='com.samsung.android.oneconnect:id/add_menu_button' promoted_container=false promotion_reason='none' promoted_from='' promoted_to='' stage='label_filter' reason='filtered_before_candidate' | label='More options Mor'
[00:55:56] [CAPTURE][scrolltouch_step] saved path='output\capture_bundles\life_air_care_plugin\20260411_155540\step_02' step=2 visible_candidate_count=0 partial_match_count=0
[00:55:58] [SCENARIO][pre_nav][scrolltouch] visible_candidate_count=0 partial_match_count=0 scroll_step=2/5 action='scroll_forward_and_retry_local_search' scroll_performed=true settle_wait_ms=250 cumulative_mode=true
[00:56:01] [SCENARIO][pre_nav][scrolltouch][debug] scroll_step=3/5 visible_candidate_count=1 partial_match_count=1 exact_match_count=0 xml_fallback_attempted=true xml_fallback_reason='ok' rejections='filtered_before_candidate:11' visible_top='label='Monitor air quality and air comfort in each room of your hom' rid='com.samsung.android.oneconnect:id/frameL' cls='android.widget.FrameLayout' bounds='42,1752,1038,2316'' partial_top='label='Monitor air quality and air comfort in each room of your hom' rid='com.samsung.android.oneconnect:id/frameL' cls='android.widget.FrameLayout' bounds='42,1752,1038,2316'' pre_candidate_top='-' local_search_nodes=12 selected=true selected_reason='candidate_count=1'
[00:56:01] [SCENARIO][pre_nav][scrolltouch][inspect] scroll_step=3/5 samples='label='우리 집 QR code 우리 집 QR code' rid='com.samsung.android.oneconnect:id/home_button' cls='android.widget.ImageButton' visible=true clickable=true focusable=true effectiveClickable=true matched_text_node='com.samsung.android.oneconnect:id/home_button' promoted_container=false promotion_reason='none' promoted_from='' promoted_to='' stage='label_filter' reason='filtered_before_candidate' | label='우리 집, Change location 우리 집, Change location' rid='com.samsung.android.oneconnect:id/tab_title' cls='android.widget.LinearLayout' visible=true clickable=true focusable=true effectiveClickable=true matched_text_node='com.samsung.android.oneconnect:id/tab_title' promoted_container=false promotion_reason='none' promoted_from='' promoted_to='' stage='label_filter' reason='filtered_before_candidate' | label='Add Add' rid='com.samsung.android.oneconnect:id/add_menu_butto' cls='android.widget.ImageButton' visible=true clickable=true focusable=true effectiveClickable=true matched_text_node='com.samsung.android.oneconnect:id/add_menu_button' promoted_container=false promotion_reason='none' promoted_from='' promoted_to='' stage='label_filter' reason='filtered_before_candidate' | label='More options Mor'
[00:56:03] [CAPTURE][scrolltouch_step] saved path='output\capture_bundles\life_air_care_plugin\20260411_155540\step_03' step=3 visible_candidate_count=1 partial_match_count=1
[00:56:03] [SCENARIO][pre_nav][scrolltouch] candidate_select reason='candidate_count=1' class='android.widget.FrameLayout' resource='com.samsung.android.oneconnect:id/frameLayout' bounds='42,1752,1038,2316' visible=true label='' promoted_container=true promotion_attempted=true promotion_source='xml_live' matched_text_node='com.samsung.android.oneconnect:id/tvHeaderTitle' promotion_reason='xml_live_containment_container' promotion_candidate_count=8 promotion_debug_summary='helper:no_candidate;xml_live:candidate_count=8' promoted_from='com.samsung.android.oneconnect:id/tvHeaderTitle' promoted_to='com.samsung.android.oneconnect:id/frameLayout' selected_area=561744 text_area=161424 area_ratio=3.480 ancestor_distance=-1 tap_point='540,2034' tap_strategy='center' rank_summary_top3='com.samsung.android.oneconnect:id/containerHeaderLayout:xml_live_containment_container:ov=1000:ar=1.18:sp=3:ad=-1 | android.widget.RelativeLayout:xml_live_containment_container:ov=1000:ar=1.18:sp=-1:ad=-1 | com.samsung.a' scroll_step=3/5 cumulative_mode=true
[00:56:03] [SCENARIO][pre_nav][scrolltouch] candidate_select reason='no_local_match' fallback='helper_scrollTouch' reason_detail='local_search_exhausted' cumulative_mode=true
[00:56:15] [SCENARIO][pre_nav][scrolltouch] post_click_transition same_screen=false signal='air_care_verify'
[00:56:15] [SCENARIO][pre_nav] success step=1 reason='ACTION_CLICK success'
[00:56:16] [SCENARIO][pre_nav] success
[00:56:20] [CONTEXT] skipped reason='anchor_only_mode'
[00:56:20] [CONTEXT] skipped reason='anchor_only_mode'
[00:56:20] [CONTEXT] scenario='life_air_care_plugin' type='skipped' expected='' actual='' ok=True
[00:56:20] [CONTEXT] verification passed scenario='life_air_care_plugin'
[00:56:20] [ANCHOR][scenario_start] success scenario='life_air_care_plugin' selected=True matched=True stable=True context_ok=True reason='selected_and_verified'
[00:56:20] [TRACE][open_scenario] scenario='life_air_care_plugin' stabilization_mode='anchor_only' focus_align_attempted=True focus_align_ok=True focus_align_reason='' context_ok=False anchor_matched=False anchor_stable=True
[00:56:21] [SCENARIO][entry_contract] success scenario='life_air_care_plugin' entry_type='card' reason='success_verified' detail='plugin_open_verified'
[00:56:21] [TRACE][post_open_focus] scenario='life_air_care_plugin' view_id='back' label='Navigate up' speech='Navigate up' bounds='{'l': 72, 't': 118, 'r': 144, 'b': 310, 'left': 72, 'top': 118, 'right': 144, 'bottom': 310}' source='top_level' top_level=True
[00:56:26] [TRACE][anchor_row] scenario='life_air_care_plugin' step=0 view_id='back' visible='Navigate up' speech='Navigate up' normalized_visible='navigate up' is_global_nav=False
[00:56:26] [ROW] fingerprint='back|navigate up|navigate up|108,214' normalized_fingerprint='back|navigate up|navigate up' duplicate=false recent_duplicate=false distance=0 recent_semantic_duplicate=false semantic_distance=0 semantic_window_unique=1 noise=false
[00:56:26] [RESULT] skipped anchor rows count=1
[00:56:26] [SAVE] writing sheets raw/filtered/summary/result
[00:56:26] [SAVE] filtered rows=1, raw rows=1
[00:56:27] [SAVE] saved excel: output/talkback_compare_20260412_005533.xlsx rows=1 with_images=False
[00:56:27] [STEP] START tab='(?i).*life.*' step=1
[00:56:32] [ROW] fingerprint='|air care|air care|552,214' normalized_fingerprint='|air care|air care' duplicate=false recent_duplicate=false distance=0 recent_semantic_duplicate=false semantic_distance=0 semantic_window_unique=2 noise=false
[00:56:32] [STEP] END tab='(?i).*life.*' step=1 elapsed=4.52s move_result='{'success': True, 'status': 'moved', 'detail': 'moved', 'raw': {'timestamp': 1775922988719, 'reqId': '4d25c64c', 'success': True, 'status': 'moved', 'detail': 'moved', 'flags': []}}' visible='Air Care' speech='Air Care' crop='output\talkback_compare_20260412_005533\crops\i_._life._step_1_Air_Care.png' timing(move=0.430s ann=3.093s get_focus=0.999s get_focus_fallback_dump=0.000s step_dump=0.000s crop=0.497s total=5.020s) focus_reason='' fallback_used=False fallback_found=False step_dump_used=False step_dump_reason='focus_payload_sufficient' req_id='75bf7a84'
[00:56:32] [STOP][eval] step=1 scenario='life_air_care_plugin' terminal=false same_like_count=0 no_progress=false scenario_type='content' is_global_nav=false after_realign=false recent_repeat=false bounded_two_card_loop=false semantic_same_like=false recent_duplicate=false recent_duplicate_distance=0 recent_semantic_duplicate=false recent_semantic_duplicate_distance=0 recent_semantic_unique_count=2 strict_duplicate=false semantic_duplicate=false repeat_class='none' loop_classification='none' hard_no_progress=false soft_no_progress=false no_progress_class='none' overlay_realign_grace_active=false min_step_gate_blocked=false realign_grace_suppressed=false repeat_stop_hit=false decision='continue' reason='none' stop_explain_version='pr7_explain_v1' stop_explain_input='step:1|move:{'success': true, 'status': 'moved', 'detail': 'moved', 'raw': {'timestamp': 1775922988719, 'reqid': '4d25c64c', 'success': true, 'status': 'moved', 'detail': 'moved', 'flags': []}}|smart:moved|same:0|fail:0' stop_explain_repeat='recent:false|class:none|strict:false|semantic:false|loop:none|two_card:false' stop_explain_no_progress='hit:false|class:none|hard:false|soft:false' stop_explain_gate='candidate:false|min_block:false|realign_suppress:false|realign_active:false|decision:continue'
[00:56:32] [STEP] START tab='(?i).*life.*' step=2
[00:56:37] [ROW] fingerprint='more|more options|more options|972,214' normalized_fingerprint='more|more options|more options' duplicate=false recent_duplicate=false distance=0 recent_semantic_duplicate=false semantic_distance=0 semantic_window_unique=3 noise=false
[00:56:37] [STEP] END tab='(?i).*life.*' step=2 elapsed=4.60s move_result='{'success': True, 'status': 'moved', 'detail': 'moved', 'raw': {'timestamp': 1775922993821, 'reqId': '66f86dea', 'success': True, 'status': 'moved', 'detail': 'moved', 'flags': []}}' visible='More options' speech='More options' crop='output\talkback_compare_20260412_005533\crops\i_._life._step_2_More_options.png' timing(move=0.508s ann=3.047s get_focus=1.042s get_focus_fallback_dump=0.000s step_dump=0.000s crop=0.483s total=5.081s) focus_reason='' fallback_used=False fallback_found=False step_dump_used=False step_dump_reason='focus_payload_sufficient' req_id='3d8d3b8e'
[00:56:37] [STOP][eval] step=2 scenario='life_air_care_plugin' terminal=false same_like_count=0 no_progress=false scenario_type='content' is_global_nav=false after_realign=false recent_repeat=false bounded_two_card_loop=false semantic_same_like=false recent_duplicate=false recent_duplicate_distance=0 recent_semantic_duplicate=false recent_semantic_duplicate_distance=0 recent_semantic_unique_count=3 strict_duplicate=false semantic_duplicate=false repeat_class='none' loop_classification='none' hard_no_progress=false soft_no_progress=false no_progress_class='none' overlay_realign_grace_active=false min_step_gate_blocked=false realign_grace_suppressed=false repeat_stop_hit=false decision='continue' reason='none' stop_explain_version='pr7_explain_v1' stop_explain_input='step:2|move:{'success': true, 'status': 'moved', 'detail': 'moved', 'raw': {'timestamp': 1775922993821, 'reqid': '66f86dea', 'success': true, 'status': 'moved', 'detail': 'moved', 'flags': []}}|smart:moved|same:0|fail:0' stop_explain_repeat='recent:false|class:none|strict:false|semantic:false|loop:none|two_card:false' stop_explain_no_progress='hit:false|class:none|hard:false|soft:false' stop_explain_gate='candidate:false|min_block:false|realign_suppress:false|realign_active:false|decision:continue'
[00:56:37] [OVERLAY] candidate matched scenario='life_air_care_plugin' tab='(?i).*life.*' step=2 view_id='more' label='More options' reason='matched_scenario_policy'
[00:56:47] [OVERLAY] post_click classification='overlay' scenario='life_air_care_plugin' tab='(?i).*life.*' entry_view_id='more' entry_label='More options' post_view_id='addToHomescreen' post_label='Add to Home screen'
[00:57:00] [RESULT] skipped anchor rows count=1
[00:57:00] [SAVE] writing sheets raw/filtered/summary/result
[00:57:00] [SAVE] filtered rows=6, raw rows=6
[00:57:00] [SAVE] saved excel: output/talkback_compare_20260412_005533.xlsx rows=6 with_images=False
[00:57:04] [OVERLAY][repeat] same_focus_detected=true step=4 view_id='info' bounds='462,556,1053,706' normalized_visible_label='information' move_result=''
[00:57:04] [OVERLAY][break] reason='same_overlay_fingerprint' step=4
[00:57:04] [RESULT] skipped anchor rows count=1
[00:57:04] [SAVE] writing sheets raw/filtered/summary/result
[00:57:04] [SAVE] filtered rows=6, raw rows=6
[00:57:04] [SAVE] saved excel: output/talkback_compare_20260412_005533.xlsx rows=6 with_images=False
[00:57:07] [RESULT] skipped anchor rows count=1
[00:57:07] [SAVE] writing sheets raw/filtered/summary/result
[00:57:07] [SAVE] filtered rows=6, raw rows=6
[00:57:07] [SAVE] saved excel: output/talkback_compare_20260412_005533.xlsx rows=6 with_images=False
[00:57:10] [OVERLAY] realign status='realign_entry_reached' entry_reached=True steps_taken=2 match_by='view_id'
[00:57:16] [CONTEXT] skipped reason='anchor_only_mode'
[00:57:16] [CONTEXT] skipped reason='anchor_only_mode'
[00:57:16] [CONTEXT] scenario='life_air_care_plugin' type='skipped' expected='' actual='' ok=True
[00:57:16] [CONTEXT] verification passed scenario='life_air_care_plugin'
[00:57:16] [ANCHOR][overlay_realign] success scenario='life_air_care_plugin' selected=True matched=True stable=True context_ok=True reason='selected_and_verified'
[00:57:16] [ANCHOR][overlay_realign] success scenario='life_air_care_plugin' reason='overlay_realign_verified'
[00:57:16] [STEP] START tab='(?i).*life.*' step=3
[00:57:21] [ROW] fingerprint='|air care|air care|552,214' normalized_fingerprint='|air care|air care' duplicate=false recent_duplicate=true distance=2 recent_semantic_duplicate=true semantic_distance=2 semantic_window_unique=3 noise=false
[00:57:21] [STEP] END tab='(?i).*life.*' step=3 elapsed=4.62s move_result='{'success': True, 'status': 'moved', 'detail': 'moved', 'raw': {'timestamp': 1775923038283, 'reqId': '730c3783', 'success': True, 'status': 'moved', 'detail': 'moved', 'flags': []}}' visible='Air Care' speech='Air Care' crop='output\talkback_compare_20260412_005533\crops\i_._life._step_3_Air_Care.png' timing(move=0.530s ann=3.074s get_focus=1.012s get_focus_fallback_dump=0.000s step_dump=0.000s crop=0.476s total=5.093s) focus_reason='' fallback_used=False fallback_found=False step_dump_used=False step_dump_reason='focus_payload_sufficient' req_id='e6477411'
[00:57:21] [STOP][eval] step=3 scenario='life_air_care_plugin' terminal=false same_like_count=0 no_progress=false scenario_type='content' is_global_nav=false after_realign=true recent_repeat=false bounded_two_card_loop=false semantic_same_like=false recent_duplicate=true recent_duplicate_distance=2 recent_semantic_duplicate=true recent_semantic_duplicate_distance=2 recent_semantic_unique_count=3 strict_duplicate=false semantic_duplicate=false repeat_class='none' loop_classification='none' hard_no_progress=false soft_no_progress=false no_progress_class='none' overlay_realign_grace_active=false min_step_gate_blocked=false realign_grace_suppressed=false repeat_stop_hit=false decision='continue' reason='none' stop_explain_version='pr7_explain_v1' stop_explain_input='step:3|move:{'success': true, 'status': 'moved', 'detail': 'moved', 'raw': {'timestamp': 1775923038283, 'reqid': '730c3783', 'success': true, 'status': 'moved', 'detail': 'moved', 'flags': []}}|smart:moved|same:0|fail:0' stop_explain_repeat='recent:false|class:none|strict:false|semantic:false|loop:none|two_card:false' stop_explain_no_progress='hit:false|class:none|hard:false|soft:false' stop_explain_gate='candidate:false|min_block:false|realign_suppress:false|realign_active:false|decision:continue'
[00:57:21] [RESULT] skipped anchor rows count=1
[00:57:21] [SAVE] writing sheets raw/filtered/summary/result
[00:57:21] [SAVE] filtered rows=6, raw rows=7
[00:57:21] [SAVE] saved excel: output/talkback_compare_20260412_005533.xlsx rows=7 with_images=False
[00:57:21] [STEP] START tab='(?i).*life.*' step=4
[00:57:26] [ROW] fingerprint='more|more options|more options|972,214' normalized_fingerprint='more|more options|more options' duplicate=false recent_duplicate=true distance=2 recent_semantic_duplicate=true semantic_distance=2 semantic_window_unique=3 noise=false
[00:57:26] [STEP] END tab='(?i).*life.*' step=4 elapsed=4.60s move_result='{'success': True, 'status': 'moved', 'detail': 'moved', 'raw': {'timestamp': 1775923043457, 'reqId': 'f4f5ce7c', 'success': True, 'status': 'moved', 'detail': 'moved', 'flags': []}}' visible='More options' speech='More options' crop='output\talkback_compare_20260412_005533\crops\i_._life._step_4_More_options.png' timing(move=0.499s ann=3.101s get_focus=1.003s get_focus_fallback_dump=0.000s step_dump=0.000s crop=0.485s total=5.089s) focus_reason='' fallback_used=False fallback_found=False step_dump_used=False step_dump_reason='focus_payload_sufficient' req_id='8aba26e3'
[00:57:26] [STOP][eval] step=4 scenario='life_air_care_plugin' terminal=false same_like_count=0 no_progress=false scenario_type='content' is_global_nav=false after_realign=false recent_repeat=false bounded_two_card_loop=false semantic_same_like=false recent_duplicate=true recent_duplicate_distance=2 recent_semantic_duplicate=true recent_semantic_duplicate_distance=2 recent_semantic_unique_count=3 strict_duplicate=false semantic_duplicate=false repeat_class='none' loop_classification='none' hard_no_progress=false soft_no_progress=false no_progress_class='none' overlay_realign_grace_active=false min_step_gate_blocked=false realign_grace_suppressed=false repeat_stop_hit=false decision='continue' reason='none' stop_explain_version='pr7_explain_v1' stop_explain_input='step:4|move:{'success': true, 'status': 'moved', 'detail': 'moved', 'raw': {'timestamp': 1775923043457, 'reqid': 'f4f5ce7c', 'success': true, 'status': 'moved', 'detail': 'moved', 'flags': []}}|smart:moved|same:0|fail:0' stop_explain_repeat='recent:false|class:none|strict:false|semantic:false|loop:none|two_card:false' stop_explain_no_progress='hit:false|class:none|hard:false|soft:false' stop_explain_gate='candidate:false|min_block:false|realign_suppress:false|realign_active:false|decision:continue'
[00:57:26] [OVERLAY] skip already expanded entry fingerprint='(?i).*life.*|more|more options'
[00:57:26] [STEP] START tab='(?i).*life.*' step=5
[00:57:31] [ROW] fingerprint='|set geolocation to monitor outdoor air quality|set geolocation to monitor outdoor air quality|516,418' normalized_fingerprint='|set geolocation to monitor outdoor air quality|set geolocation to monitor outdoor air quality' duplicate=false recent_duplicate=false distance=0 recent_semantic_duplicate=false semantic_distance=0 semantic_window_unique=4 noise=false
[00:57:31] [STEP] END tab='(?i).*life.*' step=5 elapsed=4.55s move_result='{'success': True, 'status': 'moved', 'detail': 'moved', 'raw': {'timestamp': 1775923048557, 'reqId': '8f711fea', 'success': True, 'status': 'moved', 'detail': 'moved', 'flags': []}}' visible='Set geolocation to monitor outdoor air quality' speech='Set geolocation to monitor outdoor air quality' crop='output\talkback_compare_20260412_005533\crops\i_._life._step_5_Set_geolocation_to_monitor_outdoor_air_q.png' timing(move=0.494s ann=3.048s get_focus=1.012s get_focus_fallback_dump=0.000s step_dump=0.000s crop=0.502s total=5.057s) focus_reason='' fallback_used=False fallback_found=False step_dump_used=False step_dump_reason='focus_payload_sufficient' req_id='69b81800'
[00:57:31] [STOP][eval] step=5 scenario='life_air_care_plugin' terminal=false same_like_count=0 no_progress=false scenario_type='content' is_global_nav=false after_realign=false recent_repeat=false bounded_two_card_loop=false semantic_same_like=false recent_duplicate=false recent_duplicate_distance=0 recent_semantic_duplicate=false recent_semantic_duplicate_distance=0 recent_semantic_unique_count=4 strict_duplicate=false semantic_duplicate=false repeat_class='none' loop_classification='none' hard_no_progress=false soft_no_progress=false no_progress_class='none' overlay_realign_grace_active=false min_step_gate_blocked=false realign_grace_suppressed=false repeat_stop_hit=false decision='continue' reason='none' stop_explain_version='pr7_explain_v1' stop_explain_input='step:5|move:{'success': true, 'status': 'moved', 'detail': 'moved', 'raw': {'timestamp': 1775923048557, 'reqid': '8f711fea', 'success': true, 'status': 'moved', 'detail': 'moved', 'flags': []}}|smart:moved|same:0|fail:0' stop_explain_repeat='recent:false|class:none|strict:false|semantic:false|loop:none|two_card:false' stop_explain_no_progress='hit:false|class:none|hard:false|soft:false' stop_explain_gate='candidate:false|min_block:false|realign_suppress:false|realign_active:false|decision:continue'
[00:57:31] [STEP] START tab='(?i).*life.*' step=6
[00:57:36] [ROW] fingerprint='dismiss|dismiss|dismiss|457,520' normalized_fingerprint='dismiss|dismiss|dismiss' duplicate=false recent_duplicate=false distance=0 recent_semantic_duplicate=false semantic_distance=0 semantic_window_unique=4 noise=false
[00:57:36] [STEP] END tab='(?i).*life.*' step=6 elapsed=4.53s move_result='{'success': True, 'status': 'moved', 'detail': 'moved', 'raw': {'timestamp': 1775923053586, 'reqId': '3c6bd20c', 'success': True, 'status': 'moved', 'detail': 'moved', 'flags': []}}' visible='Dismiss' speech='Dismiss' crop='output\talkback_compare_20260412_005533\crops\i_._life._step_6_Dismiss.png' timing(move=0.468s ann=3.052s get_focus=1.009s get_focus_fallback_dump=0.000s step_dump=0.000s crop=0.490s total=5.020s) focus_reason='' fallback_used=False fallback_found=False step_dump_used=False step_dump_reason='focus_payload_sufficient' req_id='a83abaad'
[00:57:36] [STOP][eval] step=6 scenario='life_air_care_plugin' terminal=false same_like_count=0 no_progress=false scenario_type='content' is_global_nav=false after_realign=false recent_repeat=false bounded_two_card_loop=false semantic_same_like=false recent_duplicate=false recent_duplicate_distance=0 recent_semantic_duplicate=false recent_semantic_duplicate_distance=0 recent_semantic_unique_count=4 strict_duplicate=false semantic_duplicate=false repeat_class='none' loop_classification='none' hard_no_progress=false soft_no_progress=false no_progress_class='none' overlay_realign_grace_active=false min_step_gate_blocked=false realign_grace_suppressed=false repeat_stop_hit=false decision='continue' reason='none' stop_explain_version='pr7_explain_v1' stop_explain_input='step:6|move:{'success': true, 'status': 'moved', 'detail': 'moved', 'raw': {'timestamp': 1775923053586, 'reqid': '3c6bd20c', 'success': true, 'status': 'moved', 'detail': 'moved', 'flags': []}}|smart:moved|same:0|fail:0' stop_explain_repeat='recent:false|class:none|strict:false|semantic:false|loop:none|two_card:false' stop_explain_no_progress='hit:false|class:none|hard:false|soft:false' stop_explain_gate='candidate:false|min_block:false|realign_suppress:false|realign_active:false|decision:continue'
[00:57:36] [RESULT] skipped anchor rows count=1
[00:57:36] [SAVE] writing sheets raw/filtered/summary/result
[00:57:36] [SAVE] filtered rows=8, raw rows=10
[00:57:37] [SAVE] saved excel: output/talkback_compare_20260412_005533.xlsx rows=10 with_images=False
[00:57:37] [STEP] START tab='(?i).*life.*' step=7
[00:57:42] [ROW] fingerprint='set_geo|set geolocation|set geolocation|808,520' normalized_fingerprint='set geo|set geolocation|set geolocation' duplicate=false recent_duplicate=false distance=0 recent_semantic_duplicate=false semantic_distance=0 semantic_window_unique=5 noise=false
[00:57:42] [STEP] END tab='(?i).*life.*' step=7 elapsed=4.56s move_result='{'success': True, 'status': 'moved', 'detail': 'moved', 'raw': {'timestamp': 1775923058740, 'reqId': 'c3fd3569', 'success': True, 'status': 'moved', 'detail': 'moved', 'flags': []}}' visible='Set geolocation' speech='Set geolocation' crop='output\talkback_compare_20260412_005533\crops\i_._life._step_7_Set_geolocation.png' timing(move=0.477s ann=3.077s get_focus=1.008s get_focus_fallback_dump=0.000s step_dump=0.000s crop=0.475s total=5.038s) focus_reason='' fallback_used=False fallback_found=False step_dump_used=False step_dump_reason='focus_payload_sufficient' req_id='5d34167d'
[00:57:42] [STOP][eval] step=7 scenario='life_air_care_plugin' terminal=false same_like_count=0 no_progress=false scenario_type='content' is_global_nav=false after_realign=false recent_repeat=false bounded_two_card_loop=false semantic_same_like=false recent_duplicate=false recent_duplicate_distance=0 recent_semantic_duplicate=false recent_semantic_duplicate_distance=0 recent_semantic_unique_count=5 strict_duplicate=false semantic_duplicate=false repeat_class='none' loop_classification='none' hard_no_progress=false soft_no_progress=false no_progress_class='none' overlay_realign_grace_active=false min_step_gate_blocked=false realign_grace_suppressed=false repeat_stop_hit=false decision='continue' reason='none' stop_explain_version='pr7_explain_v1' stop_explain_input='step:7|move:{'success': true, 'status': 'moved', 'detail': 'moved', 'raw': {'timestamp': 1775923058740, 'reqid': 'c3fd3569', 'success': true, 'status': 'moved', 'detail': 'moved', 'flags': []}}|smart:moved|same:0|fail:0' stop_explain_repeat='recent:false|class:none|strict:false|semantic:false|loop:none|two_card:false' stop_explain_no_progress='hit:false|class:none|hard:false|soft:false' stop_explain_gate='candidate:false|min_block:false|realign_suppress:false|realign_active:false|decision:continue'
[00:57:42] [STEP] START tab='(?i).*life.*' step=8
[00:57:47] [ROW] fingerprint='|outdoor air quality (fine dust)|outdoor air quality (fine dust)|486,724' normalized_fingerprint='|outdoor air quality fine dust|outdoor air quality fine dust' duplicate=false recent_duplicate=false distance=0 recent_semantic_duplicate=false semantic_distance=0 semantic_window_unique=6 noise=false
[00:57:47] [STEP] END tab='(?i).*life.*' step=8 elapsed=4.50s move_result='{'success': True, 'status': 'moved', 'detail': 'moved', 'raw': {'timestamp': 1775923063730, 'reqId': '6fe92e2f', 'success': True, 'status': 'moved', 'detail': 'moved', 'flags': []}}' visible='Outdoor air quality (fine dust)' speech='Outdoor air quality (fine dust)' crop='output\talkback_compare_20260412_005533\crops\i_._life._step_8_Outdoor_air_quality__fine_dust.png' timing(move=0.439s ann=3.060s get_focus=0.999s get_focus_fallback_dump=0.000s step_dump=0.000s crop=0.483s total=4.982s) focus_reason='' fallback_used=False fallback_found=False step_dump_used=False step_dump_reason='focus_payload_sufficient' req_id='8e9d175d'
[00:57:47] [STOP][eval] step=8 scenario='life_air_care_plugin' terminal=false same_like_count=0 no_progress=false scenario_type='content' is_global_nav=false after_realign=false recent_repeat=false bounded_two_card_loop=false semantic_same_like=false recent_duplicate=false recent_duplicate_distance=0 recent_semantic_duplicate=false recent_semantic_duplicate_distance=0 recent_semantic_unique_count=6 strict_duplicate=false semantic_duplicate=false repeat_class='none' loop_classification='none' hard_no_progress=false soft_no_progress=false no_progress_class='none' overlay_realign_grace_active=false min_step_gate_blocked=false realign_grace_suppressed=false repeat_stop_hit=false decision='continue' reason='none' stop_explain_version='pr7_explain_v1' stop_explain_input='step:8|move:{'success': true, 'status': 'moved', 'detail': 'moved', 'raw': {'timestamp': 1775923063730, 'reqid': '6fe92e2f', 'success': true, 'status': 'moved', 'detail': 'moved', 'flags': []}}|smart:moved|same:0|fail:0' stop_explain_repeat='recent:false|class:none|strict:false|semantic:false|loop:none|two_card:false' stop_explain_no_progress='hit:false|class:none|hard:false|soft:false' stop_explain_gate='candidate:false|min_block:false|realign_suppress:false|realign_active:false|decision:continue'
[00:57:47] [STEP] START tab='(?i).*life.*' step=9
[00:57:51] [ROW] fingerprint='|information|information|966,724' normalized_fingerprint='|information|information' duplicate=false recent_duplicate=false distance=0 recent_semantic_duplicate=false semantic_distance=0 semantic_window_unique=6 noise=false
[00:57:51] [STEP] END tab='(?i).*life.*' step=9 elapsed=4.44s move_result='{'success': True, 'status': 'moved', 'detail': 'moved', 'raw': {'timestamp': 1775923068730, 'reqId': 'c94b30d8', 'success': True, 'status': 'moved', 'detail': 'moved', 'flags': []}}' visible='Information' speech='Information' crop='output\talkback_compare_20260412_005533\crops\i_._life._step_9_Information.png' timing(move=0.449s ann=2.986s get_focus=1.008s get_focus_fallback_dump=0.000s step_dump=0.000s crop=0.486s total=4.930s) focus_reason='' fallback_used=False fallback_found=False step_dump_used=False step_dump_reason='focus_payload_sufficient' req_id='e9300411'
[00:57:51] [STOP][eval] step=9 scenario='life_air_care_plugin' terminal=false same_like_count=0 no_progress=false scenario_type='content' is_global_nav=false after_realign=false recent_repeat=false bounded_two_card_loop=false semantic_same_like=false recent_duplicate=false recent_duplicate_distance=0 recent_semantic_duplicate=false recent_semantic_duplicate_distance=0 recent_semantic_unique_count=6 strict_duplicate=false semantic_duplicate=false repeat_class='none' loop_classification='none' hard_no_progress=false soft_no_progress=false no_progress_class='none' overlay_realign_grace_active=false min_step_gate_blocked=false realign_grace_suppressed=false repeat_stop_hit=false decision='continue' reason='none' stop_explain_version='pr7_explain_v1' stop_explain_input='step:9|move:{'success': true, 'status': 'moved', 'detail': 'moved', 'raw': {'timestamp': 1775923068730, 'reqid': 'c94b30d8', 'success': true, 'status': 'moved', 'detail': 'moved', 'flags': []}}|smart:moved|same:0|fail:0' stop_explain_repeat='recent:false|class:none|strict:false|semantic:false|loop:none|two_card:false' stop_explain_no_progress='hit:false|class:none|hard:false|soft:false' stop_explain_gate='candidate:false|min_block:false|realign_suppress:false|realign_active:false|decision:continue'
[00:57:51] [RESULT] skipped anchor rows count=1
[00:57:52] [SAVE] writing sheets raw/filtered/summary/result
[00:57:52] [SAVE] filtered rows=11, raw rows=13
[00:57:52] [SAVE] saved excel: output/talkback_compare_20260412_005533.xlsx rows=13 with_images=False
[00:57:52] [STEP] START tab='(?i).*life.*' step=10
[00:57:57] [ROW] fingerprint='|previous time|previous time|120,871' normalized_fingerprint='|previous time|previous time' duplicate=false recent_duplicate=false distance=0 recent_semantic_duplicate=false semantic_distance=0 semantic_window_unique=6 noise=false
[00:57:57] [STEP] END tab='(?i).*life.*' step=10 elapsed=4.56s move_result='{'success': True, 'status': 'moved', 'detail': 'moved', 'raw': {'timestamp': 1775923073824, 'reqId': '44e399f3', 'success': True, 'status': 'moved', 'detail': 'moved', 'flags': []}}' visible='Previous time' speech='Previous time' crop='output\talkback_compare_20260412_005533\crops\i_._life._step_10_Previous_time.png' timing(move=0.476s ann=3.020s get_focus=1.062s get_focus_fallback_dump=0.000s step_dump=0.000s crop=0.507s total=5.065s) focus_reason='' fallback_used=False fallback_found=False step_dump_used=False step_dump_reason='focus_payload_sufficient' req_id='109e2b57'
[00:57:57] [STOP][eval] step=10 scenario='life_air_care_plugin' terminal=false same_like_count=0 no_progress=false scenario_type='content' is_global_nav=false after_realign=false recent_repeat=false bounded_two_card_loop=false semantic_same_like=false recent_duplicate=false recent_duplicate_distance=0 recent_semantic_duplicate=false recent_semantic_duplicate_distance=0 recent_semantic_unique_count=6 strict_duplicate=false semantic_duplicate=false repeat_class='none' loop_classification='none' hard_no_progress=false soft_no_progress=false no_progress_class='none' overlay_realign_grace_active=false min_step_gate_blocked=false realign_grace_suppressed=false repeat_stop_hit=false decision='continue' reason='none' stop_explain_version='pr7_explain_v1' stop_explain_input='step:10|move:{'success': true, 'status': 'moved', 'detail': 'moved', 'raw': {'timestamp': 1775923073824, 'reqid': '44e399f3', 'success': true, 'status': 'moved', 'detail': 'moved', 'flags': []}}|smart:moved|same:0|fail:0' stop_explain_repeat='recent:false|class:none|strict:false|semantic:false|loop:none|two_card:false' stop_explain_no_progress='hit:false|class:none|hard:false|soft:false' stop_explain_gate='candidate:false|min_block:false|realign_suppress:false|realign_active:false|decision:continue'
[00:57:57] [STOP][summary] scenario='life_air_care_plugin' stop_triggered=false stop_step=10 reason='safety_limit'
[00:57:57] [PERF][scenario_summary] scenario=life_air_care_plugin tab=(?i).*life.* total_runtime=142.2 total_steps=14 main_step_count=11 overlay_step_count=3 overlay_count=1 avg_get_focus=0.932 avg_move=0.477 avg_crop=0.491 avg_step_total=5.014 step_total_sample_count=11 avg_get_focus_main=1.014 avg_get_focus_overlay=0.632 fallback_dump_count=0 success_false_top_level_dump_attempt_count=0 success_false_top_level_dump_found_count=0 fallback_dump_rate=0.0 get_focus_strong_skip_count=14 get_focus_strong_skip_rate=100.0 step_dump_used_count=0 save_excel_count=7 realign_attempt_count=1 realign_success_count=1 realign_success_rate=100.0
[00:57:57] [RECOVER] start
[00:58:02] [RECOVER] success
[00:58:02] [SCENARIO][stabilization] scenario='life_home_care_plugin' screen_context_mode='new_screen' stabilization_mode='anchor_only'
[00:58:02] [CONTEXT] skipped reason='new_screen_mode' phase='tab_select'
[00:58:02] [TAB][select] fallback_to_legacy=True scenario='life_home_care_plugin'
[00:58:06] [TRACE][open_scenario] scenario='life_home_care_plugin' stabilization_mode='anchor_only' focus_align_attempted=True focus_align_ok=True focus_align_reason='' context_ok=False anchor_matched=False anchor_stable=False
[00:58:07] [SCENARIO][pre_nav][stabilization] phase='before_pre_navigation' attempt=1/2 life_selected=false app_bar_hits=4 visible_card_hits=0 life_root_signature_present=false navigate_up_hits=0 family_care_signature_seen=true final_score=2 ok=false pass_reason='' fail_reason='life_root_not_stable'
[00:58:07] [SCENARIO][pre_nav][stabilization][life_energy_relaxed_gate] phase='before_pre_navigation' attempt=1/2 allow_scrolltouch=true reason='life_plugin_list_likely'
[00:58:07] [SCENARIO][pre_nav] step=1 action=scrolltouch target='(?i)(^home\s*care$|home\s*care\.|\bhomecare\b|홈\s*케어)'
[00:58:08] [SCENARIO][pre_nav] before scrolltouch, scroll_to_top invoked cumulative_mode=true
[00:58:10] [SCENARIO][pre_nav] scroll_to_top result={'ok': True, 'reached_top': True, 'attempts': 1, 'reason': 'scroll_failed'}
[00:58:11] [SCENARIO][pre_nav] top_state_verify ok=false reason='top_marker_missing' scenario='life_home_care_plugin'
[00:58:14] [SCENARIO][pre_nav] top_state_verify retry=1/2 ok=false reason='top_marker_missing'
[00:58:18] [SCENARIO][pre_nav] top_state_verify retry=2/2 ok=false reason='top_marker_missing'
[00:58:20] [SCENARIO][pre_nav][scrolltouch][debug] scroll_step=1/5 visible_candidate_count=1 partial_match_count=1 exact_match_count=0 xml_fallback_attempted=true xml_fallback_reason='ok' rejections='filtered_before_candidate:20' visible_top='label='Connect Samsung home appliances and get smart care using the' rid='com.samsung.android.oneconnect:id/frameL' cls='android.widget.FrameLayout' bounds='42,1858,1038,2316'' partial_top='label='Connect Samsung home appliances and get smart care using the' rid='com.samsung.android.oneconnect:id/frameL' cls='android.widget.FrameLayout' bounds='42,1858,1038,2316'' pre_candidate_top='-' local_search_nodes=21 selected=true selected_reason='candidate_count=1'
[00:58:20] [SCENARIO][pre_nav][scrolltouch][inspect] scroll_step=1/5 samples='label='우리 집 QR code 우리 집 QR code' rid='com.samsung.android.oneconnect:id/home_button' cls='android.widget.ImageButton' visible=true clickable=true focusable=true effectiveClickable=true matched_text_node='com.samsung.android.oneconnect:id/home_button' promoted_container=false promotion_reason='none' promoted_from='' promoted_to='' stage='label_filter' reason='filtered_before_candidate' | label='우리 집, Change location 우리 집, Change location' rid='com.samsung.android.oneconnect:id/tab_title' cls='android.widget.LinearLayout' visible=true clickable=true focusable=true effectiveClickable=true matched_text_node='com.samsung.android.oneconnect:id/tab_title' promoted_container=false promotion_reason='none' promoted_from='' promoted_to='' stage='label_filter' reason='filtered_before_candidate' | label='Add Add' rid='com.samsung.android.oneconnect:id/add_menu_butto' cls='android.widget.ImageButton' visible=true clickable=true focusable=true effectiveClickable=true matched_text_node='com.samsung.android.oneconnect:id/add_menu_button' promoted_container=false promotion_reason='none' promoted_from='' promoted_to='' stage='label_filter' reason='filtered_before_candidate' | label='More options Mor'
[00:58:20] [SCENARIO][pre_nav][scrolltouch] candidate_select reason='candidate_count=1' class='android.widget.FrameLayout' resource='com.samsung.android.oneconnect:id/frameLayout' bounds='42,1858,1038,2316' visible=true label='' promoted_container=true promotion_attempted=true promotion_source='xml_live' matched_text_node='com.samsung.android.oneconnect:id/tvHeaderTitle' promotion_reason='xml_live_containment_container' promotion_candidate_count=8 promotion_debug_summary='helper:no_candidate;xml_live:candidate_count=8' promoted_from='com.samsung.android.oneconnect:id/tvHeaderTitle' promoted_to='com.samsung.android.oneconnect:id/frameLayout' selected_area=456168 text_area=161424 area_ratio=2.826 ancestor_distance=-1 tap_point='540,2087' tap_strategy='center' rank_summary_top3='com.samsung.android.oneconnect:id/frameLayout:xml_live_containment_container:ov=1000:ar=2.83:sp=5:ad=-1 | com.samsung.android.oneconnect:id/generic_view_pager:xml_live_containment_container:ov=1000:ar=2.83:sp=4:ad=-1 | c' scroll_step=1/5 cumulative_mode=true
[00:58:21] [SCENARIO][pre_nav][scrolltouch] candidate_select reason='no_local_match' fallback='helper_scrollTouch' reason_detail='local_search_exhausted' cumulative_mode=true
[00:58:44] [SCENARIO][pre_nav][scrolltouch] post_click_transition same_screen=false signal='screen_text'
[00:58:44] [SCENARIO][pre_nav] success step=1 reason='ACTION_CLICK success'
[00:58:46] [SCENARIO][pre_nav] success
[00:58:51] [ANCHOR][fallback] explicit anchor not matched, trying top content fallback
[00:58:51] [ANCHOR][fallback] selected candidate label='Always manage your home appliances optimally, Home Care constantly monitors devices that support AI diagnosis and informs you when they need cleaning, replacing, or other maintenance. Always manage your home appliances optimally, Home Care constantly monitors devices that support AI diagnosis and informs you when they need cleaning, replacing, or other maintenance.' position='top_center'
[00:58:51] [ANCHOR][plugin_fallback] using_top_start_candidate position='top_center'
[00:59:01] [CONTEXT] skipped reason='anchor_only_mode'
[00:59:01] [CONTEXT] skipped reason='anchor_only_mode'
[00:59:01] [CONTEXT] scenario='life_home_care_plugin' type='skipped' expected='' actual='' ok=True
[00:59:01] [ANCHOR][scenario_start] anchor mismatch scenario='life_home_care_plugin'
[00:59:01] [ANCHOR][scenario_start] anchor not stable scenario='life_home_care_plugin'
[00:59:07] [ANCHOR][fallback] explicit anchor not matched, trying top content fallback
[00:59:07] [ANCHOR][fallback] selected candidate label='Always manage your home appliances optimally, Home Care constantly monitors devices that support AI diagnosis and informs you when they need cleaning, replacing, or other maintenance. Always manage your home appliances optimally, Home Care constantly monitors devices that support AI diagnosis and informs you when they need cleaning, replacing, or other maintenance.' position='top_center'
[00:59:07] [ANCHOR][plugin_fallback] using_top_start_candidate position='top_center'
[00:59:16] [CONTEXT] skipped reason='anchor_only_mode'
[00:59:16] [CONTEXT] skipped reason='anchor_only_mode'
[00:59:16] [CONTEXT] scenario='life_home_care_plugin' type='skipped' expected='' actual='' ok=True
[00:59:16] [ANCHOR][scenario_start] anchor mismatch scenario='life_home_care_plugin'
[00:59:16] [ANCHOR][scenario_start] anchor not stable scenario='life_home_care_plugin'
[00:59:16] [TRACE][open_scenario] scenario='life_home_care_plugin' stabilization_mode='anchor_only' focus_align_attempted=True focus_align_ok=True focus_align_reason='' context_ok=False anchor_matched=False anchor_stable=False
[00:59:16] [ANCHOR][scenario_start] stabilization failed but proceeding with low-confidence fallback start scenario='life_home_care_plugin' source='fallback_top_center' reason='fallback_candidate_and_focus_evidence'
[00:59:16] [ANCHOR][plugin_fallback] candidate_label='Always manage your home appliances optimally, Home Care constantly monitors devices that support AI diagnosis and informs you when they need cleaning, replacing, or other maintenance. Always manage your home appliances optimally, Home Care constantly monitors devices that support AI diagnosis and informs you when they need cleaning, replacing, or other maintenance.' candidate_view_id='' reason='new_screen_evidence_confirmed'
[00:59:16] [ANCHOR][plugin_fallback] stabilized_by='post_focus_verified'
[00:59:16] [SCENARIO][start_mode] scenario='life_home_care_plugin' mode='low_confidence_fallback'
[00:59:23] [SCENARIO][special_state] detected scenario='life_home_care_plugin' entry_type='card' kind='onboarding_or_empty_state' handling='back_after_read' verify_hit=true long_intro_like=true special_hits='smartthings home care,always manage your home appliances optimally,home care constantly monitors devices,ai diagnosis,maintenance' cta_hits='start'
[00:59:25] [SCENARIO][entry_contract] handled scenario='life_home_care_plugin' entry_type='card' reason='special_state_handled' detail='onboarding_back_exit' back_status='back_sent_exit'
[00:59:25] [PERF][scenario_summary] scenario=life_home_care_plugin tab=(?i).*life.* total_runtime=82.8 total_steps=1 main_step_count=1 overlay_step_count=0 overlay_count=0 avg_get_focus=0.0 avg_move=0.0 avg_crop=0.0 avg_step_total=0.0 step_total_sample_count=0 avg_get_focus_main=0.0 avg_get_focus_overlay=0.0 fallback_dump_count=0 success_false_top_level_dump_attempt_count=0 success_false_top_level_dump_found_count=0 fallback_dump_rate=0.0 get_focus_strong_skip_count=0 get_focus_strong_skip_rate=0.0 step_dump_used_count=0 save_excel_count=0 realign_attempt_count=0 realign_success_count=0 realign_success_rate=0.0
[00:59:25] [RESULT] skipped anchor rows count=1
[00:59:25] [SAVE] writing sheets raw/filtered/summary/result
[00:59:25] [SAVE] filtered rows=13, raw rows=15
[00:59:25] [SAVE] saved excel: output/talkback_compare_20260412_005533.xlsx rows=15 with_images=False
[00:59:25] [RECOVER] start
[00:59:28] [RECOVER] success
[00:59:28] [SCENARIO][stabilization] scenario='life_energy_plugin' screen_context_mode='new_screen' stabilization_mode='anchor_only'
[00:59:28] [CONTEXT] skipped reason='new_screen_mode' phase='tab_select'
[00:59:28] [TAB][select] fallback_to_legacy=True scenario='life_energy_plugin'
[00:59:33] [TRACE][open_scenario] scenario='life_energy_plugin' stabilization_mode='anchor_only' focus_align_attempted=True focus_align_ok=True focus_align_reason='' context_ok=False anchor_matched=False anchor_stable=False
[00:59:34] [SCENARIO][pre_nav][stabilization] phase='before_pre_navigation' attempt=1/2 life_selected=false app_bar_hits=4 visible_card_hits=0 life_root_signature_present=false navigate_up_hits=0 family_care_signature_seen=true final_score=2 ok=false pass_reason='' fail_reason='life_root_not_stable'
[00:59:34] [SCENARIO][pre_nav][stabilization][life_energy_relaxed_gate] phase='before_pre_navigation' attempt=1/2 allow_scrolltouch=true reason='life_plugin_list_likely'
[00:59:34] [SCENARIO][pre_nav] step=1 action=scrolltouch target='(?i)(^energy$|energy\.|\bsmart\s*energy\b|\benergy\b)'
[00:59:35] [SCENARIO][pre_nav] before scrolltouch, scroll_to_top invoked cumulative_mode=true
[00:59:37] [SCENARIO][pre_nav] scroll_to_top result={'ok': True, 'reached_top': True, 'attempts': 1, 'reason': 'scroll_failed'}
[00:59:38] [SCENARIO][pre_nav] top_state_verify ok=false reason='top_marker_missing' scenario='life_energy_plugin'
[00:59:41] [SCENARIO][pre_nav] top_state_verify retry=1/2 ok=false reason='top_marker_missing'
[00:59:45] [SCENARIO][pre_nav] top_state_verify retry=2/2 ok=false reason='top_marker_missing'
[00:59:47] [SCENARIO][pre_nav][scrolltouch][debug] scroll_step=1/5 visible_candidate_count=1 partial_match_count=1 exact_match_count=0 xml_fallback_attempted=true xml_fallback_reason='ok' rejections='filtered_before_candidate:20' visible_top='label='Connect Samsung home appliances and get smart care using the' rid='com.samsung.android.oneconnect:id/frameL' cls='android.widget.FrameLayout' bounds='42,1858,1038,2316'' partial_top='label='Connect Samsung home appliances and get smart care using the' rid='com.samsung.android.oneconnect:id/frameL' cls='android.widget.FrameLayout' bounds='42,1858,1038,2316'' pre_candidate_top='-' local_search_nodes=21 selected=true selected_reason='candidate_count=1'
[00:59:47] [SCENARIO][pre_nav][scrolltouch][inspect] scroll_step=1/5 samples='label='우리 집 QR code 우리 집 QR code' rid='com.samsung.android.oneconnect:id/home_button' cls='android.widget.ImageButton' visible=true clickable=true focusable=true effectiveClickable=true matched_text_node='com.samsung.android.oneconnect:id/home_button' promoted_container=false promotion_reason='none' promoted_from='' promoted_to='' stage='label_filter' reason='filtered_before_candidate' | label='우리 집, Change location 우리 집, Change location' rid='com.samsung.android.oneconnect:id/tab_title' cls='android.widget.LinearLayout' visible=true clickable=true focusable=true effectiveClickable=true matched_text_node='com.samsung.android.oneconnect:id/tab_title' promoted_container=false promotion_reason='none' promoted_from='' promoted_to='' stage='label_filter' reason='filtered_before_candidate' | label='Add Add' rid='com.samsung.android.oneconnect:id/add_menu_butto' cls='android.widget.ImageButton' visible=true clickable=true focusable=true effectiveClickable=true matched_text_node='com.samsung.android.oneconnect:id/add_menu_button' promoted_container=false promotion_reason='none' promoted_from='' promoted_to='' stage='label_filter' reason='filtered_before_candidate' | label='More options Mor'
[00:59:47] [SCENARIO][pre_nav][scrolltouch] candidate_select reason='candidate_count=1' class='android.widget.FrameLayout' resource='com.samsung.android.oneconnect:id/frameLayout' bounds='42,1858,1038,2316' visible=true label='' promoted_container=true promotion_attempted=true promotion_source='xml_live' matched_text_node='com.samsung.android.oneconnect:id/tvHeaderTitle' promotion_reason='xml_live_containment_container' promotion_candidate_count=8 promotion_debug_summary='helper:no_candidate;xml_live:candidate_count=8' promoted_from='com.samsung.android.oneconnect:id/tvHeaderTitle' promoted_to='com.samsung.android.oneconnect:id/frameLayout' selected_area=456168 text_area=161424 area_ratio=2.826 ancestor_distance=-1 tap_point='540,2087' tap_strategy='center' rank_summary_top3='com.samsung.android.oneconnect:id/frameLayout:xml_live_containment_container:ov=1000:ar=2.83:sp=5:ad=-1 | com.samsung.android.oneconnect:id/generic_view_pager:xml_live_containment_container:ov=1000:ar=2.83:sp=4:ad=-1 | c' scroll_step=1/5 cumulative_mode=true
[00:59:48] [SCENARIO][pre_nav][scrolltouch] candidate_select reason='no_local_match' fallback='helper_scrollTouch' reason_detail='local_search_exhausted' cumulative_mode=true
[00:59:59] [SCENARIO][pre_nav][scrolltouch] post_click_transition same_screen=false signal='screen_text'
[00:59:59] [SCENARIO][pre_nav] success step=1 reason='ACTION_CLICK success'
[01:00:00] [SCENARIO][pre_nav] success
[01:00:04] [CONTEXT] skipped reason='anchor_only_mode'
[01:00:04] [CONTEXT] skipped reason='anchor_only_mode'
[01:00:04] [CONTEXT] scenario='life_energy_plugin' type='skipped' expected='' actual='' ok=True
[01:00:04] [CONTEXT] verification passed scenario='life_energy_plugin'
[01:00:04] [ANCHOR][scenario_start] success scenario='life_energy_plugin' selected=True matched=True stable=True context_ok=True reason='selected_and_verified'
[01:00:04] [TRACE][open_scenario] scenario='life_energy_plugin' stabilization_mode='anchor_only' focus_align_attempted=True focus_align_ok=True focus_align_reason='' context_ok=False anchor_matched=False anchor_stable=True
[01:00:06] [SCENARIO][entry_contract] success scenario='life_energy_plugin' entry_type='card' reason='success_verified' detail='plugin_open_verified'
[01:00:06] [TRACE][post_open_focus] scenario='life_energy_plugin' view_id='back' label='Navigate up' speech='Navigate up' bounds='{'l': 72, 't': 118, 'r': 144, 'b': 310, 'left': 72, 'top': 118, 'right': 144, 'bottom': 310}' source='top_level' top_level=True
[01:00:11] [TRACE][anchor_row] scenario='life_energy_plugin' step=0 view_id='back' visible='Navigate up' speech='Navigate up' normalized_visible='navigate up' is_global_nav=False
[01:00:12] [ROW] fingerprint='back|navigate up|navigate up|108,214' normalized_fingerprint='back|navigate up|navigate up' duplicate=false recent_duplicate=false distance=0 recent_semantic_duplicate=false semantic_distance=0 semantic_window_unique=1 noise=false
[01:00:12] [RESULT] skipped anchor rows count=2
[01:00:12] [SAVE] writing sheets raw/filtered/summary/result
[01:00:12] [SAVE] filtered rows=14, raw rows=16
[01:00:12] [SAVE] saved excel: output/talkback_compare_20260412_005533.xlsx rows=16 with_images=False
[01:00:12] [STEP] START tab='(?i).*life.*' step=1
[01:00:17] [ROW] fingerprint='|energy|energy|552,214' normalized_fingerprint='|energy|energy' duplicate=false recent_duplicate=false distance=0 recent_semantic_duplicate=false semantic_distance=0 semantic_window_unique=2 noise=false
[01:00:17] [STEP] END tab='(?i).*life.*' step=1 elapsed=4.45s move_result='{'success': True, 'status': 'moved', 'detail': 'moved', 'raw': {'timestamp': 1775923214119, 'reqId': 'a99959fc', 'success': True, 'status': 'moved', 'detail': 'moved', 'flags': []}}' visible='Energy' speech='Energy' crop='output\talkback_compare_20260412_005533\crops\i_._life._step_1_Energy.png' timing(move=0.404s ann=3.042s get_focus=1.005s get_focus_fallback_dump=0.000s step_dump=0.000s crop=0.495s total=4.946s) focus_reason='' fallback_used=False fallback_found=False step_dump_used=False step_dump_reason='focus_payload_sufficient' req_id='b7eb5e0e'
[01:00:17] [STOP][eval] step=1 scenario='life_energy_plugin' terminal=false same_like_count=0 no_progress=false scenario_type='content' is_global_nav=false after_realign=false recent_repeat=false bounded_two_card_loop=false semantic_same_like=false recent_duplicate=false recent_duplicate_distance=0 recent_semantic_duplicate=false recent_semantic_duplicate_distance=0 recent_semantic_unique_count=2 strict_duplicate=false semantic_duplicate=false repeat_class='none' loop_classification='none' hard_no_progress=false soft_no_progress=false no_progress_class='none' overlay_realign_grace_active=false min_step_gate_blocked=false realign_grace_suppressed=false repeat_stop_hit=false decision='continue' reason='none' stop_explain_version='pr7_explain_v1' stop_explain_input='step:1|move:{'success': true, 'status': 'moved', 'detail': 'moved', 'raw': {'timestamp': 1775923214119, 'reqid': 'a99959fc', 'success': true, 'status': 'moved', 'detail': 'moved', 'flags': []}}|smart:moved|same:0|fail:0' stop_explain_repeat='recent:false|class:none|strict:false|semantic:false|loop:none|two_card:false' stop_explain_no_progress='hit:false|class:none|hard:false|soft:false' stop_explain_gate='candidate:false|min_block:false|realign_suppress:false|realign_active:false|decision:continue'
[01:00:17] [STEP] START tab='(?i).*life.*' step=2
[01:00:22] [ROW] fingerprint='more|more options|more options|972,214' normalized_fingerprint='more|more options|more options' duplicate=false recent_duplicate=false distance=0 recent_semantic_duplicate=false semantic_distance=0 semantic_window_unique=3 noise=false
[01:00:22] [STEP] END tab='(?i).*life.*' step=2 elapsed=4.32s move_result='{'success': True, 'status': 'moved', 'detail': 'moved', 'raw': {'timestamp': 1775923219083, 'reqId': '21b753e7', 'success': True, 'status': 'moved', 'detail': 'moved', 'flags': []}}' visible='More options' speech='More options' crop='output\talkback_compare_20260412_005533\crops\i_._life._step_2_More_options.png' timing(move=0.443s ann=2.895s get_focus=0.982s get_focus_fallback_dump=0.000s step_dump=0.000s crop=0.466s total=4.788s) focus_reason='' fallback_used=False fallback_found=False step_dump_used=False step_dump_reason='focus_payload_sufficient' req_id='6bb429f6'
[01:00:22] [STOP][eval] step=2 scenario='life_energy_plugin' terminal=false same_like_count=0 no_progress=false scenario_type='content' is_global_nav=false after_realign=false recent_repeat=false bounded_two_card_loop=false semantic_same_like=false recent_duplicate=false recent_duplicate_distance=0 recent_semantic_duplicate=false recent_semantic_duplicate_distance=0 recent_semantic_unique_count=3 strict_duplicate=false semantic_duplicate=false repeat_class='none' loop_classification='none' hard_no_progress=false soft_no_progress=false no_progress_class='none' overlay_realign_grace_active=false min_step_gate_blocked=false realign_grace_suppressed=false repeat_stop_hit=false decision='continue' reason='none' stop_explain_version='pr7_explain_v1' stop_explain_input='step:2|move:{'success': true, 'status': 'moved', 'detail': 'moved', 'raw': {'timestamp': 1775923219083, 'reqid': '21b753e7', 'success': true, 'status': 'moved', 'detail': 'moved', 'flags': []}}|smart:moved|same:0|fail:0' stop_explain_repeat='recent:false|class:none|strict:false|semantic:false|loop:none|two_card:false' stop_explain_no_progress='hit:false|class:none|hard:false|soft:false' stop_explain_gate='candidate:false|min_block:false|realign_suppress:false|realign_active:false|decision:continue'
[01:00:22] [OVERLAY] candidate matched scenario='life_energy_plugin' tab='(?i).*life.*' step=2 view_id='more' label='More options' reason='matched_scenario_policy'
[01:00:32] [OVERLAY] post_click classification='overlay' scenario='life_energy_plugin' tab='(?i).*life.*' entry_view_id='more' entry_label='More options' post_view_id='addToHomeScreen' post_label='Add to Home screen'
[01:00:44] [RESULT] skipped anchor rows count=2
[01:00:44] [SAVE] writing sheets raw/filtered/summary/result
[01:00:44] [SAVE] filtered rows=19, raw rows=21
[01:00:44] [SAVE] saved excel: output/talkback_compare_20260412_005533.xlsx rows=21 with_images=False
[01:00:57] [OVERLAY][repeat] same_focus_detected=true step=6 view_id='moreInformation' bounds='396,820,1053,970' normalized_visible_label='information' move_result=''
[01:00:57] [OVERLAY][break] reason='same_overlay_fingerprint' step=6
[01:00:57] [RESULT] skipped anchor rows count=2
[01:00:57] [SAVE] writing sheets raw/filtered/summary/result
[01:00:57] [SAVE] filtered rows=21, raw rows=23
[01:00:57] [SAVE] saved excel: output/talkback_compare_20260412_005533.xlsx rows=23 with_images=False
[01:01:00] [RESULT] skipped anchor rows count=2
[01:01:00] [SAVE] writing sheets raw/filtered/summary/result
[01:01:00] [SAVE] filtered rows=21, raw rows=23
[01:01:01] [SAVE] saved excel: output/talkback_compare_20260412_005533.xlsx rows=23 with_images=False
[01:01:03] [OVERLAY] realign status='realign_entry_reached' entry_reached=True steps_taken=2 match_by='view_id'
[01:01:09] [CONTEXT] skipped reason='anchor_only_mode'
[01:01:09] [CONTEXT] skipped reason='anchor_only_mode'
[01:01:09] [CONTEXT] scenario='life_energy_plugin' type='skipped' expected='' actual='' ok=True
[01:01:09] [CONTEXT] verification passed scenario='life_energy_plugin'
[01:01:09] [ANCHOR][overlay_realign] success scenario='life_energy_plugin' selected=True matched=True stable=True context_ok=True reason='selected_and_verified'
[01:01:09] [ANCHOR][overlay_realign] success scenario='life_energy_plugin' reason='overlay_realign_verified'
[01:01:09] [STEP] START tab='(?i).*life.*' step=3
[01:01:14] [ROW] fingerprint='|energy|energy|552,214' normalized_fingerprint='|energy|energy' duplicate=false recent_duplicate=true distance=2 recent_semantic_duplicate=true semantic_distance=2 semantic_window_unique=3 noise=false
[01:01:14] [STEP] END tab='(?i).*life.*' step=3 elapsed=4.51s move_result='{'success': True, 'status': 'moved', 'detail': 'moved', 'raw': {'timestamp': 1775923271376, 'reqId': '8472cfcd', 'success': True, 'status': 'moved', 'detail': 'moved', 'flags': []}}' visible='Energy' speech='Energy' crop='output\talkback_compare_20260412_005533\crops\i_._life._step_3_Energy.png' timing(move=0.476s ann=3.029s get_focus=1.006s get_focus_fallback_dump=0.000s step_dump=0.000s crop=0.489s total=5.000s) focus_reason='' fallback_used=False fallback_found=False step_dump_used=False step_dump_reason='focus_payload_sufficient' req_id='b1219507'
[01:01:14] [STOP][eval] step=3 scenario='life_energy_plugin' terminal=false same_like_count=0 no_progress=false scenario_type='content' is_global_nav=false after_realign=true recent_repeat=false bounded_two_card_loop=false semantic_same_like=false recent_duplicate=true recent_duplicate_distance=2 recent_semantic_duplicate=true recent_semantic_duplicate_distance=2 recent_semantic_unique_count=3 strict_duplicate=false semantic_duplicate=false repeat_class='none' loop_classification='none' hard_no_progress=false soft_no_progress=false no_progress_class='none' overlay_realign_grace_active=false min_step_gate_blocked=false realign_grace_suppressed=false repeat_stop_hit=false decision='continue' reason='none' stop_explain_version='pr7_explain_v1' stop_explain_input='step:3|move:{'success': true, 'status': 'moved', 'detail': 'moved', 'raw': {'timestamp': 1775923271376, 'reqid': '8472cfcd', 'success': true, 'status': 'moved', 'detail': 'moved', 'flags': []}}|smart:moved|same:0|fail:0' stop_explain_repeat='recent:false|class:none|strict:false|semantic:false|loop:none|two_card:false' stop_explain_no_progress='hit:false|class:none|hard:false|soft:false' stop_explain_gate='candidate:false|min_block:false|realign_suppress:false|realign_active:false|decision:continue'
[01:01:14] [RESULT] skipped anchor rows count=2
[01:01:14] [SAVE] writing sheets raw/filtered/summary/result
[01:01:14] [SAVE] filtered rows=21, raw rows=24
[01:01:14] [SAVE] saved excel: output/talkback_compare_20260412_005533.xlsx rows=24 with_images=False
[01:01:14] [STEP] START tab='(?i).*life.*' step=4
[01:01:19] [ROW] fingerprint='more|more options|more options|972,214' normalized_fingerprint='more|more options|more options' duplicate=false recent_duplicate=true distance=2 recent_semantic_duplicate=true semantic_distance=2 semantic_window_unique=3 noise=false
[01:01:19] [STEP] END tab='(?i).*life.*' step=4 elapsed=4.60s move_result='{'success': True, 'status': 'moved', 'detail': 'moved', 'raw': {'timestamp': 1775923276578, 'reqId': '8d19ea7b', 'success': True, 'status': 'moved', 'detail': 'moved', 'flags': []}}' visible='More options' speech='More options' crop='output\talkback_compare_20260412_005533\crops\i_._life._step_4_More_options.png' timing(move=0.507s ann=3.079s get_focus=1.013s get_focus_fallback_dump=0.000s step_dump=0.000s crop=0.475s total=5.074s) focus_reason='' fallback_used=False fallback_found=False step_dump_used=False step_dump_reason='focus_payload_sufficient' req_id='c55bf1e5'
[01:01:19] [STOP][eval] step=4 scenario='life_energy_plugin' terminal=false same_like_count=0 no_progress=false scenario_type='content' is_global_nav=false after_realign=false recent_repeat=false bounded_two_card_loop=false semantic_same_like=false recent_duplicate=true recent_duplicate_distance=2 recent_semantic_duplicate=true recent_semantic_duplicate_distance=2 recent_semantic_unique_count=3 strict_duplicate=false semantic_duplicate=false repeat_class='none' loop_classification='none' hard_no_progress=false soft_no_progress=false no_progress_class='none' overlay_realign_grace_active=false min_step_gate_blocked=false realign_grace_suppressed=false repeat_stop_hit=false decision='continue' reason='none' stop_explain_version='pr7_explain_v1' stop_explain_input='step:4|move:{'success': true, 'status': 'moved', 'detail': 'moved', 'raw': {'timestamp': 1775923276578, 'reqid': '8d19ea7b', 'success': true, 'status': 'moved', 'detail': 'moved', 'flags': []}}|smart:moved|same:0|fail:0' stop_explain_repeat='recent:false|class:none|strict:false|semantic:false|loop:none|two_card:false' stop_explain_no_progress='hit:false|class:none|hard:false|soft:false' stop_explain_gate='candidate:false|min_block:false|realign_suppress:false|realign_active:false|decision:continue'
[01:01:19] [OVERLAY] skip already expanded entry fingerprint='(?i).*life.*|more|more options'
[01:01:19] [STEP] START tab='(?i).*life.*' step=5
[01:01:25] [ROW] fingerprint='|save energy with ai energy mode and earn reward points|save energy with ai energy mode and earn reward points|642,461' normalized_fingerprint='|save energy with ai energy mode and earn reward points|save energy with ai energy mode and earn reward points' duplicate=false recent_duplicate=false distance=0 recent_semantic_duplicate=false semantic_distance=0 semantic_window_unique=4 noise=false
[01:01:25] [STEP] END tab='(?i).*life.*' step=5 elapsed=4.61s move_result='{'success': True, 'status': 'moved', 'detail': 'moved', 'raw': {'timestamp': 1775923281635, 'reqId': '88c6b0ad', 'success': True, 'status': 'moved', 'detail': 'moved', 'flags': []}}' visible='Save energy with AI Energy Mode and earn reward points' speech='Save energy with AI Energy Mode and earn reward points' crop='output\talkback_compare_20260412_005533\crops\i_._life._step_5_Save_energy_with_AI_Energy_Mode_and_earn.png' timing(move=0.493s ann=3.073s get_focus=1.039s get_focus_fallback_dump=0.000s step_dump=0.000s crop=0.507s total=5.113s) focus_reason='' fallback_used=False fallback_found=False step_dump_used=False step_dump_reason='focus_payload_sufficient' req_id='0a4e533e'
[01:01:25] [STOP][eval] step=5 scenario='life_energy_plugin' terminal=false same_like_count=0 no_progress=false scenario_type='content' is_global_nav=false after_realign=false recent_repeat=false bounded_two_card_loop=false semantic_same_like=false recent_duplicate=false recent_duplicate_distance=0 recent_semantic_duplicate=false recent_semantic_duplicate_distance=0 recent_semantic_unique_count=4 strict_duplicate=false semantic_duplicate=false repeat_class='none' loop_classification='none' hard_no_progress=false soft_no_progress=false no_progress_class='none' overlay_realign_grace_active=false min_step_gate_blocked=false realign_grace_suppressed=false repeat_stop_hit=false decision='continue' reason='none' stop_explain_version='pr7_explain_v1' stop_explain_input='step:5|move:{'success': true, 'status': 'moved', 'detail': 'moved', 'raw': {'timestamp': 1775923281635, 'reqid': '88c6b0ad', 'success': true, 'status': 'moved', 'detail': 'moved', 'flags': []}}|smart:moved|same:0|fail:0' stop_explain_repeat='recent:false|class:none|strict:false|semantic:false|loop:none|two_card:false' stop_explain_no_progress='hit:false|class:none|hard:false|soft:false' stop_explain_gate='candidate:false|min_block:false|realign_suppress:false|realign_active:false|decision:continue'
[01:01:25] [STEP] START tab='(?i).*life.*' step=6
[01:01:30] [ROW] fingerprint='|dismiss|dismiss|648,629' normalized_fingerprint='|dismiss|dismiss' duplicate=false recent_duplicate=false distance=0 recent_semantic_duplicate=false semantic_distance=0 semantic_window_unique=4 noise=false
[01:01:30] [STEP] END tab='(?i).*life.*' step=6 elapsed=4.51s move_result='{'success': True, 'status': 'moved', 'detail': 'moved', 'raw': {'timestamp': 1775923286734, 'reqId': 'cbb132ba', 'success': True, 'status': 'moved', 'detail': 'moved', 'flags': []}}' visible='Dismiss' speech='Dismiss' crop='output\talkback_compare_20260412_005533\crops\i_._life._step_6_Dismiss.png' timing(move=0.454s ann=3.042s get_focus=1.017s get_focus_fallback_dump=0.000s step_dump=0.000s crop=0.504s total=5.018s) focus_reason='' fallback_used=False fallback_found=False step_dump_used=False step_dump_reason='focus_payload_sufficient' req_id='f4903567'
[01:01:30] [STOP][eval] step=6 scenario='life_energy_plugin' terminal=false same_like_count=0 no_progress=false scenario_type='content' is_global_nav=false after_realign=false recent_repeat=false bounded_two_card_loop=false semantic_same_like=false recent_duplicate=false recent_duplicate_distance=0 recent_semantic_duplicate=false recent_semantic_duplicate_distance=0 recent_semantic_unique_count=4 strict_duplicate=false semantic_duplicate=false repeat_class='none' loop_classification='none' hard_no_progress=false soft_no_progress=false no_progress_class='none' overlay_realign_grace_active=false min_step_gate_blocked=false realign_grace_suppressed=false repeat_stop_hit=false decision='continue' reason='none' stop_explain_version='pr7_explain_v1' stop_explain_input='step:6|move:{'success': true, 'status': 'moved', 'detail': 'moved', 'raw': {'timestamp': 1775923286734, 'reqid': 'cbb132ba', 'success': true, 'status': 'moved', 'detail': 'moved', 'flags': []}}|smart:moved|same:0|fail:0' stop_explain_repeat='recent:false|class:none|strict:false|semantic:false|loop:none|two_card:false' stop_explain_no_progress='hit:false|class:none|hard:false|soft:false' stop_explain_gate='candidate:false|min_block:false|realign_suppress:false|realign_active:false|decision:continue'
[01:01:30] [RESULT] skipped anchor rows count=2
[01:01:30] [SAVE] writing sheets raw/filtered/summary/result
[01:01:30] [SAVE] filtered rows=23, raw rows=27
[01:01:30] [SAVE] saved excel: output/talkback_compare_20260412_005533.xlsx rows=27 with_images=False
[01:01:30] [STEP] START tab='(?i).*life.*' step=7
[01:01:35] [ROW] fingerprint='|more|more|876,629' normalized_fingerprint='|more|more' duplicate=false recent_duplicate=false distance=0 recent_semantic_duplicate=false semantic_distance=0 semantic_window_unique=5 noise=false
[01:01:35] [STEP] END tab='(?i).*life.*' step=7 elapsed=4.51s move_result='{'success': True, 'status': 'moved', 'detail': 'moved', 'raw': {'timestamp': 1775923291904, 'reqId': '2a2fc32f', 'success': True, 'status': 'moved', 'detail': 'moved', 'flags': []}}' visible='More' speech='More' crop='output\talkback_compare_20260412_005533\crops\i_._life._step_7_More.png' timing(move=0.419s ann=3.074s get_focus=1.019s get_focus_fallback_dump=0.000s step_dump=0.000s crop=0.487s total=5.000s) focus_reason='' fallback_used=False fallback_found=False step_dump_used=False step_dump_reason='focus_payload_sufficient' req_id='dd697140'
[01:01:35] [STOP][eval] step=7 scenario='life_energy_plugin' terminal=false same_like_count=0 no_progress=false scenario_type='content' is_global_nav=false after_realign=false recent_repeat=false bounded_two_card_loop=false semantic_same_like=false recent_duplicate=false recent_duplicate_distance=0 recent_semantic_duplicate=false recent_semantic_duplicate_distance=0 recent_semantic_unique_count=5 strict_duplicate=false semantic_duplicate=false repeat_class='none' loop_classification='none' hard_no_progress=false soft_no_progress=false no_progress_class='none' overlay_realign_grace_active=false min_step_gate_blocked=false realign_grace_suppressed=false repeat_stop_hit=false decision='continue' reason='none' stop_explain_version='pr7_explain_v1' stop_explain_input='step:7|move:{'success': true, 'status': 'moved', 'detail': 'moved', 'raw': {'timestamp': 1775923291904, 'reqid': '2a2fc32f', 'success': true, 'status': 'moved', 'detail': 'moved', 'flags': []}}|smart:moved|same:0|fail:0' stop_explain_repeat='recent:false|class:none|strict:false|semantic:false|loop:none|two_card:false' stop_explain_no_progress='hit:false|class:none|hard:false|soft:false' stop_explain_gate='candidate:false|min_block:false|realign_suppress:false|realign_active:false|decision:continue'
[01:01:35] [STEP] START tab='(?i).*life.*' step=8
[01:01:39] [ROW] fingerprint='|device energy usage loading… loading… usage no data savings 0 watt-hours|device energy usage loading… loading… usage no data savings 0 watt-hours|540,1331' normalized_fingerprint='|device energy usage loading loading usage no data savings 0 watt hours|device energy usage loading loading usage no data savings 0 watt hours' duplicate=false recent_duplicate=false distance=0 recent_semantic_duplicate=false semantic_distance=0 semantic_window_unique=6 noise=false
[01:01:39] [STEP] END tab='(?i).*life.*' step=8 elapsed=4.21s move_result='{'success': True, 'status': 'moved', 'detail': 'moved', 'raw': {'timestamp': 1775923296936, 'reqId': 'b30b293b', 'success': True, 'status': 'moved', 'detail': 'moved', 'flags': []}}' visible='Device energy usage, Loading… Loading… Usage No data Savings 0 watt-hours' speech='Device energy usage, Loading… Loading… Usage No data Savings 0 watt-hours' crop='output\talkback_compare_20260412_005533\crops\i_._life._step_8_Device_energy_usage__Loading__Loading__U.png' timing(move=0.461s ann=2.745s get_focus=1.002s get_focus_fallback_dump=0.000s step_dump=0.000s crop=0.508s total=4.717s) focus_reason='' fallback_used=False fallback_found=False step_dump_used=False step_dump_reason='focus_payload_sufficient' req_id='26234b0b'
[01:01:39] [STOP][eval] step=8 scenario='life_energy_plugin' terminal=false same_like_count=0 no_progress=false scenario_type='content' is_global_nav=false after_realign=false recent_repeat=false bounded_two_card_loop=false semantic_same_like=false recent_duplicate=false recent_duplicate_distance=0 recent_semantic_duplicate=false recent_semantic_duplicate_distance=0 recent_semantic_unique_count=6 strict_duplicate=false semantic_duplicate=false repeat_class='none' loop_classification='none' hard_no_progress=false soft_no_progress=false no_progress_class='none' overlay_realign_grace_active=false min_step_gate_blocked=false realign_grace_suppressed=false repeat_stop_hit=false decision='continue' reason='none' stop_explain_version='pr7_explain_v1' stop_explain_input='step:8|move:{'success': true, 'status': 'moved', 'detail': 'moved', 'raw': {'timestamp': 1775923296936, 'reqid': 'b30b293b', 'success': true, 'status': 'moved', 'detail': 'moved', 'flags': []}}|smart:moved|same:0|fail:0' stop_explain_repeat='recent:false|class:none|strict:false|semantic:false|loop:none|two_card:false' stop_explain_no_progress='hit:false|class:none|hard:false|soft:false' stop_explain_gate='candidate:false|min_block:false|realign_suppress:false|realign_active:false|decision:continue'
[01:01:39] [STEP] START tab='(?i).*life.*' step=9
[01:01:45] [ROW] fingerprint='|carbon emissions aware current carbon intensity 403 grams per kilowatt-hours car|carbon emissions aware current carbon intensity 403 grams per kilowatt-hours car|540,1850' normalized_fingerprint='|carbon emissions aware current carbon intensity 403 grams per kilowatt hours carbon emissions are relatively low during |carbon emissions aware current carbon intensity 403 grams per kilowatt hours carbon emissions are relatively low during ' duplicate=false recent_duplicate=false distance=0 recent_semantic_duplicate=false semantic_distance=0 semantic_window_unique=6 noise=false
[01:01:45] [STEP] END tab='(?i).*life.*' step=9 elapsed=5.20s move_result='{'success': True, 'status': 'moved', 'detail': 'moved', 'raw': {'timestamp': 1775923302438, 'reqId': '6282635b', 'success': True, 'status': 'moved', 'detail': 'moved', 'flags': []}}' visible='Carbon emissions aware, Current carbon intensity 403 grams per kilowatt-hours Carbon emissions are relatively low during this time of day.' speech='Carbon emissions aware, Current carbon intensity 403 grams per kilowatt-hours Carbon emissions are relatively low during this time of day.' crop='output\talkback_compare_20260412_005533\crops\i_._life._step_9_Carbon_emissions_aware__Current_carbon_i.png' timing(move=1.254s ann=2.940s get_focus=1.001s get_focus_fallback_dump=0.000s step_dump=0.000s crop=0.506s total=5.702s) focus_reason='' fallback_used=False fallback_found=False step_dump_used=False step_dump_reason='focus_payload_sufficient' req_id='fd5568ca'
[01:01:45] [STOP][eval] step=9 scenario='life_energy_plugin' terminal=false same_like_count=0 no_progress=false scenario_type='content' is_global_nav=false after_realign=false recent_repeat=false bounded_two_card_loop=false semantic_same_like=false recent_duplicate=false recent_duplicate_distance=0 recent_semantic_duplicate=false recent_semantic_duplicate_distance=0 recent_semantic_unique_count=6 strict_duplicate=false semantic_duplicate=false repeat_class='none' loop_classification='none' hard_no_progress=false soft_no_progress=false no_progress_class='none' overlay_realign_grace_active=false min_step_gate_blocked=false realign_grace_suppressed=false repeat_stop_hit=false decision='continue' reason='none' stop_explain_version='pr7_explain_v1' stop_explain_input='step:9|move:{'success': true, 'status': 'moved', 'detail': 'moved', 'raw': {'timestamp': 1775923302438, 'reqid': '6282635b', 'success': true, 'status': 'moved', 'detail': 'moved', 'flags': []}}|smart:moved|same:0|fail:0' stop_explain_repeat='recent:false|class:none|strict:false|semantic:false|loop:none|two_card:false' stop_explain_no_progress='hit:false|class:none|hard:false|soft:false' stop_explain_gate='candidate:false|min_block:false|realign_suppress:false|realign_active:false|decision:continue'
[01:01:45] [RESULT] skipped anchor rows count=2
[01:01:45] [SAVE] writing sheets raw/filtered/summary/result
[01:01:45] [SAVE] filtered rows=26, raw rows=30
[01:01:45] [SAVE] saved excel: output/talkback_compare_20260412_005533.xlsx rows=30 with_images=False
[01:01:45] [STEP] START tab='(?i).*life.*' step=10
[01:01:50] [ROW] fingerprint='title-help-icon|carbon emissions aware information|carbon emissions aware information|870,1700' normalized_fingerprint='title help icon|carbon emissions aware information|carbon emissions aware information' duplicate=false recent_duplicate=false distance=0 recent_semantic_duplicate=false semantic_distance=0 semantic_window_unique=6 noise=false
[01:01:50] [STEP] END tab='(?i).*life.*' step=10 elapsed=4.45s move_result='{'success': True, 'status': 'moved', 'detail': 'moved', 'raw': {'timestamp': 1775923307539, 'reqId': 'f8bdae77', 'success': True, 'status': 'moved', 'detail': 'moved', 'flags': []}}' visible='Carbon emissions aware Information' speech='Carbon emissions aware Information' crop='output\talkback_compare_20260412_005533\crops\i_._life._step_10_Carbon_emissions_aware_Information.png' timing(move=0.425s ann=3.019s get_focus=1.003s get_focus_fallback_dump=0.000s step_dump=0.000s crop=0.481s total=4.929s) focus_reason='' fallback_used=False fallback_found=False step_dump_used=False step_dump_reason='focus_payload_sufficient' req_id='c42c72ce'
[01:01:50] [STOP][eval] step=10 scenario='life_energy_plugin' terminal=false same_like_count=0 no_progress=false scenario_type='content' is_global_nav=false after_realign=false recent_repeat=false bounded_two_card_loop=false semantic_same_like=false recent_duplicate=false recent_duplicate_distance=0 recent_semantic_duplicate=false recent_semantic_duplicate_distance=0 recent_semantic_unique_count=6 strict_duplicate=false semantic_duplicate=false repeat_class='none' loop_classification='none' hard_no_progress=false soft_no_progress=false no_progress_class='none' overlay_realign_grace_active=false min_step_gate_blocked=false realign_grace_suppressed=false repeat_stop_hit=false decision='continue' reason='none' stop_explain_version='pr7_explain_v1' stop_explain_input='step:10|move:{'success': true, 'status': 'moved', 'detail': 'moved', 'raw': {'timestamp': 1775923307539, 'reqid': 'f8bdae77', 'success': true, 'status': 'moved', 'detail': 'moved', 'flags': []}}|smart:moved|same:0|fail:0' stop_explain_repeat='recent:false|class:none|strict:false|semantic:false|loop:none|two_card:false' stop_explain_no_progress='hit:false|class:none|hard:false|soft:false' stop_explain_gate='candidate:false|min_block:false|realign_suppress:false|realign_active:false|decision:continue'
[01:01:50] [STOP][summary] scenario='life_energy_plugin' stop_triggered=false stop_step=10 reason='safety_limit'
[01:01:50] [PERF][scenario_summary] scenario=life_energy_plugin tab=(?i).*life.* total_runtime=141.8 total_steps=16 main_step_count=11 overlay_step_count=5 overlay_count=1 avg_get_focus=0.906 avg_move=0.496 avg_crop=0.492 avg_step_total=5.01 step_total_sample_count=11 avg_get_focus_main=1.009 avg_get_focus_overlay=0.678 fallback_dump_count=0 success_false_top_level_dump_attempt_count=0 success_false_top_level_dump_found_count=0 fallback_dump_rate=0.0 get_focus_strong_skip_count=16 get_focus_strong_skip_rate=100.0 step_dump_used_count=0 save_excel_count=7 realign_attempt_count=1 realign_success_count=1 realign_success_rate=100.0
[01:01:50] [MAIN] skip disabled scenario_id='devices_main' tab='(?i).*devices.*'
[01:01:50] [MAIN] skip disabled scenario_id='life_main' tab='(?i).*life.*'
[01:01:50] [MAIN] skip disabled scenario_id='routines_main' tab='(?i).*routines.*'
[01:01:50] [MAIN] skip disabled scenario_id='menu_main' tab='(?i).*(menu|more).*'
[01:01:50] [MAIN] skip disabled scenario_id='settings_entry_example' tab='(?i).*menu.*'
[01:01:50] [RECOVER] start
[01:01:56] [RECOVER] success
[01:01:56] [SCENARIO][stabilization] scenario='life_pet_care_example' screen_context_mode='new_screen' stabilization_mode='anchor_only'
[01:01:56] [CONTEXT] skipped reason='new_screen_mode' phase='tab_select'
[01:01:56] [TAB][select] fallback_to_legacy=True scenario='life_pet_care_example'
[01:02:00] [TRACE][open_scenario] scenario='life_pet_care_example' stabilization_mode='anchor_only' focus_align_attempted=True focus_align_ok=True focus_align_reason='' context_ok=False anchor_matched=False anchor_stable=False
[01:02:01] [SCENARIO][pre_nav] step=1 action=select target='(?i).*pet\s*care.*|.*펫\s*케어.*'
[01:02:02] [SCENARIO][pre_nav] success step=1 reason='ACTION_ACCESSIBILITY_FOCUS success'
[01:02:03] [SCENARIO][pre_nav] success
[01:02:03] [ANCHOR][fallback] explicit anchor not matched, trying top content fallback
[01:02:03] [ANCHOR][fallback] selected candidate label='안 창준 (Me)
No activity Picture 안 창준 (Me) 안 창준 (Me) No activity No activity 안 창준 (Me)
No activity Picture 안 창준 (Me) 안 창준 (Me) No activity No activity' position='top_center'
[01:02:03] [ANCHOR][plugin_fallback] using_top_start_candidate position='top_center'
[01:02:07] [CONTEXT] skipped reason='anchor_only_mode'
[01:02:07] [CONTEXT] skipped reason='anchor_only_mode'
[01:02:07] [CONTEXT] scenario='life_pet_care_example' type='skipped' expected='' actual='' ok=True
[01:02:07] [CONTEXT] verification passed scenario='life_pet_care_example'
[01:02:07] [ANCHOR][scenario_start] success scenario='life_pet_care_example' selected=True matched=True stable=True context_ok=True reason='selected_and_verified'
[01:02:07] [ANCHOR][plugin_fallback] stabilized_by='selected'
[01:02:07] [TRACE][open_scenario] scenario='life_pet_care_example' stabilization_mode='anchor_only' focus_align_attempted=True focus_align_ok=True focus_align_reason='' context_ok=False anchor_matched=False anchor_stable=True
[01:02:10] [SCENARIO][entry_contract] failed scenario='life_pet_care_example' entry_type='direct_select' reason='wrong_open' detail='post_open_negative_verify_token'
[01:02:10] [PERF][scenario_summary] scenario=life_pet_care_example tab=(?i).*life.* total_runtime=14.4 total_steps=1 main_step_count=1 overlay_step_count=0 overlay_count=0 avg_get_focus=0.0 avg_move=0.0 avg_crop=0.0 avg_step_total=0.0 step_total_sample_count=0 avg_get_focus_main=0.0 avg_get_focus_overlay=0.0 fallback_dump_count=0 success_false_top_level_dump_attempt_count=0 success_false_top_level_dump_found_count=0 fallback_dump_rate=0.0 get_focus_strong_skip_count=0 get_focus_strong_skip_rate=0.0 step_dump_used_count=0 save_excel_count=0 realign_attempt_count=0 realign_success_count=0 realign_success_rate=0.0
[01:02:10] [RESULT] skipped anchor rows count=2
[01:02:10] [SAVE] writing sheets raw/filtered/summary/result
[01:02:10] [SAVE] filtered rows=28, raw rows=32
[01:02:10] [SAVE] saved excel: output/talkback_compare_20260412_005533.xlsx rows=32 with_images=False
[01:02:10] [RESULT] skipped anchor rows count=2
[01:02:10] [SAVE] writing sheets raw/filtered/summary/result
[01:02:10] [SAVE] filtered rows=28, raw rows=32
[01:02:11] [SAVE] saved excel: output/talkback_compare_20260412_005533.xlsx rows=32 with_images=True
[01:02:11] [MAIN] final save complete
[01:02:11] [PERF][run_summary] total_runtime=396.4 total_scenarios=4 total_steps=32 total_overlay_count=2 avg_get_focus=0.861 avg_move=0.457 fallback_dump_count=0 success_false_top_level_dump_attempt_count=0 success_false_top_level_dump_found_count=0 fallback_dump_rate=0.0 get_focus_strong_skip_rate=93.8 realign_success_rate=100.0 save_excel_count=17
