[07:55:27] [SAVE][temp] override tmp='D:\Python test\talkback-a11y-helper\output\.tmp' temp='D:\Python test\talkback-a11y-helper\output\.tmp' applied=true
[07:55:27] [MAIN] script start (version=1.7.99, log_level=DEBUG)
[07:55:35] [PREFLIGHT] talkback status='enabled'
[07:55:35] [MAIN] output file: output/talkback_compare_20260420_075527.xlsx
[07:55:35] [MAIN] image dir base: output\talkback_compare_20260420_075527
[07:55:35] [CONFIG] runtime config loaded path='config\runtime_config.json'
[07:55:35] [GLOBAL_NAV][guard] forcing stabilization_mode='tab_context' scenario='global_nav_main' requested='anchor_then_context'
[07:55:35] [CONFIG] scenario resolved scenario='global_nav_main' group='main_tabs' max_steps=10 enabled=False
[07:55:35] [CONFIG] applied shared_navigation='default_global_nav'
[07:55:35] [CONFIG] scenario enabled scenario='global_nav_main' source='runtime' enabled=False base_enabled=False
[07:55:35] [CONFIG] scenario resolved scenario='home_main' group='main_tabs' max_steps=10 enabled=False
[07:55:35] [CONFIG] applied shared_navigation='bottom_tab_global_nav'
[07:55:35] [CONFIG] scenario enabled scenario='home_main' source='runtime' enabled=False base_enabled=False
[07:55:35] [CONFIG] scenario resolved scenario='life_food_plugin' group='plugin_screen' max_steps=50 enabled=False
[07:55:35] [CONFIG] applied pre_navigation_ref='enter_food_plugin'
[07:55:35] [CONFIG] scenario enabled scenario='life_food_plugin' source='runtime' enabled=False base_enabled=False
[07:55:35] [CONFIG] scenario resolved scenario='life_air_care_plugin' group='-' max_steps=50 enabled=False
[07:55:35] [CONFIG] scenario enabled scenario='life_air_care_plugin' source='runtime' enabled=False base_enabled=False
[07:55:35] [CONFIG] scenario resolved scenario='life_home_care_plugin' group='-' max_steps=50 enabled=False
[07:55:35] [CONFIG] scenario enabled scenario='life_home_care_plugin' source='runtime' enabled=False base_enabled=False
[07:55:35] [CONFIG] scenario resolved scenario='life_energy_plugin' group='-' max_steps=50 enabled=False
[07:55:35] [CONFIG] scenario enabled scenario='life_energy_plugin' source='runtime' enabled=False base_enabled=False
[07:55:35] [CONFIG] scenario resolved scenario='devices_main' group='main_tabs' max_steps=10 enabled=False
[07:55:35] [CONFIG] applied shared_navigation='bottom_tab_global_nav'
[07:55:35] [CONFIG] applied anchor_ref='home_tab_anchor'
[07:55:35] [CONFIG] scenario enabled scenario='devices_main' source='runtime' enabled=False base_enabled=False
[07:55:35] [CONFIG] scenario resolved scenario='life_main' group='main_tabs' max_steps=50 enabled=False
[07:55:35] [CONFIG] applied shared_navigation='bottom_tab_global_nav'
[07:55:35] [CONFIG] scenario enabled scenario='life_main' source='runtime' enabled=False base_enabled=False
[07:55:35] [CONFIG] scenario resolved scenario='routines_main' group='main_tabs' max_steps=10 enabled=False
[07:55:35] [CONFIG] applied shared_navigation='bottom_tab_global_nav'
[07:55:35] [CONFIG] scenario enabled scenario='routines_main' source='runtime' enabled=False base_enabled=False
[07:55:35] [CONFIG] scenario resolved scenario='menu_main' group='main_tabs' max_steps=50 enabled=False
[07:55:35] [CONFIG] applied shared_navigation='bottom_tab_global_nav'
[07:55:35] [CONFIG] scenario enabled scenario='menu_main' source='runtime' enabled=False base_enabled=False
[07:55:35] [CONFIG] scenario resolved scenario='settings_entry_example' group='plugin_screen' max_steps=50 enabled=False
[07:55:35] [CONFIG] applied anchor_ref='settings_button_anchor'
[07:55:35] [CONFIG] applied pre_navigation_ref='enter_settings'
[07:55:35] [CONFIG] scenario enabled scenario='settings_entry_example' source='runtime' enabled=False base_enabled=False
[07:55:35] [CONFIG] scenario resolved scenario='life_pet_care_plugin' group='-' max_steps=50 enabled=False
[07:55:35] [CONFIG] scenario enabled scenario='life_pet_care_plugin' source='runtime' enabled=False base_enabled=False
[07:55:35] [CONFIG] scenario resolved scenario='life_family_care_plugin' group='-' max_steps=50 enabled=True
[07:55:35] [CONFIG] scenario enabled scenario='life_family_care_plugin' source='runtime' enabled=True base_enabled=False
[07:55:35] [CONFIG] scenario resolved scenario='life_plant_care_plugin' group='-' max_steps=50 enabled=False
[07:55:35] [CONFIG] scenario enabled scenario='life_plant_care_plugin' source='runtime' enabled=False base_enabled=False
[07:55:35] [CONFIG] scenario resolved scenario='life_clothing_care_plugin' group='-' max_steps=50 enabled=False
[07:55:35] [CONFIG] scenario enabled scenario='life_clothing_care_plugin' source='runtime' enabled=False base_enabled=False
[07:55:35] [CONFIG] scenario resolved scenario='life_find_plugin' group='-' max_steps=50 enabled=False
[07:55:35] [CONFIG] scenario enabled scenario='life_find_plugin' source='runtime' enabled=False base_enabled=False
[07:55:35] [CONFIG] scenario resolved scenario='life_video_plugin' group='-' max_steps=50 enabled=False
[07:55:35] [CONFIG] scenario enabled scenario='life_video_plugin' source='runtime' enabled=False base_enabled=False
[07:55:35] [CONFIG] scenario resolved scenario='life_home_monitor_plugin' group='-' max_steps=50 enabled=False
[07:55:35] [CONFIG] scenario enabled scenario='life_home_monitor_plugin' source='runtime' enabled=False base_enabled=False
[07:55:35] [CONFIG] scenario resolved scenario='life_music_sync_plugin' group='-' max_steps=10 enabled=False
[07:55:35] [CONFIG] scenario enabled scenario='life_music_sync_plugin' source='runtime' enabled=False base_enabled=False
[07:55:35] [MAIN] skip disabled scenario_id='global_nav_main' tab='(?i).*(home|devices|life|routines|menu).*'
[07:55:35] [MAIN] skip disabled scenario_id='home_main' tab='(?i).*home.*'
[07:55:35] [MAIN] skip disabled scenario_id='life_food_plugin' tab='(?i).*life.*'
[07:55:35] [MAIN] skip disabled scenario_id='life_air_care_plugin' tab='(?i).*life.*'
[07:55:35] [MAIN] skip disabled scenario_id='life_home_care_plugin' tab='(?i).*life.*'
[07:55:35] [MAIN] skip disabled scenario_id='life_energy_plugin' tab='(?i).*life.*'
[07:55:35] [MAIN] skip disabled scenario_id='devices_main' tab='(?i).*devices.*'
[07:55:35] [MAIN] skip disabled scenario_id='life_main' tab='(?i).*life.*'
[07:55:35] [MAIN] skip disabled scenario_id='routines_main' tab='(?i).*routines.*'
[07:55:35] [MAIN] skip disabled scenario_id='menu_main' tab='(?i).*(menu|more).*'
[07:55:35] [MAIN] skip disabled scenario_id='settings_entry_example' tab='(?i).*menu.*'
[07:55:35] [MAIN] skip disabled scenario_id='life_pet_care_plugin' tab='(?i).*life.*'
[07:55:35] [SCENARIO][stabilization] scenario='life_family_care_plugin' screen_context_mode='new_screen' stabilization_mode='anchor_only'
[07:55:36] [LIFE_RESET] verify phase='plugin_start_initial' attempt=1/2 global_nav_visible=true life_tab_selected=true plugin_card_list_visible=true life_list_ready=true
[07:55:36] [PLUGIN_START][recover_before_entry] triggered=false
[07:55:36] [PLUGIN_START][life_list_check] ok=true reason='life_tab_ready_with_card_evidence'
[07:55:36] [PLUGIN_START][recover_before_entry] success=true
[07:55:36] [CONTEXT] skipped reason='new_screen_mode' phase='tab_select'
[07:55:36] [TAB][select] fallback_to_legacy=True scenario='life_family_care_plugin'
[07:55:44] [TRACE][open_scenario] scenario='life_family_care_plugin' stabilization_mode='anchor_only' focus_align_attempted=True focus_align_ok=True focus_align_reason='' context_ok=False anchor_matched=False anchor_stable=False
[07:55:44] [SCENARIO][pre_nav] step=1 action=xml_scroll_search_tap target='(?i)(^family\s*care$|.*family\s*care.*|.*패밀리\s*케어.*)'
[07:55:44] [XMLENTRY][search] pre_reset scroll_to_top=true
[07:55:49] [XMLENTRY][search] step=0/5 visible_candidates=70 target_candidates=5
[07:55:49] [XMLENTRY][search][top] rank=1 reason='actionable_container' text='' rid='' class='android.widget.RelativeLayout' bounds='42,310,1038,1042' area_ratio='0.3516' target_match=true match_source='descendant_title' matched_phrase='family care' negative_plugin_phrase=''
[07:55:49] [XMLENTRY][search][top] rank=2 reason='actionable_container' text='Family Care' rid='com.samsung.android.oneconnect:id/frameLayout' class='android.widget.FrameLayout' bounds='42,310,1038,1042' area_ratio='0.3516' target_match=true match_source='title' matched_phrase='family care' negative_plugin_phrase=''
[07:55:49] [XMLENTRY][search][top] rank=3 reason='card_like_container' text='' rid='com.samsung.android.oneconnect:id/llCard' class='android.widget.LinearLayout' bounds='42,310,1038,1042' area_ratio='0.3516' target_match=true match_source='descendant_title' matched_phrase='family care' negative_plugin_phrase=''
[07:55:49] [XMLENTRY][candidate_compare] scenario_id='life_family_care_plugin' rank=1 rid='' class='android.widget.RelativeLayout' bounds='42,310,1038,1042' own_text='' descendant_text_summary='Family Care,Family Care,Take care of yourself an' matched_phrase='family care' match_source='descendant_title' selected_priority='240:actionable_container' negative_plugin_phrase='' selected=true
[07:55:49] [XMLENTRY][candidate_compare] scenario_id='life_family_care_plugin' rank=2 rid='com.samsung.android.oneconnect:id/frameLayout' class='android.widget.FrameLayout' bounds='42,310,1038,1042' own_text='' descendant_text_summary='Family Care,Family Care,Take care of yourself an' matched_phrase='family care' match_source='title' selected_priority='240:actionable_container' negative_plugin_phrase='' selected=false
[07:55:49] [XMLENTRY][candidate_compare] scenario_id='life_family_care_plugin' rank=3 rid='com.samsung.android.oneconnect:id/llCard' class='android.widget.LinearLayout' bounds='42,310,1038,1042' own_text='Family Care' descendant_text_summary='Family Care,Take care of yourself an,안 창준 (Me)
Active' matched_phrase='family care' match_source='descendant_title' selected_priority='240:card_like_container' negative_plugin_phrase='' selected=false
[07:55:49] [XMLENTRY][select] reason='actionable_container' resource='' bounds='42,310,1038,1042' text='' target_match=true match_source='descendant_title' matched_phrase='family care'
[07:55:49] [XMLENTRY][select_debug] scenario_id='life_family_care_plugin' class='android.widget.RelativeLayout' rid='' bounds='42,310,1038,1042' own_text='' own_content_desc='' normalized_own_text='' descendant_text_summary='Family Care,Family Care,Take care of yourself an' matched_phrase='family care' match_source='descendant_title' selected_reason='actionable_container' candidate_rank=1 title_descendant_disagree=false representative_visible_label='' representative_label_source='descendant'
[07:55:51] [XMLENTRY][result] success=true reason='transition_confirmed'
[07:55:51] [SCENARIO][pre_nav] success step=1 reason='ACTION_ACCESSIBILITY_FOCUS success'
[07:55:53] [SCENARIO][pre_nav] success
[07:55:53] [ANCHOR][fallback] explicit anchor not matched, trying top content fallback
[07:55:53] [ANCHOR][fallback] selected candidate label='Consent to the Collection and Use Sensitive Information Consent to the Collection and Use Sensitive Information' position='top_left'
[07:55:53] [ANCHOR][plugin_fallback] using_top_start_candidate position='top_left'
[07:55:57] [CONTEXT] skipped reason='anchor_only_mode'
[07:55:57] [CONTEXT] skipped reason='anchor_only_mode'
[07:55:57] [CONTEXT] scenario='life_family_care_plugin' type='skipped' expected='' actual='' ok=True
[07:55:57] [CONTEXT] verification passed scenario='life_family_care_plugin'
[07:55:57] [ANCHOR][scenario_start] success scenario='life_family_care_plugin' selected=True matched=True stable=True context_ok=True reason='selected_and_verified'
[07:55:57] [ANCHOR][plugin_fallback] stabilized_by='selected'
[07:55:57] [TRACE][open_scenario] scenario='life_family_care_plugin' stabilization_mode='anchor_only' focus_align_attempted=True focus_align_ok=True focus_align_reason='' context_ok=False anchor_matched=False anchor_stable=True
[07:55:58] [ENTRY][post_open_identity] scenario_id='life_family_care_plugin' top_visible_labels='Family Care helps your f,To continue, agree to th,Consent to the Collectio,Details Details,All All' top_focus_label='Consent to the Collection and Use Sensitive Information Consent to the C' back_button_present=false body_texts='Family Care helps your f,To continue, agree to th,Consent to the Collectio,Details Details,All All' plugin_title_candidates='Family Care helps your f,To continue, agree to th,Consent to the Collectio' verify_hit=true special_token_hit=false
[07:55:58] [ENTRY][special_state_check] detected=true signals='long_intro,cta,intro_focus' kind='setup_needed_or_empty_state'
[07:55:58] [ENTRY][special_state_check] decision='route_to_special_state' reason='special_state_detected_consistent_intro_evidence'
[07:55:58] [ENTRY][special_state_route] handling='back_after_read'
[07:55:58] [ENTRY][special_state_route] main_traversal_skipped=true
[07:55:58] [SCENARIO][special_state] detected scenario='life_family_care_plugin' entry_type='card' kind='setup_needed_or_empty_state' handling='back_after_read' verify_hit=true long_intro_like=true special_hits='' cta_hits='continue'
[07:56:00] [SPECIAL_STATE][recover] start
[07:56:00] [LIFE_RESET] start
[07:56:01] [LIFE_RESET] app_inside=true
[07:56:01] [LIFE_RESET] bottom_nav_ready=true
[07:56:02] [LIFE_RESET][tab_reselect_attempt] scenario='life_family_care_plugin' phase='special_state_post_back' attempt=1/2 package_inside=true global_nav_visible=true select_mode='resource_id' target='com.samsung.android.oneconnect:id/menu_services'
[07:56:03] [LIFE_RESET][tab_reselect_result] scenario='life_family_care_plugin' phase='special_state_post_back' attempt=1/2 select_mode='resource_id' target='com.samsung.android.oneconnect:id/menu_services' select_raw='{'success': True, 'status': 'moved', 'detail': 'ACTION_ACCESSIBILITY_FOCUS success', 'raw': {'timestamp': 1776639362496, 'reqId': '3d5655e0', 'success': True, 'reason': 'ACTION_ACCESSIBILITY_FOCUS success', 'action': 'FOCUS', 'targetName': 'com.samsung.android.oneconnect:id/menu_services', 'targetType': 'r', 'targetIndex': 0, 'attemptedResourceId': 'com.samsung.android.oneconnect:id/menu_services', 'attemptedClassName': 'android.widget.Button', 'target': {'timestamp': 1776639362496, 'schemaVersion': '1.2.0', 'snapshotBuilderVersion': '1.2.0', 'packageName': 'com.samsung.android.oneconnect', 'className': 'android.widget.Button', 'viewIdResourceName': 'com.samsung.android.oneconnect:id/menu_services', 'text': None, 'contentDescription': 'Selected, Life, Tab 3 of 5', 'mergedLabel': 'Selected, Life, Tab 3 of 5', 'talkbackLabel': 'Selected, Life, Tab 3 of 5', 'clickable': True, 'focusable': True, 'focused': False, 'accessibilityFocused': False, 'visibleToUser': True, 'isVisibleToUser': True, 'selected': False, 'checkable': False, 'checked': False, 'enabled': True, 'boundsInScreen': {'l': 443, 't': 2316, 'r': 637, 'b': 2496, 'left': 443, 'top': 2316, 'right': 637, 'bottom': 2496}, 'children': []}}}' select_success=true verify_selected_bottom_tab_ok=true verify_actual='' verify_source='pre_select_snapshot' life_tab_reselected=true basis='select_success_only'
[07:56:03] [LIFE_RESET] life_tab_reselected=true
[07:56:04] [LIFE_RESET] verify phase='life_reset' attempt=1/2 global_nav_visible=true life_tab_selected=true plugin_card_list_visible=false life_list_ready=true
[07:56:04] [LIFE_RESET] plugin_card_list_visible=false (soft_only=true)
[07:56:04] [LIFE_RESET] life_list_ready=true
[07:56:04] [LIFE_RESET] success=true reason='life_tab_ready'
[07:56:04] [RECOVER] success reason='life_reset_ready'
[07:56:05] [SPECIAL_STATE][post_recover_check] inside_smartthings=true package=true app_bar_hits=4
[07:56:05] [SPECIAL_STATE][recover] success=true target='life_plugin_list' reason='life_plugin_list_recovered'
[07:56:05] [SCENARIO][entry_contract] handled scenario='life_family_care_plugin' entry_type='card' reason='special_state_handled' detail='onboarding_back_exit_recovered' back_status='back_sent_exit'
[07:56:05] [PERF][scenario_summary] scenario=life_family_care_plugin tab=(?i).*life.* total_runtime=30.3 total_steps=1 main_step_count=1 overlay_step_count=0 overlay_count=0 avg_get_focus=0.0 avg_move=0.0 avg_crop=0.0 avg_step_total=0.0 step_total_sample_count=0 avg_get_focus_main=0.0 avg_get_focus_overlay=0.0 fallback_dump_count=0 success_false_top_level_dump_attempt_count=0 success_false_top_level_dump_found_count=0 fallback_dump_rate=0.0 get_focus_strong_skip_count=0 get_focus_strong_skip_rate=0.0 step_dump_used_count=0 save_excel_count=0 realign_attempt_count=0 realign_success_count=0 realign_success_rate=0.0
[07:56:05] [RESULT] skipped placeholder rows count=1
[07:56:05] [SAVE] writing sheets raw/filtered/summary/result
[07:56:05] [SAVE] filtered rows=1, raw rows=1
[07:56:05] [SAVE] saved excel: output/talkback_compare_20260420_075527.xlsx rows=1 with_images=False
[07:56:05] [MAIN] skip disabled scenario_id='life_plant_care_plugin' tab='(?i).*life.*'
[07:56:05] [MAIN] skip disabled scenario_id='life_clothing_care_plugin' tab='(?i).*life.*'
[07:56:05] [MAIN] skip disabled scenario_id='life_find_plugin' tab='(?i).*life.*'
[07:56:05] [MAIN] skip disabled scenario_id='life_video_plugin' tab='(?i).*life.*'
[07:56:05] [MAIN] skip disabled scenario_id='life_home_monitor_plugin' tab='(?i).*life.*'
[07:56:05] [MAIN] skip disabled scenario_id='life_music_sync_plugin' tab='(?i).*life.*'
[07:56:05] [RESULT] skipped placeholder rows count=1
[07:56:05] [SAVE] writing sheets raw/filtered/summary/result
[07:56:05] [SAVE] filtered rows=1, raw rows=1
[07:56:05] [SAVE] saved excel: output/talkback_compare_20260420_075527.xlsx rows=1 with_images=True
[07:56:05] [MAIN] final save complete
[07:56:05] [PERF][run_summary] total_runtime=30.4 total_scenarios=1 total_steps=1 total_overlay_count=0 avg_get_focus=0.0 avg_move=0.0 fallback_dump_count=0 success_false_top_level_dump_attempt_count=0 success_false_top_level_dump_found_count=0 fallback_dump_rate=0.0 get_focus_strong_skip_rate=0.0 realign_success_rate=0.0 save_excel_count=2
