[20:01:21] [SAVE][temp] override tmp='D:\Python test\talkback-a11y-helper\output\.tmp' temp='D:\Python test\talkback-a11y-helper\output\.tmp' applied=true
[20:01:21] [MAIN] script start (version=1.7.81, log_level=NORMAL)
[20:01:22] [PREFLIGHT] talkback status='enabled'
[20:01:22] [MAIN] output file: output/talkback_compare_20260412_200121.xlsx
[20:01:22] [MAIN] image dir base: output\talkback_compare_20260412_200121
[20:01:22] [CONFIG] runtime config loaded path='config\runtime_config.json'
[20:01:22] [GLOBAL_NAV][guard] forcing stabilization_mode='tab_context' scenario='global_nav_main' requested='anchor_then_context'
[20:01:22] [CONFIG] scenario resolved scenario='global_nav_main' group='main_tabs' max_steps=10 enabled=False
[20:01:22] [CONFIG] applied shared_navigation='default_global_nav'
[20:01:22] [CONFIG] scenario enabled scenario='global_nav_main' source='runtime' enabled=False base_enabled=False
[20:01:22] [CONFIG] scenario resolved scenario='home_main' group='main_tabs' max_steps=5 enabled=False
[20:01:22] [CONFIG] applied shared_navigation='bottom_tab_global_nav'
[20:01:22] [CONFIG] scenario enabled scenario='home_main' source='runtime' enabled=False base_enabled=False
[20:01:22] [CONFIG] scenario resolved scenario='life_food_plugin' group='plugin_screen' max_steps=5 enabled=False
[20:01:22] [CONFIG] applied pre_navigation_ref='enter_food_plugin'
[20:01:22] [CONFIG] scenario enabled scenario='life_food_plugin' source='runtime' enabled=False base_enabled=False
[20:01:22] [CONFIG] scenario resolved scenario='life_air_care_plugin' group='-' max_steps=5 enabled=True
[20:01:22] [CONFIG] scenario enabled scenario='life_air_care_plugin' source='runtime' enabled=True base_enabled=False
[20:01:22] [CONFIG] scenario resolved scenario='life_home_care_plugin' group='-' max_steps=5 enabled=False
[20:01:22] [CONFIG] scenario enabled scenario='life_home_care_plugin' source='runtime' enabled=False base_enabled=False
[20:01:22] [CONFIG] scenario resolved scenario='life_energy_plugin' group='-' max_steps=5 enabled=False
[20:01:22] [CONFIG] scenario enabled scenario='life_energy_plugin' source='runtime' enabled=False base_enabled=False
[20:01:22] [CONFIG] scenario resolved scenario='devices_main' group='main_tabs' max_steps=10 enabled=False
[20:01:22] [CONFIG] applied shared_navigation='bottom_tab_global_nav'
[20:01:22] [CONFIG] applied anchor_ref='home_tab_anchor'
[20:01:22] [CONFIG] scenario enabled scenario='devices_main' source='runtime' enabled=False base_enabled=False
[20:01:22] [CONFIG] scenario resolved scenario='life_main' group='main_tabs' max_steps=30 enabled=False
[20:01:22] [CONFIG] applied shared_navigation='bottom_tab_global_nav'
[20:01:22] [CONFIG] scenario enabled scenario='life_main' source='runtime' enabled=False base_enabled=False
[20:01:22] [CONFIG] scenario resolved scenario='routines_main' group='main_tabs' max_steps=30 enabled=False
[20:01:22] [CONFIG] applied shared_navigation='bottom_tab_global_nav'
[20:01:22] [CONFIG] scenario enabled scenario='routines_main' source='runtime' enabled=False base_enabled=False
[20:01:22] [CONFIG] scenario resolved scenario='menu_main' group='main_tabs' max_steps=30 enabled=False
[20:01:22] [CONFIG] applied shared_navigation='bottom_tab_global_nav'
[20:01:22] [CONFIG] scenario enabled scenario='menu_main' source='runtime' enabled=False base_enabled=False
[20:01:22] [CONFIG] scenario resolved scenario='settings_entry_example' group='plugin_screen' max_steps=40 enabled=False
[20:01:22] [CONFIG] applied anchor_ref='settings_button_anchor'
[20:01:22] [CONFIG] applied pre_navigation_ref='enter_settings'
[20:01:22] [CONFIG] scenario enabled scenario='settings_entry_example' source='runtime' enabled=False base_enabled=False
[20:01:22] [CONFIG] scenario resolved scenario='life_pet_care_plugin' group='-' max_steps=5 enabled=False
[20:01:22] [CONFIG] scenario enabled scenario='life_pet_care_plugin' source='runtime' enabled=False base_enabled=False
[20:01:22] [MAIN] skip disabled scenario_id='global_nav_main' tab='(?i).*(home|devices|life|routines|menu).*'
[20:01:22] [MAIN] skip disabled scenario_id='home_main' tab='(?i).*home.*'
[20:01:22] [MAIN] skip disabled scenario_id='life_food_plugin' tab='(?i).*life.*'
[20:01:22] [SCENARIO][stabilization] scenario='life_air_care_plugin' screen_context_mode='new_screen' stabilization_mode='anchor_only'
[20:01:22] [CONTEXT] skipped reason='new_screen_mode' phase='tab_select'
[20:01:22] [TAB][select] fallback_to_legacy=True scenario='life_air_care_plugin'
[20:01:27] [TRACE][open_scenario] scenario='life_air_care_plugin' stabilization_mode='anchor_only' focus_align_attempted=True focus_align_ok=True focus_align_reason='' context_ok=False anchor_matched=False anchor_stable=False
[20:01:28] [SCENARIO][pre_nav][stabilization] phase='before_pre_navigation' attempt=1/2 life_selected=false app_bar_hits=4 visible_card_hits=0 life_root_signature_present=false navigate_up_hits=0 family_care_signature_seen=true final_score=2 ok=false pass_reason='' fail_reason='life_root_not_stable'
[20:01:28] [SCENARIO][pre_nav][stabilization][life_energy_relaxed_gate] phase='before_pre_navigation' attempt=1/2 allow_scrolltouch=true reason='life_plugin_list_likely'
[20:01:28] [SCENARIO][pre_nav] step=1 action=scrolltouch target='(?i)(^smart\s*air\s*care$|^air\s*care$|air\s*care\.|\baircare\b|에어\s*케어)'
[20:01:29] [SCENARIO][pre_nav] before scrolltouch, scroll_to_top invoked cumulative_mode=true
[20:01:31] [SCENARIO][pre_nav] scroll_to_top result={'ok': True, 'reached_top': True, 'attempts': 1, 'reason': 'scroll_failed'}
[20:01:32] [SCENARIO][pre_nav] top_state_verify ok=false reason='top_marker_missing' scenario='life_air_care_plugin'
[20:01:35] [SCENARIO][pre_nav] top_state_verify retry=1/2 ok=false reason='top_marker_missing'
[20:01:38] [SCENARIO][pre_nav] top_state_verify retry=2/2 ok=false reason='top_marker_missing'
[20:01:41] [SCENARIO][pre_nav][scrolltouch][debug] scroll_step=1/5 visible_candidate_count=0 partial_match_count=0 exact_match_count=0 xml_fallback_attempted=true xml_fallback_reason='ok' rejections='filtered_before_candidate:21' visible_top='-' partial_top='-' pre_candidate_top='-' local_search_nodes=21 selected=false selected_reason='no_visible_candidate'
[20:01:41] [SCENARIO][pre_nav][scrolltouch][inspect] scroll_step=1/5 samples='label='우리 집 QR code 우리 집 QR code' rid='com.samsung.android.oneconnect:id/home_button' cls='android.widget.ImageButton' visible=true clickable=true focusable=true effectiveClickable=true matched_text_node='com.samsung.android.oneconnect:id/home_button' promoted_container=false promotion_reason='none' promoted_from='' promoted_to='' stage='label_filter' reason='filtered_before_candidate' | label='우리 집, Change location 우리 집, Change location' rid='com.samsung.android.oneconnect:id/tab_title' cls='android.widget.LinearLayout' visible=true clickable=true focusable=true effectiveClickable=true matched_text_node='com.samsung.android.oneconnect:id/tab_title' promoted_container=false promotion_reason='none' promoted_from='' promoted_to='' stage='label_filter' reason='filtered_before_candidate' | label='Add Add' rid='com.samsung.android.oneconnect:id/add_menu_butto' cls='android.widget.ImageButton' visible=true clickable=true focusable=true effectiveClickable=true matched_text_node='com.samsung.android.oneconnect:id/add_menu_button' promoted_container=false promotion_reason='none' promoted_from='' promoted_to='' stage='label_filter' reason='filtered_before_candidate' | label='More options Mor'
[20:01:42] [CAPTURE][scrolltouch_step] saved path='output\capture_bundles\life_air_care_plugin\20260412_110128\step_01' step=1 visible_candidate_count=0 partial_match_count=0
[20:01:45] [SCENARIO][pre_nav][scrolltouch] visible_candidate_count=0 partial_match_count=0 scroll_step=1/5 action='scroll_forward_and_retry_local_search' scroll_performed=true settle_wait_ms=250 cumulative_mode=true
[20:01:46] [SCENARIO][pre_nav][scrolltouch][debug] scroll_step=2/5 visible_candidate_count=0 partial_match_count=0 exact_match_count=0 xml_fallback_attempted=true xml_fallback_reason='ok' rejections='filtered_before_candidate:13' visible_top='-' partial_top='-' pre_candidate_top='-' local_search_nodes=13 selected=false selected_reason='no_visible_candidate'
[20:01:46] [SCENARIO][pre_nav][scrolltouch][inspect] scroll_step=2/5 samples='label='우리 집 QR code 우리 집 QR code' rid='com.samsung.android.oneconnect:id/home_button' cls='android.widget.ImageButton' visible=true clickable=true focusable=true effectiveClickable=true matched_text_node='com.samsung.android.oneconnect:id/home_button' promoted_container=false promotion_reason='none' promoted_from='' promoted_to='' stage='label_filter' reason='filtered_before_candidate' | label='우리 집, Change location 우리 집, Change location' rid='com.samsung.android.oneconnect:id/tab_title' cls='android.widget.LinearLayout' visible=true clickable=true focusable=true effectiveClickable=true matched_text_node='com.samsung.android.oneconnect:id/tab_title' promoted_container=false promotion_reason='none' promoted_from='' promoted_to='' stage='label_filter' reason='filtered_before_candidate' | label='Add Add' rid='com.samsung.android.oneconnect:id/add_menu_butto' cls='android.widget.ImageButton' visible=true clickable=true focusable=true effectiveClickable=true matched_text_node='com.samsung.android.oneconnect:id/add_menu_button' promoted_container=false promotion_reason='none' promoted_from='' promoted_to='' stage='label_filter' reason='filtered_before_candidate' | label='More options Mor'
[20:01:47] [CAPTURE][scrolltouch_step] saved path='output\capture_bundles\life_air_care_plugin\20260412_110128\step_02' step=2 visible_candidate_count=0 partial_match_count=0
[20:01:49] [SCENARIO][pre_nav][scrolltouch] visible_candidate_count=0 partial_match_count=0 scroll_step=2/5 action='scroll_forward_and_retry_local_search' scroll_performed=true settle_wait_ms=250 cumulative_mode=true
[20:01:50] [SCROLLTOUCH][promotion][enter] source_snapshot='helper' matched_text_node='com.samsung.android.oneconnect:id/tvHeaderTitle' matched_text_view_id='com.samsung.android.oneconnect:id/tvHeaderTitle' matched_text_label='Monitor air quality and air comfort in each room of your home. Monitor air quality and air comfort in each room of your ' matched_text_bounds='84,1899,996,2076' node_clickable=false node_focusable=false node_effective_clickable=false promotion_attempted=true
[20:01:50] [SCROLLTOUCH][promotion][exit] source_snapshot='helper' matched_text_view_id='com.samsung.android.oneconnect:id/tvHeaderTitle' matched_text_label='Monitor air quality and air comfort in each room of your home. Monitor air quality and air comfort in each room of your ' matched_text_bounds='84,1899,996,2076' promotion_attempted=true result='none' result_reason='none' selected_container_class='' selected_container_view_id='' selected_container_bounds=''
[20:01:50] [SCROLLTOUCH][promotion][fallback_decision] matched_text_found=true partial_match_count=1 helper_result='none' commit_to_candidate=false actionable_before_fallback=false will_try_xml_live_fallback=true
[20:01:50] [SCROLLTOUCH][promotion][salvage] source='none' reason='none' selected_ancestor_distance=-1 selected_container_class='android.widget.TextView' selected_container_view_id='com.samsung.android.oneconnect:id/tvHeaderTitle' rejected_large_container_count=0 rejected_list_like_container_count=0
[20:01:50] [SCROLLTOUCH][promotion][commit] selected_container_class='android.widget.TextView' selected_container_view_id='com.samsung.android.oneconnect:id/tvHeaderTitle' selected_container_bounds='{'l': 84, 't': 1899, 'r': 996, 'b': 2076}' commit_to_candidate=false commit_stage='promotion_select' commit_failure_reason='not_committed'
[20:01:50] [SCROLLTOUCH][promotion][commit] selected_container_class='android.widget.TextView' selected_container_view_id='com.samsung.android.oneconnect:id/tvHeaderTitle' selected_container_bounds='{'l': 84, 't': 1899, 'r': 996, 'b': 2076}' commit_to_candidate=false commit_stage='actionability_gate' commit_failure_reason='not_committed'
[20:01:52] [SCROLLTOUCH][promotion][enter] source_snapshot='helper' matched_text_node='com.samsung.android.oneconnect:id/tvHeaderTitle' matched_text_view_id='com.samsung.android.oneconnect:id/tvHeaderTitle' matched_text_label='Monitor air quality and air comfort in each room of your home. Monitor air quality and air comfort in each room of your ' matched_text_bounds='84,1899,996,2076' node_clickable=false node_focusable=false node_effective_clickable=false promotion_attempted=true
[20:01:52] [SCROLLTOUCH][promotion][exit] source_snapshot='helper' matched_text_view_id='com.samsung.android.oneconnect:id/tvHeaderTitle' matched_text_label='Monitor air quality and air comfort in each room of your home. Monitor air quality and air comfort in each room of your ' matched_text_bounds='84,1899,996,2076' promotion_attempted=true result='none' result_reason='none' selected_container_class='' selected_container_view_id='' selected_container_bounds=''
[20:01:52] [SCROLLTOUCH][promotion][fallback_decision] matched_text_found=true partial_match_count=1 helper_result='none' commit_to_candidate=false actionable_before_fallback=false will_try_xml_live_fallback=true
[20:01:52] [SCROLLTOUCH][promotion][enter] source_snapshot='xml_live' matched_text_node='com.samsung.android.oneconnect:id/tvHeaderTitle' matched_text_view_id='com.samsung.android.oneconnect:id/tvHeaderTitle' matched_text_label='Monitor air quality and air comfort in each room of your home. Monitor air quality and air comfort in each room of your ' matched_text_bounds='84,1899,996,2076' node_clickable=false node_focusable=false node_effective_clickable=false promotion_attempted=true
[20:01:52] [SCROLLTOUCH][promotion][xml_resolve] matched_text_view_id='com.samsung.android.oneconnect:id/tvHeaderTitle' matched_text_label='Monitor air quality and air comfort in each room of your home. Monitor air quality and air comfort in each room of your ' matched_text_bounds='84,1899,996,2076' xml_node_found=true xml_match_strategy='mixed' xml_node_class='android.widget.TextView' xml_node_view_id='com.samsung.android.oneconnect:id/tvHeaderTitle' xml_node_bounds='84,1899,996,2076'
[20:01:52] [SCROLLTOUCH][promotion][ancestor_trace] matched_text_view_id='com.samsung.android.oneconnect:id/tvHeaderTitle' matched_text_bounds='84,1899,996,2076' depth=1 class='' view_id='' bounds='0,0,1,1' clickable=false focusable=false effective_clickable=false excluded=false exclude_reason='none'
[20:01:52] [SCROLLTOUCH][promotion][ancestor_candidate] depth=-1 class='android.widget.FrameLayout' view_id='' actionable=false accepted=false accepted_reason='none' rejected_reason='oversized_root'
[20:01:52] [SCROLLTOUCH][promotion][ancestor_candidate] depth=-1 class='android.widget.LinearLayout' view_id='' actionable=false accepted=false accepted_reason='none' rejected_reason='oversized_root'
[20:01:52] [SCROLLTOUCH][promotion][ancestor_candidate] depth=-1 class='android.widget.FrameLayout' view_id='' actionable=false accepted=false accepted_reason='none' rejected_reason='oversized_root'
[20:01:52] [SCROLLTOUCH][promotion][ancestor_candidate] depth=-1 class='android.widget.LinearLayout' view_id='com.samsung.android.oneconnect:id/action_bar_root' actionable=false accepted=false accepted_reason='none' rejected_reason='oversized_root'
[20:01:52] [SCROLLTOUCH][promotion][ancestor_candidate] depth=-1 class='android.widget.FrameLayout' view_id='android:id/content' actionable=false accepted=false accepted_reason='none' rejected_reason='oversized_root'
[20:01:52] [SCROLLTOUCH][promotion][ancestor_candidate] depth=-1 class='android.widget.FrameLayout' view_id='com.samsung.android.oneconnect:id/background' actionable=false accepted=false accepted_reason='none' rejected_reason='oversized_root'
[20:01:52] [SCROLLTOUCH][promotion][ancestor_candidate] depth=-1 class='android.widget.FrameLayout' view_id='com.samsung.android.oneconnect:id/pager' actionable=false accepted=false accepted_reason='none' rejected_reason='oversized_root'
[20:01:52] [SCROLLTOUCH][promotion][ancestor_candidate] depth=-1 class='android.widget.RelativeLayout' view_id='' actionable=false accepted=false accepted_reason='none' rejected_reason='oversized_root'
[20:01:52] [SCROLLTOUCH][promotion][ancestor_candidate] depth=-1 class='android.widget.ScrollView' view_id='com.samsung.android.oneconnect:id/coordinator_layout' actionable=false accepted=false accepted_reason='none' rejected_reason='oversized_root'
[20:01:52] [SCROLLTOUCH][promotion][ancestor_candidate] depth=-1 class='android.widget.GridView' view_id='com.samsung.android.oneconnect:id/recycler_view' actionable=true accepted=false accepted_reason='none' rejected_reason='recycler_excluded'
[20:01:52] [SCROLLTOUCH][promotion][ancestor_candidate] depth=-1 class='android.widget.RelativeLayout' view_id='' actionable=true accepted=true accepted_reason='xml_live_containment_container' rejected_reason='none'
[20:01:52] [SCROLLTOUCH][promotion][ancestor_candidate] depth=-1 class='androidx.viewpager.widget.ViewPager' view_id='com.samsung.android.oneconnect:id/generic_view_pager' actionable=true accepted=false accepted_reason='none' rejected_reason='recycler_excluded'
[20:01:52] [SCROLLTOUCH][promotion][ancestor_candidate] depth=-1 class='androidx.recyclerview.widget.RecyclerView' view_id='' actionable=true accepted=false accepted_reason='none' rejected_reason='recycler_excluded'
[20:01:52] [SCROLLTOUCH][promotion][ancestor_candidate] depth=-1 class='android.widget.FrameLayout' view_id='com.samsung.android.oneconnect:id/frameLayout' actionable=true accepted=true accepted_reason='xml_live_containment_container' rejected_reason='none'
[20:01:52] [SCROLLTOUCH][promotion][ancestor_candidate] depth=-1 class='android.widget.LinearLayout' view_id='com.samsung.android.oneconnect:id/llCard' actionable=false accepted=false accepted_reason='none' rejected_reason='not_actionable'
[20:01:52] [SCROLLTOUCH][promotion][ancestor_candidate] depth=-1 class='android.widget.RelativeLayout' view_id='com.samsung.android.oneconnect:id/containerHeaderLayout' actionable=false accepted=false accepted_reason='none' rejected_reason='not_actionable'
[20:01:52] [SCROLLTOUCH][promotion][ancestor_candidate] depth=-1 class='android.widget.RelativeLayout' view_id='' actionable=false accepted=false accepted_reason='none' rejected_reason='not_actionable'
[20:01:52] [SCROLLTOUCH][promotion][exit] source_snapshot='xml_live' matched_text_view_id='com.samsung.android.oneconnect:id/tvHeaderTitle' matched_text_label='Monitor air quality and air comfort in each room of your home. Monitor air quality and air comfort in each room of your ' matched_text_bounds='84,1899,996,2076' promotion_attempted=true result='selected' result_reason='xml_live_containment_container' selected_container_class='android.widget.FrameLayout' selected_container_view_id='com.samsung.android.oneconnect:id/frameLayout' selected_container_bounds='42,1752,1038,2316'
[20:01:52] [SCROLLTOUCH][promotion][salvage] source='xml_live' reason='xml_live_containment_container' selected_ancestor_distance=999 selected_container_class='android.widget.FrameLayout' selected_container_view_id='com.samsung.android.oneconnect:id/frameLayout' rejected_large_container_count=0 rejected_list_like_container_count=3
[20:01:52] [SCROLLTOUCH][promotion][commit] selected_container_class='android.widget.FrameLayout' selected_container_view_id='com.samsung.android.oneconnect:id/frameLayout' selected_container_bounds='42,1752,1038,2316' commit_to_candidate=true commit_stage='promotion_select' commit_failure_reason='none'
[20:01:52] [SCROLLTOUCH][promotion][commit] selected_container_class='android.widget.FrameLayout' selected_container_view_id='com.samsung.android.oneconnect:id/frameLayout' selected_container_bounds='42,1752,1038,2316' commit_to_candidate=true commit_stage='candidate_append' commit_failure_reason='none'
[20:01:52] [SCENARIO][pre_nav][scrolltouch][debug] scroll_step=3/5 visible_candidate_count=1 partial_match_count=1 exact_match_count=0 xml_fallback_attempted=true xml_fallback_reason='ok' rejections='filtered_before_candidate:11' visible_top='label='Monitor air quality and air comfort in each room of your hom' rid='com.samsung.android.oneconnect:id/frameL' cls='android.widget.FrameLayout' bounds='42,1752,1038,2316'' partial_top='label='Monitor air quality and air comfort in each room of your hom' rid='com.samsung.android.oneconnect:id/frameL' cls='android.widget.FrameLayout' bounds='42,1752,1038,2316'' pre_candidate_top='-' local_search_nodes=12 selected=true selected_reason='candidate_count=1'
[20:01:52] [SCENARIO][pre_nav][scrolltouch][inspect] scroll_step=3/5 samples='label='우리 집 QR code 우리 집 QR code' rid='com.samsung.android.oneconnect:id/home_button' cls='android.widget.ImageButton' visible=true clickable=true focusable=true effectiveClickable=true matched_text_node='com.samsung.android.oneconnect:id/home_button' promoted_container=false promotion_reason='none' promoted_from='' promoted_to='' stage='label_filter' reason='filtered_before_candidate' | label='우리 집, Change location 우리 집, Change location' rid='com.samsung.android.oneconnect:id/tab_title' cls='android.widget.LinearLayout' visible=true clickable=true focusable=true effectiveClickable=true matched_text_node='com.samsung.android.oneconnect:id/tab_title' promoted_container=false promotion_reason='none' promoted_from='' promoted_to='' stage='label_filter' reason='filtered_before_candidate' | label='Add Add' rid='com.samsung.android.oneconnect:id/add_menu_butto' cls='android.widget.ImageButton' visible=true clickable=true focusable=true effectiveClickable=true matched_text_node='com.samsung.android.oneconnect:id/add_menu_button' promoted_container=false promotion_reason='none' promoted_from='' promoted_to='' stage='label_filter' reason='filtered_before_candidate' | label='More options Mor'
[20:01:56] [CAPTURE][scrolltouch_step] saved path='output\capture_bundles\life_air_care_plugin\20260412_110128\step_03' step=3 visible_candidate_count=1 partial_match_count=1
[20:01:56] [SCENARIO][pre_nav][scrolltouch] candidate_select reason='candidate_count=1' class='android.widget.FrameLayout' resource='com.samsung.android.oneconnect:id/frameLayout' bounds='42,1752,1038,2316' visible=true label='' promoted_container=true promotion_attempted=true promotion_source='xml_live' matched_text_node='com.samsung.android.oneconnect:id/tvHeaderTitle' promotion_reason='xml_live_containment_container' promotion_candidate_count=2 promotion_debug_summary='helper:no_candidate:rejected_large=0:rejected_list_like=0;xml_live:containment_candidate_count=2:rejected_large=0:reject' promoted_from='com.samsung.android.oneconnect:id/tvHeaderTitle' promoted_to='com.samsung.android.oneconnect:id/frameLayout' selected_area=561744 text_area=161424 area_ratio=3.480 ancestor_distance=999 tap_point='540,2034' tap_strategy='center' rank_summary_top3='com.samsung.android.oneconnect:id/frameLayout:xml_live_containment_container:ov=1000:ar=3.48:sp=5:ad=999 | android.widget.RelativeLayout:xml_live_containment_container:ov=1000:ar=3.48:sp=1:ad=999' scroll_step=3/5 cumulative_mode=true
[20:01:57] [DEBUG] candidate_click_dispatch_result success=false
[20:01:58] [SCENARIO][pre_nav][scrolltouch] post_click_transition same_screen=false signal='air_care_verify'
[20:01:58] [INFO] candidate_click_result=success
[20:01:58] [SCENARIO][pre_nav] success step=1 reason='bounds_not_found'
[20:01:59] [SCENARIO][pre_nav] success
[20:02:00] [ANCHOR][fallback] explicit anchor not matched, trying top content fallback
[20:02:00] [ANCHOR][air] top-level fallback accepted
[20:02:03] [CONTEXT] skipped reason='anchor_only_mode'
[20:02:03] [CONTEXT] skipped reason='anchor_only_mode'
[20:02:03] [CONTEXT] scenario='life_air_care_plugin' type='skipped' expected='' actual='' ok=True
[20:02:03] [CONTEXT] verification passed scenario='life_air_care_plugin'
[20:02:03] [ANCHOR][scenario_start] success scenario='life_air_care_plugin' selected=True matched=True stable=True context_ok=True reason='selected_and_verified'
[20:02:03] [ANCHOR][plugin_fallback] stabilized_by='selected'
[20:02:03] [TRACE][open_scenario] scenario='life_air_care_plugin' stabilization_mode='anchor_only' focus_align_attempted=True focus_align_ok=True focus_align_reason='' context_ok=False anchor_matched=False anchor_stable=True
[20:02:04] [ENTRY][air] false_success_guard bypassed
[20:02:04] [SCENARIO][entry_contract] success scenario='life_air_care_plugin' entry_type='card' reason='success_verified' detail='plugin_open_verified'
[20:02:05] [TRACE][post_open_focus] scenario='life_air_care_plugin' view_id='com.samsung.android.oneconnect:id/home_button' label='우리 집 QR code' speech='우리 집 QR code' bounds='{'l': 36, 't': 142, 'r': 180, 'b': 286, 'left': 36, 'top': 142, 'right': 180, 'bottom': 286}' source='top_level' top_level=True
[20:02:10] [TRACE][anchor_row] scenario='life_air_care_plugin' step=0 view_id='com.samsung.android.oneconnect:id/home_button' visible='우리 집 QR code' speech='우리 집 QR code' normalized_visible='우리 집 qr code' is_global_nav=False
[20:02:11] [ROW] fingerprint='com.samsung.android.oneconnect:id/home_button|우리 집 qr code|우리 집 qr code|108,214' normalized_fingerprint='com samsung android oneconnect id home button|우리 집 qr code|우리 집 qr code' duplicate=false recent_duplicate=false distance=0 recent_semantic_duplicate=false semantic_distance=0 semantic_window_unique=1 noise=false
[20:02:11] [RESULT] skipped anchor rows count=1
[20:02:11] [SAVE] writing sheets raw/filtered/summary/result
[20:02:11] [SAVE] filtered rows=1, raw rows=1
[20:02:11] [SAVE] saved excel: output/talkback_compare_20260412_200121.xlsx rows=1 with_images=False
[20:02:11] [STEP] START tab='(?i).*life.*' step=1
[20:02:16] [ROW] fingerprint='com.samsung.android.oneconnect:id/tab_title|우리 집 change location|우리 집|314,213' normalized_fingerprint='com samsung android oneconnect id tab title|우리 집 change location|우리 집' duplicate=false recent_duplicate=false distance=0 recent_semantic_duplicate=false semantic_distance=0 semantic_window_unique=2 noise=false
[20:02:16] [STEP] END tab='(?i).*life.*' step=1 elapsed=4.44s move_result='{'success': True, 'status': 'moved', 'detail': 'moved', 'raw': {'timestamp': 1775991732388, 'reqId': '9bb535dd', 'success': True, 'status': 'moved', 'detail': 'moved', 'flags': []}}' visible='우리 집, Change location' speech='우리 집' crop='output\talkback_compare_20260412_200121\crops\i_._life._step_1_우리_집__Change_location.png' timing(move=0.410s ann=3.082s get_focus=0.947s get_focus_fallback_dump=0.000s step_dump=0.000s crop=0.801s total=5.241s) focus_reason='' fallback_used=False fallback_found=False step_dump_used=False step_dump_reason='focus_payload_sufficient' req_id='dda94612'
[20:02:16] [STOP][eval] step=1 scenario='life_air_care_plugin' terminal=false same_like_count=0 no_progress=false scenario_type='content' is_global_nav=false after_realign=false recent_repeat=false bounded_two_card_loop=false semantic_same_like=false recent_duplicate=false recent_duplicate_distance=0 recent_semantic_duplicate=false recent_semantic_duplicate_distance=0 recent_semantic_unique_count=2 strict_duplicate=false semantic_duplicate=false repeat_class='none' loop_classification='none' hard_no_progress=false soft_no_progress=false no_progress_class='none' overlay_realign_grace_active=false min_step_gate_blocked=false realign_grace_suppressed=false repeat_stop_hit=false decision='continue' reason='none' stop_explain_version='pr7_explain_v1' stop_explain_input='step:1|move:{'success': true, 'status': 'moved', 'detail': 'moved', 'raw': {'timestamp': 1775991732388, 'reqid': '9bb535dd', 'success': true, 'status': 'moved', 'detail': 'moved', 'flags': []}}|smart:moved|same:0|fail:0' stop_explain_repeat='recent:false|class:none|strict:false|semantic:false|loop:none|two_card:false' stop_explain_no_progress='hit:false|class:none|hard:false|soft:false' stop_explain_gate='candidate:false|min_block:false|realign_suppress:false|realign_active:false|decision:continue'
[20:02:16] [STEP] START tab='(?i).*life.*' step=2
[20:02:21] [ROW] fingerprint='com.samsung.android.oneconnect:id/add_menu_button|add|add|864,214' normalized_fingerprint='com samsung android oneconnect id add menu button|add|add' duplicate=false recent_duplicate=false distance=0 recent_semantic_duplicate=false semantic_distance=0 semantic_window_unique=3 noise=false
[20:02:21] [STEP] END tab='(?i).*life.*' step=2 elapsed=4.43s move_result='{'success': True, 'status': 'moved', 'detail': 'moved', 'raw': {'timestamp': 1775991737612, 'reqId': 'bcd2b22d', 'success': True, 'status': 'moved', 'detail': 'moved', 'flags': []}}' visible='Add' speech='Add' crop='output\talkback_compare_20260412_200121\crops\i_._life._step_2_Add.png' timing(move=0.414s ann=3.036s get_focus=0.984s get_focus_fallback_dump=0.000s step_dump=0.000s crop=0.760s total=5.195s) focus_reason='' fallback_used=False fallback_found=False step_dump_used=False step_dump_reason='focus_payload_sufficient' req_id='521db20f'
[20:02:21] [STOP][eval] step=2 scenario='life_air_care_plugin' terminal=false same_like_count=0 no_progress=false scenario_type='content' is_global_nav=false after_realign=false recent_repeat=false bounded_two_card_loop=false semantic_same_like=false recent_duplicate=false recent_duplicate_distance=0 recent_semantic_duplicate=false recent_semantic_duplicate_distance=0 recent_semantic_unique_count=3 strict_duplicate=false semantic_duplicate=false repeat_class='none' loop_classification='none' hard_no_progress=false soft_no_progress=false no_progress_class='none' overlay_realign_grace_active=false min_step_gate_blocked=false realign_grace_suppressed=false repeat_stop_hit=false decision='continue' reason='none' stop_explain_version='pr7_explain_v1' stop_explain_input='step:2|move:{'success': true, 'status': 'moved', 'detail': 'moved', 'raw': {'timestamp': 1775991737612, 'reqid': 'bcd2b22d', 'success': true, 'status': 'moved', 'detail': 'moved', 'flags': []}}|smart:moved|same:0|fail:0' stop_explain_repeat='recent:false|class:none|strict:false|semantic:false|loop:none|two_card:false' stop_explain_no_progress='hit:false|class:none|hard:false|soft:false' stop_explain_gate='candidate:false|min_block:false|realign_suppress:false|realign_active:false|decision:continue'
[20:02:21] [STEP] START tab='(?i).*life.*' step=3
[20:02:26] [ROW] fingerprint='com.samsung.android.oneconnect:id/more_menu_button|more options|more options|972,214' normalized_fingerprint='com samsung android oneconnect id more menu button|more options|more options' duplicate=false recent_duplicate=false distance=0 recent_semantic_duplicate=false semantic_distance=0 semantic_window_unique=4 noise=false
[20:02:26] [STEP] END tab='(?i).*life.*' step=3 elapsed=4.52s move_result='{'success': True, 'status': 'moved', 'detail': 'moved', 'raw': {'timestamp': 1775991742822, 'reqId': 'fb9cd921', 'success': True, 'status': 'moved', 'detail': 'moved', 'flags': []}}' visible='More options' speech='More options' crop='output\talkback_compare_20260412_200121\crops\i_._life._step_3_More_options.png' timing(move=0.436s ann=3.036s get_focus=1.044s get_focus_fallback_dump=0.000s step_dump=0.000s crop=0.796s total=5.313s) focus_reason='' fallback_used=False fallback_found=False step_dump_used=False step_dump_reason='focus_payload_sufficient' req_id='46ab2913'
[20:02:26] [STOP][eval] step=3 scenario='life_air_care_plugin' terminal=false same_like_count=0 no_progress=false scenario_type='content' is_global_nav=false after_realign=false recent_repeat=false bounded_two_card_loop=false semantic_same_like=false recent_duplicate=false recent_duplicate_distance=0 recent_semantic_duplicate=false recent_semantic_duplicate_distance=0 recent_semantic_unique_count=4 strict_duplicate=false semantic_duplicate=false repeat_class='none' loop_classification='none' hard_no_progress=false soft_no_progress=false no_progress_class='none' overlay_realign_grace_active=false min_step_gate_blocked=false realign_grace_suppressed=false repeat_stop_hit=false decision='continue' reason='none' stop_explain_version='pr7_explain_v1' stop_explain_input='step:3|move:{'success': true, 'status': 'moved', 'detail': 'moved', 'raw': {'timestamp': 1775991742822, 'reqid': 'fb9cd921', 'success': true, 'status': 'moved', 'detail': 'moved', 'flags': []}}|smart:moved|same:0|fail:0' stop_explain_repeat='recent:false|class:none|strict:false|semantic:false|loop:none|two_card:false' stop_explain_no_progress='hit:false|class:none|hard:false|soft:false' stop_explain_gate='candidate:false|min_block:false|realign_suppress:false|realign_active:false|decision:continue'
[20:02:26] [RESULT] skipped anchor rows count=1
[20:02:26] [SAVE] writing sheets raw/filtered/summary/result
[20:02:26] [SAVE] filtered rows=4, raw rows=4
[20:02:26] [SAVE] saved excel: output/talkback_compare_20260412_200121.xlsx rows=4 with_images=False
[20:02:26] [STEP] START tab='(?i).*life.*' step=4
[20:02:32] [ROW] fingerprint='com.samsung.android.oneconnect:id/tvheadertitle|caring for your plants is now easier and more enjoyable|caring for your plants is now easier and more enjoyable|540,439' normalized_fingerprint='com samsung android oneconnect id tvheadertitle|caring for your plants is now easier and more enjoyable|caring for your plants is now easier and more enjoyable' duplicate=false recent_duplicate=false distance=0 recent_semantic_duplicate=false semantic_distance=0 semantic_window_unique=5 noise=false
[20:02:32] [STEP] END tab='(?i).*life.*' step=4 elapsed=4.44s move_result='{'success': True, 'status': 'moved', 'detail': 'moved', 'raw': {'timestamp': 1775991748201, 'reqId': '19fec43c', 'success': True, 'status': 'moved', 'detail': 'moved', 'flags': []}}' visible='Caring for your plants is now easier and more enjoyable' speech='Caring for your plants is now easier and more enjoyable' crop='output\talkback_compare_20260412_200121\crops\i_._life._step_4_Caring_for_your_plants_is_now_easier_and.png' timing(move=0.363s ann=3.073s get_focus=1.002s get_focus_fallback_dump=0.000s step_dump=0.000s crop=0.872s total=5.312s) focus_reason='' fallback_used=False fallback_found=False step_dump_used=False step_dump_reason='focus_payload_sufficient' req_id='d9e2dadd'
[20:02:32] [STOP][eval] step=4 scenario='life_air_care_plugin' terminal=false same_like_count=0 no_progress=false scenario_type='content' is_global_nav=false after_realign=false recent_repeat=false bounded_two_card_loop=false semantic_same_like=false recent_duplicate=false recent_duplicate_distance=0 recent_semantic_duplicate=false recent_semantic_duplicate_distance=0 recent_semantic_unique_count=5 strict_duplicate=false semantic_duplicate=false repeat_class='none' loop_classification='none' hard_no_progress=false soft_no_progress=false no_progress_class='none' overlay_realign_grace_active=false min_step_gate_blocked=false realign_grace_suppressed=false repeat_stop_hit=false decision='continue' reason='none' stop_explain_version='pr7_explain_v1' stop_explain_input='step:4|move:{'success': true, 'status': 'moved', 'detail': 'moved', 'raw': {'timestamp': 1775991748201, 'reqid': '19fec43c', 'success': true, 'status': 'moved', 'detail': 'moved', 'flags': []}}|smart:moved|same:0|fail:0' stop_explain_repeat='recent:false|class:none|strict:false|semantic:false|loop:none|two_card:false' stop_explain_no_progress='hit:false|class:none|hard:false|soft:false' stop_explain_gate='candidate:false|min_block:false|realign_suppress:false|realign_active:false|decision:continue'
[20:02:32] [STEP] START tab='(?i).*life.*' step=5
[20:02:37] [ROW] fingerprint='com.samsung.android.oneconnect:id/tvheadertitle|to use the clothing and shoe care service connect your phone to your samsung app|to use the clothing and shoe care service connect your phone to your samsung app|540,1213' normalized_fingerprint='com samsung android oneconnect id tvheadertitle|to use the clothing and shoe care service connect your phone to your samsung appliances|to use the clothing and shoe care service connect your phone to your samsung appliances' duplicate=false recent_duplicate=false distance=0 recent_semantic_duplicate=false semantic_distance=0 semantic_window_unique=6 noise=false
[20:02:37] [STEP] END tab='(?i).*life.*' step=5 elapsed=4.75s move_result='{'success': True, 'status': 'moved', 'detail': 'moved', 'raw': {'timestamp': 1775991753503, 'reqId': '6ee30639', 'success': True, 'status': 'moved', 'detail': 'moved', 'flags': []}}' visible='To use the clothing and shoe care service, connect your phone to your Samsung appliances.' speech='To use the clothing and shoe care service, connect your phone to your Samsung appliances.' crop='output\talkback_compare_20260412_200121\crops\i_._life._step_5_To_use_the_clothing_and_shoe_care_servic.png' timing(move=0.392s ann=3.167s get_focus=1.194s get_focus_fallback_dump=0.000s step_dump=0.000s crop=0.843s total=5.597s) focus_reason='' fallback_used=False fallback_found=False step_dump_used=False step_dump_reason='focus_payload_sufficient' req_id='746616da'
[20:02:37] [STOP][eval] step=5 scenario='life_air_care_plugin' terminal=false same_like_count=0 no_progress=false scenario_type='content' is_global_nav=false after_realign=false recent_repeat=false bounded_two_card_loop=false semantic_same_like=false recent_duplicate=false recent_duplicate_distance=0 recent_semantic_duplicate=false recent_semantic_duplicate_distance=0 recent_semantic_unique_count=6 strict_duplicate=false semantic_duplicate=false repeat_class='none' loop_classification='none' hard_no_progress=false soft_no_progress=false no_progress_class='none' overlay_realign_grace_active=false min_step_gate_blocked=false realign_grace_suppressed=false repeat_stop_hit=false decision='continue' reason='none' stop_explain_version='pr7_explain_v1' stop_explain_input='step:5|move:{'success': true, 'status': 'moved', 'detail': 'moved', 'raw': {'timestamp': 1775991753503, 'reqid': '6ee30639', 'success': true, 'status': 'moved', 'detail': 'moved', 'flags': []}}|smart:moved|same:0|fail:0' stop_explain_repeat='recent:false|class:none|strict:false|semantic:false|loop:none|two_card:false' stop_explain_no_progress='hit:false|class:none|hard:false|soft:false' stop_explain_gate='candidate:false|min_block:false|realign_suppress:false|realign_active:false|decision:continue'
[20:02:37] [STOP][summary] scenario='life_air_care_plugin' stop_triggered=false stop_step=5 reason='safety_limit'
[20:02:37] [PERF][scenario_summary] scenario=life_air_care_plugin tab=(?i).*life.* total_runtime=74.9 total_steps=6 main_step_count=6 overlay_step_count=0 overlay_count=0 avg_get_focus=1.036 avg_move=0.336 avg_crop=0.816 avg_step_total=5.261 step_total_sample_count=6 avg_get_focus_main=1.036 avg_get_focus_overlay=0.0 fallback_dump_count=0 success_false_top_level_dump_attempt_count=0 success_false_top_level_dump_found_count=0 fallback_dump_rate=0.0 get_focus_strong_skip_count=6 get_focus_strong_skip_rate=100.0 step_dump_used_count=0 save_excel_count=2 realign_attempt_count=0 realign_success_count=0 realign_success_rate=0.0
[20:02:37] [MAIN] skip disabled scenario_id='life_home_care_plugin' tab='(?i).*life.*'
[20:02:37] [MAIN] skip disabled scenario_id='life_energy_plugin' tab='(?i).*life.*'
[20:02:37] [MAIN] skip disabled scenario_id='devices_main' tab='(?i).*devices.*'
[20:02:37] [MAIN] skip disabled scenario_id='life_main' tab='(?i).*life.*'
[20:02:37] [MAIN] skip disabled scenario_id='routines_main' tab='(?i).*routines.*'
[20:02:37] [MAIN] skip disabled scenario_id='menu_main' tab='(?i).*(menu|more).*'
[20:02:37] [MAIN] skip disabled scenario_id='settings_entry_example' tab='(?i).*menu.*'
[20:02:37] [MAIN] skip disabled scenario_id='life_pet_care_plugin' tab='(?i).*life.*'
[20:02:37] [RESULT] skipped anchor rows count=1
[20:02:37] [SAVE] writing sheets raw/filtered/summary/result
[20:02:37] [SAVE] filtered rows=6, raw rows=6
[20:02:38] [SAVE] saved excel: output/talkback_compare_20260412_200121.xlsx rows=6 with_images=True
[20:02:38] [MAIN] final save complete
[20:02:38] [PERF][run_summary] total_runtime=75.2 total_scenarios=1 total_steps=6 total_overlay_count=0 avg_get_focus=1.036 avg_move=0.336 fallback_dump_count=0 success_false_top_level_dump_attempt_count=0 success_false_top_level_dump_found_count=0 fallback_dump_rate=0.0 get_focus_strong_skip_rate=100.0 realign_success_rate=0.0 save_excel_count=3
