[19:29:27] [SAVE][temp] override tmp='D:\Python test\talkback-a11y-helper\output\.tmp' temp='D:\Python test\talkback-a11y-helper\output\.tmp' applied=true
[19:29:27] [MAIN] script start (version=1.7.99, log_level=NORMAL)
[19:29:29] [PREFLIGHT] talkback status='enabled'
[19:29:29] [MAIN] output file: output/talkback_compare_20260421_192927.xlsx
[19:29:29] [MAIN] image dir base: output\talkback_compare_20260421_192927
[19:29:29] [CONFIG] runtime config loaded path='config\runtime_config.json'
[19:29:29] [GLOBAL_NAV][guard] forcing stabilization_mode='tab_context' scenario='global_nav_main' requested='anchor_then_context'
[19:29:29] [CONFIG] scenario resolved scenario='global_nav_main' group='main_tabs' max_steps=10 enabled=False
[19:29:29] [CONFIG] applied shared_navigation='default_global_nav'
[19:29:29] [CONFIG] scenario enabled scenario='global_nav_main' source='runtime' enabled=False base_enabled=False
[19:29:29] [CONFIG] scenario resolved scenario='home_main' group='main_tabs' max_steps=10 enabled=False
[19:29:29] [CONFIG] applied shared_navigation='bottom_tab_global_nav'
[19:29:29] [CONFIG] scenario enabled scenario='home_main' source='runtime' enabled=False base_enabled=False
[19:29:29] [CONFIG] scenario resolved scenario='life_food_plugin' group='plugin_screen' max_steps=50 enabled=False
[19:29:29] [CONFIG] applied pre_navigation_ref='enter_food_plugin'
[19:29:29] [CONFIG] scenario enabled scenario='life_food_plugin' source='runtime' enabled=False base_enabled=False
[19:29:29] [CONFIG] scenario resolved scenario='life_air_care_plugin' group='-' max_steps=50 enabled=False
[19:29:29] [CONFIG] scenario enabled scenario='life_air_care_plugin' source='runtime' enabled=False base_enabled=False
[19:29:29] [CONFIG] scenario resolved scenario='life_home_care_plugin' group='-' max_steps=50 enabled=False
[19:29:29] [CONFIG] scenario enabled scenario='life_home_care_plugin' source='runtime' enabled=False base_enabled=False
[19:29:29] [CONFIG] scenario resolved scenario='life_energy_plugin' group='-' max_steps=50 enabled=False
[19:29:29] [CONFIG] scenario enabled scenario='life_energy_plugin' source='runtime' enabled=False base_enabled=False
[19:29:29] [CONFIG] scenario resolved scenario='devices_main' group='main_tabs' max_steps=10 enabled=False
[19:29:29] [CONFIG] applied shared_navigation='bottom_tab_global_nav'
[19:29:29] [CONFIG] applied anchor_ref='home_tab_anchor'
[19:29:29] [CONFIG] scenario enabled scenario='devices_main' source='runtime' enabled=False base_enabled=False
[19:29:29] [CONFIG] scenario resolved scenario='life_main' group='main_tabs' max_steps=50 enabled=False
[19:29:29] [CONFIG] applied shared_navigation='bottom_tab_global_nav'
[19:29:29] [CONFIG] scenario enabled scenario='life_main' source='runtime' enabled=False base_enabled=False
[19:29:29] [CONFIG] scenario resolved scenario='routines_main' group='main_tabs' max_steps=10 enabled=False
[19:29:29] [CONFIG] applied shared_navigation='bottom_tab_global_nav'
[19:29:29] [CONFIG] scenario enabled scenario='routines_main' source='runtime' enabled=False base_enabled=False
[19:29:29] [CONFIG] scenario resolved scenario='menu_main' group='main_tabs' max_steps=50 enabled=False
[19:29:29] [CONFIG] applied shared_navigation='bottom_tab_global_nav'
[19:29:29] [CONFIG] scenario enabled scenario='menu_main' source='runtime' enabled=False base_enabled=False
[19:29:29] [CONFIG] scenario resolved scenario='settings_entry_example' group='plugin_screen' max_steps=50 enabled=False
[19:29:29] [CONFIG] applied anchor_ref='settings_button_anchor'
[19:29:29] [CONFIG] applied pre_navigation_ref='enter_settings'
[19:29:29] [CONFIG] scenario enabled scenario='settings_entry_example' source='runtime' enabled=False base_enabled=False
[19:29:29] [CONFIG] scenario resolved scenario='life_pet_care_plugin' group='-' max_steps=50 enabled=False
[19:29:29] [CONFIG] scenario enabled scenario='life_pet_care_plugin' source='runtime' enabled=False base_enabled=False
[19:29:29] [CONFIG] scenario resolved scenario='life_family_care_plugin' group='-' max_steps=50 enabled=True
[19:29:29] [CONFIG] scenario enabled scenario='life_family_care_plugin' source='runtime' enabled=True base_enabled=False
[19:29:29] [CONFIG] scenario resolved scenario='life_plant_care_plugin' group='-' max_steps=50 enabled=False
[19:29:29] [CONFIG] scenario enabled scenario='life_plant_care_plugin' source='runtime' enabled=False base_enabled=False
[19:29:29] [CONFIG] scenario resolved scenario='life_clothing_care_plugin' group='-' max_steps=50 enabled=False
[19:29:29] [CONFIG] scenario enabled scenario='life_clothing_care_plugin' source='runtime' enabled=False base_enabled=False
[19:29:29] [CONFIG] scenario resolved scenario='life_find_plugin' group='-' max_steps=50 enabled=False
[19:29:29] [CONFIG] scenario enabled scenario='life_find_plugin' source='runtime' enabled=False base_enabled=False
[19:29:29] [CONFIG] scenario resolved scenario='life_video_plugin' group='-' max_steps=50 enabled=False
[19:29:29] [CONFIG] scenario enabled scenario='life_video_plugin' source='runtime' enabled=False base_enabled=False
[19:29:29] [CONFIG] scenario resolved scenario='life_home_monitor_plugin' group='-' max_steps=50 enabled=False
[19:29:29] [CONFIG] scenario enabled scenario='life_home_monitor_plugin' source='runtime' enabled=False base_enabled=False
[19:29:29] [CONFIG] scenario resolved scenario='life_music_sync_plugin' group='-' max_steps=10 enabled=False
[19:29:29] [CONFIG] scenario enabled scenario='life_music_sync_plugin' source='runtime' enabled=False base_enabled=False
[19:29:29] [MAIN] skip disabled scenario_id='global_nav_main' tab='(?i).*(home|devices|life|routines|menu).*'
[19:29:29] [MAIN] skip disabled scenario_id='home_main' tab='(?i).*home.*'
[19:29:29] [MAIN] skip disabled scenario_id='life_food_plugin' tab='(?i).*life.*'
[19:29:29] [MAIN] skip disabled scenario_id='life_air_care_plugin' tab='(?i).*life.*'
[19:29:29] [MAIN] skip disabled scenario_id='life_home_care_plugin' tab='(?i).*life.*'
[19:29:29] [MAIN] skip disabled scenario_id='life_energy_plugin' tab='(?i).*life.*'
[19:29:29] [MAIN] skip disabled scenario_id='devices_main' tab='(?i).*devices.*'
[19:29:29] [MAIN] skip disabled scenario_id='life_main' tab='(?i).*life.*'
[19:29:29] [MAIN] skip disabled scenario_id='routines_main' tab='(?i).*routines.*'
[19:29:29] [MAIN] skip disabled scenario_id='menu_main' tab='(?i).*(menu|more).*'
[19:29:29] [MAIN] skip disabled scenario_id='settings_entry_example' tab='(?i).*menu.*'
[19:29:29] [MAIN] skip disabled scenario_id='life_pet_care_plugin' tab='(?i).*life.*'
[19:29:29] [SCENARIO][stabilization] scenario='life_family_care_plugin' screen_context_mode='new_screen' stabilization_mode='anchor_only'
[19:29:29] [LIFE_RESET] verify phase='plugin_start_initial' attempt=1/2 global_nav_visible=true life_tab_selected=true plugin_card_list_visible=false life_list_ready=true
[19:29:29] [LIFE_RESET] plugin_card_list_visible=false (soft_only=true)
[19:29:29] [PLUGIN_START][recover_before_entry] triggered=false
[19:29:29] [PLUGIN_START][life_list_check] ok=true reason='life_tab_ready'
[19:29:29] [PLUGIN_START][recover_before_entry] success=true
[19:29:29] [CONTEXT] skipped reason='new_screen_mode' phase='tab_select'
[19:29:29] [TAB][select] fallback_to_legacy=True scenario='life_family_care_plugin'
[19:29:37] [TAB][focus_align_fast] failed scenario='life_family_care_plugin' attempt=2/2 focus_label='' focus_resource=''
[19:29:38] [TAB][select] scenario='life_family_care_plugin' selected=True matched_fields=['text'] score=40
[19:29:38] [TAB][verify] selected_bottom_tab ok=True actual=''
[19:29:38] [TRACE][open_scenario] scenario='life_family_care_plugin' stabilization_mode='anchor_only' focus_align_attempted=True focus_align_ok=False focus_align_reason='selector_not_focused' context_ok=False anchor_matched=False anchor_stable=False
[19:29:38] [TAB][focus_align_fast] scenario='life_family_care_plugin' main_tab=false transition_scenario=true result='failed'
[19:29:38] [TAB][focus_align_fast] failed but proceeding (transition scenario) scenario='life_family_care_plugin'
[19:29:38] [SCENARIO][pre_nav] step=1 action=xml_scroll_search_tap target='(?i)(^family\s*care$|.*family\s*care.*|.*패밀리\s*케어.*)'
[19:29:38] [XMLENTRY][search] pre_reset scroll_to_top=true
[19:29:44] [XMLENTRY][search] step=0/5 visible_candidates=69 target_candidates=5
[19:29:44] [XMLENTRY][search][top] rank=1 reason='actionable_container' text='' rid='' class='android.widget.RelativeLayout' bounds='42,310,1038,1042' area_ratio='0.3516' target_match=true match_source='descendant_title' matched_phrase='family care' negative_plugin_phrase=''
[19:29:44] [XMLENTRY][search][top] rank=2 reason='actionable_container' text='Family Care' rid='com.samsung.android.oneconnect:id/frameLayout' class='android.widget.FrameLayout' bounds='42,310,1038,1042' area_ratio='0.3516' target_match=true match_source='title' matched_phrase='family care' negative_plugin_phrase=''
[19:29:44] [XMLENTRY][search][top] rank=3 reason='card_like_container' text='' rid='com.samsung.android.oneconnect:id/llCard' class='android.widget.LinearLayout' bounds='42,310,1038,1042' area_ratio='0.3516' target_match=true match_source='descendant_title' matched_phrase='family care' negative_plugin_phrase=''
[19:29:44] [XMLENTRY][candidate_compare] scenario_id='life_family_care_plugin' rank=1 rid='' class='android.widget.RelativeLayout' bounds='42,310,1038,1042' own_text='' descendant_text_summary='Family Care,Family Care,Take care of yourself an' matched_phrase='family care' match_source='descendant_title' selected_priority='240:actionable_container' negative_plugin_phrase='' selected=true
[19:29:44] [XMLENTRY][candidate_compare] scenario_id='life_family_care_plugin' rank=2 rid='com.samsung.android.oneconnect:id/frameLayout' class='android.widget.FrameLayout' bounds='42,310,1038,1042' own_text='' descendant_text_summary='Family Care,Family Care,Take care of yourself an' matched_phrase='family care' match_source='title' selected_priority='240:actionable_container' negative_plugin_phrase='' selected=false
[19:29:44] [XMLENTRY][candidate_compare] scenario_id='life_family_care_plugin' rank=3 rid='com.samsung.android.oneconnect:id/llCard' class='android.widget.LinearLayout' bounds='42,310,1038,1042' own_text='Family Care' descendant_text_summary='Family Care,Take care of yourself an,안 창준 (Me)
Active' matched_phrase='family care' match_source='descendant_title' selected_priority='240:card_like_container' negative_plugin_phrase='' selected=false
[19:29:44] [XMLENTRY][select] reason='actionable_container' resource='' bounds='42,310,1038,1042' text='' target_match=true match_source='descendant_title' matched_phrase='family care'
[19:29:44] [XMLENTRY][select_debug] scenario_id='life_family_care_plugin' class='android.widget.RelativeLayout' rid='' bounds='42,310,1038,1042' own_text='' own_content_desc='' normalized_own_text='' descendant_text_summary='Family Care,Family Care,Take care of yourself an' matched_phrase='family care' match_source='descendant_title' selected_reason='actionable_container' candidate_rank=1 title_descendant_disagree=false representative_visible_label='' representative_label_source='descendant'
[19:29:45] [XMLENTRY][result] success=true reason='transition_confirmed'
[19:29:45] [SCENARIO][pre_nav] success step=1 reason='Target node not found'
[19:29:46] [SCENARIO][pre_nav] success
[19:29:51] [CONTEXT] skipped reason='anchor_only_mode'
[19:29:51] [CONTEXT] skipped reason='anchor_only_mode'
[19:29:51] [CONTEXT] scenario='life_family_care_plugin' type='skipped' expected='' actual='' ok=True
[19:29:51] [CONTEXT] verification passed scenario='life_family_care_plugin'
[19:29:51] [ANCHOR][scenario_start] success scenario='life_family_care_plugin' selected={'success': False, 'status': 'failed', 'detail': 'ACTION_ACCESSIBILITY_FOCUS failed (resourceId=null, class=android.widget.ImageButton)', 'raw': {'timestamp': 1776767389195, 'reqId': '4a0f9b0d', 'success': False, 'reason': 'ACTION_ACCESSIBILITY_FOCUS failed (resourceId=null, class=android.widget.ImageButton)', 'action': 'FOCUS', 'targetName': '(?i).*navigate\\s*up.*', 'targetType': 'a', 'targetIndex': 0, 'attemptedClassName': 'android.widget.ImageButton', 'target': {'timestamp': 1776767389195, 'schemaVersion': '1.2.0', 'snapshotBuilderVersion': '1.2.0', 'packageName': 'com.samsung.android.oneconnect', 'className': 'android.widget.ImageButton', 'viewIdResourceName': None, 'text': None, 'contentDescription': 'Navigate up', 'mergedLabel': 'Navigate up', 'talkbackLabel': 'Navigate up', 'clickable': True, 'focusable': True, 'focused': False, 'accessibilityFocused': True, 'visibleToUser': True, 'isVisibleToUser': True, 'selected': False, 'checkable': False, 'checked': False, 'enabled': True, 'boundsInScreen': {'l': 0, 't': 118, 'r': 180, 'b': 310, 'left': 0, 'top': 118, 'right': 180, 'bottom': 310}, 'children': []}}} matched=True stable=True context_ok=True reason='verified_without_select'
[19:29:51] [TRACE][open_scenario] scenario='life_family_care_plugin' stabilization_mode='anchor_only' focus_align_attempted=True focus_align_ok=False focus_align_reason='selector_not_focused' context_ok=False anchor_matched=False anchor_stable=True
[19:29:52] [ENTRY][post_open_identity] scenario_id='life_family_care_plugin' top_visible_labels='Navigate up Navigate up,Family Care,Add family member Add fa,More options More option,Me' top_focus_label='Navigate up Navigate up' back_button_present=true body_texts='Navigate up Navigate up,Family Care,Add family member Add fa,More options More option,View profile View profil' plugin_title_candidates='Navigate up Navigate up,Family Care,Add family member Add fa' verify_hit=true special_token_hit=false
[19:29:52] [ENTRY][special_state_check] detected=true signals='long_intro,cta,top_chrome_intro_cta' kind='setup_needed_or_empty_state'
[19:29:52] [ENTRY][special_state_debug] phase='pre_route' focus_label='Navigate up Navigate up' focus_visible='Navigate up Navigate up Family Care Add family member Add family member More options More options Me View profile View p' verify_hit=true long_intro_like=true intro_focus=false top_chrome_intro_cta=true
[19:29:52] [ENTRY][special_state_debug] top_visible='Navigate up Navigate up,Family Care,Add family member Add family member,More options More options,Me' body_texts='Navigate up Navigate up,Family Care,Add family member Add family member,More options More options,View profile View profile'
[19:29:52] [ENTRY][special_state_debug] special_hits='none' cta_hits='set up' signals='long_intro,cta,top_chrome_intro_cta' verify_hit=true
[19:29:52] [ENTRY][special_state_grace] start max_steps=3 verify_success=true signals='long_intro,cta,top_chrome_intro_cta'
[19:29:52] [ENTRY][special_state_grace] step=1 move_attempted=false move_result='snapshot_reused' focus_label='Navigate up Navigate up' focus_visible='Navigate up Navigate up Family Care Add family member Add family member More options More option' top_visible='navigate up navigate up,family care,add family member add family member,more options more options,me' body_texts='navigate up navigate up,family care,add family member add family member,more options more options,view profile view profile' home_like_hits='profile,view profile,member,family member,me' onboarding_hits='set up' evidence='home_like_profile' decision='normal_traversal'
[19:29:52] [ENTRY][special_state_check] decision='normal_traversal_after_grace'
[19:29:52] [SCENARIO][entry_contract] success scenario='life_family_care_plugin' entry_type='card' reason='success_verified' detail='plugin_open_verified'
[19:29:53] [TRACE][post_open_focus] scenario='life_family_care_plugin' view_id='' label='Navigate up' speech='Navigate up' bounds='{'l': 0, 't': 118, 'r': 180, 'b': 310, 'left': 0, 'top': 118, 'right': 180, 'bottom': 310}' source='top_level' top_level=True
[19:29:58] [TRACE][anchor_row] scenario='life_family_care_plugin' step=0 view_id='' visible='Navigate up' speech='Navigate up' normalized_visible='navigate up' is_global_nav=False
[19:29:58] [ROW] fingerprint='|navigate up|navigate up|90,214' normalized_fingerprint='|navigate up|navigate up' duplicate=false recent_duplicate=false distance=0 recent_semantic_duplicate=false semantic_distance=0 semantic_window_unique=1 noise=false
[19:29:58] [RESULT] skipped anchor rows count=1
[19:29:58] [SAVE] writing sheets raw/filtered/summary/result
[19:29:58] [SAVE] filtered rows=1, raw rows=1
[19:29:58] [SAVE] saved excel: output/talkback_compare_20260421_192927.xlsx rows=1 with_images=False
[19:29:58] [STEP] START tab='(?i).*life.*' step=1
[19:30:04] [ROW] fingerprint='|navigate up|navigate up|90,214' normalized_fingerprint='|navigate up|navigate up' duplicate=true recent_duplicate=true distance=1 recent_semantic_duplicate=true semantic_distance=1 semantic_window_unique=1 noise=false
[19:30:04] [STEP] END tab='(?i).*life.*' step=1 elapsed=5.37s move_result='{'success': True, 'status': 'moved', 'detail': 'moved', 'raw': {'timestamp': 1776767399539, 'reqId': '8f0aa2db', 'success': True, 'status': 'moved', 'detail': 'moved', 'flags': []}}' visible='Navigate up' speech='Navigate up' crop='output\talkback_compare_20260421_192927\crops\i_._life._step_1_Navigate_up.png' timing(move=0.463s ann=3.924s get_focus=0.988s get_focus_fallback_dump=0.000s step_dump=0.000s crop=0.489s total=5.864s) focus_reason='' fallback_used=False fallback_found=False step_dump_used=False step_dump_reason='focus_payload_sufficient' req_id='f359c600'
[19:30:04] [STOP][eval] step=1 scenario='life_family_care_plugin' terminal=false same_like_count=1 no_progress=false scenario_type='content' is_global_nav=false after_realign=false recent_repeat=false bounded_two_card_loop=false semantic_same_like=true recent_duplicate=true recent_duplicate_distance=1 recent_semantic_duplicate=true recent_semantic_duplicate_distance=1 recent_semantic_unique_count=1 strict_duplicate=true semantic_duplicate=true repeat_class='mixed_repeat' loop_classification='harmful_loop' hard_no_progress=false soft_no_progress=false no_progress_class='none' overlay_realign_grace_active=false min_step_gate_blocked=false realign_grace_suppressed=false repeat_stop_hit=false decision='continue' reason='none' traversal_result='PASS_MOVED' final_result='PASS' failure_reason='' stop_explain_version='pr7_explain_v1' stop_explain_input='step:1|move:moved|smart:moved|same:1|fail:0' stop_explain_repeat='recent:false|class:mixed_repeat|strict:true|semantic:true|loop:harmful_loop|two_card:false' stop_explain_no_progress='hit:false|class:none|hard:false|soft:false' stop_explain_gate='candidate:false|min_block:false|realign_suppress:false|realign_active:false|decision:continue'
[19:30:04] [OVERLAY] blocked no_overlay_policy scenario='life_family_care_plugin' tab='(?i).*life.*' step=1
[19:30:04] [STEP] START tab='(?i).*life.*' step=2
[19:30:09] [ROW] fingerprint='|family care|family care|357,213' normalized_fingerprint='|family care|family care' duplicate=false recent_duplicate=false distance=0 recent_semantic_duplicate=false semantic_distance=0 semantic_window_unique=2 noise=false
[19:30:09] [STEP] END tab='(?i).*life.*' step=2 elapsed=4.53s move_result='{'success': True, 'status': 'moved', 'detail': 'moved', 'raw': {'timestamp': 1776767405407, 'reqId': '748acc73', 'success': True, 'status': 'moved', 'detail': 'moved', 'flags': []}}' visible='Family Care' speech='Family Care' crop='output\talkback_compare_20260421_192927\crops\i_._life._step_2_Family_Care.png' timing(move=0.480s ann=3.046s get_focus=1.006s get_focus_fallback_dump=0.000s step_dump=0.000s crop=0.487s total=5.020s) focus_reason='' fallback_used=False fallback_found=False step_dump_used=False step_dump_reason='focus_payload_sufficient' req_id='f4b40629'
[19:30:09] [STOP][eval] step=2 scenario='life_family_care_plugin' terminal=false same_like_count=0 no_progress=false scenario_type='content' is_global_nav=false after_realign=false recent_repeat=false bounded_two_card_loop=false semantic_same_like=false recent_duplicate=false recent_duplicate_distance=0 recent_semantic_duplicate=false recent_semantic_duplicate_distance=0 recent_semantic_unique_count=2 strict_duplicate=false semantic_duplicate=false repeat_class='none' loop_classification='none' hard_no_progress=false soft_no_progress=false no_progress_class='none' overlay_realign_grace_active=false min_step_gate_blocked=false realign_grace_suppressed=false repeat_stop_hit=false decision='continue' reason='none' traversal_result='PASS_MOVED' final_result='PASS' failure_reason='' stop_explain_version='pr7_explain_v1' stop_explain_input='step:2|move:moved|smart:moved|same:0|fail:0' stop_explain_repeat='recent:false|class:none|strict:false|semantic:false|loop:none|two_card:false' stop_explain_no_progress='hit:false|class:none|hard:false|soft:false' stop_explain_gate='candidate:false|min_block:false|realign_suppress:false|realign_active:false|decision:continue'
[19:30:09] [OVERLAY] blocked no_overlay_policy scenario='life_family_care_plugin' tab='(?i).*life.*' step=2
[19:30:09] [STEP] START tab='(?i).*life.*' step=3
[19:30:14] [ROW] fingerprint='com.samsung.android.plugin.care:id/menu_main_invite_member|add family member|add family member|864,214' normalized_fingerprint='com samsung android plugin care id menu main invite member|add family member|add family member' duplicate=false recent_duplicate=false distance=0 recent_semantic_duplicate=false semantic_distance=0 semantic_window_unique=3 noise=false
[19:30:14] [STEP] END tab='(?i).*life.*' step=3 elapsed=4.42s move_result='{'success': True, 'status': 'moved', 'detail': 'moved', 'raw': {'timestamp': 1776767410454, 'reqId': 'c96b8962', 'success': True, 'status': 'moved', 'detail': 'moved', 'flags': []}}' visible='Add family member' speech='Add family member' crop='output\talkback_compare_20260421_192927\crops\i_._life._step_3_Add_family_member.png' timing(move=0.493s ann=2.940s get_focus=0.990s get_focus_fallback_dump=0.000s step_dump=0.000s crop=0.469s total=4.893s) focus_reason='' fallback_used=False fallback_found=False step_dump_used=False step_dump_reason='focus_payload_sufficient' req_id='3718afb4'
[19:30:14] [STOP][eval] step=3 scenario='life_family_care_plugin' terminal=false same_like_count=0 no_progress=false scenario_type='content' is_global_nav=false after_realign=false recent_repeat=false bounded_two_card_loop=false semantic_same_like=false recent_duplicate=false recent_duplicate_distance=0 recent_semantic_duplicate=false recent_semantic_duplicate_distance=0 recent_semantic_unique_count=3 strict_duplicate=false semantic_duplicate=false repeat_class='none' loop_classification='none' hard_no_progress=false soft_no_progress=false no_progress_class='none' overlay_realign_grace_active=false min_step_gate_blocked=false realign_grace_suppressed=false repeat_stop_hit=false decision='continue' reason='none' traversal_result='PASS_MOVED' final_result='PASS' failure_reason='' stop_explain_version='pr7_explain_v1' stop_explain_input='step:3|move:moved|smart:moved|same:0|fail:0' stop_explain_repeat='recent:false|class:none|strict:false|semantic:false|loop:none|two_card:false' stop_explain_no_progress='hit:false|class:none|hard:false|soft:false' stop_explain_gate='candidate:false|min_block:false|realign_suppress:false|realign_active:false|decision:continue'
[19:30:14] [RESULT] skipped anchor rows count=1
[19:30:14] [SAVE] writing sheets raw/filtered/summary/result
[19:30:14] [SAVE] filtered rows=3, raw rows=4
[19:30:14] [SAVE] saved excel: output/talkback_compare_20260421_192927.xlsx rows=4 with_images=False
[19:30:14] [OVERLAY] blocked no_overlay_policy scenario='life_family_care_plugin' tab='(?i).*life.*' step=3
[19:30:14] [STEP] START tab='(?i).*life.*' step=4
[19:30:19] [ROW] fingerprint='|more options|more options|1002,214' normalized_fingerprint='|more options|more options' duplicate=false recent_duplicate=false distance=0 recent_semantic_duplicate=false semantic_distance=0 semantic_window_unique=4 noise=false
[19:30:19] [STEP] END tab='(?i).*life.*' step=4 elapsed=4.56s move_result='{'success': True, 'status': 'moved', 'detail': 'moved', 'raw': {'timestamp': 1776767415504, 'reqId': '33c81714', 'success': True, 'status': 'moved', 'detail': 'moved', 'flags': []}}' visible='More options' speech='More options' crop='output\talkback_compare_20260421_192927\crops\i_._life._step_4_More_options.png' timing(move=0.534s ann=3.035s get_focus=0.993s get_focus_fallback_dump=0.000s step_dump=0.000s crop=0.513s total=5.075s) focus_reason='' fallback_used=False fallback_found=False step_dump_used=False step_dump_reason='focus_payload_sufficient' req_id='586b8342'
[19:30:19] [STOP][eval] step=4 scenario='life_family_care_plugin' terminal=false same_like_count=0 no_progress=false scenario_type='content' is_global_nav=false after_realign=false recent_repeat=false bounded_two_card_loop=false semantic_same_like=false recent_duplicate=false recent_duplicate_distance=0 recent_semantic_duplicate=false recent_semantic_duplicate_distance=0 recent_semantic_unique_count=4 strict_duplicate=false semantic_duplicate=false repeat_class='none' loop_classification='none' hard_no_progress=false soft_no_progress=false no_progress_class='none' overlay_realign_grace_active=false min_step_gate_blocked=false realign_grace_suppressed=false repeat_stop_hit=false decision='continue' reason='none' traversal_result='PASS_MOVED' final_result='PASS' failure_reason='' stop_explain_version='pr7_explain_v1' stop_explain_input='step:4|move:moved|smart:moved|same:0|fail:0' stop_explain_repeat='recent:false|class:none|strict:false|semantic:false|loop:none|two_card:false' stop_explain_no_progress='hit:false|class:none|hard:false|soft:false' stop_explain_gate='candidate:false|min_block:false|realign_suppress:false|realign_active:false|decision:continue'
[19:30:19] [OVERLAY] blocked no_overlay_policy scenario='life_family_care_plugin' tab='(?i).*life.*' step=4
[19:30:19] [STEP] START tab='(?i).*life.*' step=5
[19:30:24] [ROW] fingerprint='com.samsung.android.plugin.care:id/profile_text|me|me|141,394' normalized_fingerprint='com samsung android plugin care id profile text|me|me' duplicate=false recent_duplicate=false distance=0 recent_semantic_duplicate=false semantic_distance=0 semantic_window_unique=5 noise=false
[19:30:24] [STEP] END tab='(?i).*life.*' step=5 elapsed=4.66s move_result='{'success': True, 'status': 'moved', 'detail': 'moved', 'raw': {'timestamp': 1776767420570, 'reqId': '08dbcf3e', 'success': True, 'status': 'moved', 'detail': 'moved', 'flags': []}}' visible='Me' speech='Me' crop='output\talkback_compare_20260421_192927\crops\i_._life._step_5_Me.png' timing(move=0.556s ann=3.074s get_focus=1.028s get_focus_fallback_dump=0.000s step_dump=0.000s crop=0.474s total=5.133s) focus_reason='' fallback_used=False fallback_found=False step_dump_used=False step_dump_reason='focus_payload_sufficient' req_id='489bcf6f'
[19:30:24] [STOP][eval] step=5 scenario='life_family_care_plugin' terminal=false same_like_count=0 no_progress=false scenario_type='content' is_global_nav=false after_realign=false recent_repeat=false bounded_two_card_loop=false semantic_same_like=false recent_duplicate=false recent_duplicate_distance=0 recent_semantic_duplicate=false recent_semantic_duplicate_distance=0 recent_semantic_unique_count=5 strict_duplicate=false semantic_duplicate=false repeat_class='none' loop_classification='none' hard_no_progress=false soft_no_progress=false no_progress_class='none' overlay_realign_grace_active=false min_step_gate_blocked=false realign_grace_suppressed=false repeat_stop_hit=false decision='continue' reason='none' traversal_result='PASS_MOVED' final_result='PASS' failure_reason='' stop_explain_version='pr7_explain_v1' stop_explain_input='step:5|move:moved|smart:moved|same:0|fail:0' stop_explain_repeat='recent:false|class:none|strict:false|semantic:false|loop:none|two_card:false' stop_explain_no_progress='hit:false|class:none|hard:false|soft:false' stop_explain_gate='candidate:false|min_block:false|realign_suppress:false|realign_active:false|decision:continue'
[19:30:24] [OVERLAY] blocked no_overlay_policy scenario='life_family_care_plugin' tab='(?i).*life.*' step=5
[19:30:24] [STEP] START tab='(?i).*life.*' step=6
[19:30:30] [ROW] fingerprint='com.samsung.android.plugin.care:id/profile_icon|view profile|view profile|903,451' normalized_fingerprint='com samsung android plugin care id profile icon|view profile|view profile' duplicate=false recent_duplicate=false distance=0 recent_semantic_duplicate=false semantic_distance=0 semantic_window_unique=6 noise=false
[19:30:30] [STEP] END tab='(?i).*life.*' step=6 elapsed=4.65s move_result='{'success': True, 'status': 'moved', 'detail': 'moved', 'raw': {'timestamp': 1776767425728, 'reqId': '361357d4', 'success': True, 'status': 'moved', 'detail': 'moved', 'flags': []}}' visible='View profile' speech='View profile' crop='output\talkback_compare_20260421_192927\crops\i_._life._step_6_View_profile.png' timing(move=0.568s ann=3.073s get_focus=1.012s get_focus_fallback_dump=0.000s step_dump=0.000s crop=0.481s total=5.135s) focus_reason='' fallback_used=False fallback_found=False step_dump_used=False step_dump_reason='focus_payload_sufficient' req_id='b74f2448'
[19:30:30] [STOP][eval] step=6 scenario='life_family_care_plugin' terminal=false same_like_count=0 no_progress=false scenario_type='content' is_global_nav=false after_realign=false recent_repeat=false bounded_two_card_loop=false semantic_same_like=false recent_duplicate=false recent_duplicate_distance=0 recent_semantic_duplicate=false recent_semantic_duplicate_distance=0 recent_semantic_unique_count=6 strict_duplicate=false semantic_duplicate=false repeat_class='none' loop_classification='none' hard_no_progress=false soft_no_progress=false no_progress_class='none' overlay_realign_grace_active=false min_step_gate_blocked=false realign_grace_suppressed=false repeat_stop_hit=false decision='continue' reason='none' traversal_result='PASS_MOVED' final_result='PASS' failure_reason='' stop_explain_version='pr7_explain_v1' stop_explain_input='step:6|move:moved|smart:moved|same:0|fail:0' stop_explain_repeat='recent:false|class:none|strict:false|semantic:false|loop:none|two_card:false' stop_explain_no_progress='hit:false|class:none|hard:false|soft:false' stop_explain_gate='candidate:false|min_block:false|realign_suppress:false|realign_active:false|decision:continue'
[19:30:30] [RESULT] skipped anchor rows count=1
[19:30:30] [SAVE] writing sheets raw/filtered/summary/result
[19:30:30] [SAVE] filtered rows=6, raw rows=7
[19:30:30] [SAVE] saved excel: output/talkback_compare_20260421_192927.xlsx rows=7 with_images=False
[19:30:30] [OVERLAY] blocked no_overlay_policy scenario='life_family_care_plugin' tab='(?i).*life.*' step=6
[19:30:30] [STEP] START tab='(?i).*life.*' step=7
[19:30:35] [ROW] fingerprint='com.samsung.android.plugin.care:id/profile_status_text|active now|active now|288,520' normalized_fingerprint='com samsung android plugin care id profile status text|active now|active now' duplicate=false recent_duplicate=false distance=0 recent_semantic_duplicate=false semantic_distance=0 semantic_window_unique=6 noise=false
[19:30:35] [STEP] END tab='(?i).*life.*' step=7 elapsed=4.70s move_result='{'success': True, 'status': 'moved', 'detail': 'moved', 'raw': {'timestamp': 1776767430961, 'reqId': 'aa54f1c0', 'success': True, 'status': 'moved', 'detail': 'moved', 'flags': []}}' visible='Active now' speech='Active now' crop='output\talkback_compare_20260421_192927\crops\i_._life._step_7_Active_now.png' timing(move=0.563s ann=3.121s get_focus=1.017s get_focus_fallback_dump=0.000s step_dump=0.000s crop=0.497s total=5.200s) focus_reason='' fallback_used=False fallback_found=False step_dump_used=False step_dump_reason='focus_payload_sufficient' req_id='6a12c4b0'
[19:30:35] [STOP][eval] step=7 scenario='life_family_care_plugin' terminal=false same_like_count=0 no_progress=false scenario_type='content' is_global_nav=false after_realign=false recent_repeat=false bounded_two_card_loop=false semantic_same_like=false recent_duplicate=false recent_duplicate_distance=0 recent_semantic_duplicate=false recent_semantic_duplicate_distance=0 recent_semantic_unique_count=6 strict_duplicate=false semantic_duplicate=false repeat_class='none' loop_classification='none' hard_no_progress=false soft_no_progress=false no_progress_class='none' overlay_realign_grace_active=false min_step_gate_blocked=false realign_grace_suppressed=false repeat_stop_hit=false decision='continue' reason='none' traversal_result='PASS_MOVED' final_result='PASS' failure_reason='' stop_explain_version='pr7_explain_v1' stop_explain_input='step:7|move:moved|smart:moved|same:0|fail:0' stop_explain_repeat='recent:false|class:none|strict:false|semantic:false|loop:none|two_card:false' stop_explain_no_progress='hit:false|class:none|hard:false|soft:false' stop_explain_gate='candidate:false|min_block:false|realign_suppress:false|realign_active:false|decision:continue'
[19:30:35] [OVERLAY] blocked no_overlay_policy scenario='life_family_care_plugin' tab='(?i).*life.*' step=7
[19:30:35] [STEP] START tab='(?i).*life.*' step=8
[19:30:40] [ROW] fingerprint='com.samsung.android.plugin.care:id/suggestion_text|relax and enjoy a quiet peaceful evening.|relax and enjoy a quiet peaceful evening.|546,753' normalized_fingerprint='com samsung android plugin care id suggestion text|relax and enjoy a quiet peaceful evening|relax and enjoy a quiet peaceful evening' duplicate=false recent_duplicate=false distance=0 recent_semantic_duplicate=false semantic_distance=0 semantic_window_unique=6 noise=false
[19:30:40] [STEP] END tab='(?i).*life.*' step=8 elapsed=4.61s move_result='{'success': True, 'status': 'moved', 'detail': 'moved', 'raw': {'timestamp': 1776767436185, 'reqId': '534ba6fc', 'success': True, 'status': 'moved', 'detail': 'moved', 'flags': []}}' visible='Relax and enjoy a quiet, peaceful evening.' speech='Relax and enjoy a quiet, peaceful evening.' crop='output\talkback_compare_20260421_192927\crops\i_._life._step_8_Relax_and_enjoy_a_quiet__peaceful_evenin.png' timing(move=0.568s ann=3.078s get_focus=0.966s get_focus_fallback_dump=0.000s step_dump=0.000s crop=0.476s total=5.090s) focus_reason='' fallback_used=False fallback_found=False step_dump_used=False step_dump_reason='focus_payload_sufficient' req_id='9c5d79a9'
[19:30:40] [STOP][eval] step=8 scenario='life_family_care_plugin' terminal=false same_like_count=0 no_progress=false scenario_type='content' is_global_nav=false after_realign=false recent_repeat=false bounded_two_card_loop=false semantic_same_like=false recent_duplicate=false recent_duplicate_distance=0 recent_semantic_duplicate=false recent_semantic_duplicate_distance=0 recent_semantic_unique_count=6 strict_duplicate=false semantic_duplicate=false repeat_class='none' loop_classification='none' hard_no_progress=false soft_no_progress=false no_progress_class='none' overlay_realign_grace_active=false min_step_gate_blocked=false realign_grace_suppressed=false repeat_stop_hit=false decision='continue' reason='none' traversal_result='PASS_MOVED' final_result='PASS' failure_reason='' stop_explain_version='pr7_explain_v1' stop_explain_input='step:8|move:moved|smart:moved|same:0|fail:0' stop_explain_repeat='recent:false|class:none|strict:false|semantic:false|loop:none|two_card:false' stop_explain_no_progress='hit:false|class:none|hard:false|soft:false' stop_explain_gate='candidate:false|min_block:false|realign_suppress:false|realign_active:false|decision:continue'
[19:30:40] [OVERLAY] blocked no_overlay_policy scenario='life_family_care_plugin' tab='(?i).*life.*' step=8
[19:30:40] [STEP] START tab='(?i).*life.*' step=9
[19:30:45] [ROW] fingerprint='com.samsung.android.plugin.care:id/banner_frame_layout|weather information icon. add home information|weather information icon. add home information|498,948' normalized_fingerprint='com samsung android plugin care id banner frame layout|weather information icon add home information|weather information icon add home information' duplicate=false recent_duplicate=false distance=0 recent_semantic_duplicate=false semantic_distance=0 semantic_window_unique=6 noise=false
[19:30:45] [STEP] END tab='(?i).*life.*' step=9 elapsed=4.53s move_result='{'success': True, 'status': 'moved', 'detail': 'moved', 'raw': {'timestamp': 1776767441276, 'reqId': 'e3f0fab5', 'success': True, 'status': 'moved', 'detail': 'moved', 'flags': []}}' visible='Weather information, Icon. Add home information' speech='Weather information, Icon. Add home information' crop='output\talkback_compare_20260421_192927\crops\i_._life._step_9_Weather_information__Icon._Add_home_info.png' timing(move=0.546s ann=3.008s get_focus=0.974s get_focus_fallback_dump=0.000s step_dump=0.000s crop=0.480s total=5.008s) focus_reason='' fallback_used=False fallback_found=False step_dump_used=False step_dump_reason='focus_payload_sufficient' req_id='504336c1'
[19:30:45] [STOP][eval] step=9 scenario='life_family_care_plugin' terminal=false same_like_count=0 no_progress=false scenario_type='content' is_global_nav=false after_realign=false recent_repeat=false bounded_two_card_loop=false semantic_same_like=false recent_duplicate=false recent_duplicate_distance=0 recent_semantic_duplicate=false recent_semantic_duplicate_distance=0 recent_semantic_unique_count=6 strict_duplicate=false semantic_duplicate=false repeat_class='none' loop_classification='none' hard_no_progress=false soft_no_progress=false no_progress_class='none' overlay_realign_grace_active=false min_step_gate_blocked=false realign_grace_suppressed=false repeat_stop_hit=false decision='continue' reason='none' traversal_result='PASS_MOVED' final_result='PASS' failure_reason='' stop_explain_version='pr7_explain_v1' stop_explain_input='step:9|move:moved|smart:moved|same:0|fail:0' stop_explain_repeat='recent:false|class:none|strict:false|semantic:false|loop:none|two_card:false' stop_explain_no_progress='hit:false|class:none|hard:false|soft:false' stop_explain_gate='candidate:false|min_block:false|realign_suppress:false|realign_active:false|decision:continue'
[19:30:45] [RESULT] skipped anchor rows count=1
[19:30:45] [SAVE] writing sheets raw/filtered/summary/result
[19:30:45] [SAVE] filtered rows=9, raw rows=10
[19:30:45] [SAVE] saved excel: output/talkback_compare_20260421_192927.xlsx rows=10 with_images=False
[19:30:45] [OVERLAY] blocked no_overlay_policy scenario='life_family_care_plugin' tab='(?i).*life.*' step=9
[19:30:45] [STEP] START tab='(?i).*life.*' step=10
[19:30:51] [ROW] fingerprint='com.samsung.android.plugin.care:id/suggestion_card_container|want better insight into your daily life? set up the smartthings devices that yo|later want better insight into your daily life? set up the smartthings devices t|540,1366' normalized_fingerprint='com samsung android plugin care id suggestion card container|want better insight into your daily life set up the smartthings devices that you use to better understand your daily lif|later want better insight into your daily life set up the smartthings devices that you use to better understand your dai' duplicate=false recent_duplicate=false distance=0 recent_semantic_duplicate=false semantic_distance=0 semantic_window_unique=6 noise=false
[19:30:51] [STEP] END tab='(?i).*life.*' step=10 elapsed=5.18s move_result='{'success': True, 'status': 'moved', 'detail': 'moved', 'raw': {'timestamp': 1776767447001, 'reqId': 'e4291ace', 'success': True, 'status': 'moved', 'detail': 'moved', 'flags': []}}' visible='Want better insight into your daily life? Set up the SmartThings devices that you use to better understand your daily life. Later Set up now' speech='Later Want better insight into your daily life? Set up the SmartThings devices that you use to better understand your daily life. Later Set up now' crop='output\talkback_compare_20260421_192927\crops\i_._life._step_10_Want_better_insight_into_your_daily_life.png' timing(move=1.149s ann=3.038s get_focus=0.990s get_focus_fallback_dump=0.000s step_dump=0.000s crop=0.491s total=5.670s) focus_reason='' fallback_used=False fallback_found=False step_dump_used=False step_dump_reason='focus_payload_sufficient' req_id='ad15e101'
[19:30:51] [STOP][eval] step=10 scenario='life_family_care_plugin' terminal=false same_like_count=0 no_progress=false scenario_type='content' is_global_nav=false after_realign=false recent_repeat=false bounded_two_card_loop=false semantic_same_like=false recent_duplicate=false recent_duplicate_distance=0 recent_semantic_duplicate=false recent_semantic_duplicate_distance=0 recent_semantic_unique_count=6 strict_duplicate=false semantic_duplicate=false repeat_class='none' loop_classification='none' hard_no_progress=false soft_no_progress=false no_progress_class='none' overlay_realign_grace_active=false min_step_gate_blocked=false realign_grace_suppressed=false repeat_stop_hit=false decision='continue' reason='none' traversal_result='PASS_MOVED' final_result='PASS' failure_reason='' stop_explain_version='pr7_explain_v1' stop_explain_input='step:10|move:moved|smart:moved|same:0|fail:0' stop_explain_repeat='recent:false|class:none|strict:false|semantic:false|loop:none|two_card:false' stop_explain_no_progress='hit:false|class:none|hard:false|soft:false' stop_explain_gate='candidate:false|min_block:false|realign_suppress:false|realign_active:false|decision:continue'
[19:30:51] [OVERLAY] blocked no_overlay_policy scenario='life_family_care_plugin' tab='(?i).*life.*' step=10
[19:30:51] [STEP] START tab='(?i).*life.*' step=11
[19:30:57] [ROW] fingerprint='com.samsung.android.plugin.care:id/suggestion_card_container|want better insight into your daily life? set up the smartthings devices that yo|want better insight into your daily life? set up the smartthings devices that yo|540,1366' normalized_fingerprint='com samsung android plugin care id suggestion card container|want better insight into your daily life set up the smartthings devices that you use to better understand your daily lif|want better insight into your daily life set up the smartthings devices that you use to better understand your daily lif' duplicate=false recent_duplicate=false distance=0 recent_semantic_duplicate=false semantic_distance=0 semantic_window_unique=6 noise=false
[19:30:57] [STEP] END tab='(?i).*life.*' step=11 elapsed=5.24s move_result='' visible='Want better insight into your daily life? Set up the SmartThings devices that you use to better understand your daily life. Later Set up now' speech='Want better insight into your daily life? Set up the SmartThings devices that you use to better understand your daily life. Later Set up now' crop='output\talkback_compare_20260421_192927\crops\i_._life._step_11_Want_better_insight_into_your_daily_life.png' timing(move=0.390s ann=3.839s get_focus=1.009s get_focus_fallback_dump=0.000s step_dump=0.000s crop=0.487s total=5.725s) focus_reason='' fallback_used=False fallback_found=False step_dump_used=False step_dump_reason='focus_payload_sufficient' req_id='f69d9837'
[19:30:57] [STOP][eval] step=11 scenario='life_family_care_plugin' terminal=false same_like_count=1 no_progress=true scenario_type='content' is_global_nav=false after_realign=false recent_repeat=false bounded_two_card_loop=false semantic_same_like=false recent_duplicate=false recent_duplicate_distance=0 recent_semantic_duplicate=false recent_semantic_duplicate_distance=0 recent_semantic_unique_count=6 strict_duplicate=true semantic_duplicate=false repeat_class='strict_duplicate' loop_classification='harmful_loop' hard_no_progress=true soft_no_progress=false no_progress_class='hard_no_progress' overlay_realign_grace_active=false min_step_gate_blocked=false realign_grace_suppressed=false repeat_stop_hit=true decision='stop' reason='repeat_no_progress' traversal_result='FAIL_STUCK' final_result='FAIL' failure_reason='repeat_no_progress' stop_explain_version='pr7_explain_v1' stop_explain_input='step:11|move:failed|smart:failed|same:1|fail:1' stop_explain_repeat='recent:false|class:strict_duplicate|strict:true|semantic:false|loop:harmful_loop|two_card:false' stop_explain_no_progress='hit:true|class:hard_no_progress|hard:true|soft:false' stop_explain_gate='candidate:true|min_block:false|realign_suppress:false|realign_active:false|decision:stop'
[19:30:57] [RESULT] skipped anchor rows count=1
[19:30:57] [SAVE] writing sheets raw/filtered/summary/result
[19:30:57] [SAVE] filtered rows=11, raw rows=12
[19:30:57] [SAVE] saved excel: output/talkback_compare_20260421_192927.xlsx rows=12 with_images=False
[19:30:57] [OVERLAY] blocked no_overlay_policy scenario='life_family_care_plugin' tab='(?i).*life.*' step=11
[19:30:57] [STOP][triggered] step=11 scenario='life_family_care_plugin' decision='stop' reason='repeat_no_progress'
[19:30:57] [STOP][summary] scenario='life_family_care_plugin' stop_triggered=true stop_step=11 reason='repeat_no_progress'
[19:30:57] [PERF][scenario_summary] scenario=life_family_care_plugin tab=(?i).*life.* total_runtime=87.8 total_steps=12 main_step_count=12 overlay_step_count=0 overlay_count=0 avg_get_focus=1.0 avg_move=0.526 avg_crop=0.491 avg_step_total=5.218 step_total_sample_count=12 avg_get_focus_main=1.0 avg_get_focus_overlay=0.0 fallback_dump_count=0 success_false_top_level_dump_attempt_count=0 success_false_top_level_dump_found_count=0 fallback_dump_rate=0.0 get_focus_strong_skip_count=12 get_focus_strong_skip_rate=100.0 step_dump_used_count=0 save_excel_count=5 realign_attempt_count=0 realign_success_count=0 realign_success_rate=0.0
[19:30:57] [MAIN] skip disabled scenario_id='life_plant_care_plugin' tab='(?i).*life.*'
[19:30:57] [MAIN] skip disabled scenario_id='life_clothing_care_plugin' tab='(?i).*life.*'
[19:30:57] [MAIN] skip disabled scenario_id='life_find_plugin' tab='(?i).*life.*'
[19:30:57] [MAIN] skip disabled scenario_id='life_video_plugin' tab='(?i).*life.*'
[19:30:57] [MAIN] skip disabled scenario_id='life_home_monitor_plugin' tab='(?i).*life.*'
[19:30:57] [MAIN] skip disabled scenario_id='life_music_sync_plugin' tab='(?i).*life.*'
[19:30:57] [RESULT] skipped anchor rows count=1
[19:30:57] [SAVE] writing sheets raw/filtered/summary/result
[19:30:57] [SAVE] filtered rows=11, raw rows=12
[19:30:57] [SAVE] saved excel: output/talkback_compare_20260421_192927.xlsx rows=12 with_images=True
[19:30:57] [MAIN] final save complete
[19:30:57] [PERF][run_summary] total_runtime=88.1 total_scenarios=1 total_steps=12 total_overlay_count=0 avg_get_focus=1.0 avg_move=0.526 fallback_dump_count=0 success_false_top_level_dump_attempt_count=0 success_false_top_level_dump_found_count=0 fallback_dump_rate=0.0 get_focus_strong_skip_rate=100.0 realign_success_rate=0.0 save_excel_count=6
