[22:21:00] [SAVE][temp] override tmp='D:\Python test\talkback-a11y-helper\output\.tmp' temp='D:\Python test\talkback-a11y-helper\output\.tmp' applied=true
[22:21:00] [MAIN] script start (version=1.7.82, log_level=NORMAL)
[22:21:02] [PREFLIGHT] talkback status='enabled'
[22:21:02] [MAIN] output file: output/talkback_compare_20260415_222100.xlsx
[22:21:02] [MAIN] image dir base: output\talkback_compare_20260415_222100
[22:21:02] [CONFIG] runtime config loaded path='config\runtime_config.json'
[22:21:02] [GLOBAL_NAV][guard] forcing stabilization_mode='tab_context' scenario='global_nav_main' requested='anchor_then_context'
[22:21:02] [CONFIG] scenario resolved scenario='global_nav_main' group='main_tabs' max_steps=10 enabled=False
[22:21:02] [CONFIG] applied shared_navigation='default_global_nav'
[22:21:02] [CONFIG] scenario enabled scenario='global_nav_main' source='runtime' enabled=False base_enabled=False
[22:21:02] [CONFIG] scenario resolved scenario='home_main' group='main_tabs' max_steps=5 enabled=False
[22:21:02] [CONFIG] applied shared_navigation='bottom_tab_global_nav'
[22:21:02] [CONFIG] scenario enabled scenario='home_main' source='runtime' enabled=False base_enabled=False
[22:21:02] [CONFIG] scenario resolved scenario='life_food_plugin' group='plugin_screen' max_steps=5 enabled=False
[22:21:02] [CONFIG] applied pre_navigation_ref='enter_food_plugin'
[22:21:02] [CONFIG] scenario enabled scenario='life_food_plugin' source='runtime' enabled=False base_enabled=False
[22:21:02] [CONFIG] scenario resolved scenario='life_air_care_plugin' group='-' max_steps=10 enabled=True
[22:21:02] [CONFIG] scenario enabled scenario='life_air_care_plugin' source='runtime' enabled=True base_enabled=False
[22:21:02] [CONFIG] scenario resolved scenario='life_home_care_plugin' group='-' max_steps=10 enabled=True
[22:21:02] [CONFIG] scenario enabled scenario='life_home_care_plugin' source='runtime' enabled=True base_enabled=False
[22:21:02] [CONFIG] scenario resolved scenario='life_energy_plugin' group='-' max_steps=1 enabled=True
[22:21:02] [CONFIG] scenario enabled scenario='life_energy_plugin' source='runtime' enabled=True base_enabled=False
[22:21:02] [CONFIG] scenario resolved scenario='devices_main' group='main_tabs' max_steps=10 enabled=False
[22:21:02] [CONFIG] applied shared_navigation='bottom_tab_global_nav'
[22:21:02] [CONFIG] applied anchor_ref='home_tab_anchor'
[22:21:02] [CONFIG] scenario enabled scenario='devices_main' source='runtime' enabled=False base_enabled=False
[22:21:02] [CONFIG] scenario resolved scenario='life_main' group='main_tabs' max_steps=30 enabled=False
[22:21:02] [CONFIG] applied shared_navigation='bottom_tab_global_nav'
[22:21:02] [CONFIG] scenario enabled scenario='life_main' source='runtime' enabled=False base_enabled=False
[22:21:02] [CONFIG] scenario resolved scenario='routines_main' group='main_tabs' max_steps=30 enabled=False
[22:21:02] [CONFIG] applied shared_navigation='bottom_tab_global_nav'
[22:21:02] [CONFIG] scenario enabled scenario='routines_main' source='runtime' enabled=False base_enabled=False
[22:21:02] [CONFIG] scenario resolved scenario='menu_main' group='main_tabs' max_steps=30 enabled=False
[22:21:02] [CONFIG] applied shared_navigation='bottom_tab_global_nav'
[22:21:02] [CONFIG] scenario enabled scenario='menu_main' source='runtime' enabled=False base_enabled=False
[22:21:02] [CONFIG] scenario resolved scenario='settings_entry_example' group='plugin_screen' max_steps=5 enabled=False
[22:21:02] [CONFIG] applied anchor_ref='settings_button_anchor'
[22:21:02] [CONFIG] applied pre_navigation_ref='enter_settings'
[22:21:02] [CONFIG] scenario enabled scenario='settings_entry_example' source='runtime' enabled=False base_enabled=False
[22:21:02] [CONFIG] scenario resolved scenario='life_pet_care_plugin' group='-' max_steps=1 enabled=True
[22:21:02] [CONFIG] scenario enabled scenario='life_pet_care_plugin' source='runtime' enabled=True base_enabled=False
[22:21:02] [CONFIG] scenario resolved scenario='life_family_care_plugin' group='-' max_steps=1 enabled=True
[22:21:02] [CONFIG] scenario enabled scenario='life_family_care_plugin' source='runtime' enabled=True base_enabled=False
[22:21:02] [CONFIG] scenario resolved scenario='life_plant_care_plugin' group='-' max_steps=1 enabled=True
[22:21:02] [CONFIG] scenario enabled scenario='life_plant_care_plugin' source='runtime' enabled=True base_enabled=False
[22:21:02] [CONFIG] scenario resolved scenario='life_clothing_care_plugin' group='-' max_steps=1 enabled=True
[22:21:02] [CONFIG] scenario enabled scenario='life_clothing_care_plugin' source='runtime' enabled=True base_enabled=False
[22:21:02] [CONFIG] scenario resolved scenario='life_find_plugin' group='-' max_steps=1 enabled=True
[22:21:02] [CONFIG] scenario enabled scenario='life_find_plugin' source='runtime' enabled=True base_enabled=False
[22:21:02] [CONFIG] scenario resolved scenario='life_video_plugin' group='-' max_steps=1 enabled=True
[22:21:02] [CONFIG] scenario enabled scenario='life_video_plugin' source='runtime' enabled=True base_enabled=False
[22:21:02] [CONFIG] scenario resolved scenario='life_home_monitor_plugin' group='-' max_steps=1 enabled=True
[22:21:02] [CONFIG] scenario enabled scenario='life_home_monitor_plugin' source='runtime' enabled=True base_enabled=False
[22:21:02] [CONFIG] scenario resolved scenario='life_music_sync_plugin' group='-' max_steps=1 enabled=True
[22:21:02] [CONFIG] scenario enabled scenario='life_music_sync_plugin' source='runtime' enabled=True base_enabled=False
[22:21:02] [MAIN] skip disabled scenario_id='global_nav_main' tab='(?i).*(home|devices|life|routines|menu).*'
[22:21:02] [MAIN] skip disabled scenario_id='home_main' tab='(?i).*home.*'
[22:21:02] [MAIN] skip disabled scenario_id='life_food_plugin' tab='(?i).*life.*'
[22:21:02] [SCENARIO][stabilization] scenario='life_air_care_plugin' screen_context_mode='new_screen' stabilization_mode='anchor_only'
[22:21:02] [LIFE_RESET] verify phase='plugin_start_initial' attempt=1/2 global_nav_visible=true life_tab_selected=true plugin_card_list_visible=false life_list_ready=true
[22:21:02] [LIFE_RESET] plugin_card_list_visible=false (soft_only=true)
[22:21:02] [PLUGIN_START][recover_before_entry] triggered=false
[22:21:02] [PLUGIN_START][life_list_check] ok=true reason='life_tab_ready'
[22:21:02] [PLUGIN_START][recover_before_entry] success=true
[22:21:02] [CONTEXT] skipped reason='new_screen_mode' phase='tab_select'
[22:21:02] [TAB][select] fallback_to_legacy=True scenario='life_air_care_plugin'
[22:21:07] [TRACE][open_scenario] scenario='life_air_care_plugin' stabilization_mode='anchor_only' focus_align_attempted=True focus_align_ok=True focus_align_reason='' context_ok=False anchor_matched=False anchor_stable=False
[22:21:07] [SCENARIO][pre_nav] step=1 action=xml_scroll_search_tap target='(?i)(^smart\s*air\s*care$|^air\s*care$|air\s*care\.|\baircare\b|에어\s*케어)'
[22:21:07] [XMLENTRY][search] pre_reset scroll_to_top=true
[22:21:13] [XMLENTRY][search] step=0/5 visible_candidates=70 target_candidates=0
[22:21:13] [XMLENTRY][search][top] rank=1 reason='card_like_container' text='' rid='com.samsung.android.oneconnect:id/app_bar' class='android.widget.LinearLayout' bounds='0,94,1080,310' area_ratio='0.1125' target_match=false match_source='' matched_phrase='' negative_plugin_phrase=''
[22:21:13] [XMLENTRY][search][top] rank=2 reason='card_like_container' text='' rid='com.samsung.android.oneconnect:id/app_bar' class='android.widget.LinearLayout' bounds='0,94,1080,310' area_ratio='0.1125' target_match=false match_source='' matched_phrase='' negative_plugin_phrase=''
[22:21:13] [XMLENTRY][search][top] rank=3 reason='card_like_container' text='우리 집, Change location' rid='com.samsung.android.oneconnect:id/small_title_bar' class='android.widget.RelativeLayout' bounds='162,118,810,310' area_ratio='0.0600' target_match=false match_source='' matched_phrase='' negative_plugin_phrase=''
[22:21:15] [XMLENTRY][scroll] step=0/5 performed=true reason='no_strict_target_candidate'
[22:21:18] [XMLENTRY][search] step=1/5 visible_candidates=62 target_candidates=0
[22:21:18] [XMLENTRY][search][top] rank=1 reason='card_like_container' text='' rid='com.samsung.android.oneconnect:id/app_bar' class='android.widget.LinearLayout' bounds='0,94,1080,310' area_ratio='0.1125' target_match=false match_source='' matched_phrase='' negative_plugin_phrase=''
[22:21:18] [XMLENTRY][search][top] rank=2 reason='card_like_container' text='' rid='com.samsung.android.oneconnect:id/app_bar' class='android.widget.LinearLayout' bounds='0,94,1080,310' area_ratio='0.1125' target_match=false match_source='' matched_phrase='' negative_plugin_phrase=''
[22:21:18] [XMLENTRY][search][top] rank=3 reason='card_like_container' text='우리 집, Change location' rid='com.samsung.android.oneconnect:id/small_title_bar' class='android.widget.RelativeLayout' bounds='162,118,810,310' area_ratio='0.0600' target_match=false match_source='' matched_phrase='' negative_plugin_phrase=''
[22:21:21] [XMLENTRY][scroll] step=1/5 performed=true reason='no_strict_target_candidate'
[22:21:23] [XMLENTRY][search] step=2/5 visible_candidates=60 target_candidates=3
[22:21:23] [XMLENTRY][search][top] rank=1 reason='card_like_container' text='' rid='com.samsung.android.oneconnect:id/llCard' class='android.widget.LinearLayout' bounds='42,1752,1038,2316' area_ratio='0.2709' target_match=true match_source='descendant' matched_phrase='air care' negative_plugin_phrase=''
[22:21:23] [XMLENTRY][search][top] rank=2 reason='actionable_container' text='' rid='com.samsung.android.oneconnect:id/containerNameLayout' class='android.widget.RelativeLayout' bounds='42,1752,1038,1884' area_ratio='0.0634' target_match=true match_source='descendant' matched_phrase='air care' negative_plugin_phrase=''
[22:21:23] [XMLENTRY][search][top] rank=3 reason='actionable_container' text='Air Care' rid='com.samsung.android.oneconnect:id/containerNameLayout' class='android.widget.RelativeLayout' bounds='42,1752,1038,1884' area_ratio='0.0634' target_match=true match_source='title' matched_phrase='air care' negative_plugin_phrase=''
[22:21:23] [XMLENTRY][select] reason='card_like_container' resource='com.samsung.android.oneconnect:id/llCard' bounds='42,1752,1038,2316' text='Air Care' target_match=true match_source='descendant' matched_phrase='air care'
[22:21:31] [VERIFY][air][probe] probe_index=1/2 same_screen=false signal='air_care_verify' has_home_button=false has_change_location=false has_add_button=false has_more_options=false has_other_plugin_cards=false has_air_text=true has_air_content_signal=true has_plugin_body_focus=false decision='candidate_air_success'
[22:21:31] [XMLENTRY][result] success=true reason='transition_confirmed'
[22:21:31] [SCENARIO][pre_nav] success step=1 reason='ACTION_ACCESSIBILITY_FOCUS success'
[22:21:32] [SCENARIO][pre_nav] success
[22:21:36] [CONTEXT] skipped reason='anchor_only_mode'
[22:21:36] [CONTEXT] skipped reason='anchor_only_mode'
[22:21:36] [CONTEXT] scenario='life_air_care_plugin' type='skipped' expected='' actual='' ok=True
[22:21:36] [CONTEXT] verification passed scenario='life_air_care_plugin'
[22:21:36] [ANCHOR][scenario_start] success scenario='life_air_care_plugin' selected=True matched=True stable=True context_ok=True reason='selected_and_verified'
[22:21:36] [ENTRY][air][fallback_acceptance] fallback_source='none' fallback_candidate_view_id='none' fallback_candidate_label='none' fallback_candidate_bounds='none' accepted=false accepted_reason='none' rejected_reason='fallback_source_not_allowed'
[22:21:36] [TRACE][open_scenario] scenario='life_air_care_plugin' stabilization_mode='anchor_only' focus_align_attempted=True focus_align_ok=True focus_align_reason='' context_ok=False anchor_matched=False anchor_stable=True
[22:21:38] [ENTRY][air][verdict_inputs] scenario_id='life_air_care_plugin' post_click_success_seen=true air_verify_success_seen=false air_verify_reject_seen=false anchor_fallback_accepted=false anchor_fallback_source='none' post_open_focus_view_id='back' post_open_focus_label='Navigate up  Navigate up' is_top_chrome_focus=false is_list_screen_focus=false final_allow_success=true final_fail_reason='none'
[22:21:38] [ENTRY][air][preserve] keep success despite fallback_not_accepted
[22:21:38] [ENTRY][special_state_check] detected=true signals='long_intro,cta,intro_focus' kind='setup_needed_or_empty_state'
[22:21:38] [ENTRY][special_state_check] decision='route_to_special_state' reason='special_state_detected_consistent_intro_evidence'
[22:21:38] [ENTRY][special_state_route] handling='back_after_read'
[22:21:38] [ENTRY][special_state_route] main_traversal_skipped=true
[22:21:38] [SCENARIO][special_state] detected scenario='life_air_care_plugin' entry_type='card' kind='setup_needed_or_empty_state' handling='back_after_read' verify_hit=true long_intro_like=true special_hits='' cta_hits='next'
[22:21:40] [SPECIAL_STATE][recover] start
[22:21:40] [LIFE_RESET] start
[22:21:41] [LIFE_RESET] app_inside=true
[22:21:41] [LIFE_RESET] bottom_nav_ready=true
[22:21:43] [LIFE_RESET] life_tab_reselected=true
[22:21:45] [LIFE_RESET] verify phase='life_reset' attempt=1/2 global_nav_visible=true life_tab_selected=true plugin_card_list_visible=true life_list_ready=true
[22:21:45] [LIFE_RESET] life_list_ready=true
[22:21:45] [LIFE_RESET] success=true reason='life_tab_ready_with_card_evidence'
[22:21:45] [RECOVER] success reason='life_reset_ready'
[22:21:45] [SPECIAL_STATE][post_recover_check] inside_smartthings=true package=true app_bar_hits=4
[22:21:45] [SPECIAL_STATE][recover] success=true target='life_plugin_list' reason='life_plugin_list_recovered'
[22:21:45] [SCENARIO][entry_contract] handled scenario='life_air_care_plugin' entry_type='card' reason='special_state_handled' detail='onboarding_back_exit_recovered' back_status='back_sent_exit'
[22:21:45] [PERF][scenario_summary] scenario=life_air_care_plugin tab=(?i).*life.* total_runtime=43.5 total_steps=1 main_step_count=1 overlay_step_count=0 overlay_count=0 avg_get_focus=0.0 avg_move=0.0 avg_crop=0.0 avg_step_total=0.0 step_total_sample_count=0 avg_get_focus_main=0.0 avg_get_focus_overlay=0.0 fallback_dump_count=0 success_false_top_level_dump_attempt_count=0 success_false_top_level_dump_found_count=0 fallback_dump_rate=0.0 get_focus_strong_skip_count=0 get_focus_strong_skip_rate=0.0 step_dump_used_count=0 save_excel_count=0 realign_attempt_count=0 realign_success_count=0 realign_success_rate=0.0
[22:21:45] [SAVE] writing sheets raw/filtered/summary/result
[22:21:45] [SAVE] filtered rows=1, raw rows=1
[22:21:45] [SAVE] saved excel: output/talkback_compare_20260415_222100.xlsx rows=1 with_images=False
[22:21:45] [LIFE_RESET] start
[22:21:46] [LIFE_RESET] app_inside=true
[22:21:46] [LIFE_RESET] bottom_nav_ready=true
[22:21:48] [LIFE_RESET] life_tab_reselected=true
[22:21:50] [LIFE_RESET] verify phase='life_reset' attempt=1/2 global_nav_visible=true life_tab_selected=true plugin_card_list_visible=true life_list_ready=true
[22:21:50] [LIFE_RESET] life_list_ready=true
[22:21:50] [LIFE_RESET] success=true reason='life_tab_ready_with_card_evidence'
[22:21:50] [RECOVER] success reason='life_reset_ready'
[22:21:50] [SCENARIO][stabilization] scenario='life_home_care_plugin' screen_context_mode='new_screen' stabilization_mode='anchor_only'
[22:21:51] [LIFE_RESET] verify phase='plugin_start_initial' attempt=1/2 global_nav_visible=true life_tab_selected=true plugin_card_list_visible=true life_list_ready=true
[22:21:51] [PLUGIN_START][recover_before_entry] triggered=false
[22:21:51] [PLUGIN_START][life_list_check] ok=true reason='life_tab_ready_with_card_evidence'
[22:21:51] [PLUGIN_START][recover_before_entry] success=true
[22:21:51] [CONTEXT] skipped reason='new_screen_mode' phase='tab_select'
[22:21:51] [TAB][select] fallback_to_legacy=True scenario='life_home_care_plugin'
[22:21:58] [TAB][focus_align_fast] failed scenario='life_home_care_plugin' attempt=2/2 focus_label='' focus_resource=''
[22:21:59] [TAB][select] scenario='life_home_care_plugin' selected=True matched_fields=['text'] score=40
[22:21:59] [TAB][verify] selected_bottom_tab ok=True actual=''
[22:21:59] [TRACE][open_scenario] scenario='life_home_care_plugin' stabilization_mode='anchor_only' focus_align_attempted=True focus_align_ok=False focus_align_reason='selector_not_focused' context_ok=False anchor_matched=False anchor_stable=False
[22:21:59] [TAB][focus_align_fast] scenario='life_home_care_plugin' main_tab=false transition_scenario=true result='failed'
[22:21:59] [TAB][focus_align_fast] failed but proceeding (transition scenario) scenario='life_home_care_plugin'
[22:21:59] [SCENARIO][pre_nav] step=1 action=xml_scroll_search_tap target='(?i)(^home\s*care$|home\s*care\.|\bhomecare\b|홈\s*케어)'
[22:21:59] [XMLENTRY][search] pre_reset scroll_to_top=true
[22:22:05] [XMLENTRY][search] step=0/5 visible_candidates=70 target_candidates=5
[22:22:05] [XMLENTRY][search][top] rank=1 reason='actionable_container' text='' rid='' class='android.widget.RelativeLayout' bounds='42,1858,1038,2316' area_ratio='0.2200' target_match=true match_source='descendant' matched_phrase='home care' negative_plugin_phrase=''
[22:22:05] [XMLENTRY][search][top] rank=2 reason='actionable_container' text='Home Care' rid='com.samsung.android.oneconnect:id/frameLayout' class='android.widget.FrameLayout' bounds='42,1858,1038,2316' area_ratio='0.2200' target_match=true match_source='title' matched_phrase='home care' negative_plugin_phrase=''
[22:22:05] [XMLENTRY][search][top] rank=3 reason='card_like_container' text='' rid='com.samsung.android.oneconnect:id/llCard' class='android.widget.LinearLayout' bounds='42,1858,1038,2316' area_ratio='0.2200' target_match=true match_source='descendant' matched_phrase='home care' negative_plugin_phrase=''
[22:22:05] [XMLENTRY][select] reason='actionable_container' resource='' bounds='42,1858,1038,2316' text='' target_match=true match_source='descendant' matched_phrase='home care'
[22:22:18] [XMLENTRY][result] success=true reason='transition_confirmed'
[22:22:18] [SCENARIO][pre_nav] success step=1 reason='Target node not found'
[22:22:20] [SCENARIO][pre_nav] success
[22:22:26] [ANCHOR][fallback] explicit anchor not matched, trying top content fallback
[22:22:26] [ANCHOR][fallback] selected candidate label='Always manage your home appliances optimally, Home Care constantly monitors devices that support AI diagnosis and informs you when they need cleaning, replacing, or other maintenance. Always manage your home appliances optimally, Home Care constantly monitors devices that support AI diagnosis and informs you when they need cleaning, replacing, or other maintenance.' position='top_center'
[22:22:26] [ANCHOR][plugin_fallback] using_top_start_candidate position='top_center'
[22:22:36] [CONTEXT] skipped reason='anchor_only_mode'
[22:22:36] [CONTEXT] skipped reason='anchor_only_mode'
[22:22:36] [CONTEXT] scenario='life_home_care_plugin' type='skipped' expected='' actual='' ok=True
[22:22:36] [ANCHOR][scenario_start] anchor mismatch scenario='life_home_care_plugin'
[22:22:36] [ANCHOR][scenario_start] anchor not stable scenario='life_home_care_plugin'
[22:22:42] [ANCHOR][fallback] explicit anchor not matched, trying top content fallback
[22:22:42] [ANCHOR][fallback] selected candidate label='Always manage your home appliances optimally, Home Care constantly monitors devices that support AI diagnosis and informs you when they need cleaning, replacing, or other maintenance. Always manage your home appliances optimally, Home Care constantly monitors devices that support AI diagnosis and informs you when they need cleaning, replacing, or other maintenance.' position='top_center'
[22:22:42] [ANCHOR][plugin_fallback] using_top_start_candidate position='top_center'
[22:22:52] [CONTEXT] skipped reason='anchor_only_mode'
[22:22:52] [CONTEXT] skipped reason='anchor_only_mode'
[22:22:52] [CONTEXT] scenario='life_home_care_plugin' type='skipped' expected='' actual='' ok=True
[22:22:52] [ANCHOR][scenario_start] anchor mismatch scenario='life_home_care_plugin'
[22:22:52] [ANCHOR][scenario_start] anchor not stable scenario='life_home_care_plugin'
[22:22:52] [TRACE][open_scenario] scenario='life_home_care_plugin' stabilization_mode='anchor_only' focus_align_attempted=True focus_align_ok=False focus_align_reason='selector_not_focused' context_ok=False anchor_matched=False anchor_stable=False
[22:22:52] [ANCHOR][scenario_start] stabilization failed but proceeding with low-confidence fallback start scenario='life_home_care_plugin' source='fallback_top_center' reason='fallback_candidate_and_focus_evidence'
[22:22:52] [ANCHOR][plugin_fallback] candidate_label='Always manage your home appliances optimally, Home Care constantly monitors devices that support AI diagnosis and informs you when they need cleaning, replacing, or other maintenance. Always manage your home appliances optimally, Home Care constantly monitors devices that support AI diagnosis and informs you when they need cleaning, replacing, or other maintenance.' candidate_view_id='' reason='new_screen_evidence_confirmed'
[22:22:52] [ANCHOR][plugin_fallback] stabilized_by='post_focus_verified'
[22:22:52] [SCENARIO][start_mode] scenario='life_home_care_plugin' mode='low_confidence_fallback'
[22:23:05] [ENTRY][special_state_check] detected=true signals='long_intro,cta,low_content_diversity,intro_focus,verify_and_special_token' kind='setup_needed_or_empty_state'
[22:23:05] [ENTRY][special_state_check] decision='route_to_special_state' reason='special_state_detected_strong_generic_evidence'
[22:23:05] [ENTRY][special_state_route] handling='back_after_read'
[22:23:05] [ENTRY][special_state_route] main_traversal_skipped=true
[22:23:05] [SCENARIO][special_state] detected scenario='life_home_care_plugin' entry_type='card' kind='setup_needed_or_empty_state' handling='back_after_read' verify_hit=true long_intro_like=true special_hits='smartthings home care,always manage your home appliances optimally,home care constantly monitors devices,ai diagnosis,maintenance' cta_hits='start'
[22:23:07] [SPECIAL_STATE][recover] start
[22:23:07] [LIFE_RESET] start
[22:23:07] [LIFE_RESET] app_inside=true
[22:23:07] [LIFE_RESET] bottom_nav_ready=true
[22:23:10] [LIFE_RESET] life_tab_reselected=true
[22:23:11] [LIFE_RESET] verify phase='life_reset' attempt=1/2 global_nav_visible=true life_tab_selected=true plugin_card_list_visible=false life_list_ready=true
[22:23:11] [LIFE_RESET] plugin_card_list_visible=false (soft_only=true)
[22:23:11] [LIFE_RESET] life_list_ready=true
[22:23:11] [LIFE_RESET] success=true reason='life_tab_ready'
[22:23:11] [RECOVER] success reason='life_reset_ready'
[22:23:12] [SPECIAL_STATE][post_recover_check] inside_smartthings=true package=true app_bar_hits=4
[22:23:12] [SPECIAL_STATE][recover] success=true target='life_plugin_list' reason='life_plugin_list_recovered'
[22:23:12] [SCENARIO][entry_contract] handled scenario='life_home_care_plugin' entry_type='card' reason='special_state_handled' detail='onboarding_back_exit_recovered' back_status='back_sent_exit'
[22:23:12] [PERF][scenario_summary] scenario=life_home_care_plugin tab=(?i).*life.* total_runtime=82.3 total_steps=1 main_step_count=1 overlay_step_count=0 overlay_count=0 avg_get_focus=0.0 avg_move=0.0 avg_crop=0.0 avg_step_total=0.0 step_total_sample_count=0 avg_get_focus_main=0.0 avg_get_focus_overlay=0.0 fallback_dump_count=0 success_false_top_level_dump_attempt_count=0 success_false_top_level_dump_found_count=0 fallback_dump_rate=0.0 get_focus_strong_skip_count=0 get_focus_strong_skip_rate=0.0 step_dump_used_count=0 save_excel_count=0 realign_attempt_count=0 realign_success_count=0 realign_success_rate=0.0
[22:23:12] [SAVE] writing sheets raw/filtered/summary/result
[22:23:12] [SAVE] filtered rows=2, raw rows=2
[22:23:12] [SAVE] saved excel: output/talkback_compare_20260415_222100.xlsx rows=2 with_images=False
[22:23:12] [LIFE_RESET] start
[22:23:13] [LIFE_RESET] app_inside=true
[22:23:13] [LIFE_RESET] bottom_nav_ready=true
[22:23:15] [LIFE_RESET] life_tab_reselected=true
[22:23:16] [LIFE_RESET] verify phase='life_reset' attempt=1/2 global_nav_visible=true life_tab_selected=true plugin_card_list_visible=false life_list_ready=true
[22:23:16] [LIFE_RESET] plugin_card_list_visible=false (soft_only=true)
[22:23:16] [LIFE_RESET] life_list_ready=true
[22:23:16] [LIFE_RESET] success=true reason='life_tab_ready'
[22:23:16] [RECOVER] success reason='life_reset_ready'
[22:23:16] [SCENARIO][stabilization] scenario='life_energy_plugin' screen_context_mode='new_screen' stabilization_mode='anchor_only'
[22:23:17] [LIFE_RESET] verify phase='plugin_start_initial' attempt=1/2 global_nav_visible=true life_tab_selected=true plugin_card_list_visible=false life_list_ready=true
[22:23:17] [LIFE_RESET] plugin_card_list_visible=false (soft_only=true)
[22:23:17] [PLUGIN_START][recover_before_entry] triggered=false
[22:23:17] [PLUGIN_START][life_list_check] ok=true reason='life_tab_ready'
[22:23:17] [PLUGIN_START][recover_before_entry] success=true
[22:23:17] [CONTEXT] skipped reason='new_screen_mode' phase='tab_select'
[22:23:17] [TAB][select] fallback_to_legacy=True scenario='life_energy_plugin'
[22:23:24] [TAB][focus_align_fast] failed scenario='life_energy_plugin' attempt=2/2 focus_label='' focus_resource=''
[22:23:25] [TAB][select] scenario='life_energy_plugin' selected=True matched_fields=['text'] score=40
[22:23:25] [TAB][verify] selected_bottom_tab ok=True actual=''
[22:23:25] [TRACE][open_scenario] scenario='life_energy_plugin' stabilization_mode='anchor_only' focus_align_attempted=True focus_align_ok=False focus_align_reason='selector_not_focused' context_ok=False anchor_matched=False anchor_stable=False
[22:23:25] [TAB][focus_align_fast] scenario='life_energy_plugin' main_tab=false transition_scenario=true result='failed'
[22:23:25] [TAB][focus_align_fast] failed but proceeding (transition scenario) scenario='life_energy_plugin'
[22:23:25] [SCENARIO][pre_nav] step=1 action=xml_scroll_search_tap target='(?i)(^energy$|energy\.|\bsmart\s*energy\b|\benergy\b)'
[22:23:25] [XMLENTRY][search] pre_reset scroll_to_top=true
[22:23:31] [XMLENTRY][search] step=0/5 visible_candidates=70 target_candidates=0
[22:23:31] [XMLENTRY][search][top] rank=1 reason='card_like_container' text='' rid='com.samsung.android.oneconnect:id/app_bar' class='android.widget.LinearLayout' bounds='0,94,1080,310' area_ratio='0.1125' target_match=false match_source='' matched_phrase='' negative_plugin_phrase=''
[22:23:31] [XMLENTRY][search][top] rank=2 reason='card_like_container' text='' rid='com.samsung.android.oneconnect:id/app_bar' class='android.widget.LinearLayout' bounds='0,94,1080,310' area_ratio='0.1125' target_match=false match_source='' matched_phrase='' negative_plugin_phrase=''
[22:23:31] [XMLENTRY][search][top] rank=3 reason='card_like_container' text='우리 집, Change location' rid='com.samsung.android.oneconnect:id/small_title_bar' class='android.widget.RelativeLayout' bounds='162,118,810,310' area_ratio='0.0600' target_match=false match_source='' matched_phrase='' negative_plugin_phrase=''
[22:23:34] [XMLENTRY][scroll] step=0/5 performed=true reason='no_target_candidate'
[22:23:36] [XMLENTRY][search] step=1/5 visible_candidates=62 target_candidates=8
[22:23:36] [XMLENTRY][search][top] rank=1 reason='actionable_container' text='' rid='' class='android.widget.RelativeLayout' bounds='42,644,1038,1376' area_ratio='0.3516' target_match=true match_source='descendant' matched_phrase='Energy Add an appliance to start measuring energy usage. Add an appliance to sta' negative_plugin_phrase=''
[22:23:36] [XMLENTRY][search][top] rank=2 reason='actionable_container' text='Energy' rid='com.samsung.android.oneconnect:id/frameLayout' class='android.widget.FrameLayout' bounds='42,644,1038,1376' area_ratio='0.3516' target_match=true match_source='title' matched_phrase='Energy' negative_plugin_phrase=''
[22:23:36] [XMLENTRY][search][top] rank=3 reason='card_like_container' text='' rid='com.samsung.android.oneconnect:id/llCard' class='android.widget.LinearLayout' bounds='42,644,1038,1376' area_ratio='0.3516' target_match=true match_source='descendant' matched_phrase='Energy' negative_plugin_phrase=''
[22:23:36] [XMLENTRY][select] reason='actionable_container' resource='' bounds='42,644,1038,1376' text='' target_match=true match_source='descendant' matched_phrase='Energy Add an appliance to start measuring energy usage. Add an appliance to sta'
[22:23:44] [XMLENTRY][result] success=true reason='transition_confirmed'
[22:23:44] [SCENARIO][pre_nav] success step=1 reason='Target node not found'
[22:23:46] [SCENARIO][pre_nav] success
[22:23:50] [CONTEXT] skipped reason='anchor_only_mode'
[22:23:50] [CONTEXT] skipped reason='anchor_only_mode'
[22:23:50] [CONTEXT] scenario='life_energy_plugin' type='skipped' expected='' actual='' ok=True
[22:23:50] [CONTEXT] verification passed scenario='life_energy_plugin'
[22:23:50] [ANCHOR][scenario_start] success scenario='life_energy_plugin' selected=True matched=True stable=True context_ok=True reason='selected_and_verified'
[22:23:50] [TRACE][open_scenario] scenario='life_energy_plugin' stabilization_mode='anchor_only' focus_align_attempted=True focus_align_ok=False focus_align_reason='selector_not_focused' context_ok=False anchor_matched=False anchor_stable=True
[22:23:52] [ENTRY][special_state_check] detected=false signals='long_intro,intro_focus' kind='none'
[22:23:52] [ENTRY][special_state_check] decision='continue_verify'
[22:23:52] [SCENARIO][entry_contract] success scenario='life_energy_plugin' entry_type='card' reason='success_verified' detail='plugin_open_verified'
[22:23:53] [TRACE][post_open_focus] scenario='life_energy_plugin' view_id='back' label='Navigate up' speech='Navigate up' bounds='{'l': 72, 't': 118, 'r': 144, 'b': 310, 'left': 72, 'top': 118, 'right': 144, 'bottom': 310}' source='top_level' top_level=True
[22:23:58] [TRACE][anchor_row] scenario='life_energy_plugin' step=0 view_id='back' visible='Navigate up' speech='Navigate up' normalized_visible='navigate up' is_global_nav=False
[22:23:58] [ROW] fingerprint='back|navigate up|navigate up|108,214' normalized_fingerprint='back|navigate up|navigate up' duplicate=false recent_duplicate=false distance=0 recent_semantic_duplicate=false semantic_distance=0 semantic_window_unique=1 noise=false
[22:23:58] [RESULT] skipped anchor rows count=1
[22:23:58] [SAVE] writing sheets raw/filtered/summary/result
[22:23:58] [SAVE] filtered rows=3, raw rows=3
[22:23:58] [SAVE] saved excel: output/talkback_compare_20260415_222100.xlsx rows=3 with_images=False
[22:23:58] [STEP] START tab='(?i).*life.*' step=1
[22:24:04] [ROW] fingerprint='|energy|energy|552,214' normalized_fingerprint='|energy|energy' duplicate=false recent_duplicate=false distance=0 recent_semantic_duplicate=false semantic_distance=0 semantic_window_unique=2 noise=false
[22:24:04] [STEP] END tab='(?i).*life.*' step=1 elapsed=4.58s move_result='{'success': True, 'status': 'moved', 'detail': 'moved', 'raw': {'timestamp': 1776259441132, 'reqId': 'd521d912', 'success': True, 'status': 'moved', 'detail': 'moved', 'flags': []}}' visible='Energy' speech='Energy' crop='output\talkback_compare_20260415_222100\crops\i_._life._step_1_Energy.png' timing(move=0.477s ann=2.939s get_focus=1.163s get_focus_fallback_dump=0.000s step_dump=0.000s crop=0.544s total=5.124s) focus_reason='' fallback_used=False fallback_found=False step_dump_used=False step_dump_reason='focus_payload_sufficient' req_id='3bba34a9'
[22:24:04] [STOP][eval] step=1 scenario='life_energy_plugin' terminal=false same_like_count=0 no_progress=false scenario_type='content' is_global_nav=false after_realign=false recent_repeat=false bounded_two_card_loop=false semantic_same_like=false recent_duplicate=false recent_duplicate_distance=0 recent_semantic_duplicate=false recent_semantic_duplicate_distance=0 recent_semantic_unique_count=2 strict_duplicate=false semantic_duplicate=false repeat_class='none' loop_classification='none' hard_no_progress=false soft_no_progress=false no_progress_class='none' overlay_realign_grace_active=false min_step_gate_blocked=false realign_grace_suppressed=false repeat_stop_hit=false decision='continue' reason='none' stop_explain_version='pr7_explain_v1' stop_explain_input='step:1|move:{'success': true, 'status': 'moved', 'detail': 'moved', 'raw': {'timestamp': 1776259441132, 'reqid': 'd521d912', 'success': true, 'status': 'moved', 'detail': 'moved', 'flags': []}}|smart:moved|same:0|fail:0' stop_explain_repeat='recent:false|class:none|strict:false|semantic:false|loop:none|two_card:false' stop_explain_no_progress='hit:false|class:none|hard:false|soft:false' stop_explain_gate='candidate:false|min_block:false|realign_suppress:false|realign_active:false|decision:continue'
[22:24:04] [STOP][summary] scenario='life_energy_plugin' stop_triggered=false stop_step=1 reason='safety_limit'
[22:24:04] [PERF][scenario_summary] scenario=life_energy_plugin tab=(?i).*life.* total_runtime=47.7 total_steps=2 main_step_count=2 overlay_step_count=0 overlay_count=0 avg_get_focus=1.161 avg_move=0.238 avg_crop=0.577 avg_step_total=5.066 step_total_sample_count=2 avg_get_focus_main=1.161 avg_get_focus_overlay=0.0 fallback_dump_count=0 success_false_top_level_dump_attempt_count=0 success_false_top_level_dump_found_count=0 fallback_dump_rate=0.0 get_focus_strong_skip_count=2 get_focus_strong_skip_rate=100.0 step_dump_used_count=0 save_excel_count=1 realign_attempt_count=0 realign_success_count=0 realign_success_rate=0.0
[22:24:04] [MAIN] skip disabled scenario_id='devices_main' tab='(?i).*devices.*'
[22:24:04] [MAIN] skip disabled scenario_id='life_main' tab='(?i).*life.*'
[22:24:04] [MAIN] skip disabled scenario_id='routines_main' tab='(?i).*routines.*'
[22:24:04] [MAIN] skip disabled scenario_id='menu_main' tab='(?i).*(menu|more).*'
[22:24:04] [MAIN] skip disabled scenario_id='settings_entry_example' tab='(?i).*menu.*'
[22:24:04] [LIFE_RESET] start
[22:24:04] [LIFE_RESET] app_inside=true
[22:24:06] [LIFE_RESET] bottom_nav_ready=true
[22:24:08] [LIFE_RESET] life_tab_reselected=true
[22:24:10] [LIFE_RESET] verify phase='life_reset' attempt=1/2 global_nav_visible=true life_tab_selected=true plugin_card_list_visible=true life_list_ready=true
[22:24:10] [LIFE_RESET] life_list_ready=true
[22:24:10] [LIFE_RESET] success=true reason='life_tab_ready_with_card_evidence'
[22:24:10] [RECOVER] success reason='life_reset_ready'
[22:24:10] [SCENARIO][stabilization] scenario='life_pet_care_plugin' screen_context_mode='new_screen' stabilization_mode='anchor_only'
[22:24:10] [LIFE_RESET] verify phase='plugin_start_initial' attempt=1/2 global_nav_visible=true life_tab_selected=true plugin_card_list_visible=true life_list_ready=true
[22:24:10] [PLUGIN_START][recover_before_entry] triggered=false
[22:24:10] [PLUGIN_START][life_list_check] ok=true reason='life_tab_ready_with_card_evidence'
[22:24:10] [PLUGIN_START][recover_before_entry] success=true
[22:24:10] [CONTEXT] skipped reason='new_screen_mode' phase='tab_select'
[22:24:10] [TAB][select] fallback_to_legacy=True scenario='life_pet_care_plugin'
[22:24:17] [TAB][focus_align_fast] failed scenario='life_pet_care_plugin' attempt=2/2 focus_label='' focus_resource=''
[22:24:18] [TAB][select] scenario='life_pet_care_plugin' selected=True matched_fields=['text'] score=40
[22:24:18] [TAB][verify] selected_bottom_tab ok=True actual=''
[22:24:18] [TRACE][open_scenario] scenario='life_pet_care_plugin' stabilization_mode='anchor_only' focus_align_attempted=True focus_align_ok=False focus_align_reason='selector_not_focused' context_ok=False anchor_matched=False anchor_stable=False
[22:24:18] [TAB][focus_align_fast] scenario='life_pet_care_plugin' main_tab=false transition_scenario=true result='failed'
[22:24:18] [TAB][focus_align_fast] failed but proceeding (transition scenario) scenario='life_pet_care_plugin'
[22:24:18] [SCENARIO][pre_nav] step=1 action=xml_scroll_search_tap target='(?i)(^pet\s*care$|.*pet\s*care.*|.*펫\s*케어.*)'
[22:24:18] [XMLENTRY][search] pre_reset scroll_to_top=true
[22:24:24] [XMLENTRY][search] step=0/5 visible_candidates=70 target_candidates=0
[22:24:24] [XMLENTRY][search][top] rank=1 reason='card_like_container' text='' rid='com.samsung.android.oneconnect:id/app_bar' class='android.widget.LinearLayout' bounds='0,94,1080,310' area_ratio='0.1125' target_match=false match_source='' matched_phrase='' negative_plugin_phrase=''
[22:24:24] [XMLENTRY][search][top] rank=2 reason='card_like_container' text='' rid='com.samsung.android.oneconnect:id/app_bar' class='android.widget.LinearLayout' bounds='0,94,1080,310' area_ratio='0.1125' target_match=false match_source='' matched_phrase='' negative_plugin_phrase=''
[22:24:24] [XMLENTRY][search][top] rank=3 reason='card_like_container' text='우리 집, Change location' rid='com.samsung.android.oneconnect:id/small_title_bar' class='android.widget.RelativeLayout' bounds='162,118,810,310' area_ratio='0.0600' target_match=false match_source='' matched_phrase='' negative_plugin_phrase=''
[22:24:27] [XMLENTRY][scroll] step=0/5 performed=true reason='no_strict_target_candidate'
[22:24:30] [XMLENTRY][search] step=1/5 visible_candidates=62 target_candidates=5
[22:24:30] [XMLENTRY][search][top] rank=1 reason='actionable_container' text='' rid='' class='android.widget.RelativeLayout' bounds='42,1418,1038,2150' area_ratio='0.3516' target_match=true match_source='descendant' matched_phrase='pet care' negative_plugin_phrase=''
[22:24:30] [XMLENTRY][search][top] rank=2 reason='actionable_container' text='Pet Care' rid='com.samsung.android.oneconnect:id/frameLayout' class='android.widget.FrameLayout' bounds='42,1418,1038,2150' area_ratio='0.3516' target_match=true match_source='title' matched_phrase='pet care' negative_plugin_phrase=''
[22:24:30] [XMLENTRY][search][top] rank=3 reason='card_like_container' text='' rid='com.samsung.android.oneconnect:id/llCard' class='android.widget.LinearLayout' bounds='42,1418,1038,2150' area_ratio='0.3516' target_match=true match_source='descendant' matched_phrase='pet care' negative_plugin_phrase=''
[22:24:30] [XMLENTRY][select] reason='actionable_container' resource='' bounds='42,1418,1038,2150' text='' target_match=true match_source='descendant' matched_phrase='pet care'
[22:24:43] [XMLENTRY][result] success=true reason='transition_confirmed'
[22:24:43] [SCENARIO][pre_nav] success step=1 reason='Target node not found'
[22:24:45] [SCENARIO][pre_nav] success
[22:25:08] [CONTEXT] skipped reason='anchor_only_mode'
[22:25:08] [CONTEXT] skipped reason='anchor_only_mode'
[22:25:08] [CONTEXT] scenario='life_pet_care_plugin' type='skipped' expected='' actual='' ok=True
[22:25:08] [CONTEXT] verification passed scenario='life_pet_care_plugin'
[22:25:08] [ANCHOR][scenario_start] success scenario='life_pet_care_plugin' selected={'success': True, 'status': 'moved', 'detail': 'ACTION_ACCESSIBILITY_FOCUS success', 'raw': {'timestamp': 1776259507431, 'reqId': '02bf36e8', 'success': True, 'reason': 'ACTION_ACCESSIBILITY_FOCUS success', 'action': 'FOCUS', 'targetName': '(?i).*pet\\s*care.*|.*펫\\s*케어.*', 'targetType': 'a', 'targetIndex': 0, 'attemptedClassName': 'android.webkit.WebView', 'target': {'timestamp': 1776259507431, 'schemaVersion': '1.2.0', 'snapshotBuilderVersion': '1.2.0', 'packageName': 'com.samsung.android.oneconnect', 'className': 'android.webkit.WebView', 'viewIdResourceName': None, 'text': 'PetCare Service Plugin', 'contentDescription': None, 'mergedLabel': 'PetCare Service Plugin', 'talkbackLabel': 'PetCare Service Plugin', 'clickable': False, 'focusable': True, 'focused': True, 'accessibilityFocused': True, 'visibleToUser': True, 'isVisibleToUser': True, 'selected': False, 'checkable': False, 'checked': False, 'enabled': True, 'boundsInScreen': {'l': 0, 't': 94, 'r': 1080, 'b': 2496, 'left': 0, 'top': 94, 'right': 1080, 'bottom': 2496}, 'children': [{'text': '', 'contentDescription': None, 'className': 'android.view.View', 'viewIdResourceName': None, 'clickable': False, 'focusable': False, 'accessibilityFocused': False, 'visibleToUser': True, 'boundsInScreen': {'l': 0, 't': 94, 'r': 1080, 'b': 2496}, 'children': [{'text': '', 'contentDescription': None, 'className': 'android.view.View', 'viewIdResourceName': 'primary', 'clickable': True, 'focusable': False, 'accessibilityFocused': False, 'visibleToUser': True, 'boundsInScreen': {'l': 0, 't': 94, 'r': 1080, 'b': 2496}, 'children': [{'text': '', 'contentDescription': None, 'className': 'android.view.View', 'viewIdResourceName': 'main', 'clickable': False, 'focusable': False, 'accessibilityFocused': False, 'visibleToUser': True, 'boundsInScreen': {'l': 0, 't': 94, 'r': 1080, 'b': 2496}, 'children': [{'text': '', 'contentDescription': None, 'className': 'android.view.View', 'viewIdResourceName': 'welcome-page', 'clickable': False, 'focusable': False, 'accessibilityFocused': False, 'visibleToUser': True, 'boundsInScreen': {'l': 0, 't': 94, 'r': 1080, 'b': 2496}, 'children': []}]}]}]}]}}} matched=True stable=True context_ok=True reason='selected_and_verified'
[22:25:08] [TRACE][open_scenario] scenario='life_pet_care_plugin' stabilization_mode='anchor_only' focus_align_attempted=True focus_align_ok=False focus_align_reason='selector_not_focused' context_ok=False anchor_matched=False anchor_stable=True
[22:25:21] [ENTRY][special_state_check] detected=true signals='long_intro,cta,low_content_diversity,intro_focus,verify_and_special_token' kind='setup_needed_or_empty_state'
[22:25:21] [ENTRY][special_state_check] decision='route_to_special_state' reason='special_state_detected_strong_generic_evidence'
[22:25:21] [ENTRY][special_state_route] handling='back_after_read'
[22:25:21] [ENTRY][special_state_route] main_traversal_skipped=true
[22:25:21] [SCENARIO][special_state] detected scenario='life_pet_care_plugin' entry_type='card' kind='setup_needed_or_empty_state' handling='back_after_read' verify_hit=true long_intro_like=true special_hits='petcare service plugin,care for your pet,leaving your pet alone,keep them safe and entertained' cta_hits='start'
[22:25:23] [SPECIAL_STATE][recover] start
[22:25:23] [LIFE_RESET] start
[22:25:24] [LIFE_RESET] app_inside=true
[22:25:24] [LIFE_RESET] bottom_nav_ready=true
[22:25:26] [LIFE_RESET] life_tab_reselected=true
[22:25:27] [LIFE_RESET] verify phase='life_reset' attempt=1/2 global_nav_visible=true life_tab_selected=true plugin_card_list_visible=true life_list_ready=true
[22:25:27] [LIFE_RESET] life_list_ready=true
[22:25:27] [LIFE_RESET] success=true reason='life_tab_ready_with_card_evidence'
[22:25:27] [RECOVER] success reason='life_reset_ready'
[22:25:28] [SPECIAL_STATE][post_recover_check] inside_smartthings=true package=true app_bar_hits=5
[22:25:28] [SPECIAL_STATE][recover] success=true target='life_plugin_list' reason='life_plugin_list_recovered'
[22:25:28] [SCENARIO][entry_contract] handled scenario='life_pet_care_plugin' entry_type='card' reason='special_state_handled' detail='onboarding_back_exit_recovered' back_status='back_sent_exit'
[22:25:28] [PERF][scenario_summary] scenario=life_pet_care_plugin tab=(?i).*life.* total_runtime=78.7 total_steps=1 main_step_count=1 overlay_step_count=0 overlay_count=0 avg_get_focus=0.0 avg_move=0.0 avg_crop=0.0 avg_step_total=0.0 step_total_sample_count=0 avg_get_focus_main=0.0 avg_get_focus_overlay=0.0 fallback_dump_count=0 success_false_top_level_dump_attempt_count=0 success_false_top_level_dump_found_count=0 fallback_dump_rate=0.0 get_focus_strong_skip_count=0 get_focus_strong_skip_rate=0.0 step_dump_used_count=0 save_excel_count=0 realign_attempt_count=0 realign_success_count=0 realign_success_rate=0.0
[22:25:28] [RESULT] skipped anchor rows count=1
[22:25:28] [SAVE] writing sheets raw/filtered/summary/result
[22:25:28] [SAVE] filtered rows=5, raw rows=5
[22:25:28] [SAVE] saved excel: output/talkback_compare_20260415_222100.xlsx rows=5 with_images=False
[22:25:28] [LIFE_RESET] start
[22:25:29] [LIFE_RESET] app_inside=true
[22:25:29] [LIFE_RESET] bottom_nav_ready=true
[22:25:31] [LIFE_RESET] life_tab_reselected=true
[22:25:32] [LIFE_RESET] verify phase='life_reset' attempt=1/2 global_nav_visible=true life_tab_selected=true plugin_card_list_visible=true life_list_ready=true
[22:25:32] [LIFE_RESET] life_list_ready=true
[22:25:32] [LIFE_RESET] success=true reason='life_tab_ready_with_card_evidence'
[22:25:32] [RECOVER] success reason='life_reset_ready'
[22:25:32] [SCENARIO][stabilization] scenario='life_family_care_plugin' screen_context_mode='new_screen' stabilization_mode='anchor_only'
[22:25:33] [LIFE_RESET] verify phase='plugin_start_initial' attempt=1/2 global_nav_visible=true life_tab_selected=true plugin_card_list_visible=true life_list_ready=true
[22:25:33] [PLUGIN_START][recover_before_entry] triggered=false
[22:25:33] [PLUGIN_START][life_list_check] ok=true reason='life_tab_ready_with_card_evidence'
[22:25:33] [PLUGIN_START][recover_before_entry] success=true
[22:25:33] [CONTEXT] skipped reason='new_screen_mode' phase='tab_select'
[22:25:33] [TAB][select] fallback_to_legacy=True scenario='life_family_care_plugin'
[22:25:40] [TAB][focus_align_fast] failed scenario='life_family_care_plugin' attempt=2/2 focus_label='' focus_resource=''
[22:25:41] [TAB][select] scenario='life_family_care_plugin' selected=True matched_fields=['text'] score=40
[22:25:41] [TAB][verify] selected_bottom_tab ok=True actual=''
[22:25:41] [TRACE][open_scenario] scenario='life_family_care_plugin' stabilization_mode='anchor_only' focus_align_attempted=True focus_align_ok=False focus_align_reason='selector_not_focused' context_ok=False anchor_matched=False anchor_stable=False
[22:25:41] [TAB][focus_align_fast] scenario='life_family_care_plugin' main_tab=false transition_scenario=true result='failed'
[22:25:41] [TAB][focus_align_fast] failed but proceeding (transition scenario) scenario='life_family_care_plugin'
[22:25:41] [SCENARIO][pre_nav] step=1 action=xml_scroll_search_tap target='(?i)(^family\s*care$|.*family\s*care.*|.*패밀리\s*케어.*)'
[22:25:41] [XMLENTRY][search] pre_reset scroll_to_top=true
[22:25:47] [XMLENTRY][search] step=0/5 visible_candidates=70 target_candidates=5
[22:25:47] [XMLENTRY][search][top] rank=1 reason='actionable_container' text='' rid='' class='android.widget.RelativeLayout' bounds='42,310,1038,1042' area_ratio='0.3516' target_match=true match_source='descendant' matched_phrase='family care' negative_plugin_phrase=''
[22:25:47] [XMLENTRY][search][top] rank=2 reason='actionable_container' text='Family Care' rid='com.samsung.android.oneconnect:id/frameLayout' class='android.widget.FrameLayout' bounds='42,310,1038,1042' area_ratio='0.3516' target_match=true match_source='title' matched_phrase='family care' negative_plugin_phrase=''
[22:25:47] [XMLENTRY][search][top] rank=3 reason='card_like_container' text='' rid='com.samsung.android.oneconnect:id/llCard' class='android.widget.LinearLayout' bounds='42,310,1038,1042' area_ratio='0.3516' target_match=true match_source='descendant' matched_phrase='family care' negative_plugin_phrase=''
[22:25:47] [XMLENTRY][select] reason='actionable_container' resource='' bounds='42,310,1038,1042' text='' target_match=true match_source='descendant' matched_phrase='family care'
[22:25:49] [XMLENTRY][result] success=true reason='transition_confirmed'
[22:25:49] [SCENARIO][pre_nav] success step=1 reason='Target node not found'
[22:25:50] [SCENARIO][pre_nav] success
[22:25:55] [CONTEXT] skipped reason='anchor_only_mode'
[22:25:55] [CONTEXT] skipped reason='anchor_only_mode'
[22:25:55] [CONTEXT] scenario='life_family_care_plugin' type='skipped' expected='' actual='' ok=True
[22:25:55] [CONTEXT] verification passed scenario='life_family_care_plugin'
[22:25:55] [ANCHOR][scenario_start] success scenario='life_family_care_plugin' selected={'success': False, 'status': 'failed', 'detail': 'ACTION_ACCESSIBILITY_FOCUS failed (resourceId=null, class=android.widget.ImageButton)', 'raw': {'timestamp': 1776259554777, 'reqId': '79630317', 'success': False, 'reason': 'ACTION_ACCESSIBILITY_FOCUS failed (resourceId=null, class=android.widget.ImageButton)', 'action': 'FOCUS', 'targetName': '(?i).*navigate\\s*up.*', 'targetType': 'a', 'targetIndex': 0, 'attemptedClassName': 'android.widget.ImageButton', 'target': {'timestamp': 1776259554777, 'schemaVersion': '1.2.0', 'snapshotBuilderVersion': '1.2.0', 'packageName': 'com.samsung.android.oneconnect', 'className': 'android.widget.ImageButton', 'viewIdResourceName': None, 'text': None, 'contentDescription': 'Navigate up', 'mergedLabel': 'Navigate up', 'talkbackLabel': 'Navigate up', 'clickable': True, 'focusable': True, 'focused': True, 'accessibilityFocused': True, 'visibleToUser': True, 'isVisibleToUser': True, 'selected': False, 'checkable': False, 'checked': False, 'enabled': True, 'boundsInScreen': {'l': 0, 't': 118, 'r': 180, 'b': 310, 'left': 0, 'top': 118, 'right': 180, 'bottom': 310}, 'children': []}}} matched=True stable=True context_ok=True reason='verified_without_select'
[22:25:55] [TRACE][open_scenario] scenario='life_family_care_plugin' stabilization_mode='anchor_only' focus_align_attempted=True focus_align_ok=False focus_align_reason='selector_not_focused' context_ok=False anchor_matched=False anchor_stable=True
[22:25:57] [ENTRY][special_state_check] detected=true signals='long_intro,cta,top_chrome_intro_cta' kind='setup_needed_or_empty_state'
[22:25:57] [ENTRY][special_state_check] decision='route_to_special_state' reason='special_state_detected_consistent_intro_evidence'
[22:25:57] [ENTRY][special_state_route] handling='back_after_read'
[22:25:57] [ENTRY][special_state_route] main_traversal_skipped=true
[22:25:57] [SCENARIO][special_state] detected scenario='life_family_care_plugin' entry_type='card' kind='setup_needed_or_empty_state' handling='back_after_read' verify_hit=true long_intro_like=true special_hits='' cta_hits='set up'
[22:25:59] [SPECIAL_STATE][recover] start
[22:25:59] [LIFE_RESET] start
[22:25:59] [LIFE_RESET] app_inside=true
[22:25:59] [LIFE_RESET] bottom_nav_ready=true
[22:26:01] [LIFE_RESET] life_tab_reselected=true
[22:26:03] [LIFE_RESET] verify phase='life_reset' attempt=1/2 global_nav_visible=true life_tab_selected=true plugin_card_list_visible=false life_list_ready=true
[22:26:03] [LIFE_RESET] plugin_card_list_visible=false (soft_only=true)
[22:26:03] [LIFE_RESET] life_list_ready=true
[22:26:03] [LIFE_RESET] success=true reason='life_tab_ready'
[22:26:03] [RECOVER] success reason='life_reset_ready'
[22:26:04] [SPECIAL_STATE][post_recover_check] inside_smartthings=true package=true app_bar_hits=4
[22:26:04] [SPECIAL_STATE][recover] success=true target='life_plugin_list' reason='life_plugin_list_recovered'
[22:26:04] [SCENARIO][entry_contract] handled scenario='life_family_care_plugin' entry_type='card' reason='special_state_handled' detail='onboarding_back_exit_recovered' back_status='back_sent_exit'
[22:26:04] [PERF][scenario_summary] scenario=life_family_care_plugin tab=(?i).*life.* total_runtime=31.7 total_steps=1 main_step_count=1 overlay_step_count=0 overlay_count=0 avg_get_focus=0.0 avg_move=0.0 avg_crop=0.0 avg_step_total=0.0 step_total_sample_count=0 avg_get_focus_main=0.0 avg_get_focus_overlay=0.0 fallback_dump_count=0 success_false_top_level_dump_attempt_count=0 success_false_top_level_dump_found_count=0 fallback_dump_rate=0.0 get_focus_strong_skip_count=0 get_focus_strong_skip_rate=0.0 step_dump_used_count=0 save_excel_count=0 realign_attempt_count=0 realign_success_count=0 realign_success_rate=0.0
[22:26:04] [RESULT] skipped anchor rows count=1
[22:26:04] [SAVE] writing sheets raw/filtered/summary/result
[22:26:04] [SAVE] filtered rows=6, raw rows=6
[22:26:04] [SAVE] saved excel: output/talkback_compare_20260415_222100.xlsx rows=6 with_images=False
[22:26:04] [LIFE_RESET] start
[22:26:04] [LIFE_RESET] app_inside=true
[22:26:04] [LIFE_RESET] bottom_nav_ready=true
[22:26:06] [LIFE_RESET] life_tab_reselected=true
[22:26:08] [LIFE_RESET] verify phase='life_reset' attempt=1/2 global_nav_visible=true life_tab_selected=true plugin_card_list_visible=false life_list_ready=true
[22:26:08] [LIFE_RESET] plugin_card_list_visible=false (soft_only=true)
[22:26:08] [LIFE_RESET] life_list_ready=true
[22:26:08] [LIFE_RESET] success=true reason='life_tab_ready'
[22:26:08] [RECOVER] success reason='life_reset_ready'
[22:26:08] [SCENARIO][stabilization] scenario='life_plant_care_plugin' screen_context_mode='new_screen' stabilization_mode='anchor_only'
[22:26:09] [LIFE_RESET] verify phase='plugin_start_initial' attempt=1/2 global_nav_visible=true life_tab_selected=true plugin_card_list_visible=false life_list_ready=true
[22:26:09] [LIFE_RESET] plugin_card_list_visible=false (soft_only=true)
[22:26:09] [PLUGIN_START][recover_before_entry] triggered=false
[22:26:09] [PLUGIN_START][life_list_check] ok=true reason='life_tab_ready'
[22:26:09] [PLUGIN_START][recover_before_entry] success=true
[22:26:09] [CONTEXT] skipped reason='new_screen_mode' phase='tab_select'
[22:26:09] [TAB][select] fallback_to_legacy=True scenario='life_plant_care_plugin'
[22:26:16] [TAB][focus_align_fast] failed scenario='life_plant_care_plugin' attempt=2/2 focus_label='' focus_resource=''
[22:26:17] [TAB][select] scenario='life_plant_care_plugin' selected=True matched_fields=['text'] score=40
[22:26:17] [TAB][verify] selected_bottom_tab ok=True actual=''
[22:26:17] [TRACE][open_scenario] scenario='life_plant_care_plugin' stabilization_mode='anchor_only' focus_align_attempted=True focus_align_ok=False focus_align_reason='selector_not_focused' context_ok=False anchor_matched=False anchor_stable=False
[22:26:17] [TAB][focus_align_fast] scenario='life_plant_care_plugin' main_tab=false transition_scenario=true result='failed'
[22:26:17] [TAB][focus_align_fast] failed but proceeding (transition scenario) scenario='life_plant_care_plugin'
[22:26:17] [SCENARIO][pre_nav] step=1 action=xml_scroll_search_tap target='(?i)(^plant\s*care$|.*plant\s*care.*|.*플랜트\s*케어.*|.*식물.*)'
[22:26:17] [XMLENTRY][search] pre_reset scroll_to_top=true
[22:26:23] [XMLENTRY][search] step=0/5 visible_candidates=70 target_candidates=0
[22:26:23] [XMLENTRY][search][top] rank=1 reason='card_like_container' text='' rid='com.samsung.android.oneconnect:id/app_bar' class='android.widget.LinearLayout' bounds='0,94,1080,310' area_ratio='0.1125' target_match=false match_source='' matched_phrase='' negative_plugin_phrase=''
[22:26:23] [XMLENTRY][search][top] rank=2 reason='card_like_container' text='' rid='com.samsung.android.oneconnect:id/app_bar' class='android.widget.LinearLayout' bounds='0,94,1080,310' area_ratio='0.1125' target_match=false match_source='' matched_phrase='' negative_plugin_phrase=''
[22:26:23] [XMLENTRY][search][top] rank=3 reason='card_like_container' text='우리 집, Change location' rid='com.samsung.android.oneconnect:id/small_title_bar' class='android.widget.RelativeLayout' bounds='162,118,810,310' area_ratio='0.0600' target_match=false match_source='' matched_phrase='' negative_plugin_phrase=''
[22:26:26] [XMLENTRY][scroll] step=0/5 performed=true reason='no_strict_target_candidate'
[22:26:29] [XMLENTRY][search] step=1/5 visible_candidates=62 target_candidates=5
[22:26:29] [XMLENTRY][search][top] rank=1 reason='actionable_container' text='' rid='' class='android.widget.RelativeLayout' bounds='42,2192,1038,2316' area_ratio='0.0596' target_match=true match_source='descendant' matched_phrase='plant care' negative_plugin_phrase=''
[22:26:29] [XMLENTRY][search][top] rank=2 reason='actionable_container' text='Plant Care' rid='com.samsung.android.oneconnect:id/frameLayout' class='android.widget.FrameLayout' bounds='42,2192,1038,2316' area_ratio='0.0596' target_match=true match_source='title' matched_phrase='plant care' negative_plugin_phrase=''
[22:26:29] [XMLENTRY][search][top] rank=3 reason='card_like_container' text='' rid='com.samsung.android.oneconnect:id/llCard' class='android.widget.LinearLayout' bounds='42,2192,1038,2316' area_ratio='0.0596' target_match=true match_source='descendant' matched_phrase='plant care' negative_plugin_phrase=''
[22:26:29] [XMLENTRY][select] reason='actionable_container' resource='' bounds='42,2192,1038,2316' text='' target_match=true match_source='descendant' matched_phrase='plant care'
[22:26:37] [XMLENTRY][result] success=true reason='transition_confirmed'
[22:26:37] [SCENARIO][pre_nav] success step=1 reason='Target node not found'
[22:26:38] [SCENARIO][pre_nav] success
[22:26:42] [CONTEXT] skipped reason='anchor_only_mode'
[22:26:42] [CONTEXT] skipped reason='anchor_only_mode'
[22:26:42] [CONTEXT] scenario='life_plant_care_plugin' type='skipped' expected='' actual='' ok=True
[22:26:42] [CONTEXT] verification passed scenario='life_plant_care_plugin'
[22:26:42] [ANCHOR][scenario_start] success scenario='life_plant_care_plugin' selected=True matched=True stable=True context_ok=True reason='selected_and_verified'
[22:26:42] [TRACE][open_scenario] scenario='life_plant_care_plugin' stabilization_mode='anchor_only' focus_align_attempted=True focus_align_ok=False focus_align_reason='selector_not_focused' context_ok=False anchor_matched=False anchor_stable=True
[22:26:43] [ENTRY][special_state_check] detected=false signals='long_intro,intro_focus' kind='none'
[22:26:43] [ENTRY][special_state_check] decision='continue_verify'
[22:26:44] [SCENARIO][entry_contract] success scenario='life_plant_care_plugin' entry_type='card' reason='success_verified' detail='plugin_open_verified'
[22:26:44] [TRACE][post_open_focus] scenario='life_plant_care_plugin' view_id='back' label='Navigate up' speech='Navigate up' bounds='{'l': 72, 't': 118, 'r': 144, 'b': 310, 'left': 72, 'top': 118, 'right': 144, 'bottom': 310}' source='top_level' top_level=True
[22:26:49] [TRACE][anchor_row] scenario='life_plant_care_plugin' step=0 view_id='back' visible='Navigate up' speech='Navigate up' normalized_visible='navigate up' is_global_nav=False
[22:26:50] [ROW] fingerprint='back|navigate up|navigate up|108,214' normalized_fingerprint='back|navigate up|navigate up' duplicate=false recent_duplicate=false distance=0 recent_semantic_duplicate=false semantic_distance=0 semantic_window_unique=1 noise=false
[22:26:50] [RESULT] skipped anchor rows count=2
[22:26:50] [SAVE] writing sheets raw/filtered/summary/result
[22:26:50] [SAVE] filtered rows=7, raw rows=7
[22:26:50] [SAVE] saved excel: output/talkback_compare_20260415_222100.xlsx rows=7 with_images=False
[22:26:50] [STEP] START tab='(?i).*life.*' step=1
[22:26:56] [ROW] fingerprint='|plant care|plant care|498,214' normalized_fingerprint='|plant care|plant care' duplicate=false recent_duplicate=false distance=0 recent_semantic_duplicate=false semantic_distance=0 semantic_window_unique=2 noise=false
[22:26:56] [STEP] END tab='(?i).*life.*' step=1 elapsed=4.85s move_result='{'success': True, 'status': 'moved', 'detail': 'moved', 'raw': {'timestamp': 1776259612983, 'reqId': '034436d7', 'success': True, 'status': 'moved', 'detail': 'moved', 'flags': []}}' visible='Plant Care' speech='Plant Care' crop='output\talkback_compare_20260415_222100\crops\i_._life._step_1_Plant_Care.png' timing(move=0.602s ann=3.133s get_focus=1.113s get_focus_fallback_dump=0.000s step_dump=0.000s crop=0.698s total=5.546s) focus_reason='' fallback_used=False fallback_found=False step_dump_used=False step_dump_reason='focus_payload_sufficient' req_id='c6272da8'
[22:26:56] [STOP][eval] step=1 scenario='life_plant_care_plugin' terminal=false same_like_count=0 no_progress=false scenario_type='content' is_global_nav=false after_realign=false recent_repeat=false bounded_two_card_loop=false semantic_same_like=false recent_duplicate=false recent_duplicate_distance=0 recent_semantic_duplicate=false recent_semantic_duplicate_distance=0 recent_semantic_unique_count=2 strict_duplicate=false semantic_duplicate=false repeat_class='none' loop_classification='none' hard_no_progress=false soft_no_progress=false no_progress_class='none' overlay_realign_grace_active=false min_step_gate_blocked=false realign_grace_suppressed=false repeat_stop_hit=false decision='continue' reason='none' stop_explain_version='pr7_explain_v1' stop_explain_input='step:1|move:{'success': true, 'status': 'moved', 'detail': 'moved', 'raw': {'timestamp': 1776259612983, 'reqid': '034436d7', 'success': true, 'status': 'moved', 'detail': 'moved', 'flags': []}}|smart:moved|same:0|fail:0' stop_explain_repeat='recent:false|class:none|strict:false|semantic:false|loop:none|two_card:false' stop_explain_no_progress='hit:false|class:none|hard:false|soft:false' stop_explain_gate='candidate:false|min_block:false|realign_suppress:false|realign_active:false|decision:continue'
[22:26:56] [OVERLAY] blocked no_overlay_policy scenario='life_plant_care_plugin' tab='(?i).*life.*' step=1
[22:26:56] [STOP][summary] scenario='life_plant_care_plugin' stop_triggered=false stop_step=1 reason='safety_limit'
[22:26:56] [PERF][scenario_summary] scenario=life_plant_care_plugin tab=(?i).*life.* total_runtime=47.9 total_steps=2 main_step_count=2 overlay_step_count=0 overlay_count=0 avg_get_focus=1.137 avg_move=0.301 avg_crop=0.706 avg_step_total=5.375 step_total_sample_count=2 avg_get_focus_main=1.137 avg_get_focus_overlay=0.0 fallback_dump_count=0 success_false_top_level_dump_attempt_count=0 success_false_top_level_dump_found_count=0 fallback_dump_rate=0.0 get_focus_strong_skip_count=2 get_focus_strong_skip_rate=100.0 step_dump_used_count=0 save_excel_count=1 realign_attempt_count=0 realign_success_count=0 realign_success_rate=0.0
[22:26:56] [LIFE_RESET] start
[22:26:56] [LIFE_RESET] app_inside=true
[22:26:56] [LIFE_RESET] bottom_nav_ready=true
[22:27:00] [LIFE_RESET] life_tab_reselected=false
[22:27:01] [LIFE_RESET] app_inside=true
[22:27:01] [LIFE_RESET] bottom_nav_ready=true
[22:27:04] [LIFE_RESET] life_tab_reselected=false
[22:27:04] [LIFE_RESET] success=false fail reason='life_tab_select_failed'
[22:27:04] [RECOVER] failed reason='life_tab_select_failed'
[22:27:04] [MAIN] recovery failed but continuing scenario_id='life_clothing_care_plugin' tab='(?i).*life.*'
[22:27:04] [SCENARIO][stabilization] scenario='life_clothing_care_plugin' screen_context_mode='new_screen' stabilization_mode='anchor_only'
[22:27:05] [LIFE_RESET] verify phase='plugin_start_initial' attempt=1/2 global_nav_visible=true life_tab_selected=false plugin_card_list_visible=true life_list_ready=false
[22:27:06] [LIFE_RESET] verify phase='plugin_start_initial' attempt=2/2 global_nav_visible=true life_tab_selected=false plugin_card_list_visible=true life_list_ready=false
[22:27:06] [PLUGIN_START][recover_before_entry] triggered=true mode='life_reset'
[22:27:06] [LIFE_RESET] start
[22:27:07] [LIFE_RESET] app_inside=true
[22:27:07] [LIFE_RESET] bottom_nav_ready=true
[22:27:10] [LIFE_RESET] life_tab_reselected=false
[22:27:11] [LIFE_RESET] app_inside=true
[22:27:11] [LIFE_RESET] bottom_nav_ready=true
[22:27:14] [LIFE_RESET] life_tab_reselected=false
[22:27:14] [LIFE_RESET] success=false fail reason='life_tab_select_failed'
[22:27:14] [RECOVER] failed reason='life_tab_select_failed'
[22:27:14] [PLUGIN_START][recover_before_entry] retry=1/2 reason='recover_to_start_state_failed'
[22:27:14] [LIFE_RESET] start
[22:27:15] [LIFE_RESET] app_inside=true
[22:27:15] [LIFE_RESET] bottom_nav_ready=true
[22:27:18] [LIFE_RESET] life_tab_reselected=false
[22:27:19] [LIFE_RESET] app_inside=true
[22:27:19] [LIFE_RESET] bottom_nav_ready=true
[22:27:23] [LIFE_RESET] life_tab_reselected=false
[22:27:23] [LIFE_RESET] success=false fail reason='life_tab_select_failed'
[22:27:23] [RECOVER] failed reason='life_tab_select_failed'
[22:27:23] [PLUGIN_START][life_list_check] ok=false reason='recover_failed'
[22:27:23] [PLUGIN_START][recover_before_entry] success=false
[22:27:23] [PERF][scenario_summary] scenario=life_clothing_care_plugin tab=(?i).*life.* total_runtime=18.8 total_steps=1 main_step_count=1 overlay_step_count=0 overlay_count=0 avg_get_focus=0.0 avg_move=0.0 avg_crop=0.0 avg_step_total=0.0 step_total_sample_count=0 avg_get_focus_main=0.0 avg_get_focus_overlay=0.0 fallback_dump_count=0 success_false_top_level_dump_attempt_count=0 success_false_top_level_dump_found_count=0 fallback_dump_rate=0.0 get_focus_strong_skip_count=0 get_focus_strong_skip_rate=0.0 step_dump_used_count=0 save_excel_count=0 realign_attempt_count=0 realign_success_count=0 realign_success_rate=0.0
[22:27:23] [RESULT] skipped anchor rows count=2
[22:27:23] [SAVE] writing sheets raw/filtered/summary/result
[22:27:23] [SAVE] filtered rows=9, raw rows=9
[22:27:23] [SAVE] saved excel: output/talkback_compare_20260415_222100.xlsx rows=9 with_images=False
[22:27:23] [LIFE_RESET] start
[22:27:24] [LIFE_RESET] app_inside=true
[22:27:24] [LIFE_RESET] bottom_nav_ready=true
[22:27:27] [LIFE_RESET] life_tab_reselected=false
[22:27:28] [LIFE_RESET] app_inside=true
[22:27:28] [LIFE_RESET] bottom_nav_ready=true
[22:27:32] [LIFE_RESET] life_tab_reselected=false
[22:27:32] [LIFE_RESET] success=false fail reason='life_tab_select_failed'
[22:27:32] [RECOVER] failed reason='life_tab_select_failed'
[22:27:32] [MAIN] recovery failed but continuing scenario_id='life_find_plugin' tab='(?i).*life.*'
[22:27:32] [SCENARIO][stabilization] scenario='life_find_plugin' screen_context_mode='new_screen' stabilization_mode='anchor_only'
[22:27:33] [LIFE_RESET] verify phase='plugin_start_initial' attempt=1/2 global_nav_visible=true life_tab_selected=false plugin_card_list_visible=true life_list_ready=false
[22:27:33] [LIFE_RESET] verify phase='plugin_start_initial' attempt=2/2 global_nav_visible=true life_tab_selected=false plugin_card_list_visible=true life_list_ready=false
[22:27:33] [PLUGIN_START][recover_before_entry] triggered=true mode='life_reset'
[22:27:33] [LIFE_RESET] start
[22:27:34] [LIFE_RESET] app_inside=true
[22:27:34] [LIFE_RESET] bottom_nav_ready=true
[22:27:37] [LIFE_RESET] life_tab_reselected=false
[22:27:38] [LIFE_RESET] app_inside=true
[22:27:38] [LIFE_RESET] bottom_nav_ready=true
[22:27:42] [LIFE_RESET] life_tab_reselected=false
[22:27:42] [LIFE_RESET] success=false fail reason='life_tab_select_failed'
[22:27:42] [RECOVER] failed reason='life_tab_select_failed'
[22:27:42] [PLUGIN_START][recover_before_entry] retry=1/2 reason='recover_to_start_state_failed'
[22:27:42] [LIFE_RESET] start
[22:27:42] [LIFE_RESET] app_inside=true
[22:27:42] [LIFE_RESET] bottom_nav_ready=true
[22:27:46] [LIFE_RESET] life_tab_reselected=false
[22:27:47] [LIFE_RESET] app_inside=true
[22:27:47] [LIFE_RESET] bottom_nav_ready=true
[22:27:51] [LIFE_RESET] life_tab_reselected=false
[22:27:51] [LIFE_RESET] success=false fail reason='life_tab_select_failed'
[22:27:51] [RECOVER] failed reason='life_tab_select_failed'
[22:27:51] [PLUGIN_START][life_list_check] ok=false reason='recover_failed'
[22:27:51] [PLUGIN_START][recover_before_entry] success=false
[22:27:51] [PERF][scenario_summary] scenario=life_find_plugin tab=(?i).*life.* total_runtime=19.1 total_steps=1 main_step_count=1 overlay_step_count=0 overlay_count=0 avg_get_focus=0.0 avg_move=0.0 avg_crop=0.0 avg_step_total=0.0 step_total_sample_count=0 avg_get_focus_main=0.0 avg_get_focus_overlay=0.0 fallback_dump_count=0 success_false_top_level_dump_attempt_count=0 success_false_top_level_dump_found_count=0 fallback_dump_rate=0.0 get_focus_strong_skip_count=0 get_focus_strong_skip_rate=0.0 step_dump_used_count=0 save_excel_count=0 realign_attempt_count=0 realign_success_count=0 realign_success_rate=0.0
[22:27:51] [RESULT] skipped anchor rows count=2
[22:27:51] [SAVE] writing sheets raw/filtered/summary/result
[22:27:51] [SAVE] filtered rows=10, raw rows=10
[22:27:51] [SAVE] saved excel: output/talkback_compare_20260415_222100.xlsx rows=10 with_images=False
[22:27:51] [LIFE_RESET] start
[22:27:51] [LIFE_RESET] app_inside=true
[22:27:51] [LIFE_RESET] bottom_nav_ready=true
[22:27:55] [LIFE_RESET] life_tab_reselected=false
[22:27:56] [LIFE_RESET] app_inside=true
[22:27:56] [LIFE_RESET] bottom_nav_ready=true
[22:28:00] [LIFE_RESET] life_tab_reselected=false
[22:28:00] [LIFE_RESET] success=false fail reason='life_tab_select_failed'
[22:28:00] [RECOVER] failed reason='life_tab_select_failed'
[22:28:00] [MAIN] recovery failed but continuing scenario_id='life_video_plugin' tab='(?i).*life.*'
[22:28:00] [SCENARIO][stabilization] scenario='life_video_plugin' screen_context_mode='new_screen' stabilization_mode='anchor_only'
[22:28:01] [LIFE_RESET] verify phase='plugin_start_initial' attempt=1/2 global_nav_visible=true life_tab_selected=false plugin_card_list_visible=true life_list_ready=false
[22:28:02] [LIFE_RESET] verify phase='plugin_start_initial' attempt=2/2 global_nav_visible=true life_tab_selected=false plugin_card_list_visible=true life_list_ready=false
[22:28:02] [PLUGIN_START][recover_before_entry] triggered=true mode='life_reset'
[22:28:02] [LIFE_RESET] start
[22:28:02] [LIFE_RESET] app_inside=true
[22:28:02] [LIFE_RESET] bottom_nav_ready=true
[22:28:06] [LIFE_RESET] life_tab_reselected=false
[22:28:06] [LIFE_RESET] app_inside=true
[22:28:06] [LIFE_RESET] bottom_nav_ready=true
[22:28:10] [LIFE_RESET] life_tab_reselected=false
[22:28:10] [LIFE_RESET] success=false fail reason='life_tab_select_failed'
[22:28:10] [RECOVER] failed reason='life_tab_select_failed'
[22:28:10] [PLUGIN_START][recover_before_entry] retry=1/2 reason='recover_to_start_state_failed'
[22:28:10] [LIFE_RESET] start
[22:28:11] [LIFE_RESET] app_inside=true
[22:28:11] [LIFE_RESET] bottom_nav_ready=true
[22:28:14] [LIFE_RESET] life_tab_reselected=false
[22:28:16] [LIFE_RESET] app_inside=true
[22:28:16] [LIFE_RESET] bottom_nav_ready=true
[22:28:19] [LIFE_RESET] life_tab_reselected=false
[22:28:19] [LIFE_RESET] success=false fail reason='life_tab_select_failed'
[22:28:19] [RECOVER] failed reason='life_tab_select_failed'
[22:28:19] [PLUGIN_START][life_list_check] ok=false reason='recover_failed'
[22:28:19] [PLUGIN_START][recover_before_entry] success=false
[22:28:19] [PERF][scenario_summary] scenario=life_video_plugin tab=(?i).*life.* total_runtime=18.8 total_steps=1 main_step_count=1 overlay_step_count=0 overlay_count=0 avg_get_focus=0.0 avg_move=0.0 avg_crop=0.0 avg_step_total=0.0 step_total_sample_count=0 avg_get_focus_main=0.0 avg_get_focus_overlay=0.0 fallback_dump_count=0 success_false_top_level_dump_attempt_count=0 success_false_top_level_dump_found_count=0 fallback_dump_rate=0.0 get_focus_strong_skip_count=0 get_focus_strong_skip_rate=0.0 step_dump_used_count=0 save_excel_count=0 realign_attempt_count=0 realign_success_count=0 realign_success_rate=0.0
[22:28:19] [RESULT] skipped anchor rows count=2
[22:28:19] [SAVE] writing sheets raw/filtered/summary/result
[22:28:19] [SAVE] filtered rows=11, raw rows=11
[22:28:19] [SAVE] saved excel: output/talkback_compare_20260415_222100.xlsx rows=11 with_images=False
[22:28:19] [LIFE_RESET] start
[22:28:20] [LIFE_RESET] app_inside=true
[22:28:20] [LIFE_RESET] bottom_nav_ready=true
[22:28:24] [LIFE_RESET] life_tab_reselected=false
[22:28:24] [LIFE_RESET] app_inside=true
[22:28:24] [LIFE_RESET] bottom_nav_ready=true
[22:28:28] [LIFE_RESET] life_tab_reselected=false
[22:28:28] [LIFE_RESET] success=false fail reason='life_tab_select_failed'
[22:28:28] [RECOVER] failed reason='life_tab_select_failed'
[22:28:28] [MAIN] recovery failed but continuing scenario_id='life_home_monitor_plugin' tab='(?i).*life.*'
[22:28:28] [SCENARIO][stabilization] scenario='life_home_monitor_plugin' screen_context_mode='new_screen' stabilization_mode='anchor_only'
[22:28:29] [LIFE_RESET] verify phase='plugin_start_initial' attempt=1/2 global_nav_visible=true life_tab_selected=false plugin_card_list_visible=true life_list_ready=false
[22:28:30] [LIFE_RESET] verify phase='plugin_start_initial' attempt=2/2 global_nav_visible=true life_tab_selected=false plugin_card_list_visible=true life_list_ready=false
[22:28:30] [PLUGIN_START][recover_before_entry] triggered=true mode='life_reset'
[22:28:30] [LIFE_RESET] start
[22:28:31] [LIFE_RESET] app_inside=true
[22:28:31] [LIFE_RESET] bottom_nav_ready=true
[22:28:34] [LIFE_RESET] life_tab_reselected=false
[22:28:35] [LIFE_RESET] app_inside=true
[22:28:35] [LIFE_RESET] bottom_nav_ready=true
[22:28:38] [LIFE_RESET] life_tab_reselected=false
[22:28:38] [LIFE_RESET] success=false fail reason='life_tab_select_failed'
[22:28:38] [RECOVER] failed reason='life_tab_select_failed'
[22:28:38] [PLUGIN_START][recover_before_entry] retry=1/2 reason='recover_to_start_state_failed'
[22:28:38] [LIFE_RESET] start
[22:28:39] [LIFE_RESET] app_inside=true
[22:28:39] [LIFE_RESET] bottom_nav_ready=true
[22:28:43] [LIFE_RESET] life_tab_reselected=false
[22:28:43] [LIFE_RESET] app_inside=true
[22:28:43] [LIFE_RESET] bottom_nav_ready=true
[22:28:48] [LIFE_RESET] life_tab_reselected=false
[22:28:48] [LIFE_RESET] success=false fail reason='life_tab_select_failed'
[22:28:48] [RECOVER] failed reason='life_tab_select_failed'
[22:28:48] [PLUGIN_START][life_list_check] ok=false reason='recover_failed'
[22:28:48] [PLUGIN_START][recover_before_entry] success=false
[22:28:48] [PERF][scenario_summary] scenario=life_home_monitor_plugin tab=(?i).*life.* total_runtime=19.4 total_steps=1 main_step_count=1 overlay_step_count=0 overlay_count=0 avg_get_focus=0.0 avg_move=0.0 avg_crop=0.0 avg_step_total=0.0 step_total_sample_count=0 avg_get_focus_main=0.0 avg_get_focus_overlay=0.0 fallback_dump_count=0 success_false_top_level_dump_attempt_count=0 success_false_top_level_dump_found_count=0 fallback_dump_rate=0.0 get_focus_strong_skip_count=0 get_focus_strong_skip_rate=0.0 step_dump_used_count=0 save_excel_count=0 realign_attempt_count=0 realign_success_count=0 realign_success_rate=0.0
[22:28:48] [RESULT] skipped anchor rows count=2
[22:28:48] [SAVE] writing sheets raw/filtered/summary/result
[22:28:48] [SAVE] filtered rows=12, raw rows=12
[22:28:48] [SAVE] saved excel: output/talkback_compare_20260415_222100.xlsx rows=12 with_images=False
[22:28:48] [LIFE_RESET] start
[22:28:48] [LIFE_RESET] app_inside=true
[22:28:48] [LIFE_RESET] bottom_nav_ready=true
[22:28:52] [LIFE_RESET] life_tab_reselected=false
[22:28:53] [LIFE_RESET] app_inside=true
[22:28:53] [LIFE_RESET] bottom_nav_ready=true
[22:28:56] [LIFE_RESET] life_tab_reselected=false
[22:28:56] [LIFE_RESET] success=false fail reason='life_tab_select_failed'
[22:28:56] [RECOVER] failed reason='life_tab_select_failed'
[22:28:56] [MAIN] recovery failed but continuing scenario_id='life_music_sync_plugin' tab='(?i).*life.*'
[22:28:56] [SCENARIO][stabilization] scenario='life_music_sync_plugin' screen_context_mode='new_screen' stabilization_mode='anchor_only'
[22:28:57] [LIFE_RESET] verify phase='plugin_start_initial' attempt=1/2 global_nav_visible=true life_tab_selected=false plugin_card_list_visible=true life_list_ready=false
[22:28:58] [LIFE_RESET] verify phase='plugin_start_initial' attempt=2/2 global_nav_visible=true life_tab_selected=false plugin_card_list_visible=true life_list_ready=false
[22:28:58] [PLUGIN_START][recover_before_entry] triggered=true mode='life_reset'
[22:28:58] [LIFE_RESET] start
[22:28:58] [LIFE_RESET] app_inside=true
[22:28:58] [LIFE_RESET] bottom_nav_ready=true
[22:29:02] [LIFE_RESET] life_tab_reselected=false
[22:29:03] [LIFE_RESET] app_inside=true
[22:29:03] [LIFE_RESET] bottom_nav_ready=true
[22:29:07] [LIFE_RESET] life_tab_reselected=false
[22:29:07] [LIFE_RESET] success=false fail reason='life_tab_select_failed'
[22:29:07] [RECOVER] failed reason='life_tab_select_failed'
[22:29:07] [PLUGIN_START][recover_before_entry] retry=1/2 reason='recover_to_start_state_failed'
[22:29:07] [LIFE_RESET] start
[22:29:07] [LIFE_RESET] app_inside=true
[22:29:07] [LIFE_RESET] bottom_nav_ready=true
[22:29:11] [LIFE_RESET] life_tab_reselected=false
[22:29:12] [LIFE_RESET] app_inside=true
[22:29:12] [LIFE_RESET] bottom_nav_ready=true
[22:29:15] [LIFE_RESET] life_tab_reselected=false
[22:29:15] [LIFE_RESET] success=false fail reason='life_tab_select_failed'
[22:29:15] [RECOVER] failed reason='life_tab_select_failed'
[22:29:15] [PLUGIN_START][life_list_check] ok=false reason='recover_failed'
[22:29:15] [PLUGIN_START][recover_before_entry] success=false
[22:29:15] [PERF][scenario_summary] scenario=life_music_sync_plugin tab=(?i).*life.* total_runtime=18.6 total_steps=1 main_step_count=1 overlay_step_count=0 overlay_count=0 avg_get_focus=0.0 avg_move=0.0 avg_crop=0.0 avg_step_total=0.0 step_total_sample_count=0 avg_get_focus_main=0.0 avg_get_focus_overlay=0.0 fallback_dump_count=0 success_false_top_level_dump_attempt_count=0 success_false_top_level_dump_found_count=0 fallback_dump_rate=0.0 get_focus_strong_skip_count=0 get_focus_strong_skip_rate=0.0 step_dump_used_count=0 save_excel_count=0 realign_attempt_count=0 realign_success_count=0 realign_success_rate=0.0
[22:29:15] [RESULT] skipped anchor rows count=2
[22:29:15] [SAVE] writing sheets raw/filtered/summary/result
[22:29:15] [SAVE] filtered rows=13, raw rows=13
[22:29:15] [SAVE] saved excel: output/talkback_compare_20260415_222100.xlsx rows=13 with_images=False
[22:29:15] [RESULT] skipped anchor rows count=2
[22:29:15] [SAVE] writing sheets raw/filtered/summary/result
[22:29:15] [SAVE] filtered rows=13, raw rows=13
[22:29:15] [SAVE] saved excel: output/talkback_compare_20260415_222100.xlsx rows=13 with_images=True
[22:29:15] [MAIN] final save complete
[22:29:15] [PERF][run_summary] total_runtime=493.9 total_scenarios=11 total_steps=13 total_overlay_count=0 avg_get_focus=0.354 avg_move=0.083 fallback_dump_count=0 success_false_top_level_dump_attempt_count=0 success_false_top_level_dump_found_count=0 fallback_dump_rate=0.0 get_focus_strong_skip_rate=30.8 realign_success_rate=0.0 save_excel_count=12
