[20:42:22] [SAVE][temp] override tmp='D:\Python test\talkback-a11y-helper\output\.tmp' temp='D:\Python test\talkback-a11y-helper\output\.tmp' applied=true
[20:42:22] [MAIN] script start (version=1.7.81, log_level=NORMAL)
[20:42:24] [PREFLIGHT] talkback status='enabled'
[20:42:24] [MAIN] output file: output/talkback_compare_20260414_204222.xlsx
[20:42:24] [MAIN] image dir base: output\talkback_compare_20260414_204222
[20:42:24] [CONFIG] runtime config loaded path='config\runtime_config.json'
[20:42:24] [GLOBAL_NAV][guard] forcing stabilization_mode='tab_context' scenario='global_nav_main' requested='anchor_then_context'
[20:42:24] [CONFIG] scenario resolved scenario='global_nav_main' group='main_tabs' max_steps=10 enabled=False
[20:42:24] [CONFIG] applied shared_navigation='default_global_nav'
[20:42:24] [CONFIG] scenario enabled scenario='global_nav_main' source='runtime' enabled=False base_enabled=False
[20:42:24] [CONFIG] scenario resolved scenario='home_main' group='main_tabs' max_steps=5 enabled=False
[20:42:24] [CONFIG] applied shared_navigation='bottom_tab_global_nav'
[20:42:24] [CONFIG] scenario enabled scenario='home_main' source='runtime' enabled=False base_enabled=False
[20:42:24] [CONFIG] scenario resolved scenario='life_food_plugin' group='plugin_screen' max_steps=5 enabled=False
[20:42:24] [CONFIG] applied pre_navigation_ref='enter_food_plugin'
[20:42:24] [CONFIG] scenario enabled scenario='life_food_plugin' source='runtime' enabled=False base_enabled=False
[20:42:24] [CONFIG] scenario resolved scenario='life_air_care_plugin' group='-' max_steps=5 enabled=True
[20:42:24] [CONFIG] scenario enabled scenario='life_air_care_plugin' source='runtime' enabled=True base_enabled=False
[20:42:24] [CONFIG] scenario resolved scenario='life_home_care_plugin' group='-' max_steps=5 enabled=True
[20:42:24] [CONFIG] scenario enabled scenario='life_home_care_plugin' source='runtime' enabled=True base_enabled=False
[20:42:24] [CONFIG] scenario resolved scenario='life_energy_plugin' group='-' max_steps=5 enabled=True
[20:42:24] [CONFIG] scenario enabled scenario='life_energy_plugin' source='runtime' enabled=True base_enabled=False
[20:42:24] [CONFIG] scenario resolved scenario='devices_main' group='main_tabs' max_steps=10 enabled=False
[20:42:24] [CONFIG] applied shared_navigation='bottom_tab_global_nav'
[20:42:24] [CONFIG] applied anchor_ref='home_tab_anchor'
[20:42:24] [CONFIG] scenario enabled scenario='devices_main' source='runtime' enabled=False base_enabled=False
[20:42:24] [CONFIG] scenario resolved scenario='life_main' group='main_tabs' max_steps=30 enabled=False
[20:42:24] [CONFIG] applied shared_navigation='bottom_tab_global_nav'
[20:42:24] [CONFIG] scenario enabled scenario='life_main' source='runtime' enabled=False base_enabled=False
[20:42:24] [CONFIG] scenario resolved scenario='routines_main' group='main_tabs' max_steps=30 enabled=False
[20:42:24] [CONFIG] applied shared_navigation='bottom_tab_global_nav'
[20:42:24] [CONFIG] scenario enabled scenario='routines_main' source='runtime' enabled=False base_enabled=False
[20:42:24] [CONFIG] scenario resolved scenario='menu_main' group='main_tabs' max_steps=30 enabled=False
[20:42:24] [CONFIG] applied shared_navigation='bottom_tab_global_nav'
[20:42:24] [CONFIG] scenario enabled scenario='menu_main' source='runtime' enabled=False base_enabled=False
[20:42:24] [CONFIG] scenario resolved scenario='settings_entry_example' group='plugin_screen' max_steps=5 enabled=False
[20:42:24] [CONFIG] applied anchor_ref='settings_button_anchor'
[20:42:24] [CONFIG] applied pre_navigation_ref='enter_settings'
[20:42:24] [CONFIG] scenario enabled scenario='settings_entry_example' source='runtime' enabled=False base_enabled=False
[20:42:24] [CONFIG] scenario resolved scenario='life_pet_care_plugin' group='-' max_steps=5 enabled=True
[20:42:24] [CONFIG] scenario enabled scenario='life_pet_care_plugin' source='runtime' enabled=True base_enabled=False
[20:42:24] [CONFIG] scenario resolved scenario='life_family_care_plugin' group='-' max_steps=5 enabled=True
[20:42:24] [CONFIG] scenario enabled scenario='life_family_care_plugin' source='runtime' enabled=True base_enabled=False
[20:42:24] [CONFIG] scenario resolved scenario='life_plant_care_plugin' group='-' max_steps=5 enabled=True
[20:42:24] [CONFIG] scenario enabled scenario='life_plant_care_plugin' source='runtime' enabled=True base_enabled=False
[20:42:24] [CONFIG] scenario resolved scenario='life_clothing_care_plugin' group='-' max_steps=5 enabled=True
[20:42:24] [CONFIG] scenario enabled scenario='life_clothing_care_plugin' source='runtime' enabled=True base_enabled=False
[20:42:24] [CONFIG] scenario resolved scenario='life_find_plugin' group='-' max_steps=5 enabled=True
[20:42:24] [CONFIG] scenario enabled scenario='life_find_plugin' source='runtime' enabled=True base_enabled=False
[20:42:24] [CONFIG] scenario resolved scenario='life_video_plugin' group='-' max_steps=5 enabled=True
[20:42:24] [CONFIG] scenario enabled scenario='life_video_plugin' source='runtime' enabled=True base_enabled=False
[20:42:24] [CONFIG] scenario resolved scenario='life_home_monitor_plugin' group='-' max_steps=5 enabled=True
[20:42:24] [CONFIG] scenario enabled scenario='life_home_monitor_plugin' source='runtime' enabled=True base_enabled=False
[20:42:24] [CONFIG] scenario resolved scenario='life_music_sync_plugin' group='-' max_steps=5 enabled=True
[20:42:24] [CONFIG] scenario enabled scenario='life_music_sync_plugin' source='runtime' enabled=True base_enabled=False
[20:42:24] [MAIN] skip disabled scenario_id='global_nav_main' tab='(?i).*(home|devices|life|routines|menu).*'
[20:42:24] [MAIN] skip disabled scenario_id='home_main' tab='(?i).*home.*'
[20:42:24] [MAIN] skip disabled scenario_id='life_food_plugin' tab='(?i).*life.*'
[20:42:24] [SCENARIO][stabilization] scenario='life_air_care_plugin' screen_context_mode='new_screen' stabilization_mode='anchor_only'
[20:42:24] [SCENARIO][pre_nav][stabilization] phase='plugin_start' attempt=1/2 life_selected=false app_bar_hits=5 visible_card_hits=2 life_root_signature_present=true navigate_up_hits=0 family_care_signature_seen=false final_score=4 ok=true pass_reason='life_root_signature_and_structure_confirmed' fail_reason=''
[20:42:24] [PLUGIN_START][life_list_check] ok=true reason='root_state_stable'
[20:42:24] [PLUGIN_START][recover_before_entry] triggered=false
[20:42:24] [PLUGIN_START][recover_before_entry] success=true
[20:42:24] [CONTEXT] skipped reason='new_screen_mode' phase='tab_select'
[20:42:24] [TAB][select] fallback_to_legacy=True scenario='life_air_care_plugin'
[20:42:32] [TRACE][open_scenario] scenario='life_air_care_plugin' stabilization_mode='anchor_only' focus_align_attempted=True focus_align_ok=True focus_align_reason='' context_ok=False anchor_matched=False anchor_stable=False
[20:42:32] [SCENARIO][pre_nav] step=1 action=xml_scroll_search_tap target='(?i)(^smart\s*air\s*care$|^air\s*care$|air\s*care\.|\baircare\b|에어\s*케어)'
[20:42:32] [XMLENTRY][search] pre_reset scroll_to_top=true
[20:42:37] [XMLENTRY][search] step=0/5 candidate_count=6
[20:42:37] [XMLENTRY][search][top] rank=1 reason='actionable_container' text='Family Care' rid='com.samsung.android.oneconnect:id/frameLayout' class='android.widget.FrameLayout' bounds='42,310,1038,1042' area_ratio='0.3516'
[20:42:37] [XMLENTRY][search][top] rank=2 reason='actionable_container' text='Family Care' rid='com.samsung.android.oneconnect:id/containerNameLayout' class='android.widget.RelativeLayout' bounds='42,310,1038,442' area_ratio='0.0634'
[20:42:37] [XMLENTRY][search][top] rank=3 reason='card_like_container' text='Take care of yourself and handle your day by che' rid='' class='android.widget.RelativeLayout' bounds='42,442,1038,634' area_ratio='0.0922'
[20:42:37] [XMLENTRY][select] reason='actionable_container' resource='com.samsung.android.oneconnect:id/frameLayout' bounds='42,310,1038,1042' text=''
[20:42:40] [XMLENTRY][result] success=false reason='tap_dispatched_but_no_transition' signal='air_care_verify_missing' scenario='life_air_care_plugin' type='a'
[20:42:40] [XMLENTRY][result] success=false reason='tap_dispatched_but_no_transition'
[20:42:40] [SCENARIO][pre_nav][xmlentry] fallback='helper_scrollTouch' reason='xml_entry_failed:tap_dispatched_but_no_transition'
[20:42:46] [SCENARIO][pre_nav] retry step=1 attempt=1/2 reason='ACTION_ACCESSIBILITY_FOCUS success'
[20:42:49] [XMLENTRY][search] step=0/5 candidate_count=0
[20:42:51] [XMLENTRY][scroll] step=0/5 performed=false
[20:42:51] [XMLENTRY][result] success=false reason='only_root_candidates'
[20:42:51] [SCENARIO][pre_nav][xmlentry] fallback='helper_scrollTouch' reason='xml_entry_failed:only_root_candidates'
[20:42:57] [CAPTURE][pre_nav_failure] start scenario='life_air_care_plugin' phase='pre_navigation' reason='no_local_match' step=1
[20:43:02] [CAPTURE][pre_nav_failure] saved path='output\capture_bundles\life_air_care_plugin\20260414_114232\final_failure' files='screenshot.png,window_dump.xml,helper_dump.json,focus_payload.json,meta.json'
[20:43:02] [SCENARIO][pre_nav] failed reason='action_failed' step=1
[20:43:02] [SCENARIO][pre_nav] failed reason='action_failed' detail='ACTION_ACCESSIBILITY_FOCUS success' step=1
[20:43:02] [PERF][scenario_summary] scenario=life_air_care_plugin tab=(?i).*life.* total_runtime=38.0 total_steps=1 main_step_count=1 overlay_step_count=0 overlay_count=0 avg_get_focus=0.0 avg_move=0.0 avg_crop=0.0 avg_step_total=0.0 step_total_sample_count=0 avg_get_focus_main=0.0 avg_get_focus_overlay=0.0 fallback_dump_count=0 success_false_top_level_dump_attempt_count=0 success_false_top_level_dump_found_count=0 fallback_dump_rate=0.0 get_focus_strong_skip_count=0 get_focus_strong_skip_rate=0.0 step_dump_used_count=0 save_excel_count=0 realign_attempt_count=0 realign_success_count=0 realign_success_rate=0.0
[20:43:02] [SAVE] writing sheets raw/filtered/summary/result
[20:43:02] [SAVE] filtered rows=1, raw rows=1
[20:43:02] [SAVE] saved excel: output/talkback_compare_20260414_204222.xlsx rows=1 with_images=False
[20:43:02] [RECOVER] start
[20:43:02] [SCENARIO][pre_nav][stabilization] phase='recover_initial_verify' attempt=1/2 life_selected=false app_bar_hits=4 visible_card_hits=0 life_root_signature_present=false navigate_up_hits=0 family_care_signature_seen=true final_score=1 ok=false pass_reason='' fail_reason='life_root_not_stable'
[20:43:03] [SCENARIO][pre_nav][stabilization] phase='recover_initial_verify' attempt=2/2 life_selected=false app_bar_hits=4 visible_card_hits=0 life_root_signature_present=false navigate_up_hits=0 family_care_signature_seen=true final_score=1 ok=false pass_reason='' fail_reason='life_root_not_stable'
[20:43:03] [RECOVER][back_loop] start
[20:43:03] [RECOVER][back_loop] attempt=1 state='detail_like'
[20:43:05] [SCENARIO][pre_nav][stabilization] phase='recover_back_loop_1' attempt=1/2 life_selected=false app_bar_hits=4 visible_card_hits=0 life_root_signature_present=false navigate_up_hits=0 family_care_signature_seen=true final_score=2 ok=false pass_reason='' fail_reason='life_root_not_stable'
[20:43:06] [SCENARIO][pre_nav][stabilization] phase='recover_back_loop_1' attempt=2/2 life_selected=false app_bar_hits=4 visible_card_hits=0 life_root_signature_present=false navigate_up_hits=0 family_care_signature_seen=true final_score=2 ok=false pass_reason='' fail_reason='life_root_not_stable'
[20:43:06] [RECOVER][back_loop] attempt=1 verify_ok=false reason='life_root_not_stable'
[20:43:06] [RECOVER][back_loop] attempt=2 state='detail_like'
[20:43:07] [SCENARIO][pre_nav][stabilization] phase='recover_back_loop_2' attempt=1/2 life_selected=false app_bar_hits=0 visible_card_hits=0 life_root_signature_present=true navigate_up_hits=0 family_care_signature_seen=false final_score=1 ok=false pass_reason='' fail_reason='life_root_not_stable'
[20:43:08] [SCENARIO][pre_nav][stabilization] phase='recover_back_loop_2' attempt=2/2 life_selected=false app_bar_hits=0 visible_card_hits=0 life_root_signature_present=true navigate_up_hits=0 family_care_signature_seen=false final_score=1 ok=false pass_reason='' fail_reason='life_root_not_stable'
[20:43:08] [RECOVER][back_loop] attempt=2 verify_ok=false reason='life_root_not_stable'
[20:43:08] [RECOVER][back_loop] attempt=3 state='detail_like'
[20:43:09] [SCENARIO][pre_nav][stabilization] phase='recover_back_loop_3' attempt=1/2 life_selected=false app_bar_hits=0 visible_card_hits=0 life_root_signature_present=true navigate_up_hits=0 family_care_signature_seen=false final_score=1 ok=false pass_reason='' fail_reason='life_root_not_stable'
[20:43:10] [SCENARIO][pre_nav][stabilization] phase='recover_back_loop_3' attempt=2/2 life_selected=false app_bar_hits=0 visible_card_hits=0 life_root_signature_present=true navigate_up_hits=0 family_care_signature_seen=false final_score=1 ok=false pass_reason='' fail_reason='life_root_not_stable'
[20:43:10] [RECOVER][back_loop] attempt=3 verify_ok=false reason='life_root_not_stable'
[20:43:10] [RECOVER][back_loop] attempt=4 state='detail_like'
[20:43:12] [SCENARIO][pre_nav][stabilization] phase='recover_back_loop_4' attempt=1/2 life_selected=false app_bar_hits=0 visible_card_hits=0 life_root_signature_present=true navigate_up_hits=0 family_care_signature_seen=false final_score=1 ok=false pass_reason='' fail_reason='life_root_not_stable'
[20:43:12] [SCENARIO][pre_nav][stabilization] phase='recover_back_loop_4' attempt=2/2 life_selected=false app_bar_hits=0 visible_card_hits=0 life_root_signature_present=true navigate_up_hits=0 family_care_signature_seen=false final_score=1 ok=false pass_reason='' fail_reason='life_root_not_stable'
[20:43:12] [RECOVER][back_loop] attempt=4 verify_ok=false reason='life_root_not_stable'
[20:43:12] [RECOVER][back_loop] attempt=5 state='detail_like'
[20:43:14] [SCENARIO][pre_nav][stabilization] phase='recover_back_loop_5' attempt=1/2 life_selected=false app_bar_hits=0 visible_card_hits=0 life_root_signature_present=true navigate_up_hits=0 family_care_signature_seen=false final_score=1 ok=false pass_reason='' fail_reason='life_root_not_stable'
[20:43:14] [SCENARIO][pre_nav][stabilization] phase='recover_back_loop_5' attempt=2/2 life_selected=false app_bar_hits=0 visible_card_hits=0 life_root_signature_present=true navigate_up_hits=0 family_care_signature_seen=false final_score=1 ok=false pass_reason='' fail_reason='life_root_not_stable'
[20:43:14] [RECOVER][back_loop] attempt=5 verify_ok=false reason='life_root_not_stable'
[20:43:14] [RECOVER][fallback] entering_select_fallback
[20:43:16] [FATAL] script interrupted: TARGET_ACTION_RESULT JSON 파싱 실패: Unterminated string starting at: line 1 column 4025 (char 4024)
[20:43:16] [SAVE] writing sheets raw/filtered/summary/result
[20:43:16] [SAVE] filtered rows=1, raw rows=1
[20:43:16] [SAVE] saved excel: output/talkback_compare_20260414_204222.xlsx rows=1 with_images=False
[20:43:16] [SAVE] writing sheets raw/filtered/summary/result
[20:43:16] [SAVE] filtered rows=1, raw rows=1
[20:43:16] [SAVE] saved excel: output/talkback_compare_20260414_204222.xlsx rows=1 with_images=True
[20:43:16] [MAIN] final save complete
[20:43:16] [PERF][run_summary] total_runtime=52.6 total_scenarios=1 total_steps=1 total_overlay_count=0 avg_get_focus=0.0 avg_move=0.0 fallback_dump_count=0 success_false_top_level_dump_attempt_count=0 success_false_top_level_dump_found_count=0 fallback_dump_rate=0.0 get_focus_strong_skip_rate=0.0 realign_success_rate=0.0 save_excel_count=3
