[21:18:36] [SAVE][temp] override tmp='D:\Python test\talkback-a11y-helper\output\.tmp' temp='D:\Python test\talkback-a11y-helper\output\.tmp' applied=true
[21:18:36] [MAIN] script start (version=1.7.95, log_level=NORMAL)
[21:18:37] [PREFLIGHT] talkback status='enabled'
[21:18:37] [MAIN] output file: output/talkback_compare_20260417_211836.xlsx
[21:18:37] [MAIN] image dir base: output\talkback_compare_20260417_211836
[21:18:37] [CONFIG] runtime config loaded path='config\runtime_config.json'
[21:18:37] [GLOBAL_NAV][guard] forcing stabilization_mode='tab_context' scenario='global_nav_main' requested='anchor_then_context'
[21:18:37] [CONFIG] scenario resolved scenario='global_nav_main' group='main_tabs' max_steps=10 enabled=True
[21:18:37] [CONFIG] applied shared_navigation='default_global_nav'
[21:18:37] [CONFIG] scenario enabled scenario='global_nav_main' source='runtime' enabled=True base_enabled=False
[21:18:37] [CONFIG] scenario resolved scenario='home_main' group='main_tabs' max_steps=5 enabled=True
[21:18:37] [CONFIG] applied shared_navigation='bottom_tab_global_nav'
[21:18:37] [CONFIG] scenario enabled scenario='home_main' source='runtime' enabled=True base_enabled=False
[21:18:37] [CONFIG] scenario resolved scenario='life_food_plugin' group='plugin_screen' max_steps=50 enabled=True
[21:18:37] [CONFIG] applied pre_navigation_ref='enter_food_plugin'
[21:18:37] [CONFIG] scenario enabled scenario='life_food_plugin' source='runtime' enabled=True base_enabled=False
[21:18:37] [CONFIG] scenario resolved scenario='life_air_care_plugin' group='-' max_steps=50 enabled=True
[21:18:37] [CONFIG] scenario enabled scenario='life_air_care_plugin' source='runtime' enabled=True base_enabled=False
[21:18:37] [CONFIG] scenario resolved scenario='life_home_care_plugin' group='-' max_steps=50 enabled=True
[21:18:37] [CONFIG] scenario enabled scenario='life_home_care_plugin' source='runtime' enabled=True base_enabled=False
[21:18:37] [CONFIG] scenario resolved scenario='life_energy_plugin' group='-' max_steps=50 enabled=True
[21:18:37] [CONFIG] scenario enabled scenario='life_energy_plugin' source='runtime' enabled=True base_enabled=False
[21:18:37] [CONFIG] scenario resolved scenario='devices_main' group='main_tabs' max_steps=10 enabled=True
[21:18:37] [CONFIG] applied shared_navigation='bottom_tab_global_nav'
[21:18:37] [CONFIG] applied anchor_ref='home_tab_anchor'
[21:18:37] [CONFIG] scenario enabled scenario='devices_main' source='runtime' enabled=True base_enabled=False
[21:18:37] [CONFIG] scenario resolved scenario='life_main' group='main_tabs' max_steps=30 enabled=True
[21:18:37] [CONFIG] applied shared_navigation='bottom_tab_global_nav'
[21:18:37] [CONFIG] scenario enabled scenario='life_main' source='runtime' enabled=True base_enabled=False
[21:18:37] [CONFIG] scenario resolved scenario='routines_main' group='main_tabs' max_steps=30 enabled=True
[21:18:37] [CONFIG] applied shared_navigation='bottom_tab_global_nav'
[21:18:37] [CONFIG] scenario enabled scenario='routines_main' source='runtime' enabled=True base_enabled=False
[21:18:37] [CONFIG] scenario resolved scenario='menu_main' group='main_tabs' max_steps=30 enabled=True
[21:18:37] [CONFIG] applied shared_navigation='bottom_tab_global_nav'
[21:18:37] [CONFIG] scenario enabled scenario='menu_main' source='runtime' enabled=True base_enabled=False
[21:18:37] [CONFIG] scenario resolved scenario='settings_entry_example' group='plugin_screen' max_steps=50 enabled=True
[21:18:37] [CONFIG] applied anchor_ref='settings_button_anchor'
[21:18:37] [CONFIG] applied pre_navigation_ref='enter_settings'
[21:18:37] [CONFIG] scenario enabled scenario='settings_entry_example' source='runtime' enabled=True base_enabled=False
[21:18:37] [CONFIG] scenario resolved scenario='life_pet_care_plugin' group='-' max_steps=50 enabled=True
[21:18:37] [CONFIG] scenario enabled scenario='life_pet_care_plugin' source='runtime' enabled=True base_enabled=False
[21:18:37] [CONFIG] scenario resolved scenario='life_family_care_plugin' group='-' max_steps=50 enabled=True
[21:18:37] [CONFIG] scenario enabled scenario='life_family_care_plugin' source='runtime' enabled=True base_enabled=False
[21:18:37] [CONFIG] scenario resolved scenario='life_plant_care_plugin' group='-' max_steps=50 enabled=True
[21:18:37] [CONFIG] scenario enabled scenario='life_plant_care_plugin' source='runtime' enabled=True base_enabled=False
[21:18:37] [CONFIG] scenario resolved scenario='life_clothing_care_plugin' group='-' max_steps=50 enabled=True
[21:18:37] [CONFIG] scenario enabled scenario='life_clothing_care_plugin' source='runtime' enabled=True base_enabled=False
[21:18:37] [CONFIG] scenario resolved scenario='life_find_plugin' group='-' max_steps=50 enabled=True
[21:18:37] [CONFIG] scenario enabled scenario='life_find_plugin' source='runtime' enabled=True base_enabled=False
[21:18:37] [CONFIG] scenario resolved scenario='life_video_plugin' group='-' max_steps=50 enabled=True
[21:18:37] [CONFIG] scenario enabled scenario='life_video_plugin' source='runtime' enabled=True base_enabled=False
[21:18:37] [CONFIG] scenario resolved scenario='life_home_monitor_plugin' group='-' max_steps=50 enabled=True
[21:18:37] [CONFIG] scenario enabled scenario='life_home_monitor_plugin' source='runtime' enabled=True base_enabled=False
[21:18:37] [CONFIG] scenario resolved scenario='life_music_sync_plugin' group='-' max_steps=10 enabled=True
[21:18:37] [CONFIG] scenario enabled scenario='life_music_sync_plugin' source='runtime' enabled=True base_enabled=False
[21:18:37] [SCENARIO][stabilization] scenario='global_nav_main' screen_context_mode='bottom_tab' stabilization_mode='tab_context'
[21:18:37] [TAB][select] fallback_to_legacy=True scenario='global_nav_main'
[21:18:46] [TAB][select] scenario='global_nav_main' selected=True matched_fields=['resource_id', 'text'] score=140
[21:18:46] [TAB][verify] selected_bottom_tab ok=True actual='Selected, Home, Tab 1 of 5'
[21:18:46] [TRACE][open_scenario] scenario='global_nav_main' stabilization_mode='tab_context' focus_align_attempted=True focus_align_ok=True focus_align_reason='' context_ok=False anchor_matched=False anchor_stable=False
[21:18:57] [CONTEXT] scenario='global_nav_main' type='selected_bottom_tab' expected='announcement=(?i).*(selected|선택됨).*(home|devices|life|routines|menu).*' actual='Selected, Home, Tab 1 of 5, Selected, Home, Tab 1 of 5' ok=True
[21:18:57] [ANCHOR][scenario_start] anchor mismatch scenario='global_nav_main'
[21:18:57] [CONTEXT] verification passed scenario='global_nav_main'
[21:18:57] [ANCHOR][scenario_start] success scenario='global_nav_main' selected={'success': True, 'status': 'moved', 'detail': 'ACTION_ACCESSIBILITY_FOCUS success', 'raw': {'timestamp': 1776428332364, 'reqId': '07b7eae5', 'success': True, 'reason': 'ACTION_ACCESSIBILITY_FOCUS success', 'action': 'FOCUS', 'targetName': '(?i).*(home|devices|life|routines|menu).*', 'targetType': 'a', 'targetIndex': 0, 'attemptedResourceId': 'com.samsung.android.oneconnect:id/home_button', 'attemptedClassName': 'android.widget.ImageButton', 'target': {'timestamp': 1776428332364, 'schemaVersion': '1.2.0', 'snapshotBuilderVersion': '1.2.0', 'packageName': 'com.samsung.android.oneconnect', 'className': 'android.widget.ImageButton', 'viewIdResourceName': 'com.samsung.android.oneconnect:id/home_button', 'text': None, 'contentDescription': 'Location QR code', 'mergedLabel': 'Location QR code', 'talkbackLabel': 'Location QR code', 'clickable': True, 'focusable': True, 'focused': False, 'accessibilityFocused': False, 'visibleToUser': True, 'isVisibleToUser': True, 'selected': False, 'checkable': False, 'checked': False, 'enabled': True, 'boundsInScreen': {'l': 72, 't': 178, 'r': 144, 'b': 250, 'left': 72, 'top': 178, 'right': 144, 'bottom': 250}, 'children': []}}} matched=False stable=True context_ok=True reason='context_verified'
[21:18:57] [TRACE][open_scenario] scenario='global_nav_main' stabilization_mode='tab_context' focus_align_attempted=True focus_align_ok=True focus_align_reason='' context_ok=False anchor_matched=False anchor_stable=True
[21:19:01] [ENTRY][post_open_identity] scenario_id='global_nav_main' top_visible_labels='Location QR code Locatio,우리 집, Change location 우리,Map View Map View,Add Add,More options, New conten' top_focus_label='Location QR code Location QR code' back_button_present=false body_texts='Location QR code Locatio,우리 집, Change location 우리,Map View Map View,Add Add,More options, New conten' plugin_title_candidates='Location QR code Locatio,우리 집, Change location 우리,Map View Map View' verify_hit=false special_token_hit=false
[21:19:01] [ENTRY][special_state_check] detected=true signals='long_intro,cta,intro_focus' kind='setup_needed_or_empty_state'
[21:19:01] [ENTRY][special_state_check] decision='skip_special_state_route' screen_context_mode='bottom_tab' scenario_type='global_nav' group='none'
[21:19:01] [ENTRY][special_state_check] decision='keep_success_path'
[21:19:02] [SCENARIO][entry_contract] success scenario='global_nav_main' entry_type='card' reason='success_verified' detail='plugin_open_verified'
[21:19:03] [TRACE][post_open_focus] scenario='global_nav_main' view_id='com.samsung.android.oneconnect:id/home_button' label='Location QR code' speech='Location QR code' bounds='{'l': 72, 't': 178, 'r': 144, 'b': 250, 'left': 72, 'top': 178, 'right': 144, 'bottom': 250}' source='top_level' top_level=True
[21:19:03] [GLOBAL_NAV][start_gate] scenario='global_nav_main' focused_view_id='com.samsung.android.oneconnect:id/home_button' is_bottom_tab=false
[21:19:03] [GLOBAL_NAV][start_gate] retry_align scenario='global_nav_main' reason='focused_node_not_bottom_tab' focused_view_id='com.samsung.android.oneconnect:id/home_button'
[21:19:05] [GLOBAL_NAV][start_gate] scenario='global_nav_main' focused_view_id='com.samsung.android.oneconnect:id/menu_favorites' is_bottom_tab=true
[21:19:05] [GLOBAL_NAV][start_gate] passed scenario='global_nav_main'
[21:19:10] [TRACE][anchor_row] scenario='global_nav_main' step=0 view_id='com.samsung.android.oneconnect:id/menu_favorites' visible='Selected, Home, Tab 1 of 5' speech='Selected, Home, Tab 1 of 5' normalized_visible='home tab 1 of 5' is_global_nav=False
[21:19:11] [ROW] fingerprint='com.samsung.android.oneconnect:id/menu_favorites|home tab 1 of 5|home tab 1 of 5|120,2406' normalized_fingerprint='com samsung android oneconnect id menu favorites|home tab 1 of 5|home tab 1 of 5' duplicate=false recent_duplicate=false distance=0 recent_semantic_duplicate=false semantic_distance=0 semantic_window_unique=1 noise=false
[21:19:11] [RESULT] skipped anchor rows count=1
[21:19:11] [SAVE] writing sheets raw/filtered/summary/result
[21:19:11] [SAVE] filtered rows=1, raw rows=1
[21:19:11] [SAVE] saved excel: output/talkback_compare_20260417_211836.xlsx rows=1 with_images=False
[21:19:11] [STEP] START tab='(?i).*(home|devices|life|routines|menu).*' step=1
[21:19:17] [ROW] fingerprint='com.samsung.android.oneconnect:id/menu_devices|devices tab 2 of 5 new content available|devices tab 2 of 5 new content available|330,2406' normalized_fingerprint='com samsung android oneconnect id menu devices|devices tab 2 of 5 new content available|devices tab 2 of 5 new content available' duplicate=false recent_duplicate=false distance=0 recent_semantic_duplicate=false semantic_distance=0 semantic_window_unique=2 noise=false
[21:19:17] [STEP] END tab='(?i).*(home|devices|life|routines|menu).*' step=1 elapsed=4.70s move_result='{'success': True, 'status': 'moved', 'detail': 'moved', 'raw': {'timestamp': 1776428352665, 'reqId': 'cc3635b1', 'success': True, 'status': 'moved', 'detail': 'moved', 'flags': []}}' visible='Devices, Tab 2 of 5, New content available' speech='Devices, Tab 2 of 5, New content available' crop='output\talkback_compare_20260417_211836\crops\i_.__home_devices_life_routines_menu_._step_1_Devices__Tab_2_of_5__New_content_availab.png' timing(move=0.659s ann=3.084s get_focus=0.955s get_focus_fallback_dump=0.000s step_dump=0.000s crop=1.193s total=5.891s) focus_reason='' fallback_used=False fallback_found=False step_dump_used=False step_dump_reason='focus_payload_sufficient' req_id='e028a5e2'
[21:19:17] [STOP][eval] step=1 scenario='global_nav_main' terminal=false same_like_count=0 no_progress=false scenario_type='global_nav' is_global_nav=true after_realign=false recent_repeat=false bounded_two_card_loop=false semantic_same_like=false recent_duplicate=false recent_duplicate_distance=0 recent_semantic_duplicate=false recent_semantic_duplicate_distance=0 recent_semantic_unique_count=2 strict_duplicate=false semantic_duplicate=false repeat_class='none' loop_classification='none' hard_no_progress=false soft_no_progress=false no_progress_class='none' overlay_realign_grace_active=false min_step_gate_blocked=false realign_grace_suppressed=false repeat_stop_hit=false decision='continue' reason='none' stop_explain_version='pr7_explain_v1' stop_explain_input='step:1|move:moved|smart:moved|same:0|fail:0' stop_explain_repeat='recent:false|class:none|strict:false|semantic:false|loop:none|two_card:false' stop_explain_no_progress='hit:false|class:none|hard:false|soft:false' stop_explain_gate='candidate:false|min_block:false|realign_suppress:false|realign_active:false|decision:continue'
[21:19:17] [OVERLAY] blocked by scenario policy scenario='global_nav_main' tab='(?i).*(home|devices|life|routines|menu).*' step=1 view_id='com.samsung.android.oneconnect:id/menu_devices' label='Devices, Tab 2 of 5, New content available'
[21:19:17] [STEP] START tab='(?i).*(home|devices|life|routines|menu).*' step=2
[21:19:23] [ROW] fingerprint='com.samsung.android.oneconnect:id/menu_services|life tab 3 of 5|life tab 3 of 5|540,2406' normalized_fingerprint='com samsung android oneconnect id menu services|life tab 3 of 5|life tab 3 of 5' duplicate=false recent_duplicate=false distance=0 recent_semantic_duplicate=false semantic_distance=0 semantic_window_unique=3 noise=false
[21:19:23] [STEP] END tab='(?i).*(home|devices|life|routines|menu).*' step=2 elapsed=4.46s move_result='{'success': True, 'status': 'moved', 'detail': 'moved', 'raw': {'timestamp': 1776428358405, 'reqId': '89d56ebb', 'success': True, 'status': 'moved', 'detail': 'moved', 'flags': []}}' visible='Life, Tab 3 of 5' speech='Life, Tab 3 of 5' crop='output\talkback_compare_20260417_211836\crops\i_.__home_devices_life_routines_menu_._step_2_Life__Tab_3_of_5.png' timing(move=0.504s ann=3.001s get_focus=0.955s get_focus_fallback_dump=0.000s step_dump=0.000s crop=1.211s total=5.672s) focus_reason='' fallback_used=False fallback_found=False step_dump_used=False step_dump_reason='focus_payload_sufficient' req_id='0664df8c'
[21:19:23] [STOP][eval] step=2 scenario='global_nav_main' terminal=false same_like_count=0 no_progress=false scenario_type='global_nav' is_global_nav=true after_realign=false recent_repeat=false bounded_two_card_loop=false semantic_same_like=false recent_duplicate=false recent_duplicate_distance=0 recent_semantic_duplicate=false recent_semantic_duplicate_distance=0 recent_semantic_unique_count=3 strict_duplicate=false semantic_duplicate=false repeat_class='none' loop_classification='none' hard_no_progress=false soft_no_progress=false no_progress_class='none' overlay_realign_grace_active=false min_step_gate_blocked=false realign_grace_suppressed=false repeat_stop_hit=false decision='continue' reason='none' stop_explain_version='pr7_explain_v1' stop_explain_input='step:2|move:moved|smart:moved|same:0|fail:0' stop_explain_repeat='recent:false|class:none|strict:false|semantic:false|loop:none|two_card:false' stop_explain_no_progress='hit:false|class:none|hard:false|soft:false' stop_explain_gate='candidate:false|min_block:false|realign_suppress:false|realign_active:false|decision:continue'
[21:19:23] [OVERLAY] blocked by scenario policy scenario='global_nav_main' tab='(?i).*(home|devices|life|routines|menu).*' step=2 view_id='com.samsung.android.oneconnect:id/menu_services' label='Life, Tab 3 of 5'
[21:19:23] [STEP] START tab='(?i).*(home|devices|life|routines|menu).*' step=3
[21:19:29] [ROW] fingerprint='com.samsung.android.oneconnect:id/menu_automations|routines tab 4 of 5|routines tab 4 of 5|750,2406' normalized_fingerprint='com samsung android oneconnect id menu automations|routines tab 4 of 5|routines tab 4 of 5' duplicate=false recent_duplicate=false distance=0 recent_semantic_duplicate=false semantic_distance=0 semantic_window_unique=4 noise=false
[21:19:29] [STEP] END tab='(?i).*(home|devices|life|routines|menu).*' step=3 elapsed=4.42s move_result='{'success': True, 'status': 'moved', 'detail': 'moved', 'raw': {'timestamp': 1776428364017, 'reqId': '46c2bf66', 'success': True, 'status': 'moved', 'detail': 'moved', 'flags': []}}' visible='Routines, Tab 4 of 5' speech='Routines, Tab 4 of 5' crop='output\talkback_compare_20260417_211836\crops\i_.__home_devices_life_routines_menu_._step_3_Routines__Tab_4_of_5.png' timing(move=0.417s ann=3.035s get_focus=0.967s get_focus_fallback_dump=0.000s step_dump=0.000s crop=1.208s total=5.628s) focus_reason='' fallback_used=False fallback_found=False step_dump_used=False step_dump_reason='focus_payload_sufficient' req_id='c1f757f1'
[21:19:29] [STOP][eval] step=3 scenario='global_nav_main' terminal=false same_like_count=0 no_progress=false scenario_type='global_nav' is_global_nav=true after_realign=false recent_repeat=false bounded_two_card_loop=false semantic_same_like=false recent_duplicate=false recent_duplicate_distance=0 recent_semantic_duplicate=false recent_semantic_duplicate_distance=0 recent_semantic_unique_count=4 strict_duplicate=false semantic_duplicate=false repeat_class='none' loop_classification='none' hard_no_progress=false soft_no_progress=false no_progress_class='none' overlay_realign_grace_active=false min_step_gate_blocked=false realign_grace_suppressed=false repeat_stop_hit=false decision='continue' reason='none' stop_explain_version='pr7_explain_v1' stop_explain_input='step:3|move:moved|smart:moved|same:0|fail:0' stop_explain_repeat='recent:false|class:none|strict:false|semantic:false|loop:none|two_card:false' stop_explain_no_progress='hit:false|class:none|hard:false|soft:false' stop_explain_gate='candidate:false|min_block:false|realign_suppress:false|realign_active:false|decision:continue'
[21:19:29] [RESULT] skipped anchor rows count=1
[21:19:29] [SAVE] writing sheets raw/filtered/summary/result
[21:19:29] [SAVE] filtered rows=4, raw rows=4
[21:19:29] [SAVE] saved excel: output/talkback_compare_20260417_211836.xlsx rows=4 with_images=False
[21:19:29] [OVERLAY] blocked by scenario policy scenario='global_nav_main' tab='(?i).*(home|devices|life|routines|menu).*' step=3 view_id='com.samsung.android.oneconnect:id/menu_automations' label='Routines, Tab 4 of 5'
[21:19:29] [STEP] START tab='(?i).*(home|devices|life|routines|menu).*' step=4
[21:19:34] [ROW] fingerprint='com.samsung.android.oneconnect:id/menu_more|menu tab 5 of 5 new content available|menu tab 5 of 5 new content available|960,2406' normalized_fingerprint='com samsung android oneconnect id menu more|menu tab 5 of 5 new content available|menu tab 5 of 5 new content available' duplicate=false recent_duplicate=false distance=0 recent_semantic_duplicate=false semantic_distance=0 semantic_window_unique=5 noise=false
[21:19:34] [STEP] END tab='(?i).*(home|devices|life|routines|menu).*' step=4 elapsed=4.41s move_result='{'success': True, 'status': 'moved', 'detail': 'moved', 'raw': {'timestamp': 1776428369726, 'reqId': '011c615c', 'success': True, 'status': 'moved', 'detail': 'moved', 'flags': []}}' visible='Menu, Tab 5 of 5, New content available' speech='Menu, Tab 5 of 5, New content available' crop='output\talkback_compare_20260417_211836\crops\i_.__home_devices_life_routines_menu_._step_4_Menu__Tab_5_of_5__New_content_available.png' timing(move=0.414s ann=3.037s get_focus=0.954s get_focus_fallback_dump=0.000s step_dump=0.000s crop=1.200s total=5.606s) focus_reason='' fallback_used=False fallback_found=False step_dump_used=False step_dump_reason='focus_payload_sufficient' req_id='cbb94295'
[21:19:34] [STOP][eval] step=4 scenario='global_nav_main' terminal=false same_like_count=0 no_progress=false scenario_type='global_nav' is_global_nav=true after_realign=false recent_repeat=false bounded_two_card_loop=false semantic_same_like=false recent_duplicate=false recent_duplicate_distance=0 recent_semantic_duplicate=false recent_semantic_duplicate_distance=0 recent_semantic_unique_count=5 strict_duplicate=false semantic_duplicate=false repeat_class='none' loop_classification='none' hard_no_progress=false soft_no_progress=false no_progress_class='none' overlay_realign_grace_active=false min_step_gate_blocked=false realign_grace_suppressed=false repeat_stop_hit=false decision='continue' reason='none' stop_explain_version='pr7_explain_v1' stop_explain_input='step:4|move:moved|smart:moved|same:0|fail:0' stop_explain_repeat='recent:false|class:none|strict:false|semantic:false|loop:none|two_card:false' stop_explain_no_progress='hit:false|class:none|hard:false|soft:false' stop_explain_gate='candidate:false|min_block:false|realign_suppress:false|realign_active:false|decision:continue'
[21:19:34] [OVERLAY] blocked by scenario policy scenario='global_nav_main' tab='(?i).*(home|devices|life|routines|menu).*' step=4 view_id='com.samsung.android.oneconnect:id/menu_more' label='Menu, Tab 5 of 5, New content available'
[21:19:34] [STEP] START tab='(?i).*(home|devices|life|routines|menu).*' step=5
[21:19:41] [ROW] fingerprint='com.samsung.android.oneconnect:id/menu_more|menu tab 5 of 5 new content available|menu tab 5 of 5 new content available|960,2406' normalized_fingerprint='com samsung android oneconnect id menu more|menu tab 5 of 5 new content available|menu tab 5 of 5 new content available' duplicate=true recent_duplicate=true distance=1 recent_semantic_duplicate=true semantic_distance=1 semantic_window_unique=5 noise=false
[21:19:41] [STEP] END tab='(?i).*(home|devices|life|routines|menu).*' step=5 elapsed=5.20s move_result='' visible='Menu, Tab 5 of 5, New content available' speech='Menu, Tab 5 of 5, New content available' crop='output\talkback_compare_20260417_211836\crops\i_.__home_devices_life_routines_menu_._step_5_Menu__Tab_5_of_5__New_content_available.png' timing(move=0.372s ann=3.843s get_focus=0.984s get_focus_fallback_dump=0.000s step_dump=0.000s crop=1.199s total=6.399s) focus_reason='' fallback_used=False fallback_found=False step_dump_used=False step_dump_reason='focus_payload_sufficient' req_id='4b7a99f8'
[21:19:41] [STOP][eval] step=5 scenario='global_nav_main' terminal=true same_like_count=1 no_progress=true scenario_type='global_nav' is_global_nav=true after_realign=false recent_repeat=false bounded_two_card_loop=false semantic_same_like=true recent_duplicate=true recent_duplicate_distance=1 recent_semantic_duplicate=true recent_semantic_duplicate_distance=1 recent_semantic_unique_count=5 strict_duplicate=true semantic_duplicate=true repeat_class='mixed_repeat' loop_classification='harmful_loop' hard_no_progress=true soft_no_progress=false no_progress_class='hard_no_progress' overlay_realign_grace_active=false min_step_gate_blocked=false realign_grace_suppressed=false repeat_stop_hit=false decision='stop' reason='smart_nav_terminal' stop_explain_version='pr7_explain_v1' stop_explain_input='step:5|move:failed|smart:failed|same:1|fail:1' stop_explain_repeat='recent:false|class:mixed_repeat|strict:true|semantic:true|loop:harmful_loop|two_card:false' stop_explain_no_progress='hit:true|class:hard_no_progress|hard:true|soft:false' stop_explain_gate='candidate:true|min_block:false|realign_suppress:false|realign_active:false|decision:stop'
[21:19:41] [RESULT] skipped anchor rows count=1
[21:19:41] [SAVE] writing sheets raw/filtered/summary/result
[21:19:41] [SAVE] filtered rows=5, raw rows=6
[21:19:41] [SAVE] saved excel: output/talkback_compare_20260417_211836.xlsx rows=6 with_images=False
[21:19:41] [OVERLAY] blocked by scenario policy scenario='global_nav_main' tab='(?i).*(home|devices|life|routines|menu).*' step=5 view_id='com.samsung.android.oneconnect:id/menu_more' label='Menu, Tab 5 of 5, New content available'
[21:19:41] [STOP][triggered] step=5 scenario='global_nav_main' decision='stop' reason='smart_nav_terminal'
[21:19:41] [STOP][summary] scenario='global_nav_main' stop_triggered=true stop_step=5 reason='smart_nav_terminal'
[21:19:41] [PERF][scenario_summary] scenario=global_nav_main tab=(?i).*(home|devices|life|routines|menu).* total_runtime=63.5 total_steps=6 main_step_count=6 overlay_step_count=0 overlay_count=0 avg_get_focus=0.962 avg_move=0.394 avg_crop=1.204 avg_step_total=5.651 step_total_sample_count=6 avg_get_focus_main=0.962 avg_get_focus_overlay=0.0 fallback_dump_count=0 success_false_top_level_dump_attempt_count=0 success_false_top_level_dump_found_count=0 fallback_dump_rate=0.0 get_focus_strong_skip_count=6 get_focus_strong_skip_rate=100.0 step_dump_used_count=0 save_excel_count=3 realign_attempt_count=0 realign_success_count=0 realign_success_rate=0.0
[21:19:41] [LIFE_RESET] start
[21:19:41] [LIFE_RESET] app_inside=true
[21:19:41] [LIFE_RESET] bottom_nav_ready=true
[21:19:42] [LIFE_RESET][tab_reselect_attempt] scenario='home_main' phase='default' attempt=1/2 package_inside=true global_nav_visible=true select_mode='resource_id' target='com.samsung.android.oneconnect:id/menu_services'
[21:19:43] [LIFE_RESET][tab_reselect_result] scenario='home_main' phase='default' attempt=1/2 select_mode='resource_id' target='com.samsung.android.oneconnect:id/menu_services' select_raw='{'success': True, 'status': 'moved', 'detail': 'ACTION_ACCESSIBILITY_FOCUS success', 'raw': {'timestamp': 1776428383909, 'reqId': 'bd113343', 'success': True, 'reason': 'ACTION_ACCESSIBILITY_FOCUS success', 'action': 'FOCUS', 'targetName': 'com.samsung.android.oneconnect:id/menu_services', 'targetType': 'r', 'targetIndex': 0, 'attemptedResourceId': 'com.samsung.android.oneconnect:id/menu_services', 'attemptedClassName': 'android.widget.Button', 'target': {'timestamp': 1776428383909, 'schemaVersion': '1.2.0', 'snapshotBuilderVersion': '1.2.0', 'packageName': 'com.samsung.android.oneconnect', 'className': 'android.widget.Button', 'viewIdResourceName': 'com.samsung.android.oneconnect:id/menu_services', 'text': None, 'contentDescription': 'Life, Tab 3 of 5', 'mergedLabel': 'Life, Tab 3 of 5', 'talkbackLabel': 'Life, Tab 3 of 5', 'clickable': True, 'focusable': True, 'focused': False, 'accessibilityFocused': False, 'visibleToUser': True, 'isVisibleToUser': True, 'selected': False, 'checkable': False, 'checked': False, 'enabled': True, 'boundsInScreen': {'l': 443, 't': 2316, 'r': 637, 'b': 2496, 'left': 443, 'top': 2316, 'right': 637, 'bottom': 2496}, 'children': []}}}' select_success=true verify_selected_bottom_tab_ok=true verify_actual='' verify_source='pre_select_snapshot' life_tab_reselected=true basis='select_success_only'
[21:19:43] [LIFE_RESET] life_tab_reselected=true
[21:19:45] [LIFE_RESET] verify phase='life_reset' attempt=1/2 global_nav_visible=true life_tab_selected=true plugin_card_list_visible=true life_list_ready=true
[21:19:45] [LIFE_RESET] life_list_ready=true
[21:19:45] [LIFE_RESET] success=true reason='life_tab_ready_with_card_evidence'
[21:19:45] [RECOVER] success reason='life_reset_ready'
[21:19:45] [SCENARIO][stabilization] scenario='home_main' screen_context_mode='bottom_tab' stabilization_mode='anchor_then_context'
[21:19:51] [TAB][select] scenario='home_main' selected=True matched_fields=['resource_id', 'text', 'announcement'] score=170
[21:19:51] [TAB][verify] selected_bottom_tab ok=True actual='Selected, Home, Tab 1 of 5'
[21:19:51] [TRACE][open_scenario] scenario='home_main' stabilization_mode='anchor_then_context' focus_align_attempted=True focus_align_ok=True focus_align_reason='' context_ok=False anchor_matched=False anchor_stable=False
[21:19:59] [CONTEXT] scenario='home_main' type='selected_bottom_tab' expected='announcement=(?i).*(selected|선택됨).*home.*' actual='Selected, Home, Tab 1 of 5, Selected, Home, Tab 1 of 5' ok=True
[21:19:59] [CONTEXT] verification passed scenario='home_main'
[21:19:59] [ANCHOR][scenario_start] success scenario='home_main' selected=True matched=True stable=True context_ok=True reason='selected_and_verified'
[21:19:59] [TRACE][open_scenario] scenario='home_main' stabilization_mode='anchor_then_context' focus_align_attempted=True focus_align_ok=True focus_align_reason='' context_ok=False anchor_matched=False anchor_stable=True
[21:20:03] [ENTRY][post_open_identity] scenario_id='home_main' top_visible_labels='Location QR code Locatio,우리 집, Change location 우리,Map View Map View,Add Add,More options, New conten' top_focus_label='Location QR code Location QR code' back_button_present=false body_texts='Location QR code Locatio,우리 집, Change location 우리,Map View Map View,Add Add,More options, New conten' plugin_title_candidates='Location QR code Locatio,우리 집, Change location 우리,Map View Map View' verify_hit=false special_token_hit=false
[21:20:03] [ENTRY][special_state_check] detected=true signals='long_intro,cta,intro_focus' kind='setup_needed_or_empty_state'
[21:20:03] [ENTRY][special_state_check] decision='skip_special_state_route' screen_context_mode='bottom_tab' scenario_type='content' group='none'
[21:20:03] [ENTRY][special_state_check] decision='keep_success_path'
[21:20:05] [SCENARIO][entry_contract] success scenario='home_main' entry_type='card' reason='success_verified' detail='plugin_open_verified'
[21:20:05] [TRACE][post_open_focus] scenario='home_main' view_id='com.samsung.android.oneconnect:id/home_button' label='Location QR code' speech='Location QR code' bounds='{'l': 72, 't': 178, 'r': 144, 'b': 250, 'left': 72, 'top': 178, 'right': 144, 'bottom': 250}' source='top_level' top_level=True
[21:20:10] [TRACE][anchor_row] scenario='home_main' step=0 view_id='com.samsung.android.oneconnect:id/home_button' visible='Location QR code' speech='Location QR code' normalized_visible='location qr code' is_global_nav=False
[21:20:11] [ROW] fingerprint='com.samsung.android.oneconnect:id/home_button|location qr code|location qr code|108,214' normalized_fingerprint='com samsung android oneconnect id home button|location qr code|location qr code' duplicate=false recent_duplicate=false distance=0 recent_semantic_duplicate=false semantic_distance=0 semantic_window_unique=1 noise=false
[21:20:11] [RESULT] skipped anchor rows count=2
[21:20:11] [SAVE] writing sheets raw/filtered/summary/result
[21:20:11] [SAVE] filtered rows=6, raw rows=7
[21:20:11] [SAVE] saved excel: output/talkback_compare_20260417_211836.xlsx rows=7 with_images=False
[21:20:11] [STEP] START tab='(?i).*home.*' step=1
[21:20:17] [ROW] fingerprint='com.samsung.android.oneconnect:id/tab_title|우리 집 change location|우리 집 change location|296,213' normalized_fingerprint='com samsung android oneconnect id tab title|우리 집 change location|우리 집 change location' duplicate=false recent_duplicate=false distance=0 recent_semantic_duplicate=false semantic_distance=0 semantic_window_unique=2 noise=false
[21:20:17] [STEP] END tab='(?i).*home.*' step=1 elapsed=4.80s move_result='{'success': True, 'status': 'moved', 'detail': 'moved', 'raw': {'timestamp': 1776428413241, 'reqId': '770b12cd', 'success': True, 'status': 'moved', 'detail': 'moved', 'flags': []}}' visible='우리 집, Change location' speech='우리 집, Change location' crop='output\talkback_compare_20260417_211836\crops\i_._home._step_1_우리_집__Change_location.png' timing(move=1.095s ann=2.769s get_focus=0.930s get_focus_fallback_dump=0.000s step_dump=0.000s crop=1.199s total=5.994s) focus_reason='' fallback_used=False fallback_found=False step_dump_used=False step_dump_reason='focus_payload_sufficient' req_id='520cfb32'
[21:20:17] [STOP][eval] step=1 scenario='home_main' terminal=false same_like_count=0 no_progress=false scenario_type='content' is_global_nav=false after_realign=false recent_repeat=false bounded_two_card_loop=false semantic_same_like=false recent_duplicate=false recent_duplicate_distance=0 recent_semantic_duplicate=false recent_semantic_duplicate_distance=0 recent_semantic_unique_count=2 strict_duplicate=false semantic_duplicate=false repeat_class='none' loop_classification='none' hard_no_progress=false soft_no_progress=false no_progress_class='none' overlay_realign_grace_active=false min_step_gate_blocked=false realign_grace_suppressed=false repeat_stop_hit=false decision='continue' reason='none' stop_explain_version='pr7_explain_v1' stop_explain_input='step:1|move:moved|smart:moved|same:0|fail:0' stop_explain_repeat='recent:false|class:none|strict:false|semantic:false|loop:none|two_card:false' stop_explain_no_progress='hit:false|class:none|hard:false|soft:false' stop_explain_gate='candidate:false|min_block:false|realign_suppress:false|realign_active:false|decision:continue'
[21:20:17] [STEP] START tab='(?i).*home.*' step=2
[21:20:23] [ROW] fingerprint='com.samsung.android.oneconnect:id/mapview_button|map view|map view|759,214' normalized_fingerprint='com samsung android oneconnect id mapview button|map view|map view' duplicate=false recent_duplicate=false distance=0 recent_semantic_duplicate=false semantic_distance=0 semantic_window_unique=3 noise=false
[21:20:23] [STEP] END tab='(?i).*home.*' step=2 elapsed=4.44s move_result='{'success': True, 'status': 'moved', 'detail': 'moved', 'raw': {'timestamp': 1776428418597, 'reqId': '0bf8a538', 'success': True, 'status': 'moved', 'detail': 'moved', 'flags': []}}' visible='Map View' speech='Map View' crop='output\talkback_compare_20260417_211836\crops\i_._home._step_2_Map_View.png' timing(move=0.483s ann=3.005s get_focus=0.954s get_focus_fallback_dump=0.000s step_dump=0.000s crop=1.163s total=5.606s) focus_reason='' fallback_used=False fallback_found=False step_dump_used=False step_dump_reason='focus_payload_sufficient' req_id='080d62ae'
[21:20:23] [STOP][eval] step=2 scenario='home_main' terminal=false same_like_count=0 no_progress=false scenario_type='content' is_global_nav=false after_realign=false recent_repeat=false bounded_two_card_loop=false semantic_same_like=false recent_duplicate=false recent_duplicate_distance=0 recent_semantic_duplicate=false recent_semantic_duplicate_distance=0 recent_semantic_unique_count=3 strict_duplicate=false semantic_duplicate=false repeat_class='none' loop_classification='none' hard_no_progress=false soft_no_progress=false no_progress_class='none' overlay_realign_grace_active=false min_step_gate_blocked=false realign_grace_suppressed=false repeat_stop_hit=false decision='continue' reason='none' stop_explain_version='pr7_explain_v1' stop_explain_input='step:2|move:moved|smart:moved|same:0|fail:0' stop_explain_repeat='recent:false|class:none|strict:false|semantic:false|loop:none|two_card:false' stop_explain_no_progress='hit:false|class:none|hard:false|soft:false' stop_explain_gate='candidate:false|min_block:false|realign_suppress:false|realign_active:false|decision:continue'
[21:20:23] [STEP] START tab='(?i).*home.*' step=3
[21:20:29] [ROW] fingerprint='com.samsung.android.oneconnect:id/add_menu_button|add|add|864,214' normalized_fingerprint='com samsung android oneconnect id add menu button|add|add' duplicate=false recent_duplicate=false distance=0 recent_semantic_duplicate=false semantic_distance=0 semantic_window_unique=4 noise=false
[21:20:29] [STEP] END tab='(?i).*home.*' step=3 elapsed=4.47s move_result='{'success': True, 'status': 'moved', 'detail': 'moved', 'raw': {'timestamp': 1776428424216, 'reqId': 'cb67697a', 'success': True, 'status': 'moved', 'detail': 'moved', 'flags': []}}' visible='Add' speech='Add' crop='output\talkback_compare_20260417_211836\crops\i_._home._step_3_Add.png' timing(move=0.484s ann=3.026s get_focus=0.959s get_focus_fallback_dump=0.000s step_dump=0.000s crop=1.193s total=5.663s) focus_reason='' fallback_used=False fallback_found=False step_dump_used=False step_dump_reason='focus_payload_sufficient' req_id='d881ece2'
[21:20:29] [STOP][eval] step=3 scenario='home_main' terminal=false same_like_count=0 no_progress=false scenario_type='content' is_global_nav=false after_realign=false recent_repeat=false bounded_two_card_loop=false semantic_same_like=false recent_duplicate=false recent_duplicate_distance=0 recent_semantic_duplicate=false recent_semantic_duplicate_distance=0 recent_semantic_unique_count=4 strict_duplicate=false semantic_duplicate=false repeat_class='none' loop_classification='none' hard_no_progress=false soft_no_progress=false no_progress_class='none' overlay_realign_grace_active=false min_step_gate_blocked=false realign_grace_suppressed=false repeat_stop_hit=false decision='continue' reason='none' stop_explain_version='pr7_explain_v1' stop_explain_input='step:3|move:moved|smart:moved|same:0|fail:0' stop_explain_repeat='recent:false|class:none|strict:false|semantic:false|loop:none|two_card:false' stop_explain_no_progress='hit:false|class:none|hard:false|soft:false' stop_explain_gate='candidate:false|min_block:false|realign_suppress:false|realign_active:false|decision:continue'
[21:20:29] [RESULT] skipped anchor rows count=2
[21:20:29] [SAVE] writing sheets raw/filtered/summary/result
[21:20:29] [SAVE] filtered rows=9, raw rows=10
[21:20:29] [SAVE] saved excel: output/talkback_compare_20260417_211836.xlsx rows=10 with_images=False
[21:20:29] [OVERLAY] candidate matched scenario='home_main' tab='(?i).*home.*' step=3 view_id='com.samsung.android.oneconnect:id/add_menu_button' label='Add' reason='matched_scenario_policy'
[21:20:37] [OVERLAY] post_click classification='overlay' scenario='home_main' tab='(?i).*home.*' entry_view_id='com.samsung.android.oneconnect:id/add_menu_button' entry_label='Add' post_view_id='None' post_label='Add favourites'
[21:20:46] [OVERLAY][repeat] same_focus_detected=true step=2 view_id='com.samsung.android.oneconnect:id/title' bounds='582,356,824,422' normalized_visible_label='add device' move_result='{'success': true, 'status': 'moved', 'detail': 'moved', 'raw': {'timestamp': 1776428443182, 'reqid': 'e4dc792d', 'success': true, 'status': 'moved', 'detail': 'moved', 'flags': []}}'
[21:20:46] [OVERLAY][break] reason='same_overlay_fingerprint' step=2
[21:20:46] [RESULT] skipped anchor rows count=2
[21:20:46] [SAVE] writing sheets raw/filtered/summary/result
[21:20:46] [SAVE] filtered rows=10, raw rows=11
[21:20:46] [SAVE] saved excel: output/talkback_compare_20260417_211836.xlsx rows=11 with_images=False
[21:20:50] [RESULT] skipped anchor rows count=2
[21:20:50] [SAVE] writing sheets raw/filtered/summary/result
[21:20:50] [SAVE] filtered rows=10, raw rows=11
[21:20:50] [SAVE] saved excel: output/talkback_compare_20260417_211836.xlsx rows=11 with_images=False
[21:20:53] [OVERLAY] realign status='realign_entry_reached' entry_reached=True steps_taken=3 match_by='view_id'
[21:21:00] [CONTEXT] scenario='home_main' type='selected_bottom_tab' expected='announcement=(?i).*(selected|선택됨).*home.*' actual='Selected, Home, Tab 1 of 5, Selected, Home, Tab 1 of 5' ok=True
[21:21:00] [CONTEXT] verification passed scenario='home_main'
[21:21:00] [ANCHOR][overlay_realign] success scenario='home_main' selected=True matched=True stable=True context_ok=True reason='selected_and_verified'
[21:21:00] [ANCHOR][overlay_realign] success scenario='home_main' reason='overlay_realign_verified'
[21:21:00] [STEP] START tab='(?i).*home.*' step=4
[21:21:06] [ROW] fingerprint='com.samsung.android.oneconnect:id/tab_title|우리 집 change location|우리 집 change location|296,213' normalized_fingerprint='com samsung android oneconnect id tab title|우리 집 change location|우리 집 change location' duplicate=false recent_duplicate=true distance=3 recent_semantic_duplicate=true semantic_distance=3 semantic_window_unique=4 noise=false
[21:21:06] [STEP] END tab='(?i).*home.*' step=4 elapsed=4.36s move_result='{'success': True, 'status': 'moved', 'detail': 'moved', 'raw': {'timestamp': 1776428461067, 'reqId': '7ab5ac7f', 'success': True, 'status': 'moved', 'detail': 'moved', 'flags': []}}' visible='우리 집, Change location' speech='우리 집, Change location' crop='output\talkback_compare_20260417_211836\crops\i_._home._step_4_우리_집__Change_location.png' timing(move=0.412s ann=3.019s get_focus=0.932s get_focus_fallback_dump=0.000s step_dump=0.000s crop=1.216s total=5.580s) focus_reason='' fallback_used=False fallback_found=False step_dump_used=False step_dump_reason='focus_payload_sufficient' req_id='3d7bd0fb'
[21:21:06] [STOP][eval] step=4 scenario='home_main' terminal=false same_like_count=0 no_progress=false scenario_type='content' is_global_nav=false after_realign=true recent_repeat=false bounded_two_card_loop=false semantic_same_like=false recent_duplicate=true recent_duplicate_distance=3 recent_semantic_duplicate=true recent_semantic_duplicate_distance=3 recent_semantic_unique_count=4 strict_duplicate=false semantic_duplicate=false repeat_class='none' loop_classification='none' hard_no_progress=false soft_no_progress=false no_progress_class='none' overlay_realign_grace_active=false min_step_gate_blocked=false realign_grace_suppressed=false repeat_stop_hit=false decision='continue' reason='none' stop_explain_version='pr7_explain_v1' stop_explain_input='step:4|move:moved|smart:moved|same:0|fail:0' stop_explain_repeat='recent:false|class:none|strict:false|semantic:false|loop:none|two_card:false' stop_explain_no_progress='hit:false|class:none|hard:false|soft:false' stop_explain_gate='candidate:false|min_block:false|realign_suppress:false|realign_active:false|decision:continue'
[21:21:06] [STEP] START tab='(?i).*home.*' step=5
[21:21:11] [ROW] fingerprint='com.samsung.android.oneconnect:id/mapview_button|map view|map view|759,214' normalized_fingerprint='com samsung android oneconnect id mapview button|map view|map view' duplicate=false recent_duplicate=true distance=3 recent_semantic_duplicate=true semantic_distance=3 semantic_window_unique=4 noise=false
[21:21:11] [STEP] END tab='(?i).*home.*' step=5 elapsed=4.48s move_result='{'success': True, 'status': 'moved', 'detail': 'moved', 'raw': {'timestamp': 1776428466683, 'reqId': 'b5b05fb8', 'success': True, 'status': 'moved', 'detail': 'moved', 'flags': []}}' visible='Map View' speech='Map View' crop='output\talkback_compare_20260417_211836\crops\i_._home._step_5_Map_View.png' timing(move=0.447s ann=3.031s get_focus=0.998s get_focus_fallback_dump=0.000s step_dump=0.000s crop=1.190s total=5.666s) focus_reason='' fallback_used=False fallback_found=False step_dump_used=False step_dump_reason='focus_payload_sufficient' req_id='469e1f37'
[21:21:11] [STOP][eval] step=5 scenario='home_main' terminal=false same_like_count=0 no_progress=false scenario_type='content' is_global_nav=false after_realign=false recent_repeat=false bounded_two_card_loop=false semantic_same_like=false recent_duplicate=true recent_duplicate_distance=3 recent_semantic_duplicate=true recent_semantic_duplicate_distance=3 recent_semantic_unique_count=4 strict_duplicate=false semantic_duplicate=false repeat_class='none' loop_classification='none' hard_no_progress=false soft_no_progress=false no_progress_class='none' overlay_realign_grace_active=false min_step_gate_blocked=false realign_grace_suppressed=false repeat_stop_hit=false decision='continue' reason='none' stop_explain_version='pr7_explain_v1' stop_explain_input='step:5|move:moved|smart:moved|same:0|fail:0' stop_explain_repeat='recent:false|class:none|strict:false|semantic:false|loop:none|two_card:false' stop_explain_no_progress='hit:false|class:none|hard:false|soft:false' stop_explain_gate='candidate:false|min_block:false|realign_suppress:false|realign_active:false|decision:continue'
[21:21:11] [STOP][summary] scenario='home_main' stop_triggered=false stop_step=5 reason='safety_limit'
[21:21:11] [PERF][scenario_summary] scenario=home_main tab=(?i).*home.* total_runtime=86.2 total_steps=7 main_step_count=6 overlay_step_count=1 overlay_count=1 avg_get_focus=0.902 avg_move=0.47 avg_crop=1.208 avg_step_total=5.588 step_total_sample_count=6 avg_get_focus_main=0.985 avg_get_focus_overlay=0.406 fallback_dump_count=0 success_false_top_level_dump_attempt_count=0 success_false_top_level_dump_found_count=0 fallback_dump_rate=0.0 get_focus_strong_skip_count=7 get_focus_strong_skip_rate=100.0 step_dump_used_count=0 save_excel_count=4 realign_attempt_count=1 realign_success_count=1 realign_success_rate=100.0
[21:21:11] [LIFE_RESET] start
[21:21:12] [LIFE_RESET] app_inside=true
[21:21:12] [LIFE_RESET] bottom_nav_ready=true
[21:21:13] [LIFE_RESET][tab_reselect_attempt] scenario='life_food_plugin' phase='default' attempt=1/2 package_inside=true global_nav_visible=true select_mode='resource_id' target='com.samsung.android.oneconnect:id/menu_services'
[21:21:14] [LIFE_RESET][tab_reselect_result] scenario='life_food_plugin' phase='default' attempt=1/2 select_mode='resource_id' target='com.samsung.android.oneconnect:id/menu_services' select_raw='{'success': True, 'status': 'moved', 'detail': 'ACTION_ACCESSIBILITY_FOCUS success', 'raw': {'timestamp': 1776428474233, 'reqId': '2f25bb3f', 'success': True, 'reason': 'ACTION_ACCESSIBILITY_FOCUS success', 'action': 'FOCUS', 'targetName': 'com.samsung.android.oneconnect:id/menu_services', 'targetType': 'r', 'targetIndex': 0, 'attemptedResourceId': 'com.samsung.android.oneconnect:id/menu_services', 'attemptedClassName': 'android.widget.Button', 'target': {'timestamp': 1776428474233, 'schemaVersion': '1.2.0', 'snapshotBuilderVersion': '1.2.0', 'packageName': 'com.samsung.android.oneconnect', 'className': 'android.widget.Button', 'viewIdResourceName': 'com.samsung.android.oneconnect:id/menu_services', 'text': None, 'contentDescription': 'Life, Tab 3 of 5', 'mergedLabel': 'Life, Tab 3 of 5', 'talkbackLabel': 'Life, Tab 3 of 5', 'clickable': True, 'focusable': True, 'focused': False, 'accessibilityFocused': False, 'visibleToUser': True, 'isVisibleToUser': True, 'selected': False, 'checkable': False, 'checked': False, 'enabled': True, 'boundsInScreen': {'l': 443, 't': 2316, 'r': 637, 'b': 2496, 'left': 443, 'top': 2316, 'right': 637, 'bottom': 2496}, 'children': []}}}' select_success=true verify_selected_bottom_tab_ok=true verify_actual='' verify_source='pre_select_snapshot' life_tab_reselected=true basis='select_success_only'
[21:21:14] [LIFE_RESET] life_tab_reselected=true
[21:21:15] [LIFE_RESET] verify phase='life_reset' attempt=1/2 global_nav_visible=true life_tab_selected=true plugin_card_list_visible=true life_list_ready=true
[21:21:15] [LIFE_RESET] life_list_ready=true
[21:21:15] [LIFE_RESET] success=true reason='life_tab_ready_with_card_evidence'
[21:21:15] [RECOVER] success reason='life_reset_ready'
[21:21:15] [SCENARIO][stabilization] scenario='life_food_plugin' screen_context_mode='new_screen' stabilization_mode='anchor_only'
[21:21:16] [LIFE_RESET] verify phase='plugin_start_initial' attempt=1/2 global_nav_visible=true life_tab_selected=true plugin_card_list_visible=true life_list_ready=true
[21:21:16] [PLUGIN_START][recover_before_entry] triggered=false
[21:21:16] [PLUGIN_START][life_list_check] ok=true reason='life_tab_ready_with_card_evidence'
[21:21:16] [PLUGIN_START][recover_before_entry] success=true
[21:21:16] [CONTEXT] skipped reason='new_screen_mode' phase='tab_select'
[21:21:16] [TAB][select] fallback_to_legacy=True scenario='life_food_plugin'
[21:21:25] [TAB][focus_align_fast] failed scenario='life_food_plugin' attempt=2/2 focus_label='' focus_resource=''
[21:21:25] [TAB][select] scenario='life_food_plugin' selected=True matched_fields=['text'] score=40
[21:21:25] [TAB][verify] selected_bottom_tab ok=True actual=''
[21:21:25] [TRACE][open_scenario] scenario='life_food_plugin' stabilization_mode='anchor_only' focus_align_attempted=True focus_align_ok=False focus_align_reason='selector_not_focused' context_ok=False anchor_matched=False anchor_stable=False
[21:21:25] [TAB][focus_align_fast] scenario='life_food_plugin' main_tab=false transition_scenario=true result='failed'
[21:21:26] [STATE][root_gate] global_nav_visible=true
[21:21:26] [STATE][root_gate] detail_residue_present=false
[21:21:26] [STATE][root_gate] fast_pass_allowed=true
[21:21:26] [STATE][residue] internal_toolbar_hits=0
[21:21:26] [STATE][residue] internal_action_hits=5
[21:21:26] [STATE][residue] plugin_signature_hits=0
[21:21:26] [STATE][residue] visible_card_hits=5
[21:21:26] [SCENARIO][pre_nav][stabilization] phase='focus_align_recheck' attempt=1/2 life_selected=false app_bar_hits=4 visible_card_hits=5 global_nav_visible=true bottom_nav_hits=5 root_structure_stable=true life_root_signature_present=true navigate_up_hits=0 detail_residue_present=false fast_pass_allowed=true family_care_signature_seen=false final_score=4 ok=true pass_reason='global_nav_visible_without_residue' fail_reason=''
[21:21:26] [TAB][focus_align_fast] failed but proceeding after plugin root recheck scenario='life_food_plugin' reason='root_state_stable'
[21:21:27] [STATE][root_gate] global_nav_visible=true
[21:21:27] [STATE][root_gate] detail_residue_present=false
[21:21:27] [STATE][root_gate] fast_pass_allowed=true
[21:21:27] [STATE][residue] internal_toolbar_hits=0
[21:21:27] [STATE][residue] internal_action_hits=5
[21:21:27] [STATE][residue] plugin_signature_hits=0
[21:21:27] [STATE][residue] visible_card_hits=5
[21:21:27] [SCENARIO][pre_nav][stabilization] phase='before_pre_navigation' attempt=1/2 life_selected=false app_bar_hits=4 visible_card_hits=5 global_nav_visible=true bottom_nav_hits=5 root_structure_stable=true life_root_signature_present=true navigate_up_hits=0 detail_residue_present=false fast_pass_allowed=true family_care_signature_seen=false final_score=4 ok=true pass_reason='global_nav_visible_without_residue' fail_reason=''
[21:21:27] [SCENARIO][pre_nav] step=1 action=scrolltouch target='(?i).*food.*|.*cooking.*|.*smart\s*things\s*cooking.*'
[21:21:28] [SCENARIO][pre_nav] before scrolltouch, scroll_to_top invoked cumulative_mode=true
[21:21:43] [SCENARIO][pre_nav] scroll_to_top result={'ok': True, 'reached_top': True, 'attempts': 5, 'reason': 'scroll_failed'}
[21:21:44] [SCENARIO][pre_nav] top_state_verify ok=true reason='dump_signature_changed_after_scroll_to_top' scenario='life_food_plugin'
[21:21:44] [SCROLLTOUCH][promotion][enter] source_snapshot='helper' matched_text_node='com.samsung.android.oneconnect:id/tvHeaderTitle' matched_text_view_id='com.samsung.android.oneconnect:id/tvHeaderTitle' matched_text_label='Upcoming meal
참치주먹밥 만들기 한끼 식사로 좋으닷 ~ Upcoming meal
참치주먹밥 만들기 한끼 식사로 좋으닷 ~' matched_text_bounds='84,1231,870,1408' node_clickable=false node_focusable=false node_effective_clickable=false promotion_attempted=true
[21:21:44] [SCROLLTOUCH][promotion][exit] source_snapshot='helper' matched_text_view_id='com.samsung.android.oneconnect:id/tvHeaderTitle' matched_text_label='Upcoming meal
참치주먹밥 만들기 한끼 식사로 좋으닷 ~ Upcoming meal
참치주먹밥 만들기 한끼 식사로 좋으닷 ~' matched_text_bounds='84,1231,870,1408' promotion_attempted=true result='none' result_reason='none' selected_container_class='' selected_container_view_id='' selected_container_bounds=''
[21:21:44] [SCROLLTOUCH][promotion][fallback_decision] matched_text_found=true partial_match_count=1 helper_result='none' commit_to_candidate=false actionable_before_fallback=false will_try_xml_live_fallback=true
[21:21:44] [SCROLLTOUCH][promotion][salvage] source='none' reason='none' selected_ancestor_distance=-1 selected_container_class='android.widget.TextView' selected_container_view_id='com.samsung.android.oneconnect:id/tvHeaderTitle' rejected_large_container_count=0 rejected_list_like_container_count=0
[21:21:44] [SCROLLTOUCH][promotion][commit] selected_container_class='android.widget.TextView' selected_container_view_id='com.samsung.android.oneconnect:id/tvHeaderTitle' selected_container_bounds='{'l': 84, 't': 1231, 'r': 870, 'b': 1408}' commit_to_candidate=false commit_stage='promotion_select' commit_failure_reason='not_committed'
[21:21:44] [SCROLLTOUCH][promotion][commit] selected_container_class='android.widget.TextView' selected_container_view_id='com.samsung.android.oneconnect:id/tvHeaderTitle' selected_container_bounds='{'l': 84, 't': 1231, 'r': 870, 'b': 1408}' commit_to_candidate=false commit_stage='actionability_gate' commit_failure_reason='not_committed'
[21:21:46] [SCENARIO][pre_nav][scrolltouch] visible_candidate_count=1 partial_match_count=1 scroll_step=1/5 action='scroll_forward_and_retry_local_search' scroll_performed=true settle_wait_ms=250 cumulative_mode=true
[21:21:49] [SCENARIO][pre_nav][scrolltouch] visible_candidate_count=0 partial_match_count=0 scroll_step=2/5 action='scroll_forward_and_retry_local_search' scroll_performed=true settle_wait_ms=250 cumulative_mode=true
[21:21:52] [SCENARIO][pre_nav][scrolltouch] visible_candidate_count=0 partial_match_count=0 scroll_step=3/5 action='scroll_forward_and_retry_local_search' scroll_performed=true settle_wait_ms=250 cumulative_mode=true
[21:21:55] [SCENARIO][pre_nav][scrolltouch] visible_candidate_count=0 partial_match_count=0 scroll_step=4/5 action='scroll_forward_and_retry_local_search' scroll_performed=true settle_wait_ms=250 cumulative_mode=true
[21:21:56] [SCENARIO][pre_nav][scrolltouch] visible_candidate_count=0 partial_match_count=0 scroll_step=5/5 action='local_search_exhausted' scroll_performed=false cumulative_mode=true
[21:21:56] [SCROLLTOUCH][promotion][final_state] visible_candidate_count=0 partial_match_count=0 matched_text_found=false promotion_attempted=false xml_node_found=false xml_match_strategy='none' ancestor_chain_depth=0 actionable_ancestor_found=false candidate_committed=false final_reason='no_local_match:max_scroll_search_steps_reached'
[21:21:56] [SCENARIO][pre_nav][scrolltouch] candidate_select reason='no_local_match' fallback='helper_scrollTouch' reason_detail='max_scroll_search_steps_reached' cumulative_mode=true
[21:22:02] [SCENARIO][pre_nav] failed reason='action_failed' step=1
[21:22:02] [SCENARIO][pre_nav] failed reason='action_failed' detail='Target node not found' step=1
[21:22:02] [PERF][scenario_summary] scenario=life_food_plugin tab=(?i).*life.* total_runtime=46.7 total_steps=1 main_step_count=1 overlay_step_count=0 overlay_count=0 avg_get_focus=0.0 avg_move=0.0 avg_crop=0.0 avg_step_total=0.0 step_total_sample_count=0 avg_get_focus_main=0.0 avg_get_focus_overlay=0.0 fallback_dump_count=0 success_false_top_level_dump_attempt_count=0 success_false_top_level_dump_found_count=0 fallback_dump_rate=0.0 get_focus_strong_skip_count=0 get_focus_strong_skip_rate=0.0 step_dump_used_count=0 save_excel_count=0 realign_attempt_count=0 realign_success_count=0 realign_success_rate=0.0
[21:22:02] [RESULT] skipped anchor rows count=2
[21:22:02] [SAVE] writing sheets raw/filtered/summary/result
[21:22:02] [SAVE] filtered rows=10, raw rows=13
[21:22:02] [SAVE] saved excel: output/talkback_compare_20260417_211836.xlsx rows=13 with_images=False
[21:22:02] [LIFE_RESET] start
[21:22:03] [LIFE_RESET] app_inside=true
[21:22:03] [LIFE_RESET] bottom_nav_ready=true
[21:22:04] [LIFE_RESET][tab_reselect_attempt] scenario='life_air_care_plugin' phase='default' attempt=1/2 package_inside=true global_nav_visible=true select_mode='resource_id' target='com.samsung.android.oneconnect:id/menu_services'
[21:22:05] [LIFE_RESET][tab_reselect_result] scenario='life_air_care_plugin' phase='default' attempt=1/2 select_mode='resource_id' target='com.samsung.android.oneconnect:id/menu_services' select_raw='{'success': True, 'status': 'moved', 'detail': 'ACTION_ACCESSIBILITY_FOCUS success', 'raw': {'timestamp': 1776428525306, 'reqId': '61b945aa', 'success': True, 'reason': 'ACTION_ACCESSIBILITY_FOCUS success', 'action': 'FOCUS', 'targetName': 'com.samsung.android.oneconnect:id/menu_services', 'targetType': 'r', 'targetIndex': 0, 'attemptedResourceId': 'com.samsung.android.oneconnect:id/menu_services', 'attemptedClassName': 'android.widget.Button', 'target': {'timestamp': 1776428525306, 'schemaVersion': '1.2.0', 'snapshotBuilderVersion': '1.2.0', 'packageName': 'com.samsung.android.oneconnect', 'className': 'android.widget.Button', 'viewIdResourceName': 'com.samsung.android.oneconnect:id/menu_services', 'text': None, 'contentDescription': 'Selected, Life, Tab 3 of 5', 'mergedLabel': 'Selected, Life, Tab 3 of 5', 'talkbackLabel': 'Selected, Life, Tab 3 of 5', 'clickable': True, 'focusable': True, 'focused': False, 'accessibilityFocused': False, 'visibleToUser': True, 'isVisibleToUser': True, 'selected': False, 'checkable': False, 'checked': False, 'enabled': True, 'boundsInScreen': {'l': 443, 't': 2316, 'r': 637, 'b': 2496, 'left': 443, 'top': 2316, 'right': 637, 'bottom': 2496}, 'children': []}}}' select_success=true verify_selected_bottom_tab_ok=true verify_actual='' verify_source='pre_select_snapshot' life_tab_reselected=true basis='select_success_only'
[21:22:05] [LIFE_RESET] life_tab_reselected=true
[21:22:06] [LIFE_RESET] verify phase='life_reset' attempt=1/2 global_nav_visible=true life_tab_selected=true plugin_card_list_visible=true life_list_ready=true
[21:22:06] [LIFE_RESET] life_list_ready=true
[21:22:06] [LIFE_RESET] success=true reason='life_tab_ready_with_card_evidence'
[21:22:06] [RECOVER] success reason='life_reset_ready'
[21:22:06] [SCENARIO][stabilization] scenario='life_air_care_plugin' screen_context_mode='new_screen' stabilization_mode='anchor_only'
[21:22:07] [LIFE_RESET] verify phase='plugin_start_initial' attempt=1/2 global_nav_visible=true life_tab_selected=true plugin_card_list_visible=true life_list_ready=true
[21:22:07] [PLUGIN_START][recover_before_entry] triggered=false
[21:22:07] [PLUGIN_START][life_list_check] ok=true reason='life_tab_ready_with_card_evidence'
[21:22:07] [PLUGIN_START][recover_before_entry] success=true
[21:22:07] [CONTEXT] skipped reason='new_screen_mode' phase='tab_select'
[21:22:07] [TAB][select] fallback_to_legacy=True scenario='life_air_care_plugin'
[21:22:13] [TAB][focus_align_fast] failed scenario='life_air_care_plugin' attempt=2/2 focus_label='' focus_resource=''
[21:22:14] [TAB][select] scenario='life_air_care_plugin' selected=True matched_fields=['text'] score=40
[21:22:14] [TAB][verify] selected_bottom_tab ok=True actual=''
[21:22:14] [TRACE][open_scenario] scenario='life_air_care_plugin' stabilization_mode='anchor_only' focus_align_attempted=True focus_align_ok=False focus_align_reason='selector_not_focused' context_ok=False anchor_matched=False anchor_stable=False
[21:22:14] [TAB][focus_align_fast] scenario='life_air_care_plugin' main_tab=false transition_scenario=true result='failed'
[21:22:14] [TAB][focus_align_fast] failed but proceeding (transition scenario) scenario='life_air_care_plugin'
[21:22:15] [SCENARIO][pre_nav] step=1 action=xml_scroll_search_tap target='(?i)(^smart\s*air\s*care$|^air\s*care$|air\s*care\.|\baircare\b|에어\s*케어)'
[21:22:15] [XMLENTRY][search] pre_reset scroll_to_top=true
[21:22:19] [XMLENTRY][search] step=0/5 visible_candidates=70 target_candidates=0
[21:22:19] [XMLENTRY][search][top] rank=1 reason='card_like_container' text='' rid='com.samsung.android.oneconnect:id/app_bar' class='android.widget.LinearLayout' bounds='0,94,1080,310' area_ratio='0.1125' target_match=false match_source='' matched_phrase='' negative_plugin_phrase=''
[21:22:19] [XMLENTRY][search][top] rank=2 reason='card_like_container' text='' rid='com.samsung.android.oneconnect:id/app_bar' class='android.widget.LinearLayout' bounds='0,94,1080,310' area_ratio='0.1125' target_match=false match_source='' matched_phrase='' negative_plugin_phrase=''
[21:22:19] [XMLENTRY][search][top] rank=3 reason='card_like_container' text='우리 집, Change location' rid='com.samsung.android.oneconnect:id/small_title_bar' class='android.widget.RelativeLayout' bounds='162,118,810,310' area_ratio='0.0600' target_match=false match_source='' matched_phrase='' negative_plugin_phrase=''
[21:22:22] [XMLENTRY][scroll] step=0/5 performed=true reason='no_strict_target_candidate'
[21:22:25] [XMLENTRY][search] step=1/5 visible_candidates=62 target_candidates=0
[21:22:25] [XMLENTRY][search][top] rank=1 reason='card_like_container' text='' rid='com.samsung.android.oneconnect:id/app_bar' class='android.widget.LinearLayout' bounds='0,94,1080,310' area_ratio='0.1125' target_match=false match_source='' matched_phrase='' negative_plugin_phrase=''
[21:22:25] [XMLENTRY][search][top] rank=2 reason='card_like_container' text='' rid='com.samsung.android.oneconnect:id/app_bar' class='android.widget.LinearLayout' bounds='0,94,1080,310' area_ratio='0.1125' target_match=false match_source='' matched_phrase='' negative_plugin_phrase=''
[21:22:25] [XMLENTRY][search][top] rank=3 reason='card_like_container' text='우리 집, Change location' rid='com.samsung.android.oneconnect:id/small_title_bar' class='android.widget.RelativeLayout' bounds='162,118,810,310' area_ratio='0.0600' target_match=false match_source='' matched_phrase='' negative_plugin_phrase=''
[21:22:27] [XMLENTRY][scroll] step=1/5 performed=true reason='no_strict_target_candidate'
[21:22:30] [XMLENTRY][search] step=2/5 visible_candidates=60 target_candidates=3
[21:22:30] [XMLENTRY][search][top] rank=1 reason='card_like_container' text='' rid='com.samsung.android.oneconnect:id/llCard' class='android.widget.LinearLayout' bounds='42,1752,1038,2316' area_ratio='0.2709' target_match=true match_source='descendant_title' matched_phrase='air care' negative_plugin_phrase=''
[21:22:30] [XMLENTRY][search][top] rank=2 reason='actionable_container' text='' rid='com.samsung.android.oneconnect:id/containerNameLayout' class='android.widget.RelativeLayout' bounds='42,1752,1038,1884' area_ratio='0.0634' target_match=true match_source='descendant_title' matched_phrase='air care' negative_plugin_phrase=''
[21:22:30] [XMLENTRY][search][top] rank=3 reason='actionable_container' text='Air Care' rid='com.samsung.android.oneconnect:id/containerNameLayout' class='android.widget.RelativeLayout' bounds='42,1752,1038,1884' area_ratio='0.0634' target_match=true match_source='title' matched_phrase='air care' negative_plugin_phrase=''
[21:22:30] [XMLENTRY][candidate_compare] scenario_id='life_air_care_plugin' rank=1 rid='com.samsung.android.oneconnect:id/llCard' class='android.widget.LinearLayout' bounds='42,1752,1038,2316' own_text='Air Care' descendant_text_summary='Air Care,Monitor air quality and ' matched_phrase='air care' match_source='descendant_title' selected_priority='240:card_like_container' negative_plugin_phrase='' selected=true
[21:22:30] [XMLENTRY][candidate_compare] scenario_id='life_air_care_plugin' rank=2 rid='com.samsung.android.oneconnect:id/containerNameLayout' class='android.widget.RelativeLayout' bounds='42,1752,1038,1884' own_text='' descendant_text_summary='Air Care' matched_phrase='air care' match_source='descendant_title' selected_priority='240:actionable_container' negative_plugin_phrase='' selected=false
[21:22:30] [XMLENTRY][candidate_compare] scenario_id='life_air_care_plugin' rank=3 rid='com.samsung.android.oneconnect:id/containerNameLayout' class='android.widget.RelativeLayout' bounds='42,1752,1038,1884' own_text='' descendant_text_summary='Air Care' matched_phrase='air care' match_source='title' selected_priority='240:actionable_container' negative_plugin_phrase='' selected=false
[21:22:30] [XMLENTRY][select] reason='card_like_container' resource='com.samsung.android.oneconnect:id/llCard' bounds='42,1752,1038,2316' text='Air Care' target_match=true match_source='descendant_title' matched_phrase='air care'
[21:22:30] [XMLENTRY][select_debug] scenario_id='life_air_care_plugin' class='android.widget.LinearLayout' rid='com.samsung.android.oneconnect:id/llCard' bounds='42,1752,1038,2316' own_text='Air Care' own_content_desc='' normalized_own_text='air care' descendant_text_summary='Air Care,Monitor air quality and ' matched_phrase='air care' match_source='descendant_title' selected_reason='card_like_container' candidate_rank=1 title_descendant_disagree=false representative_visible_label='Air Care' representative_label_source='own_text'
[21:22:38] [VERIFY][air][probe] probe_index=1/2 same_screen=false signal='air_care_verify' has_home_button=false has_change_location=false has_add_button=false has_more_options=false has_other_plugin_cards=false has_air_text=true has_air_content_signal=true has_plugin_body_focus=false decision='candidate_air_success'
[21:22:38] [XMLENTRY][result] success=true reason='transition_confirmed'
[21:22:38] [SCENARIO][pre_nav] success step=1 reason='Target node not found'
[21:22:39] [SCENARIO][pre_nav] success
[21:22:43] [CONTEXT] skipped reason='anchor_only_mode'
[21:22:43] [CONTEXT] skipped reason='anchor_only_mode'
[21:22:43] [CONTEXT] scenario='life_air_care_plugin' type='skipped' expected='' actual='' ok=True
[21:22:43] [CONTEXT] verification passed scenario='life_air_care_plugin'
[21:22:43] [ANCHOR][scenario_start] success scenario='life_air_care_plugin' selected=True matched=True stable=True context_ok=True reason='selected_and_verified'
[21:22:43] [ENTRY][air][fallback_acceptance] fallback_source='none' fallback_candidate_view_id='none' fallback_candidate_label='none' fallback_candidate_bounds='none' accepted=false accepted_reason='none' rejected_reason='fallback_source_not_allowed'
[21:22:43] [TRACE][open_scenario] scenario='life_air_care_plugin' stabilization_mode='anchor_only' focus_align_attempted=True focus_align_ok=False focus_align_reason='selector_not_focused' context_ok=False anchor_matched=False anchor_stable=True
[21:22:44] [ENTRY][air][verdict_inputs] scenario_id='life_air_care_plugin' post_click_success_seen=true air_verify_success_seen=false air_verify_reject_seen=false anchor_fallback_accepted=false anchor_fallback_source='none' post_open_focus_view_id='back' post_open_focus_label='Navigate up  Navigate up' is_top_chrome_focus=false is_list_screen_focus=false final_allow_success=true final_fail_reason='none'
[21:22:44] [ENTRY][air][preserve] keep success despite fallback_not_accepted
[21:22:44] [ENTRY][post_open_identity] scenario_id='life_air_care_plugin' top_visible_labels='Navigate up Navigate up,Air Care Air Care,More options More option,Set geolocation to monit,Dismiss Dismiss' top_focus_label='Navigate up  Navigate up' back_button_present=true body_texts='Navigate up Navigate up,Air Care Air Care,More options More option,Set geolocation to monit,Dismiss Dismiss' plugin_title_candidates='Navigate up Navigate up,Air Care Air Care,More options More option' verify_hit=true special_token_hit=false
[21:22:44] [ENTRY][special_state_check] detected=true signals='long_intro,cta,intro_focus' kind='setup_needed_or_empty_state'
[21:22:44] [ENTRY][special_state_check] decision='route_to_special_state' reason='special_state_detected_consistent_intro_evidence'
[21:22:44] [ENTRY][special_state_route] handling='back_after_read'
[21:22:44] [ENTRY][special_state_route] main_traversal_skipped=true
[21:22:44] [SCENARIO][special_state] detected scenario='life_air_care_plugin' entry_type='card' kind='setup_needed_or_empty_state' handling='back_after_read' verify_hit=true long_intro_like=true special_hits='' cta_hits='next'
[21:22:46] [SPECIAL_STATE][recover] start
[21:22:46] [LIFE_RESET] start
[21:22:46] [LIFE_RESET] app_inside=true
[21:22:46] [LIFE_RESET] bottom_nav_ready=true
[21:22:48] [LIFE_RESET][tab_reselect_attempt] scenario='life_air_care_plugin' phase='special_state_post_back' attempt=1/2 package_inside=true global_nav_visible=true select_mode='resource_id' target='com.samsung.android.oneconnect:id/menu_services'
[21:22:49] [LIFE_RESET][tab_reselect_result] scenario='life_air_care_plugin' phase='special_state_post_back' attempt=1/2 select_mode='resource_id' target='com.samsung.android.oneconnect:id/menu_services' select_raw='{'success': True, 'status': 'moved', 'detail': 'ACTION_ACCESSIBILITY_FOCUS success', 'raw': {'timestamp': 1776428569545, 'reqId': 'b54044cd', 'success': True, 'reason': 'ACTION_ACCESSIBILITY_FOCUS success', 'action': 'FOCUS', 'targetName': 'com.samsung.android.oneconnect:id/menu_services', 'targetType': 'r', 'targetIndex': 0, 'attemptedResourceId': 'com.samsung.android.oneconnect:id/menu_services', 'attemptedClassName': 'android.widget.Button', 'target': {'timestamp': 1776428569545, 'schemaVersion': '1.2.0', 'snapshotBuilderVersion': '1.2.0', 'packageName': 'com.samsung.android.oneconnect', 'className': 'android.widget.Button', 'viewIdResourceName': 'com.samsung.android.oneconnect:id/menu_services', 'text': None, 'contentDescription': 'Selected, Life, Tab 3 of 5', 'mergedLabel': 'Selected, Life, Tab 3 of 5', 'talkbackLabel': 'Selected, Life, Tab 3 of 5', 'clickable': True, 'focusable': True, 'focused': False, 'accessibilityFocused': False, 'visibleToUser': True, 'isVisibleToUser': True, 'selected': False, 'checkable': False, 'checked': False, 'enabled': True, 'boundsInScreen': {'l': 443, 't': 2316, 'r': 637, 'b': 2496, 'left': 443, 'top': 2316, 'right': 637, 'bottom': 2496}, 'children': []}}}' select_success=true verify_selected_bottom_tab_ok=true verify_actual='' verify_source='pre_select_snapshot' life_tab_reselected=true basis='select_success_only'
[21:22:49] [LIFE_RESET] life_tab_reselected=true
[21:22:50] [LIFE_RESET] verify phase='life_reset' attempt=1/2 global_nav_visible=true life_tab_selected=true plugin_card_list_visible=true life_list_ready=true
[21:22:50] [LIFE_RESET] life_list_ready=true
[21:22:50] [LIFE_RESET] success=true reason='life_tab_ready_with_card_evidence'
[21:22:50] [RECOVER] success reason='life_reset_ready'
[21:22:50] [SPECIAL_STATE][post_recover_check] inside_smartthings=true package=true app_bar_hits=4
[21:22:50] [SPECIAL_STATE][recover] success=true target='life_plugin_list' reason='life_plugin_list_recovered'
[21:22:50] [SCENARIO][entry_contract] handled scenario='life_air_care_plugin' entry_type='card' reason='special_state_handled' detail='onboarding_back_exit_recovered' back_status='back_sent_exit'
[21:22:50] [PERF][scenario_summary] scenario=life_air_care_plugin tab=(?i).*life.* total_runtime=44.6 total_steps=1 main_step_count=1 overlay_step_count=0 overlay_count=0 avg_get_focus=0.0 avg_move=0.0 avg_crop=0.0 avg_step_total=0.0 step_total_sample_count=0 avg_get_focus_main=0.0 avg_get_focus_overlay=0.0 fallback_dump_count=0 success_false_top_level_dump_attempt_count=0 success_false_top_level_dump_found_count=0 fallback_dump_rate=0.0 get_focus_strong_skip_count=0 get_focus_strong_skip_rate=0.0 step_dump_used_count=0 save_excel_count=0 realign_attempt_count=0 realign_success_count=0 realign_success_rate=0.0
[21:22:50] [RESULT] skipped anchor rows count=2
[21:22:50] [SAVE] writing sheets raw/filtered/summary/result
[21:22:50] [SAVE] filtered rows=10, raw rows=13
[21:22:51] [SAVE] saved excel: output/talkback_compare_20260417_211836.xlsx rows=13 with_images=False
[21:22:51] [LIFE_RESET] start
[21:22:51] [LIFE_RESET] app_inside=true
[21:22:51] [LIFE_RESET] bottom_nav_ready=true
[21:22:52] [LIFE_RESET][tab_reselect_attempt] scenario='life_home_care_plugin' phase='default' attempt=1/2 package_inside=true global_nav_visible=true select_mode='resource_id' target='com.samsung.android.oneconnect:id/menu_services'
[21:22:53] [LIFE_RESET][tab_reselect_result] scenario='life_home_care_plugin' phase='default' attempt=1/2 select_mode='resource_id' target='com.samsung.android.oneconnect:id/menu_services' select_raw='{'success': True, 'status': 'moved', 'detail': 'ACTION_ACCESSIBILITY_FOCUS success', 'raw': {'timestamp': 1776428574035, 'reqId': '1bdbc9a1', 'success': True, 'reason': 'ACTION_ACCESSIBILITY_FOCUS success', 'action': 'FOCUS', 'targetName': 'com.samsung.android.oneconnect:id/menu_services', 'targetType': 'r', 'targetIndex': 0, 'attemptedResourceId': 'com.samsung.android.oneconnect:id/menu_services', 'attemptedClassName': 'android.widget.Button', 'target': {'timestamp': 1776428574035, 'schemaVersion': '1.2.0', 'snapshotBuilderVersion': '1.2.0', 'packageName': 'com.samsung.android.oneconnect', 'className': 'android.widget.Button', 'viewIdResourceName': 'com.samsung.android.oneconnect:id/menu_services', 'text': None, 'contentDescription': 'Selected, Life, Tab 3 of 5', 'mergedLabel': 'Selected, Life, Tab 3 of 5', 'talkbackLabel': 'Selected, Life, Tab 3 of 5', 'clickable': True, 'focusable': True, 'focused': False, 'accessibilityFocused': False, 'visibleToUser': True, 'isVisibleToUser': True, 'selected': False, 'checkable': False, 'checked': False, 'enabled': True, 'boundsInScreen': {'l': 443, 't': 2316, 'r': 637, 'b': 2496, 'left': 443, 'top': 2316, 'right': 637, 'bottom': 2496}, 'children': []}}}' select_success=true verify_selected_bottom_tab_ok=true verify_actual='' verify_source='pre_select_snapshot' life_tab_reselected=true basis='select_success_only'
[21:22:53] [LIFE_RESET] life_tab_reselected=true
[21:22:55] [LIFE_RESET] verify phase='life_reset' attempt=1/2 global_nav_visible=true life_tab_selected=true plugin_card_list_visible=true life_list_ready=true
[21:22:55] [LIFE_RESET] life_list_ready=true
[21:22:55] [LIFE_RESET] success=true reason='life_tab_ready_with_card_evidence'
[21:22:55] [RECOVER] success reason='life_reset_ready'
[21:22:55] [SCENARIO][stabilization] scenario='life_home_care_plugin' screen_context_mode='new_screen' stabilization_mode='anchor_only'
[21:22:55] [LIFE_RESET] verify phase='plugin_start_initial' attempt=1/2 global_nav_visible=true life_tab_selected=true plugin_card_list_visible=true life_list_ready=true
[21:22:55] [PLUGIN_START][recover_before_entry] triggered=false
[21:22:55] [PLUGIN_START][life_list_check] ok=true reason='life_tab_ready_with_card_evidence'
[21:22:55] [PLUGIN_START][recover_before_entry] success=true
[21:22:55] [CONTEXT] skipped reason='new_screen_mode' phase='tab_select'
[21:22:55] [TAB][select] fallback_to_legacy=True scenario='life_home_care_plugin'
[21:23:01] [TAB][focus_align_fast] failed scenario='life_home_care_plugin' attempt=2/2 focus_label='' focus_resource=''
[21:23:02] [TAB][select] scenario='life_home_care_plugin' selected=True matched_fields=['text'] score=40
[21:23:02] [TAB][verify] selected_bottom_tab ok=True actual=''
[21:23:02] [TRACE][open_scenario] scenario='life_home_care_plugin' stabilization_mode='anchor_only' focus_align_attempted=True focus_align_ok=False focus_align_reason='selector_not_focused' context_ok=False anchor_matched=False anchor_stable=False
[21:23:02] [TAB][focus_align_fast] scenario='life_home_care_plugin' main_tab=false transition_scenario=true result='failed'
[21:23:02] [TAB][focus_align_fast] failed but proceeding (transition scenario) scenario='life_home_care_plugin'
[21:23:03] [SCENARIO][pre_nav] step=1 action=xml_scroll_search_tap target='(?i)(^home\s*care$|home\s*care\.|\bhomecare\b|홈\s*케어)'
[21:23:03] [XMLENTRY][search] pre_reset scroll_to_top=true
[21:23:08] [XMLENTRY][search] step=0/5 visible_candidates=70 target_candidates=5
[21:23:08] [XMLENTRY][search][top] rank=1 reason='actionable_container' text='' rid='' class='android.widget.RelativeLayout' bounds='42,1858,1038,2316' area_ratio='0.2200' target_match=true match_source='descendant_title' matched_phrase='home care' negative_plugin_phrase=''
[21:23:08] [XMLENTRY][search][top] rank=2 reason='actionable_container' text='Home Care' rid='com.samsung.android.oneconnect:id/frameLayout' class='android.widget.FrameLayout' bounds='42,1858,1038,2316' area_ratio='0.2200' target_match=true match_source='title' matched_phrase='home care' negative_plugin_phrase=''
[21:23:08] [XMLENTRY][search][top] rank=3 reason='card_like_container' text='' rid='com.samsung.android.oneconnect:id/llCard' class='android.widget.LinearLayout' bounds='42,1858,1038,2316' area_ratio='0.2200' target_match=true match_source='descendant_title' matched_phrase='home care' negative_plugin_phrase=''
[21:23:08] [XMLENTRY][candidate_compare] scenario_id='life_home_care_plugin' rank=1 rid='' class='android.widget.RelativeLayout' bounds='42,1858,1038,2316' own_text='' descendant_text_summary='Home Care,Home Care,Connect Samsung home app' matched_phrase='home care' match_source='descendant_title' selected_priority='240:actionable_container' negative_plugin_phrase='' selected=true
[21:23:08] [XMLENTRY][candidate_compare] scenario_id='life_home_care_plugin' rank=2 rid='com.samsung.android.oneconnect:id/frameLayout' class='android.widget.FrameLayout' bounds='42,1858,1038,2316' own_text='' descendant_text_summary='Home Care,Home Care,Connect Samsung home app' matched_phrase='home care' match_source='title' selected_priority='240:actionable_container' negative_plugin_phrase='' selected=false
[21:23:08] [XMLENTRY][candidate_compare] scenario_id='life_home_care_plugin' rank=3 rid='com.samsung.android.oneconnect:id/llCard' class='android.widget.LinearLayout' bounds='42,1858,1038,2316' own_text='Home Care' descendant_text_summary='Home Care,Connect Samsung home app,Picture' matched_phrase='home care' match_source='descendant_title' selected_priority='240:card_like_container' negative_plugin_phrase='' selected=false
[21:23:08] [XMLENTRY][select] reason='actionable_container' resource='' bounds='42,1858,1038,2316' text='' target_match=true match_source='descendant_title' matched_phrase='home care'
[21:23:08] [XMLENTRY][select_debug] scenario_id='life_home_care_plugin' class='android.widget.RelativeLayout' rid='' bounds='42,1858,1038,2316' own_text='' own_content_desc='' normalized_own_text='' descendant_text_summary='Home Care,Home Care,Connect Samsung home app' matched_phrase='home care' match_source='descendant_title' selected_reason='actionable_container' candidate_rank=1 title_descendant_disagree=false representative_visible_label='' representative_label_source='descendant'
[21:23:09] [RESULT] skipped anchor rows count=2
[21:23:09] [SAVE] writing sheets raw/filtered/summary/result
[21:23:09] [SAVE] filtered rows=10, raw rows=13
[21:23:09] [SAVE] saved excel: output/talkback_compare_20260417_211836.xlsx rows=13 with_images=True
[21:23:09] [MAIN] final save complete
[21:23:09] [PERF][run_summary] total_runtime=271.6 total_scenarios=5 total_steps=15 total_overlay_count=1 avg_get_focus=0.806 avg_move=0.377 fallback_dump_count=0 success_false_top_level_dump_attempt_count=0 success_false_top_level_dump_found_count=0 fallback_dump_rate=0.0 get_focus_strong_skip_rate=86.7 realign_success_rate=100.0 save_excel_count=10
