[22:09:23] [SAVE][temp] override tmp='D:\Python test\talkback-a11y-helper\output\.tmp' temp='D:\Python test\talkback-a11y-helper\output\.tmp' applied=true
[22:09:23] [MAIN] script start (version=1.7.99, log_level=NORMAL)
[22:09:24] [PREFLIGHT] talkback status='enabled'
[22:09:24] [MAIN] output file: output/talkback_compare_20260421_220923.xlsx
[22:09:24] [MAIN] image dir base: output\talkback_compare_20260421_220923
[22:09:24] [CONFIG] runtime config loaded path='config\runtime_config.json'
[22:09:24] [GLOBAL_NAV][guard] forcing stabilization_mode='tab_context' scenario='global_nav_main' requested='anchor_then_context'
[22:09:24] [CONFIG] scenario resolved scenario='global_nav_main' group='main_tabs' max_steps=10 enabled=False
[22:09:24] [CONFIG] applied shared_navigation='default_global_nav'
[22:09:24] [CONFIG] scenario enabled scenario='global_nav_main' source='runtime' enabled=False base_enabled=False
[22:09:24] [CONFIG] scenario resolved scenario='home_main' group='main_tabs' max_steps=10 enabled=False
[22:09:24] [CONFIG] applied shared_navigation='bottom_tab_global_nav'
[22:09:24] [CONFIG] scenario enabled scenario='home_main' source='runtime' enabled=False base_enabled=False
[22:09:24] [CONFIG] scenario resolved scenario='life_food_plugin' group='plugin_screen' max_steps=50 enabled=False
[22:09:24] [CONFIG] applied pre_navigation_ref='enter_food_plugin'
[22:09:24] [CONFIG] scenario enabled scenario='life_food_plugin' source='runtime' enabled=False base_enabled=False
[22:09:24] [CONFIG] scenario resolved scenario='life_air_care_plugin' group='-' max_steps=50 enabled=False
[22:09:24] [CONFIG] scenario enabled scenario='life_air_care_plugin' source='runtime' enabled=False base_enabled=False
[22:09:24] [CONFIG] scenario resolved scenario='life_home_care_plugin' group='-' max_steps=50 enabled=False
[22:09:24] [CONFIG] scenario enabled scenario='life_home_care_plugin' source='runtime' enabled=False base_enabled=False
[22:09:24] [CONFIG] scenario resolved scenario='life_energy_plugin' group='-' max_steps=50 enabled=False
[22:09:24] [CONFIG] scenario enabled scenario='life_energy_plugin' source='runtime' enabled=False base_enabled=False
[22:09:24] [CONFIG] scenario resolved scenario='devices_main' group='main_tabs' max_steps=10 enabled=False
[22:09:24] [CONFIG] applied shared_navigation='bottom_tab_global_nav'
[22:09:24] [CONFIG] applied anchor_ref='home_tab_anchor'
[22:09:24] [CONFIG] scenario enabled scenario='devices_main' source='runtime' enabled=False base_enabled=False
[22:09:24] [CONFIG] scenario resolved scenario='life_main' group='main_tabs' max_steps=50 enabled=False
[22:09:24] [CONFIG] applied shared_navigation='bottom_tab_global_nav'
[22:09:24] [CONFIG] scenario enabled scenario='life_main' source='runtime' enabled=False base_enabled=False
[22:09:24] [CONFIG] scenario resolved scenario='routines_main' group='main_tabs' max_steps=10 enabled=False
[22:09:24] [CONFIG] applied shared_navigation='bottom_tab_global_nav'
[22:09:24] [CONFIG] scenario enabled scenario='routines_main' source='runtime' enabled=False base_enabled=False
[22:09:24] [CONFIG] scenario resolved scenario='menu_main' group='main_tabs' max_steps=50 enabled=False
[22:09:24] [CONFIG] applied shared_navigation='bottom_tab_global_nav'
[22:09:24] [CONFIG] scenario enabled scenario='menu_main' source='runtime' enabled=False base_enabled=False
[22:09:24] [CONFIG] scenario resolved scenario='settings_entry_example' group='plugin_screen' max_steps=50 enabled=False
[22:09:24] [CONFIG] applied anchor_ref='settings_button_anchor'
[22:09:24] [CONFIG] applied pre_navigation_ref='enter_settings'
[22:09:24] [CONFIG] scenario enabled scenario='settings_entry_example' source='runtime' enabled=False base_enabled=False
[22:09:24] [CONFIG] scenario resolved scenario='life_pet_care_plugin' group='-' max_steps=50 enabled=False
[22:09:24] [CONFIG] scenario enabled scenario='life_pet_care_plugin' source='runtime' enabled=False base_enabled=False
[22:09:24] [CONFIG] scenario resolved scenario='life_family_care_plugin' group='-' max_steps=50 enabled=True
[22:09:24] [CONFIG] scenario enabled scenario='life_family_care_plugin' source='runtime' enabled=True base_enabled=False
[22:09:24] [CONFIG] scenario resolved scenario='life_plant_care_plugin' group='-' max_steps=50 enabled=False
[22:09:24] [CONFIG] scenario enabled scenario='life_plant_care_plugin' source='runtime' enabled=False base_enabled=False
[22:09:24] [CONFIG] scenario resolved scenario='life_clothing_care_plugin' group='-' max_steps=50 enabled=False
[22:09:24] [CONFIG] scenario enabled scenario='life_clothing_care_plugin' source='runtime' enabled=False base_enabled=False
[22:09:24] [CONFIG] scenario resolved scenario='life_find_plugin' group='-' max_steps=50 enabled=False
[22:09:24] [CONFIG] scenario enabled scenario='life_find_plugin' source='runtime' enabled=False base_enabled=False
[22:09:24] [CONFIG] scenario resolved scenario='life_video_plugin' group='-' max_steps=50 enabled=False
[22:09:24] [CONFIG] scenario enabled scenario='life_video_plugin' source='runtime' enabled=False base_enabled=False
[22:09:24] [CONFIG] scenario resolved scenario='life_home_monitor_plugin' group='-' max_steps=50 enabled=False
[22:09:24] [CONFIG] scenario enabled scenario='life_home_monitor_plugin' source='runtime' enabled=False base_enabled=False
[22:09:24] [CONFIG] scenario resolved scenario='life_music_sync_plugin' group='-' max_steps=10 enabled=False
[22:09:24] [CONFIG] scenario enabled scenario='life_music_sync_plugin' source='runtime' enabled=False base_enabled=False
[22:09:24] [MAIN] skip disabled scenario_id='global_nav_main' tab='(?i).*(home|devices|life|routines|menu).*'
[22:09:24] [MAIN] skip disabled scenario_id='home_main' tab='(?i).*home.*'
[22:09:24] [MAIN] skip disabled scenario_id='life_food_plugin' tab='(?i).*life.*'
[22:09:24] [MAIN] skip disabled scenario_id='life_air_care_plugin' tab='(?i).*life.*'
[22:09:24] [MAIN] skip disabled scenario_id='life_home_care_plugin' tab='(?i).*life.*'
[22:09:24] [MAIN] skip disabled scenario_id='life_energy_plugin' tab='(?i).*life.*'
[22:09:24] [MAIN] skip disabled scenario_id='devices_main' tab='(?i).*devices.*'
[22:09:24] [MAIN] skip disabled scenario_id='life_main' tab='(?i).*life.*'
[22:09:24] [MAIN] skip disabled scenario_id='routines_main' tab='(?i).*routines.*'
[22:09:24] [MAIN] skip disabled scenario_id='menu_main' tab='(?i).*(menu|more).*'
[22:09:24] [MAIN] skip disabled scenario_id='settings_entry_example' tab='(?i).*menu.*'
[22:09:24] [MAIN] skip disabled scenario_id='life_pet_care_plugin' tab='(?i).*life.*'
[22:09:24] [SCENARIO][stabilization] scenario='life_family_care_plugin' screen_context_mode='new_screen' stabilization_mode='anchor_only'
[22:09:25] [LIFE_RESET] verify phase='plugin_start_initial' attempt=1/2 global_nav_visible=true life_tab_selected=true plugin_card_list_visible=false life_list_ready=true
[22:09:25] [LIFE_RESET] plugin_card_list_visible=false (soft_only=true)
[22:09:25] [PLUGIN_START][recover_before_entry] triggered=false
[22:09:25] [PLUGIN_START][life_list_check] ok=true reason='life_tab_ready'
[22:09:25] [PLUGIN_START][recover_before_entry] success=true
[22:09:25] [CONTEXT] skipped reason='new_screen_mode' phase='tab_select'
[22:09:25] [TAB][select] fallback_to_legacy=True scenario='life_family_care_plugin'
[22:09:30] [TRACE][open_scenario] scenario='life_family_care_plugin' stabilization_mode='anchor_only' focus_align_attempted=True focus_align_ok=True focus_align_reason='' context_ok=False anchor_matched=False anchor_stable=False
[22:09:30] [SCENARIO][pre_nav] step=1 action=xml_scroll_search_tap target='(?i)(^family\s*care$|.*family\s*care.*|.*패밀리\s*케어.*)'
[22:09:30] [XMLENTRY][search] pre_reset scroll_to_top=true
[22:09:35] [XMLENTRY][search] step=0/5 visible_candidates=69 target_candidates=5
[22:09:35] [XMLENTRY][search][top] rank=1 reason='actionable_container' text='' rid='' class='android.widget.RelativeLayout' bounds='42,310,1038,1042' area_ratio='0.3516' target_match=true match_source='descendant_title' matched_phrase='family care' negative_plugin_phrase=''
[22:09:35] [XMLENTRY][search][top] rank=2 reason='actionable_container' text='Family Care' rid='com.samsung.android.oneconnect:id/frameLayout' class='android.widget.FrameLayout' bounds='42,310,1038,1042' area_ratio='0.3516' target_match=true match_source='title' matched_phrase='family care' negative_plugin_phrase=''
[22:09:35] [XMLENTRY][search][top] rank=3 reason='card_like_container' text='' rid='com.samsung.android.oneconnect:id/llCard' class='android.widget.LinearLayout' bounds='42,310,1038,1042' area_ratio='0.3516' target_match=true match_source='descendant_title' matched_phrase='family care' negative_plugin_phrase=''
[22:09:35] [XMLENTRY][candidate_compare] scenario_id='life_family_care_plugin' rank=1 rid='' class='android.widget.RelativeLayout' bounds='42,310,1038,1042' own_text='' descendant_text_summary='Family Care,Family Care,Take care of yourself an' matched_phrase='family care' match_source='descendant_title' selected_priority='240:actionable_container' negative_plugin_phrase='' selected=true
[22:09:35] [XMLENTRY][candidate_compare] scenario_id='life_family_care_plugin' rank=2 rid='com.samsung.android.oneconnect:id/frameLayout' class='android.widget.FrameLayout' bounds='42,310,1038,1042' own_text='' descendant_text_summary='Family Care,Family Care,Take care of yourself an' matched_phrase='family care' match_source='title' selected_priority='240:actionable_container' negative_plugin_phrase='' selected=false
[22:09:35] [XMLENTRY][candidate_compare] scenario_id='life_family_care_plugin' rank=3 rid='com.samsung.android.oneconnect:id/llCard' class='android.widget.LinearLayout' bounds='42,310,1038,1042' own_text='Family Care' descendant_text_summary='Family Care,Take care of yourself an,안 창준 (Me)
Active' matched_phrase='family care' match_source='descendant_title' selected_priority='240:card_like_container' negative_plugin_phrase='' selected=false
[22:09:35] [XMLENTRY][select] reason='actionable_container' resource='' bounds='42,310,1038,1042' text='' target_match=true match_source='descendant_title' matched_phrase='family care'
[22:09:35] [XMLENTRY][select_debug] scenario_id='life_family_care_plugin' class='android.widget.RelativeLayout' rid='' bounds='42,310,1038,1042' own_text='' own_content_desc='' normalized_own_text='' descendant_text_summary='Family Care,Family Care,Take care of yourself an' matched_phrase='family care' match_source='descendant_title' selected_reason='actionable_container' candidate_rank=1 title_descendant_disagree=false representative_visible_label='' representative_label_source='descendant'
[22:09:37] [XMLENTRY][result] success=true reason='transition_confirmed'
[22:09:37] [SCENARIO][pre_nav] success step=1 reason='ACTION_ACCESSIBILITY_FOCUS success'
[22:09:38] [SCENARIO][pre_nav] success
[22:09:42] [CONTEXT] skipped reason='anchor_only_mode'
[22:09:42] [CONTEXT] skipped reason='anchor_only_mode'
[22:09:42] [CONTEXT] scenario='life_family_care_plugin' type='skipped' expected='' actual='' ok=True
[22:09:42] [CONTEXT] verification passed scenario='life_family_care_plugin'
[22:09:42] [ANCHOR][scenario_start] success scenario='life_family_care_plugin' selected={'success': False, 'status': 'failed', 'detail': 'ACTION_ACCESSIBILITY_FOCUS failed (resourceId=null, class=android.widget.ImageButton)', 'raw': {'timestamp': 1776776980906, 'reqId': '1528f7bd', 'success': False, 'reason': 'ACTION_ACCESSIBILITY_FOCUS failed (resourceId=null, class=android.widget.ImageButton)', 'action': 'FOCUS', 'targetName': '(?i).*navigate\\s*up.*', 'targetType': 'a', 'targetIndex': 0, 'attemptedClassName': 'android.widget.ImageButton', 'target': {'timestamp': 1776776980906, 'schemaVersion': '1.2.0', 'snapshotBuilderVersion': '1.2.0', 'packageName': 'com.samsung.android.oneconnect', 'className': 'android.widget.ImageButton', 'viewIdResourceName': None, 'text': None, 'contentDescription': 'Navigate up', 'mergedLabel': 'Navigate up', 'talkbackLabel': 'Navigate up', 'clickable': True, 'focusable': True, 'focused': True, 'accessibilityFocused': True, 'visibleToUser': True, 'isVisibleToUser': True, 'selected': False, 'checkable': False, 'checked': False, 'enabled': True, 'boundsInScreen': {'l': 0, 't': 118, 'r': 180, 'b': 310, 'left': 0, 'top': 118, 'right': 180, 'bottom': 310}, 'children': []}}} matched=True stable=True context_ok=True reason='verified_without_select'
[22:09:42] [TRACE][open_scenario] scenario='life_family_care_plugin' stabilization_mode='anchor_only' focus_align_attempted=True focus_align_ok=True focus_align_reason='' context_ok=False anchor_matched=False anchor_stable=True
[22:09:44] [ENTRY][post_open_identity] scenario_id='life_family_care_plugin' top_visible_labels='Navigate up Navigate up,Family Care,Add family member Add fa,More options More option,Me' top_focus_label='Navigate up Navigate up' back_button_present=true body_texts='Navigate up Navigate up,Family Care,Add family member Add fa,More options More option,View profile View profil' plugin_title_candidates='Navigate up Navigate up,Family Care,Add family member Add fa' verify_hit=true special_token_hit=false
[22:09:44] [ENTRY][special_state_check] detected=true signals='long_intro,cta,top_chrome_intro_cta' kind='setup_needed_or_empty_state'
[22:09:44] [ENTRY][special_state_debug] phase='pre_route' focus_label='Navigate up Navigate up' focus_visible='Navigate up Navigate up Family Care Add family member Add family member More options More options Me View profile View p' verify_hit=true long_intro_like=true intro_focus=false top_chrome_intro_cta=true
[22:09:44] [ENTRY][special_state_debug] top_visible='Navigate up Navigate up,Family Care,Add family member Add family member,More options More options,Me' body_texts='Navigate up Navigate up,Family Care,Add family member Add family member,More options More options,View profile View profile'
[22:09:44] [ENTRY][special_state_debug] special_hits='none' cta_hits='set up' signals='long_intro,cta,top_chrome_intro_cta' verify_hit=true
[22:09:44] [ENTRY][special_state_grace] start max_steps=3 verify_success=true signals='long_intro,cta,top_chrome_intro_cta'
[22:09:44] [ENTRY][special_state_grace] step=1 move_attempted=false move_result='snapshot_reused' focus_label='Navigate up Navigate up' focus_visible='Navigate up Navigate up Family Care Add family member Add family member More options More option' top_visible='navigate up navigate up,family care,add family member add family member,more options more options,me' body_texts='navigate up navigate up,family care,add family member add family member,more options more options,view profile view profile' home_like_hits='profile,view profile,member,family member,me' onboarding_hits='set up' evidence='home_like_profile' decision='normal_traversal'
[22:09:44] [ENTRY][special_state_check] decision='normal_traversal_after_grace'
[22:09:44] [SCENARIO][entry_contract] success scenario='life_family_care_plugin' entry_type='card' reason='success_verified' detail='plugin_open_verified'
[22:09:44] [TRACE][post_open_focus] scenario='life_family_care_plugin' view_id='' label='Navigate up' speech='Navigate up' bounds='{'l': 0, 't': 118, 'r': 180, 'b': 310, 'left': 0, 'top': 118, 'right': 180, 'bottom': 310}' source='top_level' top_level=True
[22:09:49] [TRACE][anchor_row] scenario='life_family_care_plugin' step=0 view_id='' visible='Navigate up' speech='Navigate up' normalized_visible='navigate up' is_global_nav=False
[22:09:50] [ROW] fingerprint='|navigate up|navigate up|90,214' normalized_fingerprint='|navigate up|navigate up' duplicate=false recent_duplicate=false distance=0 recent_semantic_duplicate=false semantic_distance=0 semantic_window_unique=1 noise=false
[22:09:50] [RESULT] skipped anchor rows count=1
[22:09:50] [SAVE] writing sheets raw/filtered/summary/result
[22:09:50] [SAVE] filtered rows=1, raw rows=1
[22:09:50] [SAVE] saved excel: output/talkback_compare_20260421_220923.xlsx rows=1 with_images=False
[22:09:50] [STEP] START tab='(?i).*life.*' step=1
[22:09:55] [ROW] fingerprint='|family care|family care|357,213' normalized_fingerprint='|family care|family care' duplicate=false recent_duplicate=false distance=0 recent_semantic_duplicate=false semantic_distance=0 semantic_window_unique=2 noise=false
[22:09:55] [STEP] END tab='(?i).*life.*' step=1 elapsed=4.66s move_result='{'success': True, 'status': 'moved', 'detail': 'moved', 'raw': {'timestamp': 1776776991292, 'reqId': '6927ecc3', 'success': True, 'status': 'moved', 'detail': 'moved', 'flags': []}}' visible='Family Care' speech='Family Care' crop='output\talkback_compare_20260421_220923\crops\i_._life._step_1_Family_Care.png' timing(move=0.515s ann=3.138s get_focus=1.006s get_focus_fallback_dump=0.000s step_dump=0.000s crop=0.485s total=5.146s) focus_reason='' fallback_used=False fallback_found=False step_dump_used=False step_dump_reason='focus_payload_sufficient' req_id='ecd3a275'
[22:09:55] [STOP][eval] step=1 scenario='life_family_care_plugin' terminal=false same_like_count=0 no_progress=false scenario_type='content' is_global_nav=false after_realign=false recent_repeat=false bounded_two_card_loop=false semantic_same_like=false recent_duplicate=false recent_duplicate_distance=0 recent_semantic_duplicate=false recent_semantic_duplicate_distance=0 recent_semantic_unique_count=2 strict_duplicate=false semantic_duplicate=false repeat_class='none' loop_classification='none' hard_no_progress=false soft_no_progress=false no_progress_class='none' overlay_realign_grace_active=false min_step_gate_blocked=false realign_grace_suppressed=false cta_descend_applied=false promoted_from_container=false repeat_stop_hit=false decision='continue' reason='none' traversal_result='PASS_MOVED' final_result='PASS' failure_reason='' stop_explain_version='pr7_explain_v1' stop_explain_input='step:1|move:moved|smart:moved|same:0|fail:0' stop_explain_repeat='recent:false|class:none|strict:false|semantic:false|loop:none|two_card:false' stop_explain_no_progress='hit:false|class:none|hard:false|soft:false' stop_explain_gate='candidate:false|min_block:false|realign_suppress:false|realign_active:false|decision:continue'
[22:09:55] [OVERLAY] blocked no_overlay_policy scenario='life_family_care_plugin' tab='(?i).*life.*' step=1
[22:09:55] [STEP] START tab='(?i).*life.*' step=2
[22:10:00] [STEP][candidate_priority] content_candidates='Weather information, Icon. Add home information|Set up now|Later' bottom_strip_candidates='View information|View information|ActivityButton Activity' selected='Weather information, Icon. Add home information' reason='content_candidate_preferred_over_bottom_strip'
[22:10:00] [STEP][bottom_strip_policy] content_present=true bottom_strip_deferred=true
[22:10:00] [ROW] fingerprint='com.samsung.android.plugin.care:id/banner_frame_layout|weather information icon. add home information|weather information icon. add home information|498,948' normalized_fingerprint='com samsung android plugin care id banner frame layout|weather information icon add home information|weather information icon add home information' duplicate=false recent_duplicate=false distance=0 recent_semantic_duplicate=false semantic_distance=0 semantic_window_unique=3 noise=false
[22:10:00] [STEP] END tab='(?i).*life.*' step=2 elapsed=4.56s move_result='{'success': True, 'status': 'moved', 'detail': 'moved', 'raw': {'timestamp': 1776776996412, 'reqId': 'dca7346f', 'success': True, 'status': 'moved', 'detail': 'moved', 'flags': []}}' visible='Weather information, Icon. Add home information' speech='Weather information, Icon. Add home information' crop='output\talkback_compare_20260421_220923\crops\i_._life._step_2_Add_family_member.png' timing(move=0.474s ann=3.068s get_focus=1.017s get_focus_fallback_dump=0.000s step_dump=0.000s crop=0.514s total=5.075s) focus_reason='' fallback_used=False fallback_found=False step_dump_used=False step_dump_reason='focus_payload_sufficient' req_id='ffbff44a'
[22:10:00] [STOP][eval] step=2 scenario='life_family_care_plugin' terminal=false same_like_count=0 no_progress=false scenario_type='content' is_global_nav=false after_realign=false recent_repeat=false bounded_two_card_loop=false semantic_same_like=false recent_duplicate=false recent_duplicate_distance=0 recent_semantic_duplicate=false recent_semantic_duplicate_distance=0 recent_semantic_unique_count=3 strict_duplicate=false semantic_duplicate=false repeat_class='none' loop_classification='none' hard_no_progress=false soft_no_progress=false no_progress_class='none' overlay_realign_grace_active=false min_step_gate_blocked=false realign_grace_suppressed=false cta_descend_applied=false promoted_from_container=false repeat_stop_hit=false decision='continue' reason='none' traversal_result='PASS_MOVED' final_result='PASS' failure_reason='' stop_explain_version='pr7_explain_v1' stop_explain_input='step:2|move:moved|smart:moved|same:0|fail:0' stop_explain_repeat='recent:false|class:none|strict:false|semantic:false|loop:none|two_card:false' stop_explain_no_progress='hit:false|class:none|hard:false|soft:false' stop_explain_gate='candidate:false|min_block:false|realign_suppress:false|realign_active:false|decision:continue'
[22:10:00] [OVERLAY] blocked no_overlay_policy scenario='life_family_care_plugin' tab='(?i).*life.*' step=2
[22:10:00] [STEP] START tab='(?i).*life.*' step=3
[22:10:06] [STEP][candidate_priority] content_candidates='Weather information, Icon. Add home information|Set up now|Later' bottom_strip_candidates='View information|View information|ActivityButton Activity' selected='Weather information, Icon. Add home information' reason='content_candidate_preferred_over_bottom_strip'
[22:10:06] [STEP][bottom_strip_policy] content_present=true bottom_strip_deferred=true
[22:10:06] [ROW] fingerprint='com.samsung.android.plugin.care:id/banner_frame_layout|weather information icon. add home information|weather information icon. add home information|498,948' normalized_fingerprint='com samsung android plugin care id banner frame layout|weather information icon add home information|weather information icon add home information' duplicate=true recent_duplicate=true distance=1 recent_semantic_duplicate=true semantic_distance=1 semantic_window_unique=3 noise=false
[22:10:06] [STEP] END tab='(?i).*life.*' step=3 elapsed=4.46s move_result='{'success': True, 'status': 'moved', 'detail': 'moved', 'raw': {'timestamp': 1776777001931, 'reqId': '7e1ea088', 'success': True, 'status': 'moved', 'detail': 'moved', 'flags': []}}' visible='Weather information, Icon. Add home information' speech='Weather information, Icon. Add home information' crop='output\talkback_compare_20260421_220923\crops\i_._life._step_3_More_options.png' timing(move=0.453s ann=3.009s get_focus=0.995s get_focus_fallback_dump=0.000s step_dump=0.000s crop=0.471s total=4.929s) focus_reason='' fallback_used=False fallback_found=False step_dump_used=False step_dump_reason='focus_payload_sufficient' req_id='d83fc79a'
[22:10:06] [STOP][eval] step=3 scenario='life_family_care_plugin' terminal=false same_like_count=1 no_progress=false scenario_type='content' is_global_nav=false after_realign=false recent_repeat=false bounded_two_card_loop=false semantic_same_like=true recent_duplicate=true recent_duplicate_distance=1 recent_semantic_duplicate=true recent_semantic_duplicate_distance=1 recent_semantic_unique_count=3 strict_duplicate=true semantic_duplicate=true repeat_class='mixed_repeat' loop_classification='harmful_loop' hard_no_progress=false soft_no_progress=false no_progress_class='none' overlay_realign_grace_active=false min_step_gate_blocked=false realign_grace_suppressed=false cta_descend_applied=false promoted_from_container=false repeat_stop_hit=false decision='continue' reason='none' traversal_result='PASS_MOVED' final_result='PASS' failure_reason='' stop_explain_version='pr7_explain_v1' stop_explain_input='step:3|move:moved|smart:moved|same:1|fail:0' stop_explain_repeat='recent:false|class:mixed_repeat|strict:true|semantic:true|loop:harmful_loop|two_card:false' stop_explain_no_progress='hit:false|class:none|hard:false|soft:false' stop_explain_gate='candidate:false|min_block:false|realign_suppress:false|realign_active:false|decision:continue'
[22:10:06] [RESULT] skipped anchor rows count=1
[22:10:06] [SAVE] writing sheets raw/filtered/summary/result
[22:10:06] [SAVE] filtered rows=3, raw rows=4
[22:10:06] [SAVE] saved excel: output/talkback_compare_20260421_220923.xlsx rows=4 with_images=False
[22:10:06] [OVERLAY] blocked no_overlay_policy scenario='life_family_care_plugin' tab='(?i).*life.*' step=3
[22:10:06] [STEP] START tab='(?i).*life.*' step=4
[22:10:11] [ROW] fingerprint='com.samsung.android.plugin.care:id/profile_text|me|me|141,394' normalized_fingerprint='com samsung android plugin care id profile text|me|me' duplicate=false recent_duplicate=false distance=0 recent_semantic_duplicate=false semantic_distance=0 semantic_window_unique=4 noise=false
[22:10:11] [STEP] END tab='(?i).*life.*' step=4 elapsed=4.56s move_result='{'success': True, 'status': 'moved', 'detail': 'moved', 'raw': {'timestamp': 1776777007533, 'reqId': '8700887b', 'success': True, 'status': 'moved', 'detail': 'moved', 'flags': []}}' visible='Me' speech='Me' crop='output\talkback_compare_20260421_220923\crops\i_._life._step_4_Me.png' timing(move=0.543s ann=3.036s get_focus=0.984s get_focus_fallback_dump=0.000s step_dump=0.000s crop=0.471s total=5.035s) focus_reason='' fallback_used=False fallback_found=False step_dump_used=False step_dump_reason='focus_payload_sufficient' req_id='62b80dd5'
[22:10:11] [STOP][eval] step=4 scenario='life_family_care_plugin' terminal=false same_like_count=0 no_progress=false scenario_type='content' is_global_nav=false after_realign=false recent_repeat=false bounded_two_card_loop=false semantic_same_like=false recent_duplicate=false recent_duplicate_distance=0 recent_semantic_duplicate=false recent_semantic_duplicate_distance=0 recent_semantic_unique_count=4 strict_duplicate=false semantic_duplicate=false repeat_class='none' loop_classification='none' hard_no_progress=false soft_no_progress=false no_progress_class='none' overlay_realign_grace_active=false min_step_gate_blocked=false realign_grace_suppressed=false cta_descend_applied=false promoted_from_container=false repeat_stop_hit=false decision='continue' reason='none' traversal_result='PASS_MOVED' final_result='PASS' failure_reason='' stop_explain_version='pr7_explain_v1' stop_explain_input='step:4|move:moved|smart:moved|same:0|fail:0' stop_explain_repeat='recent:false|class:none|strict:false|semantic:false|loop:none|two_card:false' stop_explain_no_progress='hit:false|class:none|hard:false|soft:false' stop_explain_gate='candidate:false|min_block:false|realign_suppress:false|realign_active:false|decision:continue'
[22:10:11] [OVERLAY] blocked no_overlay_policy scenario='life_family_care_plugin' tab='(?i).*life.*' step=4
[22:10:11] [STEP] START tab='(?i).*life.*' step=5
[22:10:17] [STEP][candidate_priority] content_candidates='Weather information, Icon. Add home information|Set up now|Later' bottom_strip_candidates='View information|View information|ActivityButton Activity' selected='Weather information, Icon. Add home information' reason='content_candidate_preferred_over_bottom_strip'
[22:10:17] [STEP][bottom_strip_policy] content_present=true bottom_strip_deferred=true
[22:10:17] [ROW] fingerprint='com.samsung.android.plugin.care:id/banner_frame_layout|weather information icon. add home information|weather information icon. add home information|498,948' normalized_fingerprint='com samsung android plugin care id banner frame layout|weather information icon add home information|weather information icon add home information' duplicate=false recent_duplicate=true distance=2 recent_semantic_duplicate=true semantic_distance=2 semantic_window_unique=4 noise=false
[22:10:17] [STEP] END tab='(?i).*life.*' step=5 elapsed=4.58s move_result='{'success': True, 'status': 'moved', 'detail': 'moved', 'raw': {'timestamp': 1776777012512, 'reqId': '37fc3f85', 'success': True, 'status': 'moved', 'detail': 'moved', 'flags': []}}' visible='Weather information, Icon. Add home information' speech='Weather information, Icon. Add home information' crop='output\talkback_compare_20260421_220923\crops\i_._life._step_5_View_profile.png' timing(move=0.508s ann=3.059s get_focus=1.010s get_focus_fallback_dump=0.000s step_dump=0.000s crop=0.481s total=5.059s) focus_reason='' fallback_used=False fallback_found=False step_dump_used=False step_dump_reason='focus_payload_sufficient' req_id='8d152ebb'
[22:10:17] [STOP][eval] step=5 scenario='life_family_care_plugin' terminal=false same_like_count=0 no_progress=false scenario_type='content' is_global_nav=false after_realign=false recent_repeat=false bounded_two_card_loop=false semantic_same_like=false recent_duplicate=true recent_duplicate_distance=2 recent_semantic_duplicate=true recent_semantic_duplicate_distance=2 recent_semantic_unique_count=4 strict_duplicate=false semantic_duplicate=false repeat_class='none' loop_classification='none' hard_no_progress=false soft_no_progress=false no_progress_class='none' overlay_realign_grace_active=false min_step_gate_blocked=false realign_grace_suppressed=false cta_descend_applied=false promoted_from_container=false repeat_stop_hit=false decision='continue' reason='none' traversal_result='PASS_MOVED' final_result='PASS' failure_reason='' stop_explain_version='pr7_explain_v1' stop_explain_input='step:5|move:moved|smart:moved|same:0|fail:0' stop_explain_repeat='recent:false|class:none|strict:false|semantic:false|loop:none|two_card:false' stop_explain_no_progress='hit:false|class:none|hard:false|soft:false' stop_explain_gate='candidate:false|min_block:false|realign_suppress:false|realign_active:false|decision:continue'
[22:10:17] [OVERLAY] blocked no_overlay_policy scenario='life_family_care_plugin' tab='(?i).*life.*' step=5
[22:10:17] [STEP] START tab='(?i).*life.*' step=6
[22:10:22] [ROW] fingerprint='com.samsung.android.plugin.care:id/profile_status_text|active now|active now|288,520' normalized_fingerprint='com samsung android plugin care id profile status text|active now|active now' duplicate=false recent_duplicate=false distance=0 recent_semantic_duplicate=false semantic_distance=0 semantic_window_unique=4 noise=false
[22:10:22] [STEP] END tab='(?i).*life.*' step=6 elapsed=4.61s move_result='{'success': True, 'status': 'moved', 'detail': 'moved', 'raw': {'timestamp': 1776777018049, 'reqId': 'bc0c54c2', 'success': True, 'status': 'moved', 'detail': 'moved', 'flags': []}}' visible='Active now' speech='Active now' crop='output\talkback_compare_20260421_220923\crops\i_._life._step_6_Active_now.png' timing(move=0.514s ann=3.062s get_focus=1.032s get_focus_fallback_dump=0.000s step_dump=0.000s crop=0.471s total=5.080s) focus_reason='' fallback_used=False fallback_found=False step_dump_used=False step_dump_reason='focus_payload_sufficient' req_id='52964209'
[22:10:22] [STOP][eval] step=6 scenario='life_family_care_plugin' terminal=false same_like_count=0 no_progress=false scenario_type='content' is_global_nav=false after_realign=false recent_repeat=false bounded_two_card_loop=false semantic_same_like=false recent_duplicate=false recent_duplicate_distance=0 recent_semantic_duplicate=false recent_semantic_duplicate_distance=0 recent_semantic_unique_count=4 strict_duplicate=false semantic_duplicate=false repeat_class='none' loop_classification='none' hard_no_progress=false soft_no_progress=false no_progress_class='none' overlay_realign_grace_active=false min_step_gate_blocked=false realign_grace_suppressed=false cta_descend_applied=false promoted_from_container=false repeat_stop_hit=false decision='continue' reason='none' traversal_result='PASS_MOVED' final_result='PASS' failure_reason='' stop_explain_version='pr7_explain_v1' stop_explain_input='step:6|move:moved|smart:moved|same:0|fail:0' stop_explain_repeat='recent:false|class:none|strict:false|semantic:false|loop:none|two_card:false' stop_explain_no_progress='hit:false|class:none|hard:false|soft:false' stop_explain_gate='candidate:false|min_block:false|realign_suppress:false|realign_active:false|decision:continue'
[22:10:22] [RESULT] skipped anchor rows count=1
[22:10:22] [SAVE] writing sheets raw/filtered/summary/result
[22:10:22] [SAVE] filtered rows=5, raw rows=7
[22:10:22] [SAVE] saved excel: output/talkback_compare_20260421_220923.xlsx rows=7 with_images=False
[22:10:22] [OVERLAY] blocked no_overlay_policy scenario='life_family_care_plugin' tab='(?i).*life.*' step=6
[22:10:22] [STEP] START tab='(?i).*life.*' step=7
[22:10:27] [ROW] fingerprint='com.samsung.android.plugin.care:id/suggestion_text|how did your day go? wind down relax and finish the day.|how did your day go? wind down relax and finish the day.|546,753' normalized_fingerprint='com samsung android plugin care id suggestion text|how did your day go wind down relax and finish the day|how did your day go wind down relax and finish the day' duplicate=false recent_duplicate=false distance=0 recent_semantic_duplicate=false semantic_distance=0 semantic_window_unique=4 noise=false
[22:10:27] [STEP] END tab='(?i).*life.*' step=7 elapsed=4.49s move_result='{'success': True, 'status': 'moved', 'detail': 'moved', 'raw': {'timestamp': 1776777023266, 'reqId': 'dc950936', 'success': True, 'status': 'moved', 'detail': 'moved', 'flags': []}}' visible='How did your day go? Wind down, relax, and finish the day.' speech='How did your day go? Wind down, relax, and finish the day.' crop='output\talkback_compare_20260421_220923\crops\i_._life._step_7_How_did_your_day_go__Wind_down__relax__a.png' timing(move=0.537s ann=2.894s get_focus=1.058s get_focus_fallback_dump=0.000s step_dump=0.000s crop=0.490s total=4.980s) focus_reason='' fallback_used=False fallback_found=False step_dump_used=False step_dump_reason='focus_payload_sufficient' req_id='6e96e8e2'
[22:10:27] [STOP][eval] step=7 scenario='life_family_care_plugin' terminal=false same_like_count=0 no_progress=false scenario_type='content' is_global_nav=false after_realign=false recent_repeat=false bounded_two_card_loop=false semantic_same_like=false recent_duplicate=false recent_duplicate_distance=0 recent_semantic_duplicate=false recent_semantic_duplicate_distance=0 recent_semantic_unique_count=4 strict_duplicate=false semantic_duplicate=false repeat_class='none' loop_classification='none' hard_no_progress=false soft_no_progress=false no_progress_class='none' overlay_realign_grace_active=false min_step_gate_blocked=false realign_grace_suppressed=false cta_descend_applied=false promoted_from_container=false repeat_stop_hit=false decision='continue' reason='none' traversal_result='PASS_MOVED' final_result='PASS' failure_reason='' stop_explain_version='pr7_explain_v1' stop_explain_input='step:7|move:moved|smart:moved|same:0|fail:0' stop_explain_repeat='recent:false|class:none|strict:false|semantic:false|loop:none|two_card:false' stop_explain_no_progress='hit:false|class:none|hard:false|soft:false' stop_explain_gate='candidate:false|min_block:false|realign_suppress:false|realign_active:false|decision:continue'
[22:10:27] [OVERLAY] blocked no_overlay_policy scenario='life_family_care_plugin' tab='(?i).*life.*' step=7
[22:10:27] [STEP] START tab='(?i).*life.*' step=8
[22:10:32] [ROW] fingerprint='com.samsung.android.plugin.care:id/banner_frame_layout|weather information icon. add home information|weather information icon. add home information|498,948' normalized_fingerprint='com samsung android plugin care id banner frame layout|weather information icon add home information|weather information icon add home information' duplicate=false recent_duplicate=true distance=3 recent_semantic_duplicate=true semantic_distance=3 semantic_window_unique=4 noise=false
[22:10:32] [STEP] END tab='(?i).*life.*' step=8 elapsed=4.60s move_result='{'success': True, 'status': 'moved', 'detail': 'moved', 'raw': {'timestamp': 1776777028264, 'reqId': 'a7f50dc1', 'success': True, 'status': 'moved', 'detail': 'moved', 'flags': []}}' visible='Weather information, Icon. Add home information' speech='Weather information, Icon. Add home information' crop='output\talkback_compare_20260421_220923\crops\i_._life._step_8_Weather_information__Icon._Add_home_info.png' timing(move=0.536s ann=3.048s get_focus=1.016s get_focus_fallback_dump=0.000s step_dump=0.000s crop=0.545s total=5.145s) focus_reason='' fallback_used=False fallback_found=False step_dump_used=False step_dump_reason='focus_payload_sufficient' req_id='c3824710'
[22:10:32] [STOP][eval] step=8 scenario='life_family_care_plugin' terminal=false same_like_count=0 no_progress=false scenario_type='content' is_global_nav=false after_realign=false recent_repeat=false bounded_two_card_loop=false semantic_same_like=false recent_duplicate=true recent_duplicate_distance=3 recent_semantic_duplicate=true recent_semantic_duplicate_distance=3 recent_semantic_unique_count=4 strict_duplicate=false semantic_duplicate=false repeat_class='none' loop_classification='none' hard_no_progress=false soft_no_progress=false no_progress_class='none' overlay_realign_grace_active=false min_step_gate_blocked=false realign_grace_suppressed=false cta_descend_applied=false promoted_from_container=false repeat_stop_hit=false decision='continue' reason='none' traversal_result='PASS_MOVED' final_result='PASS' failure_reason='' stop_explain_version='pr7_explain_v1' stop_explain_input='step:8|move:moved|smart:moved|same:0|fail:0' stop_explain_repeat='recent:false|class:none|strict:false|semantic:false|loop:none|two_card:false' stop_explain_no_progress='hit:false|class:none|hard:false|soft:false' stop_explain_gate='candidate:false|min_block:false|realign_suppress:false|realign_active:false|decision:continue'
[22:10:32] [OVERLAY] blocked no_overlay_policy scenario='life_family_care_plugin' tab='(?i).*life.*' step=8
[22:10:32] [STEP] START tab='(?i).*life.*' step=9
[22:10:38] [STEP][cta_sibling_visit] step=9 scenario='life_family_care_plugin' cluster='com.samsung.android.plugin.care:id/suggestion_card_container||com.samsung.android.plugin.care:id/first_button||com.sa...' visited='com.samsung.android.plugin.care:id/first_button'
[22:10:38] [STEP][cta_promote] step=9 scenario='life_family_care_plugin' container_rid='com.samsung.android.plugin.care:id/suggestion_card_container' selected_cta_rid='com.samsung.android.plugin.care:id/first_button' selected_cta_label='none' cta_candidates='none' reason='actionable_child_promoted'
[22:10:38] [ROW] fingerprint='com.samsung.android.plugin.care:id/first_button|want better insight into your daily life? set up the smartthings devices that yo|later want better insight into your daily life? set up the smartthings devices t|596,1558' normalized_fingerprint='com samsung android plugin care id first button|want better insight into your daily life set up the smartthings devices that you use to better understand your daily lif|later want better insight into your daily life set up the smartthings devices that you use to better understand your dai' duplicate=false recent_duplicate=false distance=0 recent_semantic_duplicate=false semantic_distance=0 semantic_window_unique=5 noise=false
[22:10:38] [STEP] END tab='(?i).*life.*' step=9 elapsed=5.28s move_result='{'success': True, 'status': 'moved', 'detail': 'moved', 'raw': {'timestamp': 1776777034041, 'reqId': '1dfc3c79', 'success': True, 'status': 'moved', 'detail': 'moved', 'flags': []}}' visible='Want better insight into your daily life? Set up the SmartThings devices that you use to better understand your daily life. Later Set up now' speech='Later Want better insight into your daily life? Set up the SmartThings devices that you use to better understand your daily life. Later Set up now' crop='output\talkback_compare_20260421_220923\crops\i_._life._step_9_Want_better_insight_into_your_daily_life.png' timing(move=1.183s ann=3.062s get_focus=1.031s get_focus_fallback_dump=0.000s step_dump=0.000s crop=0.500s total=5.777s) focus_reason='' fallback_used=False fallback_found=False step_dump_used=False step_dump_reason='focus_payload_sufficient' req_id='bf5df1db'
[22:10:38] [STOP][eval] step=9 scenario='life_family_care_plugin' terminal=false same_like_count=0 no_progress=false scenario_type='content' is_global_nav=false after_realign=false recent_repeat=false bounded_two_card_loop=false semantic_same_like=false recent_duplicate=false recent_duplicate_distance=0 recent_semantic_duplicate=false recent_semantic_duplicate_distance=0 recent_semantic_unique_count=5 strict_duplicate=false semantic_duplicate=false repeat_class='none' loop_classification='none' hard_no_progress=false soft_no_progress=false no_progress_class='none' overlay_realign_grace_active=false min_step_gate_blocked=false realign_grace_suppressed=false cta_descend_applied=false promoted_from_container=true repeat_stop_hit=false decision='continue' reason='none' traversal_result='PASS_MOVED' final_result='PASS' failure_reason='' stop_explain_version='pr7_explain_v1' stop_explain_input='step:9|move:moved|smart:moved|same:0|fail:0' stop_explain_repeat='recent:false|class:none|strict:false|semantic:false|loop:none|two_card:false' stop_explain_no_progress='hit:false|class:none|hard:false|soft:false' stop_explain_gate='candidate:false|min_block:false|realign_suppress:false|realign_active:false|decision:continue'
[22:10:38] [RESULT] skipped anchor rows count=1
[22:10:38] [SAVE] writing sheets raw/filtered/summary/result
[22:10:38] [SAVE] filtered rows=7, raw rows=10
[22:10:38] [SAVE] saved excel: output/talkback_compare_20260421_220923.xlsx rows=10 with_images=False
[22:10:38] [OVERLAY] blocked no_overlay_policy scenario='life_family_care_plugin' tab='(?i).*life.*' step=9
[22:10:38] [STEP] START tab='(?i).*life.*' step=10
[22:10:44] [STEP][cta_promote_keep] step=10 scenario='life_family_care_plugin' cluster='com.samsung.android.plugin.care:id/suggestion_card_container||com.samsung.android.plugin.care:id/first_button||com.sa...' kept_rid='com.samsung.android.plugin.care:id/first_button' reason='preserve_committed_cta_sibling'
[22:10:44] [STEP][cta_sibling_visit] step=10 scenario='life_family_care_plugin' cluster='com.samsung.android.plugin.care:id/suggestion_card_container||com.samsung.android.plugin.care:id/first_button||com.sa...' visited='com.samsung.android.plugin.care:id/first_button'
[22:10:44] [STEP][cta_promote] step=10 scenario='life_family_care_plugin' container_rid='com.samsung.android.plugin.care:id/suggestion_card_container' selected_cta_rid='com.samsung.android.plugin.care:id/first_button' selected_cta_label='none' cta_candidates='none' reason='actionable_child_promoted'
[22:10:44] [STEP][cta_sibling_visit] step=10 scenario='life_family_care_plugin' cluster='com.samsung.android.plugin.care:id/suggestion_card_container||com.samsung.android.plugin.care:id/first_button||com.sa...' visited='com.samsung.android.plugin.care:id/first_button|com.samsung.android.plugin.care:id/second_button'
[22:10:44] [STEP][cta_sibling_commit] step=10 scenario='life_family_care_plugin' current_rid='com.samsung.android.plugin.care:id/first_button' committed_rid='com.samsung.android.plugin.care:id/second_button' reason='cta_sibling_committed'
[22:10:44] [STEP][cta_sibling] step=10 scenario='life_family_care_plugin' current_rid='com.samsung.android.plugin.care:id/first_button' next_candidate='com.samsung.android.plugin.care:id/second_button' reason='cta_sibling_progression'
[22:10:44] [STEP][cta_focus_align] step=10 scenario='life_family_care_plugin' target_rid='com.samsung.android.plugin.care:id/second_button' method='select' attempt=1
[22:10:45] [STEP][cta_focus_align_success] step=10 scenario='life_family_care_plugin' target_rid='com.samsung.android.plugin.care:id/second_button'
[22:10:45] [ROW] fingerprint='com.samsung.android.plugin.care:id/second_button|want better insight into your daily life? set up the smartthings devices that yo|want better insight into your daily life? set up the smartthings devices that yo|876,1558' normalized_fingerprint='com samsung android plugin care id second button|want better insight into your daily life set up the smartthings devices that you use to better understand your daily lif|want better insight into your daily life set up the smartthings devices that you use to better understand your daily lif' duplicate=false recent_duplicate=false distance=0 recent_semantic_duplicate=false semantic_distance=0 semantic_window_unique=5 noise=false
[22:10:45] [STEP] END tab='(?i).*life.*' step=10 elapsed=5.31s move_result='' visible='Want better insight into your daily life? Set up the SmartThings devices that you use to better understand your daily life. Later Set up now' speech='Want better insight into your daily life? Set up the SmartThings devices that you use to better understand your daily life. Later Set up now' crop='output\talkback_compare_20260421_220923\crops\i_._life._step_10_Want_better_insight_into_your_daily_life.png' timing(move=0.377s ann=3.850s get_focus=1.084s get_focus_fallback_dump=0.000s step_dump=0.000s crop=0.501s total=5.812s) focus_reason='' fallback_used=False fallback_found=False step_dump_used=False step_dump_reason='focus_payload_sufficient' req_id='f4993ed6'
[22:10:45] [STOP][eval] step=10 scenario='life_family_care_plugin' terminal=false same_like_count=0 no_progress=false scenario_type='content' is_global_nav=false after_realign=false recent_repeat=false bounded_two_card_loop=false semantic_same_like=false recent_duplicate=false recent_duplicate_distance=0 recent_semantic_duplicate=false recent_semantic_duplicate_distance=0 recent_semantic_unique_count=5 strict_duplicate=false semantic_duplicate=false repeat_class='none' loop_classification='none' hard_no_progress=false soft_no_progress=false no_progress_class='none' overlay_realign_grace_active=false min_step_gate_blocked=false realign_grace_suppressed=false cta_descend_applied=false promoted_from_container=true repeat_stop_hit=false decision='continue' reason='none' traversal_result='FAIL_MOVE' final_result='FAIL' failure_reason='move_failed' stop_explain_version='pr7_explain_v1' stop_explain_input='step:10|move:failed|smart:failed|same:0|fail:1' stop_explain_repeat='recent:false|class:none|strict:false|semantic:false|loop:none|two_card:false' stop_explain_no_progress='hit:false|class:none|hard:false|soft:false' stop_explain_gate='candidate:false|min_block:false|realign_suppress:false|realign_active:false|decision:continue'
[22:10:45] [OVERLAY] blocked no_overlay_policy scenario='life_family_care_plugin' tab='(?i).*life.*' step=10
[22:10:45] [STEP] START tab='(?i).*life.*' step=11
[22:10:50] [ROW] fingerprint='com.samsung.android.plugin.care:id/activity_toolbar|activity|activity|540,1764' normalized_fingerprint='com samsung android plugin care id activity toolbar|activity|activity' duplicate=false recent_duplicate=false distance=0 recent_semantic_duplicate=false semantic_distance=0 semantic_window_unique=6 noise=false
[22:10:50] [STEP] END tab='(?i).*life.*' step=11 elapsed=4.54s move_result='{'success': True, 'status': 'moved', 'detail': 'moved', 'raw': {'timestamp': 1776777046379, 'reqId': '823bf5a0', 'success': True, 'status': 'moved', 'detail': 'moved', 'flags': []}}' visible='Activity' speech='Activity' crop='output\talkback_compare_20260421_220923\crops\i_._life._step_11_Activity.png' timing(move=0.492s ann=3.050s get_focus=0.996s get_focus_fallback_dump=0.000s step_dump=0.000s crop=0.489s total=5.027s) focus_reason='' fallback_used=False fallback_found=False step_dump_used=False step_dump_reason='focus_payload_sufficient' req_id='ede505c9'
[22:10:50] [STOP][eval] step=11 scenario='life_family_care_plugin' terminal=false same_like_count=0 no_progress=false scenario_type='content' is_global_nav=false after_realign=false recent_repeat=false bounded_two_card_loop=false semantic_same_like=false recent_duplicate=false recent_duplicate_distance=0 recent_semantic_duplicate=false recent_semantic_duplicate_distance=0 recent_semantic_unique_count=6 strict_duplicate=false semantic_duplicate=false repeat_class='none' loop_classification='none' hard_no_progress=false soft_no_progress=false no_progress_class='none' overlay_realign_grace_active=false min_step_gate_blocked=false realign_grace_suppressed=false cta_descend_applied=false promoted_from_container=false repeat_stop_hit=false decision='continue' reason='none' traversal_result='PASS_MOVED' final_result='PASS' failure_reason='' stop_explain_version='pr7_explain_v1' stop_explain_input='step:11|move:moved|smart:moved|same:0|fail:0' stop_explain_repeat='recent:false|class:none|strict:false|semantic:false|loop:none|two_card:false' stop_explain_no_progress='hit:false|class:none|hard:false|soft:false' stop_explain_gate='candidate:false|min_block:false|realign_suppress:false|realign_active:false|decision:continue'
[22:10:50] [OVERLAY] blocked no_overlay_policy scenario='life_family_care_plugin' tab='(?i).*life.*' step=11
[22:10:50] [STEP] START tab='(?i).*life.*' step=12
[22:10:56] [STEP][candidate_priority] content_candidates='Weather information, Icon. Add home information|Set up now|Later' bottom_strip_candidates='View information|View information|ActivityButton Activity' selected='Weather information, Icon. Add home information' reason='content_candidate_preferred_over_bottom_strip'
[22:10:56] [STEP][bottom_strip_policy] content_present=true bottom_strip_deferred=true
[22:10:56] [ROW] fingerprint='com.samsung.android.plugin.care:id/banner_frame_layout|weather information icon. add home information|weather information icon. add home information|498,948' normalized_fingerprint='com samsung android plugin care id banner frame layout|weather information icon add home information|weather information icon add home information' duplicate=false recent_duplicate=true distance=4 recent_semantic_duplicate=true semantic_distance=4 semantic_window_unique=5 noise=false
[22:10:56] [STEP] END tab='(?i).*life.*' step=12 elapsed=5.31s move_result='{'success': True, 'status': 'moved', 'detail': 'moved', 'raw': {'timestamp': 1776777051380, 'reqId': '4d20f942', 'success': True, 'status': 'moved', 'detail': 'moved', 'flags': []}}' visible='Weather information, Icon. Add home information' speech='Weather information, Icon. Add home information' crop='output\talkback_compare_20260421_220923\crops\i_._life._step_12_View_information.png' timing(move=0.461s ann=3.840s get_focus=1.005s get_focus_fallback_dump=0.000s step_dump=0.000s crop=0.464s total=5.771s) focus_reason='' fallback_used=False fallback_found=False step_dump_used=False step_dump_reason='focus_payload_sufficient' req_id='44c1f966'
[22:10:56] [STOP][eval] step=12 scenario='life_family_care_plugin' terminal=false same_like_count=0 no_progress=false scenario_type='content' is_global_nav=false after_realign=false recent_repeat=false bounded_two_card_loop=false semantic_same_like=false recent_duplicate=true recent_duplicate_distance=4 recent_semantic_duplicate=true recent_semantic_duplicate_distance=4 recent_semantic_unique_count=5 strict_duplicate=false semantic_duplicate=false repeat_class='none' loop_classification='none' hard_no_progress=false soft_no_progress=false no_progress_class='none' overlay_realign_grace_active=false min_step_gate_blocked=false realign_grace_suppressed=false cta_descend_applied=false promoted_from_container=false repeat_stop_hit=false decision='continue' reason='none' traversal_result='PASS_MOVED' final_result='PASS' failure_reason='' stop_explain_version='pr7_explain_v1' stop_explain_input='step:12|move:moved|smart:moved|same:0|fail:0' stop_explain_repeat='recent:false|class:none|strict:false|semantic:false|loop:none|two_card:false' stop_explain_no_progress='hit:false|class:none|hard:false|soft:false' stop_explain_gate='candidate:false|min_block:false|realign_suppress:false|realign_active:false|decision:continue'
[22:10:56] [RESULT] skipped anchor rows count=1
[22:10:56] [SAVE] writing sheets raw/filtered/summary/result
[22:10:56] [SAVE] filtered rows=9, raw rows=13
[22:10:56] [SAVE] saved excel: output/talkback_compare_20260421_220923.xlsx rows=13 with_images=False
[22:10:56] [OVERLAY] blocked no_overlay_policy scenario='life_family_care_plugin' tab='(?i).*life.*' step=12
[22:10:56] [STEP] START tab='(?i).*life.*' step=13
[22:11:01] [ROW] fingerprint='com.samsung.android.plugin.care:id/subtext|first activity|first activity|248,1857' normalized_fingerprint='com samsung android plugin care id subtext|first activity|first activity' duplicate=false recent_duplicate=false distance=0 recent_semantic_duplicate=false semantic_distance=0 semantic_window_unique=5 noise=false
[22:11:01] [STEP] END tab='(?i).*life.*' step=13 elapsed=4.57s move_result='{'success': True, 'status': 'moved', 'detail': 'moved', 'raw': {'timestamp': 1776777057777, 'reqId': '0c2117d6', 'success': True, 'status': 'moved', 'detail': 'moved', 'flags': []}}' visible='First activity' speech='First activity' crop='output\talkback_compare_20260421_220923\crops\i_._life._step_13_First_activity.png' timing(move=0.497s ann=3.068s get_focus=1.007s get_focus_fallback_dump=0.000s step_dump=0.000s crop=0.457s total=5.030s) focus_reason='' fallback_used=False fallback_found=False step_dump_used=False step_dump_reason='focus_payload_sufficient' req_id='ff8c5a22'
[22:11:01] [STOP][eval] step=13 scenario='life_family_care_plugin' terminal=false same_like_count=0 no_progress=false scenario_type='content' is_global_nav=false after_realign=false recent_repeat=false bounded_two_card_loop=false semantic_same_like=false recent_duplicate=false recent_duplicate_distance=0 recent_semantic_duplicate=false recent_semantic_duplicate_distance=0 recent_semantic_unique_count=5 strict_duplicate=false semantic_duplicate=false repeat_class='none' loop_classification='none' hard_no_progress=false soft_no_progress=false no_progress_class='none' overlay_realign_grace_active=false min_step_gate_blocked=false realign_grace_suppressed=false cta_descend_applied=false promoted_from_container=false repeat_stop_hit=false decision='continue' reason='none' traversal_result='PASS_MOVED' final_result='PASS' failure_reason='' stop_explain_version='pr7_explain_v1' stop_explain_input='step:13|move:moved|smart:moved|same:0|fail:0' stop_explain_repeat='recent:false|class:none|strict:false|semantic:false|loop:none|two_card:false' stop_explain_no_progress='hit:false|class:none|hard:false|soft:false' stop_explain_gate='candidate:false|min_block:false|realign_suppress:false|realign_active:false|decision:continue'
[22:11:01] [OVERLAY] blocked no_overlay_policy scenario='life_family_care_plugin' tab='(?i).*life.*' step=13
[22:11:01] [STEP] START tab='(?i).*life.*' step=14
[22:11:06] [ROW] fingerprint='com.samsung.android.plugin.care:id/subtext|latest activity|latest activity|733,1857' normalized_fingerprint='com samsung android plugin care id subtext|latest activity|latest activity' duplicate=false recent_duplicate=false distance=0 recent_semantic_duplicate=false semantic_distance=0 semantic_window_unique=6 noise=false
[22:11:06] [STEP] END tab='(?i).*life.*' step=14 elapsed=4.62s move_result='{'success': True, 'status': 'moved', 'detail': 'moved', 'raw': {'timestamp': 1776777062831, 'reqId': 'a1731ad5', 'success': True, 'status': 'moved', 'detail': 'moved', 'flags': []}}' visible='Latest activity' speech='Latest activity' crop='output\talkback_compare_20260421_220923\crops\i_._life._step_14_Latest_activity.png' timing(move=0.520s ann=3.083s get_focus=1.012s get_focus_fallback_dump=0.000s step_dump=0.000s crop=0.490s total=5.107s) focus_reason='' fallback_used=False fallback_found=False step_dump_used=False step_dump_reason='focus_payload_sufficient' req_id='e2500b68'
[22:11:06] [STOP][eval] step=14 scenario='life_family_care_plugin' terminal=false same_like_count=0 no_progress=false scenario_type='content' is_global_nav=false after_realign=false recent_repeat=false bounded_two_card_loop=false semantic_same_like=false recent_duplicate=false recent_duplicate_distance=0 recent_semantic_duplicate=false recent_semantic_duplicate_distance=0 recent_semantic_unique_count=6 strict_duplicate=false semantic_duplicate=false repeat_class='none' loop_classification='none' hard_no_progress=false soft_no_progress=false no_progress_class='none' overlay_realign_grace_active=false min_step_gate_blocked=false realign_grace_suppressed=false cta_descend_applied=false promoted_from_container=false repeat_stop_hit=false decision='continue' reason='none' traversal_result='PASS_MOVED' final_result='PASS' failure_reason='' stop_explain_version='pr7_explain_v1' stop_explain_input='step:14|move:moved|smart:moved|same:0|fail:0' stop_explain_repeat='recent:false|class:none|strict:false|semantic:false|loop:none|two_card:false' stop_explain_no_progress='hit:false|class:none|hard:false|soft:false' stop_explain_gate='candidate:false|min_block:false|realign_suppress:false|realign_active:false|decision:continue'
[22:11:06] [OVERLAY] blocked no_overlay_policy scenario='life_family_care_plugin' tab='(?i).*life.*' step=14
[22:11:06] [STEP] START tab='(?i).*life.*' step=15
[22:11:11] [ROW] fingerprint='|5 55|5 55|165,1939' normalized_fingerprint='|5 55|5 55' duplicate=false recent_duplicate=false distance=0 recent_semantic_duplicate=false semantic_distance=0 semantic_window_unique=6 noise=false
[22:11:11] [STEP] END tab='(?i).*life.*' step=15 elapsed=4.51s move_result='{'success': True, 'status': 'moved', 'detail': 'moved', 'raw': {'timestamp': 1776777067893, 'reqId': '9f1274a4', 'success': True, 'status': 'moved', 'detail': 'moved', 'flags': []}}' visible='5:55' speech='5:55' crop='output\talkback_compare_20260421_220923\crops\i_._life._step_15_5_55.png' timing(move=0.474s ann=3.034s get_focus=1.003s get_focus_fallback_dump=0.000s step_dump=0.000s crop=0.479s total=4.992s) focus_reason='' fallback_used=False fallback_found=False step_dump_used=False step_dump_reason='focus_payload_sufficient' req_id='d52e88ce'
[22:11:11] [STOP][eval] step=15 scenario='life_family_care_plugin' terminal=false same_like_count=0 no_progress=false scenario_type='content' is_global_nav=false after_realign=false recent_repeat=false bounded_two_card_loop=false semantic_same_like=false recent_duplicate=false recent_duplicate_distance=0 recent_semantic_duplicate=false recent_semantic_duplicate_distance=0 recent_semantic_unique_count=6 strict_duplicate=false semantic_duplicate=false repeat_class='none' loop_classification='none' hard_no_progress=false soft_no_progress=false no_progress_class='none' overlay_realign_grace_active=false min_step_gate_blocked=false realign_grace_suppressed=false cta_descend_applied=false promoted_from_container=false repeat_stop_hit=false decision='continue' reason='none' traversal_result='PASS_MOVED' final_result='PASS' failure_reason='' stop_explain_version='pr7_explain_v1' stop_explain_input='step:15|move:moved|smart:moved|same:0|fail:0' stop_explain_repeat='recent:false|class:none|strict:false|semantic:false|loop:none|two_card:false' stop_explain_no_progress='hit:false|class:none|hard:false|soft:false' stop_explain_gate='candidate:false|min_block:false|realign_suppress:false|realign_active:false|decision:continue'
[22:11:11] [RESULT] skipped anchor rows count=1
[22:11:11] [SAVE] writing sheets raw/filtered/summary/result
[22:11:11] [SAVE] filtered rows=12, raw rows=16
[22:11:12] [SAVE] saved excel: output/talkback_compare_20260421_220923.xlsx rows=16 with_images=False
[22:11:12] [OVERLAY] blocked no_overlay_policy scenario='life_family_care_plugin' tab='(?i).*life.*' step=15
[22:11:12] [STEP] START tab='(?i).*life.*' step=16
[22:11:17] [ROW] fingerprint='|10 09|10 09|655,1939' normalized_fingerprint='|10 09|10 09' duplicate=false recent_duplicate=false distance=0 recent_semantic_duplicate=false semantic_distance=0 semantic_window_unique=6 noise=false
[22:11:17] [STEP] END tab='(?i).*life.*' step=16 elapsed=4.63s move_result='{'success': True, 'status': 'moved', 'detail': 'moved', 'raw': {'timestamp': 1776777073073, 'reqId': '641cb332', 'success': True, 'status': 'moved', 'detail': 'moved', 'flags': []}}' visible='10:09' speech='10:09' crop='output\talkback_compare_20260421_220923\crops\i_._life._step_16_10_09.png' timing(move=0.528s ann=3.096s get_focus=1.004s get_focus_fallback_dump=0.000s step_dump=0.000s crop=0.478s total=5.107s) focus_reason='' fallback_used=False fallback_found=False step_dump_used=False step_dump_reason='focus_payload_sufficient' req_id='f7716dad'
[22:11:17] [STOP][eval] step=16 scenario='life_family_care_plugin' terminal=false same_like_count=0 no_progress=false scenario_type='content' is_global_nav=false after_realign=false recent_repeat=false bounded_two_card_loop=false semantic_same_like=false recent_duplicate=false recent_duplicate_distance=0 recent_semantic_duplicate=false recent_semantic_duplicate_distance=0 recent_semantic_unique_count=6 strict_duplicate=false semantic_duplicate=false repeat_class='none' loop_classification='none' hard_no_progress=false soft_no_progress=false no_progress_class='none' overlay_realign_grace_active=false min_step_gate_blocked=false realign_grace_suppressed=false cta_descend_applied=false promoted_from_container=false repeat_stop_hit=false decision='continue' reason='none' traversal_result='PASS_MOVED' final_result='PASS' failure_reason='' stop_explain_version='pr7_explain_v1' stop_explain_input='step:16|move:moved|smart:moved|same:0|fail:0' stop_explain_repeat='recent:false|class:none|strict:false|semantic:false|loop:none|two_card:false' stop_explain_no_progress='hit:false|class:none|hard:false|soft:false' stop_explain_gate='candidate:false|min_block:false|realign_suppress:false|realign_active:false|decision:continue'
[22:11:17] [OVERLAY] blocked no_overlay_policy scenario='life_family_care_plugin' tab='(?i).*life.*' step=16
[22:11:17] [STEP] START tab='(?i).*life.*' step=17
[22:11:22] [ROW] fingerprint='|pm|pm|292,1947' normalized_fingerprint='|pm|pm' duplicate=false recent_duplicate=false distance=0 recent_semantic_duplicate=false semantic_distance=0 semantic_window_unique=6 noise=false
[22:11:22] [STEP] END tab='(?i).*life.*' step=17 elapsed=4.58s move_result='{'success': True, 'status': 'moved', 'detail': 'moved', 'raw': {'timestamp': 1776777078191, 'reqId': '28d18fe3', 'success': True, 'status': 'moved', 'detail': 'moved', 'flags': []}}' visible='pm' speech='pm' crop='output\talkback_compare_20260421_220923\crops\i_._life._step_17_pm.png' timing(move=0.505s ann=3.100s get_focus=0.975s get_focus_fallback_dump=0.000s step_dump=0.000s crop=0.472s total=5.054s) focus_reason='' fallback_used=False fallback_found=False step_dump_used=False step_dump_reason='focus_payload_sufficient' req_id='19c373e8'
[22:11:22] [STOP][eval] step=17 scenario='life_family_care_plugin' terminal=false same_like_count=0 no_progress=false scenario_type='content' is_global_nav=false after_realign=false recent_repeat=false bounded_two_card_loop=false semantic_same_like=false recent_duplicate=false recent_duplicate_distance=0 recent_semantic_duplicate=false recent_semantic_duplicate_distance=0 recent_semantic_unique_count=6 strict_duplicate=false semantic_duplicate=false repeat_class='none' loop_classification='none' hard_no_progress=false soft_no_progress=false no_progress_class='none' overlay_realign_grace_active=false min_step_gate_blocked=false realign_grace_suppressed=false cta_descend_applied=false promoted_from_container=false repeat_stop_hit=false decision='continue' reason='none' traversal_result='PASS_MOVED' final_result='PASS' failure_reason='' stop_explain_version='pr7_explain_v1' stop_explain_input='step:17|move:moved|smart:moved|same:0|fail:0' stop_explain_repeat='recent:false|class:none|strict:false|semantic:false|loop:none|two_card:false' stop_explain_no_progress='hit:false|class:none|hard:false|soft:false' stop_explain_gate='candidate:false|min_block:false|realign_suppress:false|realign_active:false|decision:continue'
[22:11:22] [OVERLAY] blocked no_overlay_policy scenario='life_family_care_plugin' tab='(?i).*life.*' step=17
[22:11:22] [STEP] START tab='(?i).*life.*' step=18
[22:11:28] [STEP][candidate_priority] content_candidates='Weather information, Icon. Add home information|Set up now|Later' bottom_strip_candidates='View information|View information|ActivityButton Activity' selected='Weather information, Icon. Add home information' reason='content_candidate_preferred_over_bottom_strip'
[22:11:28] [STEP][bottom_strip_policy] content_present=true bottom_strip_deferred=true
[22:11:28] [ROW] fingerprint='com.samsung.android.plugin.care:id/banner_frame_layout|weather information icon. add home information|weather information icon. add home information|498,948' normalized_fingerprint='com samsung android plugin care id banner frame layout|weather information icon add home information|weather information icon add home information' duplicate=false recent_duplicate=false distance=0 recent_semantic_duplicate=false semantic_distance=0 semantic_window_unique=6 noise=false
[22:11:28] [STEP] END tab='(?i).*life.*' step=18 elapsed=5.55s move_result='{'success': True, 'status': 'moved', 'detail': 'moved', 'raw': {'timestamp': 1776777083267, 'reqId': 'a9f029b1', 'success': True, 'status': 'moved', 'detail': 'moved', 'flags': []}}' visible='Weather information, Icon. Add home information' speech='Weather information, Icon. Add home information' crop='output\talkback_compare_20260421_220923\crops\i_._life._step_18_View_information.png' timing(move=0.556s ann=3.971s get_focus=1.020s get_focus_fallback_dump=0.000s step_dump=0.000s crop=0.477s total=6.025s) focus_reason='' fallback_used=False fallback_found=False step_dump_used=False step_dump_reason='focus_payload_sufficient' req_id='df023399'
[22:11:28] [STOP][eval] step=18 scenario='life_family_care_plugin' terminal=false same_like_count=0 no_progress=false scenario_type='content' is_global_nav=false after_realign=false recent_repeat=false bounded_two_card_loop=false semantic_same_like=false recent_duplicate=false recent_duplicate_distance=0 recent_semantic_duplicate=false recent_semantic_duplicate_distance=0 recent_semantic_unique_count=6 strict_duplicate=false semantic_duplicate=false repeat_class='none' loop_classification='none' hard_no_progress=false soft_no_progress=false no_progress_class='none' overlay_realign_grace_active=false min_step_gate_blocked=false realign_grace_suppressed=false cta_descend_applied=false promoted_from_container=false repeat_stop_hit=false decision='continue' reason='none' traversal_result='PASS_MOVED' final_result='PASS' failure_reason='' stop_explain_version='pr7_explain_v1' stop_explain_input='step:18|move:moved|smart:moved|same:0|fail:0' stop_explain_repeat='recent:false|class:none|strict:false|semantic:false|loop:none|two_card:false' stop_explain_no_progress='hit:false|class:none|hard:false|soft:false' stop_explain_gate='candidate:false|min_block:false|realign_suppress:false|realign_active:false|decision:continue'
[22:11:28] [RESULT] skipped anchor rows count=1
[22:11:28] [SAVE] writing sheets raw/filtered/summary/result
[22:11:28] [SAVE] filtered rows=15, raw rows=19
[22:11:28] [SAVE] saved excel: output/talkback_compare_20260421_220923.xlsx rows=19 with_images=False
[22:11:28] [OVERLAY] blocked no_overlay_policy scenario='life_family_care_plugin' tab='(?i).*life.*' step=18
[22:11:28] [STEP] START tab='(?i).*life.*' step=19
[22:11:33] [ROW] fingerprint='com.samsung.android.plugin.care:id/subtext|first activity|first activity|248,1857' normalized_fingerprint='com samsung android plugin care id subtext|first activity|first activity' duplicate=false recent_duplicate=false distance=0 recent_semantic_duplicate=false semantic_distance=0 semantic_window_unique=6 noise=false
[22:11:33] [STEP] END tab='(?i).*life.*' step=19 elapsed=4.62s move_result='{'success': True, 'status': 'moved', 'detail': 'moved', 'raw': {'timestamp': 1776777089914, 'reqId': 'e9133ac2', 'success': True, 'status': 'moved', 'detail': 'moved', 'flags': []}}' visible='First activity' speech='First activity' crop='output\talkback_compare_20260421_220923\crops\i_._life._step_19_First_activity.png' timing(move=0.538s ann=3.081s get_focus=1.004s get_focus_fallback_dump=0.000s step_dump=0.000s crop=0.476s total=5.099s) focus_reason='' fallback_used=False fallback_found=False step_dump_used=False step_dump_reason='focus_payload_sufficient' req_id='2e599798'
[22:11:33] [STOP][eval] step=19 scenario='life_family_care_plugin' terminal=false same_like_count=0 no_progress=false scenario_type='content' is_global_nav=false after_realign=false recent_repeat=false bounded_two_card_loop=false semantic_same_like=false recent_duplicate=false recent_duplicate_distance=0 recent_semantic_duplicate=false recent_semantic_duplicate_distance=0 recent_semantic_unique_count=6 strict_duplicate=false semantic_duplicate=false repeat_class='none' loop_classification='none' hard_no_progress=false soft_no_progress=false no_progress_class='none' overlay_realign_grace_active=false min_step_gate_blocked=false realign_grace_suppressed=false cta_descend_applied=false promoted_from_container=false repeat_stop_hit=false decision='continue' reason='none' traversal_result='PASS_MOVED' final_result='PASS' failure_reason='' stop_explain_version='pr7_explain_v1' stop_explain_input='step:19|move:moved|smart:moved|same:0|fail:0' stop_explain_repeat='recent:false|class:none|strict:false|semantic:false|loop:none|two_card:false' stop_explain_no_progress='hit:false|class:none|hard:false|soft:false' stop_explain_gate='candidate:false|min_block:false|realign_suppress:false|realign_active:false|decision:continue'
[22:11:33] [OVERLAY] blocked no_overlay_policy scenario='life_family_care_plugin' tab='(?i).*life.*' step=19
[22:11:33] [STEP] START tab='(?i).*life.*' step=20
[22:11:39] [ROW] fingerprint='com.samsung.android.plugin.care:id/subtext|latest activity|latest activity|733,1857' normalized_fingerprint='com samsung android plugin care id subtext|latest activity|latest activity' duplicate=false recent_duplicate=false distance=0 recent_semantic_duplicate=false semantic_distance=0 semantic_window_unique=6 noise=false
[22:11:39] [STEP] END tab='(?i).*life.*' step=20 elapsed=4.58s move_result='{'success': True, 'status': 'moved', 'detail': 'moved', 'raw': {'timestamp': 1776777095009, 'reqId': '26b80e52', 'success': True, 'status': 'moved', 'detail': 'moved', 'flags': []}}' visible='Latest activity' speech='Latest activity' crop='output\talkback_compare_20260421_220923\crops\i_._life._step_20_Latest_activity.png' timing(move=0.508s ann=3.084s get_focus=0.989s get_focus_fallback_dump=0.000s step_dump=0.000s crop=0.460s total=5.041s) focus_reason='' fallback_used=False fallback_found=False step_dump_used=False step_dump_reason='focus_payload_sufficient' req_id='8fd5eb57'
[22:11:39] [STOP][eval] step=20 scenario='life_family_care_plugin' terminal=false same_like_count=0 no_progress=false scenario_type='content' is_global_nav=false after_realign=false recent_repeat=false bounded_two_card_loop=false semantic_same_like=false recent_duplicate=false recent_duplicate_distance=0 recent_semantic_duplicate=false recent_semantic_duplicate_distance=0 recent_semantic_unique_count=6 strict_duplicate=false semantic_duplicate=false repeat_class='none' loop_classification='none' hard_no_progress=false soft_no_progress=false no_progress_class='none' overlay_realign_grace_active=false min_step_gate_blocked=false realign_grace_suppressed=false cta_descend_applied=false promoted_from_container=false repeat_stop_hit=false decision='continue' reason='none' traversal_result='PASS_MOVED' final_result='PASS' failure_reason='' stop_explain_version='pr7_explain_v1' stop_explain_input='step:20|move:moved|smart:moved|same:0|fail:0' stop_explain_repeat='recent:false|class:none|strict:false|semantic:false|loop:none|two_card:false' stop_explain_no_progress='hit:false|class:none|hard:false|soft:false' stop_explain_gate='candidate:false|min_block:false|realign_suppress:false|realign_active:false|decision:continue'
[22:11:39] [OVERLAY] blocked no_overlay_policy scenario='life_family_care_plugin' tab='(?i).*life.*' step=20
[22:11:39] [STEP] START tab='(?i).*life.*' step=21
[22:11:44] [ROW] fingerprint='|5 55|5 55|165,1939' normalized_fingerprint='|5 55|5 55' duplicate=false recent_duplicate=false distance=0 recent_semantic_duplicate=false semantic_distance=0 semantic_window_unique=6 noise=false
[22:11:44] [STEP] END tab='(?i).*life.*' step=21 elapsed=4.56s move_result='{'success': True, 'status': 'moved', 'detail': 'moved', 'raw': {'timestamp': 1776777100012, 'reqId': 'e9224cdd', 'success': True, 'status': 'moved', 'detail': 'moved', 'flags': []}}' visible='5:55' speech='5:55' crop='output\talkback_compare_20260421_220923\crops\i_._life._step_21_5_55.png' timing(move=0.505s ann=3.085s get_focus=0.967s get_focus_fallback_dump=0.000s step_dump=0.000s crop=0.468s total=5.025s) focus_reason='' fallback_used=False fallback_found=False step_dump_used=False step_dump_reason='focus_payload_sufficient' req_id='0406b5a3'
[22:11:44] [STOP][eval] step=21 scenario='life_family_care_plugin' terminal=false same_like_count=0 no_progress=false scenario_type='content' is_global_nav=false after_realign=false recent_repeat=false bounded_two_card_loop=false semantic_same_like=false recent_duplicate=false recent_duplicate_distance=0 recent_semantic_duplicate=false recent_semantic_duplicate_distance=0 recent_semantic_unique_count=6 strict_duplicate=false semantic_duplicate=false repeat_class='none' loop_classification='none' hard_no_progress=false soft_no_progress=false no_progress_class='none' overlay_realign_grace_active=false min_step_gate_blocked=false realign_grace_suppressed=false cta_descend_applied=false promoted_from_container=false repeat_stop_hit=false decision='continue' reason='none' traversal_result='PASS_MOVED' final_result='PASS' failure_reason='' stop_explain_version='pr7_explain_v1' stop_explain_input='step:21|move:moved|smart:moved|same:0|fail:0' stop_explain_repeat='recent:false|class:none|strict:false|semantic:false|loop:none|two_card:false' stop_explain_no_progress='hit:false|class:none|hard:false|soft:false' stop_explain_gate='candidate:false|min_block:false|realign_suppress:false|realign_active:false|decision:continue'
[22:11:44] [RESULT] skipped anchor rows count=1
[22:11:44] [SAVE] writing sheets raw/filtered/summary/result
[22:11:44] [SAVE] filtered rows=18, raw rows=22
[22:11:44] [SAVE] saved excel: output/talkback_compare_20260421_220923.xlsx rows=22 with_images=False
[22:11:44] [OVERLAY] blocked no_overlay_policy scenario='life_family_care_plugin' tab='(?i).*life.*' step=21
[22:11:44] [STEP] START tab='(?i).*life.*' step=22
[22:11:49] [ROW] fingerprint='|10 09|10 09|655,1939' normalized_fingerprint='|10 09|10 09' duplicate=false recent_duplicate=false distance=0 recent_semantic_duplicate=false semantic_distance=0 semantic_window_unique=6 noise=false
[22:11:49] [STEP] END tab='(?i).*life.*' step=22 elapsed=4.64s move_result='{'success': True, 'status': 'moved', 'detail': 'moved', 'raw': {'timestamp': 1776777105261, 'reqId': 'db27b15f', 'success': True, 'status': 'moved', 'detail': 'moved', 'flags': []}}' visible='10:09' speech='10:09' crop='output\talkback_compare_20260421_220923\crops\i_._life._step_22_10_09.png' timing(move=0.566s ann=3.063s get_focus=1.009s get_focus_fallback_dump=0.000s step_dump=0.000s crop=0.472s total=5.111s) focus_reason='' fallback_used=False fallback_found=False step_dump_used=False step_dump_reason='focus_payload_sufficient' req_id='e1651598'
[22:11:49] [STOP][eval] step=22 scenario='life_family_care_plugin' terminal=false same_like_count=0 no_progress=false scenario_type='content' is_global_nav=false after_realign=false recent_repeat=false bounded_two_card_loop=false semantic_same_like=false recent_duplicate=false recent_duplicate_distance=0 recent_semantic_duplicate=false recent_semantic_duplicate_distance=0 recent_semantic_unique_count=6 strict_duplicate=false semantic_duplicate=false repeat_class='none' loop_classification='none' hard_no_progress=false soft_no_progress=false no_progress_class='none' overlay_realign_grace_active=false min_step_gate_blocked=false realign_grace_suppressed=false cta_descend_applied=false promoted_from_container=false repeat_stop_hit=false decision='continue' reason='none' traversal_result='PASS_MOVED' final_result='PASS' failure_reason='' stop_explain_version='pr7_explain_v1' stop_explain_input='step:22|move:moved|smart:moved|same:0|fail:0' stop_explain_repeat='recent:false|class:none|strict:false|semantic:false|loop:none|two_card:false' stop_explain_no_progress='hit:false|class:none|hard:false|soft:false' stop_explain_gate='candidate:false|min_block:false|realign_suppress:false|realign_active:false|decision:continue'
[22:11:49] [OVERLAY] blocked no_overlay_policy scenario='life_family_care_plugin' tab='(?i).*life.*' step=22
[22:11:49] [STEP] START tab='(?i).*life.*' step=23
[22:11:54] [ROW] fingerprint='|pm|pm|292,1947' normalized_fingerprint='|pm|pm' duplicate=false recent_duplicate=false distance=0 recent_semantic_duplicate=false semantic_distance=0 semantic_window_unique=6 noise=false
[22:11:54] [STEP] END tab='(?i).*life.*' step=23 elapsed=4.63s move_result='{'success': True, 'status': 'moved', 'detail': 'moved', 'raw': {'timestamp': 1776777110372, 'reqId': '2fc747a8', 'success': True, 'status': 'moved', 'detail': 'moved', 'flags': []}}' visible='pm' speech='pm' crop='output\talkback_compare_20260421_220923\crops\i_._life._step_23_pm.png' timing(move=0.524s ann=3.094s get_focus=1.011s get_focus_fallback_dump=0.000s step_dump=0.000s crop=0.456s total=5.086s) focus_reason='' fallback_used=False fallback_found=False step_dump_used=False step_dump_reason='focus_payload_sufficient' req_id='7d34dde6'
[22:11:54] [STOP][eval] step=23 scenario='life_family_care_plugin' terminal=false same_like_count=0 no_progress=false scenario_type='content' is_global_nav=false after_realign=false recent_repeat=false bounded_two_card_loop=false semantic_same_like=false recent_duplicate=false recent_duplicate_distance=0 recent_semantic_duplicate=false recent_semantic_duplicate_distance=0 recent_semantic_unique_count=6 strict_duplicate=false semantic_duplicate=false repeat_class='none' loop_classification='none' hard_no_progress=false soft_no_progress=false no_progress_class='none' overlay_realign_grace_active=false min_step_gate_blocked=false realign_grace_suppressed=false cta_descend_applied=false promoted_from_container=false repeat_stop_hit=false decision='continue' reason='none' traversal_result='PASS_MOVED' final_result='PASS' failure_reason='' stop_explain_version='pr7_explain_v1' stop_explain_input='step:23|move:moved|smart:moved|same:0|fail:0' stop_explain_repeat='recent:false|class:none|strict:false|semantic:false|loop:none|two_card:false' stop_explain_no_progress='hit:false|class:none|hard:false|soft:false' stop_explain_gate='candidate:false|min_block:false|realign_suppress:false|realign_active:false|decision:continue'
[22:11:54] [OVERLAY] blocked no_overlay_policy scenario='life_family_care_plugin' tab='(?i).*life.*' step=23
[22:11:54] [STEP] START tab='(?i).*life.*' step=24
[22:11:59] [STEP][cta_sibling_visit] step=24 scenario='life_family_care_plugin' cluster='com.samsung.android.plugin.care:id/last_activity_layout||com.samsung.android.plugin.care:id/device_info' visited='com.samsung.android.plugin.care:id/device_info'
[22:11:59] [STEP][cta_promote] step=24 scenario='life_family_care_plugin' container_rid='com.samsung.android.plugin.care:id/last_activity_layout' selected_cta_rid='com.samsung.android.plugin.care:id/device_info' selected_cta_label='View information' cta_candidates='View information' reason='actionable_child_promoted'
[22:11:59] [ROW] fingerprint='com.samsung.android.plugin.care:id/device_info|view information|view information|957,2028' normalized_fingerprint='com samsung android plugin care id device info|view information|view information' duplicate=false recent_duplicate=false distance=0 recent_semantic_duplicate=false semantic_distance=0 semantic_window_unique=6 noise=false
[22:11:59] [STEP] END tab='(?i).*life.*' step=24 elapsed=4.53s move_result='{'success': True, 'status': 'moved', 'detail': 'moved', 'raw': {'timestamp': 1776777115457, 'reqId': '26cb6e43', 'success': True, 'status': 'moved', 'detail': 'moved', 'flags': []}}' visible='View information' speech='View information' crop='output\talkback_compare_20260421_220923\crops\i_._life._step_24_Latest_activity_10_09_pm_건우의_Z_Flip6_Vie.png' timing(move=0.521s ann=3.041s get_focus=0.964s get_focus_fallback_dump=0.000s step_dump=0.000s crop=0.470s total=4.997s) focus_reason='' fallback_used=False fallback_found=False step_dump_used=False step_dump_reason='focus_payload_sufficient' req_id='ebdcfed2'
[22:11:59] [STOP][eval] step=24 scenario='life_family_care_plugin' terminal=false same_like_count=0 no_progress=false scenario_type='content' is_global_nav=false after_realign=false recent_repeat=false bounded_two_card_loop=false semantic_same_like=false recent_duplicate=false recent_duplicate_distance=0 recent_semantic_duplicate=false recent_semantic_duplicate_distance=0 recent_semantic_unique_count=6 strict_duplicate=false semantic_duplicate=false repeat_class='none' loop_classification='none' hard_no_progress=false soft_no_progress=false no_progress_class='none' overlay_realign_grace_active=false min_step_gate_blocked=false realign_grace_suppressed=false cta_descend_applied=false promoted_from_container=true repeat_stop_hit=false decision='continue' reason='none' traversal_result='PASS_MOVED' final_result='PASS' failure_reason='' stop_explain_version='pr7_explain_v1' stop_explain_input='step:24|move:moved|smart:moved|same:0|fail:0' stop_explain_repeat='recent:false|class:none|strict:false|semantic:false|loop:none|two_card:false' stop_explain_no_progress='hit:false|class:none|hard:false|soft:false' stop_explain_gate='candidate:false|min_block:false|realign_suppress:false|realign_active:false|decision:continue'
[22:11:59] [RESULT] skipped anchor rows count=1
[22:11:59] [SAVE] writing sheets raw/filtered/summary/result
[22:11:59] [SAVE] filtered rows=21, raw rows=25
[22:11:59] [SAVE] saved excel: output/talkback_compare_20260421_220923.xlsx rows=25 with_images=False
[22:11:59] [OVERLAY] blocked no_overlay_policy scenario='life_family_care_plugin' tab='(?i).*life.*' step=24
[22:11:59] [STEP] START tab='(?i).*life.*' step=25
[22:12:04] [ROW] fingerprint='|pm|pm|804,1947' normalized_fingerprint='|pm|pm' duplicate=false recent_duplicate=false distance=0 recent_semantic_duplicate=true semantic_distance=2 semantic_window_unique=5 noise=false
[22:12:04] [STEP] END tab='(?i).*life.*' step=25 elapsed=4.54s move_result='{'success': True, 'status': 'moved', 'detail': 'moved', 'raw': {'timestamp': 1776777120619, 'reqId': 'b7fca222', 'success': True, 'status': 'moved', 'detail': 'moved', 'flags': []}}' visible='pm' speech='pm' crop='output\talkback_compare_20260421_220923\crops\i_._life._step_25_pm.png' timing(move=0.504s ann=3.033s get_focus=1.001s get_focus_fallback_dump=0.000s step_dump=0.000s crop=0.476s total=5.014s) focus_reason='' fallback_used=False fallback_found=False step_dump_used=False step_dump_reason='focus_payload_sufficient' req_id='038ae46b'
[22:12:04] [STOP][eval] step=25 scenario='life_family_care_plugin' terminal=false same_like_count=0 no_progress=false scenario_type='content' is_global_nav=false after_realign=false recent_repeat=false bounded_two_card_loop=false semantic_same_like=false recent_duplicate=false recent_duplicate_distance=0 recent_semantic_duplicate=true recent_semantic_duplicate_distance=2 recent_semantic_unique_count=5 strict_duplicate=false semantic_duplicate=false repeat_class='none' loop_classification='none' hard_no_progress=false soft_no_progress=false no_progress_class='none' overlay_realign_grace_active=false min_step_gate_blocked=false realign_grace_suppressed=false cta_descend_applied=false promoted_from_container=false repeat_stop_hit=false decision='continue' reason='none' traversal_result='PASS_MOVED' final_result='PASS' failure_reason='' stop_explain_version='pr7_explain_v1' stop_explain_input='step:25|move:moved|smart:moved|same:0|fail:0' stop_explain_repeat='recent:false|class:none|strict:false|semantic:false|loop:none|two_card:false' stop_explain_no_progress='hit:false|class:none|hard:false|soft:false' stop_explain_gate='candidate:false|min_block:false|realign_suppress:false|realign_active:false|decision:continue'
[22:12:04] [OVERLAY] blocked no_overlay_policy scenario='life_family_care_plugin' tab='(?i).*life.*' step=25
[22:12:04] [STEP] START tab='(?i).*life.*' step=26
[22:12:09] [ROW] fingerprint='com.samsung.android.plugin.care:id/device_name|건우의 z flip6|건우의 z flip6|279,2027' normalized_fingerprint='com samsung android plugin care id device name|건우의 z flip6|건우의 z flip6' duplicate=false recent_duplicate=false distance=0 recent_semantic_duplicate=false semantic_distance=0 semantic_window_unique=5 noise=false
[22:12:09] [STEP] END tab='(?i).*life.*' step=26 elapsed=4.52s move_result='{'success': True, 'status': 'moved', 'detail': 'moved', 'raw': {'timestamp': 1776777125631, 'reqId': '03171210', 'success': True, 'status': 'moved', 'detail': 'moved', 'flags': []}}' visible='건우의 Z Flip6' speech='건우의 Z Flip6' crop='output\talkback_compare_20260421_220923\crops\i_._life._step_26_건우의_Z_Flip6.png' timing(move=0.505s ann=3.059s get_focus=0.958s get_focus_fallback_dump=0.000s step_dump=0.000s crop=0.462s total=4.985s) focus_reason='' fallback_used=False fallback_found=False step_dump_used=False step_dump_reason='focus_payload_sufficient' req_id='4c7dba33'
[22:12:09] [STOP][eval] step=26 scenario='life_family_care_plugin' terminal=false same_like_count=0 no_progress=false scenario_type='content' is_global_nav=false after_realign=false recent_repeat=false bounded_two_card_loop=false semantic_same_like=false recent_duplicate=false recent_duplicate_distance=0 recent_semantic_duplicate=false recent_semantic_duplicate_distance=0 recent_semantic_unique_count=5 strict_duplicate=false semantic_duplicate=false repeat_class='none' loop_classification='none' hard_no_progress=false soft_no_progress=false no_progress_class='none' overlay_realign_grace_active=false min_step_gate_blocked=false realign_grace_suppressed=false cta_descend_applied=false promoted_from_container=false repeat_stop_hit=false decision='continue' reason='none' traversal_result='PASS_MOVED' final_result='PASS' failure_reason='' stop_explain_version='pr7_explain_v1' stop_explain_input='step:26|move:moved|smart:moved|same:0|fail:0' stop_explain_repeat='recent:false|class:none|strict:false|semantic:false|loop:none|two_card:false' stop_explain_no_progress='hit:false|class:none|hard:false|soft:false' stop_explain_gate='candidate:false|min_block:false|realign_suppress:false|realign_active:false|decision:continue'
[22:12:09] [OVERLAY] blocked no_overlay_policy scenario='life_family_care_plugin' tab='(?i).*life.*' step=26
[22:12:09] [STEP] START tab='(?i).*life.*' step=27
[22:12:15] [ROW] fingerprint='com.samsung.android.plugin.care:id/device_name|건우의 z flip6|건우의 z flip6|747,2027' normalized_fingerprint='com samsung android plugin care id device name|건우의 z flip6|건우의 z flip6' duplicate=false recent_duplicate=false distance=0 recent_semantic_duplicate=true semantic_distance=1 semantic_window_unique=4 noise=false
[22:12:15] [STEP] END tab='(?i).*life.*' step=27 elapsed=5.42s move_result='{'success': True, 'status': 'moved', 'detail': 'moved', 'raw': {'timestamp': 1776777130613, 'reqId': '0ca3b392', 'success': True, 'status': 'moved', 'detail': 'moved', 'flags': []}}' visible='건우의 Z Flip6' speech='건우의 Z Flip6' crop='output\talkback_compare_20260421_220923\crops\i_._life._step_27_건우의_Z_Flip6.png' timing(move=0.500s ann=3.887s get_focus=1.029s get_focus_fallback_dump=0.000s step_dump=0.000s crop=0.521s total=5.938s) focus_reason='' fallback_used=False fallback_found=False step_dump_used=False step_dump_reason='focus_payload_sufficient' req_id='cfa882a2'
[22:12:15] [MISMATCH] step=27 tab='(?i).*life.*' reason='speech_bounds_diverged' speech='건우의 Z Flip6' visible='건우의 Z Flip6' focus_bounds='576,2002,918,2053' source='top_level'
[22:12:15] [STOP][eval] step=27 scenario='life_family_care_plugin' terminal=false same_like_count=1 no_progress=false scenario_type='content' is_global_nav=false after_realign=false recent_repeat=false bounded_two_card_loop=false semantic_same_like=true recent_duplicate=false recent_duplicate_distance=0 recent_semantic_duplicate=true recent_semantic_duplicate_distance=1 recent_semantic_unique_count=4 strict_duplicate=false semantic_duplicate=true repeat_class='semantic_duplicate' loop_classification='benign_repeat' hard_no_progress=false soft_no_progress=false no_progress_class='none' overlay_realign_grace_active=false min_step_gate_blocked=false realign_grace_suppressed=false cta_descend_applied=false promoted_from_container=false repeat_stop_hit=false decision='continue' reason='none' traversal_result='PASS_MOVED' final_result='PASS' failure_reason='' stop_explain_version='pr7_explain_v1' stop_explain_input='step:27|move:moved|smart:moved|same:1|fail:0' stop_explain_repeat='recent:false|class:semantic_duplicate|strict:false|semantic:true|loop:benign_repeat|two_card:false' stop_explain_no_progress='hit:false|class:none|hard:false|soft:false' stop_explain_gate='candidate:false|min_block:false|realign_suppress:false|realign_active:false|decision:continue'
[22:12:15] [RESULT] skipped anchor rows count=1
[22:12:15] [SAVE] writing sheets raw/filtered/summary/result
[22:12:15] [SAVE] filtered rows=24, raw rows=28
[22:12:15] [SAVE] saved excel: output/talkback_compare_20260421_220923.xlsx rows=28 with_images=False
[22:12:15] [OVERLAY] blocked no_overlay_policy scenario='life_family_care_plugin' tab='(?i).*life.*' step=27
[22:12:15] [STEP] START tab='(?i).*life.*' step=28
[22:12:21] [FATAL] script interrupted: '<' not supported between instances of 'dict' and 'dict'
[22:12:21] [RESULT] skipped anchor rows count=1
[22:12:21] [SAVE] writing sheets raw/filtered/summary/result
[22:12:21] [SAVE] filtered rows=24, raw rows=28
[22:12:22] [SAVE] saved excel: output/talkback_compare_20260421_220923.xlsx rows=28 with_images=False
[22:12:22] [RESULT] skipped anchor rows count=1
[22:12:22] [SAVE] writing sheets raw/filtered/summary/result
[22:12:22] [SAVE] filtered rows=24, raw rows=28
[22:12:22] [SAVE] saved excel: output/talkback_compare_20260421_220923.xlsx rows=28 with_images=True
[22:12:22] [MAIN] final save complete
[22:12:22] [PERF][run_summary] total_runtime=177.7 total_scenarios=1 total_steps=28 total_overlay_count=0 avg_get_focus=1.007 avg_move=0.512 fallback_dump_count=0 success_false_top_level_dump_attempt_count=0 success_false_top_level_dump_found_count=0 fallback_dump_rate=0.0 get_focus_strong_skip_rate=100.0 realign_success_rate=0.0 save_excel_count=12
