[09:56:42] [SAVE][temp] override tmp='D:\Python test\talkback-a11y-helper\output\.tmp' temp='D:\Python test\talkback-a11y-helper\output\.tmp' applied=true
[09:56:42] [MAIN] script start (version=1.7.81, log_level=NORMAL)
[09:56:43] [PREFLIGHT] talkback status='enabled'
[09:56:43] [MAIN] output file: output/talkback_compare_20260412_095642.xlsx
[09:56:43] [MAIN] image dir base: output\talkback_compare_20260412_095642
[09:56:43] [CONFIG] runtime config loaded path='config\runtime_config.json'
[09:56:43] [GLOBAL_NAV][guard] forcing stabilization_mode='tab_context' scenario='global_nav_main' requested='anchor_then_context'
[09:56:43] [CONFIG] scenario resolved scenario='global_nav_main' group='main_tabs' max_steps=10 enabled=True
[09:56:43] [CONFIG] applied shared_navigation='default_global_nav'
[09:56:43] [CONFIG] scenario enabled scenario='global_nav_main' source='runtime' enabled=True base_enabled=False
[09:56:43] [CONFIG] scenario resolved scenario='home_main' group='main_tabs' max_steps=5 enabled=True
[09:56:43] [CONFIG] applied shared_navigation='bottom_tab_global_nav'
[09:56:43] [CONFIG] scenario enabled scenario='home_main' source='runtime' enabled=True base_enabled=False
[09:56:43] [CONFIG] scenario resolved scenario='life_food_plugin' group='plugin_screen' max_steps=5 enabled=True
[09:56:43] [CONFIG] applied pre_navigation_ref='enter_food_plugin'
[09:56:43] [CONFIG] scenario enabled scenario='life_food_plugin' source='runtime' enabled=True base_enabled=False
[09:56:43] [CONFIG] scenario resolved scenario='life_air_care_plugin' group='-' max_steps=40 enabled=False
[09:56:43] [CONFIG] scenario enabled scenario='life_air_care_plugin' source='runtime' enabled=False base_enabled=False
[09:56:43] [CONFIG] scenario resolved scenario='life_home_care_plugin' group='-' max_steps=40 enabled=False
[09:56:43] [CONFIG] scenario enabled scenario='life_home_care_plugin' source='runtime' enabled=False base_enabled=False
[09:56:43] [CONFIG] scenario resolved scenario='life_energy_plugin' group='-' max_steps=40 enabled=False
[09:56:43] [CONFIG] scenario enabled scenario='life_energy_plugin' source='runtime' enabled=False base_enabled=False
[09:56:43] [CONFIG] scenario resolved scenario='devices_main' group='main_tabs' max_steps=10 enabled=False
[09:56:43] [CONFIG] applied shared_navigation='bottom_tab_global_nav'
[09:56:43] [CONFIG] applied anchor_ref='home_tab_anchor'
[09:56:43] [CONFIG] scenario enabled scenario='devices_main' source='runtime' enabled=False base_enabled=False
[09:56:43] [CONFIG] scenario resolved scenario='life_main' group='main_tabs' max_steps=30 enabled=False
[09:56:43] [CONFIG] applied shared_navigation='bottom_tab_global_nav'
[09:56:43] [CONFIG] scenario enabled scenario='life_main' source='runtime' enabled=False base_enabled=False
[09:56:43] [CONFIG] scenario resolved scenario='routines_main' group='main_tabs' max_steps=30 enabled=False
[09:56:43] [CONFIG] applied shared_navigation='bottom_tab_global_nav'
[09:56:43] [CONFIG] scenario enabled scenario='routines_main' source='runtime' enabled=False base_enabled=False
[09:56:43] [CONFIG] scenario resolved scenario='menu_main' group='main_tabs' max_steps=30 enabled=False
[09:56:43] [CONFIG] applied shared_navigation='bottom_tab_global_nav'
[09:56:43] [CONFIG] scenario enabled scenario='menu_main' source='runtime' enabled=False base_enabled=False
[09:56:43] [CONFIG] scenario resolved scenario='settings_entry_example' group='plugin_screen' max_steps=40 enabled=False
[09:56:43] [CONFIG] applied anchor_ref='settings_button_anchor'
[09:56:43] [CONFIG] applied pre_navigation_ref='enter_settings'
[09:56:43] [CONFIG] scenario enabled scenario='settings_entry_example' source='runtime' enabled=False base_enabled=False
[09:56:43] [CONFIG] scenario resolved scenario='life_pet_care_plugin' group='-' max_steps=40 enabled=False
[09:56:43] [CONFIG] scenario enabled scenario='life_pet_care_plugin' source='runtime' enabled=False base_enabled=False
[09:56:43] [SCENARIO][stabilization] scenario='global_nav_main' screen_context_mode='bottom_tab' stabilization_mode='tab_context'
[09:56:43] [TAB][select] fallback_to_legacy=True scenario='global_nav_main'
[09:56:54] [TAB][select] scenario='global_nav_main' selected=True matched_fields=['resource_id', 'text'] score=140
[09:56:54] [TAB][verify] selected_bottom_tab ok=True actual='Selected, Home, Tab 1 of 5, Selected, Home, Tab 1 of 5'
[09:56:54] [TRACE][open_scenario] scenario='global_nav_main' stabilization_mode='tab_context' focus_align_attempted=True focus_align_ok=True focus_align_reason='' context_ok=False anchor_matched=False anchor_stable=False
[09:57:06] [CONTEXT] scenario='global_nav_main' type='selected_bottom_tab' expected='announcement=(?i).*(selected|선택됨).*(home|devices|life|routines|menu).*' actual='Selected, Home, Tab 1 of 5, Selected, Home, Tab 1 of 5' ok=True
[09:57:06] [ANCHOR][scenario_start] anchor mismatch scenario='global_nav_main'
[09:57:06] [CONTEXT] verification passed scenario='global_nav_main'
[09:57:06] [ANCHOR][scenario_start] success scenario='global_nav_main' selected={'success': True, 'status': 'moved', 'detail': 'ACTION_ACCESSIBILITY_FOCUS success', 'raw': {'timestamp': 1775955420331, 'reqId': '4fcb9242', 'success': True, 'reason': 'ACTION_ACCESSIBILITY_FOCUS success', 'action': 'FOCUS', 'targetName': '(?i).*(home|devices|life|routines|menu).*', 'targetType': 'a', 'targetIndex': 0, 'attemptedResourceId': 'com.samsung.android.oneconnect:id/home_button', 'attemptedClassName': 'android.widget.ImageButton', 'target': {'timestamp': 1775955420331, 'schemaVersion': '1.2.0', 'snapshotBuilderVersion': '1.2.0', 'packageName': 'com.samsung.android.oneconnect', 'className': 'android.widget.ImageButton', 'viewIdResourceName': 'com.samsung.android.oneconnect:id/home_button', 'text': None, 'contentDescription': '우리 집 QR code', 'mergedLabel': '우리 집 QR code', 'talkbackLabel': '우리 집 QR code', 'clickable': True, 'focusable': True, 'focused': False, 'accessibilityFocused': False, 'visibleToUser': True, 'isVisibleToUser': True, 'selected': False, 'checkable': False, 'checked': False, 'enabled': True, 'boundsInScreen': {'l': 36, 't': 142, 'r': 180, 'b': 286, 'left': 36, 'top': 142, 'right': 180, 'bottom': 286}, 'children': []}}} matched=False stable=True context_ok=True reason='context_verified'
[09:57:06] [TRACE][open_scenario] scenario='global_nav_main' stabilization_mode='tab_context' focus_align_attempted=True focus_align_ok=True focus_align_reason='' context_ok=False anchor_matched=False anchor_stable=True
[09:57:11] [SCENARIO][entry_contract] success scenario='global_nav_main' entry_type='card' reason='success_verified' detail='plugin_open_verified'
[09:57:13] [TRACE][post_open_focus] scenario='global_nav_main' view_id='com.samsung.android.oneconnect:id/home_button' label='우리 집 QR code' speech='우리 집 QR code' bounds='{'l': 36, 't': 142, 'r': 180, 'b': 286, 'left': 36, 'top': 142, 'right': 180, 'bottom': 286}' source='top_level' top_level=True
[09:57:13] [GLOBAL_NAV][start_gate] scenario='global_nav_main' focused_view_id='com.samsung.android.oneconnect:id/home_button' is_bottom_tab=false
[09:57:13] [GLOBAL_NAV][start_gate] retry_align scenario='global_nav_main' reason='focused_node_not_bottom_tab' focused_view_id='com.samsung.android.oneconnect:id/home_button'
[09:57:15] [GLOBAL_NAV][start_gate] scenario='global_nav_main' focused_view_id='com.samsung.android.oneconnect:id/menu_favorites' is_bottom_tab=true
[09:57:15] [GLOBAL_NAV][start_gate] passed scenario='global_nav_main'
[09:57:20] [TRACE][anchor_row] scenario='global_nav_main' step=0 view_id='com.samsung.android.oneconnect:id/menu_favorites' visible='Selected, Home, Tab 1 of 5' speech='Selected, Home, Tab 1 of 5' normalized_visible='home tab 1 of 5' is_global_nav=False
[09:57:21] [ROW] fingerprint='com.samsung.android.oneconnect:id/menu_favorites|home tab 1 of 5|home tab 1 of 5|120,2406' normalized_fingerprint='com samsung android oneconnect id menu favorites|home tab 1 of 5|home tab 1 of 5' duplicate=false recent_duplicate=false distance=0 recent_semantic_duplicate=false semantic_distance=0 semantic_window_unique=1 noise=false
[09:57:21] [RESULT] skipped anchor rows count=1
[09:57:21] [SAVE] writing sheets raw/filtered/summary/result
[09:57:21] [SAVE] filtered rows=1, raw rows=1
[09:57:21] [SAVE] saved excel: output/talkback_compare_20260412_095642.xlsx rows=1 with_images=False
[09:57:21] [STEP] START tab='(?i).*(home|devices|life|routines|menu).*' step=1
[09:57:28] [ROW] fingerprint='com.samsung.android.oneconnect:id/menu_devices|devices tab 2 of 5 new content available|devices|330,2406' normalized_fingerprint='com samsung android oneconnect id menu devices|devices tab 2 of 5 new content available|devices' duplicate=false recent_duplicate=false distance=0 recent_semantic_duplicate=false semantic_distance=0 semantic_window_unique=2 noise=false
[09:57:28] [STEP] END tab='(?i).*(home|devices|life|routines|menu).*' step=1 elapsed=5.12s move_result='{'success': True, 'status': 'moved', 'detail': 'moved', 'raw': {'timestamp': 1775955442703, 'reqId': '58eb849b', 'success': True, 'status': 'moved', 'detail': 'moved', 'flags': []}}' visible='Devices, Tab 2 of 5, New content available' speech='Devices' crop='output\talkback_compare_20260412_095642\crops\i_.__home_devices_life_routines_menu_._step_1_Devices__Tab_2_of_5__New_content_availab.png' timing(move=1.143s ann=2.766s get_focus=1.209s get_focus_fallback_dump=0.000s step_dump=0.000s crop=1.300s total=6.419s) focus_reason='' fallback_used=False fallback_found=False step_dump_used=False step_dump_reason='focus_payload_sufficient' req_id='c0f1d568'
[09:57:28] [STOP][eval] step=1 scenario='global_nav_main' terminal=false same_like_count=0 no_progress=false scenario_type='global_nav' is_global_nav=true after_realign=false recent_repeat=false bounded_two_card_loop=false semantic_same_like=false recent_duplicate=false recent_duplicate_distance=0 recent_semantic_duplicate=false recent_semantic_duplicate_distance=0 recent_semantic_unique_count=2 strict_duplicate=false semantic_duplicate=false repeat_class='none' loop_classification='none' hard_no_progress=false soft_no_progress=false no_progress_class='none' overlay_realign_grace_active=false min_step_gate_blocked=false realign_grace_suppressed=false repeat_stop_hit=false decision='continue' reason='none' stop_explain_version='pr7_explain_v1' stop_explain_input='step:1|move:{'success': true, 'status': 'moved', 'detail': 'moved', 'raw': {'timestamp': 1775955442703, 'reqid': '58eb849b', 'success': true, 'status': 'moved', 'detail': 'moved', 'flags': []}}|smart:moved|same:0|fail:0' stop_explain_repeat='recent:false|class:none|strict:false|semantic:false|loop:none|two_card:false' stop_explain_no_progress='hit:false|class:none|hard:false|soft:false' stop_explain_gate='candidate:false|min_block:false|realign_suppress:false|realign_active:false|decision:continue'
[09:57:28] [OVERLAY] blocked by scenario policy scenario='global_nav_main' tab='(?i).*(home|devices|life|routines|menu).*' step=1 view_id='com.samsung.android.oneconnect:id/menu_devices' label='Devices, Tab 2 of 5, New content available'
[09:57:28] [STEP] START tab='(?i).*(home|devices|life|routines|menu).*' step=2
[09:57:34] [ROW] fingerprint='com.samsung.android.oneconnect:id/menu_services|life tab 3 of 5|life|540,2406' normalized_fingerprint='com samsung android oneconnect id menu services|life tab 3 of 5|life' duplicate=false recent_duplicate=false distance=0 recent_semantic_duplicate=false semantic_distance=0 semantic_window_unique=3 noise=false
[09:57:34] [STEP] END tab='(?i).*(home|devices|life|routines|menu).*' step=2 elapsed=4.68s move_result='{'success': True, 'status': 'moved', 'detail': 'moved', 'raw': {'timestamp': 1775955448521, 'reqId': '8977931e', 'success': True, 'status': 'moved', 'detail': 'moved', 'flags': []}}' visible='Life, Tab 3 of 5' speech='Life' crop='output\talkback_compare_20260412_095642\crops\i_.__home_devices_life_routines_menu_._step_2_Life__Tab_3_of_5.png' timing(move=0.522s ann=3.065s get_focus=1.094s get_focus_fallback_dump=0.000s step_dump=0.000s crop=1.301s total=5.983s) focus_reason='' fallback_used=False fallback_found=False step_dump_used=False step_dump_reason='focus_payload_sufficient' req_id='5ef6a312'
[09:57:34] [STOP][eval] step=2 scenario='global_nav_main' terminal=false same_like_count=0 no_progress=false scenario_type='global_nav' is_global_nav=true after_realign=false recent_repeat=false bounded_two_card_loop=false semantic_same_like=false recent_duplicate=false recent_duplicate_distance=0 recent_semantic_duplicate=false recent_semantic_duplicate_distance=0 recent_semantic_unique_count=3 strict_duplicate=false semantic_duplicate=false repeat_class='none' loop_classification='none' hard_no_progress=false soft_no_progress=false no_progress_class='none' overlay_realign_grace_active=false min_step_gate_blocked=false realign_grace_suppressed=false repeat_stop_hit=false decision='continue' reason='none' stop_explain_version='pr7_explain_v1' stop_explain_input='step:2|move:{'success': true, 'status': 'moved', 'detail': 'moved', 'raw': {'timestamp': 1775955448521, 'reqid': '8977931e', 'success': true, 'status': 'moved', 'detail': 'moved', 'flags': []}}|smart:moved|same:0|fail:0' stop_explain_repeat='recent:false|class:none|strict:false|semantic:false|loop:none|two_card:false' stop_explain_no_progress='hit:false|class:none|hard:false|soft:false' stop_explain_gate='candidate:false|min_block:false|realign_suppress:false|realign_active:false|decision:continue'
[09:57:34] [OVERLAY] blocked by scenario policy scenario='global_nav_main' tab='(?i).*(home|devices|life|routines|menu).*' step=2 view_id='com.samsung.android.oneconnect:id/menu_services' label='Life, Tab 3 of 5'
[09:57:34] [STEP] START tab='(?i).*(home|devices|life|routines|menu).*' step=3
[09:57:40] [ROW] fingerprint='com.samsung.android.oneconnect:id/menu_automations|routines tab 4 of 5|routines|750,2406' normalized_fingerprint='com samsung android oneconnect id menu automations|routines tab 4 of 5|routines' duplicate=false recent_duplicate=false distance=0 recent_semantic_duplicate=false semantic_distance=0 semantic_window_unique=4 noise=false
[09:57:40] [STEP] END tab='(?i).*(home|devices|life|routines|menu).*' step=3 elapsed=4.39s move_result='{'success': True, 'status': 'moved', 'detail': 'moved', 'raw': {'timestamp': 1775955454593, 'reqId': '197b1ca7', 'success': True, 'status': 'moved', 'detail': 'moved', 'flags': []}}' visible='Routines, Tab 4 of 5' speech='Routines' crop='output\talkback_compare_20260412_095642\crops\i_.__home_devices_life_routines_menu_._step_3_Routines__Tab_4_of_5.png' timing(move=0.587s ann=2.749s get_focus=1.056s get_focus_fallback_dump=0.000s step_dump=0.000s crop=1.256s total=5.650s) focus_reason='' fallback_used=False fallback_found=False step_dump_used=False step_dump_reason='focus_payload_sufficient' req_id='4d6e7ba0'
[09:57:40] [STOP][eval] step=3 scenario='global_nav_main' terminal=false same_like_count=0 no_progress=false scenario_type='global_nav' is_global_nav=true after_realign=false recent_repeat=false bounded_two_card_loop=false semantic_same_like=false recent_duplicate=false recent_duplicate_distance=0 recent_semantic_duplicate=false recent_semantic_duplicate_distance=0 recent_semantic_unique_count=4 strict_duplicate=false semantic_duplicate=false repeat_class='none' loop_classification='none' hard_no_progress=false soft_no_progress=false no_progress_class='none' overlay_realign_grace_active=false min_step_gate_blocked=false realign_grace_suppressed=false repeat_stop_hit=false decision='continue' reason='none' stop_explain_version='pr7_explain_v1' stop_explain_input='step:3|move:{'success': true, 'status': 'moved', 'detail': 'moved', 'raw': {'timestamp': 1775955454593, 'reqid': '197b1ca7', 'success': true, 'status': 'moved', 'detail': 'moved', 'flags': []}}|smart:moved|same:0|fail:0' stop_explain_repeat='recent:false|class:none|strict:false|semantic:false|loop:none|two_card:false' stop_explain_no_progress='hit:false|class:none|hard:false|soft:false' stop_explain_gate='candidate:false|min_block:false|realign_suppress:false|realign_active:false|decision:continue'
[09:57:40] [RESULT] skipped anchor rows count=1
[09:57:40] [SAVE] writing sheets raw/filtered/summary/result
[09:57:40] [SAVE] filtered rows=4, raw rows=4
[09:57:40] [SAVE] saved excel: output/talkback_compare_20260412_095642.xlsx rows=4 with_images=False
[09:57:40] [OVERLAY] blocked by scenario policy scenario='global_nav_main' tab='(?i).*(home|devices|life|routines|menu).*' step=3 view_id='com.samsung.android.oneconnect:id/menu_automations' label='Routines, Tab 4 of 5'
[09:57:40] [STEP] START tab='(?i).*(home|devices|life|routines|menu).*' step=4
[09:57:45] [ROW] fingerprint='com.samsung.android.oneconnect:id/menu_more|menu tab 5 of 5 new content available|menu|960,2406' normalized_fingerprint='com samsung android oneconnect id menu more|menu tab 5 of 5 new content available|menu' duplicate=false recent_duplicate=false distance=0 recent_semantic_duplicate=false semantic_distance=0 semantic_window_unique=5 noise=false
[09:57:45] [STEP] END tab='(?i).*(home|devices|life|routines|menu).*' step=4 elapsed=4.68s move_result='{'success': True, 'status': 'moved', 'detail': 'moved', 'raw': {'timestamp': 1775955460352, 'reqId': 'cc055bb5', 'success': True, 'status': 'moved', 'detail': 'moved', 'flags': []}}' visible='Menu, Tab 5 of 5, New content available' speech='Menu' crop='output\talkback_compare_20260412_095642\crops\i_.__home_devices_life_routines_menu_._step_4_Menu__Tab_5_of_5__New_content_available.png' timing(move=0.584s ann=2.888s get_focus=1.204s get_focus_fallback_dump=0.000s step_dump=0.000s crop=1.210s total=5.888s) focus_reason='' fallback_used=False fallback_found=False step_dump_used=False step_dump_reason='focus_payload_sufficient' req_id='768b0cd7'
[09:57:45] [STOP][eval] step=4 scenario='global_nav_main' terminal=false same_like_count=0 no_progress=false scenario_type='global_nav' is_global_nav=true after_realign=false recent_repeat=false bounded_two_card_loop=false semantic_same_like=false recent_duplicate=false recent_duplicate_distance=0 recent_semantic_duplicate=false recent_semantic_duplicate_distance=0 recent_semantic_unique_count=5 strict_duplicate=false semantic_duplicate=false repeat_class='none' loop_classification='none' hard_no_progress=false soft_no_progress=false no_progress_class='none' overlay_realign_grace_active=false min_step_gate_blocked=false realign_grace_suppressed=false repeat_stop_hit=false decision='continue' reason='none' stop_explain_version='pr7_explain_v1' stop_explain_input='step:4|move:{'success': true, 'status': 'moved', 'detail': 'moved', 'raw': {'timestamp': 1775955460352, 'reqid': 'cc055bb5', 'success': true, 'status': 'moved', 'detail': 'moved', 'flags': []}}|smart:moved|same:0|fail:0' stop_explain_repeat='recent:false|class:none|strict:false|semantic:false|loop:none|two_card:false' stop_explain_no_progress='hit:false|class:none|hard:false|soft:false' stop_explain_gate='candidate:false|min_block:false|realign_suppress:false|realign_active:false|decision:continue'
[09:57:45] [OVERLAY] blocked by scenario policy scenario='global_nav_main' tab='(?i).*(home|devices|life|routines|menu).*' step=4 view_id='com.samsung.android.oneconnect:id/menu_more' label='Menu, Tab 5 of 5, New content available'
[09:57:45] [STEP] START tab='(?i).*(home|devices|life|routines|menu).*' step=5
[09:57:52] [ROW] fingerprint='com.samsung.android.oneconnect:id/menu_more|menu tab 5 of 5 new content available|menu tab 5 of 5 new content available|960,2406' normalized_fingerprint='com samsung android oneconnect id menu more|menu tab 5 of 5 new content available|menu tab 5 of 5 new content available' duplicate=false recent_duplicate=false distance=0 recent_semantic_duplicate=false semantic_distance=0 semantic_window_unique=6 noise=false
[09:57:52] [STEP] END tab='(?i).*(home|devices|life|routines|menu).*' step=5 elapsed=5.38s move_result='' visible='Menu, Tab 5 of 5, New content available' speech='Menu, Tab 5 of 5, New content available' crop='output\talkback_compare_20260412_095642\crops\i_.__home_devices_life_routines_menu_._step_5_Menu__Tab_5_of_5__New_content_available.png' timing(move=0.441s ann=3.810s get_focus=1.124s get_focus_fallback_dump=0.000s step_dump=0.000s crop=1.274s total=6.650s) focus_reason='' fallback_used=False fallback_found=False step_dump_used=False step_dump_reason='focus_payload_sufficient' req_id='1a993cdd'
[09:57:52] [STOP][eval] step=5 scenario='global_nav_main' terminal=true same_like_count=1 no_progress=false scenario_type='global_nav' is_global_nav=true after_realign=false recent_repeat=false bounded_two_card_loop=false semantic_same_like=false recent_duplicate=false recent_duplicate_distance=0 recent_semantic_duplicate=false recent_semantic_duplicate_distance=0 recent_semantic_unique_count=6 strict_duplicate=true semantic_duplicate=false repeat_class='strict_duplicate' loop_classification='harmful_loop' hard_no_progress=false soft_no_progress=false no_progress_class='none' overlay_realign_grace_active=false min_step_gate_blocked=false realign_grace_suppressed=false repeat_stop_hit=false decision='stop' reason='smart_nav_terminal' stop_explain_version='pr7_explain_v1' stop_explain_input='step:5|move:none|smart:failed|same:1|fail:0' stop_explain_repeat='recent:false|class:strict_duplicate|strict:true|semantic:false|loop:harmful_loop|two_card:false' stop_explain_no_progress='hit:false|class:none|hard:false|soft:false' stop_explain_gate='candidate:false|min_block:false|realign_suppress:false|realign_active:false|decision:stop'
[09:57:52] [RESULT] skipped anchor rows count=1
[09:57:52] [SAVE] writing sheets raw/filtered/summary/result
[09:57:52] [SAVE] filtered rows=6, raw rows=6
[09:57:52] [SAVE] saved excel: output/talkback_compare_20260412_095642.xlsx rows=6 with_images=False
[09:57:52] [OVERLAY] blocked by scenario policy scenario='global_nav_main' tab='(?i).*(home|devices|life|routines|menu).*' step=5 view_id='com.samsung.android.oneconnect:id/menu_more' label='Menu, Tab 5 of 5, New content available'
[09:57:52] [STOP][triggered] step=5 scenario='global_nav_main' decision='stop' reason='smart_nav_terminal'
[09:57:52] [STOP][summary] scenario='global_nav_main' stop_triggered=true stop_step=5 reason='smart_nav_terminal'
[09:57:52] [PERF][scenario_summary] scenario=global_nav_main tab=(?i).*(home|devices|life|routines|menu).* total_runtime=69.0 total_steps=6 main_step_count=6 overlay_step_count=0 overlay_count=0 avg_get_focus=1.125 avg_move=0.546 avg_crop=1.28 avg_step_total=5.935 step_total_sample_count=6 avg_get_focus_main=1.125 avg_get_focus_overlay=0.0 fallback_dump_count=0 success_false_top_level_dump_attempt_count=0 success_false_top_level_dump_found_count=0 fallback_dump_rate=0.0 get_focus_strong_skip_count=6 get_focus_strong_skip_rate=100.0 step_dump_used_count=0 save_excel_count=3 realign_attempt_count=0 realign_success_count=0 realign_success_rate=0.0
[09:57:52] [RECOVER] start
[09:57:53] [RECOVER] success
[09:57:53] [SCENARIO][stabilization] scenario='home_main' screen_context_mode='bottom_tab' stabilization_mode='anchor_then_context'
[09:58:00] [TAB][select] scenario='home_main' selected=True matched_fields=['resource_id', 'text', 'announcement'] score=170
[09:58:00] [TAB][verify] selected_bottom_tab ok=True actual='Selected, Home, Tab 1 of 5, Selected, Home, Tab 1 of 5'
[09:58:00] [TRACE][open_scenario] scenario='home_main' stabilization_mode='anchor_then_context' focus_align_attempted=True focus_align_ok=True focus_align_reason='' context_ok=False anchor_matched=False anchor_stable=False
[09:58:10] [CONTEXT] scenario='home_main' type='selected_bottom_tab' expected='announcement=(?i).*(selected|선택됨).*home.*' actual='Selected, Home, Tab 1 of 5, Selected, Home, Tab 1 of 5' ok=True
[09:58:10] [CONTEXT] verification passed scenario='home_main'
[09:58:10] [ANCHOR][scenario_start] success scenario='home_main' selected=True matched=True stable=True context_ok=True reason='selected_and_verified'
[09:58:10] [TRACE][open_scenario] scenario='home_main' stabilization_mode='anchor_then_context' focus_align_attempted=True focus_align_ok=True focus_align_reason='' context_ok=False anchor_matched=False anchor_stable=True
[09:58:15] [SCENARIO][entry_contract] success scenario='home_main' entry_type='card' reason='success_verified' detail='plugin_open_verified'
[09:58:16] [TRACE][post_open_focus] scenario='home_main' view_id='com.samsung.android.oneconnect:id/home_button' label='우리 집 QR code' speech='우리 집 QR code' bounds='{'l': 36, 't': 142, 'r': 180, 'b': 286, 'left': 36, 'top': 142, 'right': 180, 'bottom': 286}' source='top_level' top_level=True
[09:58:21] [TRACE][anchor_row] scenario='home_main' step=0 view_id='com.samsung.android.oneconnect:id/home_button' visible='우리 집 QR code' speech='우리 집 QR code' normalized_visible='우리 집 qr code' is_global_nav=False
[09:58:22] [ROW] fingerprint='com.samsung.android.oneconnect:id/home_button|우리 집 qr code|우리 집 qr code|108,214' normalized_fingerprint='com samsung android oneconnect id home button|우리 집 qr code|우리 집 qr code' duplicate=false recent_duplicate=false distance=0 recent_semantic_duplicate=false semantic_distance=0 semantic_window_unique=1 noise=false
[09:58:22] [RESULT] skipped anchor rows count=2
[09:58:22] [SAVE] writing sheets raw/filtered/summary/result
[09:58:22] [SAVE] filtered rows=7, raw rows=7
[09:58:22] [SAVE] saved excel: output/talkback_compare_20260412_095642.xlsx rows=7 with_images=False
[09:58:22] [STEP] START tab='(?i).*home.*' step=1
[09:58:29] [ROW] fingerprint='com.samsung.android.oneconnect:id/tab_title|우리 집 change location|우리 집|314,213' normalized_fingerprint='com samsung android oneconnect id tab title|우리 집 change location|우리 집' duplicate=false recent_duplicate=false distance=0 recent_semantic_duplicate=false semantic_distance=0 semantic_window_unique=2 noise=false
[09:58:29] [STEP] END tab='(?i).*home.*' step=1 elapsed=5.25s move_result='{'success': True, 'status': 'moved', 'detail': 'moved', 'raw': {'timestamp': 1775955503597, 'reqId': 'd36a3afc', 'success': True, 'status': 'moved', 'detail': 'moved', 'flags': []}}' visible='우리 집, Change location' speech='우리 집' crop='output\talkback_compare_20260412_095642\crops\i_._home._step_1_우리_집__Change_location.png' timing(move=1.257s ann=2.873s get_focus=1.118s get_focus_fallback_dump=0.000s step_dump=0.000s crop=1.303s total=6.552s) focus_reason='' fallback_used=False fallback_found=False step_dump_used=False step_dump_reason='focus_payload_sufficient' req_id='e58ad7b7'
[09:58:29] [STOP][eval] step=1 scenario='home_main' terminal=false same_like_count=0 no_progress=false scenario_type='content' is_global_nav=false after_realign=false recent_repeat=false bounded_two_card_loop=false semantic_same_like=false recent_duplicate=false recent_duplicate_distance=0 recent_semantic_duplicate=false recent_semantic_duplicate_distance=0 recent_semantic_unique_count=2 strict_duplicate=false semantic_duplicate=false repeat_class='none' loop_classification='none' hard_no_progress=false soft_no_progress=false no_progress_class='none' overlay_realign_grace_active=false min_step_gate_blocked=false realign_grace_suppressed=false repeat_stop_hit=false decision='continue' reason='none' stop_explain_version='pr7_explain_v1' stop_explain_input='step:1|move:{'success': true, 'status': 'moved', 'detail': 'moved', 'raw': {'timestamp': 1775955503597, 'reqid': 'd36a3afc', 'success': true, 'status': 'moved', 'detail': 'moved', 'flags': []}}|smart:moved|same:0|fail:0' stop_explain_repeat='recent:false|class:none|strict:false|semantic:false|loop:none|two_card:false' stop_explain_no_progress='hit:false|class:none|hard:false|soft:false' stop_explain_gate='candidate:false|min_block:false|realign_suppress:false|realign_active:false|decision:continue'
[09:58:29] [STEP] START tab='(?i).*home.*' step=2
[09:58:35] [ROW] fingerprint='com.samsung.android.oneconnect:id/mapview_button|map view|map view|759,214' normalized_fingerprint='com samsung android oneconnect id mapview button|map view|map view' duplicate=false recent_duplicate=false distance=0 recent_semantic_duplicate=false semantic_distance=0 semantic_window_unique=3 noise=false
[09:58:35] [STEP] END tab='(?i).*home.*' step=2 elapsed=4.63s move_result='{'success': True, 'status': 'moved', 'detail': 'moved', 'raw': {'timestamp': 1775955509443, 'reqId': '9ae4ac11', 'success': True, 'status': 'moved', 'detail': 'moved', 'flags': []}}' visible='Map View' speech='Map View' crop='output\talkback_compare_20260412_095642\crops\i_._home._step_2_Map_View.png' timing(move=0.578s ann=2.976s get_focus=1.074s get_focus_fallback_dump=0.000s step_dump=0.000s crop=1.254s total=5.884s) focus_reason='' fallback_used=False fallback_found=False step_dump_used=False step_dump_reason='focus_payload_sufficient' req_id='57e5ec95'
[09:58:35] [STOP][eval] step=2 scenario='home_main' terminal=false same_like_count=0 no_progress=false scenario_type='content' is_global_nav=false after_realign=false recent_repeat=false bounded_two_card_loop=false semantic_same_like=false recent_duplicate=false recent_duplicate_distance=0 recent_semantic_duplicate=false recent_semantic_duplicate_distance=0 recent_semantic_unique_count=3 strict_duplicate=false semantic_duplicate=false repeat_class='none' loop_classification='none' hard_no_progress=false soft_no_progress=false no_progress_class='none' overlay_realign_grace_active=false min_step_gate_blocked=false realign_grace_suppressed=false repeat_stop_hit=false decision='continue' reason='none' stop_explain_version='pr7_explain_v1' stop_explain_input='step:2|move:{'success': true, 'status': 'moved', 'detail': 'moved', 'raw': {'timestamp': 1775955509443, 'reqid': '9ae4ac11', 'success': true, 'status': 'moved', 'detail': 'moved', 'flags': []}}|smart:moved|same:0|fail:0' stop_explain_repeat='recent:false|class:none|strict:false|semantic:false|loop:none|two_card:false' stop_explain_no_progress='hit:false|class:none|hard:false|soft:false' stop_explain_gate='candidate:false|min_block:false|realign_suppress:false|realign_active:false|decision:continue'
[09:58:35] [STEP] START tab='(?i).*home.*' step=3
[09:58:40] [ROW] fingerprint='com.samsung.android.oneconnect:id/add_menu_button|add|add|864,214' normalized_fingerprint='com samsung android oneconnect id add menu button|add|add' duplicate=false recent_duplicate=false distance=0 recent_semantic_duplicate=false semantic_distance=0 semantic_window_unique=4 noise=false
[09:58:40] [STEP] END tab='(?i).*home.*' step=3 elapsed=4.67s move_result='{'success': True, 'status': 'moved', 'detail': 'moved', 'raw': {'timestamp': 1775955515319, 'reqId': '7dd2685b', 'success': True, 'status': 'moved', 'detail': 'moved', 'flags': []}}' visible='Add' speech='Add' crop='output\talkback_compare_20260412_095642\crops\i_._home._step_3_Add.png' timing(move=0.575s ann=2.917s get_focus=1.178s get_focus_fallback_dump=0.000s step_dump=0.000s crop=1.242s total=5.912s) focus_reason='' fallback_used=False fallback_found=False step_dump_used=False step_dump_reason='focus_payload_sufficient' req_id='a5982cbf'
[09:58:41] [STOP][eval] step=3 scenario='home_main' terminal=false same_like_count=0 no_progress=false scenario_type='content' is_global_nav=false after_realign=false recent_repeat=false bounded_two_card_loop=false semantic_same_like=false recent_duplicate=false recent_duplicate_distance=0 recent_semantic_duplicate=false recent_semantic_duplicate_distance=0 recent_semantic_unique_count=4 strict_duplicate=false semantic_duplicate=false repeat_class='none' loop_classification='none' hard_no_progress=false soft_no_progress=false no_progress_class='none' overlay_realign_grace_active=false min_step_gate_blocked=false realign_grace_suppressed=false repeat_stop_hit=false decision='continue' reason='none' stop_explain_version='pr7_explain_v1' stop_explain_input='step:3|move:{'success': true, 'status': 'moved', 'detail': 'moved', 'raw': {'timestamp': 1775955515319, 'reqid': '7dd2685b', 'success': true, 'status': 'moved', 'detail': 'moved', 'flags': []}}|smart:moved|same:0|fail:0' stop_explain_repeat='recent:false|class:none|strict:false|semantic:false|loop:none|two_card:false' stop_explain_no_progress='hit:false|class:none|hard:false|soft:false' stop_explain_gate='candidate:false|min_block:false|realign_suppress:false|realign_active:false|decision:continue'
[09:58:41] [RESULT] skipped anchor rows count=2
[09:58:41] [SAVE] writing sheets raw/filtered/summary/result
[09:58:41] [SAVE] filtered rows=10, raw rows=10
[09:58:41] [SAVE] saved excel: output/talkback_compare_20260412_095642.xlsx rows=10 with_images=False
[09:58:41] [OVERLAY] candidate matched scenario='home_main' tab='(?i).*home.*' step=3 view_id='com.samsung.android.oneconnect:id/add_menu_button' label='Add' reason='matched_scenario_policy'
[09:58:49] [OVERLAY] post_click classification='overlay' scenario='home_main' tab='(?i).*home.*' entry_view_id='com.samsung.android.oneconnect:id/add_menu_button' entry_label='Add' post_view_id='None' post_label='Add favourites'
[09:58:59] [OVERLAY][repeat] same_focus_detected=true step=2 view_id='com.samsung.android.oneconnect:id/title' bounds='618,356,860,422' normalized_visible_label='add device' move_result='{'success': true, 'status': 'moved', 'detail': 'moved', 'raw': {'timestamp': 1775955535400, 'reqid': '38e43d0e', 'success': true, 'status': 'moved', 'detail': 'moved', 'flags': []}}'
[09:58:59] [OVERLAY][break] reason='same_overlay_fingerprint' step=2
[09:58:59] [RESULT] skipped anchor rows count=2
[09:58:59] [SAVE] writing sheets raw/filtered/summary/result
[09:58:59] [SAVE] filtered rows=11, raw rows=11
[09:58:59] [SAVE] saved excel: output/talkback_compare_20260412_095642.xlsx rows=11 with_images=False
[09:59:03] [RESULT] skipped anchor rows count=2
[09:59:03] [SAVE] writing sheets raw/filtered/summary/result
[09:59:03] [SAVE] filtered rows=11, raw rows=11
[09:59:03] [SAVE] saved excel: output/talkback_compare_20260412_095642.xlsx rows=11 with_images=False
[09:59:08] [OVERLAY] realign status='realign_entry_reached' entry_reached=True steps_taken=3 match_by='view_id'
[09:59:15] [CONTEXT] scenario='home_main' type='selected_bottom_tab' expected='announcement=(?i).*(selected|선택됨).*home.*' actual='Selected, Home, Tab 1 of 5, Selected, Home, Tab 1 of 5' ok=True
[09:59:15] [CONTEXT] verification passed scenario='home_main'
[09:59:15] [ANCHOR][overlay_realign] success scenario='home_main' selected=True matched=True stable=True context_ok=True reason='selected_and_verified'
[09:59:15] [ANCHOR][overlay_realign] success scenario='home_main' reason='overlay_realign_verified'
[09:59:15] [STEP] START tab='(?i).*home.*' step=4
[09:59:21] [ROW] fingerprint='com.samsung.android.oneconnect:id/tab_title|우리 집 change location|우리 집|314,213' normalized_fingerprint='com samsung android oneconnect id tab title|우리 집 change location|우리 집' duplicate=false recent_duplicate=true distance=3 recent_semantic_duplicate=true semantic_distance=3 semantic_window_unique=4 noise=false
[09:59:21] [STEP] END tab='(?i).*home.*' step=4 elapsed=4.68s move_result='{'success': True, 'status': 'moved', 'detail': 'moved', 'raw': {'timestamp': 1775955555580, 'reqId': '71f425ea', 'success': True, 'status': 'moved', 'detail': 'moved', 'flags': []}}' visible='우리 집, Change location' speech='우리 집' crop='output\talkback_compare_20260412_095642\crops\i_._home._step_4_우리_집__Change_location.png' timing(move=0.566s ann=3.014s get_focus=1.099s get_focus_fallback_dump=0.000s step_dump=0.000s crop=1.347s total=6.027s) focus_reason='' fallback_used=False fallback_found=False step_dump_used=False step_dump_reason='focus_payload_sufficient' req_id='5d3ae9f3'
[09:59:21] [STOP][eval] step=4 scenario='home_main' terminal=false same_like_count=0 no_progress=false scenario_type='content' is_global_nav=false after_realign=true recent_repeat=false bounded_two_card_loop=false semantic_same_like=false recent_duplicate=true recent_duplicate_distance=3 recent_semantic_duplicate=true recent_semantic_duplicate_distance=3 recent_semantic_unique_count=4 strict_duplicate=false semantic_duplicate=false repeat_class='none' loop_classification='none' hard_no_progress=false soft_no_progress=false no_progress_class='none' overlay_realign_grace_active=false min_step_gate_blocked=false realign_grace_suppressed=false repeat_stop_hit=false decision='continue' reason='none' stop_explain_version='pr7_explain_v1' stop_explain_input='step:4|move:{'success': true, 'status': 'moved', 'detail': 'moved', 'raw': {'timestamp': 1775955555580, 'reqid': '71f425ea', 'success': true, 'status': 'moved', 'detail': 'moved', 'flags': []}}|smart:moved|same:0|fail:0' stop_explain_repeat='recent:false|class:none|strict:false|semantic:false|loop:none|two_card:false' stop_explain_no_progress='hit:false|class:none|hard:false|soft:false' stop_explain_gate='candidate:false|min_block:false|realign_suppress:false|realign_active:false|decision:continue'
[09:59:21] [STEP] START tab='(?i).*home.*' step=5
[09:59:27] [ROW] fingerprint='com.samsung.android.oneconnect:id/mapview_button|map view|map view|759,214' normalized_fingerprint='com samsung android oneconnect id mapview button|map view|map view' duplicate=false recent_duplicate=true distance=3 recent_semantic_duplicate=true semantic_distance=3 semantic_window_unique=4 noise=false
[09:59:27] [STEP] END tab='(?i).*home.*' step=5 elapsed=4.50s move_result='{'success': True, 'status': 'moved', 'detail': 'moved', 'raw': {'timestamp': 1775955561611, 'reqId': '3b722093', 'success': True, 'status': 'moved', 'detail': 'moved', 'flags': []}}' visible='Map View' speech='Map View' crop='output\talkback_compare_20260412_095642\crops\i_._home._step_5_Map_View.png' timing(move=0.522s ann=2.864s get_focus=1.112s get_focus_fallback_dump=0.000s step_dump=0.000s crop=1.296s total=5.794s) focus_reason='' fallback_used=False fallback_found=False step_dump_used=False step_dump_reason='focus_payload_sufficient' req_id='582e2f36'
[09:59:27] [STOP][eval] step=5 scenario='home_main' terminal=false same_like_count=0 no_progress=false scenario_type='content' is_global_nav=false after_realign=false recent_repeat=false bounded_two_card_loop=false semantic_same_like=false recent_duplicate=true recent_duplicate_distance=3 recent_semantic_duplicate=true recent_semantic_duplicate_distance=3 recent_semantic_unique_count=4 strict_duplicate=false semantic_duplicate=false repeat_class='none' loop_classification='none' hard_no_progress=false soft_no_progress=false no_progress_class='none' overlay_realign_grace_active=false min_step_gate_blocked=false realign_grace_suppressed=false repeat_stop_hit=false decision='continue' reason='none' stop_explain_version='pr7_explain_v1' stop_explain_input='step:5|move:{'success': true, 'status': 'moved', 'detail': 'moved', 'raw': {'timestamp': 1775955561611, 'reqid': '3b722093', 'success': true, 'status': 'moved', 'detail': 'moved', 'flags': []}}|smart:moved|same:0|fail:0' stop_explain_repeat='recent:false|class:none|strict:false|semantic:false|loop:none|two_card:false' stop_explain_no_progress='hit:false|class:none|hard:false|soft:false' stop_explain_gate='candidate:false|min_block:false|realign_suppress:false|realign_active:false|decision:continue'
[09:59:27] [STOP][summary] scenario='home_main' stop_triggered=false stop_step=5 reason='safety_limit'
[09:59:27] [PERF][scenario_summary] scenario=home_main tab=(?i).*home.* total_runtime=93.9 total_steps=7 main_step_count=6 overlay_step_count=1 overlay_count=1 avg_get_focus=1.031 avg_move=0.566 avg_crop=1.294 avg_step_total=5.875 step_total_sample_count=6 avg_get_focus_main=1.125 avg_get_focus_overlay=0.47 fallback_dump_count=0 success_false_top_level_dump_attempt_count=0 success_false_top_level_dump_found_count=0 fallback_dump_rate=0.0 get_focus_strong_skip_count=7 get_focus_strong_skip_rate=100.0 step_dump_used_count=0 save_excel_count=4 realign_attempt_count=1 realign_success_count=1 realign_success_rate=100.0
[09:59:27] [RECOVER] start
[09:59:27] [RECOVER] success
[09:59:27] [SCENARIO][stabilization] scenario='life_food_plugin' screen_context_mode='new_screen' stabilization_mode='anchor_only'
[09:59:27] [CONTEXT] skipped reason='new_screen_mode' phase='tab_select'
[09:59:27] [TAB][select] fallback_to_legacy=True scenario='life_food_plugin'
[09:59:35] [TRACE][open_scenario] scenario='life_food_plugin' stabilization_mode='anchor_only' focus_align_attempted=True focus_align_ok=True focus_align_reason='' context_ok=False anchor_matched=False anchor_stable=False
[09:59:36] [SCENARIO][pre_nav][stabilization] phase='before_pre_navigation' attempt=1/2 life_selected=false app_bar_hits=4 visible_card_hits=0 life_root_signature_present=false navigate_up_hits=0 family_care_signature_seen=true final_score=2 ok=false pass_reason='' fail_reason='life_root_not_stable'
[09:59:36] [SCENARIO][pre_nav][stabilization][life_energy_relaxed_gate] phase='before_pre_navigation' attempt=1/2 allow_scrolltouch=true reason='life_plugin_list_likely'
[09:59:36] [SCENARIO][pre_nav] step=1 action=scrolltouch target='(?i).*food.*|.*cooking.*|.*smart\s*things\s*cooking.*'
[09:59:37] [SCENARIO][pre_nav] before scrolltouch, scroll_to_top invoked cumulative_mode=true
[09:59:40] [SCENARIO][pre_nav] scroll_to_top result={'ok': True, 'reached_top': True, 'attempts': 1, 'reason': 'scroll_failed'}
[09:59:41] [SCENARIO][pre_nav] top_state_verify ok=false reason='top_marker_missing' scenario='life_food_plugin'
[09:59:44] [SCENARIO][pre_nav] top_state_verify retry=1/2 ok=false reason='top_marker_missing'
[09:59:48] [SCENARIO][pre_nav] top_state_verify retry=2/2 ok=false reason='top_marker_missing'
[09:59:50] [SCENARIO][pre_nav][scrolltouch][debug] scroll_step=1/5 visible_candidate_count=0 partial_match_count=0 exact_match_count=0 xml_fallback_attempted=true xml_fallback_reason='ok' rejections='filtered_before_candidate:21' visible_top='-' partial_top='-' pre_candidate_top='-' local_search_nodes=21 selected=false selected_reason='no_visible_candidate'
[09:59:50] [SCENARIO][pre_nav][scrolltouch][inspect] scroll_step=1/5 samples='label='우리 집 QR code 우리 집 QR code' rid='com.samsung.android.oneconnect:id/home_button' cls='android.widget.ImageButton' visible=true clickable=true focusable=true effectiveClickable=true matched_text_node='com.samsung.android.oneconnect:id/home_button' promoted_container=false promotion_reason='none' promoted_from='' promoted_to='' stage='label_filter' reason='filtered_before_candidate' | label='우리 집, Change location 우리 집, Change location' rid='com.samsung.android.oneconnect:id/tab_title' cls='android.widget.LinearLayout' visible=true clickable=true focusable=true effectiveClickable=true matched_text_node='com.samsung.android.oneconnect:id/tab_title' promoted_container=false promotion_reason='none' promoted_from='' promoted_to='' stage='label_filter' reason='filtered_before_candidate' | label='Add Add' rid='com.samsung.android.oneconnect:id/add_menu_butto' cls='android.widget.ImageButton' visible=true clickable=true focusable=true effectiveClickable=true matched_text_node='com.samsung.android.oneconnect:id/add_menu_button' promoted_container=false promotion_reason='none' promoted_from='' promoted_to='' stage='label_filter' reason='filtered_before_candidate' | label='More options Mor'
[09:59:53] [SCENARIO][pre_nav][scrolltouch] visible_candidate_count=0 partial_match_count=0 scroll_step=1/5 action='scroll_forward_and_retry_local_search' scroll_performed=true settle_wait_ms=250 cumulative_mode=true
[09:59:54] [SCENARIO][pre_nav][scrolltouch][debug] scroll_step=2/5 visible_candidate_count=0 partial_match_count=0 exact_match_count=0 xml_fallback_attempted=true xml_fallback_reason='ok' rejections='filtered_before_candidate:13' visible_top='-' partial_top='-' pre_candidate_top='-' local_search_nodes=13 selected=false selected_reason='no_visible_candidate'
[09:59:54] [SCENARIO][pre_nav][scrolltouch][inspect] scroll_step=2/5 samples='label='우리 집 QR code 우리 집 QR code' rid='com.samsung.android.oneconnect:id/home_button' cls='android.widget.ImageButton' visible=true clickable=true focusable=true effectiveClickable=true matched_text_node='com.samsung.android.oneconnect:id/home_button' promoted_container=false promotion_reason='none' promoted_from='' promoted_to='' stage='label_filter' reason='filtered_before_candidate' | label='우리 집, Change location 우리 집, Change location' rid='com.samsung.android.oneconnect:id/tab_title' cls='android.widget.LinearLayout' visible=true clickable=true focusable=true effectiveClickable=true matched_text_node='com.samsung.android.oneconnect:id/tab_title' promoted_container=false promotion_reason='none' promoted_from='' promoted_to='' stage='label_filter' reason='filtered_before_candidate' | label='Add Add' rid='com.samsung.android.oneconnect:id/add_menu_butto' cls='android.widget.ImageButton' visible=true clickable=true focusable=true effectiveClickable=true matched_text_node='com.samsung.android.oneconnect:id/add_menu_button' promoted_container=false promotion_reason='none' promoted_from='' promoted_to='' stage='label_filter' reason='filtered_before_candidate' | label='More options Mor'
[09:59:56] [SCENARIO][pre_nav][scrolltouch] visible_candidate_count=0 partial_match_count=0 scroll_step=2/5 action='scroll_forward_and_retry_local_search' scroll_performed=true settle_wait_ms=250 cumulative_mode=true
[09:59:57] [SCENARIO][pre_nav][scrolltouch][debug] scroll_step=3/5 visible_candidate_count=0 partial_match_count=0 exact_match_count=0 xml_fallback_attempted=true xml_fallback_reason='ok' rejections='filtered_before_candidate:12' visible_top='-' partial_top='-' pre_candidate_top='-' local_search_nodes=12 selected=false selected_reason='no_visible_candidate'
[09:59:57] [SCENARIO][pre_nav][scrolltouch][inspect] scroll_step=3/5 samples='label='우리 집 QR code 우리 집 QR code' rid='com.samsung.android.oneconnect:id/home_button' cls='android.widget.ImageButton' visible=true clickable=true focusable=true effectiveClickable=true matched_text_node='com.samsung.android.oneconnect:id/home_button' promoted_container=false promotion_reason='none' promoted_from='' promoted_to='' stage='label_filter' reason='filtered_before_candidate' | label='우리 집, Change location 우리 집, Change location' rid='com.samsung.android.oneconnect:id/tab_title' cls='android.widget.LinearLayout' visible=true clickable=true focusable=true effectiveClickable=true matched_text_node='com.samsung.android.oneconnect:id/tab_title' promoted_container=false promotion_reason='none' promoted_from='' promoted_to='' stage='label_filter' reason='filtered_before_candidate' | label='Add Add' rid='com.samsung.android.oneconnect:id/add_menu_butto' cls='android.widget.ImageButton' visible=true clickable=true focusable=true effectiveClickable=true matched_text_node='com.samsung.android.oneconnect:id/add_menu_button' promoted_container=false promotion_reason='none' promoted_from='' promoted_to='' stage='label_filter' reason='filtered_before_candidate' | label='More options Mor'
[09:59:59] [SCENARIO][pre_nav][scrolltouch] visible_candidate_count=0 partial_match_count=0 scroll_step=3/5 action='scroll_forward_and_retry_local_search' scroll_performed=true settle_wait_ms=250 cumulative_mode=true
[10:00:00] [SCENARIO][pre_nav][scrolltouch][debug] scroll_step=4/5 visible_candidate_count=0 partial_match_count=0 exact_match_count=0 xml_fallback_attempted=true xml_fallback_reason='ok' rejections='filtered_before_candidate:21' visible_top='-' partial_top='-' pre_candidate_top='-' local_search_nodes=21 selected=false selected_reason='no_visible_candidate'
[10:00:00] [SCENARIO][pre_nav][scrolltouch][inspect] scroll_step=4/5 samples='label='우리 집 QR code 우리 집 QR code' rid='com.samsung.android.oneconnect:id/home_button' cls='android.widget.ImageButton' visible=true clickable=true focusable=true effectiveClickable=true matched_text_node='com.samsung.android.oneconnect:id/home_button' promoted_container=false promotion_reason='none' promoted_from='' promoted_to='' stage='label_filter' reason='filtered_before_candidate' | label='우리 집, Change location 우리 집, Change location' rid='com.samsung.android.oneconnect:id/tab_title' cls='android.widget.LinearLayout' visible=true clickable=true focusable=true effectiveClickable=true matched_text_node='com.samsung.android.oneconnect:id/tab_title' promoted_container=false promotion_reason='none' promoted_from='' promoted_to='' stage='label_filter' reason='filtered_before_candidate' | label='Add Add' rid='com.samsung.android.oneconnect:id/add_menu_butto' cls='android.widget.ImageButton' visible=true clickable=true focusable=true effectiveClickable=true matched_text_node='com.samsung.android.oneconnect:id/add_menu_button' promoted_container=false promotion_reason='none' promoted_from='' promoted_to='' stage='label_filter' reason='filtered_before_candidate' | label='More options Mor'
[10:00:02] [SCENARIO][pre_nav][scrolltouch] visible_candidate_count=0 partial_match_count=0 scroll_step=4/5 action='scroll_forward_and_retry_local_search' scroll_performed=true settle_wait_ms=250 cumulative_mode=true
[10:00:04] [SCENARIO][pre_nav][scrolltouch][debug] scroll_step=5/5 visible_candidate_count=0 partial_match_count=0 exact_match_count=0 xml_fallback_attempted=true xml_fallback_reason='ok' rejections='filtered_before_candidate:29' visible_top='-' partial_top='-' pre_candidate_top='-' local_search_nodes=29 selected=false selected_reason='no_visible_candidate'
[10:00:04] [SCENARIO][pre_nav][scrolltouch][inspect] scroll_step=5/5 samples='label='우리 집 QR code 우리 집 QR code' rid='com.samsung.android.oneconnect:id/home_button' cls='android.widget.ImageButton' visible=true clickable=true focusable=true effectiveClickable=true matched_text_node='com.samsung.android.oneconnect:id/home_button' promoted_container=false promotion_reason='none' promoted_from='' promoted_to='' stage='label_filter' reason='filtered_before_candidate' | label='우리 집, Change location 우리 집, Change location' rid='com.samsung.android.oneconnect:id/tab_title' cls='android.widget.LinearLayout' visible=true clickable=true focusable=true effectiveClickable=true matched_text_node='com.samsung.android.oneconnect:id/tab_title' promoted_container=false promotion_reason='none' promoted_from='' promoted_to='' stage='label_filter' reason='filtered_before_candidate' | label='Add Add' rid='com.samsung.android.oneconnect:id/add_menu_butto' cls='android.widget.ImageButton' visible=true clickable=true focusable=true effectiveClickable=true matched_text_node='com.samsung.android.oneconnect:id/add_menu_button' promoted_container=false promotion_reason='none' promoted_from='' promoted_to='' stage='label_filter' reason='filtered_before_candidate' | label='More options Mor'
[10:00:04] [SCENARIO][pre_nav][scrolltouch] visible_candidate_count=0 partial_match_count=0 scroll_step=5/5 action='local_search_exhausted' scroll_performed=false cumulative_mode=true
[10:00:04] [SCENARIO][pre_nav][scrolltouch] candidate_select reason='no_local_match' fallback='helper_scrollTouch' reason_detail='max_scroll_search_steps_reached' cumulative_mode=true
[10:00:10] [SCENARIO][pre_nav] failed reason='action_failed' step=1
[10:00:10] [SCENARIO][pre_nav] failed reason='action_failed' detail='ACTION_ACCESSIBILITY_FOCUS success' step=1
[10:00:10] [PERF][scenario_summary] scenario=life_food_plugin tab=(?i).*life.* total_runtime=42.8 total_steps=1 main_step_count=1 overlay_step_count=0 overlay_count=0 avg_get_focus=0.0 avg_move=0.0 avg_crop=0.0 avg_step_total=0.0 step_total_sample_count=0 avg_get_focus_main=0.0 avg_get_focus_overlay=0.0 fallback_dump_count=0 success_false_top_level_dump_attempt_count=0 success_false_top_level_dump_found_count=0 fallback_dump_rate=0.0 get_focus_strong_skip_count=0 get_focus_strong_skip_rate=0.0 step_dump_used_count=0 save_excel_count=0 realign_attempt_count=0 realign_success_count=0 realign_success_rate=0.0
[10:00:10] [RESULT] skipped anchor rows count=2
[10:00:10] [SAVE] writing sheets raw/filtered/summary/result
[10:00:10] [SAVE] filtered rows=13, raw rows=14
[10:00:10] [SAVE] saved excel: output/talkback_compare_20260412_095642.xlsx rows=14 with_images=False
[10:00:10] [MAIN] skip disabled scenario_id='life_air_care_plugin' tab='(?i).*life.*'
[10:00:10] [MAIN] skip disabled scenario_id='life_home_care_plugin' tab='(?i).*life.*'
[10:00:10] [MAIN] skip disabled scenario_id='life_energy_plugin' tab='(?i).*life.*'
[10:00:10] [MAIN] skip disabled scenario_id='devices_main' tab='(?i).*devices.*'
[10:00:10] [MAIN] skip disabled scenario_id='life_main' tab='(?i).*life.*'
[10:00:10] [MAIN] skip disabled scenario_id='routines_main' tab='(?i).*routines.*'
[10:00:10] [MAIN] skip disabled scenario_id='menu_main' tab='(?i).*(menu|more).*'
[10:00:10] [MAIN] skip disabled scenario_id='settings_entry_example' tab='(?i).*menu.*'
[10:00:10] [MAIN] skip disabled scenario_id='life_pet_care_plugin' tab='(?i).*life.*'
[10:00:10] [RESULT] skipped anchor rows count=2
[10:00:10] [SAVE] writing sheets raw/filtered/summary/result
[10:00:10] [SAVE] filtered rows=13, raw rows=14
[10:00:11] [SAVE] saved excel: output/talkback_compare_20260412_095642.xlsx rows=14 with_images=True
[10:00:11] [MAIN] final save complete
[10:00:11] [PERF][run_summary] total_runtime=207.3 total_scenarios=3 total_steps=14 total_overlay_count=1 avg_get_focus=0.998 avg_move=0.517 fallback_dump_count=0 success_false_top_level_dump_attempt_count=0 success_false_top_level_dump_found_count=0 fallback_dump_rate=0.0 get_focus_strong_skip_rate=92.9 realign_success_rate=100.0 save_excel_count=9
