[23:03:10] [SAVE][temp] override tmp='D:\Python test\talkback-a11y-helper\output\.tmp' temp='D:\Python test\talkback-a11y-helper\output\.tmp' applied=true
[23:03:10] [MAIN] script start (version=1.7.81, log_level=NORMAL)
[23:03:11] [PREFLIGHT] talkback status='enabled'
[23:03:11] [MAIN] output file: output/talkback_compare_20260414_230310.xlsx
[23:03:11] [MAIN] image dir base: output\talkback_compare_20260414_230310
[23:03:11] [CONFIG] runtime config loaded path='config\runtime_config.json'
[23:03:11] [GLOBAL_NAV][guard] forcing stabilization_mode='tab_context' scenario='global_nav_main' requested='anchor_then_context'
[23:03:11] [CONFIG] scenario resolved scenario='global_nav_main' group='main_tabs' max_steps=10 enabled=False
[23:03:11] [CONFIG] applied shared_navigation='default_global_nav'
[23:03:11] [CONFIG] scenario enabled scenario='global_nav_main' source='runtime' enabled=False base_enabled=False
[23:03:11] [CONFIG] scenario resolved scenario='home_main' group='main_tabs' max_steps=5 enabled=False
[23:03:11] [CONFIG] applied shared_navigation='bottom_tab_global_nav'
[23:03:11] [CONFIG] scenario enabled scenario='home_main' source='runtime' enabled=False base_enabled=False
[23:03:11] [CONFIG] scenario resolved scenario='life_food_plugin' group='plugin_screen' max_steps=5 enabled=False
[23:03:11] [CONFIG] applied pre_navigation_ref='enter_food_plugin'
[23:03:11] [CONFIG] scenario enabled scenario='life_food_plugin' source='runtime' enabled=False base_enabled=False
[23:03:11] [CONFIG] scenario resolved scenario='life_air_care_plugin' group='-' max_steps=5 enabled=True
[23:03:11] [CONFIG] scenario enabled scenario='life_air_care_plugin' source='runtime' enabled=True base_enabled=False
[23:03:11] [CONFIG] scenario resolved scenario='life_home_care_plugin' group='-' max_steps=5 enabled=True
[23:03:11] [CONFIG] scenario enabled scenario='life_home_care_plugin' source='runtime' enabled=True base_enabled=False
[23:03:11] [CONFIG] scenario resolved scenario='life_energy_plugin' group='-' max_steps=5 enabled=True
[23:03:11] [CONFIG] scenario enabled scenario='life_energy_plugin' source='runtime' enabled=True base_enabled=False
[23:03:11] [CONFIG] scenario resolved scenario='devices_main' group='main_tabs' max_steps=10 enabled=False
[23:03:11] [CONFIG] applied shared_navigation='bottom_tab_global_nav'
[23:03:11] [CONFIG] applied anchor_ref='home_tab_anchor'
[23:03:11] [CONFIG] scenario enabled scenario='devices_main' source='runtime' enabled=False base_enabled=False
[23:03:11] [CONFIG] scenario resolved scenario='life_main' group='main_tabs' max_steps=30 enabled=False
[23:03:11] [CONFIG] applied shared_navigation='bottom_tab_global_nav'
[23:03:11] [CONFIG] scenario enabled scenario='life_main' source='runtime' enabled=False base_enabled=False
[23:03:11] [CONFIG] scenario resolved scenario='routines_main' group='main_tabs' max_steps=30 enabled=False
[23:03:11] [CONFIG] applied shared_navigation='bottom_tab_global_nav'
[23:03:11] [CONFIG] scenario enabled scenario='routines_main' source='runtime' enabled=False base_enabled=False
[23:03:11] [CONFIG] scenario resolved scenario='menu_main' group='main_tabs' max_steps=30 enabled=False
[23:03:11] [CONFIG] applied shared_navigation='bottom_tab_global_nav'
[23:03:11] [CONFIG] scenario enabled scenario='menu_main' source='runtime' enabled=False base_enabled=False
[23:03:11] [CONFIG] scenario resolved scenario='settings_entry_example' group='plugin_screen' max_steps=5 enabled=False
[23:03:11] [CONFIG] applied anchor_ref='settings_button_anchor'
[23:03:11] [CONFIG] applied pre_navigation_ref='enter_settings'
[23:03:11] [CONFIG] scenario enabled scenario='settings_entry_example' source='runtime' enabled=False base_enabled=False
[23:03:11] [CONFIG] scenario resolved scenario='life_pet_care_plugin' group='-' max_steps=5 enabled=True
[23:03:11] [CONFIG] scenario enabled scenario='life_pet_care_plugin' source='runtime' enabled=True base_enabled=False
[23:03:11] [CONFIG] scenario resolved scenario='life_family_care_plugin' group='-' max_steps=5 enabled=True
[23:03:11] [CONFIG] scenario enabled scenario='life_family_care_plugin' source='runtime' enabled=True base_enabled=False
[23:03:11] [CONFIG] scenario resolved scenario='life_plant_care_plugin' group='-' max_steps=5 enabled=True
[23:03:11] [CONFIG] scenario enabled scenario='life_plant_care_plugin' source='runtime' enabled=True base_enabled=False
[23:03:11] [CONFIG] scenario resolved scenario='life_clothing_care_plugin' group='-' max_steps=5 enabled=True
[23:03:11] [CONFIG] scenario enabled scenario='life_clothing_care_plugin' source='runtime' enabled=True base_enabled=False
[23:03:11] [CONFIG] scenario resolved scenario='life_find_plugin' group='-' max_steps=5 enabled=True
[23:03:11] [CONFIG] scenario enabled scenario='life_find_plugin' source='runtime' enabled=True base_enabled=False
[23:03:11] [CONFIG] scenario resolved scenario='life_video_plugin' group='-' max_steps=5 enabled=True
[23:03:11] [CONFIG] scenario enabled scenario='life_video_plugin' source='runtime' enabled=True base_enabled=False
[23:03:11] [CONFIG] scenario resolved scenario='life_home_monitor_plugin' group='-' max_steps=5 enabled=True
[23:03:11] [CONFIG] scenario enabled scenario='life_home_monitor_plugin' source='runtime' enabled=True base_enabled=False
[23:03:11] [CONFIG] scenario resolved scenario='life_music_sync_plugin' group='-' max_steps=5 enabled=True
[23:03:11] [CONFIG] scenario enabled scenario='life_music_sync_plugin' source='runtime' enabled=True base_enabled=False
[23:03:11] [MAIN] skip disabled scenario_id='global_nav_main' tab='(?i).*(home|devices|life|routines|menu).*'
[23:03:11] [MAIN] skip disabled scenario_id='home_main' tab='(?i).*home.*'
[23:03:11] [MAIN] skip disabled scenario_id='life_food_plugin' tab='(?i).*life.*'
[23:03:11] [SCENARIO][stabilization] scenario='life_air_care_plugin' screen_context_mode='new_screen' stabilization_mode='anchor_only'
[23:03:12] [SCENARIO][pre_nav][stabilization] phase='plugin_start' attempt=1/2 life_selected=false app_bar_hits=4 visible_card_hits=0 global_nav_visible=true bottom_nav_hits=5 root_structure_stable=false life_root_signature_present=false navigate_up_hits=0 family_care_signature_seen=false final_score=2 ok=true pass_reason='global_nav_visible' fail_reason=''
[23:03:12] [PLUGIN_START][life_list_check] ok=true reason='root_state_stable'
[23:03:12] [PLUGIN_START][recover_before_entry] triggered=false
[23:03:12] [PLUGIN_START][recover_before_entry] success=true
[23:03:12] [CONTEXT] skipped reason='new_screen_mode' phase='tab_select'
[23:03:12] [TAB][select] fallback_to_legacy=True scenario='life_air_care_plugin'
[23:03:13] [SAVE] skip: no rows
[23:03:13] [MAIN] final save complete
[23:03:13] [PERF][run_summary] total_runtime=1.9 total_scenarios=1 total_steps=0 total_overlay_count=0 avg_get_focus=0.0 avg_move=0.0 fallback_dump_count=0 success_false_top_level_dump_attempt_count=0 success_false_top_level_dump_found_count=0 fallback_dump_rate=0.0 get_focus_strong_skip_rate=0.0 realign_success_rate=0.0 save_excel_count=1
