[10:18:38] [SAVE][temp] override tmp='D:\Python test\talkback-a11y-helper\output\.tmp' temp='D:\Python test\talkback-a11y-helper\output\.tmp' applied=true
[10:18:38] [MAIN] script start (version=1.7.81, log_level=NORMAL)
[10:18:45] [PREFLIGHT] talkback status='enabled'
[10:18:45] [MAIN] output file: output/talkback_compare_20260412_101838.xlsx
[10:18:45] [MAIN] image dir base: output\talkback_compare_20260412_101838
[10:18:45] [CONFIG] runtime config loaded path='config\runtime_config.json'
[10:18:45] [GLOBAL_NAV][guard] forcing stabilization_mode='tab_context' scenario='global_nav_main' requested='anchor_then_context'
[10:18:45] [CONFIG] scenario resolved scenario='global_nav_main' group='main_tabs' max_steps=10 enabled=False
[10:18:45] [CONFIG] applied shared_navigation='default_global_nav'
[10:18:45] [CONFIG] scenario enabled scenario='global_nav_main' source='runtime' enabled=False base_enabled=False
[10:18:45] [CONFIG] scenario resolved scenario='home_main' group='main_tabs' max_steps=5 enabled=False
[10:18:45] [CONFIG] applied shared_navigation='bottom_tab_global_nav'
[10:18:45] [CONFIG] scenario enabled scenario='home_main' source='runtime' enabled=False base_enabled=False
[10:18:45] [CONFIG] scenario resolved scenario='life_food_plugin' group='plugin_screen' max_steps=5 enabled=True
[10:18:45] [CONFIG] applied pre_navigation_ref='enter_food_plugin'
[10:18:45] [CONFIG] scenario enabled scenario='life_food_plugin' source='runtime' enabled=True base_enabled=False
[10:18:45] [CONFIG] scenario resolved scenario='life_air_care_plugin' group='-' max_steps=10 enabled=True
[10:18:45] [CONFIG] scenario enabled scenario='life_air_care_plugin' source='runtime' enabled=True base_enabled=False
[10:18:45] [CONFIG] scenario resolved scenario='life_home_care_plugin' group='-' max_steps=40 enabled=False
[10:18:45] [CONFIG] scenario enabled scenario='life_home_care_plugin' source='runtime' enabled=False base_enabled=False
[10:18:45] [CONFIG] scenario resolved scenario='life_energy_plugin' group='-' max_steps=40 enabled=False
[10:18:45] [CONFIG] scenario enabled scenario='life_energy_plugin' source='runtime' enabled=False base_enabled=False
[10:18:45] [CONFIG] scenario resolved scenario='devices_main' group='main_tabs' max_steps=10 enabled=False
[10:18:45] [CONFIG] applied shared_navigation='bottom_tab_global_nav'
[10:18:45] [CONFIG] applied anchor_ref='home_tab_anchor'
[10:18:45] [CONFIG] scenario enabled scenario='devices_main' source='runtime' enabled=False base_enabled=False
[10:18:45] [CONFIG] scenario resolved scenario='life_main' group='main_tabs' max_steps=30 enabled=False
[10:18:45] [CONFIG] applied shared_navigation='bottom_tab_global_nav'
[10:18:45] [CONFIG] scenario enabled scenario='life_main' source='runtime' enabled=False base_enabled=False
[10:18:45] [CONFIG] scenario resolved scenario='routines_main' group='main_tabs' max_steps=30 enabled=False
[10:18:45] [CONFIG] applied shared_navigation='bottom_tab_global_nav'
[10:18:45] [CONFIG] scenario enabled scenario='routines_main' source='runtime' enabled=False base_enabled=False
[10:18:45] [CONFIG] scenario resolved scenario='menu_main' group='main_tabs' max_steps=30 enabled=False
[10:18:45] [CONFIG] applied shared_navigation='bottom_tab_global_nav'
[10:18:45] [CONFIG] scenario enabled scenario='menu_main' source='runtime' enabled=False base_enabled=False
[10:18:45] [CONFIG] scenario resolved scenario='settings_entry_example' group='plugin_screen' max_steps=40 enabled=False
[10:18:45] [CONFIG] applied anchor_ref='settings_button_anchor'
[10:18:45] [CONFIG] applied pre_navigation_ref='enter_settings'
[10:18:45] [CONFIG] scenario enabled scenario='settings_entry_example' source='runtime' enabled=False base_enabled=False
[10:18:45] [CONFIG] scenario resolved scenario='life_pet_care_plugin' group='-' max_steps=40 enabled=False
[10:18:45] [CONFIG] scenario enabled scenario='life_pet_care_plugin' source='runtime' enabled=False base_enabled=False
[10:18:45] [MAIN] skip disabled scenario_id='global_nav_main' tab='(?i).*(home|devices|life|routines|menu).*'
[10:18:45] [MAIN] skip disabled scenario_id='home_main' tab='(?i).*home.*'
[10:18:45] [SCENARIO][stabilization] scenario='life_food_plugin' screen_context_mode='new_screen' stabilization_mode='anchor_only'
[10:18:45] [CONTEXT] skipped reason='new_screen_mode' phase='tab_select'
[10:18:45] [TAB][select] fallback_to_legacy=True scenario='life_food_plugin'
[10:18:49] [TRACE][open_scenario] scenario='life_food_plugin' stabilization_mode='anchor_only' focus_align_attempted=True focus_align_ok=True focus_align_reason='' context_ok=False anchor_matched=False anchor_stable=False
[10:18:51] [SCENARIO][pre_nav][stabilization] phase='before_pre_navigation' attempt=1/2 life_selected=false app_bar_hits=4 visible_card_hits=0 life_root_signature_present=false navigate_up_hits=0 family_care_signature_seen=true final_score=2 ok=false pass_reason='' fail_reason='life_root_not_stable'
[10:18:51] [SCENARIO][pre_nav][stabilization][life_energy_relaxed_gate] phase='before_pre_navigation' attempt=1/2 allow_scrolltouch=true reason='life_plugin_list_likely'
[10:18:51] [SCENARIO][pre_nav] step=1 action=scrolltouch target='(?i).*food.*|.*cooking.*|.*smart\s*things\s*cooking.*'
[10:18:52] [SCENARIO][pre_nav] before scrolltouch, scroll_to_top invoked cumulative_mode=true
[10:18:54] [SCENARIO][pre_nav] scroll_to_top result={'ok': True, 'reached_top': True, 'attempts': 1, 'reason': 'scroll_failed'}
[10:18:55] [SCENARIO][pre_nav] top_state_verify ok=false reason='top_marker_missing' scenario='life_food_plugin'
[10:18:58] [SCENARIO][pre_nav] top_state_verify retry=1/2 ok=false reason='top_marker_missing'
[10:19:02] [SCENARIO][pre_nav] top_state_verify retry=2/2 ok=false reason='top_marker_missing'
[10:19:05] [SCENARIO][pre_nav][scrolltouch][debug] scroll_step=1/5 visible_candidate_count=0 partial_match_count=0 exact_match_count=0 xml_fallback_attempted=true xml_fallback_reason='ok' rejections='filtered_before_candidate:21' visible_top='-' partial_top='-' pre_candidate_top='-' local_search_nodes=21 selected=false selected_reason='no_visible_candidate'
[10:19:05] [SCENARIO][pre_nav][scrolltouch][inspect] scroll_step=1/5 samples='label='우리 집 QR code 우리 집 QR code' rid='com.samsung.android.oneconnect:id/home_button' cls='android.widget.ImageButton' visible=true clickable=true focusable=true effectiveClickable=true matched_text_node='com.samsung.android.oneconnect:id/home_button' promoted_container=false promotion_reason='none' promoted_from='' promoted_to='' stage='label_filter' reason='filtered_before_candidate' | label='우리 집, Change location 우리 집, Change location' rid='com.samsung.android.oneconnect:id/tab_title' cls='android.widget.LinearLayout' visible=true clickable=true focusable=true effectiveClickable=true matched_text_node='com.samsung.android.oneconnect:id/tab_title' promoted_container=false promotion_reason='none' promoted_from='' promoted_to='' stage='label_filter' reason='filtered_before_candidate' | label='Add Add' rid='com.samsung.android.oneconnect:id/add_menu_butto' cls='android.widget.ImageButton' visible=true clickable=true focusable=true effectiveClickable=true matched_text_node='com.samsung.android.oneconnect:id/add_menu_button' promoted_container=false promotion_reason='none' promoted_from='' promoted_to='' stage='label_filter' reason='filtered_before_candidate' | label='More options Mor'
[10:19:07] [SCENARIO][pre_nav][scrolltouch] visible_candidate_count=0 partial_match_count=0 scroll_step=1/5 action='scroll_forward_and_retry_local_search' scroll_performed=true settle_wait_ms=250 cumulative_mode=true
[10:19:08] [SCENARIO][pre_nav][scrolltouch][debug] scroll_step=2/5 visible_candidate_count=0 partial_match_count=0 exact_match_count=0 xml_fallback_attempted=true xml_fallback_reason='ok' rejections='filtered_before_candidate:13' visible_top='-' partial_top='-' pre_candidate_top='-' local_search_nodes=13 selected=false selected_reason='no_visible_candidate'
[10:19:08] [SCENARIO][pre_nav][scrolltouch][inspect] scroll_step=2/5 samples='label='우리 집 QR code 우리 집 QR code' rid='com.samsung.android.oneconnect:id/home_button' cls='android.widget.ImageButton' visible=true clickable=true focusable=true effectiveClickable=true matched_text_node='com.samsung.android.oneconnect:id/home_button' promoted_container=false promotion_reason='none' promoted_from='' promoted_to='' stage='label_filter' reason='filtered_before_candidate' | label='우리 집, Change location 우리 집, Change location' rid='com.samsung.android.oneconnect:id/tab_title' cls='android.widget.LinearLayout' visible=true clickable=true focusable=true effectiveClickable=true matched_text_node='com.samsung.android.oneconnect:id/tab_title' promoted_container=false promotion_reason='none' promoted_from='' promoted_to='' stage='label_filter' reason='filtered_before_candidate' | label='Add Add' rid='com.samsung.android.oneconnect:id/add_menu_butto' cls='android.widget.ImageButton' visible=true clickable=true focusable=true effectiveClickable=true matched_text_node='com.samsung.android.oneconnect:id/add_menu_button' promoted_container=false promotion_reason='none' promoted_from='' promoted_to='' stage='label_filter' reason='filtered_before_candidate' | label='More options Mor'
[10:19:10] [SCENARIO][pre_nav][scrolltouch] visible_candidate_count=0 partial_match_count=0 scroll_step=2/5 action='scroll_forward_and_retry_local_search' scroll_performed=true settle_wait_ms=250 cumulative_mode=true
[10:19:11] [SCENARIO][pre_nav][scrolltouch][debug] scroll_step=3/5 visible_candidate_count=0 partial_match_count=0 exact_match_count=0 xml_fallback_attempted=true xml_fallback_reason='ok' rejections='filtered_before_candidate:12' visible_top='-' partial_top='-' pre_candidate_top='-' local_search_nodes=12 selected=false selected_reason='no_visible_candidate'
[10:19:11] [SCENARIO][pre_nav][scrolltouch][inspect] scroll_step=3/5 samples='label='우리 집 QR code 우리 집 QR code' rid='com.samsung.android.oneconnect:id/home_button' cls='android.widget.ImageButton' visible=true clickable=true focusable=true effectiveClickable=true matched_text_node='com.samsung.android.oneconnect:id/home_button' promoted_container=false promotion_reason='none' promoted_from='' promoted_to='' stage='label_filter' reason='filtered_before_candidate' | label='우리 집, Change location 우리 집, Change location' rid='com.samsung.android.oneconnect:id/tab_title' cls='android.widget.LinearLayout' visible=true clickable=true focusable=true effectiveClickable=true matched_text_node='com.samsung.android.oneconnect:id/tab_title' promoted_container=false promotion_reason='none' promoted_from='' promoted_to='' stage='label_filter' reason='filtered_before_candidate' | label='Add Add' rid='com.samsung.android.oneconnect:id/add_menu_butto' cls='android.widget.ImageButton' visible=true clickable=true focusable=true effectiveClickable=true matched_text_node='com.samsung.android.oneconnect:id/add_menu_button' promoted_container=false promotion_reason='none' promoted_from='' promoted_to='' stage='label_filter' reason='filtered_before_candidate' | label='More options Mor'
[10:19:13] [SCENARIO][pre_nav][scrolltouch] visible_candidate_count=0 partial_match_count=0 scroll_step=3/5 action='scroll_forward_and_retry_local_search' scroll_performed=true settle_wait_ms=250 cumulative_mode=true
[10:19:14] [SCENARIO][pre_nav][scrolltouch][debug] scroll_step=4/5 visible_candidate_count=0 partial_match_count=0 exact_match_count=0 xml_fallback_attempted=true xml_fallback_reason='ok' rejections='filtered_before_candidate:21' visible_top='-' partial_top='-' pre_candidate_top='-' local_search_nodes=21 selected=false selected_reason='no_visible_candidate'
[10:19:14] [SCENARIO][pre_nav][scrolltouch][inspect] scroll_step=4/5 samples='label='우리 집 QR code 우리 집 QR code' rid='com.samsung.android.oneconnect:id/home_button' cls='android.widget.ImageButton' visible=true clickable=true focusable=true effectiveClickable=true matched_text_node='com.samsung.android.oneconnect:id/home_button' promoted_container=false promotion_reason='none' promoted_from='' promoted_to='' stage='label_filter' reason='filtered_before_candidate' | label='우리 집, Change location 우리 집, Change location' rid='com.samsung.android.oneconnect:id/tab_title' cls='android.widget.LinearLayout' visible=true clickable=true focusable=true effectiveClickable=true matched_text_node='com.samsung.android.oneconnect:id/tab_title' promoted_container=false promotion_reason='none' promoted_from='' promoted_to='' stage='label_filter' reason='filtered_before_candidate' | label='Add Add' rid='com.samsung.android.oneconnect:id/add_menu_butto' cls='android.widget.ImageButton' visible=true clickable=true focusable=true effectiveClickable=true matched_text_node='com.samsung.android.oneconnect:id/add_menu_button' promoted_container=false promotion_reason='none' promoted_from='' promoted_to='' stage='label_filter' reason='filtered_before_candidate' | label='More options Mor'
[10:19:16] [SCENARIO][pre_nav][scrolltouch] visible_candidate_count=0 partial_match_count=0 scroll_step=4/5 action='scroll_forward_and_retry_local_search' scroll_performed=true settle_wait_ms=250 cumulative_mode=true
[10:19:17] [SCENARIO][pre_nav][scrolltouch][debug] scroll_step=5/5 visible_candidate_count=0 partial_match_count=0 exact_match_count=0 xml_fallback_attempted=true xml_fallback_reason='ok' rejections='filtered_before_candidate:29' visible_top='-' partial_top='-' pre_candidate_top='-' local_search_nodes=29 selected=false selected_reason='no_visible_candidate'
[10:19:17] [SCENARIO][pre_nav][scrolltouch][inspect] scroll_step=5/5 samples='label='우리 집 QR code 우리 집 QR code' rid='com.samsung.android.oneconnect:id/home_button' cls='android.widget.ImageButton' visible=true clickable=true focusable=true effectiveClickable=true matched_text_node='com.samsung.android.oneconnect:id/home_button' promoted_container=false promotion_reason='none' promoted_from='' promoted_to='' stage='label_filter' reason='filtered_before_candidate' | label='우리 집, Change location 우리 집, Change location' rid='com.samsung.android.oneconnect:id/tab_title' cls='android.widget.LinearLayout' visible=true clickable=true focusable=true effectiveClickable=true matched_text_node='com.samsung.android.oneconnect:id/tab_title' promoted_container=false promotion_reason='none' promoted_from='' promoted_to='' stage='label_filter' reason='filtered_before_candidate' | label='Add Add' rid='com.samsung.android.oneconnect:id/add_menu_butto' cls='android.widget.ImageButton' visible=true clickable=true focusable=true effectiveClickable=true matched_text_node='com.samsung.android.oneconnect:id/add_menu_button' promoted_container=false promotion_reason='none' promoted_from='' promoted_to='' stage='label_filter' reason='filtered_before_candidate' | label='More options Mor'
[10:19:17] [SCENARIO][pre_nav][scrolltouch] visible_candidate_count=0 partial_match_count=0 scroll_step=5/5 action='local_search_exhausted' scroll_performed=false cumulative_mode=true
[10:19:17] [SCENARIO][pre_nav][scrolltouch] candidate_select reason='no_local_match' fallback='helper_scrollTouch' reason_detail='max_scroll_search_steps_reached' cumulative_mode=true
[10:19:24] [SCENARIO][pre_nav] failed reason='action_failed' step=1
[10:19:24] [SCENARIO][pre_nav] failed reason='action_failed' detail='ACTION_ACCESSIBILITY_FOCUS success' step=1
[10:19:24] [PERF][scenario_summary] scenario=life_food_plugin tab=(?i).*life.* total_runtime=38.2 total_steps=1 main_step_count=1 overlay_step_count=0 overlay_count=0 avg_get_focus=0.0 avg_move=0.0 avg_crop=0.0 avg_step_total=0.0 step_total_sample_count=0 avg_get_focus_main=0.0 avg_get_focus_overlay=0.0 fallback_dump_count=0 success_false_top_level_dump_attempt_count=0 success_false_top_level_dump_found_count=0 fallback_dump_rate=0.0 get_focus_strong_skip_count=0 get_focus_strong_skip_rate=0.0 step_dump_used_count=0 save_excel_count=0 realign_attempt_count=0 realign_success_count=0 realign_success_rate=0.0
[10:19:24] [SAVE] writing sheets raw/filtered/summary/result
[10:19:24] [SAVE] filtered rows=1, raw rows=1
[10:19:24] [SAVE] saved excel: output/talkback_compare_20260412_101838.xlsx rows=1 with_images=False
[10:19:24] [RECOVER] start
[10:19:28] [RECOVER] success
[10:19:28] [SCENARIO][stabilization] scenario='life_air_care_plugin' screen_context_mode='new_screen' stabilization_mode='anchor_only'
[10:19:28] [CONTEXT] skipped reason='new_screen_mode' phase='tab_select'
[10:19:28] [TAB][select] fallback_to_legacy=True scenario='life_air_care_plugin'
[10:19:33] [TRACE][open_scenario] scenario='life_air_care_plugin' stabilization_mode='anchor_only' focus_align_attempted=True focus_align_ok=True focus_align_reason='' context_ok=False anchor_matched=False anchor_stable=False
[10:19:35] [SCENARIO][pre_nav][stabilization] phase='before_pre_navigation' attempt=1/2 life_selected=false app_bar_hits=4 visible_card_hits=0 life_root_signature_present=false navigate_up_hits=0 family_care_signature_seen=true final_score=2 ok=false pass_reason='' fail_reason='life_root_not_stable'
[10:19:35] [SCENARIO][pre_nav][stabilization][life_energy_relaxed_gate] phase='before_pre_navigation' attempt=1/2 allow_scrolltouch=true reason='life_plugin_list_likely'
[10:19:35] [SCENARIO][pre_nav] step=1 action=scrolltouch target='(?i)(^smart\s*air\s*care$|^air\s*care$|air\s*care\.|\baircare\b|에어\s*케어)'
[10:19:35] [SCENARIO][pre_nav] before scrolltouch, scroll_to_top invoked cumulative_mode=true
[10:19:38] [SCENARIO][pre_nav] scroll_to_top result={'ok': True, 'reached_top': True, 'attempts': 1, 'reason': 'scroll_failed'}
[10:19:38] [SCENARIO][pre_nav] top_state_verify ok=false reason='top_marker_missing' scenario='life_air_care_plugin'
[10:19:42] [SCENARIO][pre_nav] top_state_verify retry=1/2 ok=false reason='top_marker_missing'
[10:19:46] [SCENARIO][pre_nav] top_state_verify retry=2/2 ok=false reason='top_marker_missing'
[10:19:49] [SCENARIO][pre_nav][scrolltouch][debug] scroll_step=1/5 visible_candidate_count=0 partial_match_count=0 exact_match_count=0 xml_fallback_attempted=true xml_fallback_reason='ok' rejections='filtered_before_candidate:21' visible_top='-' partial_top='-' pre_candidate_top='-' local_search_nodes=21 selected=false selected_reason='no_visible_candidate'
[10:19:49] [SCENARIO][pre_nav][scrolltouch][inspect] scroll_step=1/5 samples='label='우리 집 QR code 우리 집 QR code' rid='com.samsung.android.oneconnect:id/home_button' cls='android.widget.ImageButton' visible=true clickable=true focusable=true effectiveClickable=true matched_text_node='com.samsung.android.oneconnect:id/home_button' promoted_container=false promotion_reason='none' promoted_from='' promoted_to='' stage='label_filter' reason='filtered_before_candidate' | label='우리 집, Change location 우리 집, Change location' rid='com.samsung.android.oneconnect:id/tab_title' cls='android.widget.LinearLayout' visible=true clickable=true focusable=true effectiveClickable=true matched_text_node='com.samsung.android.oneconnect:id/tab_title' promoted_container=false promotion_reason='none' promoted_from='' promoted_to='' stage='label_filter' reason='filtered_before_candidate' | label='Add Add' rid='com.samsung.android.oneconnect:id/add_menu_butto' cls='android.widget.ImageButton' visible=true clickable=true focusable=true effectiveClickable=true matched_text_node='com.samsung.android.oneconnect:id/add_menu_button' promoted_container=false promotion_reason='none' promoted_from='' promoted_to='' stage='label_filter' reason='filtered_before_candidate' | label='More options Mor'
[10:19:50] [CAPTURE][scrolltouch_step] saved path='output\capture_bundles\life_air_care_plugin\20260412_011935\step_01' step=1 visible_candidate_count=0 partial_match_count=0
[10:19:52] [SCENARIO][pre_nav][scrolltouch] visible_candidate_count=0 partial_match_count=0 scroll_step=1/5 action='scroll_forward_and_retry_local_search' scroll_performed=true settle_wait_ms=250 cumulative_mode=true
[10:19:53] [SCENARIO][pre_nav][scrolltouch][debug] scroll_step=2/5 visible_candidate_count=0 partial_match_count=0 exact_match_count=0 xml_fallback_attempted=true xml_fallback_reason='ok' rejections='filtered_before_candidate:13' visible_top='-' partial_top='-' pre_candidate_top='-' local_search_nodes=13 selected=false selected_reason='no_visible_candidate'
[10:19:53] [SCENARIO][pre_nav][scrolltouch][inspect] scroll_step=2/5 samples='label='우리 집 QR code 우리 집 QR code' rid='com.samsung.android.oneconnect:id/home_button' cls='android.widget.ImageButton' visible=true clickable=true focusable=true effectiveClickable=true matched_text_node='com.samsung.android.oneconnect:id/home_button' promoted_container=false promotion_reason='none' promoted_from='' promoted_to='' stage='label_filter' reason='filtered_before_candidate' | label='우리 집, Change location 우리 집, Change location' rid='com.samsung.android.oneconnect:id/tab_title' cls='android.widget.LinearLayout' visible=true clickable=true focusable=true effectiveClickable=true matched_text_node='com.samsung.android.oneconnect:id/tab_title' promoted_container=false promotion_reason='none' promoted_from='' promoted_to='' stage='label_filter' reason='filtered_before_candidate' | label='Add Add' rid='com.samsung.android.oneconnect:id/add_menu_butto' cls='android.widget.ImageButton' visible=true clickable=true focusable=true effectiveClickable=true matched_text_node='com.samsung.android.oneconnect:id/add_menu_button' promoted_container=false promotion_reason='none' promoted_from='' promoted_to='' stage='label_filter' reason='filtered_before_candidate' | label='More options Mor'
[10:19:55] [CAPTURE][scrolltouch_step] saved path='output\capture_bundles\life_air_care_plugin\20260412_011935\step_02' step=2 visible_candidate_count=0 partial_match_count=0
[10:19:57] [SCENARIO][pre_nav][scrolltouch] visible_candidate_count=0 partial_match_count=0 scroll_step=2/5 action='scroll_forward_and_retry_local_search' scroll_performed=true settle_wait_ms=250 cumulative_mode=true
[10:19:58] [SCENARIO][pre_nav][scrolltouch][debug] scroll_step=3/5 visible_candidate_count=1 partial_match_count=1 exact_match_count=0 xml_fallback_attempted=true xml_fallback_reason='ok' rejections='filtered_before_candidate:11, non_actionable_without_promotion:1' visible_top='-' partial_top='-' pre_candidate_top='label='Monitor air quality and air comfort in each room of your home. Monitor a' rid='com.samsung.android.oneconnect:id/tvHeaderTitle' cls='android.widget.TextView' reason='actionability_fail:non_actionable_without_promotion'' local_search_nodes=12 selected=false selected_reason='no_visible_candidate'
[10:19:58] [SCENARIO][pre_nav][scrolltouch][inspect] scroll_step=3/5 samples='label='우리 집 QR code 우리 집 QR code' rid='com.samsung.android.oneconnect:id/home_button' cls='android.widget.ImageButton' visible=true clickable=true focusable=true effectiveClickable=true matched_text_node='com.samsung.android.oneconnect:id/home_button' promoted_container=false promotion_reason='none' promoted_from='' promoted_to='' stage='label_filter' reason='filtered_before_candidate' | label='우리 집, Change location 우리 집, Change location' rid='com.samsung.android.oneconnect:id/tab_title' cls='android.widget.LinearLayout' visible=true clickable=true focusable=true effectiveClickable=true matched_text_node='com.samsung.android.oneconnect:id/tab_title' promoted_container=false promotion_reason='none' promoted_from='' promoted_to='' stage='label_filter' reason='filtered_before_candidate' | label='Add Add' rid='com.samsung.android.oneconnect:id/add_menu_butto' cls='android.widget.ImageButton' visible=true clickable=true focusable=true effectiveClickable=true matched_text_node='com.samsung.android.oneconnect:id/add_menu_button' promoted_container=false promotion_reason='none' promoted_from='' promoted_to='' stage='label_filter' reason='filtered_before_candidate' | label='More options Mor'
[10:19:59] [CAPTURE][scrolltouch_step] saved path='output\capture_bundles\life_air_care_plugin\20260412_011935\step_03' step=3 visible_candidate_count=1 partial_match_count=1
[10:20:01] [SCENARIO][pre_nav][scrolltouch] visible_candidate_count=1 partial_match_count=1 scroll_step=3/5 action='scroll_forward_and_retry_local_search' scroll_performed=true settle_wait_ms=250 cumulative_mode=true
[10:20:02] [SCENARIO][pre_nav][scrolltouch][debug] scroll_step=4/5 visible_candidate_count=0 partial_match_count=0 exact_match_count=0 xml_fallback_attempted=true xml_fallback_reason='ok' rejections='filtered_before_candidate:21' visible_top='-' partial_top='-' pre_candidate_top='-' local_search_nodes=21 selected=false selected_reason='no_visible_candidate'
[10:20:02] [SCENARIO][pre_nav][scrolltouch][inspect] scroll_step=4/5 samples='label='우리 집 QR code 우리 집 QR code' rid='com.samsung.android.oneconnect:id/home_button' cls='android.widget.ImageButton' visible=true clickable=true focusable=true effectiveClickable=true matched_text_node='com.samsung.android.oneconnect:id/home_button' promoted_container=false promotion_reason='none' promoted_from='' promoted_to='' stage='label_filter' reason='filtered_before_candidate' | label='우리 집, Change location 우리 집, Change location' rid='com.samsung.android.oneconnect:id/tab_title' cls='android.widget.LinearLayout' visible=true clickable=true focusable=true effectiveClickable=true matched_text_node='com.samsung.android.oneconnect:id/tab_title' promoted_container=false promotion_reason='none' promoted_from='' promoted_to='' stage='label_filter' reason='filtered_before_candidate' | label='Add Add' rid='com.samsung.android.oneconnect:id/add_menu_butto' cls='android.widget.ImageButton' visible=true clickable=true focusable=true effectiveClickable=true matched_text_node='com.samsung.android.oneconnect:id/add_menu_button' promoted_container=false promotion_reason='none' promoted_from='' promoted_to='' stage='label_filter' reason='filtered_before_candidate' | label='More options Mor'
[10:20:04] [CAPTURE][scrolltouch_step] saved path='output\capture_bundles\life_air_care_plugin\20260412_011935\step_04' step=4 visible_candidate_count=0 partial_match_count=0
[10:20:06] [SCENARIO][pre_nav][scrolltouch] visible_candidate_count=0 partial_match_count=0 scroll_step=4/5 action='scroll_forward_and_retry_local_search' scroll_performed=true settle_wait_ms=250 cumulative_mode=true
[10:20:06] [SCENARIO][pre_nav][scrolltouch][debug] scroll_step=5/5 visible_candidate_count=0 partial_match_count=0 exact_match_count=0 xml_fallback_attempted=true xml_fallback_reason='ok' rejections='filtered_before_candidate:29' visible_top='-' partial_top='-' pre_candidate_top='-' local_search_nodes=29 selected=false selected_reason='no_visible_candidate'
[10:20:06] [SCENARIO][pre_nav][scrolltouch][inspect] scroll_step=5/5 samples='label='우리 집 QR code 우리 집 QR code' rid='com.samsung.android.oneconnect:id/home_button' cls='android.widget.ImageButton' visible=true clickable=true focusable=true effectiveClickable=true matched_text_node='com.samsung.android.oneconnect:id/home_button' promoted_container=false promotion_reason='none' promoted_from='' promoted_to='' stage='label_filter' reason='filtered_before_candidate' | label='우리 집, Change location 우리 집, Change location' rid='com.samsung.android.oneconnect:id/tab_title' cls='android.widget.LinearLayout' visible=true clickable=true focusable=true effectiveClickable=true matched_text_node='com.samsung.android.oneconnect:id/tab_title' promoted_container=false promotion_reason='none' promoted_from='' promoted_to='' stage='label_filter' reason='filtered_before_candidate' | label='Add Add' rid='com.samsung.android.oneconnect:id/add_menu_butto' cls='android.widget.ImageButton' visible=true clickable=true focusable=true effectiveClickable=true matched_text_node='com.samsung.android.oneconnect:id/add_menu_button' promoted_container=false promotion_reason='none' promoted_from='' promoted_to='' stage='label_filter' reason='filtered_before_candidate' | label='More options Mor'
[10:20:08] [CAPTURE][scrolltouch_step] saved path='output\capture_bundles\life_air_care_plugin\20260412_011935\step_05' step=5 visible_candidate_count=0 partial_match_count=0
[10:20:08] [SCENARIO][pre_nav][scrolltouch] visible_candidate_count=0 partial_match_count=0 scroll_step=5/5 action='local_search_exhausted' scroll_performed=false cumulative_mode=true
[10:20:08] [SCENARIO][pre_nav][scrolltouch] candidate_select reason='no_local_match' fallback='helper_scrollTouch' reason_detail='max_scroll_search_steps_reached' cumulative_mode=true
[10:20:14] [CAPTURE][pre_nav_failure] start scenario='life_air_care_plugin' phase='pre_navigation' reason='no_local_match' step=1
[10:20:19] [CAPTURE][pre_nav_failure] saved path='output\capture_bundles\life_air_care_plugin\20260412_011935\final_failure' files='screenshot.png,window_dump.xml,helper_dump.json,focus_payload.json,meta.json'
[10:20:19] [SCENARIO][pre_nav] failed reason='action_failed' step=1
[10:20:19] [SCENARIO][pre_nav] failed reason='action_failed' detail='ACTION_ACCESSIBILITY_FOCUS success' step=1
[10:20:19] [PERF][scenario_summary] scenario=life_air_care_plugin tab=(?i).*life.* total_runtime=50.7 total_steps=1 main_step_count=1 overlay_step_count=0 overlay_count=0 avg_get_focus=0.0 avg_move=0.0 avg_crop=0.0 avg_step_total=0.0 step_total_sample_count=0 avg_get_focus_main=0.0 avg_get_focus_overlay=0.0 fallback_dump_count=0 success_false_top_level_dump_attempt_count=0 success_false_top_level_dump_found_count=0 fallback_dump_rate=0.0 get_focus_strong_skip_count=0 get_focus_strong_skip_rate=0.0 step_dump_used_count=0 save_excel_count=0 realign_attempt_count=0 realign_success_count=0 realign_success_rate=0.0
[10:20:19] [SAVE] writing sheets raw/filtered/summary/result
[10:20:19] [SAVE] filtered rows=2, raw rows=2
[10:20:19] [SAVE] saved excel: output/talkback_compare_20260412_101838.xlsx rows=2 with_images=False
[10:20:19] [MAIN] skip disabled scenario_id='life_home_care_plugin' tab='(?i).*life.*'
[10:20:19] [MAIN] skip disabled scenario_id='life_energy_plugin' tab='(?i).*life.*'
[10:20:19] [MAIN] skip disabled scenario_id='devices_main' tab='(?i).*devices.*'
[10:20:19] [MAIN] skip disabled scenario_id='life_main' tab='(?i).*life.*'
[10:20:19] [MAIN] skip disabled scenario_id='routines_main' tab='(?i).*routines.*'
[10:20:19] [MAIN] skip disabled scenario_id='menu_main' tab='(?i).*(menu|more).*'
[10:20:19] [MAIN] skip disabled scenario_id='settings_entry_example' tab='(?i).*menu.*'
[10:20:19] [MAIN] skip disabled scenario_id='life_pet_care_plugin' tab='(?i).*life.*'
[10:20:19] [SAVE] writing sheets raw/filtered/summary/result
[10:20:19] [SAVE] filtered rows=2, raw rows=2
[10:20:19] [SAVE] saved excel: output/talkback_compare_20260412_101838.xlsx rows=2 with_images=True
[10:20:19] [MAIN] final save complete
[10:20:19] [PERF][run_summary] total_runtime=93.6 total_scenarios=2 total_steps=2 total_overlay_count=0 avg_get_focus=0.0 avg_move=0.0 fallback_dump_count=0 success_false_top_level_dump_attempt_count=0 success_false_top_level_dump_found_count=0 fallback_dump_rate=0.0 get_focus_strong_skip_rate=0.0 realign_success_rate=0.0 save_excel_count=3
