[21:24:00] [SAVE][temp] override tmp='D:\Python test\talkback-a11y-helper\output\.tmp' temp='D:\Python test\talkback-a11y-helper\output\.tmp' applied=true
[21:24:00] [MAIN] script start (version=1.7.81, log_level=NORMAL)
[21:24:02] [PREFLIGHT] talkback status='enabled'
[21:24:02] [MAIN] output file: output/talkback_compare_20260415_212400.xlsx
[21:24:02] [MAIN] image dir base: output\talkback_compare_20260415_212400
[21:24:02] [CONFIG] runtime config loaded path='config\runtime_config.json'
[21:24:02] [GLOBAL_NAV][guard] forcing stabilization_mode='tab_context' scenario='global_nav_main' requested='anchor_then_context'
[21:24:02] [CONFIG] scenario resolved scenario='global_nav_main' group='main_tabs' max_steps=10 enabled=False
[21:24:02] [CONFIG] applied shared_navigation='default_global_nav'
[21:24:02] [CONFIG] scenario enabled scenario='global_nav_main' source='runtime' enabled=False base_enabled=False
[21:24:02] [CONFIG] scenario resolved scenario='home_main' group='main_tabs' max_steps=5 enabled=False
[21:24:02] [CONFIG] applied shared_navigation='bottom_tab_global_nav'
[21:24:02] [CONFIG] scenario enabled scenario='home_main' source='runtime' enabled=False base_enabled=False
[21:24:02] [CONFIG] scenario resolved scenario='life_food_plugin' group='plugin_screen' max_steps=5 enabled=False
[21:24:02] [CONFIG] applied pre_navigation_ref='enter_food_plugin'
[21:24:02] [CONFIG] scenario enabled scenario='life_food_plugin' source='runtime' enabled=False base_enabled=False
[21:24:02] [CONFIG] scenario resolved scenario='life_air_care_plugin' group='-' max_steps=10 enabled=True
[21:24:02] [CONFIG] scenario enabled scenario='life_air_care_plugin' source='runtime' enabled=True base_enabled=False
[21:24:02] [CONFIG] scenario resolved scenario='life_home_care_plugin' group='-' max_steps=10 enabled=True
[21:24:02] [CONFIG] scenario enabled scenario='life_home_care_plugin' source='runtime' enabled=True base_enabled=False
[21:24:02] [CONFIG] scenario resolved scenario='life_energy_plugin' group='-' max_steps=1 enabled=True
[21:24:02] [CONFIG] scenario enabled scenario='life_energy_plugin' source='runtime' enabled=True base_enabled=False
[21:24:02] [CONFIG] scenario resolved scenario='devices_main' group='main_tabs' max_steps=10 enabled=False
[21:24:02] [CONFIG] applied shared_navigation='bottom_tab_global_nav'
[21:24:02] [CONFIG] applied anchor_ref='home_tab_anchor'
[21:24:02] [CONFIG] scenario enabled scenario='devices_main' source='runtime' enabled=False base_enabled=False
[21:24:02] [CONFIG] scenario resolved scenario='life_main' group='main_tabs' max_steps=30 enabled=False
[21:24:02] [CONFIG] applied shared_navigation='bottom_tab_global_nav'
[21:24:02] [CONFIG] scenario enabled scenario='life_main' source='runtime' enabled=False base_enabled=False
[21:24:02] [CONFIG] scenario resolved scenario='routines_main' group='main_tabs' max_steps=30 enabled=False
[21:24:02] [CONFIG] applied shared_navigation='bottom_tab_global_nav'
[21:24:02] [CONFIG] scenario enabled scenario='routines_main' source='runtime' enabled=False base_enabled=False
[21:24:02] [CONFIG] scenario resolved scenario='menu_main' group='main_tabs' max_steps=30 enabled=False
[21:24:02] [CONFIG] applied shared_navigation='bottom_tab_global_nav'
[21:24:02] [CONFIG] scenario enabled scenario='menu_main' source='runtime' enabled=False base_enabled=False
[21:24:02] [CONFIG] scenario resolved scenario='settings_entry_example' group='plugin_screen' max_steps=5 enabled=False
[21:24:02] [CONFIG] applied anchor_ref='settings_button_anchor'
[21:24:02] [CONFIG] applied pre_navigation_ref='enter_settings'
[21:24:02] [CONFIG] scenario enabled scenario='settings_entry_example' source='runtime' enabled=False base_enabled=False
[21:24:02] [CONFIG] scenario resolved scenario='life_pet_care_plugin' group='-' max_steps=1 enabled=True
[21:24:02] [CONFIG] scenario enabled scenario='life_pet_care_plugin' source='runtime' enabled=True base_enabled=False
[21:24:02] [CONFIG] scenario resolved scenario='life_family_care_plugin' group='-' max_steps=1 enabled=True
[21:24:02] [CONFIG] scenario enabled scenario='life_family_care_plugin' source='runtime' enabled=True base_enabled=False
[21:24:02] [CONFIG] scenario resolved scenario='life_plant_care_plugin' group='-' max_steps=1 enabled=True
[21:24:02] [CONFIG] scenario enabled scenario='life_plant_care_plugin' source='runtime' enabled=True base_enabled=False
[21:24:02] [CONFIG] scenario resolved scenario='life_clothing_care_plugin' group='-' max_steps=1 enabled=True
[21:24:02] [CONFIG] scenario enabled scenario='life_clothing_care_plugin' source='runtime' enabled=True base_enabled=False
[21:24:02] [CONFIG] scenario resolved scenario='life_find_plugin' group='-' max_steps=1 enabled=True
[21:24:02] [CONFIG] scenario enabled scenario='life_find_plugin' source='runtime' enabled=True base_enabled=False
[21:24:02] [CONFIG] scenario resolved scenario='life_video_plugin' group='-' max_steps=1 enabled=True
[21:24:02] [CONFIG] scenario enabled scenario='life_video_plugin' source='runtime' enabled=True base_enabled=False
[21:24:02] [CONFIG] scenario resolved scenario='life_home_monitor_plugin' group='-' max_steps=1 enabled=True
[21:24:02] [CONFIG] scenario enabled scenario='life_home_monitor_plugin' source='runtime' enabled=True base_enabled=False
[21:24:02] [CONFIG] scenario resolved scenario='life_music_sync_plugin' group='-' max_steps=1 enabled=True
[21:24:02] [CONFIG] scenario enabled scenario='life_music_sync_plugin' source='runtime' enabled=True base_enabled=False
[21:24:02] [MAIN] skip disabled scenario_id='global_nav_main' tab='(?i).*(home|devices|life|routines|menu).*'
[21:24:02] [MAIN] skip disabled scenario_id='home_main' tab='(?i).*home.*'
[21:24:02] [MAIN] skip disabled scenario_id='life_food_plugin' tab='(?i).*life.*'
[21:24:02] [SCENARIO][stabilization] scenario='life_air_care_plugin' screen_context_mode='new_screen' stabilization_mode='anchor_only'
[21:24:02] [LIFE_RESET] verify phase='plugin_start_initial' attempt=1/2 global_nav_visible=true life_tab_selected=true plugin_card_list_visible=false life_list_ready=false
[21:24:03] [LIFE_RESET] verify phase='plugin_start_initial' attempt=2/2 global_nav_visible=true life_tab_selected=true plugin_card_list_visible=false life_list_ready=false
[21:24:03] [PLUGIN_START][recover_before_entry] triggered=true mode='life_reset'
[21:24:03] [LIFE_RESET] start
[21:24:03] [LIFE_RESET] app_inside=true
[21:24:03] [LIFE_RESET] bottom_nav_ready=true
[21:24:06] [LIFE_RESET] life_tab_reselected=true
[21:24:07] [LIFE_RESET] verify phase='life_reset' attempt=1/2 global_nav_visible=true life_tab_selected=true plugin_card_list_visible=false life_list_ready=false
[21:24:08] [LIFE_RESET] verify phase='life_reset' attempt=2/2 global_nav_visible=true life_tab_selected=true plugin_card_list_visible=false life_list_ready=false
[21:24:08] [LIFE_RESET] life_list_ready=false
[21:24:09] [LIFE_RESET] app_inside=true
[21:24:09] [LIFE_RESET] bottom_nav_ready=true
[21:24:11] [LIFE_RESET] life_tab_reselected=true
[21:24:13] [LIFE_RESET] verify phase='life_reset' attempt=1/2 global_nav_visible=true life_tab_selected=true plugin_card_list_visible=false life_list_ready=false
[21:24:13] [LIFE_RESET] verify phase='life_reset' attempt=2/2 global_nav_visible=true life_tab_selected=true plugin_card_list_visible=false life_list_ready=false
[21:24:13] [LIFE_RESET] life_list_ready=false
[21:24:13] [LIFE_RESET] success=false fail reason='life_list_not_ready'
[21:24:13] [RECOVER] failed reason='life_list_not_ready'
[21:24:13] [PLUGIN_START][recover_before_entry] retry=1/2 reason='recover_to_start_state_failed'
[21:24:13] [LIFE_RESET] start
[21:24:14] [LIFE_RESET] app_inside=true
[21:24:14] [LIFE_RESET] bottom_nav_ready=true
[21:24:16] [LIFE_RESET] life_tab_reselected=true
[21:24:18] [LIFE_RESET] verify phase='life_reset' attempt=1/2 global_nav_visible=true life_tab_selected=true plugin_card_list_visible=false life_list_ready=false
[21:24:19] [LIFE_RESET] verify phase='life_reset' attempt=2/2 global_nav_visible=true life_tab_selected=true plugin_card_list_visible=false life_list_ready=false
[21:24:19] [LIFE_RESET] life_list_ready=false
[21:24:19] [LIFE_RESET] app_inside=true
[21:24:19] [LIFE_RESET] bottom_nav_ready=true
[21:24:21] [LIFE_RESET] life_tab_reselected=true
[21:24:23] [LIFE_RESET] verify phase='life_reset' attempt=1/2 global_nav_visible=true life_tab_selected=true plugin_card_list_visible=false life_list_ready=false
[21:24:24] [LIFE_RESET] verify phase='life_reset' attempt=2/2 global_nav_visible=true life_tab_selected=true plugin_card_list_visible=false life_list_ready=false
[21:24:24] [LIFE_RESET] life_list_ready=false
[21:24:24] [LIFE_RESET] success=false fail reason='life_list_not_ready'
[21:24:24] [RECOVER] failed reason='life_list_not_ready'
[21:24:24] [PLUGIN_START][life_list_check] ok=false reason='recover_failed'
[21:24:24] [PLUGIN_START][recover_before_entry] success=false
[21:24:24] [PERF][scenario_summary] scenario=life_air_care_plugin tab=(?i).*life.* total_runtime=22.2 total_steps=1 main_step_count=1 overlay_step_count=0 overlay_count=0 avg_get_focus=0.0 avg_move=0.0 avg_crop=0.0 avg_step_total=0.0 step_total_sample_count=0 avg_get_focus_main=0.0 avg_get_focus_overlay=0.0 fallback_dump_count=0 success_false_top_level_dump_attempt_count=0 success_false_top_level_dump_found_count=0 fallback_dump_rate=0.0 get_focus_strong_skip_count=0 get_focus_strong_skip_rate=0.0 step_dump_used_count=0 save_excel_count=0 realign_attempt_count=0 realign_success_count=0 realign_success_rate=0.0
[21:24:24] [SAVE] writing sheets raw/filtered/summary/result
[21:24:24] [SAVE] filtered rows=1, raw rows=1
[21:24:24] [SAVE] saved excel: output/talkback_compare_20260415_212400.xlsx rows=1 with_images=False
[21:24:24] [LIFE_RESET] start
[21:24:24] [LIFE_RESET] app_inside=true
[21:24:24] [LIFE_RESET] bottom_nav_ready=true
[21:24:26] [LIFE_RESET] life_tab_reselected=true
[21:24:28] [LIFE_RESET] verify phase='life_reset' attempt=1/2 global_nav_visible=true life_tab_selected=true plugin_card_list_visible=false life_list_ready=false
[21:24:29] [LIFE_RESET] verify phase='life_reset' attempt=2/2 global_nav_visible=true life_tab_selected=true plugin_card_list_visible=false life_list_ready=false
[21:24:29] [LIFE_RESET] life_list_ready=false
[21:24:30] [LIFE_RESET] app_inside=true
[21:24:30] [LIFE_RESET] bottom_nav_ready=true
[21:24:32] [LIFE_RESET] life_tab_reselected=true
[21:24:34] [LIFE_RESET] verify phase='life_reset' attempt=1/2 global_nav_visible=true life_tab_selected=true plugin_card_list_visible=false life_list_ready=false
[21:24:34] [LIFE_RESET] verify phase='life_reset' attempt=2/2 global_nav_visible=true life_tab_selected=true plugin_card_list_visible=false life_list_ready=false
[21:24:34] [LIFE_RESET] life_list_ready=false
[21:24:34] [LIFE_RESET] success=false fail reason='life_list_not_ready'
[21:24:34] [RECOVER] failed reason='life_list_not_ready'
[21:24:34] [MAIN] recovery failed but continuing scenario_id='life_home_care_plugin' tab='(?i).*life.*'
[21:24:34] [SCENARIO][stabilization] scenario='life_home_care_plugin' screen_context_mode='new_screen' stabilization_mode='anchor_only'
[21:24:35] [LIFE_RESET] verify phase='plugin_start_initial' attempt=1/2 global_nav_visible=true life_tab_selected=true plugin_card_list_visible=false life_list_ready=false
[21:24:36] [LIFE_RESET] verify phase='plugin_start_initial' attempt=2/2 global_nav_visible=true life_tab_selected=true plugin_card_list_visible=false life_list_ready=false
[21:24:36] [PLUGIN_START][recover_before_entry] triggered=true mode='life_reset'
[21:24:36] [LIFE_RESET] start
[21:24:36] [LIFE_RESET] app_inside=true
[21:24:36] [LIFE_RESET] bottom_nav_ready=true
[21:24:39] [LIFE_RESET] life_tab_reselected=true
[21:24:40] [LIFE_RESET] verify phase='life_reset' attempt=1/2 global_nav_visible=true life_tab_selected=true plugin_card_list_visible=false life_list_ready=false
[21:24:41] [LIFE_RESET] verify phase='life_reset' attempt=2/2 global_nav_visible=true life_tab_selected=true plugin_card_list_visible=false life_list_ready=false
[21:24:41] [LIFE_RESET] life_list_ready=false
[21:24:41] [LIFE_RESET] app_inside=true
[21:24:41] [LIFE_RESET] bottom_nav_ready=true
[21:24:44] [LIFE_RESET] life_tab_reselected=true
[21:24:45] [LIFE_RESET] verify phase='life_reset' attempt=1/2 global_nav_visible=true life_tab_selected=true plugin_card_list_visible=false life_list_ready=false
[21:24:46] [LIFE_RESET] verify phase='life_reset' attempt=2/2 global_nav_visible=true life_tab_selected=true plugin_card_list_visible=false life_list_ready=false
[21:24:46] [LIFE_RESET] life_list_ready=false
[21:24:46] [LIFE_RESET] success=false fail reason='life_list_not_ready'
[21:24:46] [RECOVER] failed reason='life_list_not_ready'
[21:24:46] [PLUGIN_START][recover_before_entry] retry=1/2 reason='recover_to_start_state_failed'
[21:24:46] [LIFE_RESET] start
[21:24:47] [LIFE_RESET] app_inside=true
[21:24:47] [LIFE_RESET] bottom_nav_ready=true
[21:24:49] [LIFE_RESET] life_tab_reselected=true
[21:24:51] [LIFE_RESET] verify phase='life_reset' attempt=1/2 global_nav_visible=true life_tab_selected=true plugin_card_list_visible=false life_list_ready=false
[21:24:51] [LIFE_RESET] verify phase='life_reset' attempt=2/2 global_nav_visible=true life_tab_selected=true plugin_card_list_visible=false life_list_ready=false
[21:24:51] [LIFE_RESET] life_list_ready=false
[21:24:52] [LIFE_RESET] app_inside=true
[21:24:52] [LIFE_RESET] bottom_nav_ready=true
[21:24:55] [LIFE_RESET] life_tab_reselected=true
[21:24:56] [LIFE_RESET] verify phase='life_reset' attempt=1/2 global_nav_visible=true life_tab_selected=true plugin_card_list_visible=false life_list_ready=false
[21:24:57] [LIFE_RESET] verify phase='life_reset' attempt=2/2 global_nav_visible=true life_tab_selected=true plugin_card_list_visible=false life_list_ready=false
[21:24:57] [LIFE_RESET] life_list_ready=false
[21:24:57] [LIFE_RESET] success=false fail reason='life_list_not_ready'
[21:24:57] [RECOVER] failed reason='life_list_not_ready'
[21:24:57] [PLUGIN_START][life_list_check] ok=false reason='recover_failed'
[21:24:57] [PLUGIN_START][recover_before_entry] success=false
[21:24:57] [PERF][scenario_summary] scenario=life_home_care_plugin tab=(?i).*life.* total_runtime=22.3 total_steps=1 main_step_count=1 overlay_step_count=0 overlay_count=0 avg_get_focus=0.0 avg_move=0.0 avg_crop=0.0 avg_step_total=0.0 step_total_sample_count=0 avg_get_focus_main=0.0 avg_get_focus_overlay=0.0 fallback_dump_count=0 success_false_top_level_dump_attempt_count=0 success_false_top_level_dump_found_count=0 fallback_dump_rate=0.0 get_focus_strong_skip_count=0 get_focus_strong_skip_rate=0.0 step_dump_used_count=0 save_excel_count=0 realign_attempt_count=0 realign_success_count=0 realign_success_rate=0.0
[21:24:57] [SAVE] writing sheets raw/filtered/summary/result
[21:24:57] [SAVE] filtered rows=2, raw rows=2
[21:24:57] [SAVE] saved excel: output/talkback_compare_20260415_212400.xlsx rows=2 with_images=False
[21:24:57] [LIFE_RESET] start
[21:24:57] [LIFE_RESET] app_inside=true
[21:24:57] [LIFE_RESET] bottom_nav_ready=true
[21:25:00] [LIFE_RESET] life_tab_reselected=true
[21:25:01] [LIFE_RESET] verify phase='life_reset' attempt=1/2 global_nav_visible=true life_tab_selected=true plugin_card_list_visible=false life_list_ready=false
[21:25:02] [LIFE_RESET] verify phase='life_reset' attempt=2/2 global_nav_visible=true life_tab_selected=true plugin_card_list_visible=false life_list_ready=false
[21:25:02] [LIFE_RESET] life_list_ready=false
[21:25:03] [LIFE_RESET] app_inside=true
[21:25:03] [LIFE_RESET] bottom_nav_ready=true
[21:25:05] [LIFE_RESET] life_tab_reselected=true
[21:25:07] [LIFE_RESET] verify phase='life_reset' attempt=1/2 global_nav_visible=true life_tab_selected=true plugin_card_list_visible=false life_list_ready=false
[21:25:07] [LIFE_RESET] verify phase='life_reset' attempt=2/2 global_nav_visible=true life_tab_selected=true plugin_card_list_visible=false life_list_ready=false
[21:25:07] [LIFE_RESET] life_list_ready=false
[21:25:07] [LIFE_RESET] success=false fail reason='life_list_not_ready'
[21:25:07] [RECOVER] failed reason='life_list_not_ready'
[21:25:07] [MAIN] recovery failed but continuing scenario_id='life_energy_plugin' tab='(?i).*life.*'
[21:25:07] [SCENARIO][stabilization] scenario='life_energy_plugin' screen_context_mode='new_screen' stabilization_mode='anchor_only'
[21:25:08] [LIFE_RESET] verify phase='plugin_start_initial' attempt=1/2 global_nav_visible=true life_tab_selected=true plugin_card_list_visible=false life_list_ready=false
[21:25:09] [LIFE_RESET] verify phase='plugin_start_initial' attempt=2/2 global_nav_visible=true life_tab_selected=true plugin_card_list_visible=false life_list_ready=false
[21:25:09] [PLUGIN_START][recover_before_entry] triggered=true mode='life_reset'
[21:25:09] [LIFE_RESET] start
[21:25:10] [LIFE_RESET] app_inside=true
[21:25:10] [LIFE_RESET] bottom_nav_ready=true
[21:25:12] [LIFE_RESET] life_tab_reselected=true
[21:25:13] [LIFE_RESET] verify phase='life_reset' attempt=1/2 global_nav_visible=true life_tab_selected=true plugin_card_list_visible=false life_list_ready=false
[21:25:14] [LIFE_RESET] verify phase='life_reset' attempt=2/2 global_nav_visible=true life_tab_selected=true plugin_card_list_visible=false life_list_ready=false
[21:25:14] [LIFE_RESET] life_list_ready=false
[21:25:15] [LIFE_RESET] app_inside=true
[21:25:15] [LIFE_RESET] bottom_nav_ready=true
[21:25:17] [LIFE_RESET] life_tab_reselected=true
[21:25:18] [LIFE_RESET] verify phase='life_reset' attempt=1/2 global_nav_visible=true life_tab_selected=true plugin_card_list_visible=false life_list_ready=false
[21:25:20] [LIFE_RESET] verify phase='life_reset' attempt=2/2 global_nav_visible=true life_tab_selected=true plugin_card_list_visible=false life_list_ready=false
[21:25:20] [LIFE_RESET] life_list_ready=false
[21:25:20] [LIFE_RESET] success=false fail reason='life_list_not_ready'
[21:25:20] [RECOVER] failed reason='life_list_not_ready'
[21:25:20] [PLUGIN_START][recover_before_entry] retry=1/2 reason='recover_to_start_state_failed'
[21:25:20] [LIFE_RESET] start
[21:25:20] [LIFE_RESET] app_inside=true
[21:25:20] [LIFE_RESET] bottom_nav_ready=true
[21:25:22] [LIFE_RESET] life_tab_reselected=true
[21:25:24] [LIFE_RESET] verify phase='life_reset' attempt=1/2 global_nav_visible=true life_tab_selected=true plugin_card_list_visible=false life_list_ready=false
[21:25:25] [LIFE_RESET] verify phase='life_reset' attempt=2/2 global_nav_visible=true life_tab_selected=true plugin_card_list_visible=false life_list_ready=false
[21:25:25] [LIFE_RESET] life_list_ready=false
[21:25:25] [LIFE_RESET] app_inside=true
[21:25:25] [LIFE_RESET] bottom_nav_ready=true
[21:25:28] [LIFE_RESET] life_tab_reselected=true
[21:25:29] [LIFE_RESET] verify phase='life_reset' attempt=1/2 global_nav_visible=true life_tab_selected=true plugin_card_list_visible=false life_list_ready=false
[21:25:30] [LIFE_RESET] verify phase='life_reset' attempt=2/2 global_nav_visible=true life_tab_selected=true plugin_card_list_visible=false life_list_ready=false
[21:25:30] [LIFE_RESET] life_list_ready=false
[21:25:30] [LIFE_RESET] success=false fail reason='life_list_not_ready'
[21:25:30] [RECOVER] failed reason='life_list_not_ready'
[21:25:30] [PLUGIN_START][life_list_check] ok=false reason='recover_failed'
[21:25:30] [PLUGIN_START][recover_before_entry] success=false
[21:25:30] [PERF][scenario_summary] scenario=life_energy_plugin tab=(?i).*life.* total_runtime=22.8 total_steps=1 main_step_count=1 overlay_step_count=0 overlay_count=0 avg_get_focus=0.0 avg_move=0.0 avg_crop=0.0 avg_step_total=0.0 step_total_sample_count=0 avg_get_focus_main=0.0 avg_get_focus_overlay=0.0 fallback_dump_count=0 success_false_top_level_dump_attempt_count=0 success_false_top_level_dump_found_count=0 fallback_dump_rate=0.0 get_focus_strong_skip_count=0 get_focus_strong_skip_rate=0.0 step_dump_used_count=0 save_excel_count=0 realign_attempt_count=0 realign_success_count=0 realign_success_rate=0.0
[21:25:30] [SAVE] writing sheets raw/filtered/summary/result
[21:25:30] [SAVE] filtered rows=3, raw rows=3
[21:25:30] [SAVE] saved excel: output/talkback_compare_20260415_212400.xlsx rows=3 with_images=False
[21:25:30] [MAIN] skip disabled scenario_id='devices_main' tab='(?i).*devices.*'
[21:25:30] [MAIN] skip disabled scenario_id='life_main' tab='(?i).*life.*'
[21:25:30] [MAIN] skip disabled scenario_id='routines_main' tab='(?i).*routines.*'
[21:25:30] [MAIN] skip disabled scenario_id='menu_main' tab='(?i).*(menu|more).*'
[21:25:30] [MAIN] skip disabled scenario_id='settings_entry_example' tab='(?i).*menu.*'
[21:25:30] [LIFE_RESET] start
[21:25:31] [LIFE_RESET] app_inside=true
[21:25:31] [LIFE_RESET] bottom_nav_ready=true
[21:25:33] [LIFE_RESET] life_tab_reselected=true
[21:25:35] [LIFE_RESET] verify phase='life_reset' attempt=1/2 global_nav_visible=true life_tab_selected=true plugin_card_list_visible=false life_list_ready=false
[21:25:36] [LIFE_RESET] verify phase='life_reset' attempt=2/2 global_nav_visible=true life_tab_selected=true plugin_card_list_visible=false life_list_ready=false
[21:25:36] [LIFE_RESET] life_list_ready=false
[21:25:36] [LIFE_RESET] app_inside=true
[21:25:36] [LIFE_RESET] bottom_nav_ready=true
[21:25:38] [LIFE_RESET] life_tab_reselected=true
[21:25:40] [LIFE_RESET] verify phase='life_reset' attempt=1/2 global_nav_visible=true life_tab_selected=true plugin_card_list_visible=false life_list_ready=false
[21:25:41] [LIFE_RESET] verify phase='life_reset' attempt=2/2 global_nav_visible=true life_tab_selected=true plugin_card_list_visible=false life_list_ready=false
[21:25:41] [LIFE_RESET] life_list_ready=false
[21:25:41] [LIFE_RESET] success=false fail reason='life_list_not_ready'
[21:25:41] [RECOVER] failed reason='life_list_not_ready'
[21:25:41] [MAIN] recovery failed but continuing scenario_id='life_pet_care_plugin' tab='(?i).*life.*'
[21:25:41] [SCENARIO][stabilization] scenario='life_pet_care_plugin' screen_context_mode='new_screen' stabilization_mode='anchor_only'
[21:25:41] [LIFE_RESET] verify phase='plugin_start_initial' attempt=1/2 global_nav_visible=true life_tab_selected=true plugin_card_list_visible=false life_list_ready=false
[21:25:42] [LIFE_RESET] verify phase='plugin_start_initial' attempt=2/2 global_nav_visible=true life_tab_selected=true plugin_card_list_visible=false life_list_ready=false
[21:25:42] [PLUGIN_START][recover_before_entry] triggered=true mode='life_reset'
[21:25:42] [LIFE_RESET] start
[21:25:42] [LIFE_RESET] app_inside=true
[21:25:42] [LIFE_RESET] bottom_nav_ready=true
[21:25:45] [LIFE_RESET] life_tab_reselected=true
[21:25:46] [LIFE_RESET] verify phase='life_reset' attempt=1/2 global_nav_visible=true life_tab_selected=true plugin_card_list_visible=false life_list_ready=false
[21:25:47] [LIFE_RESET] verify phase='life_reset' attempt=2/2 global_nav_visible=true life_tab_selected=true plugin_card_list_visible=false life_list_ready=false
[21:25:47] [LIFE_RESET] life_list_ready=false
[21:25:48] [LIFE_RESET] app_inside=true
[21:25:48] [LIFE_RESET] bottom_nav_ready=true
[21:25:50] [LIFE_RESET] life_tab_reselected=true
[21:25:52] [LIFE_RESET] verify phase='life_reset' attempt=1/2 global_nav_visible=true life_tab_selected=true plugin_card_list_visible=false life_list_ready=false
[21:25:53] [LIFE_RESET] verify phase='life_reset' attempt=2/2 global_nav_visible=true life_tab_selected=true plugin_card_list_visible=false life_list_ready=false
[21:25:53] [LIFE_RESET] life_list_ready=false
[21:25:53] [LIFE_RESET] success=false fail reason='life_list_not_ready'
[21:25:53] [RECOVER] failed reason='life_list_not_ready'
[21:25:53] [PLUGIN_START][recover_before_entry] retry=1/2 reason='recover_to_start_state_failed'
[21:25:53] [LIFE_RESET] start
[21:25:53] [LIFE_RESET] app_inside=true
[21:25:53] [LIFE_RESET] bottom_nav_ready=true
[21:25:56] [LIFE_RESET] life_tab_reselected=true
[21:25:57] [LIFE_RESET] verify phase='life_reset' attempt=1/2 global_nav_visible=true life_tab_selected=true plugin_card_list_visible=false life_list_ready=false
[21:25:58] [LIFE_RESET] verify phase='life_reset' attempt=2/2 global_nav_visible=true life_tab_selected=true plugin_card_list_visible=false life_list_ready=false
[21:25:58] [LIFE_RESET] life_list_ready=false
[21:25:58] [LIFE_RESET] app_inside=true
[21:25:58] [LIFE_RESET] bottom_nav_ready=true
[21:26:01] [LIFE_RESET] life_tab_reselected=true
[21:26:02] [LIFE_RESET] verify phase='life_reset' attempt=1/2 global_nav_visible=true life_tab_selected=true plugin_card_list_visible=false life_list_ready=false
[21:26:03] [LIFE_RESET] verify phase='life_reset' attempt=2/2 global_nav_visible=true life_tab_selected=true plugin_card_list_visible=false life_list_ready=false
[21:26:03] [LIFE_RESET] life_list_ready=false
[21:26:03] [LIFE_RESET] success=false fail reason='life_list_not_ready'
[21:26:03] [RECOVER] failed reason='life_list_not_ready'
[21:26:03] [PLUGIN_START][life_list_check] ok=false reason='recover_failed'
[21:26:03] [PLUGIN_START][recover_before_entry] success=false
[21:26:03] [PERF][scenario_summary] scenario=life_pet_care_plugin tab=(?i).*life.* total_runtime=22.3 total_steps=1 main_step_count=1 overlay_step_count=0 overlay_count=0 avg_get_focus=0.0 avg_move=0.0 avg_crop=0.0 avg_step_total=0.0 step_total_sample_count=0 avg_get_focus_main=0.0 avg_get_focus_overlay=0.0 fallback_dump_count=0 success_false_top_level_dump_attempt_count=0 success_false_top_level_dump_found_count=0 fallback_dump_rate=0.0 get_focus_strong_skip_count=0 get_focus_strong_skip_rate=0.0 step_dump_used_count=0 save_excel_count=0 realign_attempt_count=0 realign_success_count=0 realign_success_rate=0.0
[21:26:03] [SAVE] writing sheets raw/filtered/summary/result
[21:26:03] [SAVE] filtered rows=4, raw rows=4
[21:26:03] [SAVE] saved excel: output/talkback_compare_20260415_212400.xlsx rows=4 with_images=False
[21:26:03] [LIFE_RESET] start
[21:26:04] [LIFE_RESET] app_inside=true
[21:26:04] [LIFE_RESET] bottom_nav_ready=true
[21:26:06] [LIFE_RESET] life_tab_reselected=true
[21:26:08] [LIFE_RESET] verify phase='life_reset' attempt=1/2 global_nav_visible=true life_tab_selected=true plugin_card_list_visible=false life_list_ready=false
[21:26:09] [LIFE_RESET] verify phase='life_reset' attempt=2/2 global_nav_visible=true life_tab_selected=true plugin_card_list_visible=false life_list_ready=false
[21:26:09] [LIFE_RESET] life_list_ready=false
[21:26:09] [LIFE_RESET] app_inside=true
[21:26:09] [LIFE_RESET] bottom_nav_ready=true
[21:26:12] [LIFE_RESET] life_tab_reselected=true
[21:26:13] [LIFE_RESET] verify phase='life_reset' attempt=1/2 global_nav_visible=true life_tab_selected=true plugin_card_list_visible=false life_list_ready=false
[21:26:14] [LIFE_RESET] verify phase='life_reset' attempt=2/2 global_nav_visible=true life_tab_selected=true plugin_card_list_visible=false life_list_ready=false
[21:26:14] [LIFE_RESET] life_list_ready=false
[21:26:14] [LIFE_RESET] success=false fail reason='life_list_not_ready'
[21:26:14] [RECOVER] failed reason='life_list_not_ready'
[21:26:14] [MAIN] recovery failed but continuing scenario_id='life_family_care_plugin' tab='(?i).*life.*'
[21:26:14] [SCENARIO][stabilization] scenario='life_family_care_plugin' screen_context_mode='new_screen' stabilization_mode='anchor_only'
[21:26:14] [LIFE_RESET] verify phase='plugin_start_initial' attempt=1/2 global_nav_visible=true life_tab_selected=true plugin_card_list_visible=false life_list_ready=false
[21:26:15] [LIFE_RESET] verify phase='plugin_start_initial' attempt=2/2 global_nav_visible=true life_tab_selected=true plugin_card_list_visible=false life_list_ready=false
[21:26:15] [PLUGIN_START][recover_before_entry] triggered=true mode='life_reset'
[21:26:15] [LIFE_RESET] start
[21:26:16] [LIFE_RESET] app_inside=true
[21:26:16] [LIFE_RESET] bottom_nav_ready=true
[21:26:18] [LIFE_RESET] life_tab_reselected=true
[21:26:20] [LIFE_RESET] verify phase='life_reset' attempt=1/2 global_nav_visible=true life_tab_selected=true plugin_card_list_visible=false life_list_ready=false
[21:26:21] [LIFE_RESET] verify phase='life_reset' attempt=2/2 global_nav_visible=true life_tab_selected=true plugin_card_list_visible=false life_list_ready=false
[21:26:21] [LIFE_RESET] life_list_ready=false
[21:26:22] [LIFE_RESET] app_inside=true
[21:26:22] [LIFE_RESET] bottom_nav_ready=true
[21:26:24] [LIFE_RESET] life_tab_reselected=true
[21:26:25] [LIFE_RESET] verify phase='life_reset' attempt=1/2 global_nav_visible=true life_tab_selected=true plugin_card_list_visible=false life_list_ready=false
[21:26:26] [LIFE_RESET] verify phase='life_reset' attempt=2/2 global_nav_visible=true life_tab_selected=true plugin_card_list_visible=false life_list_ready=false
[21:26:26] [LIFE_RESET] life_list_ready=false
[21:26:26] [LIFE_RESET] success=false fail reason='life_list_not_ready'
[21:26:26] [RECOVER] failed reason='life_list_not_ready'
[21:26:26] [PLUGIN_START][recover_before_entry] retry=1/2 reason='recover_to_start_state_failed'
[21:26:26] [LIFE_RESET] start
[21:26:27] [LIFE_RESET] app_inside=true
[21:26:27] [LIFE_RESET] bottom_nav_ready=true
[21:26:29] [LIFE_RESET] life_tab_reselected=true
[21:26:30] [LIFE_RESET] verify phase='life_reset' attempt=1/2 global_nav_visible=true life_tab_selected=true plugin_card_list_visible=false life_list_ready=false
[21:26:31] [LIFE_RESET] verify phase='life_reset' attempt=2/2 global_nav_visible=true life_tab_selected=true plugin_card_list_visible=false life_list_ready=false
[21:26:31] [LIFE_RESET] life_list_ready=false
[21:26:32] [LIFE_RESET] app_inside=true
[21:26:32] [LIFE_RESET] bottom_nav_ready=true
[21:26:34] [LIFE_RESET] life_tab_reselected=true
[21:26:35] [LIFE_RESET] verify phase='life_reset' attempt=1/2 global_nav_visible=true life_tab_selected=true plugin_card_list_visible=false life_list_ready=false
[21:26:37] [LIFE_RESET] verify phase='life_reset' attempt=2/2 global_nav_visible=true life_tab_selected=true plugin_card_list_visible=false life_list_ready=false
[21:26:37] [LIFE_RESET] life_list_ready=false
[21:26:37] [LIFE_RESET] success=false fail reason='life_list_not_ready'
[21:26:37] [RECOVER] failed reason='life_list_not_ready'
[21:26:37] [PLUGIN_START][life_list_check] ok=false reason='recover_failed'
[21:26:37] [PLUGIN_START][recover_before_entry] success=false
[21:26:37] [PERF][scenario_summary] scenario=life_family_care_plugin tab=(?i).*life.* total_runtime=22.8 total_steps=1 main_step_count=1 overlay_step_count=0 overlay_count=0 avg_get_focus=0.0 avg_move=0.0 avg_crop=0.0 avg_step_total=0.0 step_total_sample_count=0 avg_get_focus_main=0.0 avg_get_focus_overlay=0.0 fallback_dump_count=0 success_false_top_level_dump_attempt_count=0 success_false_top_level_dump_found_count=0 fallback_dump_rate=0.0 get_focus_strong_skip_count=0 get_focus_strong_skip_rate=0.0 step_dump_used_count=0 save_excel_count=0 realign_attempt_count=0 realign_success_count=0 realign_success_rate=0.0
[21:26:37] [SAVE] writing sheets raw/filtered/summary/result
[21:26:37] [SAVE] filtered rows=5, raw rows=5
[21:26:37] [SAVE] saved excel: output/talkback_compare_20260415_212400.xlsx rows=5 with_images=False
[21:26:37] [LIFE_RESET] start
[21:26:37] [LIFE_RESET] app_inside=true
[21:26:37] [LIFE_RESET] bottom_nav_ready=true
[21:26:39] [LIFE_RESET] life_tab_reselected=true
[21:26:41] [LIFE_RESET] verify phase='life_reset' attempt=1/2 global_nav_visible=true life_tab_selected=true plugin_card_list_visible=false life_list_ready=false
[21:26:42] [LIFE_RESET] verify phase='life_reset' attempt=2/2 global_nav_visible=true life_tab_selected=true plugin_card_list_visible=false life_list_ready=false
[21:26:42] [LIFE_RESET] life_list_ready=false
[21:26:42] [LIFE_RESET] app_inside=true
[21:26:42] [LIFE_RESET] bottom_nav_ready=true
[21:26:45] [LIFE_RESET] life_tab_reselected=true
[21:26:46] [LIFE_RESET] verify phase='life_reset' attempt=1/2 global_nav_visible=true life_tab_selected=true plugin_card_list_visible=false life_list_ready=false
[21:26:47] [LIFE_RESET] verify phase='life_reset' attempt=2/2 global_nav_visible=true life_tab_selected=true plugin_card_list_visible=false life_list_ready=false
[21:26:47] [LIFE_RESET] life_list_ready=false
[21:26:47] [LIFE_RESET] success=false fail reason='life_list_not_ready'
[21:26:47] [RECOVER] failed reason='life_list_not_ready'
[21:26:47] [MAIN] recovery failed but continuing scenario_id='life_plant_care_plugin' tab='(?i).*life.*'
[21:26:47] [SCENARIO][stabilization] scenario='life_plant_care_plugin' screen_context_mode='new_screen' stabilization_mode='anchor_only'
[21:26:48] [LIFE_RESET] verify phase='plugin_start_initial' attempt=1/2 global_nav_visible=true life_tab_selected=true plugin_card_list_visible=false life_list_ready=false
[21:26:48] [LIFE_RESET] verify phase='plugin_start_initial' attempt=2/2 global_nav_visible=true life_tab_selected=true plugin_card_list_visible=false life_list_ready=false
[21:26:48] [PLUGIN_START][recover_before_entry] triggered=true mode='life_reset'
[21:26:48] [LIFE_RESET] start
[21:26:49] [LIFE_RESET] app_inside=true
[21:26:49] [LIFE_RESET] bottom_nav_ready=true
[21:26:51] [LIFE_RESET] life_tab_reselected=true
[21:26:53] [LIFE_RESET] verify phase='life_reset' attempt=1/2 global_nav_visible=true life_tab_selected=true plugin_card_list_visible=false life_list_ready=false
[21:26:54] [LIFE_RESET] verify phase='life_reset' attempt=2/2 global_nav_visible=true life_tab_selected=true plugin_card_list_visible=false life_list_ready=false
[21:26:54] [LIFE_RESET] life_list_ready=false
[21:26:54] [LIFE_RESET] app_inside=true
[21:26:54] [LIFE_RESET] bottom_nav_ready=true
[21:26:56] [LIFE_RESET] life_tab_reselected=true
[21:26:58] [LIFE_RESET] verify phase='life_reset' attempt=1/2 global_nav_visible=true life_tab_selected=true plugin_card_list_visible=false life_list_ready=false
[21:26:59] [LIFE_RESET] verify phase='life_reset' attempt=2/2 global_nav_visible=true life_tab_selected=true plugin_card_list_visible=false life_list_ready=false
[21:26:59] [LIFE_RESET] life_list_ready=false
[21:26:59] [LIFE_RESET] success=false fail reason='life_list_not_ready'
[21:26:59] [RECOVER] failed reason='life_list_not_ready'
[21:26:59] [PLUGIN_START][recover_before_entry] retry=1/2 reason='recover_to_start_state_failed'
[21:26:59] [LIFE_RESET] start
[21:27:00] [LIFE_RESET] app_inside=true
[21:27:00] [LIFE_RESET] bottom_nav_ready=true
[21:27:02] [LIFE_RESET] life_tab_reselected=true
[21:27:04] [LIFE_RESET] verify phase='life_reset' attempt=1/2 global_nav_visible=true life_tab_selected=true plugin_card_list_visible=false life_list_ready=false
[21:27:04] [LIFE_RESET] verify phase='life_reset' attempt=2/2 global_nav_visible=true life_tab_selected=true plugin_card_list_visible=false life_list_ready=false
[21:27:04] [LIFE_RESET] life_list_ready=false
[21:27:05] [LIFE_RESET] app_inside=true
[21:27:05] [LIFE_RESET] bottom_nav_ready=true
[21:27:07] [LIFE_RESET] life_tab_reselected=true
[21:27:09] [LIFE_RESET] verify phase='life_reset' attempt=1/2 global_nav_visible=true life_tab_selected=true plugin_card_list_visible=false life_list_ready=false
[21:27:10] [LIFE_RESET] verify phase='life_reset' attempt=2/2 global_nav_visible=true life_tab_selected=true plugin_card_list_visible=false life_list_ready=false
[21:27:10] [LIFE_RESET] life_list_ready=false
[21:27:10] [LIFE_RESET] success=false fail reason='life_list_not_ready'
[21:27:10] [RECOVER] failed reason='life_list_not_ready'
[21:27:10] [PLUGIN_START][life_list_check] ok=false reason='recover_failed'
[21:27:10] [PLUGIN_START][recover_before_entry] success=false
[21:27:10] [PERF][scenario_summary] scenario=life_plant_care_plugin tab=(?i).*life.* total_runtime=22.4 total_steps=1 main_step_count=1 overlay_step_count=0 overlay_count=0 avg_get_focus=0.0 avg_move=0.0 avg_crop=0.0 avg_step_total=0.0 step_total_sample_count=0 avg_get_focus_main=0.0 avg_get_focus_overlay=0.0 fallback_dump_count=0 success_false_top_level_dump_attempt_count=0 success_false_top_level_dump_found_count=0 fallback_dump_rate=0.0 get_focus_strong_skip_count=0 get_focus_strong_skip_rate=0.0 step_dump_used_count=0 save_excel_count=0 realign_attempt_count=0 realign_success_count=0 realign_success_rate=0.0
[21:27:10] [SAVE] writing sheets raw/filtered/summary/result
[21:27:10] [SAVE] filtered rows=6, raw rows=6
[21:27:10] [SAVE] saved excel: output/talkback_compare_20260415_212400.xlsx rows=6 with_images=False
[21:27:10] [LIFE_RESET] start
[21:27:10] [LIFE_RESET] app_inside=true
[21:27:10] [LIFE_RESET] bottom_nav_ready=true
[21:27:12] [LIFE_RESET] life_tab_reselected=true
[21:27:14] [LIFE_RESET] verify phase='life_reset' attempt=1/2 global_nav_visible=true life_tab_selected=true plugin_card_list_visible=false life_list_ready=false
[21:27:15] [LIFE_RESET] verify phase='life_reset' attempt=2/2 global_nav_visible=true life_tab_selected=true plugin_card_list_visible=false life_list_ready=false
[21:27:15] [LIFE_RESET] life_list_ready=false
[21:27:16] [LIFE_RESET] app_inside=true
[21:27:16] [LIFE_RESET] bottom_nav_ready=true
[21:27:18] [LIFE_RESET] life_tab_reselected=true
[21:27:20] [LIFE_RESET] verify phase='life_reset' attempt=1/2 global_nav_visible=true life_tab_selected=true plugin_card_list_visible=false life_list_ready=false
[21:27:20] [LIFE_RESET] verify phase='life_reset' attempt=2/2 global_nav_visible=true life_tab_selected=true plugin_card_list_visible=false life_list_ready=false
[21:27:20] [LIFE_RESET] life_list_ready=false
[21:27:20] [LIFE_RESET] success=false fail reason='life_list_not_ready'
[21:27:20] [RECOVER] failed reason='life_list_not_ready'
[21:27:20] [MAIN] recovery failed but continuing scenario_id='life_clothing_care_plugin' tab='(?i).*life.*'
[21:27:20] [SCENARIO][stabilization] scenario='life_clothing_care_plugin' screen_context_mode='new_screen' stabilization_mode='anchor_only'
[21:27:21] [LIFE_RESET] verify phase='plugin_start_initial' attempt=1/2 global_nav_visible=true life_tab_selected=true plugin_card_list_visible=false life_list_ready=false
[21:27:22] [LIFE_RESET] verify phase='plugin_start_initial' attempt=2/2 global_nav_visible=true life_tab_selected=true plugin_card_list_visible=false life_list_ready=false
[21:27:22] [PLUGIN_START][recover_before_entry] triggered=true mode='life_reset'
[21:27:22] [LIFE_RESET] start
[21:27:22] [LIFE_RESET] app_inside=true
[21:27:22] [LIFE_RESET] bottom_nav_ready=true
[21:27:25] [LIFE_RESET] life_tab_reselected=true
[21:27:26] [LIFE_RESET] verify phase='life_reset' attempt=1/2 global_nav_visible=true life_tab_selected=true plugin_card_list_visible=false life_list_ready=false
[21:27:27] [LIFE_RESET] verify phase='life_reset' attempt=2/2 global_nav_visible=true life_tab_selected=true plugin_card_list_visible=false life_list_ready=false
[21:27:27] [LIFE_RESET] life_list_ready=false
[21:27:28] [LIFE_RESET] app_inside=true
[21:27:28] [LIFE_RESET] bottom_nav_ready=true
[21:27:30] [LIFE_RESET] life_tab_reselected=true
[21:27:32] [LIFE_RESET] verify phase='life_reset' attempt=1/2 global_nav_visible=true life_tab_selected=true plugin_card_list_visible=false life_list_ready=false
[21:27:32] [LIFE_RESET] verify phase='life_reset' attempt=2/2 global_nav_visible=true life_tab_selected=true plugin_card_list_visible=false life_list_ready=false
[21:27:32] [LIFE_RESET] life_list_ready=false
[21:27:32] [LIFE_RESET] success=false fail reason='life_list_not_ready'
[21:27:32] [RECOVER] failed reason='life_list_not_ready'
[21:27:32] [PLUGIN_START][recover_before_entry] retry=1/2 reason='recover_to_start_state_failed'
[21:27:32] [LIFE_RESET] start
[21:27:33] [LIFE_RESET] app_inside=true
[21:27:33] [LIFE_RESET] bottom_nav_ready=true
[21:27:36] [LIFE_RESET] life_tab_reselected=true
[21:27:37] [LIFE_RESET] verify phase='life_reset' attempt=1/2 global_nav_visible=true life_tab_selected=true plugin_card_list_visible=false life_list_ready=false
[21:27:38] [LIFE_RESET] verify phase='life_reset' attempt=2/2 global_nav_visible=true life_tab_selected=true plugin_card_list_visible=false life_list_ready=false
[21:27:38] [LIFE_RESET] life_list_ready=false
[21:27:38] [LIFE_RESET] app_inside=true
[21:27:38] [LIFE_RESET] bottom_nav_ready=true
[21:27:41] [LIFE_RESET] life_tab_reselected=true
[21:27:42] [LIFE_RESET] verify phase='life_reset' attempt=1/2 global_nav_visible=true life_tab_selected=true plugin_card_list_visible=false life_list_ready=false
[21:27:43] [LIFE_RESET] verify phase='life_reset' attempt=2/2 global_nav_visible=true life_tab_selected=true plugin_card_list_visible=false life_list_ready=false
[21:27:43] [LIFE_RESET] life_list_ready=false
[21:27:43] [LIFE_RESET] success=false fail reason='life_list_not_ready'
[21:27:43] [RECOVER] failed reason='life_list_not_ready'
[21:27:43] [PLUGIN_START][life_list_check] ok=false reason='recover_failed'
[21:27:43] [PLUGIN_START][recover_before_entry] success=false
[21:27:43] [PERF][scenario_summary] scenario=life_clothing_care_plugin tab=(?i).*life.* total_runtime=22.6 total_steps=1 main_step_count=1 overlay_step_count=0 overlay_count=0 avg_get_focus=0.0 avg_move=0.0 avg_crop=0.0 avg_step_total=0.0 step_total_sample_count=0 avg_get_focus_main=0.0 avg_get_focus_overlay=0.0 fallback_dump_count=0 success_false_top_level_dump_attempt_count=0 success_false_top_level_dump_found_count=0 fallback_dump_rate=0.0 get_focus_strong_skip_count=0 get_focus_strong_skip_rate=0.0 step_dump_used_count=0 save_excel_count=0 realign_attempt_count=0 realign_success_count=0 realign_success_rate=0.0
[21:27:43] [SAVE] writing sheets raw/filtered/summary/result
[21:27:43] [SAVE] filtered rows=7, raw rows=7
[21:27:43] [SAVE] saved excel: output/talkback_compare_20260415_212400.xlsx rows=7 with_images=False
[21:27:43] [LIFE_RESET] start
[21:27:44] [LIFE_RESET] app_inside=true
[21:27:44] [LIFE_RESET] bottom_nav_ready=true
[21:27:46] [LIFE_RESET] life_tab_reselected=true
[21:27:48] [LIFE_RESET] verify phase='life_reset' attempt=1/2 global_nav_visible=true life_tab_selected=true plugin_card_list_visible=false life_list_ready=false
[21:27:48] [LIFE_RESET] verify phase='life_reset' attempt=2/2 global_nav_visible=true life_tab_selected=true plugin_card_list_visible=false life_list_ready=false
[21:27:48] [LIFE_RESET] life_list_ready=false
[21:27:49] [LIFE_RESET] app_inside=true
[21:27:49] [LIFE_RESET] bottom_nav_ready=true
[21:27:52] [LIFE_RESET] life_tab_reselected=true
[21:27:53] [LIFE_RESET] verify phase='life_reset' attempt=1/2 global_nav_visible=true life_tab_selected=true plugin_card_list_visible=false life_list_ready=false
[21:27:54] [LIFE_RESET] verify phase='life_reset' attempt=2/2 global_nav_visible=true life_tab_selected=true plugin_card_list_visible=false life_list_ready=false
[21:27:54] [LIFE_RESET] life_list_ready=false
[21:27:54] [LIFE_RESET] success=false fail reason='life_list_not_ready'
[21:27:54] [RECOVER] failed reason='life_list_not_ready'
[21:27:54] [MAIN] recovery failed but continuing scenario_id='life_find_plugin' tab='(?i).*life.*'
[21:27:54] [SCENARIO][stabilization] scenario='life_find_plugin' screen_context_mode='new_screen' stabilization_mode='anchor_only'
[21:27:54] [LIFE_RESET] verify phase='plugin_start_initial' attempt=1/2 global_nav_visible=true life_tab_selected=true plugin_card_list_visible=false life_list_ready=false
[21:27:55] [LIFE_RESET] verify phase='plugin_start_initial' attempt=2/2 global_nav_visible=true life_tab_selected=true plugin_card_list_visible=false life_list_ready=false
[21:27:55] [PLUGIN_START][recover_before_entry] triggered=true mode='life_reset'
[21:27:55] [LIFE_RESET] start
[21:27:56] [LIFE_RESET] app_inside=true
[21:27:56] [LIFE_RESET] bottom_nav_ready=true
[21:27:58] [LIFE_RESET] life_tab_reselected=true
[21:27:59] [LIFE_RESET] verify phase='life_reset' attempt=1/2 global_nav_visible=true life_tab_selected=true plugin_card_list_visible=false life_list_ready=false
[21:28:01] [LIFE_RESET] verify phase='life_reset' attempt=2/2 global_nav_visible=true life_tab_selected=true plugin_card_list_visible=false life_list_ready=false
[21:28:01] [LIFE_RESET] life_list_ready=false
[21:28:01] [LIFE_RESET] app_inside=true
[21:28:01] [LIFE_RESET] bottom_nav_ready=true
[21:28:03] [LIFE_RESET] life_tab_reselected=true
[21:28:05] [LIFE_RESET] verify phase='life_reset' attempt=1/2 global_nav_visible=true life_tab_selected=true plugin_card_list_visible=false life_list_ready=false
[21:28:06] [LIFE_RESET] verify phase='life_reset' attempt=2/2 global_nav_visible=true life_tab_selected=true plugin_card_list_visible=false life_list_ready=false
[21:28:06] [LIFE_RESET] life_list_ready=false
[21:28:06] [LIFE_RESET] success=false fail reason='life_list_not_ready'
[21:28:06] [RECOVER] failed reason='life_list_not_ready'
[21:28:06] [PLUGIN_START][recover_before_entry] retry=1/2 reason='recover_to_start_state_failed'
[21:28:06] [LIFE_RESET] start
[21:28:07] [LIFE_RESET] app_inside=true
[21:28:07] [LIFE_RESET] bottom_nav_ready=true
[21:28:09] [LIFE_RESET] life_tab_reselected=true
[21:28:10] [LIFE_RESET] verify phase='life_reset' attempt=1/2 global_nav_visible=true life_tab_selected=true plugin_card_list_visible=false life_list_ready=false
[21:28:11] [LIFE_RESET] verify phase='life_reset' attempt=2/2 global_nav_visible=true life_tab_selected=true plugin_card_list_visible=false life_list_ready=false
[21:28:11] [LIFE_RESET] life_list_ready=false
[21:28:12] [LIFE_RESET] app_inside=true
[21:28:12] [LIFE_RESET] bottom_nav_ready=true
[21:28:14] [LIFE_RESET] life_tab_reselected=true
[21:28:15] [LIFE_RESET] verify phase='life_reset' attempt=1/2 global_nav_visible=true life_tab_selected=true plugin_card_list_visible=false life_list_ready=false
[21:28:17] [LIFE_RESET] verify phase='life_reset' attempt=2/2 global_nav_visible=true life_tab_selected=true plugin_card_list_visible=false life_list_ready=false
[21:28:17] [LIFE_RESET] life_list_ready=false
[21:28:17] [LIFE_RESET] success=false fail reason='life_list_not_ready'
[21:28:17] [RECOVER] failed reason='life_list_not_ready'
[21:28:17] [PLUGIN_START][life_list_check] ok=false reason='recover_failed'
[21:28:17] [PLUGIN_START][recover_before_entry] success=false
[21:28:17] [PERF][scenario_summary] scenario=life_find_plugin tab=(?i).*life.* total_runtime=23.0 total_steps=1 main_step_count=1 overlay_step_count=0 overlay_count=0 avg_get_focus=0.0 avg_move=0.0 avg_crop=0.0 avg_step_total=0.0 step_total_sample_count=0 avg_get_focus_main=0.0 avg_get_focus_overlay=0.0 fallback_dump_count=0 success_false_top_level_dump_attempt_count=0 success_false_top_level_dump_found_count=0 fallback_dump_rate=0.0 get_focus_strong_skip_count=0 get_focus_strong_skip_rate=0.0 step_dump_used_count=0 save_excel_count=0 realign_attempt_count=0 realign_success_count=0 realign_success_rate=0.0
[21:28:17] [SAVE] writing sheets raw/filtered/summary/result
[21:28:17] [SAVE] filtered rows=8, raw rows=8
[21:28:17] [SAVE] saved excel: output/talkback_compare_20260415_212400.xlsx rows=8 with_images=False
[21:28:17] [LIFE_RESET] start
[21:28:17] [LIFE_RESET] app_inside=true
[21:28:17] [LIFE_RESET] bottom_nav_ready=true
[21:28:19] [LIFE_RESET] life_tab_reselected=true
[21:28:21] [LIFE_RESET] verify phase='life_reset' attempt=1/2 global_nav_visible=true life_tab_selected=true plugin_card_list_visible=false life_list_ready=false
[21:28:22] [LIFE_RESET] verify phase='life_reset' attempt=2/2 global_nav_visible=true life_tab_selected=true plugin_card_list_visible=false life_list_ready=false
[21:28:22] [LIFE_RESET] life_list_ready=false
[21:28:23] [LIFE_RESET] app_inside=true
[21:28:23] [LIFE_RESET] bottom_nav_ready=true
[21:28:25] [LIFE_RESET] life_tab_reselected=true
[21:28:27] [LIFE_RESET] verify phase='life_reset' attempt=1/2 global_nav_visible=true life_tab_selected=true plugin_card_list_visible=false life_list_ready=false
[21:28:27] [LIFE_RESET] verify phase='life_reset' attempt=2/2 global_nav_visible=true life_tab_selected=true plugin_card_list_visible=false life_list_ready=false
[21:28:27] [LIFE_RESET] life_list_ready=false
[21:28:27] [LIFE_RESET] success=false fail reason='life_list_not_ready'
[21:28:27] [RECOVER] failed reason='life_list_not_ready'
[21:28:27] [MAIN] recovery failed but continuing scenario_id='life_video_plugin' tab='(?i).*life.*'
[21:28:27] [SCENARIO][stabilization] scenario='life_video_plugin' screen_context_mode='new_screen' stabilization_mode='anchor_only'
[21:28:28] [LIFE_RESET] verify phase='plugin_start_initial' attempt=1/2 global_nav_visible=true life_tab_selected=true plugin_card_list_visible=false life_list_ready=false
[21:28:28] [LIFE_RESET] verify phase='plugin_start_initial' attempt=2/2 global_nav_visible=true life_tab_selected=true plugin_card_list_visible=false life_list_ready=false
[21:28:28] [PLUGIN_START][recover_before_entry] triggered=true mode='life_reset'
[21:28:28] [LIFE_RESET] start
[21:28:29] [LIFE_RESET] app_inside=true
[21:28:29] [LIFE_RESET] bottom_nav_ready=true
[21:28:32] [LIFE_RESET] life_tab_reselected=true
[21:28:33] [LIFE_RESET] verify phase='life_reset' attempt=1/2 global_nav_visible=true life_tab_selected=true plugin_card_list_visible=false life_list_ready=false
[21:28:34] [LIFE_RESET] verify phase='life_reset' attempt=2/2 global_nav_visible=true life_tab_selected=true plugin_card_list_visible=false life_list_ready=false
[21:28:34] [LIFE_RESET] life_list_ready=false
[21:28:34] [LIFE_RESET] app_inside=true
[21:28:34] [LIFE_RESET] bottom_nav_ready=true
[21:28:37] [LIFE_RESET] life_tab_reselected=true
[21:28:38] [LIFE_RESET] verify phase='life_reset' attempt=1/2 global_nav_visible=true life_tab_selected=true plugin_card_list_visible=false life_list_ready=false
[21:28:39] [LIFE_RESET] verify phase='life_reset' attempt=2/2 global_nav_visible=true life_tab_selected=true plugin_card_list_visible=false life_list_ready=false
[21:28:39] [LIFE_RESET] life_list_ready=false
[21:28:39] [LIFE_RESET] success=false fail reason='life_list_not_ready'
[21:28:39] [RECOVER] failed reason='life_list_not_ready'
[21:28:39] [PLUGIN_START][recover_before_entry] retry=1/2 reason='recover_to_start_state_failed'
[21:28:39] [LIFE_RESET] start
[21:28:39] [LIFE_RESET] app_inside=true
[21:28:39] [LIFE_RESET] bottom_nav_ready=true
[21:28:42] [LIFE_RESET] life_tab_reselected=true
[21:28:44] [LIFE_RESET] verify phase='life_reset' attempt=1/2 global_nav_visible=true life_tab_selected=true plugin_card_list_visible=false life_list_ready=false
[21:28:44] [LIFE_RESET] verify phase='life_reset' attempt=2/2 global_nav_visible=true life_tab_selected=true plugin_card_list_visible=false life_list_ready=false
[21:28:44] [LIFE_RESET] life_list_ready=false
[21:28:45] [LIFE_RESET] app_inside=true
[21:28:45] [LIFE_RESET] bottom_nav_ready=true
[21:28:48] [LIFE_RESET] life_tab_reselected=true
[21:28:49] [LIFE_RESET] verify phase='life_reset' attempt=1/2 global_nav_visible=true life_tab_selected=true plugin_card_list_visible=false life_list_ready=false
[21:28:50] [LIFE_RESET] verify phase='life_reset' attempt=2/2 global_nav_visible=true life_tab_selected=true plugin_card_list_visible=false life_list_ready=false
[21:28:50] [LIFE_RESET] life_list_ready=false
[21:28:50] [LIFE_RESET] success=false fail reason='life_list_not_ready'
[21:28:50] [RECOVER] failed reason='life_list_not_ready'
[21:28:50] [PLUGIN_START][life_list_check] ok=false reason='recover_failed'
[21:28:50] [PLUGIN_START][recover_before_entry] success=false
[21:28:50] [PERF][scenario_summary] scenario=life_video_plugin tab=(?i).*life.* total_runtime=22.4 total_steps=1 main_step_count=1 overlay_step_count=0 overlay_count=0 avg_get_focus=0.0 avg_move=0.0 avg_crop=0.0 avg_step_total=0.0 step_total_sample_count=0 avg_get_focus_main=0.0 avg_get_focus_overlay=0.0 fallback_dump_count=0 success_false_top_level_dump_attempt_count=0 success_false_top_level_dump_found_count=0 fallback_dump_rate=0.0 get_focus_strong_skip_count=0 get_focus_strong_skip_rate=0.0 step_dump_used_count=0 save_excel_count=0 realign_attempt_count=0 realign_success_count=0 realign_success_rate=0.0
[21:28:50] [SAVE] writing sheets raw/filtered/summary/result
[21:28:50] [SAVE] filtered rows=9, raw rows=9
[21:28:50] [SAVE] saved excel: output/talkback_compare_20260415_212400.xlsx rows=9 with_images=False
[21:28:50] [LIFE_RESET] start
[21:28:50] [LIFE_RESET] app_inside=true
[21:28:50] [LIFE_RESET] bottom_nav_ready=true
[21:28:53] [LIFE_RESET] life_tab_reselected=true
[21:28:54] [LIFE_RESET] verify phase='life_reset' attempt=1/2 global_nav_visible=true life_tab_selected=true plugin_card_list_visible=false life_list_ready=false
[21:28:55] [LIFE_RESET] verify phase='life_reset' attempt=2/2 global_nav_visible=true life_tab_selected=true plugin_card_list_visible=false life_list_ready=false
[21:28:55] [LIFE_RESET] life_list_ready=false
[21:28:55] [LIFE_RESET] app_inside=true
[21:28:55] [LIFE_RESET] bottom_nav_ready=true
[21:28:58] [LIFE_RESET] life_tab_reselected=true
[21:29:00] [LIFE_RESET] verify phase='life_reset' attempt=1/2 global_nav_visible=true life_tab_selected=true plugin_card_list_visible=false life_list_ready=false
[21:29:00] [LIFE_RESET] verify phase='life_reset' attempt=2/2 global_nav_visible=true life_tab_selected=true plugin_card_list_visible=false life_list_ready=false
[21:29:00] [LIFE_RESET] life_list_ready=false
[21:29:00] [LIFE_RESET] success=false fail reason='life_list_not_ready'
[21:29:00] [RECOVER] failed reason='life_list_not_ready'
[21:29:00] [MAIN] recovery failed but continuing scenario_id='life_home_monitor_plugin' tab='(?i).*life.*'
[21:29:00] [SCENARIO][stabilization] scenario='life_home_monitor_plugin' screen_context_mode='new_screen' stabilization_mode='anchor_only'
[21:29:01] [LIFE_RESET] verify phase='plugin_start_initial' attempt=1/2 global_nav_visible=true life_tab_selected=true plugin_card_list_visible=false life_list_ready=false
[21:29:02] [LIFE_RESET] verify phase='plugin_start_initial' attempt=2/2 global_nav_visible=true life_tab_selected=true plugin_card_list_visible=false life_list_ready=false
[21:29:02] [PLUGIN_START][recover_before_entry] triggered=true mode='life_reset'
[21:29:02] [LIFE_RESET] start
[21:29:03] [LIFE_RESET] app_inside=true
[21:29:03] [LIFE_RESET] bottom_nav_ready=true
[21:29:05] [LIFE_RESET] life_tab_reselected=true
[21:29:06] [LIFE_RESET] verify phase='life_reset' attempt=1/2 global_nav_visible=true life_tab_selected=true plugin_card_list_visible=false life_list_ready=false
[21:29:08] [LIFE_RESET] verify phase='life_reset' attempt=2/2 global_nav_visible=true life_tab_selected=true plugin_card_list_visible=false life_list_ready=false
[21:29:08] [LIFE_RESET] life_list_ready=false
[21:29:08] [LIFE_RESET] app_inside=true
[21:29:08] [LIFE_RESET] bottom_nav_ready=true
[21:29:10] [LIFE_RESET] life_tab_reselected=true
[21:29:12] [LIFE_RESET] verify phase='life_reset' attempt=1/2 global_nav_visible=true life_tab_selected=true plugin_card_list_visible=false life_list_ready=false
[21:29:13] [LIFE_RESET] verify phase='life_reset' attempt=2/2 global_nav_visible=true life_tab_selected=true plugin_card_list_visible=false life_list_ready=false
[21:29:13] [LIFE_RESET] life_list_ready=false
[21:29:13] [LIFE_RESET] success=false fail reason='life_list_not_ready'
[21:29:13] [RECOVER] failed reason='life_list_not_ready'
[21:29:13] [PLUGIN_START][recover_before_entry] retry=1/2 reason='recover_to_start_state_failed'
[21:29:13] [LIFE_RESET] start
[21:29:14] [LIFE_RESET] app_inside=true
[21:29:14] [LIFE_RESET] bottom_nav_ready=true
[21:29:16] [LIFE_RESET] life_tab_reselected=true
[21:29:18] [LIFE_RESET] verify phase='life_reset' attempt=1/2 global_nav_visible=true life_tab_selected=true plugin_card_list_visible=false life_list_ready=false
[21:29:18] [LIFE_RESET] verify phase='life_reset' attempt=2/2 global_nav_visible=true life_tab_selected=true plugin_card_list_visible=false life_list_ready=false
[21:29:18] [LIFE_RESET] life_list_ready=false
[21:29:19] [LIFE_RESET] app_inside=true
[21:29:19] [LIFE_RESET] bottom_nav_ready=true
[21:29:21] [LIFE_RESET] life_tab_reselected=true
[21:29:23] [LIFE_RESET] verify phase='life_reset' attempt=1/2 global_nav_visible=true life_tab_selected=true plugin_card_list_visible=false life_list_ready=false
[21:29:24] [SAVE] writing sheets raw/filtered/summary/result
[21:29:24] [SAVE] filtered rows=9, raw rows=9
[21:29:24] [SAVE] saved excel: output/talkback_compare_20260415_212400.xlsx rows=9 with_images=True
[21:29:24] [MAIN] final save complete
[21:29:24] [PERF][run_summary] total_runtime=322.0 total_scenarios=10 total_steps=9 total_overlay_count=0 avg_get_focus=0.0 avg_move=0.0 fallback_dump_count=0 success_false_top_level_dump_attempt_count=0 success_false_top_level_dump_found_count=0 fallback_dump_rate=0.0 get_focus_strong_skip_rate=0.0 realign_success_rate=0.0 save_excel_count=10
