[00:13:35] [SAVE][temp] override tmp='D:\Python test\talkback-a11y-helper\output\.tmp' temp='D:\Python test\talkback-a11y-helper\output\.tmp' applied=true
[00:13:35] [MAIN] script start (version=1.7.79, log_level=NORMAL)
[00:13:37] [PREFLIGHT] talkback status='enabled'
[00:13:37] [MAIN] output file: output/talkback_compare_20260412_001335.xlsx
[00:13:37] [MAIN] image dir base: output\talkback_compare_20260412_001335
[00:13:37] [CONFIG] runtime config loaded path='config\runtime_config.json'
[00:13:37] [GLOBAL_NAV][guard] forcing stabilization_mode='tab_context' scenario='global_nav_main' requested='anchor_then_context'
[00:13:37] [CONFIG] scenario resolved scenario='global_nav_main' group='main_tabs' max_steps=10 enabled=False
[00:13:37] [CONFIG] applied shared_navigation='default_global_nav'
[00:13:37] [CONFIG] scenario enabled scenario='global_nav_main' source='runtime' enabled=False base_enabled=False
[00:13:37] [CONFIG] scenario resolved scenario='home_main' group='main_tabs' max_steps=5 enabled=False
[00:13:37] [CONFIG] applied shared_navigation='bottom_tab_global_nav'
[00:13:37] [CONFIG] scenario enabled scenario='home_main' source='runtime' enabled=False base_enabled=False
[00:13:37] [CONFIG] scenario resolved scenario='life_food_plugin' group='plugin_screen' max_steps=5 enabled=False
[00:13:37] [CONFIG] applied pre_navigation_ref='enter_food_plugin'
[00:13:37] [CONFIG] scenario enabled scenario='life_food_plugin' source='runtime' enabled=False base_enabled=False
[00:13:37] [CONFIG] scenario resolved scenario='life_air_care_plugin' group='-' max_steps=10 enabled=True
[00:13:37] [CONFIG] scenario enabled scenario='life_air_care_plugin' source='runtime' enabled=True base_enabled=False
[00:13:37] [CONFIG] scenario resolved scenario='life_home_care_plugin' group='-' max_steps=10 enabled=True
[00:13:37] [CONFIG] scenario enabled scenario='life_home_care_plugin' source='runtime' enabled=True base_enabled=False
[00:13:37] [CONFIG] scenario resolved scenario='life_energy_plugin' group='-' max_steps=10 enabled=True
[00:13:37] [CONFIG] scenario enabled scenario='life_energy_plugin' source='runtime' enabled=True base_enabled=False
[00:13:37] [CONFIG] scenario resolved scenario='devices_main' group='main_tabs' max_steps=10 enabled=False
[00:13:37] [CONFIG] applied shared_navigation='bottom_tab_global_nav'
[00:13:37] [CONFIG] applied anchor_ref='home_tab_anchor'
[00:13:37] [CONFIG] scenario enabled scenario='devices_main' source='runtime' enabled=False base_enabled=False
[00:13:37] [CONFIG] scenario resolved scenario='life_main' group='main_tabs' max_steps=30 enabled=False
[00:13:37] [CONFIG] applied shared_navigation='bottom_tab_global_nav'
[00:13:37] [CONFIG] scenario enabled scenario='life_main' source='runtime' enabled=False base_enabled=False
[00:13:37] [CONFIG] scenario resolved scenario='routines_main' group='main_tabs' max_steps=30 enabled=False
[00:13:37] [CONFIG] applied shared_navigation='bottom_tab_global_nav'
[00:13:37] [CONFIG] scenario enabled scenario='routines_main' source='runtime' enabled=False base_enabled=False
[00:13:37] [CONFIG] scenario resolved scenario='menu_main' group='main_tabs' max_steps=30 enabled=False
[00:13:37] [CONFIG] applied shared_navigation='bottom_tab_global_nav'
[00:13:37] [CONFIG] scenario enabled scenario='menu_main' source='runtime' enabled=False base_enabled=False
[00:13:37] [CONFIG] scenario resolved scenario='settings_entry_example' group='plugin_screen' max_steps=40 enabled=False
[00:13:37] [CONFIG] applied anchor_ref='settings_button_anchor'
[00:13:37] [CONFIG] applied pre_navigation_ref='enter_settings'
[00:13:37] [CONFIG] scenario enabled scenario='settings_entry_example' source='runtime' enabled=False base_enabled=False
[00:13:37] [CONFIG] scenario resolved scenario='life_pet_care_example' group='-' max_steps=10 enabled=True
[00:13:37] [CONFIG] scenario enabled scenario='life_pet_care_example' source='runtime' enabled=True base_enabled=False
[00:13:37] [MAIN] skip disabled scenario_id='global_nav_main' tab='(?i).*(home|devices|life|routines|menu).*'
[00:13:37] [MAIN] skip disabled scenario_id='home_main' tab='(?i).*home.*'
[00:13:37] [MAIN] skip disabled scenario_id='life_food_plugin' tab='(?i).*life.*'
[00:13:37] [SCENARIO][stabilization] scenario='life_air_care_plugin' screen_context_mode='new_screen' stabilization_mode='anchor_only'
[00:13:37] [CONTEXT] skipped reason='new_screen_mode' phase='tab_select'
[00:13:37] [TAB][select] fallback_to_legacy=True scenario='life_air_care_plugin'
[00:13:44] [TRACE][open_scenario] scenario='life_air_care_plugin' stabilization_mode='anchor_only' focus_align_attempted=True focus_align_ok=True focus_align_reason='' context_ok=False anchor_matched=False anchor_stable=False
[00:13:45] [SCENARIO][pre_nav][stabilization] phase='before_pre_navigation' attempt=1/2 life_selected=false app_bar_hits=4 visible_card_hits=0 life_root_signature_present=false navigate_up_hits=0 family_care_signature_seen=true final_score=2 ok=false pass_reason='' fail_reason='life_root_not_stable'
[00:13:45] [SCENARIO][pre_nav][stabilization][life_energy_relaxed_gate] phase='before_pre_navigation' attempt=1/2 allow_scrolltouch=true reason='life_plugin_list_likely'
[00:13:45] [SCENARIO][pre_nav] step=1 action=scrolltouch target='(?i)(^smart\s*air\s*care$|^air\s*care$|air\s*care\.|\baircare\b|에어\s*케어)'
[00:13:46] [SCENARIO][pre_nav] before scrolltouch, scroll_to_top invoked cumulative_mode=true
[00:13:48] [SCENARIO][pre_nav] scroll_to_top result={'ok': True, 'reached_top': True, 'attempts': 1, 'reason': 'scroll_failed'}
[00:13:49] [SCENARIO][pre_nav] top_state_verify ok=false reason='top_marker_missing' scenario='life_air_care_plugin'
[00:13:52] [SCENARIO][pre_nav] top_state_verify retry=1/2 ok=false reason='top_marker_missing'
[00:13:55] [SCENARIO][pre_nav] top_state_verify retry=2/2 ok=false reason='top_marker_missing'
[00:13:55] [SCENARIO][pre_nav][scrolltouch][debug] scroll_step=1/5 visible_candidate_count=0 partial_match_count=0 exact_match_count=0 xml_fallback_attempted=false xml_fallback_reason='not_attempted' rejections='filtered_before_candidate:21' visible_top='-' partial_top='-' pre_candidate_top='-' local_search_nodes=21 selected=false selected_reason='no_visible_candidate'
[00:13:55] [SCENARIO][pre_nav][scrolltouch][inspect] scroll_step=1/5 samples='label='우리 집 QR code 우리 집 QR code' rid='com.samsung.android.oneconnect:id/home_button' cls='android.widget.ImageButton' visible=true clickable=true focusable=true effectiveClickable=true matched_text_node='com.samsung.android.oneconnect:id/home_button' promoted_container=false promotion_reason='none' promoted_from='' promoted_to='' stage='label_filter' reason='filtered_before_candidate' | label='우리 집, Change location 우리 집, Change location' rid='com.samsung.android.oneconnect:id/tab_title' cls='android.widget.LinearLayout' visible=true clickable=true focusable=true effectiveClickable=true matched_text_node='com.samsung.android.oneconnect:id/tab_title' promoted_container=false promotion_reason='none' promoted_from='' promoted_to='' stage='label_filter' reason='filtered_before_candidate' | label='Add Add' rid='com.samsung.android.oneconnect:id/add_menu_butto' cls='android.widget.ImageButton' visible=true clickable=true focusable=true effectiveClickable=true matched_text_node='com.samsung.android.oneconnect:id/add_menu_button' promoted_container=false promotion_reason='none' promoted_from='' promoted_to='' stage='label_filter' reason='filtered_before_candidate' | label='More options Mor'
[00:13:57] [CAPTURE][scrolltouch_step] saved path='output\capture_bundles\life_air_care_plugin\20260411_151345\step_01' step=1 visible_candidate_count=0 partial_match_count=0
[00:13:59] [SCENARIO][pre_nav][scrolltouch] visible_candidate_count=0 partial_match_count=0 scroll_step=1/5 action='scroll_forward_and_retry_local_search' scroll_performed=true settle_wait_ms=250 cumulative_mode=true
[00:14:00] [SCENARIO][pre_nav][scrolltouch][debug] scroll_step=2/5 visible_candidate_count=0 partial_match_count=0 exact_match_count=0 xml_fallback_attempted=false xml_fallback_reason='not_attempted' rejections='filtered_before_candidate:13' visible_top='-' partial_top='-' pre_candidate_top='-' local_search_nodes=13 selected=false selected_reason='no_visible_candidate'
[00:14:00] [SCENARIO][pre_nav][scrolltouch][inspect] scroll_step=2/5 samples='label='우리 집 QR code 우리 집 QR code' rid='com.samsung.android.oneconnect:id/home_button' cls='android.widget.ImageButton' visible=true clickable=true focusable=true effectiveClickable=true matched_text_node='com.samsung.android.oneconnect:id/home_button' promoted_container=false promotion_reason='none' promoted_from='' promoted_to='' stage='label_filter' reason='filtered_before_candidate' | label='우리 집, Change location 우리 집, Change location' rid='com.samsung.android.oneconnect:id/tab_title' cls='android.widget.LinearLayout' visible=true clickable=true focusable=true effectiveClickable=true matched_text_node='com.samsung.android.oneconnect:id/tab_title' promoted_container=false promotion_reason='none' promoted_from='' promoted_to='' stage='label_filter' reason='filtered_before_candidate' | label='Add Add' rid='com.samsung.android.oneconnect:id/add_menu_butto' cls='android.widget.ImageButton' visible=true clickable=true focusable=true effectiveClickable=true matched_text_node='com.samsung.android.oneconnect:id/add_menu_button' promoted_container=false promotion_reason='none' promoted_from='' promoted_to='' stage='label_filter' reason='filtered_before_candidate' | label='More options Mor'
[00:14:01] [CAPTURE][scrolltouch_step] saved path='output\capture_bundles\life_air_care_plugin\20260411_151345\step_02' step=2 visible_candidate_count=0 partial_match_count=0
[00:14:03] [SCENARIO][pre_nav][scrolltouch] visible_candidate_count=0 partial_match_count=0 scroll_step=2/5 action='scroll_forward_and_retry_local_search' scroll_performed=true settle_wait_ms=250 cumulative_mode=true
[00:14:06] [SCENARIO][pre_nav][scrolltouch][debug] scroll_step=3/5 visible_candidate_count=1 partial_match_count=1 exact_match_count=0 xml_fallback_attempted=true xml_fallback_reason='ok' rejections='filtered_before_candidate:11' visible_top='label='Monitor air quality and air comfort in each room of your hom' rid='com.samsung.android.oneconnect:id/frameL' cls='android.widget.FrameLayout' bounds='42,1752,1038,2316'' partial_top='label='Monitor air quality and air comfort in each room of your hom' rid='com.samsung.android.oneconnect:id/frameL' cls='android.widget.FrameLayout' bounds='42,1752,1038,2316'' pre_candidate_top='-' local_search_nodes=12 selected=true selected_reason='candidate_count=1'
[00:14:06] [SCENARIO][pre_nav][scrolltouch][inspect] scroll_step=3/5 samples='label='우리 집 QR code 우리 집 QR code' rid='com.samsung.android.oneconnect:id/home_button' cls='android.widget.ImageButton' visible=true clickable=true focusable=true effectiveClickable=true matched_text_node='com.samsung.android.oneconnect:id/home_button' promoted_container=false promotion_reason='none' promoted_from='' promoted_to='' stage='label_filter' reason='filtered_before_candidate' | label='우리 집, Change location 우리 집, Change location' rid='com.samsung.android.oneconnect:id/tab_title' cls='android.widget.LinearLayout' visible=true clickable=true focusable=true effectiveClickable=true matched_text_node='com.samsung.android.oneconnect:id/tab_title' promoted_container=false promotion_reason='none' promoted_from='' promoted_to='' stage='label_filter' reason='filtered_before_candidate' | label='Add Add' rid='com.samsung.android.oneconnect:id/add_menu_butto' cls='android.widget.ImageButton' visible=true clickable=true focusable=true effectiveClickable=true matched_text_node='com.samsung.android.oneconnect:id/add_menu_button' promoted_container=false promotion_reason='none' promoted_from='' promoted_to='' stage='label_filter' reason='filtered_before_candidate' | label='More options Mor'
[00:14:08] [CAPTURE][scrolltouch_step] saved path='output\capture_bundles\life_air_care_plugin\20260411_151345\step_03' step=3 visible_candidate_count=1 partial_match_count=1
[00:14:08] [SCENARIO][pre_nav][scrolltouch] candidate_select reason='candidate_count=1' class='android.widget.FrameLayout' resource='com.samsung.android.oneconnect:id/frameLayout' bounds='42,1752,1038,2316' visible=true label='' promoted_container=true promotion_attempted=true promotion_source='xml_live' matched_text_node='com.samsung.android.oneconnect:id/tvHeaderTitle' promotion_reason='xml_live_containment_container' promotion_candidate_count=8 promotion_debug_summary='helper:no_candidate;xml_live:candidate_count=8' promoted_from='com.samsung.android.oneconnect:id/tvHeaderTitle' promoted_to='com.samsung.android.oneconnect:id/frameLayout' selected_area=561744 text_area=161424 area_ratio=3.480 ancestor_distance=-1 tap_point='540,2034' tap_strategy='center' rank_summary_top3='com.samsung.android.oneconnect:id/containerHeaderLayout:xml_live_containment_container:ov=1000:ar=1.18:sp=3:ad=-1 | android.widget.RelativeLayout:xml_live_containment_container:ov=1000:ar=1.18:sp=-1:ad=-1 | com.samsung.a' scroll_step=3/5 cumulative_mode=true
[00:14:09] [SCENARIO][pre_nav][scrolltouch] candidate_select reason='no_local_match' fallback='helper_scrollTouch' reason_detail='local_search_exhausted' cumulative_mode=true
[00:14:20] [SCENARIO][pre_nav][scrolltouch] post_click_transition same_screen=false signal='air_care_verify'
[00:14:20] [SCENARIO][pre_nav] success step=1 reason='ACTION_CLICK success'
[00:14:21] [SCENARIO][pre_nav] success
[00:14:25] [CONTEXT] skipped reason='anchor_only_mode'
[00:14:25] [CONTEXT] skipped reason='anchor_only_mode'
[00:14:25] [CONTEXT] scenario='life_air_care_plugin' type='skipped' expected='' actual='' ok=True
[00:14:25] [CONTEXT] verification passed scenario='life_air_care_plugin'
[00:14:25] [ANCHOR][scenario_start] success scenario='life_air_care_plugin' selected=True matched=True stable=True context_ok=True reason='selected_and_verified'
[00:14:25] [TRACE][open_scenario] scenario='life_air_care_plugin' stabilization_mode='anchor_only' focus_align_attempted=True focus_align_ok=True focus_align_reason='' context_ok=False anchor_matched=False anchor_stable=True
[00:14:26] [SCENARIO][entry_contract] success scenario='life_air_care_plugin' entry_type='card' reason='success_verified' detail='plugin_open_verified'
[00:14:26] [TRACE][post_open_focus] scenario='life_air_care_plugin' view_id='back' label='Navigate up' speech='Navigate up' bounds='{'l': 72, 't': 118, 'r': 144, 'b': 310, 'left': 72, 'top': 118, 'right': 144, 'bottom': 310}' source='top_level' top_level=True
[00:14:31] [TRACE][anchor_row] scenario='life_air_care_plugin' step=0 view_id='back' visible='Navigate up' speech='Navigate up' normalized_visible='navigate up' is_global_nav=False
[00:14:32] [ROW] fingerprint='back|navigate up|navigate up|108,214' normalized_fingerprint='back|navigate up|navigate up' duplicate=false recent_duplicate=false distance=0 recent_semantic_duplicate=false semantic_distance=0 semantic_window_unique=1 noise=false
[00:14:32] [RESULT] skipped anchor rows count=1
[00:14:32] [SAVE] writing sheets raw/filtered/summary/result
[00:14:32] [SAVE] filtered rows=1, raw rows=1
[00:14:32] [SAVE] saved excel: output/talkback_compare_20260412_001335.xlsx rows=1 with_images=False
[00:14:32] [STEP] START tab='(?i).*life.*' step=1
[00:14:37] [ROW] fingerprint='|air care|air care|552,214' normalized_fingerprint='|air care|air care' duplicate=false recent_duplicate=false distance=0 recent_semantic_duplicate=false semantic_distance=0 semantic_window_unique=2 noise=false
[00:14:37] [STEP] END tab='(?i).*life.*' step=1 elapsed=4.54s move_result='{'success': True, 'status': 'moved', 'detail': 'moved', 'raw': {'timestamp': 1775920473936, 'reqId': 'a1bb0980', 'success': True, 'status': 'moved', 'detail': 'moved', 'flags': []}}' visible='Air Care' speech='Air Care' crop='output\talkback_compare_20260412_001335\crops\i_._life._step_1_Air_Care.png' timing(move=0.496s ann=3.084s get_focus=0.957s get_focus_fallback_dump=0.000s step_dump=0.000s crop=0.488s total=5.026s) focus_reason='' fallback_used=False fallback_found=False step_dump_used=False step_dump_reason='focus_payload_sufficient' req_id='a253528f'
[00:14:37] [STOP][eval] step=1 scenario='life_air_care_plugin' terminal=false same_like_count=0 no_progress=false scenario_type='content' is_global_nav=false after_realign=false recent_repeat=false bounded_two_card_loop=false semantic_same_like=false recent_duplicate=false recent_duplicate_distance=0 recent_semantic_duplicate=false recent_semantic_duplicate_distance=0 recent_semantic_unique_count=2 strict_duplicate=false semantic_duplicate=false repeat_class='none' loop_classification='none' hard_no_progress=false soft_no_progress=false no_progress_class='none' overlay_realign_grace_active=false min_step_gate_blocked=false realign_grace_suppressed=false repeat_stop_hit=false decision='continue' reason='none' stop_explain_version='pr7_explain_v1' stop_explain_input='step:1|move:{'success': true, 'status': 'moved', 'detail': 'moved', 'raw': {'timestamp': 1775920473936, 'reqid': 'a1bb0980', 'success': true, 'status': 'moved', 'detail': 'moved', 'flags': []}}|smart:moved|same:0|fail:0' stop_explain_repeat='recent:false|class:none|strict:false|semantic:false|loop:none|two_card:false' stop_explain_no_progress='hit:false|class:none|hard:false|soft:false' stop_explain_gate='candidate:false|min_block:false|realign_suppress:false|realign_active:false|decision:continue'
[00:14:37] [STEP] START tab='(?i).*life.*' step=2
[00:14:42] [ROW] fingerprint='more|more options|more options|972,214' normalized_fingerprint='more|more options|more options' duplicate=false recent_duplicate=false distance=0 recent_semantic_duplicate=false semantic_distance=0 semantic_window_unique=3 noise=false
[00:14:42] [STEP] END tab='(?i).*life.*' step=2 elapsed=4.66s move_result='{'success': True, 'status': 'moved', 'detail': 'moved', 'raw': {'timestamp': 1775920479028, 'reqId': '861bba05', 'success': True, 'status': 'moved', 'detail': 'moved', 'flags': []}}' visible='More options' speech='More options' crop='output\talkback_compare_20260412_001335\crops\i_._life._step_2_More_options.png' timing(move=0.541s ann=3.065s get_focus=1.052s get_focus_fallback_dump=0.000s step_dump=0.000s crop=0.491s total=5.150s) focus_reason='' fallback_used=False fallback_found=False step_dump_used=False step_dump_reason='focus_payload_sufficient' req_id='f39043dc'
[00:14:42] [STOP][eval] step=2 scenario='life_air_care_plugin' terminal=false same_like_count=0 no_progress=false scenario_type='content' is_global_nav=false after_realign=false recent_repeat=false bounded_two_card_loop=false semantic_same_like=false recent_duplicate=false recent_duplicate_distance=0 recent_semantic_duplicate=false recent_semantic_duplicate_distance=0 recent_semantic_unique_count=3 strict_duplicate=false semantic_duplicate=false repeat_class='none' loop_classification='none' hard_no_progress=false soft_no_progress=false no_progress_class='none' overlay_realign_grace_active=false min_step_gate_blocked=false realign_grace_suppressed=false repeat_stop_hit=false decision='continue' reason='none' stop_explain_version='pr7_explain_v1' stop_explain_input='step:2|move:{'success': true, 'status': 'moved', 'detail': 'moved', 'raw': {'timestamp': 1775920479028, 'reqid': '861bba05', 'success': true, 'status': 'moved', 'detail': 'moved', 'flags': []}}|smart:moved|same:0|fail:0' stop_explain_repeat='recent:false|class:none|strict:false|semantic:false|loop:none|two_card:false' stop_explain_no_progress='hit:false|class:none|hard:false|soft:false' stop_explain_gate='candidate:false|min_block:false|realign_suppress:false|realign_active:false|decision:continue'
[00:14:42] [OVERLAY] candidate matched scenario='life_air_care_plugin' tab='(?i).*life.*' step=2 view_id='more' label='More options' reason='matched_scenario_policy'
[00:14:53] [OVERLAY] post_click classification='overlay' scenario='life_air_care_plugin' tab='(?i).*life.*' entry_view_id='more' entry_label='More options' post_view_id='addToHomescreen' post_label='Add to Home screen'
[00:15:04] [RESULT] skipped anchor rows count=1
[00:15:04] [SAVE] writing sheets raw/filtered/summary/result
[00:15:04] [SAVE] filtered rows=6, raw rows=6
[00:15:04] [SAVE] saved excel: output/talkback_compare_20260412_001335.xlsx rows=6 with_images=False
[00:15:09] [OVERLAY][repeat] same_focus_detected=true step=4 view_id='info' bounds='462,556,1053,706' normalized_visible_label='information' move_result=''
[00:15:09] [OVERLAY][break] reason='same_overlay_fingerprint' step=4
[00:15:09] [RESULT] skipped anchor rows count=1
[00:15:09] [SAVE] writing sheets raw/filtered/summary/result
[00:15:09] [SAVE] filtered rows=6, raw rows=6
[00:15:09] [SAVE] saved excel: output/talkback_compare_20260412_001335.xlsx rows=6 with_images=False
[00:15:13] [RESULT] skipped anchor rows count=1
[00:15:13] [SAVE] writing sheets raw/filtered/summary/result
[00:15:13] [SAVE] filtered rows=6, raw rows=6
[00:15:13] [SAVE] saved excel: output/talkback_compare_20260412_001335.xlsx rows=6 with_images=False
[00:15:15] [OVERLAY] realign status='realign_entry_reached' entry_reached=True steps_taken=2 match_by='view_id'
[00:15:21] [CONTEXT] skipped reason='anchor_only_mode'
[00:15:21] [CONTEXT] skipped reason='anchor_only_mode'
[00:15:21] [CONTEXT] scenario='life_air_care_plugin' type='skipped' expected='' actual='' ok=True
[00:15:21] [CONTEXT] verification passed scenario='life_air_care_plugin'
[00:15:21] [ANCHOR][overlay_realign] success scenario='life_air_care_plugin' selected=True matched=True stable=True context_ok=True reason='selected_and_verified'
[00:15:21] [ANCHOR][overlay_realign] success scenario='life_air_care_plugin' reason='overlay_realign_verified'
[00:15:21] [STEP] START tab='(?i).*life.*' step=3
[00:15:26] [ROW] fingerprint='|air care|air care|552,214' normalized_fingerprint='|air care|air care' duplicate=false recent_duplicate=true distance=2 recent_semantic_duplicate=true semantic_distance=2 semantic_window_unique=3 noise=false
[00:15:26] [STEP] END tab='(?i).*life.*' step=3 elapsed=4.59s move_result='{'success': True, 'status': 'moved', 'detail': 'moved', 'raw': {'timestamp': 1775920523458, 'reqId': '94742b12', 'success': True, 'status': 'moved', 'detail': 'moved', 'flags': []}}' visible='Air Care' speech='Air Care' crop='output\talkback_compare_20260412_001335\crops\i_._life._step_3_Air_Care.png' timing(move=0.495s ann=3.083s get_focus=1.014s get_focus_fallback_dump=0.000s step_dump=0.000s crop=0.506s total=5.097s) focus_reason='' fallback_used=False fallback_found=False step_dump_used=False step_dump_reason='focus_payload_sufficient' req_id='577ba3a5'
[00:15:26] [STOP][eval] step=3 scenario='life_air_care_plugin' terminal=false same_like_count=0 no_progress=false scenario_type='content' is_global_nav=false after_realign=true recent_repeat=false bounded_two_card_loop=false semantic_same_like=false recent_duplicate=true recent_duplicate_distance=2 recent_semantic_duplicate=true recent_semantic_duplicate_distance=2 recent_semantic_unique_count=3 strict_duplicate=false semantic_duplicate=false repeat_class='none' loop_classification='none' hard_no_progress=false soft_no_progress=false no_progress_class='none' overlay_realign_grace_active=false min_step_gate_blocked=false realign_grace_suppressed=false repeat_stop_hit=false decision='continue' reason='none' stop_explain_version='pr7_explain_v1' stop_explain_input='step:3|move:{'success': true, 'status': 'moved', 'detail': 'moved', 'raw': {'timestamp': 1775920523458, 'reqid': '94742b12', 'success': true, 'status': 'moved', 'detail': 'moved', 'flags': []}}|smart:moved|same:0|fail:0' stop_explain_repeat='recent:false|class:none|strict:false|semantic:false|loop:none|two_card:false' stop_explain_no_progress='hit:false|class:none|hard:false|soft:false' stop_explain_gate='candidate:false|min_block:false|realign_suppress:false|realign_active:false|decision:continue'
[00:15:26] [RESULT] skipped anchor rows count=1
[00:15:26] [SAVE] writing sheets raw/filtered/summary/result
[00:15:26] [SAVE] filtered rows=6, raw rows=7
[00:15:27] [SAVE] saved excel: output/talkback_compare_20260412_001335.xlsx rows=7 with_images=False
[00:15:27] [STEP] START tab='(?i).*life.*' step=4
[00:15:31] [ROW] fingerprint='more|more options|more options|972,214' normalized_fingerprint='more|more options|more options' duplicate=false recent_duplicate=true distance=2 recent_semantic_duplicate=true semantic_distance=2 semantic_window_unique=3 noise=false
[00:15:31] [STEP] END tab='(?i).*life.*' step=4 elapsed=4.50s move_result='{'success': True, 'status': 'moved', 'detail': 'moved', 'raw': {'timestamp': 1775920528655, 'reqId': 'aa579ee4', 'success': True, 'status': 'moved', 'detail': 'moved', 'flags': []}}' visible='More options' speech='More options' crop='output\talkback_compare_20260412_001335\crops\i_._life._step_4_More_options.png' timing(move=0.475s ann=3.041s get_focus=0.986s get_focus_fallback_dump=0.000s step_dump=0.000s crop=0.472s total=4.975s) focus_reason='' fallback_used=False fallback_found=False step_dump_used=False step_dump_reason='focus_payload_sufficient' req_id='39017ee2'
[00:15:31] [STOP][eval] step=4 scenario='life_air_care_plugin' terminal=false same_like_count=0 no_progress=false scenario_type='content' is_global_nav=false after_realign=false recent_repeat=false bounded_two_card_loop=false semantic_same_like=false recent_duplicate=true recent_duplicate_distance=2 recent_semantic_duplicate=true recent_semantic_duplicate_distance=2 recent_semantic_unique_count=3 strict_duplicate=false semantic_duplicate=false repeat_class='none' loop_classification='none' hard_no_progress=false soft_no_progress=false no_progress_class='none' overlay_realign_grace_active=false min_step_gate_blocked=false realign_grace_suppressed=false repeat_stop_hit=false decision='continue' reason='none' stop_explain_version='pr7_explain_v1' stop_explain_input='step:4|move:{'success': true, 'status': 'moved', 'detail': 'moved', 'raw': {'timestamp': 1775920528655, 'reqid': 'aa579ee4', 'success': true, 'status': 'moved', 'detail': 'moved', 'flags': []}}|smart:moved|same:0|fail:0' stop_explain_repeat='recent:false|class:none|strict:false|semantic:false|loop:none|two_card:false' stop_explain_no_progress='hit:false|class:none|hard:false|soft:false' stop_explain_gate='candidate:false|min_block:false|realign_suppress:false|realign_active:false|decision:continue'
[00:15:31] [OVERLAY] skip already expanded entry fingerprint='(?i).*life.*|more|more options'
[00:15:32] [STEP] START tab='(?i).*life.*' step=5
[00:15:36] [ROW] fingerprint='|set geolocation to monitor outdoor air quality|set geolocation to monitor outdoor air quality|516,418' normalized_fingerprint='|set geolocation to monitor outdoor air quality|set geolocation to monitor outdoor air quality' duplicate=false recent_duplicate=false distance=0 recent_semantic_duplicate=false semantic_distance=0 semantic_window_unique=4 noise=false
[00:15:36] [STEP] END tab='(?i).*life.*' step=5 elapsed=4.51s move_result='{'success': True, 'status': 'moved', 'detail': 'moved', 'raw': {'timestamp': 1775920533626, 'reqId': '14bb1512', 'success': True, 'status': 'moved', 'detail': 'moved', 'flags': []}}' visible='Set geolocation to monitor outdoor air quality' speech='Set geolocation to monitor outdoor air quality' crop='output\talkback_compare_20260412_001335\crops\i_._life._step_5_Set_geolocation_to_monitor_outdoor_air_q.png' timing(move=0.466s ann=3.025s get_focus=1.017s get_focus_fallback_dump=0.000s step_dump=0.000s crop=0.479s total=4.988s) focus_reason='' fallback_used=False fallback_found=False step_dump_used=False step_dump_reason='focus_payload_sufficient' req_id='45177cb9'
[00:15:36] [STOP][eval] step=5 scenario='life_air_care_plugin' terminal=false same_like_count=0 no_progress=false scenario_type='content' is_global_nav=false after_realign=false recent_repeat=false bounded_two_card_loop=false semantic_same_like=false recent_duplicate=false recent_duplicate_distance=0 recent_semantic_duplicate=false recent_semantic_duplicate_distance=0 recent_semantic_unique_count=4 strict_duplicate=false semantic_duplicate=false repeat_class='none' loop_classification='none' hard_no_progress=false soft_no_progress=false no_progress_class='none' overlay_realign_grace_active=false min_step_gate_blocked=false realign_grace_suppressed=false repeat_stop_hit=false decision='continue' reason='none' stop_explain_version='pr7_explain_v1' stop_explain_input='step:5|move:{'success': true, 'status': 'moved', 'detail': 'moved', 'raw': {'timestamp': 1775920533626, 'reqid': '14bb1512', 'success': true, 'status': 'moved', 'detail': 'moved', 'flags': []}}|smart:moved|same:0|fail:0' stop_explain_repeat='recent:false|class:none|strict:false|semantic:false|loop:none|two_card:false' stop_explain_no_progress='hit:false|class:none|hard:false|soft:false' stop_explain_gate='candidate:false|min_block:false|realign_suppress:false|realign_active:false|decision:continue'
[00:15:36] [STEP] START tab='(?i).*life.*' step=6
[00:15:42] [ROW] fingerprint='dismiss|dismiss|dismiss|457,520' normalized_fingerprint='dismiss|dismiss|dismiss' duplicate=false recent_duplicate=false distance=0 recent_semantic_duplicate=false semantic_distance=0 semantic_window_unique=4 noise=false
[00:15:42] [STEP] END tab='(?i).*life.*' step=6 elapsed=4.57s move_result='{'success': True, 'status': 'moved', 'detail': 'moved', 'raw': {'timestamp': 1775920538664, 'reqId': 'bc263be2', 'success': True, 'status': 'moved', 'detail': 'moved', 'flags': []}}' visible='Dismiss' speech='Dismiss' crop='output\talkback_compare_20260412_001335\crops\i_._life._step_6_Dismiss.png' timing(move=0.497s ann=3.049s get_focus=1.022s get_focus_fallback_dump=0.000s step_dump=0.000s crop=0.494s total=5.063s) focus_reason='' fallback_used=False fallback_found=False step_dump_used=False step_dump_reason='focus_payload_sufficient' req_id='449d1b9d'
[00:15:42] [STOP][eval] step=6 scenario='life_air_care_plugin' terminal=false same_like_count=0 no_progress=false scenario_type='content' is_global_nav=false after_realign=false recent_repeat=false bounded_two_card_loop=false semantic_same_like=false recent_duplicate=false recent_duplicate_distance=0 recent_semantic_duplicate=false recent_semantic_duplicate_distance=0 recent_semantic_unique_count=4 strict_duplicate=false semantic_duplicate=false repeat_class='none' loop_classification='none' hard_no_progress=false soft_no_progress=false no_progress_class='none' overlay_realign_grace_active=false min_step_gate_blocked=false realign_grace_suppressed=false repeat_stop_hit=false decision='continue' reason='none' stop_explain_version='pr7_explain_v1' stop_explain_input='step:6|move:{'success': true, 'status': 'moved', 'detail': 'moved', 'raw': {'timestamp': 1775920538664, 'reqid': 'bc263be2', 'success': true, 'status': 'moved', 'detail': 'moved', 'flags': []}}|smart:moved|same:0|fail:0' stop_explain_repeat='recent:false|class:none|strict:false|semantic:false|loop:none|two_card:false' stop_explain_no_progress='hit:false|class:none|hard:false|soft:false' stop_explain_gate='candidate:false|min_block:false|realign_suppress:false|realign_active:false|decision:continue'
[00:15:42] [RESULT] skipped anchor rows count=1
[00:15:42] [SAVE] writing sheets raw/filtered/summary/result
[00:15:42] [SAVE] filtered rows=8, raw rows=10
[00:15:42] [SAVE] saved excel: output/talkback_compare_20260412_001335.xlsx rows=10 with_images=False
[00:15:42] [STEP] START tab='(?i).*life.*' step=7
[00:15:47] [ROW] fingerprint='set_geo|set geolocation|set geolocation|808,520' normalized_fingerprint='set geo|set geolocation|set geolocation' duplicate=false recent_duplicate=false distance=0 recent_semantic_duplicate=false semantic_distance=0 semantic_window_unique=5 noise=false
[00:15:47] [STEP] END tab='(?i).*life.*' step=7 elapsed=4.53s move_result='{'success': True, 'status': 'moved', 'detail': 'moved', 'raw': {'timestamp': 1775920543798, 'reqId': 'f1b644b5', 'success': True, 'status': 'moved', 'detail': 'moved', 'flags': []}}' visible='Set geolocation' speech='Set geolocation' crop='output\talkback_compare_20260412_001335\crops\i_._life._step_7_Set_geolocation.png' timing(move=0.436s ann=3.075s get_focus=1.023s get_focus_fallback_dump=0.000s step_dump=0.000s crop=0.459s total=4.993s) focus_reason='' fallback_used=False fallback_found=False step_dump_used=False step_dump_reason='focus_payload_sufficient' req_id='a2f9bacf'
[00:15:47] [STOP][eval] step=7 scenario='life_air_care_plugin' terminal=false same_like_count=0 no_progress=false scenario_type='content' is_global_nav=false after_realign=false recent_repeat=false bounded_two_card_loop=false semantic_same_like=false recent_duplicate=false recent_duplicate_distance=0 recent_semantic_duplicate=false recent_semantic_duplicate_distance=0 recent_semantic_unique_count=5 strict_duplicate=false semantic_duplicate=false repeat_class='none' loop_classification='none' hard_no_progress=false soft_no_progress=false no_progress_class='none' overlay_realign_grace_active=false min_step_gate_blocked=false realign_grace_suppressed=false repeat_stop_hit=false decision='continue' reason='none' stop_explain_version='pr7_explain_v1' stop_explain_input='step:7|move:{'success': true, 'status': 'moved', 'detail': 'moved', 'raw': {'timestamp': 1775920543798, 'reqid': 'f1b644b5', 'success': true, 'status': 'moved', 'detail': 'moved', 'flags': []}}|smart:moved|same:0|fail:0' stop_explain_repeat='recent:false|class:none|strict:false|semantic:false|loop:none|two_card:false' stop_explain_no_progress='hit:false|class:none|hard:false|soft:false' stop_explain_gate='candidate:false|min_block:false|realign_suppress:false|realign_active:false|decision:continue'
[00:15:47] [STEP] START tab='(?i).*life.*' step=8
[00:15:52] [ROW] fingerprint='|outdoor air quality (fine dust)|outdoor air quality (fine dust)|486,724' normalized_fingerprint='|outdoor air quality fine dust|outdoor air quality fine dust' duplicate=false recent_duplicate=false distance=0 recent_semantic_duplicate=false semantic_distance=0 semantic_window_unique=6 noise=false
[00:15:52] [STEP] END tab='(?i).*life.*' step=8 elapsed=4.55s move_result='{'success': True, 'status': 'moved', 'detail': 'moved', 'raw': {'timestamp': 1775920548822, 'reqId': '22ce0876', 'success': True, 'status': 'moved', 'detail': 'moved', 'flags': []}}' visible='Outdoor air quality (fine dust)' speech='Outdoor air quality (fine dust)' crop='output\talkback_compare_20260412_001335\crops\i_._life._step_8_Outdoor_air_quality__fine_dust.png' timing(move=0.470s ann=3.072s get_focus=1.010s get_focus_fallback_dump=0.000s step_dump=0.000s crop=0.471s total=5.024s) focus_reason='' fallback_used=False fallback_found=False step_dump_used=False step_dump_reason='focus_payload_sufficient' req_id='45e9b3c3'
[00:15:52] [STOP][eval] step=8 scenario='life_air_care_plugin' terminal=false same_like_count=0 no_progress=false scenario_type='content' is_global_nav=false after_realign=false recent_repeat=false bounded_two_card_loop=false semantic_same_like=false recent_duplicate=false recent_duplicate_distance=0 recent_semantic_duplicate=false recent_semantic_duplicate_distance=0 recent_semantic_unique_count=6 strict_duplicate=false semantic_duplicate=false repeat_class='none' loop_classification='none' hard_no_progress=false soft_no_progress=false no_progress_class='none' overlay_realign_grace_active=false min_step_gate_blocked=false realign_grace_suppressed=false repeat_stop_hit=false decision='continue' reason='none' stop_explain_version='pr7_explain_v1' stop_explain_input='step:8|move:{'success': true, 'status': 'moved', 'detail': 'moved', 'raw': {'timestamp': 1775920548822, 'reqid': '22ce0876', 'success': true, 'status': 'moved', 'detail': 'moved', 'flags': []}}|smart:moved|same:0|fail:0' stop_explain_repeat='recent:false|class:none|strict:false|semantic:false|loop:none|two_card:false' stop_explain_no_progress='hit:false|class:none|hard:false|soft:false' stop_explain_gate='candidate:false|min_block:false|realign_suppress:false|realign_active:false|decision:continue'
[00:15:52] [STEP] START tab='(?i).*life.*' step=9
[00:15:57] [ROW] fingerprint='|information|information|966,724' normalized_fingerprint='|information|information' duplicate=false recent_duplicate=false distance=0 recent_semantic_duplicate=false semantic_distance=0 semantic_window_unique=6 noise=false
[00:15:57] [STEP] END tab='(?i).*life.*' step=9 elapsed=4.54s move_result='{'success': True, 'status': 'moved', 'detail': 'moved', 'raw': {'timestamp': 1775920553850, 'reqId': '5de43aab', 'success': True, 'status': 'moved', 'detail': 'moved', 'flags': []}}' visible='Information' speech='Information' crop='output\talkback_compare_20260412_001335\crops\i_._life._step_9_Information.png' timing(move=0.475s ann=3.043s get_focus=1.026s get_focus_fallback_dump=0.000s step_dump=0.000s crop=0.503s total=5.047s) focus_reason='' fallback_used=False fallback_found=False step_dump_used=False step_dump_reason='focus_payload_sufficient' req_id='fd0113cc'
[00:15:57] [STOP][eval] step=9 scenario='life_air_care_plugin' terminal=false same_like_count=0 no_progress=false scenario_type='content' is_global_nav=false after_realign=false recent_repeat=false bounded_two_card_loop=false semantic_same_like=false recent_duplicate=false recent_duplicate_distance=0 recent_semantic_duplicate=false recent_semantic_duplicate_distance=0 recent_semantic_unique_count=6 strict_duplicate=false semantic_duplicate=false repeat_class='none' loop_classification='none' hard_no_progress=false soft_no_progress=false no_progress_class='none' overlay_realign_grace_active=false min_step_gate_blocked=false realign_grace_suppressed=false repeat_stop_hit=false decision='continue' reason='none' stop_explain_version='pr7_explain_v1' stop_explain_input='step:9|move:{'success': true, 'status': 'moved', 'detail': 'moved', 'raw': {'timestamp': 1775920553850, 'reqid': '5de43aab', 'success': true, 'status': 'moved', 'detail': 'moved', 'flags': []}}|smart:moved|same:0|fail:0' stop_explain_repeat='recent:false|class:none|strict:false|semantic:false|loop:none|two_card:false' stop_explain_no_progress='hit:false|class:none|hard:false|soft:false' stop_explain_gate='candidate:false|min_block:false|realign_suppress:false|realign_active:false|decision:continue'
[00:15:57] [RESULT] skipped anchor rows count=1
[00:15:57] [SAVE] writing sheets raw/filtered/summary/result
[00:15:57] [SAVE] filtered rows=11, raw rows=13
[00:15:57] [SAVE] saved excel: output/talkback_compare_20260412_001335.xlsx rows=13 with_images=False
[00:15:57] [STEP] START tab='(?i).*life.*' step=10
[00:16:02] [ROW] fingerprint='|previous time|previous time|120,871' normalized_fingerprint='|previous time|previous time' duplicate=false recent_duplicate=false distance=0 recent_semantic_duplicate=false semantic_distance=0 semantic_window_unique=6 noise=false
[00:16:02] [STEP] END tab='(?i).*life.*' step=10 elapsed=4.62s move_result='{'success': True, 'status': 'moved', 'detail': 'moved', 'raw': {'timestamp': 1775920559056, 'reqId': '35a808b5', 'success': True, 'status': 'moved', 'detail': 'moved', 'flags': []}}' visible='Previous time' speech='Previous time' crop='output\talkback_compare_20260412_001335\crops\i_._life._step_10_Previous_time.png' timing(move=0.500s ann=3.076s get_focus=1.042s get_focus_fallback_dump=0.000s step_dump=0.000s crop=0.510s total=5.129s) focus_reason='' fallback_used=False fallback_found=False step_dump_used=False step_dump_reason='focus_payload_sufficient' req_id='26a85278'
[00:16:02] [STOP][eval] step=10 scenario='life_air_care_plugin' terminal=false same_like_count=0 no_progress=false scenario_type='content' is_global_nav=false after_realign=false recent_repeat=false bounded_two_card_loop=false semantic_same_like=false recent_duplicate=false recent_duplicate_distance=0 recent_semantic_duplicate=false recent_semantic_duplicate_distance=0 recent_semantic_unique_count=6 strict_duplicate=false semantic_duplicate=false repeat_class='none' loop_classification='none' hard_no_progress=false soft_no_progress=false no_progress_class='none' overlay_realign_grace_active=false min_step_gate_blocked=false realign_grace_suppressed=false repeat_stop_hit=false decision='continue' reason='none' stop_explain_version='pr7_explain_v1' stop_explain_input='step:10|move:{'success': true, 'status': 'moved', 'detail': 'moved', 'raw': {'timestamp': 1775920559056, 'reqid': '35a808b5', 'success': true, 'status': 'moved', 'detail': 'moved', 'flags': []}}|smart:moved|same:0|fail:0' stop_explain_repeat='recent:false|class:none|strict:false|semantic:false|loop:none|two_card:false' stop_explain_no_progress='hit:false|class:none|hard:false|soft:false' stop_explain_gate='candidate:false|min_block:false|realign_suppress:false|realign_active:false|decision:continue'
[00:16:02] [STOP][summary] scenario='life_air_care_plugin' stop_triggered=false stop_step=10 reason='safety_limit'
[00:16:02] [PERF][scenario_summary] scenario=life_air_care_plugin tab=(?i).*life.* total_runtime=145.1 total_steps=14 main_step_count=11 overlay_step_count=3 overlay_count=1 avg_get_focus=0.932 avg_move=0.431 avg_crop=0.488 avg_step_total=5.031 step_total_sample_count=11 avg_get_focus_main=1.015 avg_get_focus_overlay=0.629 fallback_dump_count=0 success_false_top_level_dump_attempt_count=0 success_false_top_level_dump_found_count=0 fallback_dump_rate=0.0 get_focus_strong_skip_count=14 get_focus_strong_skip_rate=100.0 step_dump_used_count=0 save_excel_count=7 realign_attempt_count=1 realign_success_count=1 realign_success_rate=100.0
[00:16:02] [RECOVER] start
[00:16:07] [RECOVER] success
[00:16:07] [SCENARIO][stabilization] scenario='life_home_care_plugin' screen_context_mode='new_screen' stabilization_mode='anchor_only'
[00:16:07] [CONTEXT] skipped reason='new_screen_mode' phase='tab_select'
[00:16:07] [TAB][select] fallback_to_legacy=True scenario='life_home_care_plugin'
[00:16:12] [TRACE][open_scenario] scenario='life_home_care_plugin' stabilization_mode='anchor_only' focus_align_attempted=True focus_align_ok=True focus_align_reason='' context_ok=False anchor_matched=False anchor_stable=False
[00:16:13] [SCENARIO][pre_nav][stabilization] phase='before_pre_navigation' attempt=1/2 life_selected=false app_bar_hits=4 visible_card_hits=0 life_root_signature_present=false navigate_up_hits=0 family_care_signature_seen=true final_score=2 ok=false pass_reason='' fail_reason='life_root_not_stable'
[00:16:13] [SCENARIO][pre_nav][stabilization][life_energy_relaxed_gate] phase='before_pre_navigation' attempt=1/2 allow_scrolltouch=true reason='life_plugin_list_likely'
[00:16:13] [SCENARIO][pre_nav] step=1 action=scrolltouch target='(?i)(^home\s*care$|home\s*care\.|\bhomecare\b|홈\s*케어)'
[00:16:13] [SCENARIO][pre_nav] before scrolltouch, scroll_to_top invoked cumulative_mode=true
[00:16:16] [SCENARIO][pre_nav] scroll_to_top result={'ok': True, 'reached_top': True, 'attempts': 1, 'reason': 'scroll_failed'}
[00:16:17] [SCENARIO][pre_nav] top_state_verify ok=false reason='top_marker_missing' scenario='life_home_care_plugin'
[00:16:20] [SCENARIO][pre_nav] top_state_verify retry=1/2 ok=false reason='top_marker_missing'
[00:16:23] [SCENARIO][pre_nav] top_state_verify retry=2/2 ok=false reason='top_marker_missing'
[00:16:25] [SCENARIO][pre_nav][scrolltouch][debug] scroll_step=1/5 visible_candidate_count=1 partial_match_count=1 exact_match_count=0 xml_fallback_attempted=true xml_fallback_reason='ok' rejections='filtered_before_candidate:20' visible_top='label='Connect Samsung home appliances and get smart care using the' rid='com.samsung.android.oneconnect:id/frameL' cls='android.widget.FrameLayout' bounds='42,1858,1038,2316'' partial_top='label='Connect Samsung home appliances and get smart care using the' rid='com.samsung.android.oneconnect:id/frameL' cls='android.widget.FrameLayout' bounds='42,1858,1038,2316'' pre_candidate_top='-' local_search_nodes=21 selected=true selected_reason='candidate_count=1'
[00:16:25] [SCENARIO][pre_nav][scrolltouch][inspect] scroll_step=1/5 samples='label='우리 집 QR code 우리 집 QR code' rid='com.samsung.android.oneconnect:id/home_button' cls='android.widget.ImageButton' visible=true clickable=true focusable=true effectiveClickable=true matched_text_node='com.samsung.android.oneconnect:id/home_button' promoted_container=false promotion_reason='none' promoted_from='' promoted_to='' stage='label_filter' reason='filtered_before_candidate' | label='우리 집, Change location 우리 집, Change location' rid='com.samsung.android.oneconnect:id/tab_title' cls='android.widget.LinearLayout' visible=true clickable=true focusable=true effectiveClickable=true matched_text_node='com.samsung.android.oneconnect:id/tab_title' promoted_container=false promotion_reason='none' promoted_from='' promoted_to='' stage='label_filter' reason='filtered_before_candidate' | label='Add Add' rid='com.samsung.android.oneconnect:id/add_menu_butto' cls='android.widget.ImageButton' visible=true clickable=true focusable=true effectiveClickable=true matched_text_node='com.samsung.android.oneconnect:id/add_menu_button' promoted_container=false promotion_reason='none' promoted_from='' promoted_to='' stage='label_filter' reason='filtered_before_candidate' | label='More options Mor'
[00:16:25] [SCENARIO][pre_nav][scrolltouch] candidate_select reason='candidate_count=1' class='android.widget.FrameLayout' resource='com.samsung.android.oneconnect:id/frameLayout' bounds='42,1858,1038,2316' visible=true label='' promoted_container=true promotion_attempted=true promotion_source='xml_live' matched_text_node='com.samsung.android.oneconnect:id/tvHeaderTitle' promotion_reason='xml_live_containment_container' promotion_candidate_count=8 promotion_debug_summary='helper:no_candidate;xml_live:candidate_count=8' promoted_from='com.samsung.android.oneconnect:id/tvHeaderTitle' promoted_to='com.samsung.android.oneconnect:id/frameLayout' selected_area=456168 text_area=161424 area_ratio=2.826 ancestor_distance=-1 tap_point='540,2087' tap_strategy='center' rank_summary_top3='com.samsung.android.oneconnect:id/frameLayout:xml_live_containment_container:ov=1000:ar=2.83:sp=5:ad=-1 | com.samsung.android.oneconnect:id/generic_view_pager:xml_live_containment_container:ov=1000:ar=2.83:sp=4:ad=-1 | c' scroll_step=1/5 cumulative_mode=true
[00:16:26] [SCENARIO][pre_nav][scrolltouch] candidate_select reason='no_local_match' fallback='helper_scrollTouch' reason_detail='local_search_exhausted' cumulative_mode=true
[00:16:49] [SCENARIO][pre_nav][scrolltouch] post_click_transition same_screen=false signal='screen_text'
[00:16:49] [SCENARIO][pre_nav] success step=1 reason='ACTION_CLICK success'
[00:16:51] [SCENARIO][pre_nav] success
[00:16:57] [ANCHOR][fallback] explicit anchor not matched, trying top content fallback
[00:16:57] [ANCHOR][fallback] selected candidate label='Always manage your home appliances optimally, Home Care constantly monitors devices that support AI diagnosis and informs you when they need cleaning, replacing, or other maintenance. Always manage your home appliances optimally, Home Care constantly monitors devices that support AI diagnosis and informs you when they need cleaning, replacing, or other maintenance.' position='top_center'
[00:16:57] [ANCHOR][plugin_fallback] using_top_start_candidate position='top_center'
[00:17:06] [CONTEXT] skipped reason='anchor_only_mode'
[00:17:06] [CONTEXT] skipped reason='anchor_only_mode'
[00:17:06] [CONTEXT] scenario='life_home_care_plugin' type='skipped' expected='' actual='' ok=True
[00:17:06] [ANCHOR][scenario_start] anchor mismatch scenario='life_home_care_plugin'
[00:17:06] [ANCHOR][scenario_start] anchor not stable scenario='life_home_care_plugin'
[00:17:12] [ANCHOR][fallback] explicit anchor not matched, trying top content fallback
[00:17:12] [ANCHOR][fallback] selected candidate label='Always manage your home appliances optimally, Home Care constantly monitors devices that support AI diagnosis and informs you when they need cleaning, replacing, or other maintenance. Always manage your home appliances optimally, Home Care constantly monitors devices that support AI diagnosis and informs you when they need cleaning, replacing, or other maintenance.' position='top_center'
[00:17:12] [ANCHOR][plugin_fallback] using_top_start_candidate position='top_center'
[00:17:21] [CONTEXT] skipped reason='anchor_only_mode'
[00:17:21] [CONTEXT] skipped reason='anchor_only_mode'
[00:17:21] [CONTEXT] scenario='life_home_care_plugin' type='skipped' expected='' actual='' ok=True
[00:17:21] [ANCHOR][scenario_start] anchor mismatch scenario='life_home_care_plugin'
[00:17:21] [ANCHOR][scenario_start] anchor not stable scenario='life_home_care_plugin'
[00:17:21] [TRACE][open_scenario] scenario='life_home_care_plugin' stabilization_mode='anchor_only' focus_align_attempted=True focus_align_ok=True focus_align_reason='' context_ok=False anchor_matched=False anchor_stable=False
[00:17:21] [ANCHOR][scenario_start] stabilization failed but proceeding with low-confidence fallback start scenario='life_home_care_plugin' source='fallback_top_center' reason='fallback_candidate_and_focus_evidence'
[00:17:21] [ANCHOR][plugin_fallback] candidate_label='Always manage your home appliances optimally, Home Care constantly monitors devices that support AI diagnosis and informs you when they need cleaning, replacing, or other maintenance. Always manage your home appliances optimally, Home Care constantly monitors devices that support AI diagnosis and informs you when they need cleaning, replacing, or other maintenance.' candidate_view_id='' reason='new_screen_evidence_confirmed'
[00:17:21] [ANCHOR][plugin_fallback] stabilized_by='post_focus_verified'
[00:17:21] [SCENARIO][start_mode] scenario='life_home_care_plugin' mode='low_confidence_fallback'
[00:17:28] [SCENARIO][special_state] detected scenario='life_home_care_plugin' entry_type='card' kind='onboarding_or_empty_state' handling='back_after_read' verify_hit=true long_intro_like=true special_hits='smartthings home care,always manage your home appliances optimally,home care constantly monitors devices,ai diagnosis,maintenance' cta_hits='start'
[00:17:30] [SCENARIO][entry_contract] handled scenario='life_home_care_plugin' entry_type='card' reason='special_state_handled' detail='onboarding_back_exit' back_status='back_sent_exit'
[00:17:30] [PERF][scenario_summary] scenario=life_home_care_plugin tab=(?i).*life.* total_runtime=82.6 total_steps=1 main_step_count=1 overlay_step_count=0 overlay_count=0 avg_get_focus=0.0 avg_move=0.0 avg_crop=0.0 avg_step_total=0.0 step_total_sample_count=0 avg_get_focus_main=0.0 avg_get_focus_overlay=0.0 fallback_dump_count=0 success_false_top_level_dump_attempt_count=0 success_false_top_level_dump_found_count=0 fallback_dump_rate=0.0 get_focus_strong_skip_count=0 get_focus_strong_skip_rate=0.0 step_dump_used_count=0 save_excel_count=0 realign_attempt_count=0 realign_success_count=0 realign_success_rate=0.0
[00:17:30] [RESULT] skipped anchor rows count=1
[00:17:30] [SAVE] writing sheets raw/filtered/summary/result
[00:17:30] [SAVE] filtered rows=13, raw rows=15
[00:17:30] [SAVE] saved excel: output/talkback_compare_20260412_001335.xlsx rows=15 with_images=False
[00:17:30] [RECOVER] start
[00:17:34] [RECOVER] success
[00:17:34] [SCENARIO][stabilization] scenario='life_energy_plugin' screen_context_mode='new_screen' stabilization_mode='anchor_only'
[00:17:34] [CONTEXT] skipped reason='new_screen_mode' phase='tab_select'
[00:17:34] [TAB][select] fallback_to_legacy=True scenario='life_energy_plugin'
[00:17:38] [TRACE][open_scenario] scenario='life_energy_plugin' stabilization_mode='anchor_only' focus_align_attempted=True focus_align_ok=True focus_align_reason='' context_ok=False anchor_matched=False anchor_stable=False
[00:17:39] [SCENARIO][pre_nav][stabilization] phase='before_pre_navigation' attempt=1/2 life_selected=false app_bar_hits=4 visible_card_hits=0 life_root_signature_present=false navigate_up_hits=0 family_care_signature_seen=true final_score=2 ok=false pass_reason='' fail_reason='life_root_not_stable'
[00:17:39] [SCENARIO][pre_nav][stabilization][life_energy_relaxed_gate] phase='before_pre_navigation' attempt=1/2 allow_scrolltouch=true reason='life_plugin_list_likely'
[00:17:39] [SCENARIO][pre_nav] step=1 action=scrolltouch target='(?i)(^energy$|energy\.|\bsmart\s*energy\b|\benergy\b)'
[00:17:40] [SCENARIO][pre_nav] before scrolltouch, scroll_to_top invoked cumulative_mode=true
[00:17:42] [SCENARIO][pre_nav] scroll_to_top result={'ok': True, 'reached_top': True, 'attempts': 1, 'reason': 'scroll_failed'}
[00:17:43] [SCENARIO][pre_nav] top_state_verify ok=false reason='top_marker_missing' scenario='life_energy_plugin'
[00:17:46] [SCENARIO][pre_nav] top_state_verify retry=1/2 ok=false reason='top_marker_missing'
[00:17:50] [SCENARIO][pre_nav] top_state_verify retry=2/2 ok=false reason='top_marker_missing'
[00:17:52] [SCENARIO][pre_nav][scrolltouch][debug] scroll_step=1/5 visible_candidate_count=1 partial_match_count=1 exact_match_count=0 xml_fallback_attempted=true xml_fallback_reason='ok' rejections='filtered_before_candidate:20' visible_top='label='Connect Samsung home appliances and get smart care using the' rid='com.samsung.android.oneconnect:id/frameL' cls='android.widget.FrameLayout' bounds='42,1858,1038,2316'' partial_top='label='Connect Samsung home appliances and get smart care using the' rid='com.samsung.android.oneconnect:id/frameL' cls='android.widget.FrameLayout' bounds='42,1858,1038,2316'' pre_candidate_top='-' local_search_nodes=21 selected=true selected_reason='candidate_count=1'
[00:17:52] [SCENARIO][pre_nav][scrolltouch][inspect] scroll_step=1/5 samples='label='우리 집 QR code 우리 집 QR code' rid='com.samsung.android.oneconnect:id/home_button' cls='android.widget.ImageButton' visible=true clickable=true focusable=true effectiveClickable=true matched_text_node='com.samsung.android.oneconnect:id/home_button' promoted_container=false promotion_reason='none' promoted_from='' promoted_to='' stage='label_filter' reason='filtered_before_candidate' | label='우리 집, Change location 우리 집, Change location' rid='com.samsung.android.oneconnect:id/tab_title' cls='android.widget.LinearLayout' visible=true clickable=true focusable=true effectiveClickable=true matched_text_node='com.samsung.android.oneconnect:id/tab_title' promoted_container=false promotion_reason='none' promoted_from='' promoted_to='' stage='label_filter' reason='filtered_before_candidate' | label='Add Add' rid='com.samsung.android.oneconnect:id/add_menu_butto' cls='android.widget.ImageButton' visible=true clickable=true focusable=true effectiveClickable=true matched_text_node='com.samsung.android.oneconnect:id/add_menu_button' promoted_container=false promotion_reason='none' promoted_from='' promoted_to='' stage='label_filter' reason='filtered_before_candidate' | label='More options Mor'
[00:17:52] [SCENARIO][pre_nav][scrolltouch] candidate_select reason='candidate_count=1' class='android.widget.FrameLayout' resource='com.samsung.android.oneconnect:id/frameLayout' bounds='42,1858,1038,2316' visible=true label='' promoted_container=true promotion_attempted=true promotion_source='xml_live' matched_text_node='com.samsung.android.oneconnect:id/tvHeaderTitle' promotion_reason='xml_live_containment_container' promotion_candidate_count=8 promotion_debug_summary='helper:no_candidate;xml_live:candidate_count=8' promoted_from='com.samsung.android.oneconnect:id/tvHeaderTitle' promoted_to='com.samsung.android.oneconnect:id/frameLayout' selected_area=456168 text_area=161424 area_ratio=2.826 ancestor_distance=-1 tap_point='540,2087' tap_strategy='center' rank_summary_top3='com.samsung.android.oneconnect:id/frameLayout:xml_live_containment_container:ov=1000:ar=2.83:sp=5:ad=-1 | com.samsung.android.oneconnect:id/generic_view_pager:xml_live_containment_container:ov=1000:ar=2.83:sp=4:ad=-1 | c' scroll_step=1/5 cumulative_mode=true
[00:17:53] [SCENARIO][pre_nav][scrolltouch] candidate_select reason='no_local_match' fallback='helper_scrollTouch' reason_detail='local_search_exhausted' cumulative_mode=true
[00:18:04] [SCENARIO][pre_nav][scrolltouch] post_click_transition same_screen=false signal='screen_text'
[00:18:04] [SCENARIO][pre_nav] success step=1 reason='ACTION_CLICK success'
[00:18:06] [SCENARIO][pre_nav] success
[00:18:09] [CONTEXT] skipped reason='anchor_only_mode'
[00:18:09] [CONTEXT] skipped reason='anchor_only_mode'
[00:18:09] [CONTEXT] scenario='life_energy_plugin' type='skipped' expected='' actual='' ok=True
[00:18:09] [CONTEXT] verification passed scenario='life_energy_plugin'
[00:18:09] [ANCHOR][scenario_start] success scenario='life_energy_plugin' selected=True matched=True stable=True context_ok=True reason='selected_and_verified'
[00:18:09] [TRACE][open_scenario] scenario='life_energy_plugin' stabilization_mode='anchor_only' focus_align_attempted=True focus_align_ok=True focus_align_reason='' context_ok=False anchor_matched=False anchor_stable=True
[00:18:11] [SCENARIO][entry_contract] success scenario='life_energy_plugin' entry_type='card' reason='success_verified' detail='plugin_open_verified'
[00:18:12] [TRACE][post_open_focus] scenario='life_energy_plugin' view_id='back' label='Navigate up' speech='Navigate up' bounds='{'l': 72, 't': 118, 'r': 144, 'b': 310, 'left': 72, 'top': 118, 'right': 144, 'bottom': 310}' source='top_level' top_level=True
[00:18:17] [TRACE][anchor_row] scenario='life_energy_plugin' step=0 view_id='back' visible='Navigate up' speech='Navigate up' normalized_visible='navigate up' is_global_nav=False
[00:18:17] [ROW] fingerprint='back|navigate up|navigate up|108,214' normalized_fingerprint='back|navigate up|navigate up' duplicate=false recent_duplicate=false distance=0 recent_semantic_duplicate=false semantic_distance=0 semantic_window_unique=1 noise=false
[00:18:17] [RESULT] skipped anchor rows count=2
[00:18:17] [SAVE] writing sheets raw/filtered/summary/result
[00:18:17] [SAVE] filtered rows=14, raw rows=16
[00:18:17] [SAVE] saved excel: output/talkback_compare_20260412_001335.xlsx rows=16 with_images=False
[00:18:17] [STEP] START tab='(?i).*life.*' step=1
[00:18:22] [ROW] fingerprint='|energy|energy|552,214' normalized_fingerprint='|energy|energy' duplicate=false recent_duplicate=false distance=0 recent_semantic_duplicate=false semantic_distance=0 semantic_window_unique=2 noise=false
[00:18:22] [STEP] END tab='(?i).*life.*' step=1 elapsed=4.49s move_result='{'success': True, 'status': 'moved', 'detail': 'moved', 'raw': {'timestamp': 1775920699457, 'reqId': 'c04de759', 'success': True, 'status': 'moved', 'detail': 'moved', 'flags': []}}' visible='Energy' speech='Energy' crop='output\talkback_compare_20260412_001335\crops\i_._life._step_1_Energy.png' timing(move=0.438s ann=3.029s get_focus=1.023s get_focus_fallback_dump=0.000s step_dump=0.000s crop=0.517s total=5.008s) focus_reason='' fallback_used=False fallback_found=False step_dump_used=False step_dump_reason='focus_payload_sufficient' req_id='931f8bcd'
[00:18:22] [STOP][eval] step=1 scenario='life_energy_plugin' terminal=false same_like_count=0 no_progress=false scenario_type='content' is_global_nav=false after_realign=false recent_repeat=false bounded_two_card_loop=false semantic_same_like=false recent_duplicate=false recent_duplicate_distance=0 recent_semantic_duplicate=false recent_semantic_duplicate_distance=0 recent_semantic_unique_count=2 strict_duplicate=false semantic_duplicate=false repeat_class='none' loop_classification='none' hard_no_progress=false soft_no_progress=false no_progress_class='none' overlay_realign_grace_active=false min_step_gate_blocked=false realign_grace_suppressed=false repeat_stop_hit=false decision='continue' reason='none' stop_explain_version='pr7_explain_v1' stop_explain_input='step:1|move:{'success': true, 'status': 'moved', 'detail': 'moved', 'raw': {'timestamp': 1775920699457, 'reqid': 'c04de759', 'success': true, 'status': 'moved', 'detail': 'moved', 'flags': []}}|smart:moved|same:0|fail:0' stop_explain_repeat='recent:false|class:none|strict:false|semantic:false|loop:none|two_card:false' stop_explain_no_progress='hit:false|class:none|hard:false|soft:false' stop_explain_gate='candidate:false|min_block:false|realign_suppress:false|realign_active:false|decision:continue'
[00:18:22] [STEP] START tab='(?i).*life.*' step=2
[00:18:27] [ROW] fingerprint='more|more options|more options|972,214' normalized_fingerprint='more|more options|more options' duplicate=false recent_duplicate=false distance=0 recent_semantic_duplicate=false semantic_distance=0 semantic_window_unique=3 noise=false
[00:18:27] [STEP] END tab='(?i).*life.*' step=2 elapsed=4.61s move_result='{'success': True, 'status': 'moved', 'detail': 'moved', 'raw': {'timestamp': 1775920704461, 'reqId': 'a228caee', 'success': True, 'status': 'moved', 'detail': 'moved', 'flags': []}}' visible='More options' speech='More options' crop='output\talkback_compare_20260412_001335\crops\i_._life._step_2_More_options.png' timing(move=0.453s ann=3.054s get_focus=1.101s get_focus_fallback_dump=0.000s step_dump=0.000s crop=0.476s total=5.084s) focus_reason='' fallback_used=False fallback_found=False step_dump_used=False step_dump_reason='focus_payload_sufficient' req_id='a02979fe'
[00:18:27] [STOP][eval] step=2 scenario='life_energy_plugin' terminal=false same_like_count=0 no_progress=false scenario_type='content' is_global_nav=false after_realign=false recent_repeat=false bounded_two_card_loop=false semantic_same_like=false recent_duplicate=false recent_duplicate_distance=0 recent_semantic_duplicate=false recent_semantic_duplicate_distance=0 recent_semantic_unique_count=3 strict_duplicate=false semantic_duplicate=false repeat_class='none' loop_classification='none' hard_no_progress=false soft_no_progress=false no_progress_class='none' overlay_realign_grace_active=false min_step_gate_blocked=false realign_grace_suppressed=false repeat_stop_hit=false decision='continue' reason='none' stop_explain_version='pr7_explain_v1' stop_explain_input='step:2|move:{'success': true, 'status': 'moved', 'detail': 'moved', 'raw': {'timestamp': 1775920704461, 'reqid': 'a228caee', 'success': true, 'status': 'moved', 'detail': 'moved', 'flags': []}}|smart:moved|same:0|fail:0' stop_explain_repeat='recent:false|class:none|strict:false|semantic:false|loop:none|two_card:false' stop_explain_no_progress='hit:false|class:none|hard:false|soft:false' stop_explain_gate='candidate:false|min_block:false|realign_suppress:false|realign_active:false|decision:continue'
[00:18:27] [OVERLAY] candidate matched scenario='life_energy_plugin' tab='(?i).*life.*' step=2 view_id='more' label='More options' reason='matched_scenario_policy'
[00:18:38] [OVERLAY] post_click classification='overlay' scenario='life_energy_plugin' tab='(?i).*life.*' entry_view_id='more' entry_label='More options' post_view_id='addToHomeScreen' post_label='Add to Home screen'
[00:18:49] [RESULT] skipped anchor rows count=2
[00:18:49] [SAVE] writing sheets raw/filtered/summary/result
[00:18:49] [SAVE] filtered rows=19, raw rows=21
[00:18:49] [SAVE] saved excel: output/talkback_compare_20260412_001335.xlsx rows=21 with_images=False
[00:19:03] [OVERLAY][repeat] same_focus_detected=true step=6 view_id='moreInformation' bounds='396,820,1053,970' normalized_visible_label='information' move_result=''
[00:19:03] [OVERLAY][break] reason='same_overlay_fingerprint' step=6
[00:19:03] [RESULT] skipped anchor rows count=2
[00:19:03] [SAVE] writing sheets raw/filtered/summary/result
[00:19:03] [SAVE] filtered rows=21, raw rows=23
[00:19:03] [SAVE] saved excel: output/talkback_compare_20260412_001335.xlsx rows=23 with_images=False
[00:19:06] [RESULT] skipped anchor rows count=2
[00:19:06] [SAVE] writing sheets raw/filtered/summary/result
[00:19:06] [SAVE] filtered rows=21, raw rows=23
[00:19:06] [SAVE] saved excel: output/talkback_compare_20260412_001335.xlsx rows=23 with_images=False
[00:19:09] [OVERLAY] realign status='realign_entry_reached' entry_reached=True steps_taken=2 match_by='view_id'
[00:19:15] [CONTEXT] skipped reason='anchor_only_mode'
[00:19:15] [CONTEXT] skipped reason='anchor_only_mode'
[00:19:15] [CONTEXT] scenario='life_energy_plugin' type='skipped' expected='' actual='' ok=True
[00:19:15] [CONTEXT] verification passed scenario='life_energy_plugin'
[00:19:15] [ANCHOR][overlay_realign] success scenario='life_energy_plugin' selected=True matched=True stable=True context_ok=True reason='selected_and_verified'
[00:19:15] [ANCHOR][overlay_realign] success scenario='life_energy_plugin' reason='overlay_realign_verified'
[00:19:15] [STEP] START tab='(?i).*life.*' step=3
[00:19:20] [ROW] fingerprint='|energy|energy|552,214' normalized_fingerprint='|energy|energy' duplicate=false recent_duplicate=true distance=2 recent_semantic_duplicate=true semantic_distance=2 semantic_window_unique=3 noise=false
[00:19:20] [STEP] END tab='(?i).*life.*' step=3 elapsed=4.56s move_result='{'success': True, 'status': 'moved', 'detail': 'moved', 'raw': {'timestamp': 1775920757053, 'reqId': '8dd240fe', 'success': True, 'status': 'moved', 'detail': 'moved', 'flags': []}}' visible='Energy' speech='Energy' crop='output\talkback_compare_20260412_001335\crops\i_._life._step_3_Energy.png' timing(move=0.491s ann=3.056s get_focus=1.008s get_focus_fallback_dump=0.000s step_dump=0.000s crop=0.465s total=5.022s) focus_reason='' fallback_used=False fallback_found=False step_dump_used=False step_dump_reason='focus_payload_sufficient' req_id='04bdf0e3'
[00:19:20] [STOP][eval] step=3 scenario='life_energy_plugin' terminal=false same_like_count=0 no_progress=false scenario_type='content' is_global_nav=false after_realign=true recent_repeat=false bounded_two_card_loop=false semantic_same_like=false recent_duplicate=true recent_duplicate_distance=2 recent_semantic_duplicate=true recent_semantic_duplicate_distance=2 recent_semantic_unique_count=3 strict_duplicate=false semantic_duplicate=false repeat_class='none' loop_classification='none' hard_no_progress=false soft_no_progress=false no_progress_class='none' overlay_realign_grace_active=false min_step_gate_blocked=false realign_grace_suppressed=false repeat_stop_hit=false decision='continue' reason='none' stop_explain_version='pr7_explain_v1' stop_explain_input='step:3|move:{'success': true, 'status': 'moved', 'detail': 'moved', 'raw': {'timestamp': 1775920757053, 'reqid': '8dd240fe', 'success': true, 'status': 'moved', 'detail': 'moved', 'flags': []}}|smart:moved|same:0|fail:0' stop_explain_repeat='recent:false|class:none|strict:false|semantic:false|loop:none|two_card:false' stop_explain_no_progress='hit:false|class:none|hard:false|soft:false' stop_explain_gate='candidate:false|min_block:false|realign_suppress:false|realign_active:false|decision:continue'
[00:19:20] [RESULT] skipped anchor rows count=2
[00:19:20] [SAVE] writing sheets raw/filtered/summary/result
[00:19:20] [SAVE] filtered rows=21, raw rows=24
[00:19:20] [SAVE] saved excel: output/talkback_compare_20260412_001335.xlsx rows=24 with_images=False
[00:19:20] [STEP] START tab='(?i).*life.*' step=4
[00:19:25] [ROW] fingerprint='more|more options|more options|972,214' normalized_fingerprint='more|more options|more options' duplicate=false recent_duplicate=true distance=2 recent_semantic_duplicate=true semantic_distance=2 semantic_window_unique=3 noise=false
[00:19:25] [STEP] END tab='(?i).*life.*' step=4 elapsed=4.54s move_result='{'success': True, 'status': 'moved', 'detail': 'moved', 'raw': {'timestamp': 1775920762256, 'reqId': 'bd4fc20d', 'success': True, 'status': 'moved', 'detail': 'moved', 'flags': []}}' visible='More options' speech='More options' crop='output\talkback_compare_20260412_001335\crops\i_._life._step_4_More_options.png' timing(move=0.490s ann=3.027s get_focus=1.025s get_focus_fallback_dump=0.000s step_dump=0.000s crop=0.476s total=5.018s) focus_reason='' fallback_used=False fallback_found=False step_dump_used=False step_dump_reason='focus_payload_sufficient' req_id='3ae1c846'
[00:19:25] [STOP][eval] step=4 scenario='life_energy_plugin' terminal=false same_like_count=0 no_progress=false scenario_type='content' is_global_nav=false after_realign=false recent_repeat=false bounded_two_card_loop=false semantic_same_like=false recent_duplicate=true recent_duplicate_distance=2 recent_semantic_duplicate=true recent_semantic_duplicate_distance=2 recent_semantic_unique_count=3 strict_duplicate=false semantic_duplicate=false repeat_class='none' loop_classification='none' hard_no_progress=false soft_no_progress=false no_progress_class='none' overlay_realign_grace_active=false min_step_gate_blocked=false realign_grace_suppressed=false repeat_stop_hit=false decision='continue' reason='none' stop_explain_version='pr7_explain_v1' stop_explain_input='step:4|move:{'success': true, 'status': 'moved', 'detail': 'moved', 'raw': {'timestamp': 1775920762256, 'reqid': 'bd4fc20d', 'success': true, 'status': 'moved', 'detail': 'moved', 'flags': []}}|smart:moved|same:0|fail:0' stop_explain_repeat='recent:false|class:none|strict:false|semantic:false|loop:none|two_card:false' stop_explain_no_progress='hit:false|class:none|hard:false|soft:false' stop_explain_gate='candidate:false|min_block:false|realign_suppress:false|realign_active:false|decision:continue'
[00:19:25] [OVERLAY] skip already expanded entry fingerprint='(?i).*life.*|more|more options'
[00:19:25] [STEP] START tab='(?i).*life.*' step=5
[00:19:30] [ROW] fingerprint='|save energy with ai energy mode and earn reward points|save energy with ai energy mode and earn reward points|642,461' normalized_fingerprint='|save energy with ai energy mode and earn reward points|save energy with ai energy mode and earn reward points' duplicate=false recent_duplicate=false distance=0 recent_semantic_duplicate=false semantic_distance=0 semantic_window_unique=4 noise=false
[00:19:30] [STEP] END tab='(?i).*life.*' step=5 elapsed=4.53s move_result='{'success': True, 'status': 'moved', 'detail': 'moved', 'raw': {'timestamp': 1775920767276, 'reqId': 'e5317583', 'success': True, 'status': 'moved', 'detail': 'moved', 'flags': []}}' visible='Save energy with AI Energy Mode and earn reward points' speech='Save energy with AI Energy Mode and earn reward points' crop='output\talkback_compare_20260412_001335\crops\i_._life._step_5_Save_energy_with_AI_Energy_Mode_and_earn.png' timing(move=0.465s ann=3.066s get_focus=1.000s get_focus_fallback_dump=0.000s step_dump=0.000s crop=0.508s total=5.039s) focus_reason='' fallback_used=False fallback_found=False step_dump_used=False step_dump_reason='focus_payload_sufficient' req_id='f434bdfb'
[00:19:30] [STOP][eval] step=5 scenario='life_energy_plugin' terminal=false same_like_count=0 no_progress=false scenario_type='content' is_global_nav=false after_realign=false recent_repeat=false bounded_two_card_loop=false semantic_same_like=false recent_duplicate=false recent_duplicate_distance=0 recent_semantic_duplicate=false recent_semantic_duplicate_distance=0 recent_semantic_unique_count=4 strict_duplicate=false semantic_duplicate=false repeat_class='none' loop_classification='none' hard_no_progress=false soft_no_progress=false no_progress_class='none' overlay_realign_grace_active=false min_step_gate_blocked=false realign_grace_suppressed=false repeat_stop_hit=false decision='continue' reason='none' stop_explain_version='pr7_explain_v1' stop_explain_input='step:5|move:{'success': true, 'status': 'moved', 'detail': 'moved', 'raw': {'timestamp': 1775920767276, 'reqid': 'e5317583', 'success': true, 'status': 'moved', 'detail': 'moved', 'flags': []}}|smart:moved|same:0|fail:0' stop_explain_repeat='recent:false|class:none|strict:false|semantic:false|loop:none|two_card:false' stop_explain_no_progress='hit:false|class:none|hard:false|soft:false' stop_explain_gate='candidate:false|min_block:false|realign_suppress:false|realign_active:false|decision:continue'
[00:19:30] [STEP] START tab='(?i).*life.*' step=6
[00:19:35] [ROW] fingerprint='|dismiss|dismiss|648,629' normalized_fingerprint='|dismiss|dismiss' duplicate=false recent_duplicate=false distance=0 recent_semantic_duplicate=false semantic_distance=0 semantic_window_unique=4 noise=false
[00:19:35] [STEP] END tab='(?i).*life.*' step=6 elapsed=4.73s move_result='{'success': True, 'status': 'moved', 'detail': 'moved', 'raw': {'timestamp': 1775920772338, 'reqId': '079ae2ce', 'success': True, 'status': 'moved', 'detail': 'moved', 'flags': []}}' visible='Dismiss' speech='Dismiss' crop='output\talkback_compare_20260412_001335\crops\i_._life._step_6_Dismiss.png' timing(move=0.487s ann=3.121s get_focus=1.126s get_focus_fallback_dump=0.000s step_dump=0.000s crop=0.492s total=5.227s) focus_reason='' fallback_used=False fallback_found=False step_dump_used=False step_dump_reason='focus_payload_sufficient' req_id='0e28c0ed'
[00:19:35] [STOP][eval] step=6 scenario='life_energy_plugin' terminal=false same_like_count=0 no_progress=false scenario_type='content' is_global_nav=false after_realign=false recent_repeat=false bounded_two_card_loop=false semantic_same_like=false recent_duplicate=false recent_duplicate_distance=0 recent_semantic_duplicate=false recent_semantic_duplicate_distance=0 recent_semantic_unique_count=4 strict_duplicate=false semantic_duplicate=false repeat_class='none' loop_classification='none' hard_no_progress=false soft_no_progress=false no_progress_class='none' overlay_realign_grace_active=false min_step_gate_blocked=false realign_grace_suppressed=false repeat_stop_hit=false decision='continue' reason='none' stop_explain_version='pr7_explain_v1' stop_explain_input='step:6|move:{'success': true, 'status': 'moved', 'detail': 'moved', 'raw': {'timestamp': 1775920772338, 'reqid': '079ae2ce', 'success': true, 'status': 'moved', 'detail': 'moved', 'flags': []}}|smart:moved|same:0|fail:0' stop_explain_repeat='recent:false|class:none|strict:false|semantic:false|loop:none|two_card:false' stop_explain_no_progress='hit:false|class:none|hard:false|soft:false' stop_explain_gate='candidate:false|min_block:false|realign_suppress:false|realign_active:false|decision:continue'
[00:19:35] [RESULT] skipped anchor rows count=2
[00:19:35] [SAVE] writing sheets raw/filtered/summary/result
[00:19:35] [SAVE] filtered rows=23, raw rows=27
[00:19:36] [SAVE] saved excel: output/talkback_compare_20260412_001335.xlsx rows=27 with_images=False
[00:19:36] [STEP] START tab='(?i).*life.*' step=7
[00:19:41] [ROW] fingerprint='|more|more|876,629' normalized_fingerprint='|more|more' duplicate=false recent_duplicate=false distance=0 recent_semantic_duplicate=false semantic_distance=0 semantic_window_unique=5 noise=false
[00:19:41] [STEP] END tab='(?i).*life.*' step=7 elapsed=4.61s move_result='{'success': True, 'status': 'moved', 'detail': 'moved', 'raw': {'timestamp': 1775920777796, 'reqId': '3656c02b', 'success': True, 'status': 'moved', 'detail': 'moved', 'flags': []}}' visible='More' speech='More' crop='output\talkback_compare_20260412_001335\crops\i_._life._step_7_More.png' timing(move=0.522s ann=3.078s get_focus=1.011s get_focus_fallback_dump=0.000s step_dump=0.000s crop=0.467s total=5.078s) focus_reason='' fallback_used=False fallback_found=False step_dump_used=False step_dump_reason='focus_payload_sufficient' req_id='f133f456'
[00:19:41] [STOP][eval] step=7 scenario='life_energy_plugin' terminal=false same_like_count=0 no_progress=false scenario_type='content' is_global_nav=false after_realign=false recent_repeat=false bounded_two_card_loop=false semantic_same_like=false recent_duplicate=false recent_duplicate_distance=0 recent_semantic_duplicate=false recent_semantic_duplicate_distance=0 recent_semantic_unique_count=5 strict_duplicate=false semantic_duplicate=false repeat_class='none' loop_classification='none' hard_no_progress=false soft_no_progress=false no_progress_class='none' overlay_realign_grace_active=false min_step_gate_blocked=false realign_grace_suppressed=false repeat_stop_hit=false decision='continue' reason='none' stop_explain_version='pr7_explain_v1' stop_explain_input='step:7|move:{'success': true, 'status': 'moved', 'detail': 'moved', 'raw': {'timestamp': 1775920777796, 'reqid': '3656c02b', 'success': true, 'status': 'moved', 'detail': 'moved', 'flags': []}}|smart:moved|same:0|fail:0' stop_explain_repeat='recent:false|class:none|strict:false|semantic:false|loop:none|two_card:false' stop_explain_no_progress='hit:false|class:none|hard:false|soft:false' stop_explain_gate='candidate:false|min_block:false|realign_suppress:false|realign_active:false|decision:continue'
[00:19:41] [STEP] START tab='(?i).*life.*' step=8
[00:19:46] [ROW] fingerprint='|device energy usage loading… loading… usage no data savings 0 watt-hours|device energy usage loading… loading… usage no data savings 0 watt-hours|540,1331' normalized_fingerprint='|device energy usage loading loading usage no data savings 0 watt hours|device energy usage loading loading usage no data savings 0 watt hours' duplicate=false recent_duplicate=false distance=0 recent_semantic_duplicate=false semantic_distance=0 semantic_window_unique=6 noise=false
[00:19:46] [STEP] END tab='(?i).*life.*' step=8 elapsed=4.40s move_result='{'success': True, 'status': 'moved', 'detail': 'moved', 'raw': {'timestamp': 1775920782851, 'reqId': '47b797a9', 'success': True, 'status': 'moved', 'detail': 'moved', 'flags': []}}' visible='Device energy usage, Loading… Loading… Usage No data Savings 0 watt-hours' speech='Device energy usage, Loading… Loading… Usage No data Savings 0 watt-hours' crop='output\talkback_compare_20260412_001335\crops\i_._life._step_8_Device_energy_usage__Loading__Loading__U.png' timing(move=0.460s ann=2.919s get_focus=1.019s get_focus_fallback_dump=0.000s step_dump=0.000s crop=0.513s total=4.911s) focus_reason='' fallback_used=False fallback_found=False step_dump_used=False step_dump_reason='focus_payload_sufficient' req_id='86bde3a2'
[00:19:46] [STOP][eval] step=8 scenario='life_energy_plugin' terminal=false same_like_count=0 no_progress=false scenario_type='content' is_global_nav=false after_realign=false recent_repeat=false bounded_two_card_loop=false semantic_same_like=false recent_duplicate=false recent_duplicate_distance=0 recent_semantic_duplicate=false recent_semantic_duplicate_distance=0 recent_semantic_unique_count=6 strict_duplicate=false semantic_duplicate=false repeat_class='none' loop_classification='none' hard_no_progress=false soft_no_progress=false no_progress_class='none' overlay_realign_grace_active=false min_step_gate_blocked=false realign_grace_suppressed=false repeat_stop_hit=false decision='continue' reason='none' stop_explain_version='pr7_explain_v1' stop_explain_input='step:8|move:{'success': true, 'status': 'moved', 'detail': 'moved', 'raw': {'timestamp': 1775920782851, 'reqid': '47b797a9', 'success': true, 'status': 'moved', 'detail': 'moved', 'flags': []}}|smart:moved|same:0|fail:0' stop_explain_repeat='recent:false|class:none|strict:false|semantic:false|loop:none|two_card:false' stop_explain_no_progress='hit:false|class:none|hard:false|soft:false' stop_explain_gate='candidate:false|min_block:false|realign_suppress:false|realign_active:false|decision:continue'
[00:19:46] [STEP] START tab='(?i).*life.*' step=9
[00:19:51] [ROW] fingerprint='|carbon emissions aware current carbon intensity 403 grams per kilowatt-hours car|carbon emissions aware current carbon intensity 403 grams per kilowatt-hours car|540,1850' normalized_fingerprint='|carbon emissions aware current carbon intensity 403 grams per kilowatt hours carbon emissions are relatively low during |carbon emissions aware current carbon intensity 403 grams per kilowatt hours carbon emissions are relatively low during ' duplicate=false recent_duplicate=false distance=0 recent_semantic_duplicate=false semantic_distance=0 semantic_window_unique=6 noise=false
[00:19:51] [STEP] END tab='(?i).*life.*' step=9 elapsed=5.27s move_result='{'success': True, 'status': 'moved', 'detail': 'moved', 'raw': {'timestamp': 1775920788469, 'reqId': 'a6432c2e', 'success': True, 'status': 'moved', 'detail': 'moved', 'flags': []}}' visible='Carbon emissions aware, Current carbon intensity 403 grams per kilowatt-hours Carbon emissions are relatively low during this time of day.' speech='Carbon emissions aware, Current carbon intensity 403 grams per kilowatt-hours Carbon emissions are relatively low during this time of day.' crop='output\talkback_compare_20260412_001335\crops\i_._life._step_9_Carbon_emissions_aware__Current_carbon_i.png' timing(move=1.211s ann=3.059s get_focus=0.996s get_focus_fallback_dump=0.000s step_dump=0.000s crop=0.495s total=5.763s) focus_reason='' fallback_used=False fallback_found=False step_dump_used=False step_dump_reason='focus_payload_sufficient' req_id='84041aa8'
[00:19:51] [STOP][eval] step=9 scenario='life_energy_plugin' terminal=false same_like_count=0 no_progress=false scenario_type='content' is_global_nav=false after_realign=false recent_repeat=false bounded_two_card_loop=false semantic_same_like=false recent_duplicate=false recent_duplicate_distance=0 recent_semantic_duplicate=false recent_semantic_duplicate_distance=0 recent_semantic_unique_count=6 strict_duplicate=false semantic_duplicate=false repeat_class='none' loop_classification='none' hard_no_progress=false soft_no_progress=false no_progress_class='none' overlay_realign_grace_active=false min_step_gate_blocked=false realign_grace_suppressed=false repeat_stop_hit=false decision='continue' reason='none' stop_explain_version='pr7_explain_v1' stop_explain_input='step:9|move:{'success': true, 'status': 'moved', 'detail': 'moved', 'raw': {'timestamp': 1775920788469, 'reqid': 'a6432c2e', 'success': true, 'status': 'moved', 'detail': 'moved', 'flags': []}}|smart:moved|same:0|fail:0' stop_explain_repeat='recent:false|class:none|strict:false|semantic:false|loop:none|two_card:false' stop_explain_no_progress='hit:false|class:none|hard:false|soft:false' stop_explain_gate='candidate:false|min_block:false|realign_suppress:false|realign_active:false|decision:continue'
[00:19:51] [RESULT] skipped anchor rows count=2
[00:19:51] [SAVE] writing sheets raw/filtered/summary/result
[00:19:51] [SAVE] filtered rows=26, raw rows=30
[00:19:52] [SAVE] saved excel: output/talkback_compare_20260412_001335.xlsx rows=30 with_images=False
[00:19:52] [STEP] START tab='(?i).*life.*' step=10
[00:19:57] [ROW] fingerprint='title-help-icon|carbon emissions aware information|carbon emissions aware information|870,1700' normalized_fingerprint='title help icon|carbon emissions aware information|carbon emissions aware information' duplicate=false recent_duplicate=false distance=0 recent_semantic_duplicate=false semantic_distance=0 semantic_window_unique=6 noise=false
[00:19:57] [STEP] END tab='(?i).*life.*' step=10 elapsed=4.48s move_result='{'success': True, 'status': 'moved', 'detail': 'moved', 'raw': {'timestamp': 1775920793753, 'reqId': 'd2c24a8a', 'success': True, 'status': 'moved', 'detail': 'moved', 'flags': []}}' visible='Carbon emissions aware Information' speech='Carbon emissions aware Information' crop='output\talkback_compare_20260412_001335\crops\i_._life._step_10_Carbon_emissions_aware_Information.png' timing(move=0.487s ann=2.993s get_focus=0.996s get_focus_fallback_dump=0.000s step_dump=0.000s crop=0.478s total=4.955s) focus_reason='' fallback_used=False fallback_found=False step_dump_used=False step_dump_reason='focus_payload_sufficient' req_id='4ea4f8bf'
[00:19:57] [STOP][eval] step=10 scenario='life_energy_plugin' terminal=false same_like_count=0 no_progress=false scenario_type='content' is_global_nav=false after_realign=false recent_repeat=false bounded_two_card_loop=false semantic_same_like=false recent_duplicate=false recent_duplicate_distance=0 recent_semantic_duplicate=false recent_semantic_duplicate_distance=0 recent_semantic_unique_count=6 strict_duplicate=false semantic_duplicate=false repeat_class='none' loop_classification='none' hard_no_progress=false soft_no_progress=false no_progress_class='none' overlay_realign_grace_active=false min_step_gate_blocked=false realign_grace_suppressed=false repeat_stop_hit=false decision='continue' reason='none' stop_explain_version='pr7_explain_v1' stop_explain_input='step:10|move:{'success': true, 'status': 'moved', 'detail': 'moved', 'raw': {'timestamp': 1775920793753, 'reqid': 'd2c24a8a', 'success': true, 'status': 'moved', 'detail': 'moved', 'flags': []}}|smart:moved|same:0|fail:0' stop_explain_repeat='recent:false|class:none|strict:false|semantic:false|loop:none|two_card:false' stop_explain_no_progress='hit:false|class:none|hard:false|soft:false' stop_explain_gate='candidate:false|min_block:false|realign_suppress:false|realign_active:false|decision:continue'
[00:19:57] [STOP][summary] scenario='life_energy_plugin' stop_triggered=false stop_step=10 reason='safety_limit'
[00:19:57] [PERF][scenario_summary] scenario=life_energy_plugin tab=(?i).*life.* total_runtime=142.9 total_steps=16 main_step_count=11 overlay_step_count=5 overlay_count=1 avg_get_focus=0.92 avg_move=0.511 avg_crop=0.49 avg_step_total=5.087 step_total_sample_count=11 avg_get_focus_main=1.031 avg_get_focus_overlay=0.676 fallback_dump_count=0 success_false_top_level_dump_attempt_count=0 success_false_top_level_dump_found_count=0 fallback_dump_rate=0.0 get_focus_strong_skip_count=16 get_focus_strong_skip_rate=100.0 step_dump_used_count=0 save_excel_count=7 realign_attempt_count=1 realign_success_count=1 realign_success_rate=100.0
[00:19:57] [MAIN] skip disabled scenario_id='devices_main' tab='(?i).*devices.*'
[00:19:57] [MAIN] skip disabled scenario_id='life_main' tab='(?i).*life.*'
[00:19:57] [MAIN] skip disabled scenario_id='routines_main' tab='(?i).*routines.*'
[00:19:57] [MAIN] skip disabled scenario_id='menu_main' tab='(?i).*(menu|more).*'
[00:19:57] [MAIN] skip disabled scenario_id='settings_entry_example' tab='(?i).*menu.*'
[00:19:57] [RECOVER] start
[00:20:02] [RECOVER] success
[00:20:02] [SCENARIO][stabilization] scenario='life_pet_care_example' screen_context_mode='new_screen' stabilization_mode='anchor_only'
[00:20:02] [CONTEXT] skipped reason='new_screen_mode' phase='tab_select'
[00:20:02] [TAB][select] fallback_to_legacy=True scenario='life_pet_care_example'
[00:20:06] [TRACE][open_scenario] scenario='life_pet_care_example' stabilization_mode='anchor_only' focus_align_attempted=True focus_align_ok=True focus_align_reason='' context_ok=False anchor_matched=False anchor_stable=False
[00:20:07] [SCENARIO][pre_nav] step=1 action=select target='(?i).*pet\s*care.*|.*펫\s*케어.*'
[00:20:08] [SCENARIO][pre_nav] success step=1 reason='ACTION_ACCESSIBILITY_FOCUS success'
[00:20:09] [SCENARIO][pre_nav] success
[00:20:09] [ANCHOR][fallback] explicit anchor not matched, trying top content fallback
[00:20:09] [ANCHOR][fallback] selected candidate label='안 창준 (Me)
No activity Picture 안 창준 (Me) 안 창준 (Me) No activity No activity 안 창준 (Me)
No activity Picture 안 창준 (Me) 안 창준 (Me) No activity No activity' position='top_center'
[00:20:09] [ANCHOR][plugin_fallback] using_top_start_candidate position='top_center'
[00:20:13] [CONTEXT] skipped reason='anchor_only_mode'
[00:20:13] [CONTEXT] skipped reason='anchor_only_mode'
[00:20:13] [CONTEXT] scenario='life_pet_care_example' type='skipped' expected='' actual='' ok=True
[00:20:13] [CONTEXT] verification passed scenario='life_pet_care_example'
[00:20:13] [ANCHOR][scenario_start] success scenario='life_pet_care_example' selected=True matched=True stable=True context_ok=True reason='selected_and_verified'
[00:20:13] [ANCHOR][plugin_fallback] stabilized_by='selected'
[00:20:13] [TRACE][open_scenario] scenario='life_pet_care_example' stabilization_mode='anchor_only' focus_align_attempted=True focus_align_ok=True focus_align_reason='' context_ok=False anchor_matched=False anchor_stable=True
[00:20:13] [SCENARIO][entry_contract] failed scenario='life_pet_care_example' entry_type='direct_select' reason='verify_failed' detail='post_open_verify_miss'
[00:20:13] [PERF][scenario_summary] scenario=life_pet_care_example tab=(?i).*life.* total_runtime=11.1 total_steps=1 main_step_count=1 overlay_step_count=0 overlay_count=0 avg_get_focus=0.0 avg_move=0.0 avg_crop=0.0 avg_step_total=0.0 step_total_sample_count=0 avg_get_focus_main=0.0 avg_get_focus_overlay=0.0 fallback_dump_count=0 success_false_top_level_dump_attempt_count=0 success_false_top_level_dump_found_count=0 fallback_dump_rate=0.0 get_focus_strong_skip_count=0 get_focus_strong_skip_rate=0.0 step_dump_used_count=0 save_excel_count=0 realign_attempt_count=0 realign_success_count=0 realign_success_rate=0.0
[00:20:13] [RESULT] skipped anchor rows count=2
[00:20:13] [SAVE] writing sheets raw/filtered/summary/result
[00:20:13] [SAVE] filtered rows=28, raw rows=32
[00:20:13] [SAVE] saved excel: output/talkback_compare_20260412_001335.xlsx rows=32 with_images=False
[00:20:13] [RESULT] skipped anchor rows count=2
[00:20:13] [SAVE] writing sheets raw/filtered/summary/result
[00:20:13] [SAVE] filtered rows=28, raw rows=32
[00:20:14] [SAVE] saved excel: output/talkback_compare_20260412_001335.xlsx rows=32 with_images=True
[00:20:14] [MAIN] final save complete
[00:20:14] [PERF][run_summary] total_runtime=396.9 total_scenarios=4 total_steps=32 total_overlay_count=2 avg_get_focus=0.868 avg_move=0.444 fallback_dump_count=0 success_false_top_level_dump_attempt_count=0 success_false_top_level_dump_found_count=0 fallback_dump_rate=0.0 get_focus_strong_skip_rate=93.8 realign_success_rate=100.0 save_excel_count=17
