[21:21:57] [SAVE][temp] override tmp='D:\Python test\talkback-a11y-helper\output\.tmp' temp='D:\Python test\talkback-a11y-helper\output\.tmp' applied=true
[21:21:57] [MAIN] script start (version=1.7.99, log_level=NORMAL)
[21:21:59] [PREFLIGHT] talkback status='enabled'
[21:21:59] [MAIN] output file: output/talkback_compare_20260421_212157.xlsx
[21:21:59] [MAIN] image dir base: output\talkback_compare_20260421_212157
[21:21:59] [CONFIG] runtime config loaded path='config\runtime_config.json'
[21:21:59] [GLOBAL_NAV][guard] forcing stabilization_mode='tab_context' scenario='global_nav_main' requested='anchor_then_context'
[21:21:59] [CONFIG] scenario resolved scenario='global_nav_main' group='main_tabs' max_steps=10 enabled=False
[21:21:59] [CONFIG] applied shared_navigation='default_global_nav'
[21:21:59] [CONFIG] scenario enabled scenario='global_nav_main' source='runtime' enabled=False base_enabled=False
[21:21:59] [CONFIG] scenario resolved scenario='home_main' group='main_tabs' max_steps=10 enabled=False
[21:21:59] [CONFIG] applied shared_navigation='bottom_tab_global_nav'
[21:21:59] [CONFIG] scenario enabled scenario='home_main' source='runtime' enabled=False base_enabled=False
[21:21:59] [CONFIG] scenario resolved scenario='life_food_plugin' group='plugin_screen' max_steps=50 enabled=False
[21:21:59] [CONFIG] applied pre_navigation_ref='enter_food_plugin'
[21:21:59] [CONFIG] scenario enabled scenario='life_food_plugin' source='runtime' enabled=False base_enabled=False
[21:21:59] [CONFIG] scenario resolved scenario='life_air_care_plugin' group='-' max_steps=50 enabled=False
[21:21:59] [CONFIG] scenario enabled scenario='life_air_care_plugin' source='runtime' enabled=False base_enabled=False
[21:21:59] [CONFIG] scenario resolved scenario='life_home_care_plugin' group='-' max_steps=50 enabled=False
[21:21:59] [CONFIG] scenario enabled scenario='life_home_care_plugin' source='runtime' enabled=False base_enabled=False
[21:21:59] [CONFIG] scenario resolved scenario='life_energy_plugin' group='-' max_steps=50 enabled=False
[21:21:59] [CONFIG] scenario enabled scenario='life_energy_plugin' source='runtime' enabled=False base_enabled=False
[21:21:59] [CONFIG] scenario resolved scenario='devices_main' group='main_tabs' max_steps=10 enabled=False
[21:21:59] [CONFIG] applied shared_navigation='bottom_tab_global_nav'
[21:21:59] [CONFIG] applied anchor_ref='home_tab_anchor'
[21:21:59] [CONFIG] scenario enabled scenario='devices_main' source='runtime' enabled=False base_enabled=False
[21:21:59] [CONFIG] scenario resolved scenario='life_main' group='main_tabs' max_steps=50 enabled=False
[21:21:59] [CONFIG] applied shared_navigation='bottom_tab_global_nav'
[21:21:59] [CONFIG] scenario enabled scenario='life_main' source='runtime' enabled=False base_enabled=False
[21:21:59] [CONFIG] scenario resolved scenario='routines_main' group='main_tabs' max_steps=10 enabled=False
[21:21:59] [CONFIG] applied shared_navigation='bottom_tab_global_nav'
[21:21:59] [CONFIG] scenario enabled scenario='routines_main' source='runtime' enabled=False base_enabled=False
[21:21:59] [CONFIG] scenario resolved scenario='menu_main' group='main_tabs' max_steps=50 enabled=False
[21:21:59] [CONFIG] applied shared_navigation='bottom_tab_global_nav'
[21:21:59] [CONFIG] scenario enabled scenario='menu_main' source='runtime' enabled=False base_enabled=False
[21:21:59] [CONFIG] scenario resolved scenario='settings_entry_example' group='plugin_screen' max_steps=50 enabled=False
[21:21:59] [CONFIG] applied anchor_ref='settings_button_anchor'
[21:21:59] [CONFIG] applied pre_navigation_ref='enter_settings'
[21:21:59] [CONFIG] scenario enabled scenario='settings_entry_example' source='runtime' enabled=False base_enabled=False
[21:21:59] [CONFIG] scenario resolved scenario='life_pet_care_plugin' group='-' max_steps=50 enabled=False
[21:21:59] [CONFIG] scenario enabled scenario='life_pet_care_plugin' source='runtime' enabled=False base_enabled=False
[21:21:59] [CONFIG] scenario resolved scenario='life_family_care_plugin' group='-' max_steps=50 enabled=True
[21:21:59] [CONFIG] scenario enabled scenario='life_family_care_plugin' source='runtime' enabled=True base_enabled=False
[21:21:59] [CONFIG] scenario resolved scenario='life_plant_care_plugin' group='-' max_steps=50 enabled=False
[21:21:59] [CONFIG] scenario enabled scenario='life_plant_care_plugin' source='runtime' enabled=False base_enabled=False
[21:21:59] [CONFIG] scenario resolved scenario='life_clothing_care_plugin' group='-' max_steps=50 enabled=False
[21:21:59] [CONFIG] scenario enabled scenario='life_clothing_care_plugin' source='runtime' enabled=False base_enabled=False
[21:21:59] [CONFIG] scenario resolved scenario='life_find_plugin' group='-' max_steps=50 enabled=False
[21:21:59] [CONFIG] scenario enabled scenario='life_find_plugin' source='runtime' enabled=False base_enabled=False
[21:21:59] [CONFIG] scenario resolved scenario='life_video_plugin' group='-' max_steps=50 enabled=False
[21:21:59] [CONFIG] scenario enabled scenario='life_video_plugin' source='runtime' enabled=False base_enabled=False
[21:21:59] [CONFIG] scenario resolved scenario='life_home_monitor_plugin' group='-' max_steps=50 enabled=False
[21:21:59] [CONFIG] scenario enabled scenario='life_home_monitor_plugin' source='runtime' enabled=False base_enabled=False
[21:21:59] [CONFIG] scenario resolved scenario='life_music_sync_plugin' group='-' max_steps=10 enabled=False
[21:21:59] [CONFIG] scenario enabled scenario='life_music_sync_plugin' source='runtime' enabled=False base_enabled=False
[21:21:59] [MAIN] skip disabled scenario_id='global_nav_main' tab='(?i).*(home|devices|life|routines|menu).*'
[21:21:59] [MAIN] skip disabled scenario_id='home_main' tab='(?i).*home.*'
[21:21:59] [MAIN] skip disabled scenario_id='life_food_plugin' tab='(?i).*life.*'
[21:21:59] [MAIN] skip disabled scenario_id='life_air_care_plugin' tab='(?i).*life.*'
[21:21:59] [MAIN] skip disabled scenario_id='life_home_care_plugin' tab='(?i).*life.*'
[21:21:59] [MAIN] skip disabled scenario_id='life_energy_plugin' tab='(?i).*life.*'
[21:21:59] [MAIN] skip disabled scenario_id='devices_main' tab='(?i).*devices.*'
[21:21:59] [MAIN] skip disabled scenario_id='life_main' tab='(?i).*life.*'
[21:21:59] [MAIN] skip disabled scenario_id='routines_main' tab='(?i).*routines.*'
[21:21:59] [MAIN] skip disabled scenario_id='menu_main' tab='(?i).*(menu|more).*'
[21:21:59] [MAIN] skip disabled scenario_id='settings_entry_example' tab='(?i).*menu.*'
[21:21:59] [MAIN] skip disabled scenario_id='life_pet_care_plugin' tab='(?i).*life.*'
[21:21:59] [SCENARIO][stabilization] scenario='life_family_care_plugin' screen_context_mode='new_screen' stabilization_mode='anchor_only'
[21:22:00] [LIFE_RESET] verify phase='plugin_start_initial' attempt=1/2 global_nav_visible=true life_tab_selected=true plugin_card_list_visible=false life_list_ready=true
[21:22:00] [LIFE_RESET] plugin_card_list_visible=false (soft_only=true)
[21:22:00] [PLUGIN_START][recover_before_entry] triggered=false
[21:22:00] [PLUGIN_START][life_list_check] ok=true reason='life_tab_ready'
[21:22:00] [PLUGIN_START][recover_before_entry] success=true
[21:22:00] [CONTEXT] skipped reason='new_screen_mode' phase='tab_select'
[21:22:00] [TAB][select] fallback_to_legacy=True scenario='life_family_care_plugin'
[21:22:04] [TRACE][open_scenario] scenario='life_family_care_plugin' stabilization_mode='anchor_only' focus_align_attempted=True focus_align_ok=True focus_align_reason='' context_ok=False anchor_matched=False anchor_stable=False
[21:22:05] [SCENARIO][pre_nav] step=1 action=xml_scroll_search_tap target='(?i)(^family\s*care$|.*family\s*care.*|.*패밀리\s*케어.*)'
[21:22:05] [XMLENTRY][search] pre_reset scroll_to_top=true
[21:22:10] [XMLENTRY][search] step=0/5 visible_candidates=69 target_candidates=5
[21:22:10] [XMLENTRY][search][top] rank=1 reason='actionable_container' text='' rid='' class='android.widget.RelativeLayout' bounds='42,310,1038,1042' area_ratio='0.3516' target_match=true match_source='descendant_title' matched_phrase='family care' negative_plugin_phrase=''
[21:22:10] [XMLENTRY][search][top] rank=2 reason='actionable_container' text='Family Care' rid='com.samsung.android.oneconnect:id/frameLayout' class='android.widget.FrameLayout' bounds='42,310,1038,1042' area_ratio='0.3516' target_match=true match_source='title' matched_phrase='family care' negative_plugin_phrase=''
[21:22:10] [XMLENTRY][search][top] rank=3 reason='card_like_container' text='' rid='com.samsung.android.oneconnect:id/llCard' class='android.widget.LinearLayout' bounds='42,310,1038,1042' area_ratio='0.3516' target_match=true match_source='descendant_title' matched_phrase='family care' negative_plugin_phrase=''
[21:22:10] [XMLENTRY][candidate_compare] scenario_id='life_family_care_plugin' rank=1 rid='' class='android.widget.RelativeLayout' bounds='42,310,1038,1042' own_text='' descendant_text_summary='Family Care,Family Care,Take care of yourself an' matched_phrase='family care' match_source='descendant_title' selected_priority='240:actionable_container' negative_plugin_phrase='' selected=true
[21:22:10] [XMLENTRY][candidate_compare] scenario_id='life_family_care_plugin' rank=2 rid='com.samsung.android.oneconnect:id/frameLayout' class='android.widget.FrameLayout' bounds='42,310,1038,1042' own_text='' descendant_text_summary='Family Care,Family Care,Take care of yourself an' matched_phrase='family care' match_source='title' selected_priority='240:actionable_container' negative_plugin_phrase='' selected=false
[21:22:10] [XMLENTRY][candidate_compare] scenario_id='life_family_care_plugin' rank=3 rid='com.samsung.android.oneconnect:id/llCard' class='android.widget.LinearLayout' bounds='42,310,1038,1042' own_text='Family Care' descendant_text_summary='Family Care,Take care of yourself an,안 창준 (Me)
Active' matched_phrase='family care' match_source='descendant_title' selected_priority='240:card_like_container' negative_plugin_phrase='' selected=false
[21:22:10] [XMLENTRY][select] reason='actionable_container' resource='' bounds='42,310,1038,1042' text='' target_match=true match_source='descendant_title' matched_phrase='family care'
[21:22:10] [XMLENTRY][select_debug] scenario_id='life_family_care_plugin' class='android.widget.RelativeLayout' rid='' bounds='42,310,1038,1042' own_text='' own_content_desc='' normalized_own_text='' descendant_text_summary='Family Care,Family Care,Take care of yourself an' matched_phrase='family care' match_source='descendant_title' selected_reason='actionable_container' candidate_rank=1 title_descendant_disagree=false representative_visible_label='' representative_label_source='descendant'
[21:22:11] [XMLENTRY][result] success=true reason='transition_confirmed'
[21:22:11] [SCENARIO][pre_nav] success step=1 reason='ACTION_ACCESSIBILITY_FOCUS success'
[21:22:12] [SCENARIO][pre_nav] success
[21:22:17] [CONTEXT] skipped reason='anchor_only_mode'
[21:22:17] [CONTEXT] skipped reason='anchor_only_mode'
[21:22:17] [CONTEXT] scenario='life_family_care_plugin' type='skipped' expected='' actual='' ok=True
[21:22:17] [CONTEXT] verification passed scenario='life_family_care_plugin'
[21:22:17] [ANCHOR][scenario_start] success scenario='life_family_care_plugin' selected={'success': False, 'status': 'failed', 'detail': 'ACTION_ACCESSIBILITY_FOCUS failed (resourceId=null, class=android.widget.ImageButton)', 'raw': {'timestamp': 1776774135551, 'reqId': '43c09250', 'success': False, 'reason': 'ACTION_ACCESSIBILITY_FOCUS failed (resourceId=null, class=android.widget.ImageButton)', 'action': 'FOCUS', 'targetName': '(?i).*navigate\\s*up.*', 'targetType': 'a', 'targetIndex': 0, 'attemptedClassName': 'android.widget.ImageButton', 'target': {'timestamp': 1776774135551, 'schemaVersion': '1.2.0', 'snapshotBuilderVersion': '1.2.0', 'packageName': 'com.samsung.android.oneconnect', 'className': 'android.widget.ImageButton', 'viewIdResourceName': None, 'text': None, 'contentDescription': 'Navigate up', 'mergedLabel': 'Navigate up', 'talkbackLabel': 'Navigate up', 'clickable': True, 'focusable': True, 'focused': True, 'accessibilityFocused': True, 'visibleToUser': True, 'isVisibleToUser': True, 'selected': False, 'checkable': False, 'checked': False, 'enabled': True, 'boundsInScreen': {'l': 0, 't': 118, 'r': 180, 'b': 310, 'left': 0, 'top': 118, 'right': 180, 'bottom': 310}, 'children': []}}} matched=True stable=True context_ok=True reason='verified_without_select'
[21:22:17] [TRACE][open_scenario] scenario='life_family_care_plugin' stabilization_mode='anchor_only' focus_align_attempted=True focus_align_ok=True focus_align_reason='' context_ok=False anchor_matched=False anchor_stable=True
[21:22:18] [ENTRY][post_open_identity] scenario_id='life_family_care_plugin' top_visible_labels='Navigate up Navigate up,Family Care,Add family member Add fa,More options More option,Me' top_focus_label='Navigate up Navigate up' back_button_present=true body_texts='Navigate up Navigate up,Family Care,Add family member Add fa,More options More option,View profile View profil' plugin_title_candidates='Navigate up Navigate up,Family Care,Add family member Add fa' verify_hit=true special_token_hit=false
[21:22:18] [ENTRY][special_state_check] detected=true signals='long_intro,cta,top_chrome_intro_cta' kind='setup_needed_or_empty_state'
[21:22:18] [ENTRY][special_state_debug] phase='pre_route' focus_label='Navigate up Navigate up' focus_visible='Navigate up Navigate up Family Care Add family member Add family member More options More options Me View profile View p' verify_hit=true long_intro_like=true intro_focus=false top_chrome_intro_cta=true
[21:22:18] [ENTRY][special_state_debug] top_visible='Navigate up Navigate up,Family Care,Add family member Add family member,More options More options,Me' body_texts='Navigate up Navigate up,Family Care,Add family member Add family member,More options More options,View profile View profile'
[21:22:18] [ENTRY][special_state_debug] special_hits='none' cta_hits='set up' signals='long_intro,cta,top_chrome_intro_cta' verify_hit=true
[21:22:18] [ENTRY][special_state_grace] start max_steps=3 verify_success=true signals='long_intro,cta,top_chrome_intro_cta'
[21:22:18] [ENTRY][special_state_grace] step=1 move_attempted=false move_result='snapshot_reused' focus_label='Navigate up Navigate up' focus_visible='Navigate up Navigate up Family Care Add family member Add family member More options More option' top_visible='navigate up navigate up,family care,add family member add family member,more options more options,me' body_texts='navigate up navigate up,family care,add family member add family member,more options more options,view profile view profile' home_like_hits='profile,view profile,member,family member,me' onboarding_hits='set up' evidence='home_like_profile' decision='normal_traversal'
[21:22:18] [ENTRY][special_state_check] decision='normal_traversal_after_grace'
[21:22:19] [SCENARIO][entry_contract] success scenario='life_family_care_plugin' entry_type='card' reason='success_verified' detail='plugin_open_verified'
[21:22:19] [TRACE][post_open_focus] scenario='life_family_care_plugin' view_id='' label='Navigate up' speech='Navigate up' bounds='{'l': 0, 't': 118, 'r': 180, 'b': 310, 'left': 0, 'top': 118, 'right': 180, 'bottom': 310}' source='top_level' top_level=True
[21:22:24] [TRACE][anchor_row] scenario='life_family_care_plugin' step=0 view_id='' visible='Navigate up' speech='Navigate up' normalized_visible='navigate up' is_global_nav=False
[21:22:24] [ROW] fingerprint='|navigate up|navigate up|90,214' normalized_fingerprint='|navigate up|navigate up' duplicate=false recent_duplicate=false distance=0 recent_semantic_duplicate=false semantic_distance=0 semantic_window_unique=1 noise=false
[21:22:24] [RESULT] skipped anchor rows count=1
[21:22:24] [SAVE] writing sheets raw/filtered/summary/result
[21:22:24] [SAVE] filtered rows=1, raw rows=1
[21:22:24] [SAVE] saved excel: output/talkback_compare_20260421_212157.xlsx rows=1 with_images=False
[21:22:24] [STEP] START tab='(?i).*life.*' step=1
[21:22:30] [ROW] fingerprint='|family care|family care|357,213' normalized_fingerprint='|family care|family care' duplicate=false recent_duplicate=false distance=0 recent_semantic_duplicate=false semantic_distance=0 semantic_window_unique=2 noise=false
[21:22:30] [STEP] END tab='(?i).*life.*' step=1 elapsed=4.58s move_result='{'success': True, 'status': 'moved', 'detail': 'moved', 'raw': {'timestamp': 1776774145843, 'reqId': '92e6a54e', 'success': True, 'status': 'moved', 'detail': 'moved', 'flags': []}}' visible='Family Care' speech='Family Care' crop='output\talkback_compare_20260421_212157\crops\i_._life._step_1_Family_Care.png' timing(move=0.492s ann=3.085s get_focus=1.002s get_focus_fallback_dump=0.000s step_dump=0.000s crop=0.494s total=5.074s) focus_reason='' fallback_used=False fallback_found=False step_dump_used=False step_dump_reason='focus_payload_sufficient' req_id='ef882dca'
[21:22:30] [STOP][eval] step=1 scenario='life_family_care_plugin' terminal=false same_like_count=0 no_progress=false scenario_type='content' is_global_nav=false after_realign=false recent_repeat=false bounded_two_card_loop=false semantic_same_like=false recent_duplicate=false recent_duplicate_distance=0 recent_semantic_duplicate=false recent_semantic_duplicate_distance=0 recent_semantic_unique_count=2 strict_duplicate=false semantic_duplicate=false repeat_class='none' loop_classification='none' hard_no_progress=false soft_no_progress=false no_progress_class='none' overlay_realign_grace_active=false min_step_gate_blocked=false realign_grace_suppressed=false cta_descend_applied=false promoted_from_container=false repeat_stop_hit=false decision='continue' reason='none' traversal_result='PASS_MOVED' final_result='PASS' failure_reason='' stop_explain_version='pr7_explain_v1' stop_explain_input='step:1|move:moved|smart:moved|same:0|fail:0' stop_explain_repeat='recent:false|class:none|strict:false|semantic:false|loop:none|two_card:false' stop_explain_no_progress='hit:false|class:none|hard:false|soft:false' stop_explain_gate='candidate:false|min_block:false|realign_suppress:false|realign_active:false|decision:continue'
[21:22:30] [OVERLAY] blocked no_overlay_policy scenario='life_family_care_plugin' tab='(?i).*life.*' step=1
[21:22:30] [STEP] START tab='(?i).*life.*' step=2
[21:22:34] [ROW] fingerprint='com.samsung.android.plugin.care:id/menu_main_invite_member|add family member|add family member|864,214' normalized_fingerprint='com samsung android plugin care id menu main invite member|add family member|add family member' duplicate=false recent_duplicate=false distance=0 recent_semantic_duplicate=false semantic_distance=0 semantic_window_unique=3 noise=false
[21:22:34] [STEP] END tab='(?i).*life.*' step=2 elapsed=4.37s move_result='{'success': True, 'status': 'moved', 'detail': 'moved', 'raw': {'timestamp': 1776774150886, 'reqId': '6560781e', 'success': True, 'status': 'moved', 'detail': 'moved', 'flags': []}}' visible='Add family member' speech='Add family member' crop='output\talkback_compare_20260421_212157\crops\i_._life._step_2_Add_family_member.png' timing(move=0.477s ann=2.929s get_focus=0.962s get_focus_fallback_dump=0.000s step_dump=0.000s crop=0.469s total=4.837s) focus_reason='' fallback_used=False fallback_found=False step_dump_used=False step_dump_reason='focus_payload_sufficient' req_id='8695e317'
[21:22:34] [STOP][eval] step=2 scenario='life_family_care_plugin' terminal=false same_like_count=0 no_progress=false scenario_type='content' is_global_nav=false after_realign=false recent_repeat=false bounded_two_card_loop=false semantic_same_like=false recent_duplicate=false recent_duplicate_distance=0 recent_semantic_duplicate=false recent_semantic_duplicate_distance=0 recent_semantic_unique_count=3 strict_duplicate=false semantic_duplicate=false repeat_class='none' loop_classification='none' hard_no_progress=false soft_no_progress=false no_progress_class='none' overlay_realign_grace_active=false min_step_gate_blocked=false realign_grace_suppressed=false cta_descend_applied=false promoted_from_container=false repeat_stop_hit=false decision='continue' reason='none' traversal_result='PASS_MOVED' final_result='PASS' failure_reason='' stop_explain_version='pr7_explain_v1' stop_explain_input='step:2|move:moved|smart:moved|same:0|fail:0' stop_explain_repeat='recent:false|class:none|strict:false|semantic:false|loop:none|two_card:false' stop_explain_no_progress='hit:false|class:none|hard:false|soft:false' stop_explain_gate='candidate:false|min_block:false|realign_suppress:false|realign_active:false|decision:continue'
[21:22:34] [OVERLAY] blocked no_overlay_policy scenario='life_family_care_plugin' tab='(?i).*life.*' step=2
[21:22:34] [STEP] START tab='(?i).*life.*' step=3
[21:22:39] [ROW] fingerprint='|more options|more options|1002,214' normalized_fingerprint='|more options|more options' duplicate=false recent_duplicate=false distance=0 recent_semantic_duplicate=false semantic_distance=0 semantic_window_unique=4 noise=false
[21:22:39] [STEP] END tab='(?i).*life.*' step=3 elapsed=4.67s move_result='{'success': True, 'status': 'moved', 'detail': 'moved', 'raw': {'timestamp': 1776774155782, 'reqId': '8a9fbd04', 'success': True, 'status': 'moved', 'detail': 'moved', 'flags': []}}' visible='More options' speech='More options' crop='output\talkback_compare_20260421_212157\crops\i_._life._step_3_More_options.png' timing(move=0.502s ann=3.071s get_focus=1.093s get_focus_fallback_dump=0.000s step_dump=0.000s crop=0.470s total=5.137s) focus_reason='' fallback_used=False fallback_found=False step_dump_used=False step_dump_reason='focus_payload_sufficient' req_id='e4fdd31d'
[21:22:39] [STOP][eval] step=3 scenario='life_family_care_plugin' terminal=false same_like_count=0 no_progress=false scenario_type='content' is_global_nav=false after_realign=false recent_repeat=false bounded_two_card_loop=false semantic_same_like=false recent_duplicate=false recent_duplicate_distance=0 recent_semantic_duplicate=false recent_semantic_duplicate_distance=0 recent_semantic_unique_count=4 strict_duplicate=false semantic_duplicate=false repeat_class='none' loop_classification='none' hard_no_progress=false soft_no_progress=false no_progress_class='none' overlay_realign_grace_active=false min_step_gate_blocked=false realign_grace_suppressed=false cta_descend_applied=false promoted_from_container=false repeat_stop_hit=false decision='continue' reason='none' traversal_result='PASS_MOVED' final_result='PASS' failure_reason='' stop_explain_version='pr7_explain_v1' stop_explain_input='step:3|move:moved|smart:moved|same:0|fail:0' stop_explain_repeat='recent:false|class:none|strict:false|semantic:false|loop:none|two_card:false' stop_explain_no_progress='hit:false|class:none|hard:false|soft:false' stop_explain_gate='candidate:false|min_block:false|realign_suppress:false|realign_active:false|decision:continue'
[21:22:39] [RESULT] skipped anchor rows count=1
[21:22:40] [SAVE] writing sheets raw/filtered/summary/result
[21:22:40] [SAVE] filtered rows=4, raw rows=4
[21:22:40] [SAVE] saved excel: output/talkback_compare_20260421_212157.xlsx rows=4 with_images=False
[21:22:40] [OVERLAY] blocked no_overlay_policy scenario='life_family_care_plugin' tab='(?i).*life.*' step=3
[21:22:40] [STEP] START tab='(?i).*life.*' step=4
[21:22:45] [ROW] fingerprint='com.samsung.android.plugin.care:id/profile_text|me|me|141,394' normalized_fingerprint='com samsung android plugin care id profile text|me|me' duplicate=false recent_duplicate=false distance=0 recent_semantic_duplicate=false semantic_distance=0 semantic_window_unique=5 noise=false
[21:22:45] [STEP] END tab='(?i).*life.*' step=4 elapsed=4.83s move_result='{'success': True, 'status': 'moved', 'detail': 'moved', 'raw': {'timestamp': 1776774161131, 'reqId': '37fa28ad', 'success': True, 'status': 'moved', 'detail': 'moved', 'flags': []}}' visible='Me' speech='Me' crop='output\talkback_compare_20260421_212157\crops\i_._life._step_4_Me.png' timing(move=0.625s ann=3.114s get_focus=1.091s get_focus_fallback_dump=0.000s step_dump=0.000s crop=0.476s total=5.308s) focus_reason='' fallback_used=False fallback_found=False step_dump_used=False step_dump_reason='focus_payload_sufficient' req_id='7daf3b3a'
[21:22:45] [STOP][eval] step=4 scenario='life_family_care_plugin' terminal=false same_like_count=0 no_progress=false scenario_type='content' is_global_nav=false after_realign=false recent_repeat=false bounded_two_card_loop=false semantic_same_like=false recent_duplicate=false recent_duplicate_distance=0 recent_semantic_duplicate=false recent_semantic_duplicate_distance=0 recent_semantic_unique_count=5 strict_duplicate=false semantic_duplicate=false repeat_class='none' loop_classification='none' hard_no_progress=false soft_no_progress=false no_progress_class='none' overlay_realign_grace_active=false min_step_gate_blocked=false realign_grace_suppressed=false cta_descend_applied=false promoted_from_container=false repeat_stop_hit=false decision='continue' reason='none' traversal_result='PASS_MOVED' final_result='PASS' failure_reason='' stop_explain_version='pr7_explain_v1' stop_explain_input='step:4|move:moved|smart:moved|same:0|fail:0' stop_explain_repeat='recent:false|class:none|strict:false|semantic:false|loop:none|two_card:false' stop_explain_no_progress='hit:false|class:none|hard:false|soft:false' stop_explain_gate='candidate:false|min_block:false|realign_suppress:false|realign_active:false|decision:continue'
[21:22:45] [OVERLAY] blocked no_overlay_policy scenario='life_family_care_plugin' tab='(?i).*life.*' step=4
[21:22:45] [STEP] START tab='(?i).*life.*' step=5
[21:22:50] [ROW] fingerprint='com.samsung.android.plugin.care:id/profile_icon|view profile|view profile|903,451' normalized_fingerprint='com samsung android plugin care id profile icon|view profile|view profile' duplicate=false recent_duplicate=false distance=0 recent_semantic_duplicate=false semantic_distance=0 semantic_window_unique=6 noise=false
[21:22:50] [STEP] END tab='(?i).*life.*' step=5 elapsed=4.66s move_result='{'success': True, 'status': 'moved', 'detail': 'moved', 'raw': {'timestamp': 1776774166368, 'reqId': 'b3ae16c1', 'success': True, 'status': 'moved', 'detail': 'moved', 'flags': []}}' visible='View profile' speech='View profile' crop='output\talkback_compare_20260421_212157\crops\i_._life._step_5_View_profile.png' timing(move=0.566s ann=3.053s get_focus=1.043s get_focus_fallback_dump=0.000s step_dump=0.000s crop=0.481s total=5.144s) focus_reason='' fallback_used=False fallback_found=False step_dump_used=False step_dump_reason='focus_payload_sufficient' req_id='c5b7f800'
[21:22:50] [STOP][eval] step=5 scenario='life_family_care_plugin' terminal=false same_like_count=0 no_progress=false scenario_type='content' is_global_nav=false after_realign=false recent_repeat=false bounded_two_card_loop=false semantic_same_like=false recent_duplicate=false recent_duplicate_distance=0 recent_semantic_duplicate=false recent_semantic_duplicate_distance=0 recent_semantic_unique_count=6 strict_duplicate=false semantic_duplicate=false repeat_class='none' loop_classification='none' hard_no_progress=false soft_no_progress=false no_progress_class='none' overlay_realign_grace_active=false min_step_gate_blocked=false realign_grace_suppressed=false cta_descend_applied=false promoted_from_container=false repeat_stop_hit=false decision='continue' reason='none' traversal_result='PASS_MOVED' final_result='PASS' failure_reason='' stop_explain_version='pr7_explain_v1' stop_explain_input='step:5|move:moved|smart:moved|same:0|fail:0' stop_explain_repeat='recent:false|class:none|strict:false|semantic:false|loop:none|two_card:false' stop_explain_no_progress='hit:false|class:none|hard:false|soft:false' stop_explain_gate='candidate:false|min_block:false|realign_suppress:false|realign_active:false|decision:continue'
[21:22:50] [OVERLAY] blocked no_overlay_policy scenario='life_family_care_plugin' tab='(?i).*life.*' step=5
[21:22:50] [STEP] START tab='(?i).*life.*' step=6
[21:22:55] [ROW] fingerprint='com.samsung.android.plugin.care:id/profile_status_text|active now|active now|288,520' normalized_fingerprint='com samsung android plugin care id profile status text|active now|active now' duplicate=false recent_duplicate=false distance=0 recent_semantic_duplicate=false semantic_distance=0 semantic_window_unique=6 noise=false
[21:22:55] [STEP] END tab='(?i).*life.*' step=6 elapsed=4.70s move_result='{'success': True, 'status': 'moved', 'detail': 'moved', 'raw': {'timestamp': 1776774171520, 'reqId': '1c91ed19', 'success': True, 'status': 'moved', 'detail': 'moved', 'flags': []}}' visible='Active now' speech='Active now' crop='output\talkback_compare_20260421_212157\crops\i_._life._step_6_Active_now.png' timing(move=0.571s ann=3.100s get_focus=1.027s get_focus_fallback_dump=0.000s step_dump=0.000s crop=0.502s total=5.201s) focus_reason='' fallback_used=False fallback_found=False step_dump_used=False step_dump_reason='focus_payload_sufficient' req_id='92c059ef'
[21:22:55] [STOP][eval] step=6 scenario='life_family_care_plugin' terminal=false same_like_count=0 no_progress=false scenario_type='content' is_global_nav=false after_realign=false recent_repeat=false bounded_two_card_loop=false semantic_same_like=false recent_duplicate=false recent_duplicate_distance=0 recent_semantic_duplicate=false recent_semantic_duplicate_distance=0 recent_semantic_unique_count=6 strict_duplicate=false semantic_duplicate=false repeat_class='none' loop_classification='none' hard_no_progress=false soft_no_progress=false no_progress_class='none' overlay_realign_grace_active=false min_step_gate_blocked=false realign_grace_suppressed=false cta_descend_applied=false promoted_from_container=false repeat_stop_hit=false decision='continue' reason='none' traversal_result='PASS_MOVED' final_result='PASS' failure_reason='' stop_explain_version='pr7_explain_v1' stop_explain_input='step:6|move:moved|smart:moved|same:0|fail:0' stop_explain_repeat='recent:false|class:none|strict:false|semantic:false|loop:none|two_card:false' stop_explain_no_progress='hit:false|class:none|hard:false|soft:false' stop_explain_gate='candidate:false|min_block:false|realign_suppress:false|realign_active:false|decision:continue'
[21:22:55] [RESULT] skipped anchor rows count=1
[21:22:55] [SAVE] writing sheets raw/filtered/summary/result
[21:22:55] [SAVE] filtered rows=7, raw rows=7
[21:22:55] [SAVE] saved excel: output/talkback_compare_20260421_212157.xlsx rows=7 with_images=False
[21:22:55] [OVERLAY] blocked no_overlay_policy scenario='life_family_care_plugin' tab='(?i).*life.*' step=6
[21:22:55] [STEP] START tab='(?i).*life.*' step=7
[21:23:00] [ROW] fingerprint='com.samsung.android.plugin.care:id/suggestion_text|how did your day go? wind down relax and finish the day.|how did your day go? wind down relax and finish the day.|546,753' normalized_fingerprint='com samsung android plugin care id suggestion text|how did your day go wind down relax and finish the day|how did your day go wind down relax and finish the day' duplicate=false recent_duplicate=false distance=0 recent_semantic_duplicate=false semantic_distance=0 semantic_window_unique=6 noise=false
[21:23:00] [STEP] END tab='(?i).*life.*' step=7 elapsed=4.52s move_result='{'success': True, 'status': 'moved', 'detail': 'moved', 'raw': {'timestamp': 1776774176779, 'reqId': '37b76acc', 'success': True, 'status': 'moved', 'detail': 'moved', 'flags': []}}' visible='How did your day go? Wind down, relax, and finish the day.' speech='How did your day go? Wind down, relax, and finish the day.' crop='output\talkback_compare_20260421_212157\crops\i_._life._step_7_How_did_your_day_go__Wind_down__relax__a.png' timing(move=0.509s ann=3.025s get_focus=0.981s get_focus_fallback_dump=0.000s step_dump=0.000s crop=0.493s total=5.010s) focus_reason='' fallback_used=False fallback_found=False step_dump_used=False step_dump_reason='focus_payload_sufficient' req_id='bb31a145'
[21:23:00] [STOP][eval] step=7 scenario='life_family_care_plugin' terminal=false same_like_count=0 no_progress=false scenario_type='content' is_global_nav=false after_realign=false recent_repeat=false bounded_two_card_loop=false semantic_same_like=false recent_duplicate=false recent_duplicate_distance=0 recent_semantic_duplicate=false recent_semantic_duplicate_distance=0 recent_semantic_unique_count=6 strict_duplicate=false semantic_duplicate=false repeat_class='none' loop_classification='none' hard_no_progress=false soft_no_progress=false no_progress_class='none' overlay_realign_grace_active=false min_step_gate_blocked=false realign_grace_suppressed=false cta_descend_applied=false promoted_from_container=false repeat_stop_hit=false decision='continue' reason='none' traversal_result='PASS_MOVED' final_result='PASS' failure_reason='' stop_explain_version='pr7_explain_v1' stop_explain_input='step:7|move:moved|smart:moved|same:0|fail:0' stop_explain_repeat='recent:false|class:none|strict:false|semantic:false|loop:none|two_card:false' stop_explain_no_progress='hit:false|class:none|hard:false|soft:false' stop_explain_gate='candidate:false|min_block:false|realign_suppress:false|realign_active:false|decision:continue'
[21:23:00] [OVERLAY] blocked no_overlay_policy scenario='life_family_care_plugin' tab='(?i).*life.*' step=7
[21:23:00] [STEP] START tab='(?i).*life.*' step=8
[21:23:05] [ROW] fingerprint='com.samsung.android.plugin.care:id/banner_frame_layout|weather information icon. add home information|weather information icon. add home information|498,948' normalized_fingerprint='com samsung android plugin care id banner frame layout|weather information icon add home information|weather information icon add home information' duplicate=false recent_duplicate=false distance=0 recent_semantic_duplicate=false semantic_distance=0 semantic_window_unique=6 noise=false
[21:23:05] [STEP] END tab='(?i).*life.*' step=8 elapsed=4.60s move_result='{'success': True, 'status': 'moved', 'detail': 'moved', 'raw': {'timestamp': 1776774181863, 'reqId': '72e02748', 'success': True, 'status': 'moved', 'detail': 'moved', 'flags': []}}' visible='Weather information, Icon. Add home information' speech='Weather information, Icon. Add home information' crop='output\talkback_compare_20260421_212157\crops\i_._life._step_8_Weather_information__Icon._Add_home_info.png' timing(move=0.581s ann=3.032s get_focus=0.982s get_focus_fallback_dump=0.000s step_dump=0.000s crop=0.479s total=5.075s) focus_reason='' fallback_used=False fallback_found=False step_dump_used=False step_dump_reason='focus_payload_sufficient' req_id='9a93cc14'
[21:23:05] [STOP][eval] step=8 scenario='life_family_care_plugin' terminal=false same_like_count=0 no_progress=false scenario_type='content' is_global_nav=false after_realign=false recent_repeat=false bounded_two_card_loop=false semantic_same_like=false recent_duplicate=false recent_duplicate_distance=0 recent_semantic_duplicate=false recent_semantic_duplicate_distance=0 recent_semantic_unique_count=6 strict_duplicate=false semantic_duplicate=false repeat_class='none' loop_classification='none' hard_no_progress=false soft_no_progress=false no_progress_class='none' overlay_realign_grace_active=false min_step_gate_blocked=false realign_grace_suppressed=false cta_descend_applied=false promoted_from_container=false repeat_stop_hit=false decision='continue' reason='none' traversal_result='PASS_MOVED' final_result='PASS' failure_reason='' stop_explain_version='pr7_explain_v1' stop_explain_input='step:8|move:moved|smart:moved|same:0|fail:0' stop_explain_repeat='recent:false|class:none|strict:false|semantic:false|loop:none|two_card:false' stop_explain_no_progress='hit:false|class:none|hard:false|soft:false' stop_explain_gate='candidate:false|min_block:false|realign_suppress:false|realign_active:false|decision:continue'
[21:23:05] [OVERLAY] blocked no_overlay_policy scenario='life_family_care_plugin' tab='(?i).*life.*' step=8
[21:23:05] [STEP] START tab='(?i).*life.*' step=9
[21:23:11] [STEP][cta_sibling_visit] step=9 scenario='life_family_care_plugin' cluster='com.samsung.android.plugin.care:id/suggestion_card_container||com.samsung.android.plugin.care:id/first_button||com.sa...' visited='com.samsung.android.plugin.care:id/first_button'
[21:23:11] [STEP][cta_promote] step=9 scenario='life_family_care_plugin' container_rid='com.samsung.android.plugin.care:id/suggestion_card_container' selected_cta_rid='com.samsung.android.plugin.care:id/first_button' selected_cta_label='none' cta_candidates='none' reason='actionable_child_promoted'
[21:23:11] [ROW] fingerprint='com.samsung.android.plugin.care:id/first_button|want better insight into your daily life? set up the smartthings devices that yo|later want better insight into your daily life? set up the smartthings devices t|596,1558' normalized_fingerprint='com samsung android plugin care id first button|want better insight into your daily life set up the smartthings devices that you use to better understand your daily lif|later want better insight into your daily life set up the smartthings devices that you use to better understand your dai' duplicate=false recent_duplicate=false distance=0 recent_semantic_duplicate=false semantic_distance=0 semantic_window_unique=6 noise=false
[21:23:11] [STEP] END tab='(?i).*life.*' step=9 elapsed=5.20s move_result='{'success': True, 'status': 'moved', 'detail': 'moved', 'raw': {'timestamp': 1776774187513, 'reqId': '66f79cd0', 'success': True, 'status': 'moved', 'detail': 'moved', 'flags': []}}' visible='Want better insight into your daily life? Set up the SmartThings devices that you use to better understand your daily life. Later Set up now' speech='Later Want better insight into your daily life? Set up the SmartThings devices that you use to better understand your daily life. Later Set up now' crop='output\talkback_compare_20260421_212157\crops\i_._life._step_9_Want_better_insight_into_your_daily_life.png' timing(move=1.140s ann=3.093s get_focus=0.970s get_focus_fallback_dump=0.000s step_dump=0.000s crop=0.506s total=5.711s) focus_reason='' fallback_used=False fallback_found=False step_dump_used=False step_dump_reason='focus_payload_sufficient' req_id='d5728aa0'
[21:23:11] [STOP][eval] step=9 scenario='life_family_care_plugin' terminal=false same_like_count=0 no_progress=false scenario_type='content' is_global_nav=false after_realign=false recent_repeat=false bounded_two_card_loop=false semantic_same_like=false recent_duplicate=false recent_duplicate_distance=0 recent_semantic_duplicate=false recent_semantic_duplicate_distance=0 recent_semantic_unique_count=6 strict_duplicate=false semantic_duplicate=false repeat_class='none' loop_classification='none' hard_no_progress=false soft_no_progress=false no_progress_class='none' overlay_realign_grace_active=false min_step_gate_blocked=false realign_grace_suppressed=false cta_descend_applied=false promoted_from_container=true repeat_stop_hit=false decision='continue' reason='none' traversal_result='PASS_MOVED' final_result='PASS' failure_reason='' stop_explain_version='pr7_explain_v1' stop_explain_input='step:9|move:moved|smart:moved|same:0|fail:0' stop_explain_repeat='recent:false|class:none|strict:false|semantic:false|loop:none|two_card:false' stop_explain_no_progress='hit:false|class:none|hard:false|soft:false' stop_explain_gate='candidate:false|min_block:false|realign_suppress:false|realign_active:false|decision:continue'
[21:23:11] [RESULT] skipped anchor rows count=1
[21:23:11] [SAVE] writing sheets raw/filtered/summary/result
[21:23:11] [SAVE] filtered rows=10, raw rows=10
[21:23:11] [SAVE] saved excel: output/talkback_compare_20260421_212157.xlsx rows=10 with_images=False
[21:23:11] [OVERLAY] blocked no_overlay_policy scenario='life_family_care_plugin' tab='(?i).*life.*' step=9
[21:23:11] [STEP] START tab='(?i).*life.*' step=10
[21:23:17] [STEP][cta_promote_keep] step=10 scenario='life_family_care_plugin' cluster='com.samsung.android.plugin.care:id/suggestion_card_container||com.samsung.android.plugin.care:id/first_button||com.sa...' kept_rid='com.samsung.android.plugin.care:id/first_button' reason='preserve_committed_cta_sibling'
[21:23:17] [STEP][cta_sibling_visit] step=10 scenario='life_family_care_plugin' cluster='com.samsung.android.plugin.care:id/suggestion_card_container||com.samsung.android.plugin.care:id/first_button||com.sa...' visited='com.samsung.android.plugin.care:id/first_button'
[21:23:17] [STEP][cta_promote] step=10 scenario='life_family_care_plugin' container_rid='com.samsung.android.plugin.care:id/suggestion_card_container' selected_cta_rid='com.samsung.android.plugin.care:id/first_button' selected_cta_label='none' cta_candidates='none' reason='actionable_child_promoted'
[21:23:17] [STEP][cta_sibling_visit] step=10 scenario='life_family_care_plugin' cluster='com.samsung.android.plugin.care:id/suggestion_card_container||com.samsung.android.plugin.care:id/first_button||com.sa...' visited='com.samsung.android.plugin.care:id/first_button|com.samsung.android.plugin.care:id/second_button'
[21:23:17] [STEP][cta_sibling_commit] step=10 scenario='life_family_care_plugin' current_rid='com.samsung.android.plugin.care:id/first_button' committed_rid='com.samsung.android.plugin.care:id/second_button' reason='cta_sibling_committed'
[21:23:17] [STEP][cta_sibling] step=10 scenario='life_family_care_plugin' current_rid='com.samsung.android.plugin.care:id/first_button' next_candidate='com.samsung.android.plugin.care:id/second_button' reason='cta_sibling_progression'
[21:23:17] [ROW] fingerprint='com.samsung.android.plugin.care:id/second_button|want better insight into your daily life? set up the smartthings devices that yo|want better insight into your daily life? set up the smartthings devices that yo|876,1558' normalized_fingerprint='com samsung android plugin care id second button|want better insight into your daily life set up the smartthings devices that you use to better understand your daily lif|want better insight into your daily life set up the smartthings devices that you use to better understand your daily lif' duplicate=false recent_duplicate=false distance=0 recent_semantic_duplicate=false semantic_distance=0 semantic_window_unique=6 noise=false
[21:23:17] [STEP] END tab='(?i).*life.*' step=10 elapsed=5.28s move_result='' visible='Want better insight into your daily life? Set up the SmartThings devices that you use to better understand your daily life. Later Set up now' speech='Want better insight into your daily life? Set up the SmartThings devices that you use to better understand your daily life. Later Set up now' crop='output\talkback_compare_20260421_212157\crops\i_._life._step_10_Want_better_insight_into_your_daily_life.png' timing(move=0.368s ann=3.901s get_focus=1.006s get_focus_fallback_dump=0.000s step_dump=0.000s crop=0.510s total=5.786s) focus_reason='' fallback_used=False fallback_found=False step_dump_used=False step_dump_reason='focus_payload_sufficient' req_id='8ee11546'
[21:23:17] [STOP][eval] step=10 scenario='life_family_care_plugin' terminal=false same_like_count=0 no_progress=false scenario_type='content' is_global_nav=false after_realign=false recent_repeat=false bounded_two_card_loop=false semantic_same_like=false recent_duplicate=false recent_duplicate_distance=0 recent_semantic_duplicate=false recent_semantic_duplicate_distance=0 recent_semantic_unique_count=6 strict_duplicate=false semantic_duplicate=false repeat_class='none' loop_classification='none' hard_no_progress=false soft_no_progress=false no_progress_class='none' overlay_realign_grace_active=false min_step_gate_blocked=false realign_grace_suppressed=false cta_descend_applied=false promoted_from_container=true repeat_stop_hit=false decision='continue' reason='none' traversal_result='FAIL_MOVE' final_result='FAIL' failure_reason='move_failed' stop_explain_version='pr7_explain_v1' stop_explain_input='step:10|move:failed|smart:failed|same:0|fail:1' stop_explain_repeat='recent:false|class:none|strict:false|semantic:false|loop:none|two_card:false' stop_explain_no_progress='hit:false|class:none|hard:false|soft:false' stop_explain_gate='candidate:false|min_block:false|realign_suppress:false|realign_active:false|decision:continue'
[21:23:17] [OVERLAY] blocked no_overlay_policy scenario='life_family_care_plugin' tab='(?i).*life.*' step=10
[21:23:17] [STEP] START tab='(?i).*life.*' step=11
[21:23:23] [STEP][cta_promote_keep] step=11 scenario='life_family_care_plugin' cluster='com.samsung.android.plugin.care:id/suggestion_card_container||com.samsung.android.plugin.care:id/first_button||com.sa...' kept_rid='com.samsung.android.plugin.care:id/second_button' reason='preserve_committed_cta_sibling'
[21:23:23] [STEP][cta_sibling_visit] step=11 scenario='life_family_care_plugin' cluster='com.samsung.android.plugin.care:id/suggestion_card_container||com.samsung.android.plugin.care:id/first_button||com.sa...' visited='com.samsung.android.plugin.care:id/first_button|com.samsung.android.plugin.care:id/second_button'
[21:23:23] [STEP][cta_promote] step=11 scenario='life_family_care_plugin' container_rid='com.samsung.android.plugin.care:id/suggestion_card_container' selected_cta_rid='com.samsung.android.plugin.care:id/second_button' selected_cta_label='none' cta_candidates='none' reason='actionable_child_promoted'
[21:23:23] [STEP][cta_sibling_skip] step=11 scenario='life_family_care_plugin' current_rid='com.samsung.android.plugin.care:id/second_button' reason='no_sibling_found'
[21:23:23] [ROW] fingerprint='com.samsung.android.plugin.care:id/second_button|want better insight into your daily life? set up the smartthings devices that yo|want better insight into your daily life? set up the smartthings devices that yo|876,1558' normalized_fingerprint='com samsung android plugin care id second button|want better insight into your daily life set up the smartthings devices that you use to better understand your daily lif|want better insight into your daily life set up the smartthings devices that you use to better understand your daily lif' duplicate=true recent_duplicate=true distance=1 recent_semantic_duplicate=true semantic_distance=1 semantic_window_unique=5 noise=false
[21:23:23] [STEP] END tab='(?i).*life.*' step=11 elapsed=5.55s move_result='' visible='Want better insight into your daily life? Set up the SmartThings devices that you use to better understand your daily life. Later Set up now' speech='Want better insight into your daily life? Set up the SmartThings devices that you use to better understand your daily life. Later Set up now' crop='output\talkback_compare_20260421_212157\crops\i_._life._step_11_Want_better_insight_into_your_daily_life.png' timing(move=0.379s ann=3.972s get_focus=1.195s get_focus_fallback_dump=0.000s step_dump=0.000s crop=0.613s total=6.160s) focus_reason='' fallback_used=False fallback_found=False step_dump_used=False step_dump_reason='focus_payload_sufficient' req_id='dcf4a63c'
[21:23:23] [STOP][eval] step=11 scenario='life_family_care_plugin' terminal=false same_like_count=1 no_progress=true scenario_type='content' is_global_nav=false after_realign=false recent_repeat=false bounded_two_card_loop=false semantic_same_like=true recent_duplicate=true recent_duplicate_distance=1 recent_semantic_duplicate=true recent_semantic_duplicate_distance=1 recent_semantic_unique_count=5 strict_duplicate=true semantic_duplicate=true repeat_class='mixed_repeat' loop_classification='harmful_loop' hard_no_progress=true soft_no_progress=false no_progress_class='hard_no_progress' overlay_realign_grace_active=false min_step_gate_blocked=false realign_grace_suppressed=false cta_descend_applied=false promoted_from_container=true repeat_stop_hit=true decision='stop' reason='repeat_no_progress' traversal_result='FAIL_STUCK' final_result='FAIL' failure_reason='repeat_no_progress' stop_explain_version='pr7_explain_v1' stop_explain_input='step:11|move:failed|smart:failed|same:1|fail:2' stop_explain_repeat='recent:false|class:mixed_repeat|strict:true|semantic:true|loop:harmful_loop|two_card:false' stop_explain_no_progress='hit:true|class:hard_no_progress|hard:true|soft:false' stop_explain_gate='candidate:true|min_block:false|realign_suppress:false|realign_active:false|decision:stop'
[21:23:23] [STEP][move_debug] step=11 attempted=true status='failed' detail='failed' target='com.samsung.android.plugin.care:id/second_button' terminal=false raw='failed'
[21:23:23] [STEP][move_debug] step=10 attempted=true status='failed' detail='failed' target='com.samsung.android.plugin.care:id/second_button' terminal=false raw='failed'
[21:23:23] [STEP][focus_debug] step=11 focus_label='Want better insight into your daily life? Set up the SmartThings devices that you use to better understand your daily...' focus_visible='Want better insight into your daily life? Set up the SmartThings devices that you use to better understand your daily life. Later Set up now' visible_labels='Want better insight into your daily life? Set...' top_visible='Want better insight into your daily life? Set...' body_texts='Want better insight into your daily life? Set...' action_hits='later,set up now,set up' rid='com.samsung.android.plugin.care:id/second_button' class='android.widget.FrameLayout'
[21:23:23] [STEP][focus_debug] step=10 focus_label='Want better insight into your daily life? Set up the SmartThings devices that you use to better understand your daily...' focus_visible='Want better insight into your daily life? Set up the SmartThings devices that you use to better understand your daily life. Later Set up now' visible_labels='Want better insight into your daily life? Set...' top_visible='Want better insight into your daily life? Set...' body_texts='Want better insight into your daily life? Set...' action_hits='later,set up now,set up' rid='com.samsung.android.plugin.care:id/second_button' class='android.widget.FrameLayout'
[21:23:23] [STOP][debug] curr_visible='Want better insight into your daily life? Set up the SmartThings devices that you use to better understand your daily life. Later Set up now' prev_visible='Want better insight into your daily life? Set up the SmartThings devices that you use to better understand your daily life. Later Set up now' curr_speech='Want better insight into your daily life? Set up the SmartThings devices that you use to better understand your daily life. Later Set up now' prev_speech='Want better insight into your daily life? Set up the SmartThings devices that you use to better understand your daily life. Later Set up now'
[21:23:23] [STOP][debug] curr_fp='com.samsung.android.plugin.care:id/second_button|want better insight into your daily life? set up the smartthings devices that yo|want better insight into yo...' prev_fp='com.samsung.android.plugin.care:id/second_button|want better insight into your daily life? set up the smartthings devices that yo|want better insight into yo...' curr_nfp='com samsung android plugin care id second button|want better insight into your daily life set up the smartthings devices that you use to better understand yo...' prev_nfp='com samsung android plugin care id second button|want better insight into your daily life set up the smartthings devices that you use to better understand yo...'
[21:23:23] [STOP][eval_debug] step=11 prev_step=10 same_like_count=1 recent_repeat=false strict_duplicate=true semantic_same_like=true semantic_distance=1 recent_duplicate_distance=1 recent_duplicate_semantic_distance=1 bounded_two_card_loop=false no_progress=true hard_no_progress=true terminal=false
[21:23:23] [STOP][compare] prev_step=10 prev_move='failed' curr_step=11 curr_move='failed' same_object=true
[21:23:23] [STOP][cta_promote_state] step=11 scenario='life_family_care_plugin' current_rid='com.samsung.android.plugin.care:id/second_button' promoted_from_container=true
[21:23:23] [RESULT] skipped anchor rows count=1
[21:23:23] [SAVE] writing sheets raw/filtered/summary/result
[21:23:23] [SAVE] filtered rows=12, raw rows=12
[21:23:23] [SAVE] saved excel: output/talkback_compare_20260421_212157.xlsx rows=12 with_images=False
[21:23:23] [OVERLAY] blocked no_overlay_policy scenario='life_family_care_plugin' tab='(?i).*life.*' step=11
[21:23:23] [STOP][triggered] step=11 scenario='life_family_care_plugin' decision='stop' reason='repeat_no_progress'
[21:23:23] [STOP][summary] scenario='life_family_care_plugin' stop_triggered=true stop_step=11 reason='repeat_no_progress'
[21:23:23] [PERF][scenario_summary] scenario=life_family_care_plugin tab=(?i).*life.* total_runtime=84.3 total_steps=12 main_step_count=12 overlay_step_count=0 overlay_count=0 avg_get_focus=1.032 avg_move=0.517 avg_crop=0.501 avg_step_total=5.273 step_total_sample_count=12 avg_get_focus_main=1.032 avg_get_focus_overlay=0.0 fallback_dump_count=0 success_false_top_level_dump_attempt_count=0 success_false_top_level_dump_found_count=0 fallback_dump_rate=0.0 get_focus_strong_skip_count=12 get_focus_strong_skip_rate=100.0 step_dump_used_count=0 save_excel_count=5 realign_attempt_count=0 realign_success_count=0 realign_success_rate=0.0
[21:23:23] [MAIN] skip disabled scenario_id='life_plant_care_plugin' tab='(?i).*life.*'
[21:23:23] [MAIN] skip disabled scenario_id='life_clothing_care_plugin' tab='(?i).*life.*'
[21:23:23] [MAIN] skip disabled scenario_id='life_find_plugin' tab='(?i).*life.*'
[21:23:23] [MAIN] skip disabled scenario_id='life_video_plugin' tab='(?i).*life.*'
[21:23:23] [MAIN] skip disabled scenario_id='life_home_monitor_plugin' tab='(?i).*life.*'
[21:23:23] [MAIN] skip disabled scenario_id='life_music_sync_plugin' tab='(?i).*life.*'
[21:23:23] [RESULT] skipped anchor rows count=1
[21:23:23] [SAVE] writing sheets raw/filtered/summary/result
[21:23:23] [SAVE] filtered rows=12, raw rows=12
[21:23:24] [SAVE] saved excel: output/talkback_compare_20260421_212157.xlsx rows=12 with_images=True
[21:23:24] [MAIN] final save complete
[21:23:24] [PERF][run_summary] total_runtime=84.6 total_scenarios=1 total_steps=12 total_overlay_count=0 avg_get_focus=1.032 avg_move=0.517 fallback_dump_count=0 success_false_top_level_dump_attempt_count=0 success_false_top_level_dump_found_count=0 fallback_dump_rate=0.0 get_focus_strong_skip_rate=100.0 realign_success_rate=0.0 save_excel_count=6
