[23:29:47] [SAVE][temp] override tmp='D:\Python test\talkback-a11y-helper\output\.tmp' temp='D:\Python test\talkback-a11y-helper\output\.tmp' applied=true
[23:29:47] [MAIN] script start (version=1.7.81, log_level=NORMAL)
[23:29:49] [PREFLIGHT] talkback status='enabled'
[23:29:49] [MAIN] output file: output/talkback_compare_20260414_232947.xlsx
[23:29:49] [MAIN] image dir base: output\talkback_compare_20260414_232947
[23:29:49] [CONFIG] runtime config loaded path='config\runtime_config.json'
[23:29:49] [GLOBAL_NAV][guard] forcing stabilization_mode='tab_context' scenario='global_nav_main' requested='anchor_then_context'
[23:29:49] [CONFIG] scenario resolved scenario='global_nav_main' group='main_tabs' max_steps=10 enabled=False
[23:29:49] [CONFIG] applied shared_navigation='default_global_nav'
[23:29:49] [CONFIG] scenario enabled scenario='global_nav_main' source='runtime' enabled=False base_enabled=False
[23:29:49] [CONFIG] scenario resolved scenario='home_main' group='main_tabs' max_steps=5 enabled=False
[23:29:49] [CONFIG] applied shared_navigation='bottom_tab_global_nav'
[23:29:49] [CONFIG] scenario enabled scenario='home_main' source='runtime' enabled=False base_enabled=False
[23:29:49] [CONFIG] scenario resolved scenario='life_food_plugin' group='plugin_screen' max_steps=5 enabled=False
[23:29:49] [CONFIG] applied pre_navigation_ref='enter_food_plugin'
[23:29:49] [CONFIG] scenario enabled scenario='life_food_plugin' source='runtime' enabled=False base_enabled=False
[23:29:49] [CONFIG] scenario resolved scenario='life_air_care_plugin' group='-' max_steps=5 enabled=True
[23:29:49] [CONFIG] scenario enabled scenario='life_air_care_plugin' source='runtime' enabled=True base_enabled=False
[23:29:49] [CONFIG] scenario resolved scenario='life_home_care_plugin' group='-' max_steps=5 enabled=True
[23:29:49] [CONFIG] scenario enabled scenario='life_home_care_plugin' source='runtime' enabled=True base_enabled=False
[23:29:49] [CONFIG] scenario resolved scenario='life_energy_plugin' group='-' max_steps=5 enabled=True
[23:29:49] [CONFIG] scenario enabled scenario='life_energy_plugin' source='runtime' enabled=True base_enabled=False
[23:29:49] [CONFIG] scenario resolved scenario='devices_main' group='main_tabs' max_steps=10 enabled=False
[23:29:49] [CONFIG] applied shared_navigation='bottom_tab_global_nav'
[23:29:49] [CONFIG] applied anchor_ref='home_tab_anchor'
[23:29:49] [CONFIG] scenario enabled scenario='devices_main' source='runtime' enabled=False base_enabled=False
[23:29:49] [CONFIG] scenario resolved scenario='life_main' group='main_tabs' max_steps=30 enabled=False
[23:29:49] [CONFIG] applied shared_navigation='bottom_tab_global_nav'
[23:29:49] [CONFIG] scenario enabled scenario='life_main' source='runtime' enabled=False base_enabled=False
[23:29:49] [CONFIG] scenario resolved scenario='routines_main' group='main_tabs' max_steps=30 enabled=False
[23:29:49] [CONFIG] applied shared_navigation='bottom_tab_global_nav'
[23:29:49] [CONFIG] scenario enabled scenario='routines_main' source='runtime' enabled=False base_enabled=False
[23:29:49] [CONFIG] scenario resolved scenario='menu_main' group='main_tabs' max_steps=30 enabled=False
[23:29:49] [CONFIG] applied shared_navigation='bottom_tab_global_nav'
[23:29:49] [CONFIG] scenario enabled scenario='menu_main' source='runtime' enabled=False base_enabled=False
[23:29:49] [CONFIG] scenario resolved scenario='settings_entry_example' group='plugin_screen' max_steps=5 enabled=False
[23:29:49] [CONFIG] applied anchor_ref='settings_button_anchor'
[23:29:49] [CONFIG] applied pre_navigation_ref='enter_settings'
[23:29:49] [CONFIG] scenario enabled scenario='settings_entry_example' source='runtime' enabled=False base_enabled=False
[23:29:49] [CONFIG] scenario resolved scenario='life_pet_care_plugin' group='-' max_steps=5 enabled=True
[23:29:49] [CONFIG] scenario enabled scenario='life_pet_care_plugin' source='runtime' enabled=True base_enabled=False
[23:29:49] [CONFIG] scenario resolved scenario='life_family_care_plugin' group='-' max_steps=5 enabled=True
[23:29:49] [CONFIG] scenario enabled scenario='life_family_care_plugin' source='runtime' enabled=True base_enabled=False
[23:29:49] [CONFIG] scenario resolved scenario='life_plant_care_plugin' group='-' max_steps=5 enabled=True
[23:29:49] [CONFIG] scenario enabled scenario='life_plant_care_plugin' source='runtime' enabled=True base_enabled=False
[23:29:49] [CONFIG] scenario resolved scenario='life_clothing_care_plugin' group='-' max_steps=5 enabled=True
[23:29:49] [CONFIG] scenario enabled scenario='life_clothing_care_plugin' source='runtime' enabled=True base_enabled=False
[23:29:49] [CONFIG] scenario resolved scenario='life_find_plugin' group='-' max_steps=5 enabled=True
[23:29:49] [CONFIG] scenario enabled scenario='life_find_plugin' source='runtime' enabled=True base_enabled=False
[23:29:49] [CONFIG] scenario resolved scenario='life_video_plugin' group='-' max_steps=5 enabled=True
[23:29:49] [CONFIG] scenario enabled scenario='life_video_plugin' source='runtime' enabled=True base_enabled=False
[23:29:49] [CONFIG] scenario resolved scenario='life_home_monitor_plugin' group='-' max_steps=5 enabled=True
[23:29:49] [CONFIG] scenario enabled scenario='life_home_monitor_plugin' source='runtime' enabled=True base_enabled=False
[23:29:49] [CONFIG] scenario resolved scenario='life_music_sync_plugin' group='-' max_steps=5 enabled=True
[23:29:49] [CONFIG] scenario enabled scenario='life_music_sync_plugin' source='runtime' enabled=True base_enabled=False
[23:29:49] [MAIN] skip disabled scenario_id='global_nav_main' tab='(?i).*(home|devices|life|routines|menu).*'
[23:29:49] [MAIN] skip disabled scenario_id='home_main' tab='(?i).*home.*'
[23:29:49] [MAIN] skip disabled scenario_id='life_food_plugin' tab='(?i).*life.*'
[23:29:49] [SCENARIO][stabilization] scenario='life_air_care_plugin' screen_context_mode='new_screen' stabilization_mode='anchor_only'
[23:29:49] [SCENARIO][pre_nav][stabilization] phase='plugin_start' attempt=1/2 life_selected=false app_bar_hits=4 visible_card_hits=0 global_nav_visible=true bottom_nav_hits=6 root_structure_stable=false life_root_signature_present=false navigate_up_hits=0 family_care_signature_seen=true final_score=2 ok=true pass_reason='global_nav_visible' fail_reason=''
[23:29:49] [PLUGIN_START][life_list_check] ok=true reason='root_state_stable'
[23:29:49] [PLUGIN_START][recover_before_entry] triggered=false
[23:29:49] [PLUGIN_START][recover_before_entry] success=true
[23:29:49] [CONTEXT] skipped reason='new_screen_mode' phase='tab_select'
[23:29:49] [TAB][select] fallback_to_legacy=True scenario='life_air_care_plugin'
[23:29:54] [TRACE][open_scenario] scenario='life_air_care_plugin' stabilization_mode='anchor_only' focus_align_attempted=True focus_align_ok=True focus_align_reason='' context_ok=False anchor_matched=False anchor_stable=False
[23:29:54] [SCENARIO][pre_nav] step=1 action=xml_scroll_search_tap target='(?i)(^smart\s*air\s*care$|^air\s*care$|air\s*care\.|\baircare\b|에어\s*케어)'
[23:29:54] [XMLENTRY][search] pre_reset scroll_to_top=true
[23:30:00] [XMLENTRY][search] step=0/5 visible_candidates=69 target_candidates=0
[23:30:00] [XMLENTRY][search][top] rank=1 reason='card_like_container' text='' rid='com.samsung.android.oneconnect:id/app_bar' class='android.widget.LinearLayout' bounds='0,94,1080,310' area_ratio='0.1125' target_match=false match_source='' matched_phrase='' negative_plugin_phrase=''
[23:30:00] [XMLENTRY][search][top] rank=2 reason='card_like_container' text='우리 집, Change location' rid='com.samsung.android.oneconnect:id/small_title_bar' class='android.widget.RelativeLayout' bounds='180,118,810,310' area_ratio='0.0583' target_match=false match_source='' matched_phrase='' negative_plugin_phrase=''
[23:30:00] [XMLENTRY][search][top] rank=3 reason='actionable_container' text='' rid='' class='android.widget.RelativeLayout' bounds='42,310,1038,1042' area_ratio='0.3516' target_match=false match_source='' matched_phrase='' negative_plugin_phrase='family care'
[23:30:02] [XMLENTRY][scroll] step=0/5 performed=true reason='no_strict_target_candidate'
[23:30:05] [XMLENTRY][search] step=1/5 visible_candidates=61 target_candidates=0
[23:30:05] [XMLENTRY][search][top] rank=1 reason='card_like_container' text='' rid='com.samsung.android.oneconnect:id/app_bar' class='android.widget.LinearLayout' bounds='0,94,1080,310' area_ratio='0.1125' target_match=false match_source='' matched_phrase='' negative_plugin_phrase=''
[23:30:05] [XMLENTRY][search][top] rank=2 reason='card_like_container' text='우리 집, Change location' rid='com.samsung.android.oneconnect:id/small_title_bar' class='android.widget.RelativeLayout' bounds='180,118,810,310' area_ratio='0.0583' target_match=false match_source='' matched_phrase='' negative_plugin_phrase=''
[23:30:05] [XMLENTRY][search][top] rank=3 reason='actionable_container' text='' rid='' class='android.widget.RelativeLayout' bounds='42,310,1038,602' area_ratio='0.1403' target_match=false match_source='' matched_phrase='' negative_plugin_phrase='home care'
[23:30:08] [XMLENTRY][scroll] step=1/5 performed=true reason='no_strict_target_candidate'
[23:30:11] [XMLENTRY][search] step=2/5 visible_candidates=59 target_candidates=3
[23:30:11] [XMLENTRY][search][top] rank=1 reason='card_like_container' text='' rid='com.samsung.android.oneconnect:id/llCard' class='android.widget.LinearLayout' bounds='42,1752,1038,2316' area_ratio='0.2709' target_match=true match_source='descendant' matched_phrase='air care' negative_plugin_phrase=''
[23:30:11] [XMLENTRY][search][top] rank=2 reason='actionable_container' text='' rid='com.samsung.android.oneconnect:id/containerNameLayout' class='android.widget.RelativeLayout' bounds='42,1752,1038,1884' area_ratio='0.0634' target_match=true match_source='descendant' matched_phrase='air care' negative_plugin_phrase=''
[23:30:11] [XMLENTRY][search][top] rank=3 reason='actionable_container' text='Air Care' rid='com.samsung.android.oneconnect:id/containerNameLayout' class='android.widget.RelativeLayout' bounds='42,1752,1038,1884' area_ratio='0.0634' target_match=true match_source='title' matched_phrase='air care' negative_plugin_phrase=''
[23:30:11] [XMLENTRY][select] reason='card_like_container' resource='com.samsung.android.oneconnect:id/llCard' bounds='42,1752,1038,2316' text='Air Care' target_match=true match_source='descendant' matched_phrase='air care'
[23:30:13] [VERIFY][air][probe] probe_index=1/2 same_screen=false signal='air_care_verify' has_home_button=false has_change_location=false has_add_button=false has_more_options=false has_other_plugin_cards=false has_air_text=true has_air_content_signal=true has_plugin_body_focus=false decision='candidate_air_success'
[23:30:13] [XMLENTRY][result] success=true reason='transition_confirmed'
[23:30:13] [SCENARIO][pre_nav] success step=1 reason='ACTION_ACCESSIBILITY_FOCUS success'
[23:30:14] [SCENARIO][pre_nav] success
[23:30:18] [CONTEXT] skipped reason='anchor_only_mode'
[23:30:18] [CONTEXT] skipped reason='anchor_only_mode'
[23:30:18] [CONTEXT] scenario='life_air_care_plugin' type='skipped' expected='' actual='' ok=True
[23:30:18] [CONTEXT] verification passed scenario='life_air_care_plugin'
[23:30:18] [ANCHOR][scenario_start] success scenario='life_air_care_plugin' selected=True matched=True stable=True context_ok=True reason='selected_and_verified'
[23:30:18] [ENTRY][air][fallback_acceptance] fallback_source='none' fallback_candidate_view_id='none' fallback_candidate_label='none' fallback_candidate_bounds='none' accepted=false accepted_reason='none' rejected_reason='fallback_source_not_allowed'
[23:30:18] [TRACE][open_scenario] scenario='life_air_care_plugin' stabilization_mode='anchor_only' focus_align_attempted=True focus_align_ok=True focus_align_reason='' context_ok=False anchor_matched=False anchor_stable=True
[23:30:20] [ENTRY][air][verdict_inputs] scenario_id='life_air_care_plugin' post_click_success_seen=true air_verify_success_seen=false air_verify_reject_seen=false anchor_fallback_accepted=false anchor_fallback_source='none' post_open_focus_view_id='back' post_open_focus_label='Navigate up  Navigate up' is_top_chrome_focus=false is_list_screen_focus=false final_allow_success=true final_fail_reason='none'
[23:30:20] [ENTRY][air][preserve] keep success despite fallback_not_accepted
[23:30:20] [ENTRY][special_state_check] detected=true signals='long_intro,cta,intro_focus' kind='setup_needed_or_empty_state'
[23:30:20] [ENTRY][special_state_check] decision='keep_success_path'
[23:30:20] [ENTRY][air][verdict_priority] applied_rule='accept_air_internal_content_signal' previous_state='candidate_success' new_state='success_verified'
[23:30:20] [ENTRY][air][verdict_inputs] scenario_id='life_air_care_plugin' post_click_success_seen=true air_verify_success_seen=false air_verify_reject_seen=false anchor_fallback_accepted=false anchor_fallback_source='none' post_open_focus_view_id='back' post_open_focus_label='Navigate up  Navigate up' is_top_chrome_focus=false is_list_screen_focus=false final_allow_success=true final_fail_reason='none'
[23:30:20] [SCENARIO][entry_contract] success scenario='life_air_care_plugin' entry_type='card' reason='success_verified' detail='plugin_open_verified'
[23:30:21] [TRACE][post_open_focus] scenario='life_air_care_plugin' view_id='back' label='Navigate up' speech='Navigate up' bounds='{'l': 72, 't': 118, 'r': 144, 'b': 310, 'left': 72, 'top': 118, 'right': 144, 'bottom': 310}' source='top_level' top_level=True
[23:30:26] [TRACE][anchor_row] scenario='life_air_care_plugin' step=0 view_id='back' visible='Navigate up' speech='Navigate up' normalized_visible='navigate up' is_global_nav=False
[23:30:26] [ROW] fingerprint='back|navigate up|navigate up|108,214' normalized_fingerprint='back|navigate up|navigate up' duplicate=false recent_duplicate=false distance=0 recent_semantic_duplicate=false semantic_distance=0 semantic_window_unique=1 noise=false
[23:30:26] [RESULT] skipped anchor rows count=1
[23:30:26] [SAVE] writing sheets raw/filtered/summary/result
[23:30:26] [SAVE] filtered rows=1, raw rows=1
[23:30:27] [SAVE] saved excel: output/talkback_compare_20260414_232947.xlsx rows=1 with_images=False
[23:30:27] [STEP] START tab='(?i).*life.*' step=1
[23:30:32] [ROW] fingerprint='|air care|air care|552,214' normalized_fingerprint='|air care|air care' duplicate=false recent_duplicate=false distance=0 recent_semantic_duplicate=false semantic_distance=0 semantic_window_unique=2 noise=false
[23:30:32] [STEP] END tab='(?i).*life.*' step=1 elapsed=4.64s move_result='{'success': True, 'status': 'moved', 'detail': 'moved', 'raw': {'timestamp': 1776177029053, 'reqId': '79fabe36', 'success': True, 'status': 'moved', 'detail': 'moved', 'flags': []}}' visible='Air Care' speech='Air Care' crop='output\talkback_compare_20260414_232947\crops\i_._life._step_1_Air_Care.png' timing(move=0.494s ann=3.060s get_focus=1.087s get_focus_fallback_dump=0.000s step_dump=0.000s crop=0.586s total=5.228s) focus_reason='' fallback_used=False fallback_found=False step_dump_used=False step_dump_reason='focus_payload_sufficient' req_id='281c51bd'
[23:30:32] [STOP][eval] step=1 scenario='life_air_care_plugin' terminal=false same_like_count=0 no_progress=false scenario_type='content' is_global_nav=false after_realign=false recent_repeat=false bounded_two_card_loop=false semantic_same_like=false recent_duplicate=false recent_duplicate_distance=0 recent_semantic_duplicate=false recent_semantic_duplicate_distance=0 recent_semantic_unique_count=2 strict_duplicate=false semantic_duplicate=false repeat_class='none' loop_classification='none' hard_no_progress=false soft_no_progress=false no_progress_class='none' overlay_realign_grace_active=false min_step_gate_blocked=false realign_grace_suppressed=false repeat_stop_hit=false decision='continue' reason='none' stop_explain_version='pr7_explain_v1' stop_explain_input='step:1|move:{'success': true, 'status': 'moved', 'detail': 'moved', 'raw': {'timestamp': 1776177029053, 'reqid': '79fabe36', 'success': true, 'status': 'moved', 'detail': 'moved', 'flags': []}}|smart:moved|same:0|fail:0' stop_explain_repeat='recent:false|class:none|strict:false|semantic:false|loop:none|two_card:false' stop_explain_no_progress='hit:false|class:none|hard:false|soft:false' stop_explain_gate='candidate:false|min_block:false|realign_suppress:false|realign_active:false|decision:continue'
[23:30:32] [STEP] START tab='(?i).*life.*' step=2
[23:30:37] [ROW] fingerprint='more|more options|more options|972,214' normalized_fingerprint='more|more options|more options' duplicate=false recent_duplicate=false distance=0 recent_semantic_duplicate=false semantic_distance=0 semantic_window_unique=3 noise=false
[23:30:37] [STEP] END tab='(?i).*life.*' step=2 elapsed=4.63s move_result='{'success': True, 'status': 'moved', 'detail': 'moved', 'raw': {'timestamp': 1776177034287, 'reqId': 'c1da3bac', 'success': True, 'status': 'moved', 'detail': 'moved', 'flags': []}}' visible='More options' speech='More options' crop='output\talkback_compare_20260414_232947\crops\i_._life._step_2_More_options.png' timing(move=0.485s ann=2.993s get_focus=1.149s get_focus_fallback_dump=0.000s step_dump=0.000s crop=0.553s total=5.180s) focus_reason='' fallback_used=False fallback_found=False step_dump_used=False step_dump_reason='focus_payload_sufficient' req_id='0bdc6cff'
[23:30:37] [STOP][eval] step=2 scenario='life_air_care_plugin' terminal=false same_like_count=0 no_progress=false scenario_type='content' is_global_nav=false after_realign=false recent_repeat=false bounded_two_card_loop=false semantic_same_like=false recent_duplicate=false recent_duplicate_distance=0 recent_semantic_duplicate=false recent_semantic_duplicate_distance=0 recent_semantic_unique_count=3 strict_duplicate=false semantic_duplicate=false repeat_class='none' loop_classification='none' hard_no_progress=false soft_no_progress=false no_progress_class='none' overlay_realign_grace_active=false min_step_gate_blocked=false realign_grace_suppressed=false repeat_stop_hit=false decision='continue' reason='none' stop_explain_version='pr7_explain_v1' stop_explain_input='step:2|move:{'success': true, 'status': 'moved', 'detail': 'moved', 'raw': {'timestamp': 1776177034287, 'reqid': 'c1da3bac', 'success': true, 'status': 'moved', 'detail': 'moved', 'flags': []}}|smart:moved|same:0|fail:0' stop_explain_repeat='recent:false|class:none|strict:false|semantic:false|loop:none|two_card:false' stop_explain_no_progress='hit:false|class:none|hard:false|soft:false' stop_explain_gate='candidate:false|min_block:false|realign_suppress:false|realign_active:false|decision:continue'
[23:30:37] [OVERLAY] candidate matched scenario='life_air_care_plugin' tab='(?i).*life.*' step=2 view_id='more' label='More options' reason='matched_scenario_policy'
[23:30:48] [OVERLAY] post_click classification='overlay' scenario='life_air_care_plugin' tab='(?i).*life.*' entry_view_id='more' entry_label='More options' post_view_id='addToHomescreen' post_label='Add to Home screen'
[23:31:01] [RESULT] skipped anchor rows count=1
[23:31:01] [SAVE] writing sheets raw/filtered/summary/result
[23:31:01] [SAVE] filtered rows=6, raw rows=6
[23:31:01] [SAVE] saved excel: output/talkback_compare_20260414_232947.xlsx rows=6 with_images=False
[23:31:05] [OVERLAY][repeat] same_focus_detected=true step=4 view_id='info' bounds='462,556,1053,706' normalized_visible_label='information' move_result=''
[23:31:05] [OVERLAY][break] reason='same_overlay_fingerprint' step=4
[23:31:05] [RESULT] skipped anchor rows count=1
[23:31:05] [SAVE] writing sheets raw/filtered/summary/result
[23:31:05] [SAVE] filtered rows=6, raw rows=6
[23:31:05] [SAVE] saved excel: output/talkback_compare_20260414_232947.xlsx rows=6 with_images=False
[23:31:09] [RESULT] skipped anchor rows count=1
[23:31:09] [SAVE] writing sheets raw/filtered/summary/result
[23:31:09] [SAVE] filtered rows=6, raw rows=6
[23:31:09] [SAVE] saved excel: output/talkback_compare_20260414_232947.xlsx rows=6 with_images=False
[23:31:12] [OVERLAY] realign status='realign_entry_reached' entry_reached=True steps_taken=2 match_by='view_id'
[23:31:18] [CONTEXT] skipped reason='anchor_only_mode'
[23:31:18] [CONTEXT] skipped reason='anchor_only_mode'
[23:31:18] [CONTEXT] scenario='life_air_care_plugin' type='skipped' expected='' actual='' ok=True
[23:31:18] [CONTEXT] verification passed scenario='life_air_care_plugin'
[23:31:18] [ANCHOR][overlay_realign] success scenario='life_air_care_plugin' selected=True matched=True stable=True context_ok=True reason='selected_and_verified'
[23:31:18] [ANCHOR][overlay_realign] success scenario='life_air_care_plugin' reason='overlay_realign_verified'
[23:31:18] [STEP] START tab='(?i).*life.*' step=3
[23:31:24] [ROW] fingerprint='|air care|air care|552,214' normalized_fingerprint='|air care|air care' duplicate=false recent_duplicate=true distance=2 recent_semantic_duplicate=true semantic_distance=2 semantic_window_unique=3 noise=false
[23:31:24] [STEP] END tab='(?i).*life.*' step=3 elapsed=4.74s move_result='{'success': True, 'status': 'moved', 'detail': 'moved', 'raw': {'timestamp': 1776177080922, 'reqId': 'bc71793f', 'success': True, 'status': 'moved', 'detail': 'moved', 'flags': []}}' visible='Air Care' speech='Air Care' crop='output\talkback_compare_20260414_232947\crops\i_._life._step_3_Air_Care.png' timing(move=0.548s ann=3.026s get_focus=1.167s get_focus_fallback_dump=0.000s step_dump=0.000s crop=0.533s total=5.275s) focus_reason='' fallback_used=False fallback_found=False step_dump_used=False step_dump_reason='focus_payload_sufficient' req_id='b2e5c7ca'
[23:31:24] [STOP][eval] step=3 scenario='life_air_care_plugin' terminal=false same_like_count=0 no_progress=false scenario_type='content' is_global_nav=false after_realign=true recent_repeat=false bounded_two_card_loop=false semantic_same_like=false recent_duplicate=true recent_duplicate_distance=2 recent_semantic_duplicate=true recent_semantic_duplicate_distance=2 recent_semantic_unique_count=3 strict_duplicate=false semantic_duplicate=false repeat_class='none' loop_classification='none' hard_no_progress=false soft_no_progress=false no_progress_class='none' overlay_realign_grace_active=false min_step_gate_blocked=false realign_grace_suppressed=false repeat_stop_hit=false decision='continue' reason='none' stop_explain_version='pr7_explain_v1' stop_explain_input='step:3|move:{'success': true, 'status': 'moved', 'detail': 'moved', 'raw': {'timestamp': 1776177080922, 'reqid': 'bc71793f', 'success': true, 'status': 'moved', 'detail': 'moved', 'flags': []}}|smart:moved|same:0|fail:0' stop_explain_repeat='recent:false|class:none|strict:false|semantic:false|loop:none|two_card:false' stop_explain_no_progress='hit:false|class:none|hard:false|soft:false' stop_explain_gate='candidate:false|min_block:false|realign_suppress:false|realign_active:false|decision:continue'
[23:31:24] [RESULT] skipped anchor rows count=1
[23:31:24] [SAVE] writing sheets raw/filtered/summary/result
[23:31:24] [SAVE] filtered rows=6, raw rows=7
[23:31:24] [SAVE] saved excel: output/talkback_compare_20260414_232947.xlsx rows=7 with_images=False
[23:31:24] [STEP] START tab='(?i).*life.*' step=4
[23:31:29] [ROW] fingerprint='more|more options|more options|972,214' normalized_fingerprint='more|more options|more options' duplicate=false recent_duplicate=true distance=2 recent_semantic_duplicate=true semantic_distance=2 semantic_window_unique=3 noise=false
[23:31:29] [STEP] END tab='(?i).*life.*' step=4 elapsed=4.87s move_result='{'success': True, 'status': 'moved', 'detail': 'moved', 'raw': {'timestamp': 1776177086390, 'reqId': 'bbf7e042', 'success': True, 'status': 'moved', 'detail': 'moved', 'flags': []}}' visible='More options' speech='More options' crop='output\talkback_compare_20260414_232947\crops\i_._life._step_4_More_options.png' timing(move=0.545s ann=3.211s get_focus=1.112s get_focus_fallback_dump=0.000s step_dump=0.000s crop=0.566s total=5.435s) focus_reason='' fallback_used=False fallback_found=False step_dump_used=False step_dump_reason='focus_payload_sufficient' req_id='f3ab15fc'
[23:31:29] [STOP][eval] step=4 scenario='life_air_care_plugin' terminal=false same_like_count=0 no_progress=false scenario_type='content' is_global_nav=false after_realign=false recent_repeat=false bounded_two_card_loop=false semantic_same_like=false recent_duplicate=true recent_duplicate_distance=2 recent_semantic_duplicate=true recent_semantic_duplicate_distance=2 recent_semantic_unique_count=3 strict_duplicate=false semantic_duplicate=false repeat_class='none' loop_classification='none' hard_no_progress=false soft_no_progress=false no_progress_class='none' overlay_realign_grace_active=false min_step_gate_blocked=false realign_grace_suppressed=false repeat_stop_hit=false decision='continue' reason='none' stop_explain_version='pr7_explain_v1' stop_explain_input='step:4|move:{'success': true, 'status': 'moved', 'detail': 'moved', 'raw': {'timestamp': 1776177086390, 'reqid': 'bbf7e042', 'success': true, 'status': 'moved', 'detail': 'moved', 'flags': []}}|smart:moved|same:0|fail:0' stop_explain_repeat='recent:false|class:none|strict:false|semantic:false|loop:none|two_card:false' stop_explain_no_progress='hit:false|class:none|hard:false|soft:false' stop_explain_gate='candidate:false|min_block:false|realign_suppress:false|realign_active:false|decision:continue'
[23:31:29] [OVERLAY] skip already expanded entry fingerprint='(?i).*life.*|more|more options'
[23:31:29] [STEP] START tab='(?i).*life.*' step=5
[23:31:34] [ROW] fingerprint='|set geolocation to monitor outdoor air quality|set geolocation to monitor outdoor air quality|516,418' normalized_fingerprint='|set geolocation to monitor outdoor air quality|set geolocation to monitor outdoor air quality' duplicate=false recent_duplicate=false distance=0 recent_semantic_duplicate=false semantic_distance=0 semantic_window_unique=4 noise=false
[23:31:34] [STEP] END tab='(?i).*life.*' step=5 elapsed=4.63s move_result='{'success': True, 'status': 'moved', 'detail': 'moved', 'raw': {'timestamp': 1776177091750, 'reqId': 'cb560894', 'success': True, 'status': 'moved', 'detail': 'moved', 'flags': []}}' visible='Set geolocation to monitor outdoor air quality' speech='Set geolocation to monitor outdoor air quality' crop='output\talkback_compare_20260414_232947\crops\i_._life._step_5_Set_geolocation_to_monitor_outdoor_air_q.png' timing(move=0.474s ann=3.044s get_focus=1.110s get_focus_fallback_dump=0.000s step_dump=0.000s crop=0.551s total=5.180s) focus_reason='' fallback_used=False fallback_found=False step_dump_used=False step_dump_reason='focus_payload_sufficient' req_id='b135b065'
[23:31:34] [STOP][eval] step=5 scenario='life_air_care_plugin' terminal=false same_like_count=0 no_progress=false scenario_type='content' is_global_nav=false after_realign=false recent_repeat=false bounded_two_card_loop=false semantic_same_like=false recent_duplicate=false recent_duplicate_distance=0 recent_semantic_duplicate=false recent_semantic_duplicate_distance=0 recent_semantic_unique_count=4 strict_duplicate=false semantic_duplicate=false repeat_class='none' loop_classification='none' hard_no_progress=false soft_no_progress=false no_progress_class='none' overlay_realign_grace_active=false min_step_gate_blocked=false realign_grace_suppressed=false repeat_stop_hit=false decision='continue' reason='none' stop_explain_version='pr7_explain_v1' stop_explain_input='step:5|move:{'success': true, 'status': 'moved', 'detail': 'moved', 'raw': {'timestamp': 1776177091750, 'reqid': 'cb560894', 'success': true, 'status': 'moved', 'detail': 'moved', 'flags': []}}|smart:moved|same:0|fail:0' stop_explain_repeat='recent:false|class:none|strict:false|semantic:false|loop:none|two_card:false' stop_explain_no_progress='hit:false|class:none|hard:false|soft:false' stop_explain_gate='candidate:false|min_block:false|realign_suppress:false|realign_active:false|decision:continue'
[23:31:34] [STOP][summary] scenario='life_air_care_plugin' stop_triggered=false stop_step=5 reason='safety_limit'
[23:31:34] [PERF][scenario_summary] scenario=life_air_care_plugin tab=(?i).*life.* total_runtime=105.8 total_steps=9 main_step_count=6 overlay_step_count=3 overlay_count=1 avg_get_focus=0.981 avg_move=0.502 avg_crop=0.549 avg_step_total=5.248 step_total_sample_count=6 avg_get_focus_main=1.124 avg_get_focus_overlay=0.695 fallback_dump_count=0 success_false_top_level_dump_attempt_count=0 success_false_top_level_dump_found_count=0 fallback_dump_rate=0.0 get_focus_strong_skip_count=9 get_focus_strong_skip_rate=100.0 step_dump_used_count=0 save_excel_count=5 realign_attempt_count=1 realign_success_count=1 realign_success_rate=100.0
[23:31:34] [RECOVER] start
[23:31:35] [SCENARIO][pre_nav][stabilization] phase='recover_initial_verify' attempt=1/2 life_selected=false app_bar_hits=1 visible_card_hits=0 global_nav_visible=false bottom_nav_hits=0 root_structure_stable=false life_root_signature_present=true navigate_up_hits=0 family_care_signature_seen=false final_score=1 ok=false pass_reason='' fail_reason='life_root_not_stable'
[23:31:36] [SCENARIO][pre_nav][stabilization] phase='recover_initial_verify' attempt=2/2 life_selected=false app_bar_hits=1 visible_card_hits=0 global_nav_visible=false bottom_nav_hits=0 root_structure_stable=false life_root_signature_present=true navigate_up_hits=0 family_care_signature_seen=false final_score=1 ok=false pass_reason='' fail_reason='life_root_not_stable'
[23:31:36] [STATE][root_check] global_nav_visible=false
[23:31:36] [STATE][root_check] bottom_nav_hits=0
[23:31:36] [STATE][root_check] life_root_like=false
[23:31:36] [STATE][root_check] plugin_detail_like=true
[23:31:36] [RECOVER][state] kind='plugin_detail_like' initial_verify_ok=false initial_verify_reason='life_root_not_stable' app_bar_hits=1 visible_card_hits=0 life_root_signature_present=true navigate_up_hits=0 package_signature_present=false family_care_signature_seen=false
[23:31:36] [RECOVER][decision] skip_back_due_to_global_nav=false state='plugin_detail_like'
[23:31:36] [RECOVER][detail_exit] start
[23:31:36] [RECOVER][detail_exit] back_sent=true
[23:31:38] [SCENARIO][pre_nav][stabilization] phase='recover_detail_exit_back' attempt=1/2 life_selected=false app_bar_hits=4 visible_card_hits=0 global_nav_visible=true bottom_nav_hits=6 root_structure_stable=true life_root_signature_present=true navigate_up_hits=0 family_care_signature_seen=false final_score=3 ok=true pass_reason='global_nav_visible' fail_reason=''
[23:31:39] [RECOVER][post_back_check] inside=true package=true app_bar_hits=4
[23:31:39] [RECOVER][detail_exit] verify_ok=true reason='root_state_stable'
[23:31:39] [RECOVER] success reason='detail_exit_back_verified'
[23:31:39] [SCENARIO][stabilization] scenario='life_home_care_plugin' screen_context_mode='new_screen' stabilization_mode='anchor_only'
[23:31:39] [SCENARIO][pre_nav][stabilization] phase='plugin_start' attempt=1/2 life_selected=false app_bar_hits=4 visible_card_hits=0 global_nav_visible=true bottom_nav_hits=6 root_structure_stable=true life_root_signature_present=true navigate_up_hits=0 family_care_signature_seen=false final_score=3 ok=true pass_reason='global_nav_visible' fail_reason=''
[23:31:39] [PLUGIN_START][life_list_check] ok=true reason='root_state_stable'
[23:31:39] [PLUGIN_START][recover_before_entry] triggered=false
[23:31:39] [PLUGIN_START][recover_before_entry] success=true
[23:31:39] [CONTEXT] skipped reason='new_screen_mode' phase='tab_select'
[23:31:39] [TAB][select] fallback_to_legacy=True scenario='life_home_care_plugin'
[23:31:44] [TRACE][open_scenario] scenario='life_home_care_plugin' stabilization_mode='anchor_only' focus_align_attempted=True focus_align_ok=True focus_align_reason='' context_ok=False anchor_matched=False anchor_stable=False
[23:31:44] [SCENARIO][pre_nav] step=1 action=xml_scroll_search_tap target='(?i)(^home\s*care$|home\s*care\.|\bhomecare\b|홈\s*케어)'
[23:31:44] [XMLENTRY][search] pre_reset scroll_to_top=true
[23:31:49] [XMLENTRY][search] step=0/5 visible_candidates=69 target_candidates=5
[23:31:49] [XMLENTRY][search][top] rank=1 reason='actionable_container' text='' rid='' class='android.widget.RelativeLayout' bounds='42,1858,1038,2316' area_ratio='0.2200' target_match=true match_source='descendant' matched_phrase='home care' negative_plugin_phrase=''
[23:31:49] [XMLENTRY][search][top] rank=2 reason='actionable_container' text='Home Care' rid='com.samsung.android.oneconnect:id/frameLayout' class='android.widget.FrameLayout' bounds='42,1858,1038,2316' area_ratio='0.2200' target_match=true match_source='title' matched_phrase='home care' negative_plugin_phrase=''
[23:31:49] [XMLENTRY][search][top] rank=3 reason='card_like_container' text='' rid='com.samsung.android.oneconnect:id/llCard' class='android.widget.LinearLayout' bounds='42,1858,1038,2316' area_ratio='0.2200' target_match=true match_source='descendant' matched_phrase='home care' negative_plugin_phrase=''
[23:31:49] [XMLENTRY][select] reason='actionable_container' resource='' bounds='42,1858,1038,2316' text='' target_match=true match_source='descendant' matched_phrase='home care'
[23:32:03] [XMLENTRY][result] success=true reason='transition_confirmed'
[23:32:03] [SCENARIO][pre_nav] success step=1 reason='ACTION_ACCESSIBILITY_FOCUS success'
[23:32:05] [SCENARIO][pre_nav] success
[23:32:11] [ANCHOR][fallback] explicit anchor not matched, trying top content fallback
[23:32:11] [ANCHOR][fallback] selected candidate label='Always manage your home appliances optimally, Home Care constantly monitors devices that support AI diagnosis and informs you when they need cleaning, replacing, or other maintenance. Always manage your home appliances optimally, Home Care constantly monitors devices that support AI diagnosis and informs you when they need cleaning, replacing, or other maintenance.' position='top_center'
[23:32:11] [ANCHOR][plugin_fallback] using_top_start_candidate position='top_center'
[23:32:20] [CONTEXT] skipped reason='anchor_only_mode'
[23:32:20] [CONTEXT] skipped reason='anchor_only_mode'
[23:32:20] [CONTEXT] scenario='life_home_care_plugin' type='skipped' expected='' actual='' ok=True
[23:32:20] [ANCHOR][scenario_start] anchor mismatch scenario='life_home_care_plugin'
[23:32:20] [ANCHOR][scenario_start] anchor not stable scenario='life_home_care_plugin'
[23:32:26] [ANCHOR][fallback] explicit anchor not matched, trying top content fallback
[23:32:26] [ANCHOR][fallback] selected candidate label='Always manage your home appliances optimally, Home Care constantly monitors devices that support AI diagnosis and informs you when they need cleaning, replacing, or other maintenance. Always manage your home appliances optimally, Home Care constantly monitors devices that support AI diagnosis and informs you when they need cleaning, replacing, or other maintenance.' position='top_center'
[23:32:26] [ANCHOR][plugin_fallback] using_top_start_candidate position='top_center'
[23:32:36] [CONTEXT] skipped reason='anchor_only_mode'
[23:32:36] [CONTEXT] skipped reason='anchor_only_mode'
[23:32:36] [CONTEXT] scenario='life_home_care_plugin' type='skipped' expected='' actual='' ok=True
[23:32:36] [ANCHOR][scenario_start] anchor mismatch scenario='life_home_care_plugin'
[23:32:36] [ANCHOR][scenario_start] anchor not stable scenario='life_home_care_plugin'
[23:32:36] [TRACE][open_scenario] scenario='life_home_care_plugin' stabilization_mode='anchor_only' focus_align_attempted=True focus_align_ok=True focus_align_reason='' context_ok=False anchor_matched=False anchor_stable=False
[23:32:36] [ANCHOR][scenario_start] stabilization failed but proceeding with low-confidence fallback start scenario='life_home_care_plugin' source='fallback_top_center' reason='fallback_candidate_and_focus_evidence'
[23:32:36] [ANCHOR][plugin_fallback] candidate_label='Always manage your home appliances optimally, Home Care constantly monitors devices that support AI diagnosis and informs you when they need cleaning, replacing, or other maintenance. Always manage your home appliances optimally, Home Care constantly monitors devices that support AI diagnosis and informs you when they need cleaning, replacing, or other maintenance.' candidate_view_id='' reason='new_screen_evidence_confirmed'
[23:32:36] [ANCHOR][plugin_fallback] stabilized_by='post_focus_verified'
[23:32:36] [SCENARIO][start_mode] scenario='life_home_care_plugin' mode='low_confidence_fallback'
[23:32:49] [ENTRY][special_state_check] detected=true signals='long_intro,cta,low_content_diversity,intro_focus,verify_and_special_token' kind='setup_needed_or_empty_state'
[23:32:49] [ENTRY][special_state_check] decision='route_to_special_state' reason='special_state_detected_strong_generic_evidence'
[23:32:49] [ENTRY][special_state_route] handling='back_after_read'
[23:32:49] [ENTRY][special_state_route] main_traversal_skipped=true
[23:32:49] [SCENARIO][special_state] detected scenario='life_home_care_plugin' entry_type='card' kind='setup_needed_or_empty_state' handling='back_after_read' verify_hit=true long_intro_like=true special_hits='smartthings home care,always manage your home appliances optimally,home care constantly monitors devices,ai diagnosis,maintenance' cta_hits='start'
[23:32:51] [SPECIAL_STATE][recover] start
[23:32:51] [RECOVER] start
[23:32:52] [SCENARIO][pre_nav][stabilization] phase='recover_initial_verify' attempt=1/2 life_selected=false app_bar_hits=4 visible_card_hits=0 global_nav_visible=true bottom_nav_hits=6 root_structure_stable=false life_root_signature_present=false navigate_up_hits=0 family_care_signature_seen=true final_score=2 ok=true pass_reason='global_nav_visible' fail_reason=''
[23:32:52] [STATE][root_check] global_nav_visible=true
[23:32:52] [STATE][root_check] bottom_nav_hits=6
[23:32:52] [STATE][root_check] life_root_like=true
[23:32:52] [STATE][root_check] plugin_detail_like=false
[23:32:52] [RECOVER][state] kind='life_root_like' initial_verify_ok=true initial_verify_reason='root_state_stable' app_bar_hits=4 visible_card_hits=0 life_root_signature_present=false navigate_up_hits=0 package_signature_present=true family_care_signature_seen=true
[23:32:52] [RECOVER][decision] skip_back_due_to_global_nav=true state='life_root_like'
[23:32:52] [RECOVER] success reason='already_at_life_root'
[23:32:53] [SPECIAL_STATE][post_recover_check] inside_smartthings=true package=true app_bar_hits=4
[23:32:53] [SPECIAL_STATE][recover] success=true target='life_plugin_list' reason='life_plugin_list_recovered'
[23:32:53] [SCENARIO][entry_contract] handled scenario='life_home_care_plugin' entry_type='card' reason='special_state_handled' detail='onboarding_back_exit_recovered' back_status='back_sent_exit'
[23:32:53] [PERF][scenario_summary] scenario=life_home_care_plugin tab=(?i).*life.* total_runtime=74.2 total_steps=1 main_step_count=1 overlay_step_count=0 overlay_count=0 avg_get_focus=0.0 avg_move=0.0 avg_crop=0.0 avg_step_total=0.0 step_total_sample_count=0 avg_get_focus_main=0.0 avg_get_focus_overlay=0.0 fallback_dump_count=0 success_false_top_level_dump_attempt_count=0 success_false_top_level_dump_found_count=0 fallback_dump_rate=0.0 get_focus_strong_skip_count=0 get_focus_strong_skip_rate=0.0 step_dump_used_count=0 save_excel_count=0 realign_attempt_count=0 realign_success_count=0 realign_success_rate=0.0
[23:32:53] [RESULT] skipped anchor rows count=1
[23:32:53] [SAVE] writing sheets raw/filtered/summary/result
[23:32:53] [SAVE] filtered rows=8, raw rows=10
[23:32:53] [SAVE] saved excel: output/talkback_compare_20260414_232947.xlsx rows=10 with_images=False
[23:32:53] [RECOVER] start
[23:32:54] [SCENARIO][pre_nav][stabilization] phase='recover_initial_verify' attempt=1/2 life_selected=false app_bar_hits=4 visible_card_hits=0 global_nav_visible=true bottom_nav_hits=6 root_structure_stable=false life_root_signature_present=false navigate_up_hits=0 family_care_signature_seen=true final_score=2 ok=true pass_reason='global_nav_visible' fail_reason=''
[23:32:54] [STATE][root_check] global_nav_visible=true
[23:32:54] [STATE][root_check] bottom_nav_hits=6
[23:32:54] [STATE][root_check] life_root_like=true
[23:32:54] [STATE][root_check] plugin_detail_like=false
[23:32:54] [RECOVER][state] kind='life_root_like' initial_verify_ok=true initial_verify_reason='root_state_stable' app_bar_hits=4 visible_card_hits=0 life_root_signature_present=false navigate_up_hits=0 package_signature_present=true family_care_signature_seen=true
[23:32:54] [RECOVER][decision] skip_back_due_to_global_nav=true state='life_root_like'
[23:32:54] [RECOVER] success reason='already_at_life_root'
[23:32:54] [SCENARIO][stabilization] scenario='life_energy_plugin' screen_context_mode='new_screen' stabilization_mode='anchor_only'
[23:32:54] [SCENARIO][pre_nav][stabilization] phase='plugin_start' attempt=1/2 life_selected=false app_bar_hits=4 visible_card_hits=0 global_nav_visible=true bottom_nav_hits=6 root_structure_stable=false life_root_signature_present=false navigate_up_hits=0 family_care_signature_seen=true final_score=2 ok=true pass_reason='global_nav_visible' fail_reason=''
[23:32:54] [PLUGIN_START][life_list_check] ok=true reason='root_state_stable'
[23:32:54] [PLUGIN_START][recover_before_entry] triggered=false
[23:32:54] [PLUGIN_START][recover_before_entry] success=true
[23:32:54] [CONTEXT] skipped reason='new_screen_mode' phase='tab_select'
[23:32:54] [TAB][select] fallback_to_legacy=True scenario='life_energy_plugin'
[23:32:59] [TRACE][open_scenario] scenario='life_energy_plugin' stabilization_mode='anchor_only' focus_align_attempted=True focus_align_ok=True focus_align_reason='' context_ok=False anchor_matched=False anchor_stable=False
[23:33:00] [SCENARIO][pre_nav] step=1 action=xml_scroll_search_tap target='(?i)(^energy$|energy\.|\bsmart\s*energy\b|\benergy\b)'
[23:33:00] [XMLENTRY][search] pre_reset scroll_to_top=true
[23:33:05] [XMLENTRY][search] step=0/5 visible_candidates=69 target_candidates=0
[23:33:05] [XMLENTRY][search][top] rank=1 reason='card_like_container' text='' rid='com.samsung.android.oneconnect:id/app_bar' class='android.widget.LinearLayout' bounds='0,94,1080,310' area_ratio='0.1125' target_match=false match_source='' matched_phrase='' negative_plugin_phrase=''
[23:33:05] [XMLENTRY][search][top] rank=2 reason='card_like_container' text='우리 집, Change location' rid='com.samsung.android.oneconnect:id/small_title_bar' class='android.widget.RelativeLayout' bounds='180,118,810,310' area_ratio='0.0583' target_match=false match_source='' matched_phrase='' negative_plugin_phrase=''
[23:33:05] [XMLENTRY][search][top] rank=3 reason='actionable_container' text='' rid='' class='android.widget.RelativeLayout' bounds='42,310,1038,1042' area_ratio='0.3516' target_match=false match_source='' matched_phrase='' negative_plugin_phrase=''
[23:33:07] [XMLENTRY][scroll] step=0/5 performed=true reason='no_target_candidate'
[23:33:10] [XMLENTRY][search] step=1/5 visible_candidates=61 target_candidates=8
[23:33:10] [XMLENTRY][search][top] rank=1 reason='actionable_container' text='' rid='' class='android.widget.RelativeLayout' bounds='42,644,1038,1376' area_ratio='0.3516' target_match=true match_source='descendant' matched_phrase='Energy Add an appliance to start measuring energy usage. Add an appliance to sta' negative_plugin_phrase=''
[23:33:10] [XMLENTRY][search][top] rank=2 reason='actionable_container' text='Energy' rid='com.samsung.android.oneconnect:id/frameLayout' class='android.widget.FrameLayout' bounds='42,644,1038,1376' area_ratio='0.3516' target_match=true match_source='title' matched_phrase='Energy' negative_plugin_phrase=''
[23:33:10] [XMLENTRY][search][top] rank=3 reason='card_like_container' text='' rid='com.samsung.android.oneconnect:id/llCard' class='android.widget.LinearLayout' bounds='42,644,1038,1376' area_ratio='0.3516' target_match=true match_source='descendant' matched_phrase='Energy' negative_plugin_phrase=''
[23:33:10] [XMLENTRY][select] reason='actionable_container' resource='' bounds='42,644,1038,1376' text='' target_match=true match_source='descendant' matched_phrase='Energy Add an appliance to start measuring energy usage. Add an appliance to sta'
[23:33:18] [XMLENTRY][result] success=true reason='transition_confirmed'
[23:33:18] [SCENARIO][pre_nav] success step=1 reason='ACTION_ACCESSIBILITY_FOCUS success'
[23:33:19] [SCENARIO][pre_nav] success
[23:33:23] [CONTEXT] skipped reason='anchor_only_mode'
[23:33:23] [CONTEXT] skipped reason='anchor_only_mode'
[23:33:23] [CONTEXT] scenario='life_energy_plugin' type='skipped' expected='' actual='' ok=True
[23:33:23] [CONTEXT] verification passed scenario='life_energy_plugin'
[23:33:23] [ANCHOR][scenario_start] success scenario='life_energy_plugin' selected=True matched=True stable=True context_ok=True reason='selected_and_verified'
[23:33:23] [TRACE][open_scenario] scenario='life_energy_plugin' stabilization_mode='anchor_only' focus_align_attempted=True focus_align_ok=True focus_align_reason='' context_ok=False anchor_matched=False anchor_stable=True
[23:33:26] [ENTRY][special_state_check] detected=false signals='long_intro,intro_focus' kind='none'
[23:33:26] [ENTRY][special_state_check] decision='continue_verify'
[23:33:26] [SCENARIO][entry_contract] success scenario='life_energy_plugin' entry_type='card' reason='success_verified' detail='plugin_open_verified'
[23:33:27] [TRACE][post_open_focus] scenario='life_energy_plugin' view_id='back' label='Navigate up' speech='Navigate up' bounds='{'l': 72, 't': 118, 'r': 144, 'b': 310, 'left': 72, 'top': 118, 'right': 144, 'bottom': 310}' source='top_level' top_level=True
[23:33:32] [TRACE][anchor_row] scenario='life_energy_plugin' step=0 view_id='back' visible='Navigate up' speech='Navigate up' normalized_visible='navigate up' is_global_nav=False
[23:33:32] [ROW] fingerprint='back|navigate up|navigate up|108,214' normalized_fingerprint='back|navigate up|navigate up' duplicate=false recent_duplicate=false distance=0 recent_semantic_duplicate=false semantic_distance=0 semantic_window_unique=1 noise=false
[23:33:32] [RESULT] skipped anchor rows count=2
[23:33:32] [SAVE] writing sheets raw/filtered/summary/result
[23:33:32] [SAVE] filtered rows=9, raw rows=11
[23:33:32] [SAVE] saved excel: output/talkback_compare_20260414_232947.xlsx rows=11 with_images=False
[23:33:32] [STEP] START tab='(?i).*life.*' step=1
[23:33:37] [ROW] fingerprint='|energy|energy|552,214' normalized_fingerprint='|energy|energy' duplicate=false recent_duplicate=false distance=0 recent_semantic_duplicate=false semantic_distance=0 semantic_window_unique=2 noise=false
[23:33:37] [STEP] END tab='(?i).*life.*' step=1 elapsed=4.65s move_result='{'success': True, 'status': 'moved', 'detail': 'moved', 'raw': {'timestamp': 1776177214748, 'reqId': '34ce2058', 'success': True, 'status': 'moved', 'detail': 'moved', 'flags': []}}' visible='Energy' speech='Energy' crop='output\talkback_compare_20260414_232947\crops\i_._life._step_1_Energy.png' timing(move=0.524s ann=3.055s get_focus=1.066s get_focus_fallback_dump=0.000s step_dump=0.000s crop=0.552s total=5.198s) focus_reason='' fallback_used=False fallback_found=False step_dump_used=False step_dump_reason='focus_payload_sufficient' req_id='c12263a2'
[23:33:37] [STOP][eval] step=1 scenario='life_energy_plugin' terminal=false same_like_count=0 no_progress=false scenario_type='content' is_global_nav=false after_realign=false recent_repeat=false bounded_two_card_loop=false semantic_same_like=false recent_duplicate=false recent_duplicate_distance=0 recent_semantic_duplicate=false recent_semantic_duplicate_distance=0 recent_semantic_unique_count=2 strict_duplicate=false semantic_duplicate=false repeat_class='none' loop_classification='none' hard_no_progress=false soft_no_progress=false no_progress_class='none' overlay_realign_grace_active=false min_step_gate_blocked=false realign_grace_suppressed=false repeat_stop_hit=false decision='continue' reason='none' stop_explain_version='pr7_explain_v1' stop_explain_input='step:1|move:{'success': true, 'status': 'moved', 'detail': 'moved', 'raw': {'timestamp': 1776177214748, 'reqid': '34ce2058', 'success': true, 'status': 'moved', 'detail': 'moved', 'flags': []}}|smart:moved|same:0|fail:0' stop_explain_repeat='recent:false|class:none|strict:false|semantic:false|loop:none|two_card:false' stop_explain_no_progress='hit:false|class:none|hard:false|soft:false' stop_explain_gate='candidate:false|min_block:false|realign_suppress:false|realign_active:false|decision:continue'
[23:33:37] [STEP] START tab='(?i).*life.*' step=2
[23:33:42] [ROW] fingerprint='more|more options|more options|972,214' normalized_fingerprint='more|more options|more options' duplicate=false recent_duplicate=false distance=0 recent_semantic_duplicate=false semantic_distance=0 semantic_window_unique=3 noise=false
[23:33:42] [STEP] END tab='(?i).*life.*' step=2 elapsed=4.51s move_result='{'success': True, 'status': 'moved', 'detail': 'moved', 'raw': {'timestamp': 1776177219908, 'reqId': 'a9278164', 'success': True, 'status': 'moved', 'detail': 'moved', 'flags': []}}' visible='More options' speech='More options' crop='output\talkback_compare_20260414_232947\crops\i_._life._step_2_More_options.png' timing(move=0.483s ann=2.931s get_focus=1.092s get_focus_fallback_dump=0.000s step_dump=0.000s crop=0.493s total=4.999s) focus_reason='' fallback_used=False fallback_found=False step_dump_used=False step_dump_reason='focus_payload_sufficient' req_id='ae0aa450'
[23:33:42] [STOP][eval] step=2 scenario='life_energy_plugin' terminal=false same_like_count=0 no_progress=false scenario_type='content' is_global_nav=false after_realign=false recent_repeat=false bounded_two_card_loop=false semantic_same_like=false recent_duplicate=false recent_duplicate_distance=0 recent_semantic_duplicate=false recent_semantic_duplicate_distance=0 recent_semantic_unique_count=3 strict_duplicate=false semantic_duplicate=false repeat_class='none' loop_classification='none' hard_no_progress=false soft_no_progress=false no_progress_class='none' overlay_realign_grace_active=false min_step_gate_blocked=false realign_grace_suppressed=false repeat_stop_hit=false decision='continue' reason='none' stop_explain_version='pr7_explain_v1' stop_explain_input='step:2|move:{'success': true, 'status': 'moved', 'detail': 'moved', 'raw': {'timestamp': 1776177219908, 'reqid': 'a9278164', 'success': true, 'status': 'moved', 'detail': 'moved', 'flags': []}}|smart:moved|same:0|fail:0' stop_explain_repeat='recent:false|class:none|strict:false|semantic:false|loop:none|two_card:false' stop_explain_no_progress='hit:false|class:none|hard:false|soft:false' stop_explain_gate='candidate:false|min_block:false|realign_suppress:false|realign_active:false|decision:continue'
[23:33:42] [OVERLAY] candidate matched scenario='life_energy_plugin' tab='(?i).*life.*' step=2 view_id='more' label='More options' reason='matched_scenario_policy'
[23:33:53] [OVERLAY] post_click classification='overlay' scenario='life_energy_plugin' tab='(?i).*life.*' entry_view_id='more' entry_label='More options' post_view_id='addToHomeScreen' post_label='Add to Home screen'
[23:34:06] [RESULT] skipped anchor rows count=2
[23:34:06] [SAVE] writing sheets raw/filtered/summary/result
[23:34:06] [SAVE] filtered rows=14, raw rows=16
[23:34:06] [SAVE] saved excel: output/talkback_compare_20260414_232947.xlsx rows=16 with_images=False
[23:34:19] [OVERLAY][repeat] same_focus_detected=true step=6 view_id='moreInformation' bounds='396,820,1053,970' normalized_visible_label='information' move_result=''
[23:34:19] [OVERLAY][break] reason='same_overlay_fingerprint' step=6
[23:34:19] [RESULT] skipped anchor rows count=2
[23:34:19] [SAVE] writing sheets raw/filtered/summary/result
[23:34:19] [SAVE] filtered rows=16, raw rows=18
[23:34:19] [SAVE] saved excel: output/talkback_compare_20260414_232947.xlsx rows=18 with_images=False
[23:34:22] [RESULT] skipped anchor rows count=2
[23:34:22] [SAVE] writing sheets raw/filtered/summary/result
[23:34:22] [SAVE] filtered rows=16, raw rows=18
[23:34:23] [SAVE] saved excel: output/talkback_compare_20260414_232947.xlsx rows=18 with_images=False
[23:34:26] [OVERLAY] realign status='realign_entry_reached' entry_reached=True steps_taken=2 match_by='view_id'
[23:34:32] [CONTEXT] skipped reason='anchor_only_mode'
[23:34:32] [CONTEXT] skipped reason='anchor_only_mode'
[23:34:32] [CONTEXT] scenario='life_energy_plugin' type='skipped' expected='' actual='' ok=True
[23:34:32] [CONTEXT] verification passed scenario='life_energy_plugin'
[23:34:32] [ANCHOR][overlay_realign] success scenario='life_energy_plugin' selected=True matched=True stable=True context_ok=True reason='selected_and_verified'
[23:34:32] [ANCHOR][overlay_realign] success scenario='life_energy_plugin' reason='overlay_realign_verified'
[23:34:32] [STEP] START tab='(?i).*life.*' step=3
[23:34:37] [ROW] fingerprint='|energy|energy|552,214' normalized_fingerprint='|energy|energy' duplicate=false recent_duplicate=true distance=2 recent_semantic_duplicate=true semantic_distance=2 semantic_window_unique=3 noise=false
[23:34:37] [STEP] END tab='(?i).*life.*' step=3 elapsed=4.46s move_result='{'success': True, 'status': 'moved', 'detail': 'moved', 'raw': {'timestamp': 1776177274199, 'reqId': 'e15db4be', 'success': True, 'status': 'moved', 'detail': 'moved', 'flags': []}}' visible='Energy' speech='Energy' crop='output\talkback_compare_20260414_232947\crops\i_._life._step_3_Energy.png' timing(move=0.538s ann=2.835s get_focus=1.084s get_focus_fallback_dump=0.000s step_dump=0.000s crop=0.538s total=4.996s) focus_reason='' fallback_used=False fallback_found=False step_dump_used=False step_dump_reason='focus_payload_sufficient' req_id='23791efe'
[23:34:37] [STOP][eval] step=3 scenario='life_energy_plugin' terminal=false same_like_count=0 no_progress=false scenario_type='content' is_global_nav=false after_realign=true recent_repeat=false bounded_two_card_loop=false semantic_same_like=false recent_duplicate=true recent_duplicate_distance=2 recent_semantic_duplicate=true recent_semantic_duplicate_distance=2 recent_semantic_unique_count=3 strict_duplicate=false semantic_duplicate=false repeat_class='none' loop_classification='none' hard_no_progress=false soft_no_progress=false no_progress_class='none' overlay_realign_grace_active=false min_step_gate_blocked=false realign_grace_suppressed=false repeat_stop_hit=false decision='continue' reason='none' stop_explain_version='pr7_explain_v1' stop_explain_input='step:3|move:{'success': true, 'status': 'moved', 'detail': 'moved', 'raw': {'timestamp': 1776177274199, 'reqid': 'e15db4be', 'success': true, 'status': 'moved', 'detail': 'moved', 'flags': []}}|smart:moved|same:0|fail:0' stop_explain_repeat='recent:false|class:none|strict:false|semantic:false|loop:none|two_card:false' stop_explain_no_progress='hit:false|class:none|hard:false|soft:false' stop_explain_gate='candidate:false|min_block:false|realign_suppress:false|realign_active:false|decision:continue'
[23:34:37] [RESULT] skipped anchor rows count=2
[23:34:37] [SAVE] writing sheets raw/filtered/summary/result
[23:34:37] [SAVE] filtered rows=16, raw rows=19
[23:34:37] [SAVE] saved excel: output/talkback_compare_20260414_232947.xlsx rows=19 with_images=False
[23:34:37] [STEP] START tab='(?i).*life.*' step=4
[23:34:42] [ROW] fingerprint='more|more options|more options|972,214' normalized_fingerprint='more|more options|more options' duplicate=false recent_duplicate=true distance=2 recent_semantic_duplicate=true semantic_distance=2 semantic_window_unique=3 noise=false
[23:34:42] [STEP] END tab='(?i).*life.*' step=4 elapsed=4.73s move_result='{'success': True, 'status': 'moved', 'detail': 'moved', 'raw': {'timestamp': 1776177279325, 'reqId': 'a6a37803', 'success': True, 'status': 'moved', 'detail': 'moved', 'flags': []}}' visible='More options' speech='More options' crop='output\talkback_compare_20260414_232947\crops\i_._life._step_4_More_options.png' timing(move=0.503s ann=3.128s get_focus=1.103s get_focus_fallback_dump=0.000s step_dump=0.000s crop=0.514s total=5.249s) focus_reason='' fallback_used=False fallback_found=False step_dump_used=False step_dump_reason='focus_payload_sufficient' req_id='1e5e4140'
[23:34:42] [STOP][eval] step=4 scenario='life_energy_plugin' terminal=false same_like_count=0 no_progress=false scenario_type='content' is_global_nav=false after_realign=false recent_repeat=false bounded_two_card_loop=false semantic_same_like=false recent_duplicate=true recent_duplicate_distance=2 recent_semantic_duplicate=true recent_semantic_duplicate_distance=2 recent_semantic_unique_count=3 strict_duplicate=false semantic_duplicate=false repeat_class='none' loop_classification='none' hard_no_progress=false soft_no_progress=false no_progress_class='none' overlay_realign_grace_active=false min_step_gate_blocked=false realign_grace_suppressed=false repeat_stop_hit=false decision='continue' reason='none' stop_explain_version='pr7_explain_v1' stop_explain_input='step:4|move:{'success': true, 'status': 'moved', 'detail': 'moved', 'raw': {'timestamp': 1776177279325, 'reqid': 'a6a37803', 'success': true, 'status': 'moved', 'detail': 'moved', 'flags': []}}|smart:moved|same:0|fail:0' stop_explain_repeat='recent:false|class:none|strict:false|semantic:false|loop:none|two_card:false' stop_explain_no_progress='hit:false|class:none|hard:false|soft:false' stop_explain_gate='candidate:false|min_block:false|realign_suppress:false|realign_active:false|decision:continue'
[23:34:42] [OVERLAY] skip already expanded entry fingerprint='(?i).*life.*|more|more options'
[23:34:42] [STEP] START tab='(?i).*life.*' step=5
[23:34:47] [ROW] fingerprint='|save energy with ai energy mode and earn reward points|save energy with ai energy mode and earn reward points|642,461' normalized_fingerprint='|save energy with ai energy mode and earn reward points|save energy with ai energy mode and earn reward points' duplicate=false recent_duplicate=false distance=0 recent_semantic_duplicate=false semantic_distance=0 semantic_window_unique=4 noise=false
[23:34:47] [STEP] END tab='(?i).*life.*' step=5 elapsed=4.73s move_result='{'success': True, 'status': 'moved', 'detail': 'moved', 'raw': {'timestamp': 1776177284540, 'reqId': 'a255531e', 'success': True, 'status': 'moved', 'detail': 'moved', 'flags': []}}' visible='Save energy with AI Energy Mode and earn reward points' speech='Save energy with AI Energy Mode and earn reward points' crop='output\talkback_compare_20260414_232947\crops\i_._life._step_5_Save_energy_with_AI_Energy_Mode_and_earn.png' timing(move=0.482s ann=3.138s get_focus=1.113s get_focus_fallback_dump=0.000s step_dump=0.000s crop=0.569s total=5.303s) focus_reason='' fallback_used=False fallback_found=False step_dump_used=False step_dump_reason='focus_payload_sufficient' req_id='b0e5a82b'
[23:34:47] [STOP][eval] step=5 scenario='life_energy_plugin' terminal=false same_like_count=0 no_progress=false scenario_type='content' is_global_nav=false after_realign=false recent_repeat=false bounded_two_card_loop=false semantic_same_like=false recent_duplicate=false recent_duplicate_distance=0 recent_semantic_duplicate=false recent_semantic_duplicate_distance=0 recent_semantic_unique_count=4 strict_duplicate=false semantic_duplicate=false repeat_class='none' loop_classification='none' hard_no_progress=false soft_no_progress=false no_progress_class='none' overlay_realign_grace_active=false min_step_gate_blocked=false realign_grace_suppressed=false repeat_stop_hit=false decision='continue' reason='none' stop_explain_version='pr7_explain_v1' stop_explain_input='step:5|move:{'success': true, 'status': 'moved', 'detail': 'moved', 'raw': {'timestamp': 1776177284540, 'reqid': 'a255531e', 'success': true, 'status': 'moved', 'detail': 'moved', 'flags': []}}|smart:moved|same:0|fail:0' stop_explain_repeat='recent:false|class:none|strict:false|semantic:false|loop:none|two_card:false' stop_explain_no_progress='hit:false|class:none|hard:false|soft:false' stop_explain_gate='candidate:false|min_block:false|realign_suppress:false|realign_active:false|decision:continue'
[23:34:47] [STOP][summary] scenario='life_energy_plugin' stop_triggered=false stop_step=5 reason='safety_limit'
[23:34:47] [PERF][scenario_summary] scenario=life_energy_plugin tab=(?i).*life.* total_runtime=113.3 total_steps=11 main_step_count=6 overlay_step_count=5 overlay_count=1 avg_get_focus=0.869 avg_move=0.542 avg_crop=0.547 avg_step_total=5.122 step_total_sample_count=6 avg_get_focus_main=1.085 avg_get_focus_overlay=0.609 fallback_dump_count=0 success_false_top_level_dump_attempt_count=0 success_false_top_level_dump_found_count=0 fallback_dump_rate=0.0 get_focus_strong_skip_count=11 get_focus_strong_skip_rate=100.0 step_dump_used_count=0 save_excel_count=5 realign_attempt_count=1 realign_success_count=1 realign_success_rate=100.0
[23:34:47] [MAIN] skip disabled scenario_id='devices_main' tab='(?i).*devices.*'
[23:34:47] [MAIN] skip disabled scenario_id='life_main' tab='(?i).*life.*'
[23:34:47] [MAIN] skip disabled scenario_id='routines_main' tab='(?i).*routines.*'
[23:34:47] [MAIN] skip disabled scenario_id='menu_main' tab='(?i).*(menu|more).*'
[23:34:47] [MAIN] skip disabled scenario_id='settings_entry_example' tab='(?i).*menu.*'
[23:34:47] [RECOVER] start
[23:34:48] [SCENARIO][pre_nav][stabilization] phase='recover_initial_verify' attempt=1/2 life_selected=false app_bar_hits=1 visible_card_hits=0 global_nav_visible=false bottom_nav_hits=0 root_structure_stable=false life_root_signature_present=true navigate_up_hits=0 family_care_signature_seen=false final_score=1 ok=false pass_reason='' fail_reason='life_root_not_stable'
[23:34:49] [SCENARIO][pre_nav][stabilization] phase='recover_initial_verify' attempt=2/2 life_selected=false app_bar_hits=1 visible_card_hits=0 global_nav_visible=false bottom_nav_hits=0 root_structure_stable=false life_root_signature_present=true navigate_up_hits=0 family_care_signature_seen=false final_score=1 ok=false pass_reason='' fail_reason='life_root_not_stable'
[23:34:49] [STATE][root_check] global_nav_visible=false
[23:34:49] [STATE][root_check] bottom_nav_hits=0
[23:34:49] [STATE][root_check] life_root_like=false
[23:34:49] [STATE][root_check] plugin_detail_like=true
[23:34:49] [RECOVER][state] kind='plugin_detail_like' initial_verify_ok=false initial_verify_reason='life_root_not_stable' app_bar_hits=1 visible_card_hits=0 life_root_signature_present=true navigate_up_hits=0 package_signature_present=false family_care_signature_seen=false
[23:34:49] [RECOVER][decision] skip_back_due_to_global_nav=false state='plugin_detail_like'
[23:34:49] [RECOVER][detail_exit] start
[23:34:49] [RECOVER][detail_exit] back_sent=true
[23:34:51] [SCENARIO][pre_nav][stabilization] phase='recover_detail_exit_back' attempt=1/2 life_selected=false app_bar_hits=5 visible_card_hits=1 global_nav_visible=true bottom_nav_hits=6 root_structure_stable=true life_root_signature_present=true navigate_up_hits=0 family_care_signature_seen=false final_score=3 ok=true pass_reason='global_nav_visible' fail_reason=''
[23:34:52] [RECOVER][post_back_check] inside=true package=true app_bar_hits=5
[23:34:52] [RECOVER][detail_exit] verify_ok=true reason='root_state_stable'
[23:34:52] [RECOVER] success reason='detail_exit_back_verified'
[23:34:52] [SCENARIO][stabilization] scenario='life_pet_care_plugin' screen_context_mode='new_screen' stabilization_mode='anchor_only'
[23:34:52] [SCENARIO][pre_nav][stabilization] phase='plugin_start' attempt=1/2 life_selected=false app_bar_hits=5 visible_card_hits=1 global_nav_visible=true bottom_nav_hits=6 root_structure_stable=true life_root_signature_present=true navigate_up_hits=0 family_care_signature_seen=false final_score=3 ok=true pass_reason='global_nav_visible' fail_reason=''
[23:34:52] [PLUGIN_START][life_list_check] ok=true reason='root_state_stable'
[23:34:52] [PLUGIN_START][recover_before_entry] triggered=false
[23:34:52] [PLUGIN_START][recover_before_entry] success=true
[23:34:52] [CONTEXT] skipped reason='new_screen_mode' phase='tab_select'
[23:34:52] [TAB][select] fallback_to_legacy=True scenario='life_pet_care_plugin'
[23:34:56] [TRACE][open_scenario] scenario='life_pet_care_plugin' stabilization_mode='anchor_only' focus_align_attempted=True focus_align_ok=True focus_align_reason='' context_ok=False anchor_matched=False anchor_stable=False
[23:34:57] [SCENARIO][pre_nav] step=1 action=xml_scroll_search_tap target='(?i)(^pet\s*care$|.*pet\s*care.*|.*펫\s*케어.*)'
[23:34:57] [XMLENTRY][search] pre_reset scroll_to_top=true
[23:35:02] [XMLENTRY][search] step=0/5 visible_candidates=69 target_candidates=0
[23:35:02] [XMLENTRY][search][top] rank=1 reason='card_like_container' text='' rid='com.samsung.android.oneconnect:id/app_bar' class='android.widget.LinearLayout' bounds='0,94,1080,310' area_ratio='0.1125' target_match=false match_source='' matched_phrase='' negative_plugin_phrase=''
[23:35:02] [XMLENTRY][search][top] rank=2 reason='card_like_container' text='우리 집, Change location' rid='com.samsung.android.oneconnect:id/small_title_bar' class='android.widget.RelativeLayout' bounds='180,118,810,310' area_ratio='0.0583' target_match=false match_source='' matched_phrase='' negative_plugin_phrase=''
[23:35:02] [XMLENTRY][search][top] rank=3 reason='actionable_container' text='' rid='' class='android.widget.RelativeLayout' bounds='42,310,1038,1042' area_ratio='0.3516' target_match=false match_source='' matched_phrase='' negative_plugin_phrase='family care'
[23:35:05] [XMLENTRY][scroll] step=0/5 performed=true reason='no_strict_target_candidate'
[23:35:08] [XMLENTRY][search] step=1/5 visible_candidates=61 target_candidates=5
[23:35:08] [XMLENTRY][search][top] rank=1 reason='actionable_container' text='' rid='' class='android.widget.RelativeLayout' bounds='42,1418,1038,2150' area_ratio='0.3516' target_match=true match_source='descendant' matched_phrase='pet care' negative_plugin_phrase=''
[23:35:08] [XMLENTRY][search][top] rank=2 reason='actionable_container' text='Pet Care' rid='com.samsung.android.oneconnect:id/frameLayout' class='android.widget.FrameLayout' bounds='42,1418,1038,2150' area_ratio='0.3516' target_match=true match_source='title' matched_phrase='pet care' negative_plugin_phrase=''
[23:35:08] [XMLENTRY][search][top] rank=3 reason='card_like_container' text='' rid='com.samsung.android.oneconnect:id/llCard' class='android.widget.LinearLayout' bounds='42,1418,1038,2150' area_ratio='0.3516' target_match=true match_source='descendant' matched_phrase='pet care' negative_plugin_phrase=''
[23:35:08] [XMLENTRY][select] reason='actionable_container' resource='' bounds='42,1418,1038,2150' text='' target_match=true match_source='descendant' matched_phrase='pet care'
[23:35:21] [XMLENTRY][result] success=true reason='transition_confirmed'
[23:35:21] [SCENARIO][pre_nav] success step=1 reason='ACTION_ACCESSIBILITY_FOCUS success'
[23:35:23] [SCENARIO][pre_nav] success
[23:35:46] [CONTEXT] skipped reason='anchor_only_mode'
[23:35:46] [CONTEXT] skipped reason='anchor_only_mode'
[23:35:46] [CONTEXT] scenario='life_pet_care_plugin' type='skipped' expected='' actual='' ok=True
[23:35:46] [CONTEXT] verification passed scenario='life_pet_care_plugin'
[23:35:46] [ANCHOR][scenario_start] success scenario='life_pet_care_plugin' selected={'success': True, 'status': 'moved', 'detail': 'ACTION_ACCESSIBILITY_FOCUS success', 'raw': {'timestamp': 1776177345255, 'reqId': '89290104', 'success': True, 'reason': 'ACTION_ACCESSIBILITY_FOCUS success', 'action': 'FOCUS', 'targetName': '(?i).*pet\\s*care.*|.*펫\\s*케어.*', 'targetType': 'a', 'targetIndex': 0, 'attemptedClassName': 'android.webkit.WebView', 'target': {'timestamp': 1776177345255, 'schemaVersion': '1.2.0', 'snapshotBuilderVersion': '1.2.0', 'packageName': 'com.samsung.android.oneconnect', 'className': 'android.webkit.WebView', 'viewIdResourceName': None, 'text': 'PetCare Service Plugin', 'contentDescription': None, 'mergedLabel': 'PetCare Service Plugin', 'talkbackLabel': 'PetCare Service Plugin', 'clickable': False, 'focusable': True, 'focused': True, 'accessibilityFocused': True, 'visibleToUser': True, 'isVisibleToUser': True, 'selected': False, 'checkable': False, 'checked': False, 'enabled': True, 'boundsInScreen': {'l': 0, 't': 94, 'r': 1080, 'b': 2496, 'left': 0, 'top': 94, 'right': 1080, 'bottom': 2496}, 'children': [{'text': '', 'contentDescription': None, 'className': 'android.view.View', 'viewIdResourceName': None, 'clickable': False, 'focusable': False, 'accessibilityFocused': False, 'visibleToUser': True, 'boundsInScreen': {'l': 0, 't': 94, 'r': 1080, 'b': 2496}, 'children': [{'text': '', 'contentDescription': None, 'className': 'android.view.View', 'viewIdResourceName': 'primary', 'clickable': True, 'focusable': False, 'accessibilityFocused': False, 'visibleToUser': True, 'boundsInScreen': {'l': 0, 't': 94, 'r': 1080, 'b': 2496}, 'children': [{'text': '', 'contentDescription': None, 'className': 'android.view.View', 'viewIdResourceName': 'main', 'clickable': False, 'focusable': False, 'accessibilityFocused': False, 'visibleToUser': True, 'boundsInScreen': {'l': 0, 't': 94, 'r': 1080, 'b': 2496}, 'children': [{'text': '', 'contentDescription': None, 'className': 'android.view.View', 'viewIdResourceName': 'welcome-page', 'clickable': False, 'focusable': False, 'accessibilityFocused': False, 'visibleToUser': True, 'boundsInScreen': {'l': 0, 't': 94, 'r': 1080, 'b': 2496}, 'children': []}]}]}]}]}}} matched=True stable=True context_ok=True reason='selected_and_verified'
[23:35:46] [TRACE][open_scenario] scenario='life_pet_care_plugin' stabilization_mode='anchor_only' focus_align_attempted=True focus_align_ok=True focus_align_reason='' context_ok=False anchor_matched=False anchor_stable=True
[23:35:59] [ENTRY][special_state_check] detected=true signals='long_intro,cta,low_content_diversity,intro_focus,verify_and_special_token' kind='setup_needed_or_empty_state'
[23:35:59] [ENTRY][special_state_check] decision='route_to_special_state' reason='special_state_detected_strong_generic_evidence'
[23:35:59] [ENTRY][special_state_route] handling='back_after_read'
[23:35:59] [ENTRY][special_state_route] main_traversal_skipped=true
[23:35:59] [SCENARIO][special_state] detected scenario='life_pet_care_plugin' entry_type='card' kind='setup_needed_or_empty_state' handling='back_after_read' verify_hit=true long_intro_like=true special_hits='petcare service plugin,care for your pet,leaving your pet alone,keep them safe and entertained' cta_hits='start'
[23:36:01] [SPECIAL_STATE][recover] start
[23:36:01] [RECOVER] start
[23:36:02] [SCENARIO][pre_nav][stabilization] phase='recover_initial_verify' attempt=1/2 life_selected=false app_bar_hits=5 visible_card_hits=1 global_nav_visible=true bottom_nav_hits=6 root_structure_stable=true life_root_signature_present=true navigate_up_hits=0 family_care_signature_seen=false final_score=3 ok=true pass_reason='global_nav_visible' fail_reason=''
[23:36:02] [STATE][root_check] global_nav_visible=true
[23:36:02] [STATE][root_check] bottom_nav_hits=6
[23:36:02] [STATE][root_check] life_root_like=true
[23:36:02] [STATE][root_check] plugin_detail_like=false
[23:36:02] [RECOVER][state] kind='life_root_like' initial_verify_ok=true initial_verify_reason='root_state_stable' app_bar_hits=5 visible_card_hits=1 life_root_signature_present=true navigate_up_hits=0 package_signature_present=true family_care_signature_seen=false
[23:36:02] [RECOVER][decision] skip_back_due_to_global_nav=true state='life_root_like'
[23:36:02] [RECOVER] success reason='already_at_life_root'
[23:36:03] [SPECIAL_STATE][post_recover_check] inside_smartthings=true package=true app_bar_hits=5
[23:36:03] [SPECIAL_STATE][recover] success=true target='life_plugin_list' reason='life_plugin_list_recovered'
[23:36:03] [SCENARIO][entry_contract] handled scenario='life_pet_care_plugin' entry_type='card' reason='special_state_handled' detail='onboarding_back_exit_recovered' back_status='back_sent_exit'
[23:36:03] [PERF][scenario_summary] scenario=life_pet_care_plugin tab=(?i).*life.* total_runtime=71.2 total_steps=1 main_step_count=1 overlay_step_count=0 overlay_count=0 avg_get_focus=0.0 avg_move=0.0 avg_crop=0.0 avg_step_total=0.0 step_total_sample_count=0 avg_get_focus_main=0.0 avg_get_focus_overlay=0.0 fallback_dump_count=0 success_false_top_level_dump_attempt_count=0 success_false_top_level_dump_found_count=0 fallback_dump_rate=0.0 get_focus_strong_skip_count=0 get_focus_strong_skip_rate=0.0 step_dump_used_count=0 save_excel_count=0 realign_attempt_count=0 realign_success_count=0 realign_success_rate=0.0
[23:36:03] [RESULT] skipped anchor rows count=2
[23:36:03] [SAVE] writing sheets raw/filtered/summary/result
[23:36:03] [SAVE] filtered rows=18, raw rows=22
[23:36:03] [SAVE] saved excel: output/talkback_compare_20260414_232947.xlsx rows=22 with_images=False
[23:36:03] [RECOVER] start
[23:36:03] [SCENARIO][pre_nav][stabilization] phase='recover_initial_verify' attempt=1/2 life_selected=false app_bar_hits=5 visible_card_hits=1 global_nav_visible=true bottom_nav_hits=6 root_structure_stable=true life_root_signature_present=true navigate_up_hits=0 family_care_signature_seen=false final_score=3 ok=true pass_reason='global_nav_visible' fail_reason=''
[23:36:04] [STATE][root_check] global_nav_visible=true
[23:36:04] [STATE][root_check] bottom_nav_hits=6
[23:36:04] [STATE][root_check] life_root_like=true
[23:36:04] [STATE][root_check] plugin_detail_like=false
[23:36:04] [RECOVER][state] kind='life_root_like' initial_verify_ok=true initial_verify_reason='root_state_stable' app_bar_hits=5 visible_card_hits=1 life_root_signature_present=true navigate_up_hits=0 package_signature_present=true family_care_signature_seen=false
[23:36:04] [RECOVER][decision] skip_back_due_to_global_nav=true state='life_root_like'
[23:36:04] [RECOVER] success reason='already_at_life_root'
[23:36:04] [SCENARIO][stabilization] scenario='life_family_care_plugin' screen_context_mode='new_screen' stabilization_mode='anchor_only'
[23:36:04] [SCENARIO][pre_nav][stabilization] phase='plugin_start' attempt=1/2 life_selected=false app_bar_hits=5 visible_card_hits=1 global_nav_visible=true bottom_nav_hits=6 root_structure_stable=true life_root_signature_present=true navigate_up_hits=0 family_care_signature_seen=false final_score=3 ok=true pass_reason='global_nav_visible' fail_reason=''
[23:36:04] [PLUGIN_START][life_list_check] ok=true reason='root_state_stable'
[23:36:04] [PLUGIN_START][recover_before_entry] triggered=false
[23:36:04] [PLUGIN_START][recover_before_entry] success=true
[23:36:04] [CONTEXT] skipped reason='new_screen_mode' phase='tab_select'
[23:36:04] [TAB][select] fallback_to_legacy=True scenario='life_family_care_plugin'
[23:36:09] [TRACE][open_scenario] scenario='life_family_care_plugin' stabilization_mode='anchor_only' focus_align_attempted=True focus_align_ok=True focus_align_reason='' context_ok=False anchor_matched=False anchor_stable=False
[23:36:10] [SCENARIO][pre_nav] step=1 action=xml_scroll_search_tap target='(?i)(^family\s*care$|.*family\s*care.*|.*패밀리\s*케어.*)'
[23:36:10] [XMLENTRY][search] pre_reset scroll_to_top=true
[23:36:15] [XMLENTRY][search] step=0/5 visible_candidates=69 target_candidates=5
[23:36:15] [XMLENTRY][search][top] rank=1 reason='actionable_container' text='' rid='' class='android.widget.RelativeLayout' bounds='42,310,1038,1042' area_ratio='0.3516' target_match=true match_source='descendant' matched_phrase='family care' negative_plugin_phrase=''
[23:36:15] [XMLENTRY][search][top] rank=2 reason='actionable_container' text='Family Care' rid='com.samsung.android.oneconnect:id/frameLayout' class='android.widget.FrameLayout' bounds='42,310,1038,1042' area_ratio='0.3516' target_match=true match_source='title' matched_phrase='family care' negative_plugin_phrase=''
[23:36:15] [XMLENTRY][search][top] rank=3 reason='card_like_container' text='' rid='com.samsung.android.oneconnect:id/llCard' class='android.widget.LinearLayout' bounds='42,310,1038,1042' area_ratio='0.3516' target_match=true match_source='descendant' matched_phrase='family care' negative_plugin_phrase=''
[23:36:15] [XMLENTRY][select] reason='actionable_container' resource='' bounds='42,310,1038,1042' text='' target_match=true match_source='descendant' matched_phrase='family care'
[23:36:17] [XMLENTRY][result] success=true reason='transition_confirmed'
[23:36:17] [SCENARIO][pre_nav] success step=1 reason='ACTION_ACCESSIBILITY_FOCUS success'
[23:36:18] [SCENARIO][pre_nav] success
[23:36:23] [CONTEXT] skipped reason='anchor_only_mode'
[23:36:23] [CONTEXT] skipped reason='anchor_only_mode'
[23:36:23] [CONTEXT] scenario='life_family_care_plugin' type='skipped' expected='' actual='' ok=True
[23:36:23] [CONTEXT] verification passed scenario='life_family_care_plugin'
[23:36:23] [ANCHOR][scenario_start] success scenario='life_family_care_plugin' selected={'success': False, 'status': 'failed', 'detail': 'ACTION_ACCESSIBILITY_FOCUS failed (resourceId=null, class=android.widget.ImageButton)', 'raw': {'timestamp': 1776177382552, 'reqId': '4e83abfa', 'success': False, 'reason': 'ACTION_ACCESSIBILITY_FOCUS failed (resourceId=null, class=android.widget.ImageButton)', 'action': 'FOCUS', 'targetName': '(?i).*navigate\\s*up.*', 'targetType': 'a', 'targetIndex': 0, 'attemptedClassName': 'android.widget.ImageButton', 'target': {'timestamp': 1776177382552, 'schemaVersion': '1.2.0', 'snapshotBuilderVersion': '1.2.0', 'packageName': 'com.samsung.android.oneconnect', 'className': 'android.widget.ImageButton', 'viewIdResourceName': None, 'text': None, 'contentDescription': 'Navigate up', 'mergedLabel': 'Navigate up', 'talkbackLabel': 'Navigate up', 'clickable': True, 'focusable': True, 'focused': False, 'accessibilityFocused': True, 'visibleToUser': True, 'isVisibleToUser': True, 'selected': False, 'checkable': False, 'checked': False, 'enabled': True, 'boundsInScreen': {'l': 0, 't': 118, 'r': 180, 'b': 310, 'left': 0, 'top': 118, 'right': 180, 'bottom': 310}, 'children': []}}} matched=True stable=True context_ok=True reason='verified_without_select'
[23:36:23] [TRACE][open_scenario] scenario='life_family_care_plugin' stabilization_mode='anchor_only' focus_align_attempted=True focus_align_ok=True focus_align_reason='' context_ok=False anchor_matched=False anchor_stable=True
[23:36:25] [ENTRY][special_state_check] detected=true signals='long_intro,cta,top_chrome_intro_cta' kind='setup_needed_or_empty_state'
[23:36:25] [ENTRY][special_state_check] decision='keep_success_path'
[23:36:25] [SCENARIO][entry_contract] success scenario='life_family_care_plugin' entry_type='card' reason='success_verified' detail='plugin_open_verified'
[23:36:25] [TRACE][post_open_focus] scenario='life_family_care_plugin' view_id='' label='Navigate up' speech='Navigate up' bounds='{'l': 0, 't': 118, 'r': 180, 'b': 310, 'left': 0, 'top': 118, 'right': 180, 'bottom': 310}' source='top_level' top_level=True
[23:36:30] [TRACE][anchor_row] scenario='life_family_care_plugin' step=0 view_id='' visible='Navigate up' speech='Navigate up' normalized_visible='navigate up' is_global_nav=False
[23:36:31] [ROW] fingerprint='|navigate up|navigate up|90,214' normalized_fingerprint='|navigate up|navigate up' duplicate=false recent_duplicate=false distance=0 recent_semantic_duplicate=false semantic_distance=0 semantic_window_unique=1 noise=false
[23:36:31] [RESULT] skipped anchor rows count=3
[23:36:31] [SAVE] writing sheets raw/filtered/summary/result
[23:36:31] [SAVE] filtered rows=19, raw rows=23
[23:36:31] [SAVE] saved excel: output/talkback_compare_20260414_232947.xlsx rows=23 with_images=False
[23:36:31] [STEP] START tab='(?i).*life.*' step=1
[23:36:37] [ROW] fingerprint='|family care|family care|357,213' normalized_fingerprint='|family care|family care' duplicate=false recent_duplicate=false distance=0 recent_semantic_duplicate=false semantic_distance=0 semantic_window_unique=2 noise=false
[23:36:37] [STEP] END tab='(?i).*life.*' step=1 elapsed=5.11s move_result='{'success': True, 'status': 'moved', 'detail': 'moved', 'raw': {'timestamp': 1776177394250, 'reqId': '53e07952', 'success': True, 'status': 'moved', 'detail': 'moved', 'flags': []}}' visible='Family Care' speech='Family Care' crop='output\talkback_compare_20260414_232947\crops\i_._life._step_1_Family_Care.png' timing(move=1.180s ann=2.942s get_focus=0.984s get_focus_fallback_dump=0.000s step_dump=0.000s crop=0.544s total=5.651s) focus_reason='' fallback_used=False fallback_found=False step_dump_used=False step_dump_reason='focus_payload_sufficient' req_id='79336a05'
[23:36:37] [STOP][eval] step=1 scenario='life_family_care_plugin' terminal=false same_like_count=0 no_progress=false scenario_type='content' is_global_nav=false after_realign=false recent_repeat=false bounded_two_card_loop=false semantic_same_like=false recent_duplicate=false recent_duplicate_distance=0 recent_semantic_duplicate=false recent_semantic_duplicate_distance=0 recent_semantic_unique_count=2 strict_duplicate=false semantic_duplicate=false repeat_class='none' loop_classification='none' hard_no_progress=false soft_no_progress=false no_progress_class='none' overlay_realign_grace_active=false min_step_gate_blocked=false realign_grace_suppressed=false repeat_stop_hit=false decision='continue' reason='none' stop_explain_version='pr7_explain_v1' stop_explain_input='step:1|move:{'success': true, 'status': 'moved', 'detail': 'moved', 'raw': {'timestamp': 1776177394250, 'reqid': '53e07952', 'success': true, 'status': 'moved', 'detail': 'moved', 'flags': []}}|smart:moved|same:0|fail:0' stop_explain_repeat='recent:false|class:none|strict:false|semantic:false|loop:none|two_card:false' stop_explain_no_progress='hit:false|class:none|hard:false|soft:false' stop_explain_gate='candidate:false|min_block:false|realign_suppress:false|realign_active:false|decision:continue'
[23:36:37] [OVERLAY] blocked no_overlay_policy scenario='life_family_care_plugin' tab='(?i).*life.*' step=1
[23:36:37] [STEP] START tab='(?i).*life.*' step=2
[23:36:37] [RESULT] skipped anchor rows count=3
[23:36:37] [SAVE] writing sheets raw/filtered/summary/result
[23:36:37] [SAVE] filtered rows=20, raw rows=24
[23:36:38] [SAVE] saved excel: output/talkback_compare_20260414_232947.xlsx rows=24 with_images=True
[23:36:38] [MAIN] final save complete
[23:36:38] [PERF][run_summary] total_runtime=409.3 total_scenarios=5 total_steps=24 total_overlay_count=2 avg_get_focus=0.855 avg_move=0.486 fallback_dump_count=0 success_false_top_level_dump_attempt_count=0 success_false_top_level_dump_found_count=0 fallback_dump_rate=0.0 get_focus_strong_skip_rate=91.7 realign_success_rate=100.0 save_excel_count=14
