[20:43:38] [SAVE][temp] override tmp='D:\Python test\talkback-a11y-helper\output\.tmp' temp='D:\Python test\talkback-a11y-helper\output\.tmp' applied=true
[20:43:38] [MAIN] script start (version=1.7.81, log_level=NORMAL)
[20:43:40] [PREFLIGHT] talkback status='enabled'
[20:43:40] [MAIN] output file: output/talkback_compare_20260415_204338.xlsx
[20:43:40] [MAIN] image dir base: output\talkback_compare_20260415_204338
[20:43:40] [CONFIG] runtime config loaded path='config\runtime_config.json'
[20:43:40] [GLOBAL_NAV][guard] forcing stabilization_mode='tab_context' scenario='global_nav_main' requested='anchor_then_context'
[20:43:40] [CONFIG] scenario resolved scenario='global_nav_main' group='main_tabs' max_steps=10 enabled=False
[20:43:40] [CONFIG] applied shared_navigation='default_global_nav'
[20:43:40] [CONFIG] scenario enabled scenario='global_nav_main' source='runtime' enabled=False base_enabled=False
[20:43:40] [CONFIG] scenario resolved scenario='home_main' group='main_tabs' max_steps=5 enabled=False
[20:43:40] [CONFIG] applied shared_navigation='bottom_tab_global_nav'
[20:43:40] [CONFIG] scenario enabled scenario='home_main' source='runtime' enabled=False base_enabled=False
[20:43:40] [CONFIG] scenario resolved scenario='life_food_plugin' group='plugin_screen' max_steps=5 enabled=False
[20:43:40] [CONFIG] applied pre_navigation_ref='enter_food_plugin'
[20:43:40] [CONFIG] scenario enabled scenario='life_food_plugin' source='runtime' enabled=False base_enabled=False
[20:43:40] [CONFIG] scenario resolved scenario='life_air_care_plugin' group='-' max_steps=10 enabled=True
[20:43:40] [CONFIG] scenario enabled scenario='life_air_care_plugin' source='runtime' enabled=True base_enabled=False
[20:43:40] [CONFIG] scenario resolved scenario='life_home_care_plugin' group='-' max_steps=10 enabled=True
[20:43:40] [CONFIG] scenario enabled scenario='life_home_care_plugin' source='runtime' enabled=True base_enabled=False
[20:43:40] [CONFIG] scenario resolved scenario='life_energy_plugin' group='-' max_steps=1 enabled=True
[20:43:40] [CONFIG] scenario enabled scenario='life_energy_plugin' source='runtime' enabled=True base_enabled=False
[20:43:40] [CONFIG] scenario resolved scenario='devices_main' group='main_tabs' max_steps=10 enabled=False
[20:43:40] [CONFIG] applied shared_navigation='bottom_tab_global_nav'
[20:43:40] [CONFIG] applied anchor_ref='home_tab_anchor'
[20:43:40] [CONFIG] scenario enabled scenario='devices_main' source='runtime' enabled=False base_enabled=False
[20:43:40] [CONFIG] scenario resolved scenario='life_main' group='main_tabs' max_steps=30 enabled=False
[20:43:40] [CONFIG] applied shared_navigation='bottom_tab_global_nav'
[20:43:40] [CONFIG] scenario enabled scenario='life_main' source='runtime' enabled=False base_enabled=False
[20:43:40] [CONFIG] scenario resolved scenario='routines_main' group='main_tabs' max_steps=30 enabled=False
[20:43:40] [CONFIG] applied shared_navigation='bottom_tab_global_nav'
[20:43:40] [CONFIG] scenario enabled scenario='routines_main' source='runtime' enabled=False base_enabled=False
[20:43:40] [CONFIG] scenario resolved scenario='menu_main' group='main_tabs' max_steps=30 enabled=False
[20:43:40] [CONFIG] applied shared_navigation='bottom_tab_global_nav'
[20:43:40] [CONFIG] scenario enabled scenario='menu_main' source='runtime' enabled=False base_enabled=False
[20:43:40] [CONFIG] scenario resolved scenario='settings_entry_example' group='plugin_screen' max_steps=5 enabled=False
[20:43:40] [CONFIG] applied anchor_ref='settings_button_anchor'
[20:43:40] [CONFIG] applied pre_navigation_ref='enter_settings'
[20:43:40] [CONFIG] scenario enabled scenario='settings_entry_example' source='runtime' enabled=False base_enabled=False
[20:43:40] [CONFIG] scenario resolved scenario='life_pet_care_plugin' group='-' max_steps=1 enabled=True
[20:43:40] [CONFIG] scenario enabled scenario='life_pet_care_plugin' source='runtime' enabled=True base_enabled=False
[20:43:40] [CONFIG] scenario resolved scenario='life_family_care_plugin' group='-' max_steps=1 enabled=True
[20:43:40] [CONFIG] scenario enabled scenario='life_family_care_plugin' source='runtime' enabled=True base_enabled=False
[20:43:40] [CONFIG] scenario resolved scenario='life_plant_care_plugin' group='-' max_steps=1 enabled=True
[20:43:40] [CONFIG] scenario enabled scenario='life_plant_care_plugin' source='runtime' enabled=True base_enabled=False
[20:43:40] [CONFIG] scenario resolved scenario='life_clothing_care_plugin' group='-' max_steps=1 enabled=True
[20:43:40] [CONFIG] scenario enabled scenario='life_clothing_care_plugin' source='runtime' enabled=True base_enabled=False
[20:43:40] [CONFIG] scenario resolved scenario='life_find_plugin' group='-' max_steps=1 enabled=True
[20:43:40] [CONFIG] scenario enabled scenario='life_find_plugin' source='runtime' enabled=True base_enabled=False
[20:43:40] [CONFIG] scenario resolved scenario='life_video_plugin' group='-' max_steps=1 enabled=True
[20:43:40] [CONFIG] scenario enabled scenario='life_video_plugin' source='runtime' enabled=True base_enabled=False
[20:43:40] [CONFIG] scenario resolved scenario='life_home_monitor_plugin' group='-' max_steps=1 enabled=True
[20:43:40] [CONFIG] scenario enabled scenario='life_home_monitor_plugin' source='runtime' enabled=True base_enabled=False
[20:43:40] [CONFIG] scenario resolved scenario='life_music_sync_plugin' group='-' max_steps=1 enabled=True
[20:43:40] [CONFIG] scenario enabled scenario='life_music_sync_plugin' source='runtime' enabled=True base_enabled=False
[20:43:40] [MAIN] skip disabled scenario_id='global_nav_main' tab='(?i).*(home|devices|life|routines|menu).*'
[20:43:40] [MAIN] skip disabled scenario_id='home_main' tab='(?i).*home.*'
[20:43:40] [MAIN] skip disabled scenario_id='life_food_plugin' tab='(?i).*life.*'
[20:43:40] [SCENARIO][stabilization] scenario='life_air_care_plugin' screen_context_mode='new_screen' stabilization_mode='anchor_only'
[20:43:41] [STATE][root_gate] global_nav_visible=true
[20:43:41] [STATE][root_gate] detail_residue_present=true
[20:43:41] [STATE][root_gate] fast_pass_allowed=false
[20:43:41] [STATE][residue] internal_toolbar_hits=0
[20:43:41] [STATE][residue] internal_action_hits=5
[20:43:41] [STATE][residue] plugin_signature_hits=2
[20:43:41] [STATE][residue] visible_card_hits=0
[20:43:41] [SCENARIO][pre_nav][stabilization] phase='plugin_start' attempt=1/2 life_selected=false app_bar_hits=4 visible_card_hits=0 global_nav_visible=true bottom_nav_hits=6 root_structure_stable=false life_root_signature_present=false navigate_up_hits=0 detail_residue_present=true fast_pass_allowed=false family_care_signature_seen=true final_score=2 ok=false pass_reason='' fail_reason='detail_residue_detected'
[20:43:41] [STATE][root_gate] global_nav_visible=true
[20:43:41] [STATE][root_gate] detail_residue_present=true
[20:43:41] [STATE][root_gate] fast_pass_allowed=false
[20:43:41] [STATE][residue] internal_toolbar_hits=0
[20:43:41] [STATE][residue] internal_action_hits=5
[20:43:41] [STATE][residue] plugin_signature_hits=2
[20:43:41] [STATE][residue] visible_card_hits=0
[20:43:41] [SCENARIO][pre_nav][stabilization] phase='plugin_start' attempt=2/2 life_selected=false app_bar_hits=4 visible_card_hits=0 global_nav_visible=true bottom_nav_hits=6 root_structure_stable=false life_root_signature_present=false navigate_up_hits=0 detail_residue_present=true fast_pass_allowed=false family_care_signature_seen=true final_score=2 ok=false pass_reason='' fail_reason='detail_residue_detected'
[20:43:41] [PLUGIN_START][life_list_check] ok=false reason='detail_residue_detected'
[20:43:41] [PLUGIN_START][recover_before_entry] triggered=true
[20:43:41] [RECOVER] start
[20:43:42] [STATE][root_gate] global_nav_visible=true
[20:43:42] [STATE][root_gate] detail_residue_present=true
[20:43:42] [STATE][root_gate] fast_pass_allowed=false
[20:43:42] [STATE][residue] internal_toolbar_hits=0
[20:43:42] [STATE][residue] internal_action_hits=5
[20:43:42] [STATE][residue] plugin_signature_hits=2
[20:43:42] [STATE][residue] visible_card_hits=0
[20:43:42] [SCENARIO][pre_nav][stabilization] phase='recover_initial_verify' attempt=1/2 life_selected=false app_bar_hits=4 visible_card_hits=0 global_nav_visible=true bottom_nav_hits=6 root_structure_stable=false life_root_signature_present=false navigate_up_hits=0 detail_residue_present=true fast_pass_allowed=false family_care_signature_seen=true final_score=2 ok=false pass_reason='' fail_reason='detail_residue_detected'
[20:43:43] [STATE][root_gate] global_nav_visible=true
[20:43:43] [STATE][root_gate] detail_residue_present=true
[20:43:43] [STATE][root_gate] fast_pass_allowed=false
[20:43:43] [STATE][residue] internal_toolbar_hits=0
[20:43:43] [STATE][residue] internal_action_hits=5
[20:43:43] [STATE][residue] plugin_signature_hits=2
[20:43:43] [STATE][residue] visible_card_hits=0
[20:43:43] [SCENARIO][pre_nav][stabilization] phase='recover_initial_verify' attempt=2/2 life_selected=false app_bar_hits=4 visible_card_hits=0 global_nav_visible=true bottom_nav_hits=6 root_structure_stable=false life_root_signature_present=false navigate_up_hits=0 detail_residue_present=true fast_pass_allowed=false family_care_signature_seen=true final_score=2 ok=false pass_reason='' fail_reason='detail_residue_detected'
[20:43:44] [STATE][focus_check] focus_present=true
[20:43:44] [STATE][focus_check] accessibility_focus_present=true
[20:43:44] [STATE][state_hint] plugin_internal_evidence=score:3,detail:2,content:21
[20:43:44] [STATE][state_hint] recent_plugin_context=true
[20:43:44] [STATE][root_check] global_nav_visible=true
[20:43:44] [STATE][root_check] bottom_nav_hits=6
[20:43:44] [STATE][root_check] life_root_like=true
[20:43:44] [STATE][root_gate] global_nav_visible=true
[20:43:44] [STATE][root_gate] detail_residue_present=true
[20:43:44] [STATE][root_gate] fast_pass_allowed=false
[20:43:44] [STATE][residue] internal_toolbar_hits=0
[20:43:44] [STATE][residue] internal_action_hits=5
[20:43:44] [STATE][residue] plugin_signature_hits=2
[20:43:44] [STATE][residue] visible_card_hits=0
[20:43:44] [STATE][root_check] plugin_detail_like=false
[20:43:44] [STATE][root_check] plugin_detail_unfocused_like=false
[20:43:44] [RECOVER][state] kind='life_root_like' initial_verify_ok=false initial_verify_reason='detail_residue_detected' app_bar_hits=4 visible_card_hits=0 life_root_signature_present=false navigate_up_hits=0 package_signature_present=true family_care_signature_seen=true detail_residue_present=true fast_pass_allowed=false
[20:43:44] [RECOVER][strategy] fast_pass_allowed=false
[20:43:44] [RECOVER][strategy] root_fast_pass=false
[20:43:44] [RECOVER][strategy] blocked_root_fast_pass_due_to_residue=true
[20:43:44] [RECOVER][strategy] post_plugin_back_first=false
[20:43:44] [RECOVER][strategy] main_steps_completed=0
[20:43:44] [RECOVER][strategy] stop_reason='none'
[20:43:44] [RECOVER][decision] skip_back_due_to_global_nav_allowed=false
[20:43:44] [RECOVER][decision] residue_clear_required=true
[20:43:44] [RECOVER][residue_clear] start
[20:43:44] [RECOVER][residue_clear] back_sent=true
[20:43:46] [STATE][root_gate] global_nav_visible=false
[20:43:46] [STATE][root_gate] detail_residue_present=true
[20:43:46] [STATE][root_gate] fast_pass_allowed=false
[20:43:46] [STATE][residue] internal_toolbar_hits=0
[20:43:46] [STATE][residue] internal_action_hits=4
[20:43:46] [STATE][residue] plugin_signature_hits=0
[20:43:46] [STATE][residue] visible_card_hits=0
[20:43:46] [SCENARIO][pre_nav][stabilization] phase='recover_residue_clear_back' attempt=1/2 life_selected=false app_bar_hits=0 visible_card_hits=0 global_nav_visible=false bottom_nav_hits=0 root_structure_stable=false life_root_signature_present=true navigate_up_hits=0 detail_residue_present=true fast_pass_allowed=false family_care_signature_seen=false final_score=1 ok=false pass_reason='' fail_reason='detail_residue_detected'
[20:43:46] [STATE][root_gate] global_nav_visible=false
[20:43:46] [STATE][root_gate] detail_residue_present=true
[20:43:46] [STATE][root_gate] fast_pass_allowed=false
[20:43:46] [STATE][residue] internal_toolbar_hits=0
[20:43:46] [STATE][residue] internal_action_hits=4
[20:43:46] [STATE][residue] plugin_signature_hits=0
[20:43:46] [STATE][residue] visible_card_hits=0
[20:43:46] [SCENARIO][pre_nav][stabilization] phase='recover_residue_clear_back' attempt=2/2 life_selected=false app_bar_hits=0 visible_card_hits=0 global_nav_visible=false bottom_nav_hits=0 root_structure_stable=false life_root_signature_present=true navigate_up_hits=0 detail_residue_present=true fast_pass_allowed=false family_care_signature_seen=false final_score=1 ok=false pass_reason='' fail_reason='detail_residue_detected'
[20:43:46] [RECOVER][residue_clear] verify_ok=false reason='detail_residue_detected'
[20:43:46] [RECOVER][residue_clear] fallback_to_classifier=true
[20:43:46] [RECOVER][decision] use_detail_exit_due_to_unfocused_internal=false
[20:43:46] [RECOVER][decision] skip_back_due_to_global_nav=false state='life_root_like'
[20:43:47] [RECOVER][post_back_check] inside=false package=false app_bar_hits=0
[20:43:47] [RECOVER][abort] app_exit_detected_after_back
[20:43:47] [RECOVER] failed reason='outside_app_no_fallback'
[20:43:47] [PLUGIN_START][recover_before_entry] retry=1/2 reason='recover_to_start_state_failed'
[20:43:47] [RECOVER] start
[20:43:47] [STATE][root_gate] global_nav_visible=false
[20:43:47] [STATE][root_gate] detail_residue_present=true
[20:43:47] [STATE][root_gate] fast_pass_allowed=false
[20:43:47] [STATE][residue] internal_toolbar_hits=0
[20:43:47] [STATE][residue] internal_action_hits=4
[20:43:47] [STATE][residue] plugin_signature_hits=0
[20:43:47] [STATE][residue] visible_card_hits=0
[20:43:47] [SCENARIO][pre_nav][stabilization] phase='recover_initial_verify' attempt=1/2 life_selected=false app_bar_hits=0 visible_card_hits=0 global_nav_visible=false bottom_nav_hits=0 root_structure_stable=false life_root_signature_present=true navigate_up_hits=0 detail_residue_present=true fast_pass_allowed=false family_care_signature_seen=false final_score=1 ok=false pass_reason='' fail_reason='detail_residue_detected'
[20:43:48] [STATE][root_gate] global_nav_visible=false
[20:43:48] [STATE][root_gate] detail_residue_present=true
[20:43:48] [STATE][root_gate] fast_pass_allowed=false
[20:43:48] [STATE][residue] internal_toolbar_hits=0
[20:43:48] [STATE][residue] internal_action_hits=4
[20:43:48] [STATE][residue] plugin_signature_hits=0
[20:43:48] [STATE][residue] visible_card_hits=0
[20:43:48] [SCENARIO][pre_nav][stabilization] phase='recover_initial_verify' attempt=2/2 life_selected=false app_bar_hits=0 visible_card_hits=0 global_nav_visible=false bottom_nav_hits=0 root_structure_stable=false life_root_signature_present=true navigate_up_hits=0 detail_residue_present=true fast_pass_allowed=false family_care_signature_seen=false final_score=1 ok=false pass_reason='' fail_reason='detail_residue_detected'
[20:43:48] [SAVE] skip: no rows
[20:43:48] [MAIN] final save complete
[20:43:48] [PERF][run_summary] total_runtime=8.2 total_scenarios=1 total_steps=0 total_overlay_count=0 avg_get_focus=0.0 avg_move=0.0 fallback_dump_count=0 success_false_top_level_dump_attempt_count=0 success_false_top_level_dump_found_count=0 fallback_dump_rate=0.0 get_focus_strong_skip_rate=0.0 realign_success_rate=0.0 save_excel_count=1
