[19:08:02] [SAVE][temp] override tmp='D:\Python test\talkback-a11y-helper\output\.tmp' temp='D:\Python test\talkback-a11y-helper\output\.tmp' applied=true
[19:08:02] [MAIN] script start (version=1.7.99, log_level=NORMAL)
[19:08:04] [PREFLIGHT] talkback status='enabled'
[19:08:04] [MAIN] output file: output/talkback_compare_20260421_190802.xlsx
[19:08:04] [MAIN] image dir base: output\talkback_compare_20260421_190802
[19:08:04] [CONFIG] runtime config loaded path='config\runtime_config.json'
[19:08:04] [GLOBAL_NAV][guard] forcing stabilization_mode='tab_context' scenario='global_nav_main' requested='anchor_then_context'
[19:08:04] [CONFIG] scenario resolved scenario='global_nav_main' group='main_tabs' max_steps=10 enabled=False
[19:08:04] [CONFIG] applied shared_navigation='default_global_nav'
[19:08:04] [CONFIG] scenario enabled scenario='global_nav_main' source='runtime' enabled=False base_enabled=False
[19:08:04] [CONFIG] scenario resolved scenario='home_main' group='main_tabs' max_steps=10 enabled=False
[19:08:04] [CONFIG] applied shared_navigation='bottom_tab_global_nav'
[19:08:04] [CONFIG] scenario enabled scenario='home_main' source='runtime' enabled=False base_enabled=False
[19:08:04] [CONFIG] scenario resolved scenario='life_food_plugin' group='plugin_screen' max_steps=50 enabled=False
[19:08:04] [CONFIG] applied pre_navigation_ref='enter_food_plugin'
[19:08:04] [CONFIG] scenario enabled scenario='life_food_plugin' source='runtime' enabled=False base_enabled=False
[19:08:04] [CONFIG] scenario resolved scenario='life_air_care_plugin' group='-' max_steps=50 enabled=False
[19:08:04] [CONFIG] scenario enabled scenario='life_air_care_plugin' source='runtime' enabled=False base_enabled=False
[19:08:04] [CONFIG] scenario resolved scenario='life_home_care_plugin' group='-' max_steps=50 enabled=False
[19:08:04] [CONFIG] scenario enabled scenario='life_home_care_plugin' source='runtime' enabled=False base_enabled=False
[19:08:04] [CONFIG] scenario resolved scenario='life_energy_plugin' group='-' max_steps=50 enabled=False
[19:08:04] [CONFIG] scenario enabled scenario='life_energy_plugin' source='runtime' enabled=False base_enabled=False
[19:08:04] [CONFIG] scenario resolved scenario='devices_main' group='main_tabs' max_steps=10 enabled=False
[19:08:04] [CONFIG] applied shared_navigation='bottom_tab_global_nav'
[19:08:04] [CONFIG] applied anchor_ref='home_tab_anchor'
[19:08:04] [CONFIG] scenario enabled scenario='devices_main' source='runtime' enabled=False base_enabled=False
[19:08:04] [CONFIG] scenario resolved scenario='life_main' group='main_tabs' max_steps=50 enabled=False
[19:08:04] [CONFIG] applied shared_navigation='bottom_tab_global_nav'
[19:08:04] [CONFIG] scenario enabled scenario='life_main' source='runtime' enabled=False base_enabled=False
[19:08:04] [CONFIG] scenario resolved scenario='routines_main' group='main_tabs' max_steps=10 enabled=False
[19:08:04] [CONFIG] applied shared_navigation='bottom_tab_global_nav'
[19:08:04] [CONFIG] scenario enabled scenario='routines_main' source='runtime' enabled=False base_enabled=False
[19:08:04] [CONFIG] scenario resolved scenario='menu_main' group='main_tabs' max_steps=50 enabled=False
[19:08:04] [CONFIG] applied shared_navigation='bottom_tab_global_nav'
[19:08:04] [CONFIG] scenario enabled scenario='menu_main' source='runtime' enabled=False base_enabled=False
[19:08:04] [CONFIG] scenario resolved scenario='settings_entry_example' group='plugin_screen' max_steps=50 enabled=False
[19:08:04] [CONFIG] applied anchor_ref='settings_button_anchor'
[19:08:04] [CONFIG] applied pre_navigation_ref='enter_settings'
[19:08:04] [CONFIG] scenario enabled scenario='settings_entry_example' source='runtime' enabled=False base_enabled=False
[19:08:04] [CONFIG] scenario resolved scenario='life_pet_care_plugin' group='-' max_steps=50 enabled=False
[19:08:04] [CONFIG] scenario enabled scenario='life_pet_care_plugin' source='runtime' enabled=False base_enabled=False
[19:08:04] [CONFIG] scenario resolved scenario='life_family_care_plugin' group='-' max_steps=50 enabled=True
[19:08:04] [CONFIG] scenario enabled scenario='life_family_care_plugin' source='runtime' enabled=True base_enabled=False
[19:08:04] [CONFIG] scenario resolved scenario='life_plant_care_plugin' group='-' max_steps=50 enabled=False
[19:08:04] [CONFIG] scenario enabled scenario='life_plant_care_plugin' source='runtime' enabled=False base_enabled=False
[19:08:04] [CONFIG] scenario resolved scenario='life_clothing_care_plugin' group='-' max_steps=50 enabled=False
[19:08:04] [CONFIG] scenario enabled scenario='life_clothing_care_plugin' source='runtime' enabled=False base_enabled=False
[19:08:04] [CONFIG] scenario resolved scenario='life_find_plugin' group='-' max_steps=50 enabled=False
[19:08:04] [CONFIG] scenario enabled scenario='life_find_plugin' source='runtime' enabled=False base_enabled=False
[19:08:04] [CONFIG] scenario resolved scenario='life_video_plugin' group='-' max_steps=50 enabled=False
[19:08:04] [CONFIG] scenario enabled scenario='life_video_plugin' source='runtime' enabled=False base_enabled=False
[19:08:04] [CONFIG] scenario resolved scenario='life_home_monitor_plugin' group='-' max_steps=50 enabled=False
[19:08:04] [CONFIG] scenario enabled scenario='life_home_monitor_plugin' source='runtime' enabled=False base_enabled=False
[19:08:04] [CONFIG] scenario resolved scenario='life_music_sync_plugin' group='-' max_steps=10 enabled=False
[19:08:04] [CONFIG] scenario enabled scenario='life_music_sync_plugin' source='runtime' enabled=False base_enabled=False
[19:08:04] [MAIN] skip disabled scenario_id='global_nav_main' tab='(?i).*(home|devices|life|routines|menu).*'
[19:08:04] [MAIN] skip disabled scenario_id='home_main' tab='(?i).*home.*'
[19:08:04] [MAIN] skip disabled scenario_id='life_food_plugin' tab='(?i).*life.*'
[19:08:04] [MAIN] skip disabled scenario_id='life_air_care_plugin' tab='(?i).*life.*'
[19:08:04] [MAIN] skip disabled scenario_id='life_home_care_plugin' tab='(?i).*life.*'
[19:08:04] [MAIN] skip disabled scenario_id='life_energy_plugin' tab='(?i).*life.*'
[19:08:04] [MAIN] skip disabled scenario_id='devices_main' tab='(?i).*devices.*'
[19:08:04] [MAIN] skip disabled scenario_id='life_main' tab='(?i).*life.*'
[19:08:04] [MAIN] skip disabled scenario_id='routines_main' tab='(?i).*routines.*'
[19:08:04] [MAIN] skip disabled scenario_id='menu_main' tab='(?i).*(menu|more).*'
[19:08:04] [MAIN] skip disabled scenario_id='settings_entry_example' tab='(?i).*menu.*'
[19:08:04] [MAIN] skip disabled scenario_id='life_pet_care_plugin' tab='(?i).*life.*'
[19:08:04] [SCENARIO][stabilization] scenario='life_family_care_plugin' screen_context_mode='new_screen' stabilization_mode='anchor_only'
[19:08:04] [LIFE_RESET] verify phase='plugin_start_initial' attempt=1/2 global_nav_visible=true life_tab_selected=true plugin_card_list_visible=false life_list_ready=true
[19:08:04] [LIFE_RESET] plugin_card_list_visible=false (soft_only=true)
[19:08:04] [PLUGIN_START][recover_before_entry] triggered=false
[19:08:04] [PLUGIN_START][life_list_check] ok=true reason='life_tab_ready'
[19:08:04] [PLUGIN_START][recover_before_entry] success=true
[19:08:04] [CONTEXT] skipped reason='new_screen_mode' phase='tab_select'
[19:08:04] [TAB][select] fallback_to_legacy=True scenario='life_family_care_plugin'
[19:08:10] [TAB][focus_align_fast] failed scenario='life_family_care_plugin' attempt=2/2 focus_label='' focus_resource=''
[19:08:11] [TAB][select] scenario='life_family_care_plugin' selected=True matched_fields=['text'] score=40
[19:08:11] [TAB][verify] selected_bottom_tab ok=True actual=''
[19:08:11] [TRACE][open_scenario] scenario='life_family_care_plugin' stabilization_mode='anchor_only' focus_align_attempted=True focus_align_ok=False focus_align_reason='selector_not_focused' context_ok=False anchor_matched=False anchor_stable=False
[19:08:11] [TAB][focus_align_fast] scenario='life_family_care_plugin' main_tab=false transition_scenario=true result='failed'
[19:08:11] [TAB][focus_align_fast] failed but proceeding (transition scenario) scenario='life_family_care_plugin'
[19:08:12] [SCENARIO][pre_nav] step=1 action=xml_scroll_search_tap target='(?i)(^family\s*care$|.*family\s*care.*|.*패밀리\s*케어.*)'
[19:08:12] [XMLENTRY][search] pre_reset scroll_to_top=true
[19:08:17] [XMLENTRY][search] step=0/5 visible_candidates=69 target_candidates=5
[19:08:17] [XMLENTRY][search][top] rank=1 reason='actionable_container' text='' rid='' class='android.widget.RelativeLayout' bounds='42,310,1038,1042' area_ratio='0.3516' target_match=true match_source='descendant_title' matched_phrase='family care' negative_plugin_phrase=''
[19:08:17] [XMLENTRY][search][top] rank=2 reason='actionable_container' text='Family Care' rid='com.samsung.android.oneconnect:id/frameLayout' class='android.widget.FrameLayout' bounds='42,310,1038,1042' area_ratio='0.3516' target_match=true match_source='title' matched_phrase='family care' negative_plugin_phrase=''
[19:08:17] [XMLENTRY][search][top] rank=3 reason='card_like_container' text='' rid='com.samsung.android.oneconnect:id/llCard' class='android.widget.LinearLayout' bounds='42,310,1038,1042' area_ratio='0.3516' target_match=true match_source='descendant_title' matched_phrase='family care' negative_plugin_phrase=''
[19:08:17] [XMLENTRY][candidate_compare] scenario_id='life_family_care_plugin' rank=1 rid='' class='android.widget.RelativeLayout' bounds='42,310,1038,1042' own_text='' descendant_text_summary='Family Care,Family Care,Take care of yourself an' matched_phrase='family care' match_source='descendant_title' selected_priority='240:actionable_container' negative_plugin_phrase='' selected=true
[19:08:17] [XMLENTRY][candidate_compare] scenario_id='life_family_care_plugin' rank=2 rid='com.samsung.android.oneconnect:id/frameLayout' class='android.widget.FrameLayout' bounds='42,310,1038,1042' own_text='' descendant_text_summary='Family Care,Family Care,Take care of yourself an' matched_phrase='family care' match_source='title' selected_priority='240:actionable_container' negative_plugin_phrase='' selected=false
[19:08:17] [XMLENTRY][candidate_compare] scenario_id='life_family_care_plugin' rank=3 rid='com.samsung.android.oneconnect:id/llCard' class='android.widget.LinearLayout' bounds='42,310,1038,1042' own_text='Family Care' descendant_text_summary='Family Care,Take care of yourself an,안 창준 (Me)
Active' matched_phrase='family care' match_source='descendant_title' selected_priority='240:card_like_container' negative_plugin_phrase='' selected=false
[19:08:17] [XMLENTRY][select] reason='actionable_container' resource='' bounds='42,310,1038,1042' text='' target_match=true match_source='descendant_title' matched_phrase='family care'
[19:08:17] [XMLENTRY][select_debug] scenario_id='life_family_care_plugin' class='android.widget.RelativeLayout' rid='' bounds='42,310,1038,1042' own_text='' own_content_desc='' normalized_own_text='' descendant_text_summary='Family Care,Family Care,Take care of yourself an' matched_phrase='family care' match_source='descendant_title' selected_reason='actionable_container' candidate_rank=1 title_descendant_disagree=false representative_visible_label='' representative_label_source='descendant'
[19:08:19] [XMLENTRY][result] success=true reason='transition_confirmed'
[19:08:19] [SCENARIO][pre_nav] success step=1 reason='Target node not found'
[19:08:20] [SCENARIO][pre_nav] success
[19:08:24] [CONTEXT] skipped reason='anchor_only_mode'
[19:08:24] [CONTEXT] skipped reason='anchor_only_mode'
[19:08:24] [CONTEXT] scenario='life_family_care_plugin' type='skipped' expected='' actual='' ok=True
[19:08:24] [CONTEXT] verification passed scenario='life_family_care_plugin'
[19:08:24] [ANCHOR][scenario_start] success scenario='life_family_care_plugin' selected={'success': False, 'status': 'failed', 'detail': 'ACTION_ACCESSIBILITY_FOCUS failed (resourceId=null, class=android.widget.ImageButton)', 'raw': {'timestamp': 1776766102489, 'reqId': '64ae0e5d', 'success': False, 'reason': 'ACTION_ACCESSIBILITY_FOCUS failed (resourceId=null, class=android.widget.ImageButton)', 'action': 'FOCUS', 'targetName': '(?i).*navigate\\s*up.*', 'targetType': 'a', 'targetIndex': 0, 'attemptedClassName': 'android.widget.ImageButton', 'target': {'timestamp': 1776766102489, 'schemaVersion': '1.2.0', 'snapshotBuilderVersion': '1.2.0', 'packageName': 'com.samsung.android.oneconnect', 'className': 'android.widget.ImageButton', 'viewIdResourceName': None, 'text': None, 'contentDescription': 'Navigate up', 'mergedLabel': 'Navigate up', 'talkbackLabel': 'Navigate up', 'clickable': True, 'focusable': True, 'focused': False, 'accessibilityFocused': True, 'visibleToUser': True, 'isVisibleToUser': True, 'selected': False, 'checkable': False, 'checked': False, 'enabled': True, 'boundsInScreen': {'l': 0, 't': 118, 'r': 180, 'b': 310, 'left': 0, 'top': 118, 'right': 180, 'bottom': 310}, 'children': []}}} matched=True stable=True context_ok=True reason='verified_without_select'
[19:08:24] [TRACE][open_scenario] scenario='life_family_care_plugin' stabilization_mode='anchor_only' focus_align_attempted=True focus_align_ok=False focus_align_reason='selector_not_focused' context_ok=False anchor_matched=False anchor_stable=True
[19:08:25] [ENTRY][post_open_identity] scenario_id='life_family_care_plugin' top_visible_labels='Navigate up Navigate up,Family Care,Add family member Add fa,More options More option,Me' top_focus_label='Navigate up Navigate up' back_button_present=true body_texts='Navigate up Navigate up,Family Care,Add family member Add fa,More options More option,View profile View profil' plugin_title_candidates='Navigate up Navigate up,Family Care,Add family member Add fa' verify_hit=true special_token_hit=false
[19:08:25] [ENTRY][special_state_check] detected=true signals='long_intro,cta,top_chrome_intro_cta' kind='setup_needed_or_empty_state'
[19:08:25] [ENTRY][special_state_debug] phase='pre_route' focus_label='Navigate up Navigate up' focus_visible='Navigate up Navigate up Family Care Add family member Add family member More options More options Me View profile View p' verify_hit=true long_intro_like=true intro_focus=false top_chrome_intro_cta=true
[19:08:25] [ENTRY][special_state_debug] top_visible='Navigate up Navigate up,Family Care,Add family member Add family member,More options More options,Me' body_texts='Navigate up Navigate up,Family Care,Add family member Add family member,More options More options,View profile View profile'
[19:08:25] [ENTRY][special_state_debug] special_hits='none' cta_hits='set up' signals='long_intro,cta,top_chrome_intro_cta' verify_hit=true
[19:08:25] [ENTRY][special_state_grace] start max_steps=3 verify_success=true signals='long_intro,cta,top_chrome_intro_cta'
[19:08:25] [ENTRY][special_state_grace] step=1 move_attempted=false move_result='snapshot_reused' focus_label='Navigate up Navigate up' focus_visible='Navigate up Navigate up Family Care Add family member Add family member More options More option' top_visible='navigate up navigate up,family care,add family member add family member,more options more options,me' body_texts='navigate up navigate up,family care,add family member add family member,more options more options,view profile view profile' home_like_hits='profile,view profile,member,family member,me' onboarding_hits='set up' evidence='strong_onboarding_token' decision='route_to_special_state'
[19:08:25] [ENTRY][special_state_grace_debug] step=1 token='set up' source='focus_visible' matched_text='Navigate up Navigate up Family Care Add family member Add family member More options More options Me View profile View p'
[19:08:25] [ENTRY][special_state_check] decision='route_to_special_state' reason='special_state_grace_confirmed'
[19:08:25] [ENTRY][special_state_route_debug] verify_hit=true detected=true pending_special_candidate=true final_decision='route_to_special_state' grace_final_decision='special_state_grace_confirmed'
[19:08:25] [ENTRY][special_state_route] handling='back_after_read'
[19:08:25] [ENTRY][special_state_route] main_traversal_skipped=true
[19:08:25] [SCENARIO][special_state] detected scenario='life_family_care_plugin' entry_type='card' kind='setup_needed_or_empty_state' handling='back_after_read' verify_hit=true long_intro_like=true special_hits='' cta_hits='set up'
[19:08:27] [SPECIAL_STATE][recover] start
[19:08:27] [LIFE_RESET] start
[19:08:28] [LIFE_RESET] app_inside=true
[19:08:28] [LIFE_RESET] bottom_nav_ready=true
[19:08:29] [LIFE_RESET][tab_reselect_attempt] scenario='life_family_care_plugin' phase='special_state_post_back' attempt=1/2 package_inside=true global_nav_visible=true select_mode='resource_id' target='com.samsung.android.oneconnect:id/menu_services'
[19:08:30] [LIFE_RESET][tab_reselect_result] scenario='life_family_care_plugin' phase='special_state_post_back' attempt=1/2 select_mode='resource_id' target='com.samsung.android.oneconnect:id/menu_services' select_raw='{'success': True, 'status': 'moved', 'detail': 'ACTION_ACCESSIBILITY_FOCUS success', 'raw': {'timestamp': 1776766110500, 'reqId': '2c0e2689', 'success': True, 'reason': 'ACTION_ACCESSIBILITY_FOCUS success', 'action': 'FOCUS', 'targetName': 'com.samsung.android.oneconnect:id/menu_services', 'targetType': 'r', 'targetIndex': 0, 'attemptedResourceId': 'com.samsung.android.oneconnect:id/menu_services', 'attemptedClassName': 'android.widget.Button', 'target': {'timestamp': 1776766110500, 'schemaVersion': '1.2.0', 'snapshotBuilderVersion': '1.2.0', 'packageName': 'com.samsung.android.oneconnect', 'className': 'android.widget.Button', 'viewIdResourceName': 'com.samsung.android.oneconnect:id/menu_services', 'text': None, 'contentDescription': 'Selected, Life, Tab 3 of 5', 'mergedLabel': 'Selected, Life, Tab 3 of 5', 'talkbackLabel': 'Selected, Life, Tab 3 of 5', 'clickable': True, 'focusable': True, 'focused': False, 'accessibilityFocused': False, 'visibleToUser': True, 'isVisibleToUser': True, 'selected': False, 'checkable': False, 'checked': False, 'enabled': True, 'boundsInScreen': {'l': 443, 't': 2316, 'r': 637, 'b': 2496, 'left': 443, 'top': 2316, 'right': 637, 'bottom': 2496}, 'children': []}}}' select_success=true verify_selected_bottom_tab_ok=true verify_actual='' verify_source='pre_select_snapshot' life_tab_reselected=true basis='select_success_only'
[19:08:30] [LIFE_RESET] life_tab_reselected=true
[19:08:31] [LIFE_RESET] verify phase='life_reset' attempt=1/2 global_nav_visible=true life_tab_selected=true plugin_card_list_visible=false life_list_ready=true
[19:08:31] [LIFE_RESET] plugin_card_list_visible=false (soft_only=true)
[19:08:31] [LIFE_RESET] life_list_ready=true
[19:08:31] [LIFE_RESET] success=true reason='life_tab_ready'
[19:08:31] [RECOVER] success reason='life_reset_ready'
[19:08:31] [SPECIAL_STATE][post_recover_check] inside_smartthings=true package=true app_bar_hits=4
[19:08:31] [SPECIAL_STATE][recover] success=true target='life_plugin_list' reason='life_plugin_list_recovered'
[19:08:31] [SCENARIO][entry_contract] handled scenario='life_family_care_plugin' entry_type='card' reason='special_state_handled' detail='onboarding_back_exit_recovered' back_status='back_sent_exit'
[19:08:31] [PERF][scenario_summary] scenario=life_family_care_plugin tab=(?i).*life.* total_runtime=28.0 total_steps=1 main_step_count=1 overlay_step_count=0 overlay_count=0 avg_get_focus=0.0 avg_move=0.0 avg_crop=0.0 avg_step_total=0.0 step_total_sample_count=0 avg_get_focus_main=0.0 avg_get_focus_overlay=0.0 fallback_dump_count=0 success_false_top_level_dump_attempt_count=0 success_false_top_level_dump_found_count=0 fallback_dump_rate=0.0 get_focus_strong_skip_count=0 get_focus_strong_skip_rate=0.0 step_dump_used_count=0 save_excel_count=0 realign_attempt_count=0 realign_success_count=0 realign_success_rate=0.0
[19:08:32] [RESULT] skipped placeholder rows count=1
[19:08:32] [SAVE] writing sheets raw/filtered/summary/result
[19:08:32] [SAVE] filtered rows=1, raw rows=1
[19:08:32] [SAVE] saved excel: output/talkback_compare_20260421_190802.xlsx rows=1 with_images=False
[19:08:32] [MAIN] skip disabled scenario_id='life_plant_care_plugin' tab='(?i).*life.*'
[19:08:32] [MAIN] skip disabled scenario_id='life_clothing_care_plugin' tab='(?i).*life.*'
[19:08:32] [MAIN] skip disabled scenario_id='life_find_plugin' tab='(?i).*life.*'
[19:08:32] [MAIN] skip disabled scenario_id='life_video_plugin' tab='(?i).*life.*'
[19:08:32] [MAIN] skip disabled scenario_id='life_home_monitor_plugin' tab='(?i).*life.*'
[19:08:32] [MAIN] skip disabled scenario_id='life_music_sync_plugin' tab='(?i).*life.*'
[19:08:32] [RESULT] skipped placeholder rows count=1
[19:08:32] [SAVE] writing sheets raw/filtered/summary/result
[19:08:32] [SAVE] filtered rows=1, raw rows=1
[19:08:32] [SAVE] saved excel: output/talkback_compare_20260421_190802.xlsx rows=1 with_images=True
[19:08:32] [MAIN] final save complete
[19:08:32] [PERF][run_summary] total_runtime=28.1 total_scenarios=1 total_steps=1 total_overlay_count=0 avg_get_focus=0.0 avg_move=0.0 fallback_dump_count=0 success_false_top_level_dump_attempt_count=0 success_false_top_level_dump_found_count=0 fallback_dump_rate=0.0 get_focus_strong_skip_rate=0.0 realign_success_rate=0.0 save_excel_count=2
