[14:15:59] [SAVE][temp] override tmp='D:\Python test\talkback-a11y-helper\output\.tmp' temp='D:\Python test\talkback-a11y-helper\output\.tmp' applied=true
[14:15:59] [MAIN] script start (version=1.7.99, log_level=NORMAL)
[14:16:00] [PREFLIGHT] talkback status='enabled'
[14:16:00] [MAIN] output file: output/talkback_compare_20260430_141559.xlsx
[14:16:00] [MAIN] image dir base: output\talkback_compare_20260430_141559
[14:16:00] [CONFIG] runtime config loaded path='config\runtime_config.json'
[14:16:00] [GLOBAL_NAV][guard] forcing stabilization_mode='tab_context' scenario='global_nav_main' requested='anchor_then_context'
[14:16:00] [CONFIG] scenario resolved scenario='global_nav_main' group='main_tabs' max_steps=10 enabled=False
[14:16:00] [CONFIG] applied shared_navigation='default_global_nav'
[14:16:00] [CONFIG] scenario enabled scenario='global_nav_main' source='runtime' enabled=False base_enabled=False
[14:16:00] [CONFIG] scenario resolved scenario='home_main' group='main_tabs' max_steps=10 enabled=False
[14:16:00] [CONFIG] applied shared_navigation='bottom_tab_global_nav'
[14:16:00] [CONFIG] scenario enabled scenario='home_main' source='runtime' enabled=False base_enabled=False
[14:16:00] [CONFIG] scenario resolved scenario='life_food_plugin' group='plugin_screen' max_steps=50 enabled=False
[14:16:00] [CONFIG] applied pre_navigation_ref='enter_food_plugin'
[14:16:00] [CONFIG] scenario enabled scenario='life_food_plugin' source='runtime' enabled=False base_enabled=False
[14:16:00] [CONFIG] scenario resolved scenario='life_air_care_plugin' group='-' max_steps=50 enabled=False
[14:16:00] [CONFIG] scenario enabled scenario='life_air_care_plugin' source='runtime' enabled=False base_enabled=False
[14:16:00] [CONFIG] scenario resolved scenario='life_home_care_plugin' group='-' max_steps=50 enabled=False
[14:16:00] [CONFIG] scenario enabled scenario='life_home_care_plugin' source='runtime' enabled=False base_enabled=False
[14:16:00] [CONFIG] scenario resolved scenario='life_energy_plugin' group='-' max_steps=50 enabled=False
[14:16:00] [CONFIG] scenario enabled scenario='life_energy_plugin' source='runtime' enabled=False base_enabled=False
[14:16:00] [CONFIG] scenario resolved scenario='devices_main' group='main_tabs' max_steps=10 enabled=False
[14:16:00] [CONFIG] applied shared_navigation='bottom_tab_global_nav'
[14:16:00] [CONFIG] applied anchor_ref='home_tab_anchor'
[14:16:00] [CONFIG] scenario enabled scenario='devices_main' source='runtime' enabled=False base_enabled=False
[14:16:00] [CONFIG] scenario resolved scenario='life_main' group='main_tabs' max_steps=50 enabled=False
[14:16:00] [CONFIG] applied shared_navigation='bottom_tab_global_nav'
[14:16:00] [CONFIG] scenario enabled scenario='life_main' source='runtime' enabled=False base_enabled=False
[14:16:00] [CONFIG] scenario resolved scenario='routines_main' group='main_tabs' max_steps=10 enabled=False
[14:16:00] [CONFIG] applied shared_navigation='bottom_tab_global_nav'
[14:16:00] [CONFIG] scenario enabled scenario='routines_main' source='runtime' enabled=False base_enabled=False
[14:16:00] [CONFIG] scenario resolved scenario='menu_main' group='main_tabs' max_steps=50 enabled=False
[14:16:00] [CONFIG] applied shared_navigation='bottom_tab_global_nav'
[14:16:00] [CONFIG] scenario enabled scenario='menu_main' source='runtime' enabled=False base_enabled=False
[14:16:00] [CONFIG] scenario resolved scenario='settings_entry_example' group='plugin_screen' max_steps=50 enabled=False
[14:16:00] [CONFIG] applied anchor_ref='settings_button_anchor'
[14:16:00] [CONFIG] applied pre_navigation_ref='enter_settings'
[14:16:00] [CONFIG] scenario enabled scenario='settings_entry_example' source='runtime' enabled=False base_enabled=False
[14:16:00] [CONFIG] scenario resolved scenario='life_pet_care_plugin' group='-' max_steps=50 enabled=False
[14:16:00] [CONFIG] scenario enabled scenario='life_pet_care_plugin' source='runtime' enabled=False base_enabled=False
[14:16:00] [CONFIG] scenario resolved scenario='life_family_care_plugin' group='-' max_steps=50 enabled=True
[14:16:00] [CONFIG] scenario enabled scenario='life_family_care_plugin' source='runtime' enabled=True base_enabled=False
[14:16:00] [CONFIG] scenario resolved scenario='life_plant_care_plugin' group='-' max_steps=50 enabled=False
[14:16:00] [CONFIG] scenario enabled scenario='life_plant_care_plugin' source='runtime' enabled=False base_enabled=False
[14:16:00] [CONFIG] scenario resolved scenario='life_clothing_care_plugin' group='-' max_steps=50 enabled=False
[14:16:00] [CONFIG] scenario enabled scenario='life_clothing_care_plugin' source='runtime' enabled=False base_enabled=False
[14:16:00] [CONFIG] scenario resolved scenario='life_find_plugin' group='-' max_steps=50 enabled=False
[14:16:00] [CONFIG] scenario enabled scenario='life_find_plugin' source='runtime' enabled=False base_enabled=False
[14:16:00] [CONFIG] scenario resolved scenario='life_video_plugin' group='-' max_steps=50 enabled=False
[14:16:00] [CONFIG] scenario enabled scenario='life_video_plugin' source='runtime' enabled=False base_enabled=False
[14:16:00] [CONFIG] scenario resolved scenario='life_home_monitor_plugin' group='-' max_steps=50 enabled=False
[14:16:00] [CONFIG] scenario enabled scenario='life_home_monitor_plugin' source='runtime' enabled=False base_enabled=False
[14:16:00] [CONFIG] scenario resolved scenario='life_music_sync_plugin' group='-' max_steps=10 enabled=False
[14:16:00] [CONFIG] scenario enabled scenario='life_music_sync_plugin' source='runtime' enabled=False base_enabled=False
[14:16:00] [MAIN] skip disabled scenario_id='global_nav_main' tab='(?i).*(home|devices|life|routines|menu).*'
[14:16:00] [MAIN] skip disabled scenario_id='home_main' tab='(?i).*home.*'
[14:16:00] [MAIN] skip disabled scenario_id='life_food_plugin' tab='(?i).*life.*'
[14:16:00] [MAIN] skip disabled scenario_id='life_air_care_plugin' tab='(?i).*life.*'
[14:16:00] [MAIN] skip disabled scenario_id='life_home_care_plugin' tab='(?i).*life.*'
[14:16:00] [MAIN] skip disabled scenario_id='life_energy_plugin' tab='(?i).*life.*'
[14:16:00] [MAIN] skip disabled scenario_id='devices_main' tab='(?i).*devices.*'
[14:16:00] [MAIN] skip disabled scenario_id='life_main' tab='(?i).*life.*'
[14:16:00] [MAIN] skip disabled scenario_id='routines_main' tab='(?i).*routines.*'
[14:16:00] [MAIN] skip disabled scenario_id='menu_main' tab='(?i).*(menu|more).*'
[14:16:00] [MAIN] skip disabled scenario_id='settings_entry_example' tab='(?i).*menu.*'
[14:16:00] [MAIN] skip disabled scenario_id='life_pet_care_plugin' tab='(?i).*life.*'
[14:16:00] [SCENARIO][stabilization] scenario='life_family_care_plugin' screen_context_mode='new_screen' stabilization_mode='anchor_only'
[14:16:01] [LIFE_RESET] verify phase='plugin_start_initial' attempt=1/2 global_nav_visible=true life_tab_selected=true plugin_card_list_visible=false life_list_ready=true
[14:16:01] [LIFE_RESET] plugin_card_list_visible=false (soft_only=true)
[14:16:01] [PLUGIN_START][recover_before_entry] triggered=false
[14:16:01] [PLUGIN_START][life_list_check] ok=true reason='life_tab_ready'
[14:16:01] [PLUGIN_START][recover_before_entry] success=true
[14:16:01] [CONTEXT] skipped reason='new_screen_mode' phase='tab_select'
[14:16:01] [TAB][select] fallback_to_legacy=True scenario='life_family_care_plugin'
[14:16:06] [TRACE][open_scenario] scenario='life_family_care_plugin' stabilization_mode='anchor_only' focus_align_attempted=True focus_align_ok=True focus_align_reason='' context_ok=False anchor_matched=False anchor_stable=False
[14:16:06] [SCENARIO][pre_nav] step=1 action=xml_scroll_search_tap target='(?i)(^family\s*care$|.*family\s*care.*|.*패밀리\s*케어.*)'
[14:16:06] [XMLENTRY][search] pre_reset scroll_to_top=true
[14:16:11] [XMLENTRY][search] step=0/5 visible_candidates=69 target_candidates=5
[14:16:11] [XMLENTRY][search][top] rank=1 reason='actionable_container' text='' rid='' class='android.widget.RelativeLayout' bounds='42,310,1038,1042' area_ratio='0.3516' target_match=true match_source='descendant_title' matched_phrase='family care' negative_plugin_phrase=''
[14:16:11] [XMLENTRY][search][top] rank=2 reason='actionable_container' text='Family Care' rid='com.samsung.android.oneconnect:id/frameLayout' class='android.widget.FrameLayout' bounds='42,310,1038,1042' area_ratio='0.3516' target_match=true match_source='title' matched_phrase='family care' negative_plugin_phrase=''
[14:16:11] [XMLENTRY][search][top] rank=3 reason='card_like_container' text='' rid='com.samsung.android.oneconnect:id/llCard' class='android.widget.LinearLayout' bounds='42,310,1038,1042' area_ratio='0.3516' target_match=true match_source='descendant_title' matched_phrase='family care' negative_plugin_phrase=''
[14:16:11] [XMLENTRY][candidate_compare] scenario_id='life_family_care_plugin' rank=1 rid='' class='android.widget.RelativeLayout' bounds='42,310,1038,1042' own_text='' descendant_text_summary='Family Care,Family Care,Take care of yourself an' matched_phrase='family care' match_source='descendant_title' selected_priority='240:actionable_container' negative_plugin_phrase='' selected=true
[14:16:11] [XMLENTRY][candidate_compare] scenario_id='life_family_care_plugin' rank=2 rid='com.samsung.android.oneconnect:id/frameLayout' class='android.widget.FrameLayout' bounds='42,310,1038,1042' own_text='' descendant_text_summary='Family Care,Family Care,Take care of yourself an' matched_phrase='family care' match_source='title' selected_priority='240:actionable_container' negative_plugin_phrase='' selected=false
[14:16:11] [XMLENTRY][candidate_compare] scenario_id='life_family_care_plugin' rank=3 rid='com.samsung.android.oneconnect:id/llCard' class='android.widget.LinearLayout' bounds='42,310,1038,1042' own_text='Family Care' descendant_text_summary='Family Care,Take care of yourself an,안 창준 (Me)
Active' matched_phrase='family care' match_source='descendant_title' selected_priority='240:card_like_container' negative_plugin_phrase='' selected=false
[14:16:11] [XMLENTRY][select] reason='actionable_container' resource='' bounds='42,310,1038,1042' text='' target_match=true match_source='descendant_title' matched_phrase='family care'
[14:16:11] [XMLENTRY][select_debug] scenario_id='life_family_care_plugin' class='android.widget.RelativeLayout' rid='' bounds='42,310,1038,1042' own_text='' own_content_desc='' normalized_own_text='' descendant_text_summary='Family Care,Family Care,Take care of yourself an' matched_phrase='family care' match_source='descendant_title' selected_reason='actionable_container' candidate_rank=1 title_descendant_disagree=false representative_visible_label='' representative_label_source='descendant'
[14:16:13] [XMLENTRY][result] success=true reason='transition_confirmed'
[14:16:13] [SCENARIO][pre_nav] success step=1 reason='ACTION_ACCESSIBILITY_FOCUS success'
[14:16:14] [SCENARIO][pre_nav] success
[14:16:18] [CONTEXT] skipped reason='anchor_only_mode'
[14:16:18] [CONTEXT] skipped reason='anchor_only_mode'
[14:16:18] [CONTEXT] scenario='life_family_care_plugin' type='skipped' expected='' actual='' ok=True
[14:16:18] [CONTEXT] verification passed scenario='life_family_care_plugin'
[14:16:18] [ANCHOR][scenario_start] success scenario='life_family_care_plugin' selected={'success': False, 'status': 'failed', 'detail': 'ACTION_ACCESSIBILITY_FOCUS failed (resourceId=null, class=android.widget.ImageButton)', 'raw': {'timestamp': 1777526176488, 'reqId': 'c6bd29f7', 'success': False, 'reason': 'ACTION_ACCESSIBILITY_FOCUS failed (resourceId=null, class=android.widget.ImageButton)', 'action': 'FOCUS', 'targetName': '(?i).*navigate\\s*up.*', 'targetType': 'a', 'targetIndex': 0, 'attemptedClassName': 'android.widget.ImageButton', 'target': {'timestamp': 1777526176488, 'schemaVersion': '1.2.0', 'snapshotBuilderVersion': '1.2.0', 'packageName': 'com.samsung.android.oneconnect', 'className': 'android.widget.ImageButton', 'viewIdResourceName': None, 'text': None, 'contentDescription': 'Navigate up', 'mergedLabel': 'Navigate up', 'talkbackLabel': 'Navigate up', 'clickable': True, 'focusable': True, 'focused': True, 'accessibilityFocused': True, 'visibleToUser': True, 'isVisibleToUser': True, 'selected': False, 'checkable': False, 'checked': False, 'enabled': True, 'boundsInScreen': {'l': 0, 't': 118, 'r': 180, 'b': 310, 'left': 0, 'top': 118, 'right': 180, 'bottom': 310}, 'children': []}}} matched=True stable=True context_ok=True reason='verified_without_select'
[14:16:18] [TRACE][open_scenario] scenario='life_family_care_plugin' stabilization_mode='anchor_only' focus_align_attempted=True focus_align_ok=True focus_align_reason='' context_ok=False anchor_matched=False anchor_stable=True
[14:16:19] [ENTRY][post_open_identity] scenario_id='life_family_care_plugin' top_visible_labels='Navigate up Navigate up,Family Care,Add family member Add fa,More options More option,Me' top_focus_label='Navigate up Navigate up' back_button_present=true body_texts='Navigate up Navigate up,Family Care,Add family member Add fa,More options More option,View profile View profil' plugin_title_candidates='Navigate up Navigate up,Family Care,Add family member Add fa' verify_hit=true special_token_hit=false
[14:16:19] [ENTRY][special_state_check] detected=true signals='long_intro,cta,top_chrome_intro_cta' kind='setup_needed_or_empty_state'
[14:16:19] [ENTRY][special_state_debug] phase='pre_route' focus_label='Navigate up Navigate up' focus_visible='Navigate up Navigate up Family Care Add family member Add family member More options More options Me View profile View p' verify_hit=true long_intro_like=true intro_focus=false top_chrome_intro_cta=true
[14:16:19] [ENTRY][special_state_debug] top_visible='Navigate up Navigate up,Family Care,Add family member Add family member,More options More options,Me' body_texts='Navigate up Navigate up,Family Care,Add family member Add family member,More options More options,View profile View profile'
[14:16:19] [ENTRY][special_state_debug] special_hits='none' cta_hits='set up' signals='long_intro,cta,top_chrome_intro_cta' verify_hit=true
[14:16:19] [ENTRY][special_state_grace] start max_steps=3 verify_success=true signals='long_intro,cta,top_chrome_intro_cta'
[14:16:19] [ENTRY][special_state_grace] step=1 move_attempted=false move_result='snapshot_reused' focus_label='Navigate up Navigate up' focus_visible='Navigate up Navigate up Family Care Add family member Add family member More options More option' top_visible='navigate up navigate up,family care,add family member add family member,more options more options,me' body_texts='navigate up navigate up,family care,add family member add family member,more options more options,view profile view profile' home_like_hits='profile,view profile,member,family member,me' onboarding_hits='set up' evidence='home_like_profile' decision='normal_traversal'
[14:16:19] [ENTRY][special_state_check] decision='normal_traversal_after_grace'
[14:16:19] [SCENARIO][entry_contract] success scenario='life_family_care_plugin' entry_type='card' reason='success_verified' detail='plugin_open_verified'
[14:16:20] [TRACE][post_open_focus] scenario='life_family_care_plugin' view_id='' label='Navigate up' speech='Navigate up' bounds='{'l': 0, 't': 118, 'r': 180, 'b': 310, 'left': 0, 'top': 118, 'right': 180, 'bottom': 310}' source='top_level' top_level=True
[14:16:25] [TRACE][anchor_row] scenario='life_family_care_plugin' step=0 view_id='' visible='Navigate up' speech='Navigate up' normalized_visible='navigate up' is_global_nav=False
[14:16:25] [ROW] fingerprint='|navigate up|navigate up|90,214' normalized_fingerprint='|navigate up|navigate up' duplicate=false recent_duplicate=false distance=0 recent_semantic_duplicate=false semantic_distance=0 semantic_window_unique=1 noise=false
[14:16:25] [RESULT] skipped anchor rows count=1
[14:16:25] [SAVE] writing sheets raw/filtered/summary/result
[14:16:25] [SAVE] filtered rows=1, raw rows=1
[14:16:25] [SAVE] saved excel: output/talkback_compare_20260430_141559.xlsx rows=1 with_images=False
[14:16:25] [STEP] START tab='(?i).*life.*' step=1
[14:16:31] [STEP][container_priority_skip] candidates='Weather information, Icon. Add home information|Set up now' reason='container_group_not_repeated'
[14:16:31] [STEP][chrome_penalty] deprioritized='Navigate up|Family Care|Add family member|More options' reason='top_chrome_during_content_phase'
[14:16:31] [STEP][content_phase_eval] content_present=true chrome_present=true chrome_excluded=true
[14:16:31] [STEP][container_candidate_promoted] label='Weather information, Icon. Add home information' reason='top_priority_container'
[14:16:31] [STEP][container_candidate_promoted] label='Set up now' reason='top_priority_container'
[14:16:31] [STEP][status_exhausted_excluded] rejected='Active now' reason='passive_status_or_empty_state'
[14:16:31] [STEP][section_header_deferred] candidates='Want better insight into your daily life?' reason='content_candidates_present'
[14:16:31] [STEP][leaf_hard_filter] rejected='Later' reason='low_value_leaf'
[14:16:31] [STEP][viewport_exhausted_eval] all_candidates='Weather information, Icon. Add home information|Set up now|Later|Active now' selection_candidates='Weather information, Icon. Add home information|Set up now|Later|If you're having a sluggish afternoon, take a moment...' representative_candidates='Weather information, Icon. Add home information|Set up now|Later|If you're having a sluggish afternoon, take a moment...' status_excluded='Active now' chrome_excluded='Navigate up|Family Care|Add family member|More options' leaf_excluded='Later' revisit_rejected='none' visited_rejected='none' cluster_consumed_rejected='none' consumed_rejected='none' result=false reason='representative_candidates_remaining' version='pr108-local-tab-last-selected-hint-v1'
[14:16:31] [STEP][spatial_priority] candidates='If you're having a sluggish afternoon, take a moment to move around.|Weather information, Icon. Add home information|...' selected='If you're having a sluggish afternoon, take a moment to move around.' reason='higher_in_viewport'
[14:16:31] [STEP][traversal_order] candidates='Weather information, Icon. Add home information|Set up now|Later|If you're having a sluggish afternoon, take a moment...' after_visited_filter='If you're having a sluggish afternoon, take a moment to move around.|Weather information, Icon. Add home information|...' selected='If you're having a sluggish afternoon, take a moment to move around.' reason='top_to_bottom_after_visited_filter'
[14:16:31] [STEP][logical_signature] label='If you're having a sluggish afternoon, take a moment to move around.' signature='com.samsung.android.plugin.care:id/suggestion_text||if youre having a sluggish afternoon take a moment to move around...'
[14:16:31] [STEP][duplicate_prevention] visited_count=1 cluster_visited_count=0 selected='If you're having a sluggish afternoon, take a moment to move around.'
[14:16:31] [STEP][focus_anchor] selected='If you're having a sluggish afternoon, take a moment to move around.' current='Family Care' matched=false reason='representative_focus_mismatch'
[14:16:31] [STEP][focus_context_mismatch] selected='If you're having a sluggish afternoon, take a moment to move around.' current_focus='Family Care' reason='representative_differs_from_focus_context'
[14:16:31] [STEP][focus_realign_candidates] all='Weather information, Icon. Add home information|Set up now|Later|If you're having a sluggish afternoon, take a moment...' eligible='Weather information, Icon. Add home information|Set up now|Later|If you're having a sluggish afternoon, take a moment...' rejected_recent='none' rejected_consumed='none'
[14:16:31] [STEP][focus_force_realign] target='If you're having a sluggish afternoon, take a moment to move around.' method='rid' reason='anchor_mismatch'
[14:16:31] [STEP][focus_realign] target='If you're having a sluggish afternoon, take a moment to move around.' method='rid' attempt=1
[14:16:32] [STEP][focus_realign_success] target='If you're having a sluggish afternoon, take a moment to move around.' resolved_focus='If you're having a sluggish afternoon, take a moment to move around.'
[14:16:32] [STEP][focus_force_realign_success] target='If you're having a sluggish afternoon, take a moment to move around.' resolved_focus='If you're having a sluggish afternoon, take a moment to move around.'
[14:16:32] [STEP][focus_realign_record] target='If you're having a sluggish afternoon, take a moment to move around.' signature='com.samsung.android.plugin.care:id/suggestion_text||{'l': 90, 't': 670, 'r': 1002, 'b': 921}||if you're having a slug...' phase='content'
[14:16:32] [STEP][candidate_priority] content_candidates='Weather information, Icon. Add home information|Set up now|Later|Active now|If you're having a sluggish afternoon, ta...' status_candidates='Active now' selected='If you're having a sluggish afternoon, take a moment to move around.' reason='representative_content_preferred_over_passive_status'
[14:16:32] [STEP][bottom_strip_policy] content_present=true bottom_strip_deferred=true
[14:16:32] [STEP][candidate_sort_key] selected='If you're having a sluggish afternoon, take a moment to move around.' sort_key='score=169999,top=670,left=90'
[14:16:32] [STEP][cluster_consumed] cluster='com.samsung.android.plugin.care:id/suggestion_text||{'l': 90, 't': 670, 'r': 1002, 'b': 921}||if you're having a slug...'
[14:16:32] [ROW] fingerprint='com.samsung.android.plugin.care:id/suggestion_text|if you're having a sluggish afternoon take a moment to move around.|if you're having a sluggish afternoon take a moment to move around.|546,795' normalized_fingerprint='com samsung android plugin care id suggestion text|if you re having a sluggish afternoon take a moment to move around|if you re having a sluggish afternoon take a moment to move around' duplicate=false recent_duplicate=false distance=0 recent_semantic_duplicate=false semantic_distance=0 semantic_window_unique=2 noise=false
[14:16:32] [STEP] END tab='(?i).*life.*' step=1 elapsed=4.51s move_result='{'success': True, 'status': 'moved', 'detail': 'moved', 'raw': {'timestamp': 1777526186834, 'reqId': '4f2e6d33', 'success': True, 'status': 'moved', 'detail': 'moved', 'flags': []}}' visible='If you're having a sluggish afternoon, take a moment to move around.' speech='If you're having a sluggish afternoon, take a moment to move around.' crop='output\talkback_compare_20260430_141559\crops\i_._life._step_1_Family_Care.png' timing(move=0.500s ann=2.969s get_focus=1.039s get_focus_fallback_dump=0.000s step_dump=0.000s crop=0.485s total=4.994s) focus_reason='' fallback_used=False fallback_found=False step_dump_used=False step_dump_reason='focus_payload_sufficient' req_id='ceb51e14'
[14:16:32] [STOP][eval] step=1 scenario='life_family_care_plugin' terminal=false same_like_count=0 no_progress=false scenario_type='content' is_global_nav=false after_realign=false recent_repeat=false bounded_two_card_loop=false semantic_same_like=false recent_duplicate=false recent_duplicate_distance=0 recent_semantic_duplicate=false recent_semantic_duplicate_distance=0 recent_semantic_unique_count=2 strict_duplicate=false semantic_duplicate=false repeat_class='none' loop_classification='none' hard_no_progress=false soft_no_progress=false no_progress_class='none' overlay_realign_grace_active=false min_step_gate_blocked=false realign_grace_suppressed=false cta_descend_applied=false promoted_from_container=false repeat_stop_hit=false decision='continue' reason='none' traversal_result='PASS_MOVED' final_result='PASS' failure_reason='' stop_explain_version='pr7_explain_v1' stop_explain_input='step:1|move:moved|smart:moved|same:0|fail:0' stop_explain_repeat='recent:false|class:none|strict:false|semantic:false|loop:none|two_card:false' stop_explain_no_progress='hit:false|class:none|hard:false|soft:false' stop_explain_gate='candidate:false|min_block:false|realign_suppress:false|realign_active:false|decision:continue'
[14:16:32] [OVERLAY] blocked no_overlay_policy scenario='life_family_care_plugin' tab='(?i).*life.*' step=1
[14:16:32] [STEP] START tab='(?i).*life.*' step=2
[14:16:38] [ROW] fingerprint='com.samsung.android.plugin.care:id/banner_frame_layout|weather information icon. add home information|weather information icon. add home information|498,1032' normalized_fingerprint='com samsung android plugin care id banner frame layout|weather information icon add home information|weather information icon add home information' duplicate=false recent_duplicate=false distance=0 recent_semantic_duplicate=false semantic_distance=0 semantic_window_unique=3 noise=false
[14:16:38] [STEP] END tab='(?i).*life.*' step=2 elapsed=4.56s move_result='{'success': True, 'status': 'moved', 'detail': 'moved', 'raw': {'timestamp': 1777526193649, 'reqId': 'adf11df8', 'success': True, 'status': 'moved', 'detail': 'moved', 'flags': []}}' visible='Weather information, Icon. Add home information' speech='Weather information, Icon. Add home information' crop='output\talkback_compare_20260430_141559\crops\i_._life._step_2_Weather_information__Icon._Add_home_info.png' timing(move=0.526s ann=3.037s get_focus=0.997s get_focus_fallback_dump=0.000s step_dump=0.000s crop=0.477s total=5.037s) focus_reason='' fallback_used=False fallback_found=False step_dump_used=False step_dump_reason='focus_payload_sufficient' req_id='d5a74de2'
[14:16:38] [STOP][eval] step=2 scenario='life_family_care_plugin' terminal=false same_like_count=0 no_progress=false scenario_type='content' is_global_nav=false after_realign=false recent_repeat=false bounded_two_card_loop=false semantic_same_like=false recent_duplicate=false recent_duplicate_distance=0 recent_semantic_duplicate=false recent_semantic_duplicate_distance=0 recent_semantic_unique_count=3 strict_duplicate=false semantic_duplicate=false repeat_class='none' loop_classification='none' hard_no_progress=false soft_no_progress=false no_progress_class='none' overlay_realign_grace_active=false min_step_gate_blocked=false realign_grace_suppressed=false cta_descend_applied=false promoted_from_container=false repeat_stop_hit=false decision='continue' reason='none' traversal_result='PASS_MOVED' final_result='PASS' failure_reason='' stop_explain_version='pr7_explain_v1' stop_explain_input='step:2|move:moved|smart:moved|same:0|fail:0' stop_explain_repeat='recent:false|class:none|strict:false|semantic:false|loop:none|two_card:false' stop_explain_no_progress='hit:false|class:none|hard:false|soft:false' stop_explain_gate='candidate:false|min_block:false|realign_suppress:false|realign_active:false|decision:continue'
[14:16:38] [OVERLAY] blocked no_overlay_policy scenario='life_family_care_plugin' tab='(?i).*life.*' step=2
[14:16:38] [STEP] START tab='(?i).*life.*' step=3
[14:16:44] [STEP][cta_sibling_visit] step=3 scenario='life_family_care_plugin' cluster='com.samsung.android.plugin.care:id/suggestion_card_container||com.samsung.android.plugin.care:id/first_button||com.sa...' visited='com.samsung.android.plugin.care:id/first_button'
[14:16:44] [STEP][cta_promote] step=3 scenario='life_family_care_plugin' container_rid='com.samsung.android.plugin.care:id/suggestion_card_container' selected_cta_rid='com.samsung.android.plugin.care:id/first_button' selected_cta_label='none' cta_candidates='none' reason='actionable_child_promoted'
[14:16:44] [ROW] fingerprint='com.samsung.android.plugin.care:id/first_button|want better insight into your daily life? set up the smartthings devices that yo|later want better insight into your daily life? set up the smartthings devices t|596,1642' normalized_fingerprint='com samsung android plugin care id first button|want better insight into your daily life set up the smartthings devices that you use to better understand your daily lif|later want better insight into your daily life set up the smartthings devices that you use to better understand your dai' duplicate=false recent_duplicate=false distance=0 recent_semantic_duplicate=false semantic_distance=0 semantic_window_unique=4 noise=false
[14:16:44] [STEP] END tab='(?i).*life.*' step=3 elapsed=5.30s move_result='{'success': True, 'status': 'moved', 'detail': 'moved', 'raw': {'timestamp': 1777526199824, 'reqId': '08a29a0e', 'success': True, 'status': 'moved', 'detail': 'moved', 'flags': []}}' visible='Want better insight into your daily life? Set up the SmartThings devices that you use to better understand your daily life. Later Set up now' speech='Later Want better insight into your daily life? Set up the SmartThings devices that you use to better understand your daily life. Later Set up now' crop='output\talkback_compare_20260430_141559\crops\i_._life._step_3_Want_better_insight_into_your_daily_life.png' timing(move=1.204s ann=3.064s get_focus=1.035s get_focus_fallback_dump=0.000s step_dump=0.000s crop=0.508s total=5.812s) focus_reason='' fallback_used=False fallback_found=False step_dump_used=False step_dump_reason='focus_payload_sufficient' req_id='ff98c9d3'
[14:16:44] [STOP][eval] step=3 scenario='life_family_care_plugin' terminal=false same_like_count=0 no_progress=false scenario_type='content' is_global_nav=false after_realign=false recent_repeat=false bounded_two_card_loop=false semantic_same_like=false recent_duplicate=false recent_duplicate_distance=0 recent_semantic_duplicate=false recent_semantic_duplicate_distance=0 recent_semantic_unique_count=4 strict_duplicate=false semantic_duplicate=false repeat_class='none' loop_classification='none' hard_no_progress=false soft_no_progress=false no_progress_class='none' overlay_realign_grace_active=false min_step_gate_blocked=false realign_grace_suppressed=false cta_descend_applied=false promoted_from_container=true repeat_stop_hit=false decision='continue' reason='none' traversal_result='PASS_MOVED' final_result='PASS' failure_reason='' stop_explain_version='pr7_explain_v1' stop_explain_input='step:3|move:moved|smart:moved|same:0|fail:0' stop_explain_repeat='recent:false|class:none|strict:false|semantic:false|loop:none|two_card:false' stop_explain_no_progress='hit:false|class:none|hard:false|soft:false' stop_explain_gate='candidate:false|min_block:false|realign_suppress:false|realign_active:false|decision:continue'
[14:16:44] [RESULT] skipped anchor rows count=1
[14:16:44] [SAVE] writing sheets raw/filtered/summary/result
[14:16:44] [SAVE] filtered rows=4, raw rows=4
[14:16:44] [SAVE] saved excel: output/talkback_compare_20260430_141559.xlsx rows=4 with_images=False
[14:16:44] [OVERLAY] blocked no_overlay_policy scenario='life_family_care_plugin' tab='(?i).*life.*' step=3
[14:16:44] [STEP] START tab='(?i).*life.*' step=4
[14:16:50] [STEP][cta_promote_keep] step=4 scenario='life_family_care_plugin' cluster='com.samsung.android.plugin.care:id/suggestion_card_container||com.samsung.android.plugin.care:id/first_button||com.sa...' kept_rid='com.samsung.android.plugin.care:id/first_button' reason='preserve_committed_cta_sibling'
[14:16:50] [STEP][cta_sibling_visit] step=4 scenario='life_family_care_plugin' cluster='com.samsung.android.plugin.care:id/suggestion_card_container||com.samsung.android.plugin.care:id/first_button||com.sa...' visited='com.samsung.android.plugin.care:id/first_button'
[14:16:50] [STEP][cta_promote] step=4 scenario='life_family_care_plugin' container_rid='com.samsung.android.plugin.care:id/suggestion_card_container' selected_cta_rid='com.samsung.android.plugin.care:id/first_button' selected_cta_label='none' cta_candidates='none' reason='actionable_child_promoted'
[14:16:50] [STEP][cta_sibling_visit] step=4 scenario='life_family_care_plugin' cluster='com.samsung.android.plugin.care:id/suggestion_card_container||com.samsung.android.plugin.care:id/first_button||com.sa...' visited='com.samsung.android.plugin.care:id/first_button|com.samsung.android.plugin.care:id/second_button'
[14:16:50] [STEP][cta_sibling_commit] step=4 scenario='life_family_care_plugin' current_rid='com.samsung.android.plugin.care:id/first_button' committed_rid='com.samsung.android.plugin.care:id/second_button' reason='cta_sibling_committed'
[14:16:50] [STEP][cta_sibling] step=4 scenario='life_family_care_plugin' current_rid='com.samsung.android.plugin.care:id/first_button' next_candidate='com.samsung.android.plugin.care:id/second_button' reason='cta_sibling_progression'
[14:16:50] [STEP][cta_focus_align] step=4 scenario='life_family_care_plugin' target_rid='com.samsung.android.plugin.care:id/second_button' method='select' attempt=1
[14:16:52] [STEP][cta_focus_align_success] step=4 scenario='life_family_care_plugin' target_rid='com.samsung.android.plugin.care:id/second_button'
[14:16:52] [ROW] fingerprint='com.samsung.android.plugin.care:id/second_button|want better insight into your daily life? set up the smartthings devices that yo|want better insight into your daily life? set up the smartthings devices that yo|876,1642' normalized_fingerprint='com samsung android plugin care id second button|want better insight into your daily life set up the smartthings devices that you use to better understand your daily lif|want better insight into your daily life set up the smartthings devices that you use to better understand your daily lif' duplicate=false recent_duplicate=false distance=0 recent_semantic_duplicate=false semantic_distance=0 semantic_window_unique=5 noise=false
[14:16:52] [STEP] END tab='(?i).*life.*' step=4 elapsed=5.33s move_result='' visible='Want better insight into your daily life? Set up the SmartThings devices that you use to better understand your daily life. Later Set up now' speech='Want better insight into your daily life? Set up the SmartThings devices that you use to better understand your daily life. Later Set up now' crop='output\talkback_compare_20260430_141559\crops\i_._life._step_4_Want_better_insight_into_your_daily_life.png' timing(move=0.400s ann=3.917s get_focus=1.011s get_focus_fallback_dump=0.000s step_dump=0.000s crop=0.527s total=5.854s) focus_reason='' fallback_used=False fallback_found=False step_dump_used=False step_dump_reason='focus_payload_sufficient' req_id='5cbe9add'
[14:16:52] [STOP][eval] step=4 scenario='life_family_care_plugin' terminal=false same_like_count=0 no_progress=false scenario_type='content' is_global_nav=false after_realign=false recent_repeat=false bounded_two_card_loop=false semantic_same_like=false recent_duplicate=false recent_duplicate_distance=0 recent_semantic_duplicate=false recent_semantic_duplicate_distance=0 recent_semantic_unique_count=5 strict_duplicate=false semantic_duplicate=false repeat_class='none' loop_classification='none' hard_no_progress=false soft_no_progress=false no_progress_class='none' overlay_realign_grace_active=false min_step_gate_blocked=false realign_grace_suppressed=false cta_descend_applied=false promoted_from_container=true repeat_stop_hit=false decision='continue' reason='none' traversal_result='FAIL_MOVE' final_result='FAIL' failure_reason='move_failed' stop_explain_version='pr7_explain_v1' stop_explain_input='step:4|move:failed|smart:failed|same:0|fail:1' stop_explain_repeat='recent:false|class:none|strict:false|semantic:false|loop:none|two_card:false' stop_explain_no_progress='hit:false|class:none|hard:false|soft:false' stop_explain_gate='candidate:false|min_block:false|realign_suppress:false|realign_active:false|decision:continue'
[14:16:52] [OVERLAY] blocked no_overlay_policy scenario='life_family_care_plugin' tab='(?i).*life.*' step=4
[14:16:52] [STEP] START tab='(?i).*life.*' step=5
[14:16:57] [ROW] fingerprint='com.samsung.android.plugin.care:id/activity_toolbar|activity|activity|540,1848' normalized_fingerprint='com samsung android plugin care id activity toolbar|activity|activity' duplicate=false recent_duplicate=false distance=0 recent_semantic_duplicate=false semantic_distance=0 semantic_window_unique=6 noise=false
[14:16:57] [STEP] END tab='(?i).*life.*' step=5 elapsed=4.56s move_result='{'success': True, 'status': 'moved', 'detail': 'moved', 'raw': {'timestamp': 1777526213241, 'reqId': '2ff2744d', 'success': True, 'status': 'moved', 'detail': 'moved', 'flags': []}}' visible='Activity' speech='Activity' crop='output\talkback_compare_20260430_141559\crops\i_._life._step_5_Activity.png' timing(move=0.511s ann=3.052s get_focus=0.993s get_focus_fallback_dump=0.000s step_dump=0.000s crop=0.493s total=5.050s) focus_reason='' fallback_used=False fallback_found=False step_dump_used=False step_dump_reason='focus_payload_sufficient' req_id='4201f29f'
[14:16:57] [STOP][eval] step=5 scenario='life_family_care_plugin' terminal=false same_like_count=0 no_progress=false scenario_type='content' is_global_nav=false after_realign=false recent_repeat=false bounded_two_card_loop=false semantic_same_like=false recent_duplicate=false recent_duplicate_distance=0 recent_semantic_duplicate=false recent_semantic_duplicate_distance=0 recent_semantic_unique_count=6 strict_duplicate=false semantic_duplicate=false repeat_class='none' loop_classification='none' hard_no_progress=false soft_no_progress=false no_progress_class='none' overlay_realign_grace_active=false min_step_gate_blocked=false realign_grace_suppressed=false cta_descend_applied=false promoted_from_container=false repeat_stop_hit=false decision='continue' reason='none' traversal_result='PASS_MOVED' final_result='PASS' failure_reason='' stop_explain_version='pr7_explain_v1' stop_explain_input='step:5|move:moved|smart:moved|same:0|fail:0' stop_explain_repeat='recent:false|class:none|strict:false|semantic:false|loop:none|two_card:false' stop_explain_no_progress='hit:false|class:none|hard:false|soft:false' stop_explain_gate='candidate:false|min_block:false|realign_suppress:false|realign_active:false|decision:continue'
[14:16:57] [OVERLAY] blocked no_overlay_policy scenario='life_family_care_plugin' tab='(?i).*life.*' step=5
[14:16:57] [STEP] START tab='(?i).*life.*' step=6
[14:17:03] [STEP][cta_sibling_visit] step=6 scenario='life_family_care_plugin' cluster='com.samsung.android.plugin.care:id/first_activity_layout||com.samsung.android.plugin.care:id/device_info' visited='com.samsung.android.plugin.care:id/device_info'
[14:17:03] [STEP][cta_promote] step=6 scenario='life_family_care_plugin' container_rid='com.samsung.android.plugin.care:id/first_activity_layout' selected_cta_rid='com.samsung.android.plugin.care:id/device_info' selected_cta_label='View information' cta_candidates='View information' reason='actionable_child_promoted'
[14:17:03] [ROW] fingerprint='com.samsung.android.plugin.care:id/device_info|view information|view information|489,2112' normalized_fingerprint='com samsung android plugin care id device info|view information|view information' duplicate=false recent_duplicate=false distance=0 recent_semantic_duplicate=false semantic_distance=0 semantic_window_unique=6 noise=false
[14:17:03] [STEP] END tab='(?i).*life.*' step=6 elapsed=5.11s move_result='{'success': True, 'status': 'moved', 'detail': 'moved', 'raw': {'timestamp': 1777526219438, 'reqId': '78b25afa', 'success': True, 'status': 'moved', 'detail': 'moved', 'flags': []}}' visible='View information' speech='View information' crop='output\talkback_compare_20260430_141559\crops\i_._life._step_6_First_activity_4_00_am_건우의_Z_Flip6_View.png' timing(move=1.188s ann=2.947s get_focus=0.977s get_focus_fallback_dump=0.000s step_dump=0.000s crop=0.498s total=5.611s) focus_reason='' fallback_used=False fallback_found=False step_dump_used=False step_dump_reason='focus_payload_sufficient' req_id='c2da11ce'
[14:17:03] [STOP][eval] step=6 scenario='life_family_care_plugin' terminal=false same_like_count=0 no_progress=false scenario_type='content' is_global_nav=false after_realign=false recent_repeat=false bounded_two_card_loop=false semantic_same_like=false recent_duplicate=false recent_duplicate_distance=0 recent_semantic_duplicate=false recent_semantic_duplicate_distance=0 recent_semantic_unique_count=6 strict_duplicate=false semantic_duplicate=false repeat_class='none' loop_classification='none' hard_no_progress=false soft_no_progress=false no_progress_class='none' overlay_realign_grace_active=false min_step_gate_blocked=false realign_grace_suppressed=false cta_descend_applied=false promoted_from_container=true repeat_stop_hit=false decision='continue' reason='none' traversal_result='PASS_MOVED' final_result='PASS' failure_reason='' stop_explain_version='pr7_explain_v1' stop_explain_input='step:6|move:moved|smart:moved|same:0|fail:0' stop_explain_repeat='recent:false|class:none|strict:false|semantic:false|loop:none|two_card:false' stop_explain_no_progress='hit:false|class:none|hard:false|soft:false' stop_explain_gate='candidate:false|min_block:false|realign_suppress:false|realign_active:false|decision:continue'
[14:17:03] [RESULT] skipped anchor rows count=1
[14:17:03] [SAVE] writing sheets raw/filtered/summary/result
[14:17:03] [SAVE] filtered rows=7, raw rows=7
[14:17:03] [SAVE] saved excel: output/talkback_compare_20260430_141559.xlsx rows=7 with_images=False
[14:17:03] [OVERLAY] blocked no_overlay_policy scenario='life_family_care_plugin' tab='(?i).*life.*' step=6
[14:17:03] [STEP] START tab='(?i).*life.*' step=7
[14:17:09] [ROW] fingerprint='com.samsung.android.plugin.care:id/subtext|first activity|first activity|248,1941' normalized_fingerprint='com samsung android plugin care id subtext|first activity|first activity' duplicate=false recent_duplicate=false distance=0 recent_semantic_duplicate=false semantic_distance=0 semantic_window_unique=6 noise=false
[14:17:09] [STEP] END tab='(?i).*life.*' step=7 elapsed=4.56s move_result='{'success': True, 'status': 'moved', 'detail': 'moved', 'raw': {'timestamp': 1777526224951, 'reqId': 'b72fb4f9', 'success': True, 'status': 'moved', 'detail': 'moved', 'flags': []}}' visible='First activity' speech='First activity' crop='output\talkback_compare_20260430_141559\crops\i_._life._step_7_First_activity.png' timing(move=0.505s ann=3.062s get_focus=0.989s get_focus_fallback_dump=0.000s step_dump=0.000s crop=0.475s total=5.032s) focus_reason='' fallback_used=False fallback_found=False step_dump_used=False step_dump_reason='focus_payload_sufficient' req_id='5d578148'
[14:17:09] [STOP][eval] step=7 scenario='life_family_care_plugin' terminal=false same_like_count=0 no_progress=false scenario_type='content' is_global_nav=false after_realign=false recent_repeat=false bounded_two_card_loop=false semantic_same_like=false recent_duplicate=false recent_duplicate_distance=0 recent_semantic_duplicate=false recent_semantic_duplicate_distance=0 recent_semantic_unique_count=6 strict_duplicate=false semantic_duplicate=false repeat_class='none' loop_classification='none' hard_no_progress=false soft_no_progress=false no_progress_class='none' overlay_realign_grace_active=false min_step_gate_blocked=false realign_grace_suppressed=false cta_descend_applied=false promoted_from_container=false repeat_stop_hit=false decision='continue' reason='none' traversal_result='PASS_MOVED' final_result='PASS' failure_reason='' stop_explain_version='pr7_explain_v1' stop_explain_input='step:7|move:moved|smart:moved|same:0|fail:0' stop_explain_repeat='recent:false|class:none|strict:false|semantic:false|loop:none|two_card:false' stop_explain_no_progress='hit:false|class:none|hard:false|soft:false' stop_explain_gate='candidate:false|min_block:false|realign_suppress:false|realign_active:false|decision:continue'
[14:17:09] [OVERLAY] blocked no_overlay_policy scenario='life_family_care_plugin' tab='(?i).*life.*' step=7
[14:17:09] [STEP] START tab='(?i).*life.*' step=8
[14:17:14] [ROW] fingerprint='com.samsung.android.plugin.care:id/subtext|latest activity|latest activity|733,1941' normalized_fingerprint='com samsung android plugin care id subtext|latest activity|latest activity' duplicate=false recent_duplicate=false distance=0 recent_semantic_duplicate=false semantic_distance=0 semantic_window_unique=6 noise=false
[14:17:14] [STEP] END tab='(?i).*life.*' step=8 elapsed=4.58s move_result='{'success': True, 'status': 'moved', 'detail': 'moved', 'raw': {'timestamp': 1777526230421, 'reqId': 'c3639fbb', 'success': True, 'status': 'moved', 'detail': 'moved', 'flags': []}}' visible='Latest activity' speech='Latest activity' crop='output\talkback_compare_20260430_141559\crops\i_._life._step_8_Latest_activity.png' timing(move=0.493s ann=3.111s get_focus=0.974s get_focus_fallback_dump=0.000s step_dump=0.000s crop=0.487s total=5.066s) focus_reason='' fallback_used=False fallback_found=False step_dump_used=False step_dump_reason='focus_payload_sufficient' req_id='aa198147'
[14:17:14] [STOP][eval] step=8 scenario='life_family_care_plugin' terminal=false same_like_count=0 no_progress=false scenario_type='content' is_global_nav=false after_realign=false recent_repeat=false bounded_two_card_loop=false semantic_same_like=false recent_duplicate=false recent_duplicate_distance=0 recent_semantic_duplicate=false recent_semantic_duplicate_distance=0 recent_semantic_unique_count=6 strict_duplicate=false semantic_duplicate=false repeat_class='none' loop_classification='none' hard_no_progress=false soft_no_progress=false no_progress_class='none' overlay_realign_grace_active=false min_step_gate_blocked=false realign_grace_suppressed=false cta_descend_applied=false promoted_from_container=false repeat_stop_hit=false decision='continue' reason='none' traversal_result='PASS_MOVED' final_result='PASS' failure_reason='' stop_explain_version='pr7_explain_v1' stop_explain_input='step:8|move:moved|smart:moved|same:0|fail:0' stop_explain_repeat='recent:false|class:none|strict:false|semantic:false|loop:none|two_card:false' stop_explain_no_progress='hit:false|class:none|hard:false|soft:false' stop_explain_gate='candidate:false|min_block:false|realign_suppress:false|realign_active:false|decision:continue'
[14:17:14] [OVERLAY] blocked no_overlay_policy scenario='life_family_care_plugin' tab='(?i).*life.*' step=8
[14:17:14] [STEP] START tab='(?i).*life.*' step=9
[14:17:20] [STEP][cluster_pre_filter] skipped='If you're having a sluggish afternoon, take a moment to move around.' count=1 reason='consumed_cluster_early_skip'
[14:17:20] [STEP][container_priority_skip] candidates='Weather information, Icon. Add home information' reason='single_container_keep_mixed_candidates'
[14:17:20] [STEP][chrome_penalty] deprioritized='Navigate up|Family Care|Add family member|More options' reason='top_chrome_during_content_phase'
[14:17:20] [STEP][content_phase_eval] content_present=true chrome_present=true chrome_excluded=true
[14:17:20] [STEP][container_candidate_promoted] label='Weather information, Icon. Add home information' reason='top_priority_container'
[14:17:20] [STEP][container_candidate_promoted] label='Set up now' reason='top_priority_container'
[14:17:20] [STEP][status_exhausted_excluded] rejected='Active now' reason='passive_status_or_empty_state'
[14:17:20] [STEP][section_header_deferred] candidates='Want better insight into your daily life?' reason='content_candidates_present'
[14:17:20] [STEP][leaf_hard_filter] rejected='Later' reason='low_value_leaf'
[14:17:20] [STEP][representative_exhausted_guard] rejected='Set up now|Later' reason='already_consumed_representative'
[14:17:20] [STEP][selection_candidates] all='Weather information, Icon. Add home information|Set up now|Later|Active now|Want better insight into your daily life?' after_filter='Weather information, Icon. Add home information|Set up the SmartThings devices that you use to better understand your...' rejected_by_revisit='none'
[14:17:20] [STEP][viewport_exhausted_eval] all_candidates='Weather information, Icon. Add home information|Set up now|Later|Active now' selection_candidates='Weather information, Icon. Add home information|Set up the SmartThings devices that you use to better understand your...' representative_candidates='Weather information, Icon. Add home information|Set up the SmartThings devices that you use to better understand your...' status_excluded='Active now' chrome_excluded='Navigate up|Family Care|Add family member|More options' leaf_excluded='Later' revisit_rejected='none' visited_rejected='none' cluster_consumed_rejected='none' consumed_rejected='Set up now|Later' result=false reason='representative_candidates_remaining' version='pr108-local-tab-last-selected-hint-v1'
[14:17:20] [STEP][spatial_priority] candidates='Weather information, Icon. Add home information|Set up the SmartThings devices that you use to better understand your...' selected='Weather information, Icon. Add home information' reason='higher_in_viewport'
[14:17:20] [STEP][continuity_priority] previous='Latest activity' selected='Weather information, Icon. Add home information' reason='jump_penalty_reduced_but_selected'
[14:17:20] [STEP][traversal_order] candidates='Weather information, Icon. Add home information|Set up now|Later|Set up the SmartThings devices that you use to bette...' after_visited_filter='Weather information, Icon. Add home information|Set up the SmartThings devices that you use to better understand your...' selected='Weather information, Icon. Add home information' reason='top_to_bottom_after_visited_filter'
[14:17:20] [STEP][logical_signature] label='Weather information, Icon. Add home information' signature='com.samsung.android.plugin.care:id/banner_frame_layout||weather information icon add home information||actionable'
[14:17:20] [STEP][duplicate_prevention] visited_count=8 cluster_visited_count=1 selected='Weather information, Icon. Add home information'
[14:17:20] [STEP][focus_anchor] selected='Weather information, Icon. Add home information' current='4:00' matched=false reason='representative_focus_mismatch'
[14:17:20] [STEP][focus_context_mismatch] selected='Weather information, Icon. Add home information' current_focus='4:00' reason='representative_differs_from_focus_context'
[14:17:20] [STEP][focus_realign_candidates] all='Weather information, Icon. Add home information|Set up now|Later|Set up the SmartThings devices that you use to bette...' eligible='Weather information, Icon. Add home information|Set up the SmartThings devices that you use to better understand your...' rejected_recent='none' rejected_consumed='Set up now|Later'
[14:17:20] [STEP][focus_force_realign] target='Weather information, Icon. Add home information' method='rid' reason='strip_or_stale_focus_context'
[14:17:20] [STEP][focus_realign] target='Weather information, Icon. Add home information' method='rid' attempt=1
[14:17:21] [STEP][focus_realign_success] target='Weather information, Icon. Add home information' resolved_focus='Weather information, Icon. Add home information'
[14:17:21] [STEP][focus_force_realign_success] target='Weather information, Icon. Add home information' resolved_focus='Weather information, Icon. Add home information'
[14:17:21] [STEP][focus_realign_record] target='Weather information, Icon. Add home information' signature='com.samsung.android.plugin.care:id/banner_frame_layout||{'l': 90, 't': 975, 'r': 906, 'b': 1089}||weather information...' phase='content'
[14:17:21] [STEP][candidate_priority] content_candidates='Weather information, Icon. Add home information|Set up now|Later|Active now|Want better insight into your daily life?' status_candidates='Active now' selected='Weather information, Icon. Add home information' reason='representative_content_preferred_over_passive_status'
[14:17:21] [STEP][bottom_strip_policy] content_present=true bottom_strip_deferred=true
[14:17:21] [STEP][candidate_sort_key] selected='Weather information, Icon. Add home information' sort_key='score=2539999,top=975,left=90'
[14:17:21] [STEP][cluster_consumed] cluster='com.samsung.android.plugin.care:id/banner_frame_layout||{'l': 90, 't': 975, 'r': 906, 'b': 1089}||weather information...'
[14:17:21] [ROW] fingerprint='com.samsung.android.plugin.care:id/banner_frame_layout|weather information icon. add home information|weather information icon. add home information|498,1032' normalized_fingerprint='com samsung android plugin care id banner frame layout|weather information icon add home information|weather information icon add home information' duplicate=false recent_duplicate=false distance=0 recent_semantic_duplicate=false semantic_distance=0 semantic_window_unique=6 noise=false
[14:17:21] [STEP] END tab='(?i).*life.*' step=9 elapsed=4.70s move_result='{'success': True, 'status': 'moved', 'detail': 'moved', 'raw': {'timestamp': 1777526235996, 'reqId': '40729329', 'success': True, 'status': 'moved', 'detail': 'moved', 'flags': []}}' visible='Weather information, Icon. Add home information' speech='Weather information, Icon. Add home information' crop='output\talkback_compare_20260430_141559\crops\i_._life._step_9_4_00.png' timing(move=0.544s ann=3.113s get_focus=1.039s get_focus_fallback_dump=0.000s step_dump=0.000s crop=0.488s total=5.185s) focus_reason='' fallback_used=False fallback_found=False step_dump_used=False step_dump_reason='focus_payload_sufficient' req_id='4a96a7df'
[14:17:21] [STOP][eval] step=9 scenario='life_family_care_plugin' terminal=false same_like_count=0 no_progress=false scenario_type='content' is_global_nav=false after_realign=false recent_repeat=false bounded_two_card_loop=false semantic_same_like=false recent_duplicate=false recent_duplicate_distance=0 recent_semantic_duplicate=false recent_semantic_duplicate_distance=0 recent_semantic_unique_count=6 strict_duplicate=false semantic_duplicate=false repeat_class='none' loop_classification='none' hard_no_progress=false soft_no_progress=false no_progress_class='none' overlay_realign_grace_active=false min_step_gate_blocked=false realign_grace_suppressed=false cta_descend_applied=false promoted_from_container=false repeat_stop_hit=false decision='continue' reason='none' traversal_result='PASS_MOVED' final_result='PASS' failure_reason='' stop_explain_version='pr7_explain_v1' stop_explain_input='step:9|move:moved|smart:moved|same:0|fail:0' stop_explain_repeat='recent:false|class:none|strict:false|semantic:false|loop:none|two_card:false' stop_explain_no_progress='hit:false|class:none|hard:false|soft:false' stop_explain_gate='candidate:false|min_block:false|realign_suppress:false|realign_active:false|decision:continue'
[14:17:21] [RESULT] skipped anchor rows count=1
[14:17:21] [SAVE] writing sheets raw/filtered/summary/result
[14:17:21] [SAVE] filtered rows=10, raw rows=10
[14:17:22] [SAVE] saved excel: output/talkback_compare_20260430_141559.xlsx rows=10 with_images=False
[14:17:22] [OVERLAY] blocked no_overlay_policy scenario='life_family_care_plugin' tab='(?i).*life.*' step=9
[14:17:22] [STEP] START tab='(?i).*life.*' step=10
[14:17:28] [STEP][cta_promote_keep] step=10 scenario='life_family_care_plugin' cluster='com.samsung.android.plugin.care:id/suggestion_card_container||com.samsung.android.plugin.care:id/first_button||com.sa...' kept_rid='com.samsung.android.plugin.care:id/second_button' reason='preserve_committed_cta_sibling'
[14:17:28] [STEP][cta_sibling_visit] step=10 scenario='life_family_care_plugin' cluster='com.samsung.android.plugin.care:id/suggestion_card_container||com.samsung.android.plugin.care:id/first_button||com.sa...' visited='com.samsung.android.plugin.care:id/first_button|com.samsung.android.plugin.care:id/second_button'
[14:17:28] [STEP][cta_promote] step=10 scenario='life_family_care_plugin' container_rid='com.samsung.android.plugin.care:id/suggestion_card_container' selected_cta_rid='com.samsung.android.plugin.care:id/second_button' selected_cta_label='none' cta_candidates='none' reason='actionable_child_promoted'
[14:17:28] [STEP][cta_focus_align] step=10 scenario='life_family_care_plugin' target_rid='com.samsung.android.plugin.care:id/second_button' method='select' attempt=1
[14:17:29] [STEP][cta_focus_align_success] step=10 scenario='life_family_care_plugin' target_rid='com.samsung.android.plugin.care:id/second_button'
[14:17:29] [ROW] fingerprint='com.samsung.android.plugin.care:id/second_button|want better insight into your daily life? set up the smartthings devices that yo|later want better insight into your daily life? set up the smartthings devices t|876,1642' normalized_fingerprint='com samsung android plugin care id second button|want better insight into your daily life set up the smartthings devices that you use to better understand your daily lif|later want better insight into your daily life set up the smartthings devices that you use to better understand your dai' duplicate=false recent_duplicate=false distance=0 recent_semantic_duplicate=false semantic_distance=0 semantic_window_unique=6 noise=false
[14:17:29] [STEP] END tab='(?i).*life.*' step=10 elapsed=5.28s move_result='{'success': True, 'status': 'moved', 'detail': 'moved', 'raw': {'timestamp': 1777526243804, 'reqId': 'a454852c', 'success': True, 'status': 'moved', 'detail': 'moved', 'flags': []}}' visible='Want better insight into your daily life? Set up the SmartThings devices that you use to better understand your daily life. Later Set up now' speech='Later Want better insight into your daily life? Set up the SmartThings devices that you use to better understand your daily life. Later Set up now' crop='output\talkback_compare_20260430_141559\crops\i_._life._step_10_Want_better_insight_into_your_daily_life.png' timing(move=1.201s ann=3.102s get_focus=0.973s get_focus_fallback_dump=0.000s step_dump=0.000s crop=0.512s total=5.788s) focus_reason='' fallback_used=False fallback_found=False step_dump_used=False step_dump_reason='focus_payload_sufficient' req_id='af76dd12'
[14:17:29] [STOP][eval] step=10 scenario='life_family_care_plugin' terminal=false same_like_count=0 no_progress=false scenario_type='content' is_global_nav=false after_realign=false recent_repeat=false bounded_two_card_loop=false semantic_same_like=false recent_duplicate=false recent_duplicate_distance=0 recent_semantic_duplicate=false recent_semantic_duplicate_distance=0 recent_semantic_unique_count=6 strict_duplicate=false semantic_duplicate=false repeat_class='none' loop_classification='none' hard_no_progress=false soft_no_progress=false no_progress_class='none' overlay_realign_grace_active=false min_step_gate_blocked=false realign_grace_suppressed=false cta_descend_applied=false promoted_from_container=true repeat_stop_hit=false decision='continue' reason='none' traversal_result='PASS_MOVED' final_result='PASS' failure_reason='' stop_explain_version='pr7_explain_v1' stop_explain_input='step:10|move:moved|smart:moved|same:0|fail:0' stop_explain_repeat='recent:false|class:none|strict:false|semantic:false|loop:none|two_card:false' stop_explain_no_progress='hit:false|class:none|hard:false|soft:false' stop_explain_gate='candidate:false|min_block:false|realign_suppress:false|realign_active:false|decision:continue'
[14:17:29] [OVERLAY] blocked no_overlay_policy scenario='life_family_care_plugin' tab='(?i).*life.*' step=10
[14:17:29] [STEP] START tab='(?i).*life.*' step=11
[14:17:35] [ROW] fingerprint='com.samsung.android.plugin.care:id/activity_toolbar|activity|activity|540,1848' normalized_fingerprint='com samsung android plugin care id activity toolbar|activity|activity' duplicate=false recent_duplicate=false distance=0 recent_semantic_duplicate=false semantic_distance=0 semantic_window_unique=6 noise=false
[14:17:35] [STEP] END tab='(?i).*life.*' step=11 elapsed=4.57s move_result='{'success': True, 'status': 'moved', 'detail': 'moved', 'raw': {'timestamp': 1777526250643, 'reqId': '63d06a1a', 'success': True, 'status': 'moved', 'detail': 'moved', 'flags': []}}' visible='Activity' speech='Activity' crop='output\talkback_compare_20260430_141559\crops\i_._life._step_11_Activity.png' timing(move=0.531s ann=3.025s get_focus=1.018s get_focus_fallback_dump=0.000s step_dump=0.000s crop=0.463s total=5.038s) focus_reason='' fallback_used=False fallback_found=False step_dump_used=False step_dump_reason='focus_payload_sufficient' req_id='bbe2032d'
[14:17:35] [STOP][eval] step=11 scenario='life_family_care_plugin' terminal=false same_like_count=0 no_progress=false scenario_type='content' is_global_nav=false after_realign=false recent_repeat=false bounded_two_card_loop=false semantic_same_like=false recent_duplicate=false recent_duplicate_distance=0 recent_semantic_duplicate=false recent_semantic_duplicate_distance=0 recent_semantic_unique_count=6 strict_duplicate=false semantic_duplicate=false repeat_class='none' loop_classification='none' hard_no_progress=false soft_no_progress=false no_progress_class='none' overlay_realign_grace_active=false min_step_gate_blocked=false realign_grace_suppressed=false cta_descend_applied=false promoted_from_container=false repeat_stop_hit=false decision='continue' reason='none' traversal_result='PASS_MOVED' final_result='PASS' failure_reason='' stop_explain_version='pr7_explain_v1' stop_explain_input='step:11|move:moved|smart:moved|same:0|fail:0' stop_explain_repeat='recent:false|class:none|strict:false|semantic:false|loop:none|two_card:false' stop_explain_no_progress='hit:false|class:none|hard:false|soft:false' stop_explain_gate='candidate:false|min_block:false|realign_suppress:false|realign_active:false|decision:continue'
[14:17:35] [STEP][row_filter] label='Activity' reason='visited_logical_signature'
[14:17:35] [OVERLAY] blocked no_overlay_policy scenario='life_family_care_plugin' tab='(?i).*life.*' step=11
[14:17:35] [STEP] START tab='(?i).*life.*' step=12
[14:17:41] [STEP][cta_promote_keep] step=12 scenario='life_family_care_plugin' cluster='com.samsung.android.plugin.care:id/first_activity_layout||com.samsung.android.plugin.care:id/device_info' kept_rid='com.samsung.android.plugin.care:id/device_info' reason='preserve_committed_cta_sibling'
[14:17:41] [STEP][cta_sibling_visit] step=12 scenario='life_family_care_plugin' cluster='com.samsung.android.plugin.care:id/first_activity_layout||com.samsung.android.plugin.care:id/device_info' visited='com.samsung.android.plugin.care:id/device_info'
[14:17:41] [STEP][cta_promote] step=12 scenario='life_family_care_plugin' container_rid='com.samsung.android.plugin.care:id/first_activity_layout' selected_cta_rid='com.samsung.android.plugin.care:id/device_info' selected_cta_label='View information' cta_candidates='View information' reason='actionable_child_promoted'
[14:17:41] [STEP][cta_focus_align] step=12 scenario='life_family_care_plugin' target_rid='com.samsung.android.plugin.care:id/device_info' method='select' attempt=1
[14:17:42] [STEP][cta_focus_align_success] step=12 scenario='life_family_care_plugin' target_rid='com.samsung.android.plugin.care:id/device_info'
[14:17:42] [ROW] fingerprint='com.samsung.android.plugin.care:id/device_info|view information|view information|489,2112' normalized_fingerprint='com samsung android plugin care id device info|view information|view information' duplicate=false recent_duplicate=false distance=0 recent_semantic_duplicate=false semantic_distance=0 semantic_window_unique=6 noise=false
[14:17:42] [STEP] END tab='(?i).*life.*' step=12 elapsed=5.29s move_result='{'success': True, 'status': 'moved', 'detail': 'moved', 'raw': {'timestamp': 1777526256879, 'reqId': '9a62e493', 'success': True, 'status': 'moved', 'detail': 'moved', 'flags': []}}' visible='View information' speech='View information' crop='output\talkback_compare_20260430_141559\crops\i_._life._step_12_First_activity_4_00_am_건우의_Z_Flip6_View.png' timing(move=1.215s ann=3.064s get_focus=1.014s get_focus_fallback_dump=0.000s step_dump=0.000s crop=0.496s total=5.790s) focus_reason='' fallback_used=False fallback_found=False step_dump_used=False step_dump_reason='focus_payload_sufficient' req_id='b114016a'
[14:17:42] [STOP][eval] step=12 scenario='life_family_care_plugin' terminal=false same_like_count=0 no_progress=false scenario_type='content' is_global_nav=false after_realign=false recent_repeat=false bounded_two_card_loop=false semantic_same_like=false recent_duplicate=false recent_duplicate_distance=0 recent_semantic_duplicate=false recent_semantic_duplicate_distance=0 recent_semantic_unique_count=6 strict_duplicate=false semantic_duplicate=false repeat_class='none' loop_classification='none' hard_no_progress=false soft_no_progress=false no_progress_class='none' overlay_realign_grace_active=false min_step_gate_blocked=false realign_grace_suppressed=false cta_descend_applied=false promoted_from_container=true repeat_stop_hit=false decision='continue' reason='none' traversal_result='PASS_MOVED' final_result='PASS' failure_reason='' stop_explain_version='pr7_explain_v1' stop_explain_input='step:12|move:moved|smart:moved|same:0|fail:0' stop_explain_repeat='recent:false|class:none|strict:false|semantic:false|loop:none|two_card:false' stop_explain_no_progress='hit:false|class:none|hard:false|soft:false' stop_explain_gate='candidate:false|min_block:false|realign_suppress:false|realign_active:false|decision:continue'
[14:17:42] [STEP][row_filter] label='View information' reason='visited_logical_signature'
[14:17:42] [OVERLAY] blocked no_overlay_policy scenario='life_family_care_plugin' tab='(?i).*life.*' step=12
[14:17:42] [STEP] START tab='(?i).*life.*' step=13
[14:17:48] [ROW] fingerprint='com.samsung.android.plugin.care:id/subtext|first activity|first activity|248,1941' normalized_fingerprint='com samsung android plugin care id subtext|first activity|first activity' duplicate=false recent_duplicate=false distance=0 recent_semantic_duplicate=false semantic_distance=0 semantic_window_unique=6 noise=false
[14:17:48] [STEP] END tab='(?i).*life.*' step=13 elapsed=4.59s move_result='{'success': True, 'status': 'moved', 'detail': 'moved', 'raw': {'timestamp': 1777526263745, 'reqId': 'bc8fbd46', 'success': True, 'status': 'moved', 'detail': 'moved', 'flags': []}}' visible='First activity' speech='First activity' crop='output\talkback_compare_20260430_141559\crops\i_._life._step_13_First_activity.png' timing(move=0.487s ann=3.052s get_focus=1.047s get_focus_fallback_dump=0.000s step_dump=0.000s crop=0.503s total=5.090s) focus_reason='' fallback_used=False fallback_found=False step_dump_used=False step_dump_reason='focus_payload_sufficient' req_id='6afeb9f7'
[14:17:48] [STOP][eval] step=13 scenario='life_family_care_plugin' terminal=false same_like_count=0 no_progress=false scenario_type='content' is_global_nav=false after_realign=false recent_repeat=false bounded_two_card_loop=false semantic_same_like=false recent_duplicate=false recent_duplicate_distance=0 recent_semantic_duplicate=false recent_semantic_duplicate_distance=0 recent_semantic_unique_count=6 strict_duplicate=false semantic_duplicate=false repeat_class='none' loop_classification='none' hard_no_progress=false soft_no_progress=false no_progress_class='none' overlay_realign_grace_active=false min_step_gate_blocked=false realign_grace_suppressed=false cta_descend_applied=false promoted_from_container=false repeat_stop_hit=false decision='continue' reason='none' traversal_result='PASS_MOVED' final_result='PASS' failure_reason='' stop_explain_version='pr7_explain_v1' stop_explain_input='step:13|move:moved|smart:moved|same:0|fail:0' stop_explain_repeat='recent:false|class:none|strict:false|semantic:false|loop:none|two_card:false' stop_explain_no_progress='hit:false|class:none|hard:false|soft:false' stop_explain_gate='candidate:false|min_block:false|realign_suppress:false|realign_active:false|decision:continue'
[14:17:48] [STEP][row_filter] label='First activity' reason='visited_logical_signature'
[14:17:48] [OVERLAY] blocked no_overlay_policy scenario='life_family_care_plugin' tab='(?i).*life.*' step=13
[14:17:48] [STEP] START tab='(?i).*life.*' step=14
[14:17:53] [ROW] fingerprint='com.samsung.android.plugin.care:id/subtext|latest activity|latest activity|733,1941' normalized_fingerprint='com samsung android plugin care id subtext|latest activity|latest activity' duplicate=false recent_duplicate=false distance=0 recent_semantic_duplicate=false semantic_distance=0 semantic_window_unique=6 noise=false
[14:17:53] [STEP] END tab='(?i).*life.*' step=14 elapsed=4.59s move_result='{'success': True, 'status': 'moved', 'detail': 'moved', 'raw': {'timestamp': 1777526269305, 'reqId': '8b96cd40', 'success': True, 'status': 'moved', 'detail': 'moved', 'flags': []}}' visible='Latest activity' speech='Latest activity' crop='output\talkback_compare_20260430_141559\crops\i_._life._step_14_Latest_activity.png' timing(move=0.520s ann=3.087s get_focus=0.980s get_focus_fallback_dump=0.000s step_dump=0.000s crop=0.497s total=5.084s) focus_reason='' fallback_used=False fallback_found=False step_dump_used=False step_dump_reason='focus_payload_sufficient' req_id='4785e6d1'
[14:17:53] [STOP][eval] step=14 scenario='life_family_care_plugin' terminal=false same_like_count=0 no_progress=false scenario_type='content' is_global_nav=false after_realign=false recent_repeat=false bounded_two_card_loop=false semantic_same_like=false recent_duplicate=false recent_duplicate_distance=0 recent_semantic_duplicate=false recent_semantic_duplicate_distance=0 recent_semantic_unique_count=6 strict_duplicate=false semantic_duplicate=false repeat_class='none' loop_classification='none' hard_no_progress=false soft_no_progress=false no_progress_class='none' overlay_realign_grace_active=false min_step_gate_blocked=false realign_grace_suppressed=false cta_descend_applied=false promoted_from_container=false repeat_stop_hit=false decision='continue' reason='none' traversal_result='PASS_MOVED' final_result='PASS' failure_reason='' stop_explain_version='pr7_explain_v1' stop_explain_input='step:14|move:moved|smart:moved|same:0|fail:0' stop_explain_repeat='recent:false|class:none|strict:false|semantic:false|loop:none|two_card:false' stop_explain_no_progress='hit:false|class:none|hard:false|soft:false' stop_explain_gate='candidate:false|min_block:false|realign_suppress:false|realign_active:false|decision:continue'
[14:17:53] [STEP][row_filter] label='Latest activity' reason='visited_logical_signature'
[14:17:53] [OVERLAY] blocked no_overlay_policy scenario='life_family_care_plugin' tab='(?i).*life.*' step=14
[14:17:53] [STEP] START tab='(?i).*life.*' step=15
[14:17:59] [STEP][cluster_pre_filter] skipped='If you're having a sluggish afternoon, take a moment to move around.|Weather information, Icon. Add home information' count=2 reason='consumed_cluster_early_skip'
[14:17:59] [STEP][chrome_penalty] deprioritized='Navigate up|Family Care|Add family member|More options' reason='top_chrome_during_content_phase'
[14:17:59] [STEP][content_phase_eval] content_present=true chrome_present=true chrome_excluded=true
[14:17:59] [STEP][container_candidate_promoted] label='Weather information, Icon. Add home information' reason='top_priority_container'
[14:17:59] [STEP][container_candidate_promoted] label='Set up now' reason='top_priority_container'
[14:17:59] [STEP][status_exhausted_excluded] rejected='Active now' reason='passive_status_or_empty_state'
[14:17:59] [STEP][section_header_deferred] candidates='Want better insight into your daily life?' reason='content_candidates_present'
[14:17:59] [STEP][leaf_hard_filter] rejected='Later' reason='low_value_leaf'
[14:17:59] [STEP][representative_exhausted_guard] rejected='Set up now|Later' reason='already_consumed_representative'
[14:17:59] [STEP][selection_candidates] all='Set up now|Later|Active now|Want better insight into your daily life?|Set up the SmartThings devices that you use to ...' after_filter='Set up the SmartThings devices that you use to better understand your daily life.|Set up now' rejected_by_revisit='none'
[14:17:59] [STEP][viewport_exhausted_eval] all_candidates='Set up now|Later|Active now|Want better insight into your daily life?' selection_candidates='Set up the SmartThings devices that you use to better understand your daily life.|Set up now' representative_candidates='Set up the SmartThings devices that you use to better understand your daily life.' status_excluded='Active now' chrome_excluded='Navigate up|Family Care|Add family member|More options' leaf_excluded='Later' revisit_rejected='none' visited_rejected='none' cluster_consumed_rejected='none' consumed_rejected='Set up now|Later' result=false reason='representative_candidates_remaining' version='pr108-local-tab-last-selected-hint-v1'
[14:17:59] [STEP][spatial_priority] candidates='Set up the SmartThings devices that you use to better understand your daily life.|Set up now' selected='Set up the SmartThings devices that you use to better understand your daily life.' reason='higher_in_viewport'
[14:17:59] [STEP][continuity_priority] previous='Latest activity' selected='Set up the SmartThings devices that you use to better understand your daily life.' reason='jump_penalty_reduced_but_selected'
[14:17:59] [STEP][traversal_order] candidates='Set up now|Later|Set up the SmartThings devices that you use to better understand your daily life.|Set up now' after_visited_filter='Set up the SmartThings devices that you use to better understand your daily life.|Set up now' selected='Set up the SmartThings devices that you use to better understand your daily life.' reason='top_to_bottom_after_visited_filter'
[14:17:59] [STEP][logical_signature] label='Set up the SmartThings devices that you use to better understand your daily life.' signature='com.samsung.android.plugin.care:id/tips_text||set up the smartthings devices that you use to better understand your d...'
[14:17:59] [STEP][duplicate_prevention] visited_count=10 cluster_visited_count=2 selected='Set up the SmartThings devices that you use to better understand your daily life.'
[14:17:59] [STEP][focus_anchor] selected='Set up the SmartThings devices that you use to better understand your daily life.' current='4:00' matched=false reason='representative_focus_mismatch'
[14:17:59] [STEP][focus_context_mismatch] selected='Set up the SmartThings devices that you use to better understand your daily life.' current_focus='4:00' reason='representative_differs_from_focus_context'
[14:17:59] [STEP][focus_realign_candidates] all='Set up now|Later|Set up the SmartThings devices that you use to better understand your daily life.' eligible='Set up the SmartThings devices that you use to better understand your daily life.' rejected_recent='none' rejected_consumed='Set up now|Later'
[14:17:59] [STEP][focus_force_realign] target='Set up the SmartThings devices that you use to better understand your daily life.' method='rid' reason='strip_or_stale_focus_context'
[14:17:59] [STEP][focus_realign] target='Set up the SmartThings devices that you use to better understand your daily life.' method='rid' attempt=1
[14:18:00] [STEP][focus_realign_success] target='Set up the SmartThings devices that you use to better understand your daily life.' resolved_focus='Set up the SmartThings devices that you use to better understand your daily life.'
[14:18:00] [STEP][focus_force_realign_success] target='Set up the SmartThings devices that you use to better understand your daily life.' resolved_focus='Set up the SmartThings devices that you use to better understand your daily life.'
[14:18:00] [STEP][focus_realign_record] target='Set up the SmartThings devices that you use to better understand your daily life.' signature='com.samsung.android.plugin.care:id/tips_text||{'l': 312, 't': 1370, 'r': 996, 'b': 1548}||set up the smartthings devi...' phase='content'
[14:18:00] [STEP][candidate_priority] content_candidates='Set up now|Later|Active now|Want better insight into your daily life?|Set up the SmartThings devices that you use to ...' status_candidates='Active now' selected='Set up the SmartThings devices that you use to better understand your daily life.' reason='representative_content_preferred_over_passive_status'
[14:18:00] [STEP][bottom_strip_policy] content_present=true bottom_strip_deferred=true
[14:18:00] [STEP][candidate_sort_key] selected='Set up the SmartThings devices that you use to better understand your daily life.' sort_key='score=169999,top=1370,left=312'
[14:18:00] [STEP][cta_promote_skip] step=15 scenario='life_family_care_plugin' container_rid='com.samsung.android.plugin.care:id/tips_text' reason='no_actionable_child_found'
[14:18:00] [STEP][cluster_consumed] cluster='com.samsung.android.plugin.care:id/tips_text||{'l': 312, 't': 1370, 'r': 996, 'b': 1548}||set up the smartthings devi...'
[14:18:00] [ROW] fingerprint='com.samsung.android.plugin.care:id/tips_text|set up the smartthings devices that you use to better understand your daily life|set up the smartthings devices that you use to better understand your daily life|654,1459' normalized_fingerprint='com samsung android plugin care id tips text|set up the smartthings devices that you use to better understand your daily life|set up the smartthings devices that you use to better understand your daily life' duplicate=false recent_duplicate=false distance=0 recent_semantic_duplicate=false semantic_distance=0 semantic_window_unique=6 noise=false
[14:18:00] [STEP] END tab='(?i).*life.*' step=15 elapsed=4.59s move_result='{'success': True, 'status': 'moved', 'detail': 'moved', 'raw': {'timestamp': 1777526274864, 'reqId': '4c388973', 'success': True, 'status': 'moved', 'detail': 'moved', 'flags': []}}' visible='Set up the SmartThings devices that you use to better understand your daily life.' speech='Set up the SmartThings devices that you use to better understand your daily life.' crop='output\talkback_compare_20260430_141559\crops\i_._life._step_15_4_00.png' timing(move=0.493s ann=3.095s get_focus=0.997s get_focus_fallback_dump=0.000s step_dump=0.000s crop=0.480s total=5.066s) focus_reason='' fallback_used=False fallback_found=False step_dump_used=False step_dump_reason='focus_payload_sufficient' req_id='21d20711'
[14:18:00] [STOP][eval] step=15 scenario='life_family_care_plugin' terminal=false same_like_count=0 no_progress=false scenario_type='content' is_global_nav=false after_realign=false recent_repeat=false bounded_two_card_loop=false semantic_same_like=false recent_duplicate=false recent_duplicate_distance=0 recent_semantic_duplicate=false recent_semantic_duplicate_distance=0 recent_semantic_unique_count=6 strict_duplicate=false semantic_duplicate=false repeat_class='none' loop_classification='none' hard_no_progress=false soft_no_progress=false no_progress_class='none' overlay_realign_grace_active=false min_step_gate_blocked=false realign_grace_suppressed=false cta_descend_applied=false promoted_from_container=false repeat_stop_hit=false decision='continue' reason='none' traversal_result='PASS_MOVED' final_result='PASS' failure_reason='' stop_explain_version='pr7_explain_v1' stop_explain_input='step:15|move:moved|smart:moved|same:0|fail:0' stop_explain_repeat='recent:false|class:none|strict:false|semantic:false|loop:none|two_card:false' stop_explain_no_progress='hit:false|class:none|hard:false|soft:false' stop_explain_gate='candidate:false|min_block:false|realign_suppress:false|realign_active:false|decision:continue'
[14:18:00] [RESULT] skipped anchor rows count=1
[14:18:00] [SAVE] writing sheets raw/filtered/summary/result
[14:18:00] [SAVE] filtered rows=12, raw rows=12
[14:18:00] [SAVE] saved excel: output/talkback_compare_20260430_141559.xlsx rows=12 with_images=False
[14:18:00] [OVERLAY] blocked no_overlay_policy scenario='life_family_care_plugin' tab='(?i).*life.*' step=15
[14:18:00] [STEP] START tab='(?i).*life.*' step=16
[14:18:06] [STEP][cluster_pre_filter] skipped='If you're having a sluggish afternoon, take a moment to move around.|Weather information, Icon. Add home information|...' count=3 reason='consumed_cluster_early_skip'
[14:18:06] [STEP][chrome_penalty] deprioritized='Navigate up|Family Care|Add family member|More options' reason='top_chrome_during_content_phase'
[14:18:06] [STEP][content_phase_eval] content_present=true chrome_present=true chrome_excluded=true
[14:18:06] [STEP][container_candidate_promoted] label='Weather information, Icon. Add home information' reason='top_priority_container'
[14:18:06] [STEP][container_candidate_promoted] label='Set up now' reason='top_priority_container'
[14:18:06] [STEP][status_exhausted_excluded] rejected='Active now' reason='passive_status_or_empty_state'
[14:18:06] [STEP][section_header_deferred] candidates='Want better insight into your daily life?' reason='content_candidates_present'
[14:18:06] [STEP][leaf_hard_filter] rejected='Later' reason='low_value_leaf'
[14:18:06] [STEP][representative_exhausted_guard] rejected='Set up now|Later' reason='already_consumed_representative'
[14:18:06] [STEP][selection_candidates] all='Set up now|Later|Active now|Want better insight into your daily life?|Set up now' after_filter='Set up now' rejected_by_revisit='none'
[14:18:06] [STEP][viewport_exhausted_eval] all_candidates='Set up now|Later|Active now|Want better insight into your daily life?' selection_candidates='Set up now' representative_candidates='none' status_excluded='Active now' chrome_excluded='Navigate up|Family Care|Add family member|More options' leaf_excluded='Later' revisit_rejected='none' visited_rejected='none' cluster_consumed_rejected='none' consumed_rejected='Set up now|Later' result=true reason='no_representative_candidates' version='pr108-local-tab-last-selected-hint-v1'
[14:18:06] [STEP][traversal_order] candidates='Set up now|Later|Set up now' after_visited_filter='Set up now' selected='Set up now' reason='top_to_bottom_after_visited_filter'
[14:18:06] [STEP][logical_signature] label='Set up now' signature='com.samsung.android.plugin.care:id/second_button_text||set up now||description'
[14:18:06] [STEP][scroll_ready_eval] cluster='com.samsung.android.plugin.care:id/second_button_text||{'l': 759, 't': 1611, 'r': 993, 'b': 1674}||set up now' representative='Set up now' representative_candidates='none' move_result='moved' same_like_count=0 same_object=false cluster_title_fallback_applied=false recent_representative_count=5 consumed_cluster=false result=false reason='move_not_failed' version='pr108-local-tab-last-selected-hint-v1'
[14:18:06] [STEP][focus_anchor] selected='Set up now' current='Later' matched=false reason='representative_focus_mismatch'
[14:18:06] [STEP][focus_context_mismatch] selected='Set up now' current_focus='Later' reason='representative_differs_from_focus_context'
[14:18:06] [STEP][focus_realign_candidates] all='Set up now|Later' eligible='none' rejected_recent='none' rejected_consumed='Set up now|Later'
[14:18:06] [STEP][focus_force_realign] target='Set up now' method='rid' reason='strip_or_stale_focus_context'
[14:18:06] [STEP][focus_realign] target='Set up now' method='rid' attempt=1
[14:18:07] [STEP][focus_force_realign] target='Set up now' method='label' reason='strip_or_stale_focus_context'
[14:18:07] [STEP][focus_realign] target='Set up now' method='label' attempt=2
[14:18:08] [STEP][focus_realign_success] target='Set up now' resolved_focus='Set up now'
[14:18:08] [STEP][focus_force_realign_success] target='Set up now' resolved_focus='Set up now'
[14:18:08] [STEP][focus_realign_record] target='Set up now' signature='com.samsung.android.plugin.care:id/second_button_text||{'l': 759, 't': 1611, 'r': 993, 'b': 1674}||set up now' phase='content'
[14:18:08] [STEP][candidate_priority] content_candidates='Set up now|Later|Active now|Want better insight into your daily life?|Set up now' status_candidates='Active now' selected='Set up now' reason='representative_content_preferred_over_passive_status'
[14:18:08] [STEP][bottom_strip_policy] content_present=true bottom_strip_deferred=true
[14:18:08] [STEP][candidate_sort_key] selected='Set up now' sort_key='score=49999,top=1587,left=723'
[14:18:08] [STEP][cluster_consumed] cluster='com.samsung.android.plugin.care:id/second_button_text||{'l': 759, 't': 1611, 'r': 993, 'b': 1674}||set up now'
[14:18:08] [ROW] fingerprint='com.samsung.android.plugin.care:id/second_button|set up now|set up now|876,1642' normalized_fingerprint='com samsung android plugin care id second button|set up now|set up now' duplicate=false recent_duplicate=false distance=0 recent_semantic_duplicate=false semantic_distance=0 semantic_window_unique=6 noise=false
[14:18:08] [STEP] END tab='(?i).*life.*' step=16 elapsed=4.60s move_result='{'success': True, 'status': 'moved', 'detail': 'moved', 'raw': {'timestamp': 1777526282012, 'reqId': 'd1535a2b', 'success': True, 'status': 'moved', 'detail': 'moved', 'flags': []}}' visible='Set up now' speech='Set up now' crop='output\talkback_compare_20260430_141559\crops\i_._life._step_16_Later.png' timing(move=0.527s ann=3.054s get_focus=1.023s get_focus_fallback_dump=0.000s step_dump=0.000s crop=0.533s total=5.138s) focus_reason='' fallback_used=False fallback_found=False step_dump_used=False step_dump_reason='focus_payload_sufficient' req_id='79fed8b6'
[14:18:09] [STEP][representative_exhausted_guard] rejected='Set up now|Later' reason='already_consumed_representative'
[14:18:09] [STEP][selection_candidates] all='Set up now|Later|Active now|Want better insight into your daily life?|Later' after_filter='none' rejected_by_revisit='none'
[14:18:09] [STEP][status_exhausted_excluded] rejected='Active now' reason='passive_status_or_empty_state'
[14:18:09] [STEP][container_candidate_promoted] label='Weather information, Icon. Add home information' reason='top_priority_container'
[14:18:09] [STEP][container_candidate_promoted] label='Set up now' reason='top_priority_container'
[14:18:09] [STEP][representative_exhausted_eval] representative_candidates='none' consumed_representatives='Set up now|Later' status_excluded='Active now' section_header_deferred='Want better insight into your daily life?' chrome_excluded='Navigate up|Family Care|Add family member|More options' exhausted=true
[14:18:09] [STEP][exhaustion_candidates] from_selection='none' after_consumed_filter='none' exhausted=true
[14:18:09] [STEP][viewport_exhausted_eval] all_candidates='Set up now|Later|Active now|Want better insight into your daily life?' selection_candidates='none' representative_candidates='none' status_excluded='Active now' chrome_excluded='Navigate up|Family Care|Add family member|More options' leaf_excluded='Later' revisit_rejected='none' consumed_rejected='Set up now|Later' result=true reason='no_representative_candidates' version='pr108-local-tab-last-selected-hint-v1'
[14:18:09] [STEP][viewport_exhausted] representative_candidates='' reason='no_representative_in_viewport'
[14:18:09] [STEP][bottom_strip_context_eval] current_focus_strip=false current_row_strip=true previous_row_strip=false recent_strip_seen=false dump_strip_seen=true result=true
[14:18:09] [STEP][last_scroll_fallback_eval] viewport_exhausted=true bottom_strip_context=true normal_block_reason='not_scrollable' allowed=true scrollable_uncertain=true reason='bottom_strip_context_scrollable_uncertain'
[14:18:09] [STEP][scrollable_phase_debug] scrollable_nodes='none' content_area_bounds='none' result=false
[14:18:09] [STEP][scroll_fallback_gate] viewport_exhausted=true scrollable=false allowed=true signature='||||set up now|later|active now|want better insight into your daily life?||navigate up|family care|add family member|...' reason='bottom_strip_context_scrollable_uncertain' version='pr108-local-tab-last-selected-hint-v1'
[14:18:09] [STEP][scroll_fallback_eval] viewport_exhausted=true scrollable=false allowed=true signature='||||set up now|later|active now|want better insight into your daily life?||navigate up|family care|add family member|...' reason='bottom_strip_context_scrollable_uncertain'
[14:18:09] [STEP][last_scroll_fallback] attempt=1 reason='bottom_strip_viewport_exhausted'
[14:18:13] [STEP][section_header_allowed] candidates='Want better insight into your daily life?' reason='content_exhausted_after_scroll'
[14:18:13] [STEP][local_tab_recover] reason='state_missing_but_dump_strip_seen' candidates='ActivityButton Activity|LocationButton Location|EventsButton Events' active='ActivityButton Activity'
[14:18:13] [STEP][local_tab_candidates] candidates='ActivityButton Activity|LocationButton Location|EventsButton Events'
[14:18:13] [STEP][local_tab_sorted] order='ActivityButton Activity|LocationButton Location|EventsButton Events'
[14:18:13] [STEP][local_tab_active_state] committed='none' committed_age=0 pending='none' pending_age=0 ttl=3 candidate_order='ActivityButton Activity|LocationButton Location|EventsButton Events'
[14:18:13] [FATAL] script interrupted: [Errno 22] Invalid argument
[14:18:13] [RESULT] skipped anchor rows count=1
[14:18:13] [SAVE] writing sheets raw/filtered/summary/result
[14:18:13] [SAVE] filtered rows=12, raw rows=12
[14:18:14] [SAVE] saved excel: output/talkback_compare_20260430_141559.xlsx rows=12 with_images=False
[14:18:14] [RESULT] skipped anchor rows count=1
[14:18:14] [SAVE] writing sheets raw/filtered/summary/result
[14:18:14] [SAVE] filtered rows=12, raw rows=12
[14:18:14] [SAVE] saved excel: output/talkback_compare_20260430_141559.xlsx rows=12 with_images=True
[14:18:14] [MAIN] final save complete
[14:18:14] [PERF][run_summary] total_runtime=133.4 total_scenarios=1 total_steps=12 total_overlay_count=0 avg_get_focus=1.005 avg_move=0.63 fallback_dump_count=0 success_false_top_level_dump_attempt_count=0 success_false_top_level_dump_found_count=0 fallback_dump_rate=0.0 get_focus_strong_skip_rate=100.0 realign_success_rate=80.0 save_excel_count=7
