[ROW_CONTEXT]
scenario=
tab=(?i).*life.*
step=12
req_id=e4b818d9
visible=Tap to set up.
speech=Tap to set up.
final_result=FAIL
failure_reason=move_failed

review_note=이동/발화 결과 재검토 필요
noise=
move_result={'success': true, 'status': 'moved', 'detail': 'moved', 'raw': {'timestamp': 1776350978388, 'reqid': '3f8f97a0', 'success': true, 'status': 'moved', 'detail': 'moved', 'flags': []}}
debug_source_row_found=false

[ANN_TRACE]
[ANN][baseline] req_id=e4b818d9 text='' source='source_row_missing' empty_reason='no_prev_step_row'
[ANN][poll] req_id=e4b818d9 idx=0 raw='Tap to set up.' normalized='tap to set up.' changed=true differs_from_baseline=true source='row_snapshot' observed_at='' count=0
[ANN][trim] req_id=e4b818d9 considered=false applied=false before='Tap to set up.' after='Tap to set up.' reject_reason='' reason='trim_stage_not_reached'
[ANN][stable] req_id=e4b818d9 selected='Tap to set up.' reason='result_row_snapshot' source='result_row'
[ANN][select] req_id=e4b818d9 used_snapshot=true snapshot_reason='no_better_recent_poll_candidate' previous='' current='Tap to set up.' final='Tap to set up.'

[STEP_TRACE]
[23:49:42] [STEP] END tab='(?i).*life.*' step=12 elapsed=4.67s move_result='{'success': True, 'status': 'moved', 'detail': 'moved', 'raw': {'timestamp': 1776350978388, 'reqId': '3f8f97a0', 'success': True, 'status': 'moved', 'detail': 'moved', 'flags': []}}' visible='Tap to set up.' speech='Tap to set up.' crop='output\talkback_compare_20260416_231624\crops\i_._life._step_12_Tap_to_set_up..png' timing(move=0.447s ann=3.072s get_focus=1.153s get_focus_fallback_dump=0.000s step_dump=0.000s crop=0.566s total=5.239s) focus_reason='' fallback_used=False fallback_found=False step_dump_used=False step_dump_reason='focus_payload_sufficient' req_id='e4b818d9'
[STEP][summary] req_id=e4b818d9 tab='(?i).*life.*' step=12 move_result='{'success': true, 'status': 'moved', 'detail': 'moved', 'raw': {'timestamp': 1776350978388, 'reqid': '3f8f97a0', 'success': true, 'status': 'moved', 'detail': 'moved', 'flags': []}}' terminal=false no_progress=false

[SCROLL_TRACE]
[SCROLL] req_id=e4b818d9 scroll_related_log_found=false move_result='{'success': true, 'status': 'moved', 'detail': 'moved', 'raw': {'timestamp': 1776350978388, 'reqid': '3f8f97a0', 'success': true, 'status': 'moved', 'detail': 'moved', 'flags': []}}' smart_result='' detail='' inferred_scroll=false inference_reason='no_scroll_signal_found'

[FOCUS_TRACE]
[23:49:42] [STEP] END tab='(?i).*life.*' step=12 elapsed=4.67s move_result='{'success': True, 'status': 'moved', 'detail': 'moved', 'raw': {'timestamp': 1776350978388, 'reqId': '3f8f97a0', 'success': True, 'status': 'moved', 'detail': 'moved', 'flags': []}}' visible='Tap to set up.' speech='Tap to set up.' crop='output\talkback_compare_20260416_231624\crops\i_._life._step_12_Tap_to_set_up..png' timing(move=0.447s ann=3.072s get_focus=1.153s get_focus_fallback_dump=0.000s step_dump=0.000s crop=0.566s total=5.239s) focus_reason='' fallback_used=False fallback_found=False step_dump_used=False step_dump_reason='focus_payload_sufficient' req_id='e4b818d9'
[FOCUS] req_id=e4b818d9 get_focus_req_id='' response_success=false payload_source='' payload_sufficient=false fallback_used=false fallback_found=false dump_attempted=false final_payload_source='' focus_reason='' missing_reason=''

[DECISION_TRACE]
baseline_empty=true
first_candidate_contaminated=true
trim_considered=false
trim_applied=false
stable_reason='result_row_snapshot'
used_snapshot=true
snapshot_reason='no_better_recent_poll_candidate'
scroll_evidence='weak'
focus_evidence='strong'
notes='final speech appears to come from snapshot candidate path'
