[ROW_CONTEXT]
scenario=
tab=(?i).*life.*
step=2
req_id=0b04cf3a
visible=Want better insight into your daily life? Set up the SmartThings devices that you use to better understand your daily life. Later Set up now
speech=Later Want better insight into your daily life? Set up the SmartThings devices that you use to better understand your daily life. Later Set up now
final_result=PASS
failure_reason=terminal_not_handled

review_note=정상 이동 및 발화 일치
noise=
move_result=moved
debug_source_row_found=false

[ANN_TRACE]
[ANN][baseline] req_id=0b04cf3a text='' source='source_row_missing' empty_reason='no_prev_step_row'
[ANN][poll] req_id=0b04cf3a idx=0 raw='Later Want better insight into your daily life? Set up the SmartThings devices that you use to better understand your daily life. Later Set up now' normalized='later want better insight into your daily life? set up the smartthings devices that you use to better understand your daily life. later set up now' changed=true differs_from_baseline=true source='row_snapshot' observed_at='' count=0
[ANN][trim] req_id=0b04cf3a considered=false applied=false before='Later Want better insight into your daily life? Set up the SmartThings devices that you use to better understand your daily life. Later Set up now' after='Later Want better insight into your daily life? Set up the SmartThings devices that you use to better understand your daily life. Later Set up now' reject_reason='' reason='trim_stage_not_reached'
[ANN][stable] req_id=0b04cf3a selected='Later Want better insight into your daily life? Set up the SmartThings devices that you use to better understand your daily life. Later Set up now' reason='result_row_snapshot' source='result_row'
[ANN][select] req_id=0b04cf3a used_snapshot=true snapshot_reason='no_better_recent_poll_candidate' previous='' current='Later Want better insight into your daily life? Set up the SmartThings devices that you use to better understand your daily life. Later Set up now' final='Later Want better insight into your daily life? Set up the SmartThings devices that you use to better understand your daily life. Later Set up now'

[STEP_TRACE]
[23:25:33] [STEP] END tab='(?i).*life.*' step=2 elapsed=5.36s move_result='{'success': True, 'status': 'moved', 'detail': 'moved', 'raw': {'timestamp': 1776867927947, 'reqId': 'a0edb8b5', 'success': True, 'status': 'moved', 'detail': 'moved', 'flags': []}}' visible='Want better insight into your daily life? Set up the SmartThings devices that you use to better understand your daily life. Later Set up now' speech='Later Want better insight into your daily life? Set up the SmartThings devices that you use to better understand your daily life. Later Set up now' crop='output\talkback_compare_20260422_232451\crops\i_._life._step_2_Want_better_insight_into_your_daily_life.png' timing(move=1.265s ann=3.061s get_focus=1.033s get_focus_fallback_dump=0.000s step_dump=0.000s crop=0.528s total=5.888s) focus_reason='' fallback_used=False fallback_found=False step_dump_used=False step_dump_reason='focus_payload_sufficient' req_id='0b04cf3a'
[STEP][summary] req_id=0b04cf3a tab='(?i).*life.*' step=2 move_result='moved' terminal=false no_progress=false

[SCROLL_TRACE]
[SCROLL] req_id=0b04cf3a scroll_related_log_found=false move_result='moved' smart_result='' detail='' inferred_scroll=false inference_reason='no_scroll_signal_found'

[FOCUS_TRACE]
[23:25:33] [STEP] END tab='(?i).*life.*' step=2 elapsed=5.36s move_result='{'success': True, 'status': 'moved', 'detail': 'moved', 'raw': {'timestamp': 1776867927947, 'reqId': 'a0edb8b5', 'success': True, 'status': 'moved', 'detail': 'moved', 'flags': []}}' visible='Want better insight into your daily life? Set up the SmartThings devices that you use to better understand your daily life. Later Set up now' speech='Later Want better insight into your daily life? Set up the SmartThings devices that you use to better understand your daily life. Later Set up now' crop='output\talkback_compare_20260422_232451\crops\i_._life._step_2_Want_better_insight_into_your_daily_life.png' timing(move=1.265s ann=3.061s get_focus=1.033s get_focus_fallback_dump=0.000s step_dump=0.000s crop=0.528s total=5.888s) focus_reason='' fallback_used=False fallback_found=False step_dump_used=False step_dump_reason='focus_payload_sufficient' req_id='0b04cf3a'
[FOCUS] req_id=0b04cf3a get_focus_req_id='' response_success=false payload_source='' payload_sufficient=false fallback_used=false fallback_found=false dump_attempted=false final_payload_source='' focus_reason='' missing_reason=''

[DECISION_TRACE]
baseline_empty=true
first_candidate_contaminated=true
trim_considered=false
trim_applied=false
stable_reason='result_row_snapshot'
used_snapshot=true
snapshot_reason='no_better_recent_poll_candidate'
scroll_evidence='weak'
focus_evidence='strong'
notes='final speech appears to come from snapshot candidate path'
