[ROW_CONTEXT]
scenario=
tab=(?i).*life.*
step=35
req_id=8c866e39
visible=Mobile usageButton Mobile usage
speech=Mobile usageButton Mobile usage
final_result=FAIL
failure_reason=move_failed

review_note=이동/발화 결과 재검토 필요
noise=
move_result=failed
debug_source_row_found=false

[ANN_TRACE]
[ANN][baseline] req_id=8c866e39 text='' source='source_row_missing' empty_reason='no_prev_step_row'
[ANN][poll] req_id=8c866e39 idx=0 raw='Mobile usageButton Mobile usage' normalized='mobile usagebutton mobile usage' changed=true differs_from_baseline=true source='row_snapshot' observed_at='' count=0
[ANN][trim] req_id=8c866e39 considered=false applied=false before='Mobile usageButton Mobile usage' after='Mobile usageButton Mobile usage' reject_reason='' reason='trim_stage_not_reached'
[ANN][stable] req_id=8c866e39 selected='Mobile usageButton Mobile usage' reason='result_row_snapshot' source='result_row'
[ANN][select] req_id=8c866e39 used_snapshot=true snapshot_reason='no_better_recent_poll_candidate' previous='' current='Mobile usageButton Mobile usage' final='Mobile usageButton Mobile usage'

[STEP_TRACE]
[22:37:33] [STEP] END tab='(?i).*life.*' step=35 elapsed=5.51s move_result='' visible='Mobile usageButton Mobile usage' speech='Mobile usageButton Mobile usage' crop='output\talkback_compare_20260421_223340\crops\i_._life._step_35_LocationButton.png' timing(move=0.425s ann=3.971s get_focus=1.111s get_focus_fallback_dump=0.000s step_dump=0.000s crop=0.563s total=6.070s) focus_reason='' fallback_used=False fallback_found=False step_dump_used=False step_dump_reason='focus_payload_sufficient' req_id='8c866e39'
[STEP][summary] req_id=8c866e39 tab='(?i).*life.*' step=35 move_result='failed' terminal=false no_progress=false

[SCROLL_TRACE]
[SCROLL] req_id=8c866e39 scroll_related_log_found=false move_result='failed' smart_result='' detail='' inferred_scroll=false inference_reason='no_scroll_signal_found'

[FOCUS_TRACE]
[22:37:33] [STEP] END tab='(?i).*life.*' step=35 elapsed=5.51s move_result='' visible='Mobile usageButton Mobile usage' speech='Mobile usageButton Mobile usage' crop='output\talkback_compare_20260421_223340\crops\i_._life._step_35_LocationButton.png' timing(move=0.425s ann=3.971s get_focus=1.111s get_focus_fallback_dump=0.000s step_dump=0.000s crop=0.563s total=6.070s) focus_reason='' fallback_used=False fallback_found=False step_dump_used=False step_dump_reason='focus_payload_sufficient' req_id='8c866e39'
[FOCUS] req_id=8c866e39 get_focus_req_id='' response_success=false payload_source='' payload_sufficient=false fallback_used=false fallback_found=false dump_attempted=false final_payload_source='' focus_reason='' missing_reason=''

[DECISION_TRACE]
baseline_empty=true
first_candidate_contaminated=true
trim_considered=false
trim_applied=false
stable_reason='result_row_snapshot'
used_snapshot=true
snapshot_reason='no_better_recent_poll_candidate'
scroll_evidence='weak'
focus_evidence='strong'
notes='final speech appears to come from snapshot candidate path'
