[ROW_CONTEXT]
scenario=
tab=(?i).*life.*
step=40
req_id=fd8e6ab8
visible=View profile
speech=View profile
final_result=FAIL
failure_reason=move_failed

review_note=이동/발화 결과 재검토 필요
noise=
move_result=failed
debug_source_row_found=false

[ANN_TRACE]
[ANN][baseline] req_id=fd8e6ab8 text='' source='source_row_missing' empty_reason='no_prev_step_row'
[ANN][poll] req_id=fd8e6ab8 idx=0 raw='View profile' normalized='view profile' changed=true differs_from_baseline=true source='row_snapshot' observed_at='' count=0
[ANN][trim] req_id=fd8e6ab8 considered=false applied=false before='View profile' after='View profile' reject_reason='' reason='trim_stage_not_reached'
[ANN][stable] req_id=fd8e6ab8 selected='View profile' reason='result_row_snapshot' source='result_row'
[ANN][select] req_id=fd8e6ab8 used_snapshot=true snapshot_reason='no_better_recent_poll_candidate' previous='' current='View profile' final='View profile'

[STEP_TRACE]
[23:21:50] [STEP] END tab='(?i).*life.*' step=40 elapsed=5.21s move_result='' visible='View profile' speech='View profile' crop='output\talkback_compare_20260421_231725\crops\i_._life._step_40_LocationButton.png' timing(move=0.411s ann=3.659s get_focus=1.143s get_focus_fallback_dump=0.000s step_dump=0.000s crop=0.557s total=5.770s) focus_reason='' fallback_used=False fallback_found=False step_dump_used=False step_dump_reason='focus_payload_sufficient' req_id='fd8e6ab8'
[STEP][summary] req_id=fd8e6ab8 tab='(?i).*life.*' step=40 move_result='failed' terminal=false no_progress=false

[SCROLL_TRACE]
[SCROLL] req_id=fd8e6ab8 scroll_related_log_found=false move_result='failed' smart_result='' detail='' inferred_scroll=false inference_reason='no_scroll_signal_found'

[FOCUS_TRACE]
[23:21:50] [STEP] END tab='(?i).*life.*' step=40 elapsed=5.21s move_result='' visible='View profile' speech='View profile' crop='output\talkback_compare_20260421_231725\crops\i_._life._step_40_LocationButton.png' timing(move=0.411s ann=3.659s get_focus=1.143s get_focus_fallback_dump=0.000s step_dump=0.000s crop=0.557s total=5.770s) focus_reason='' fallback_used=False fallback_found=False step_dump_used=False step_dump_reason='focus_payload_sufficient' req_id='fd8e6ab8'
[FOCUS] req_id=fd8e6ab8 get_focus_req_id='' response_success=false payload_source='' payload_sufficient=false fallback_used=false fallback_found=false dump_attempted=false final_payload_source='' focus_reason='' missing_reason=''

[DECISION_TRACE]
baseline_empty=true
first_candidate_contaminated=true
trim_considered=false
trim_applied=false
stable_reason='result_row_snapshot'
used_snapshot=true
snapshot_reason='no_better_recent_poll_candidate'
scroll_evidence='weak'
focus_evidence='strong'
notes='final speech appears to come from snapshot candidate path'
