[ROW_CONTEXT]
scenario=
tab=(?i).*life.*
step=1
req_id=bad73f99
visible=Air Care
speech=Air Care
final_result=FAIL
failure_reason=move_failed

review_note=이동/발화 결과 재검토 필요
noise=
move_result={'success': true, 'status': 'moved', 'detail': 'moved', 'raw': {'timestamp': 1775898295306, 'reqid': 'b1c9d604', 'success': true, 'status': 'moved', 'detail': 'moved', 'flags': []}}
debug_source_row_found=false

[ANN_TRACE]
[ANN][baseline] req_id=bad73f99 text='' source='source_row_missing' empty_reason='no_prev_step_row'
[ANN][poll] req_id=bad73f99 idx=0 raw='Air Care' normalized='air care' changed=true differs_from_baseline=true source='row_snapshot' observed_at='' count=0
[ANN][trim] req_id=bad73f99 considered=false applied=false before='Air Care' after='Air Care' reject_reason='' reason='trim_stage_not_reached'
[ANN][stable] req_id=bad73f99 selected='Air Care' reason='result_row_snapshot' source='result_row'
[ANN][select] req_id=bad73f99 used_snapshot=true snapshot_reason='no_better_recent_poll_candidate' previous='' current='Air Care' final='Air Care'

[STEP_TRACE]
[18:04:59] [STEP] END tab='(?i).*life.*' step=1 elapsed=4.44s move_result='{'success': True, 'status': 'moved', 'detail': 'moved', 'raw': {'timestamp': 1775898295306, 'reqId': 'b1c9d604', 'success': True, 'status': 'moved', 'detail': 'moved', 'flags': []}}' visible='Air Care' speech='Air Care' crop='output\talkback_compare_20260411_180356\crops\i_._life._step_1_Air_Care.png' timing(move=0.421s ann=3.062s get_focus=0.960s get_focus_fallback_dump=0.000s step_dump=0.000s crop=0.473s total=4.917s) focus_reason='' fallback_used=False fallback_found=False step_dump_used=False step_dump_reason='focus_payload_sufficient' req_id='bad73f99'
[STEP][summary] req_id=bad73f99 tab='(?i).*life.*' step=1 move_result='{'success': true, 'status': 'moved', 'detail': 'moved', 'raw': {'timestamp': 1775898295306, 'reqid': 'b1c9d604', 'success': true, 'status': 'moved', 'detail': 'moved', 'flags': []}}' terminal=false no_progress=false

[SCROLL_TRACE]
[SCROLL] req_id=bad73f99 scroll_related_log_found=false move_result='{'success': true, 'status': 'moved', 'detail': 'moved', 'raw': {'timestamp': 1775898295306, 'reqid': 'b1c9d604', 'success': true, 'status': 'moved', 'detail': 'moved', 'flags': []}}' smart_result='' detail='' inferred_scroll=false inference_reason='no_scroll_signal_found'

[FOCUS_TRACE]
[18:04:59] [STEP] END tab='(?i).*life.*' step=1 elapsed=4.44s move_result='{'success': True, 'status': 'moved', 'detail': 'moved', 'raw': {'timestamp': 1775898295306, 'reqId': 'b1c9d604', 'success': True, 'status': 'moved', 'detail': 'moved', 'flags': []}}' visible='Air Care' speech='Air Care' crop='output\talkback_compare_20260411_180356\crops\i_._life._step_1_Air_Care.png' timing(move=0.421s ann=3.062s get_focus=0.960s get_focus_fallback_dump=0.000s step_dump=0.000s crop=0.473s total=4.917s) focus_reason='' fallback_used=False fallback_found=False step_dump_used=False step_dump_reason='focus_payload_sufficient' req_id='bad73f99'
[FOCUS] req_id=bad73f99 get_focus_req_id='' response_success=false payload_source='' payload_sufficient=false fallback_used=false fallback_found=false dump_attempted=false final_payload_source='' focus_reason='' missing_reason=''

[DECISION_TRACE]
baseline_empty=true
first_candidate_contaminated=true
trim_considered=false
trim_applied=false
stable_reason='result_row_snapshot'
used_snapshot=true
snapshot_reason='no_better_recent_poll_candidate'
scroll_evidence='weak'
focus_evidence='strong'
notes='final speech appears to come from snapshot candidate path'
