[ROW_CONTEXT]
scenario=
tab=(?i).*life.*
step=36
req_id=c139168a
visible=First activity
speech=First activity
final_result=FAIL
failure_reason=move_failed

review_note=이동/발화 결과 재검토 필요
noise=
move_result=failed
debug_source_row_found=false

[ANN_TRACE]
[ANN][baseline] req_id=c139168a text='' source='source_row_missing' empty_reason='no_prev_step_row'
[ANN][poll] req_id=c139168a idx=0 raw='First activity' normalized='first activity' changed=true differs_from_baseline=true source='row_snapshot' observed_at='' count=0
[ANN][trim] req_id=c139168a considered=false applied=false before='First activity' after='First activity' reject_reason='' reason='trim_stage_not_reached'
[ANN][stable] req_id=c139168a selected='First activity' reason='result_row_snapshot' source='result_row'
[ANN][select] req_id=c139168a used_snapshot=true snapshot_reason='no_better_recent_poll_candidate' previous='' current='First activity' final='First activity'

[STEP_TRACE]
[00:43:21] [STEP] END tab='(?i).*life.*' step=36 elapsed=5.48s move_result='' visible='First activity' speech='First activity' crop='output\talkback_compare_20260422_003914\crops\i_._life._step_36_LocationButton.png' timing(move=0.439s ann=3.946s get_focus=1.090s get_focus_fallback_dump=0.000s step_dump=0.000s crop=0.564s total=6.040s) focus_reason='' fallback_used=False fallback_found=False step_dump_used=False step_dump_reason='focus_payload_sufficient' req_id='c139168a'
[STEP][summary] req_id=c139168a tab='(?i).*life.*' step=36 move_result='failed' terminal=false no_progress=false

[SCROLL_TRACE]
[SCROLL] req_id=c139168a scroll_related_log_found=false move_result='failed' smart_result='' detail='' inferred_scroll=false inference_reason='no_scroll_signal_found'

[FOCUS_TRACE]
[00:43:21] [STEP] END tab='(?i).*life.*' step=36 elapsed=5.48s move_result='' visible='First activity' speech='First activity' crop='output\talkback_compare_20260422_003914\crops\i_._life._step_36_LocationButton.png' timing(move=0.439s ann=3.946s get_focus=1.090s get_focus_fallback_dump=0.000s step_dump=0.000s crop=0.564s total=6.040s) focus_reason='' fallback_used=False fallback_found=False step_dump_used=False step_dump_reason='focus_payload_sufficient' req_id='c139168a'
[FOCUS] req_id=c139168a get_focus_req_id='' response_success=false payload_source='' payload_sufficient=false fallback_used=false fallback_found=false dump_attempted=false final_payload_source='' focus_reason='' missing_reason=''

[DECISION_TRACE]
baseline_empty=true
first_candidate_contaminated=true
trim_considered=false
trim_applied=false
stable_reason='result_row_snapshot'
used_snapshot=true
snapshot_reason='no_better_recent_poll_candidate'
scroll_evidence='weak'
focus_evidence='strong'
notes='final speech appears to come from snapshot candidate path'
