[ROW_CONTEXT]
scenario=
tab=(?i).*life.*
step=48
req_id=255da45b
visible=Steps
speech=Steps
final_result=FAIL
failure_reason=move_failed

review_note=이동/발화 결과 재검토 필요
noise=
move_result=failed
debug_source_row_found=false

[ANN_TRACE]
[ANN][baseline] req_id=255da45b text='' source='source_row_missing' empty_reason='no_prev_step_row'
[ANN][poll] req_id=255da45b idx=0 raw='Steps' normalized='steps' changed=true differs_from_baseline=true source='row_snapshot' observed_at='' count=0
[ANN][trim] req_id=255da45b considered=false applied=false before='Steps' after='Steps' reject_reason='' reason='trim_stage_not_reached'
[ANN][stable] req_id=255da45b selected='Steps' reason='result_row_snapshot' source='result_row'
[ANN][select] req_id=255da45b used_snapshot=true snapshot_reason='no_better_recent_poll_candidate' previous='' current='Steps' final='Steps'

[STEP_TRACE]
[00:02:30] [STEP] END tab='(?i).*life.*' step=48 elapsed=5.43s move_result='' visible='Steps' speech='Steps' crop='output\talkback_compare_20260421_235658\crops\i_._life._step_48_LocationButton.png' timing(move=0.414s ann=3.798s get_focus=1.215s get_focus_fallback_dump=0.000s step_dump=0.000s crop=0.519s total=5.947s) focus_reason='' fallback_used=False fallback_found=False step_dump_used=False step_dump_reason='focus_payload_sufficient' req_id='255da45b'
[STEP][summary] req_id=255da45b tab='(?i).*life.*' step=48 move_result='failed' terminal=false no_progress=false

[SCROLL_TRACE]
[SCROLL] req_id=255da45b scroll_related_log_found=false move_result='failed' smart_result='' detail='' inferred_scroll=false inference_reason='no_scroll_signal_found'

[FOCUS_TRACE]
[00:02:30] [STEP] END tab='(?i).*life.*' step=48 elapsed=5.43s move_result='' visible='Steps' speech='Steps' crop='output\talkback_compare_20260421_235658\crops\i_._life._step_48_LocationButton.png' timing(move=0.414s ann=3.798s get_focus=1.215s get_focus_fallback_dump=0.000s step_dump=0.000s crop=0.519s total=5.947s) focus_reason='' fallback_used=False fallback_found=False step_dump_used=False step_dump_reason='focus_payload_sufficient' req_id='255da45b'
[FOCUS] req_id=255da45b get_focus_req_id='' response_success=false payload_source='' payload_sufficient=false fallback_used=false fallback_found=false dump_attempted=false final_payload_source='' focus_reason='' missing_reason=''

[DECISION_TRACE]
baseline_empty=true
first_candidate_contaminated=true
trim_considered=false
trim_applied=false
stable_reason='result_row_snapshot'
used_snapshot=true
snapshot_reason='no_better_recent_poll_candidate'
scroll_evidence='weak'
focus_evidence='strong'
notes='final speech appears to come from snapshot candidate path'
