[ROW_CONTEXT]
scenario=
tab=(?i).*life.*
step=9
req_id=46a81a31
visible=Information
speech=Information
final_result=FAIL
failure_reason=move_failed

review_note=이동/발화 결과 재검토 필요
noise=
move_result={'success': true, 'status': 'moved', 'detail': 'moved', 'raw': {'timestamp': 1775898374944, 'reqid': '2d3d18be', 'success': true, 'status': 'moved', 'detail': 'moved', 'flags': []}}
debug_source_row_found=false

[ANN_TRACE]
[ANN][baseline] req_id=46a81a31 text='' source='source_row_missing' empty_reason='no_prev_step_row'
[ANN][poll] req_id=46a81a31 idx=0 raw='Information' normalized='information' changed=true differs_from_baseline=true source='row_snapshot' observed_at='' count=0
[ANN][trim] req_id=46a81a31 considered=false applied=false before='Information' after='Information' reject_reason='' reason='trim_stage_not_reached'
[ANN][stable] req_id=46a81a31 selected='Information' reason='result_row_snapshot' source='result_row'
[ANN][select] req_id=46a81a31 used_snapshot=true snapshot_reason='no_better_recent_poll_candidate' previous='' current='Information' final='Information'

[STEP_TRACE]
[18:06:19] [STEP] END tab='(?i).*life.*' step=9 elapsed=4.58s move_result='{'success': True, 'status': 'moved', 'detail': 'moved', 'raw': {'timestamp': 1775898374944, 'reqId': '2d3d18be', 'success': True, 'status': 'moved', 'detail': 'moved', 'flags': []}}' visible='Information' speech='Information' crop='output\talkback_compare_20260411_180356\crops\i_._life._step_9_Information.png' timing(move=0.520s ann=3.048s get_focus=1.016s get_focus_fallback_dump=0.000s step_dump=0.000s crop=0.471s total=5.056s) focus_reason='' fallback_used=False fallback_found=False step_dump_used=False step_dump_reason='focus_payload_sufficient' req_id='46a81a31'
[STEP][summary] req_id=46a81a31 tab='(?i).*life.*' step=9 move_result='{'success': true, 'status': 'moved', 'detail': 'moved', 'raw': {'timestamp': 1775898374944, 'reqid': '2d3d18be', 'success': true, 'status': 'moved', 'detail': 'moved', 'flags': []}}' terminal=false no_progress=false

[SCROLL_TRACE]
[SCROLL] req_id=46a81a31 scroll_related_log_found=false move_result='{'success': true, 'status': 'moved', 'detail': 'moved', 'raw': {'timestamp': 1775898374944, 'reqid': '2d3d18be', 'success': true, 'status': 'moved', 'detail': 'moved', 'flags': []}}' smart_result='' detail='' inferred_scroll=false inference_reason='no_scroll_signal_found'

[FOCUS_TRACE]
[18:06:19] [STEP] END tab='(?i).*life.*' step=9 elapsed=4.58s move_result='{'success': True, 'status': 'moved', 'detail': 'moved', 'raw': {'timestamp': 1775898374944, 'reqId': '2d3d18be', 'success': True, 'status': 'moved', 'detail': 'moved', 'flags': []}}' visible='Information' speech='Information' crop='output\talkback_compare_20260411_180356\crops\i_._life._step_9_Information.png' timing(move=0.520s ann=3.048s get_focus=1.016s get_focus_fallback_dump=0.000s step_dump=0.000s crop=0.471s total=5.056s) focus_reason='' fallback_used=False fallback_found=False step_dump_used=False step_dump_reason='focus_payload_sufficient' req_id='46a81a31'
[FOCUS] req_id=46a81a31 get_focus_req_id='' response_success=false payload_source='' payload_sufficient=false fallback_used=false fallback_found=false dump_attempted=false final_payload_source='' focus_reason='' missing_reason=''

[DECISION_TRACE]
baseline_empty=true
first_candidate_contaminated=true
trim_considered=false
trim_applied=false
stable_reason='result_row_snapshot'
used_snapshot=true
snapshot_reason='no_better_recent_poll_candidate'
scroll_evidence='weak'
focus_evidence='strong'
notes='final speech appears to come from snapshot candidate path'
