[ROW_CONTEXT]
scenario=
tab=(?i).*life.*
step=19
req_id=a4d158cb
visible=Want better insight into your daily life?
speech=Want better insight into your daily life?
final_result=FAIL
failure_reason=repeat_no_progress

review_note=동일 항목 반복 후 종료
noise=
move_result=failed
debug_source_row_found=false

[ANN_TRACE]
[ANN][baseline] req_id=a4d158cb text='' source='source_row_missing' empty_reason='no_prev_step_row'
[ANN][poll] req_id=a4d158cb idx=0 raw='Want better insight into your daily life?' normalized='want better insight into your daily life?' changed=true differs_from_baseline=true source='row_snapshot' observed_at='' count=0
[ANN][trim] req_id=a4d158cb considered=false applied=false before='Want better insight into your daily life?' after='Want better insight into your daily life?' reject_reason='' reason='trim_stage_not_reached'
[ANN][stable] req_id=a4d158cb selected='Want better insight into your daily life?' reason='result_row_snapshot' source='result_row'
[ANN][select] req_id=a4d158cb used_snapshot=true snapshot_reason='no_better_recent_poll_candidate' previous='' current='Want better insight into your daily life?' final='Want better insight into your daily life?'

[STEP_TRACE]
[23:27:26] [STEP] END tab='(?i).*life.*' step=19 elapsed=5.21s move_result='' visible='Want better insight into your daily life?' speech='Want better insight into your daily life?' crop='output\talkback_compare_20260422_232451\crops\i_._life._step_19_Want_better_insight_into_your_daily_life.png' timing(move=0.393s ann=3.827s get_focus=0.987s get_focus_fallback_dump=0.000s step_dump=0.000s crop=0.489s total=5.696s) focus_reason='' fallback_used=False fallback_found=False step_dump_used=False step_dump_reason='focus_payload_sufficient' req_id='a4d158cb'
[STEP][summary] req_id=a4d158cb tab='(?i).*life.*' step=19 move_result='failed' terminal=false no_progress=true

[SCROLL_TRACE]
[SCROLL] req_id=a4d158cb scroll_related_log_found=false move_result='failed' smart_result='' detail='' inferred_scroll=false inference_reason='no_scroll_signal_found'

[FOCUS_TRACE]
[23:27:26] [STEP] END tab='(?i).*life.*' step=19 elapsed=5.21s move_result='' visible='Want better insight into your daily life?' speech='Want better insight into your daily life?' crop='output\talkback_compare_20260422_232451\crops\i_._life._step_19_Want_better_insight_into_your_daily_life.png' timing(move=0.393s ann=3.827s get_focus=0.987s get_focus_fallback_dump=0.000s step_dump=0.000s crop=0.489s total=5.696s) focus_reason='' fallback_used=False fallback_found=False step_dump_used=False step_dump_reason='focus_payload_sufficient' req_id='a4d158cb'
[FOCUS] req_id=a4d158cb get_focus_req_id='' response_success=false payload_source='' payload_sufficient=false fallback_used=false fallback_found=false dump_attempted=false final_payload_source='' focus_reason='' missing_reason=''

[DECISION_TRACE]
baseline_empty=true
first_candidate_contaminated=true
trim_considered=false
trim_applied=false
stable_reason='result_row_snapshot'
used_snapshot=true
snapshot_reason='no_better_recent_poll_candidate'
scroll_evidence='weak'
focus_evidence='strong'
notes='final speech appears to come from snapshot candidate path'
