[ROW_CONTEXT]
scenario=
tab=(?i).*life.*
step=28
req_id=172ef76a
visible=Mobile usageButton Mobile usage
speech=Mobile usageButton Mobile usage
final_result=PASS
failure_reason=terminal_not_handled

review_note=정상 이동 및 발화 일치
noise=
move_result=moved
debug_source_row_found=false

[ANN_TRACE]
[ANN][baseline] req_id=172ef76a text='' source='source_row_missing' empty_reason='no_prev_step_row'
[ANN][poll] req_id=172ef76a idx=0 raw='Mobile usageButton Mobile usage' normalized='mobile usagebutton mobile usage' changed=true differs_from_baseline=true source='row_snapshot' observed_at='' count=0
[ANN][trim] req_id=172ef76a considered=false applied=false before='Mobile usageButton Mobile usage' after='Mobile usageButton Mobile usage' reject_reason='' reason='trim_stage_not_reached'
[ANN][stable] req_id=172ef76a selected='Mobile usageButton Mobile usage' reason='result_row_snapshot' source='result_row'
[ANN][select] req_id=172ef76a used_snapshot=true snapshot_reason='no_better_recent_poll_candidate' previous='' current='Mobile usageButton Mobile usage' final='Mobile usageButton Mobile usage'

[STEP_TRACE]
[22:22:43] [STEP] END tab='(?i).*life.*' step=28 elapsed=4.93s move_result='{'success': True, 'status': 'moved', 'detail': 'moved', 'raw': {'timestamp': 1776777758778, 'reqId': '275a2e2a', 'success': True, 'status': 'moved', 'detail': 'moved', 'flags': []}}' visible='Mobile usageButton Mobile usage' speech='Mobile usageButton Mobile usage' crop='output\talkback_compare_20260421_221945\crops\i_._life._step_28_ActivityButton.png' timing(move=0.863s ann=3.072s get_focus=0.990s get_focus_fallback_dump=0.000s step_dump=0.000s crop=0.484s total=5.410s) focus_reason='' fallback_used=False fallback_found=False step_dump_used=False step_dump_reason='focus_payload_sufficient' req_id='172ef76a'
[STEP][summary] req_id=172ef76a tab='(?i).*life.*' step=28 move_result='moved' terminal=false no_progress=false

[SCROLL_TRACE]
[SCROLL] req_id=172ef76a scroll_related_log_found=false move_result='moved' smart_result='' detail='' inferred_scroll=false inference_reason='no_scroll_signal_found'

[FOCUS_TRACE]
[22:22:43] [STEP] END tab='(?i).*life.*' step=28 elapsed=4.93s move_result='{'success': True, 'status': 'moved', 'detail': 'moved', 'raw': {'timestamp': 1776777758778, 'reqId': '275a2e2a', 'success': True, 'status': 'moved', 'detail': 'moved', 'flags': []}}' visible='Mobile usageButton Mobile usage' speech='Mobile usageButton Mobile usage' crop='output\talkback_compare_20260421_221945\crops\i_._life._step_28_ActivityButton.png' timing(move=0.863s ann=3.072s get_focus=0.990s get_focus_fallback_dump=0.000s step_dump=0.000s crop=0.484s total=5.410s) focus_reason='' fallback_used=False fallback_found=False step_dump_used=False step_dump_reason='focus_payload_sufficient' req_id='172ef76a'
[FOCUS] req_id=172ef76a get_focus_req_id='' response_success=false payload_source='' payload_sufficient=false fallback_used=false fallback_found=false dump_attempted=false final_payload_source='' focus_reason='' missing_reason=''

[DECISION_TRACE]
baseline_empty=true
first_candidate_contaminated=true
trim_considered=false
trim_applied=false
stable_reason='result_row_snapshot'
used_snapshot=true
snapshot_reason='no_better_recent_poll_candidate'
scroll_evidence='weak'
focus_evidence='strong'
notes='final speech appears to come from snapshot candidate path'
