[ROW_CONTEXT]
scenario=
tab=(?i).*life.*
step=20
req_id=121ee67a
visible=First activity Waiting -
speech=First activity Waiting -
final_result=FAIL
failure_reason=move_failed

review_note=이동/발화 결과 재검토 필요
noise=
move_result=failed
debug_source_row_found=false

[ANN_TRACE]
[ANN][baseline] req_id=121ee67a text='' source='source_row_missing' empty_reason='no_prev_step_row'
[ANN][poll] req_id=121ee67a idx=0 raw='First activity Waiting -' normalized='first activity waiting -' changed=true differs_from_baseline=true source='row_snapshot' observed_at='' count=0
[ANN][trim] req_id=121ee67a considered=false applied=false before='First activity Waiting -' after='First activity Waiting -' reject_reason='' reason='trim_stage_not_reached'
[ANN][stable] req_id=121ee67a selected='First activity Waiting -' reason='result_row_snapshot' source='result_row'
[ANN][select] req_id=121ee67a used_snapshot=true snapshot_reason='no_better_recent_poll_candidate' previous='' current='First activity Waiting -' final='First activity Waiting -'

[STEP_TRACE]
[STEP] START scenario='' tab='(?i).*life.*' step=20 req_id='121ee67a'
[STEP] END scenario='' tab='(?i).*life.*' step=20 req_id='121ee67a' move_result='failed'
[STOP][eval] scenario='' step=20 reason='move_failed'
[STEP][summary] req_id=121ee67a tab='(?i).*life.*' step=20 move_result='failed' terminal=false no_progress=false

[SCROLL_TRACE]
[SCROLL] req_id=121ee67a scroll_related_log_found=false move_result='failed' smart_result='' detail='' inferred_scroll=false inference_reason='no_scroll_signal_found'

[FOCUS_TRACE]
[FOCUS] req_id=121ee67a get_focus_req_id='' response_success=false payload_source='inferred_from_step_end' payload_sufficient=false fallback_used=false fallback_found=false dump_attempted=false final_payload_source='' focus_reason='' missing_reason='no_direct_get_focus_trace_found'

[DECISION_TRACE]
baseline_empty=true
first_candidate_contaminated=true
trim_considered=false
trim_applied=false
stable_reason='result_row_snapshot'
used_snapshot=true
snapshot_reason='no_better_recent_poll_candidate'
scroll_evidence='weak'
focus_evidence='weak'
notes='final speech appears to come from snapshot candidate path'
