[ROW_CONTEXT]
scenario=
tab=(?i).*menu.*
step=8
req_id=db80ffa8
visible=Use wallpapers Set your own wallpaper for each location and room.
speech=Use wallpapers Set your own wallpaper for each location and room. On
final_result=FAIL
failure_reason=move_failed

review_note=이동/발화 결과 재검토 필요
noise=
move_result={'success': true, 'status': 'moved', 'detail': 'moved', 'raw': {'timestamp': 1776350196897, 'reqid': '97c9fc74', 'success': true, 'status': 'moved', 'detail': 'moved', 'flags': []}}
debug_source_row_found=false

[ANN_TRACE]
[ANN][baseline] req_id=db80ffa8 text='' source='source_row_missing' empty_reason='no_prev_step_row'
[ANN][poll] req_id=db80ffa8 idx=0 raw='Use wallpapers Set your own wallpaper for each location and room. On' normalized='use wallpapers set your own wallpaper for each location and room. on' changed=true differs_from_baseline=true source='row_snapshot' observed_at='' count=0
[ANN][trim] req_id=db80ffa8 considered=false applied=false before='Use wallpapers Set your own wallpaper for each location and room. On' after='Use wallpapers Set your own wallpaper for each location and room. On' reject_reason='' reason='trim_stage_not_reached'
[ANN][stable] req_id=db80ffa8 selected='Use wallpapers Set your own wallpaper for each location and room. On' reason='result_row_snapshot' source='result_row'
[ANN][select] req_id=db80ffa8 used_snapshot=true snapshot_reason='no_better_recent_poll_candidate' previous='' current='Use wallpapers Set your own wallpaper for each location and room. On' final='Use wallpapers Set your own wallpaper for each location and room. On'

[STEP_TRACE]
[STEP] START scenario='' tab='(?i).*menu.*' step=8 req_id='db80ffa8'
[STEP] END scenario='' tab='(?i).*menu.*' step=8 req_id='db80ffa8' move_result='{'success': true, 'status': 'moved', 'detail': 'moved', 'raw': {'timestamp': 1776350196897, 'reqid': '97c9fc74', 'success': true, 'status': 'moved', 'detail': 'moved', 'flags': []}}'
[STOP][eval] scenario='' step=8 reason='move_failed'
[STEP][summary] req_id=db80ffa8 tab='(?i).*menu.*' step=8 move_result='{'success': true, 'status': 'moved', 'detail': 'moved', 'raw': {'timestamp': 1776350196897, 'reqid': '97c9fc74', 'success': true, 'status': 'moved', 'detail': 'moved', 'flags': []}}' terminal=false no_progress=false

[SCROLL_TRACE]
[SCROLL] req_id=db80ffa8 scroll_related_log_found=false move_result='{'success': true, 'status': 'moved', 'detail': 'moved', 'raw': {'timestamp': 1776350196897, 'reqid': '97c9fc74', 'success': true, 'status': 'moved', 'detail': 'moved', 'flags': []}}' smart_result='' detail='' inferred_scroll=false inference_reason='no_scroll_signal_found'

[FOCUS_TRACE]
[FOCUS] req_id=db80ffa8 get_focus_req_id='' response_success=false payload_source='inferred_from_step_end' payload_sufficient=false fallback_used=false fallback_found=false dump_attempted=false final_payload_source='' focus_reason='' missing_reason='no_direct_get_focus_trace_found'

[DECISION_TRACE]
baseline_empty=true
first_candidate_contaminated=true
trim_considered=false
trim_applied=false
stable_reason='result_row_snapshot'
used_snapshot=true
snapshot_reason='no_better_recent_poll_candidate'
scroll_evidence='weak'
focus_evidence='weak'
notes='final speech appears to come from snapshot candidate path'
