[ROW_CONTEXT]
scenario=
tab=(?i).*life.*
step=3
req_id=c193f3de
visible=Information
speech=Information
final_result=FAIL
failure_reason=move_failed

review_note=이동/발화 결과 재검토 필요
noise=
move_result={'success': true, 'status': 'moved', 'detail': 'moved', 'raw': {'timestamp': 1776177477383, 'reqid': '9ec51fa7', 'success': true, 'status': 'moved', 'detail': 'moved', 'flags': []}}
debug_source_row_found=false

[ANN_TRACE]
[ANN][baseline] req_id=c193f3de text='' source='source_row_missing' empty_reason='no_prev_step_row'
[ANN][poll] req_id=c193f3de idx=0 raw='Information' normalized='information' changed=true differs_from_baseline=true source='row_snapshot' observed_at='' count=0
[ANN][trim] req_id=c193f3de considered=false applied=false before='Information' after='Information' reject_reason='' reason='trim_stage_not_reached'
[ANN][stable] req_id=c193f3de selected='Information' reason='result_row_snapshot' source='result_row'
[ANN][select] req_id=c193f3de used_snapshot=true snapshot_reason='no_better_recent_poll_candidate' previous='' current='Information' final='Information'

[STEP_TRACE]
[STEP] START scenario='' tab='(?i).*life.*' step=3 req_id='c193f3de'
[STEP] END scenario='' tab='(?i).*life.*' step=3 req_id='c193f3de' move_result='{'success': true, 'status': 'moved', 'detail': 'moved', 'raw': {'timestamp': 1776177477383, 'reqid': '9ec51fa7', 'success': true, 'status': 'moved', 'detail': 'moved', 'flags': []}}'
[STOP][eval] scenario='' step=3 reason='move_failed'
[STEP][summary] req_id=c193f3de tab='(?i).*life.*' step=3 move_result='{'success': true, 'status': 'moved', 'detail': 'moved', 'raw': {'timestamp': 1776177477383, 'reqid': '9ec51fa7', 'success': true, 'status': 'moved', 'detail': 'moved', 'flags': []}}' terminal=false no_progress=false

[SCROLL_TRACE]
[SCROLL] req_id=c193f3de scroll_related_log_found=false move_result='{'success': true, 'status': 'moved', 'detail': 'moved', 'raw': {'timestamp': 1776177477383, 'reqid': '9ec51fa7', 'success': true, 'status': 'moved', 'detail': 'moved', 'flags': []}}' smart_result='' detail='' inferred_scroll=false inference_reason='no_scroll_signal_found'

[FOCUS_TRACE]
[FOCUS] req_id=c193f3de get_focus_req_id='' response_success=false payload_source='inferred_from_step_end' payload_sufficient=false fallback_used=false fallback_found=false dump_attempted=false final_payload_source='' focus_reason='' missing_reason='no_direct_get_focus_trace_found'

[DECISION_TRACE]
baseline_empty=true
first_candidate_contaminated=true
trim_considered=false
trim_applied=false
stable_reason='result_row_snapshot'
used_snapshot=true
snapshot_reason='no_better_recent_poll_candidate'
scroll_evidence='weak'
focus_evidence='weak'
notes='final speech appears to come from snapshot candidate path'
