[ROW_CONTEXT]
scenario=
tab=(?i).*life.*
step=1
req_id=ccb1acb6
visible=Always manage your home appliances optimally, Home Care constantly monitors devices that support AI diagnosis and informs you when they need cleaning, replacing, or other maintenance.
speech=Always manage your home appliances optimally, Home Care constantly monitors devices that support AI diagnosis and informs you when they need cleaning, replacing, or other maintenance.
final_result=FAIL
failure_reason=move_failed

review_note=이동/발화 결과 재검토 필요
noise=
move_result={'success': false, 'status': 'failed', 'detail': 'reached_end', 'raw': {'timestamp': 1776171690588, 'reqid': '9b6eab54', 'success': false, 'status': 'failed', 'detail': 'reached_end', 'flags': []}}
debug_source_row_found=false

[ANN_TRACE]
[ANN][baseline] req_id=ccb1acb6 text='' source='source_row_missing' empty_reason='no_prev_step_row'
[ANN][poll] req_id=ccb1acb6 idx=0 raw='Always manage your home appliances optimally, Home Care constantly monitors devices that support AI diagnosis and informs you when they need cleaning, replacing, or other maintenance.' normalized='always manage your home appliances optimally, home care constantly monitors devices that support ai diagnosis and informs you when they need cleaning, replacing, or other maintenance.' changed=true differs_from_baseline=true source='row_snapshot' observed_at='' count=0
[ANN][trim] req_id=ccb1acb6 considered=false applied=false before='Always manage your home appliances optimally, Home Care constantly monitors devices that support AI diagnosis and informs you when they need cleaning, replacing, or other maintenance.' after='Always manage your home appliances optimally, Home Care constantly monitors devices that support AI diagnosis and informs you when they need cleaning, replacing, or other maintenance.' reject_reason='' reason='trim_stage_not_reached'
[ANN][stable] req_id=ccb1acb6 selected='Always manage your home appliances optimally, Home Care constantly monitors devices that support AI diagnosis and informs you when they need cleaning, replacing, or other maintenance.' reason='result_row_snapshot' source='result_row'
[ANN][select] req_id=ccb1acb6 used_snapshot=true snapshot_reason='no_better_recent_poll_candidate' previous='' current='Always manage your home appliances optimally, Home Care constantly monitors devices that support AI diagnosis and informs you when they need cleaning, replacing, or other maintenance.' final='Always manage your home appliances optimally, Home Care constantly monitors devices that support AI diagnosis and informs you when they need cleaning, replacing, or other maintenance.'

[STEP_TRACE]
[22:01:33] [STEP] END tab='(?i).*life.*' step=1 elapsed=4.26s move_result='' visible='Always manage your home appliances optimally, Home Care constantly monitors devices that support AI diagnosis and informs you when they need cleaning, replacing, or other maintenance.' speech='Always manage your home appliances optimally, Home Care constantly monitors devices that support AI diagnosis and informs you when they need cleaning, replacing, or other maintenance.' crop='output\talkback_compare_20260414_215822\crops\i_._life._step_1_Always_manage_your_home_appliances_optim.png' timing(move=0.319s ann=2.983s get_focus=0.955s get_focus_fallback_dump=0.000s step_dump=0.000s crop=0.511s total=4.770s) focus_reason='' fallback_used=False fallback_found=False step_dump_used=False step_dump_reason='focus_payload_sufficient' req_id='ccb1acb6'
[STEP][summary] req_id=ccb1acb6 tab='(?i).*life.*' step=1 move_result='{'success': false, 'status': 'failed', 'detail': 'reached_end', 'raw': {'timestamp': 1776171690588, 'reqid': '9b6eab54', 'success': false, 'status': 'failed', 'detail': 'reached_end', 'flags': []}}' terminal=false no_progress=false

[SCROLL_TRACE]
[SCROLL] req_id=ccb1acb6 scroll_related_log_found=false move_result='{'success': false, 'status': 'failed', 'detail': 'reached_end', 'raw': {'timestamp': 1776171690588, 'reqid': '9b6eab54', 'success': false, 'status': 'failed', 'detail': 'reached_end', 'flags': []}}' smart_result='' detail='' inferred_scroll=false inference_reason='no_scroll_signal_found'

[FOCUS_TRACE]
[22:01:33] [STEP] END tab='(?i).*life.*' step=1 elapsed=4.26s move_result='' visible='Always manage your home appliances optimally, Home Care constantly monitors devices that support AI diagnosis and informs you when they need cleaning, replacing, or other maintenance.' speech='Always manage your home appliances optimally, Home Care constantly monitors devices that support AI diagnosis and informs you when they need cleaning, replacing, or other maintenance.' crop='output\talkback_compare_20260414_215822\crops\i_._life._step_1_Always_manage_your_home_appliances_optim.png' timing(move=0.319s ann=2.983s get_focus=0.955s get_focus_fallback_dump=0.000s step_dump=0.000s crop=0.511s total=4.770s) focus_reason='' fallback_used=False fallback_found=False step_dump_used=False step_dump_reason='focus_payload_sufficient' req_id='ccb1acb6'
[FOCUS] req_id=ccb1acb6 get_focus_req_id='' response_success=false payload_source='' payload_sufficient=false fallback_used=false fallback_found=false dump_attempted=false final_payload_source='' focus_reason='' missing_reason=''

[DECISION_TRACE]
baseline_empty=true
first_candidate_contaminated=true
trim_considered=false
trim_applied=false
stable_reason='result_row_snapshot'
used_snapshot=true
snapshot_reason='no_better_recent_poll_candidate'
scroll_evidence='weak'
focus_evidence='strong'
notes='final speech appears to come from snapshot candidate path'
