[ROW_CONTEXT]
scenario=
tab=(?i).*life.*
step=9
req_id=cb810ffc
visible=Information
speech=Information
final_result=FAIL
failure_reason=move_failed

review_note=이동/발화 결과 재검토 필요
noise=
move_result={'success': true, 'status': 'moved', 'detail': 'moved', 'raw': {'timestamp': 1775951490738, 'reqid': '2a843f8e', 'success': true, 'status': 'moved', 'detail': 'moved', 'flags': []}}
debug_source_row_found=false

[ANN_TRACE]
[ANN][baseline] req_id=cb810ffc text='' source='source_row_missing' empty_reason='no_prev_step_row'
[ANN][poll] req_id=cb810ffc idx=0 raw='Information' normalized='information' changed=true differs_from_baseline=true source='row_snapshot' observed_at='' count=0
[ANN][trim] req_id=cb810ffc considered=false applied=false before='Information' after='Information' reject_reason='' reason='trim_stage_not_reached'
[ANN][stable] req_id=cb810ffc selected='Information' reason='result_row_snapshot' source='result_row'
[ANN][select] req_id=cb810ffc used_snapshot=true snapshot_reason='no_better_recent_poll_candidate' previous='' current='Information' final='Information'

[STEP_TRACE]
[08:51:35] [STEP] END tab='(?i).*life.*' step=9 elapsed=4.74s move_result='{'success': True, 'status': 'moved', 'detail': 'moved', 'raw': {'timestamp': 1775951490738, 'reqId': '2a843f8e', 'success': True, 'status': 'moved', 'detail': 'moved', 'flags': []}}' visible='Information' speech='Information' crop='output\talkback_compare_20260412_084908\crops\i_._life._step_9_Information.png' timing(move=0.613s ann=2.934s get_focus=1.194s get_focus_fallback_dump=0.000s step_dump=0.000s crop=0.547s total=5.288s) focus_reason='' fallback_used=False fallback_found=False step_dump_used=False step_dump_reason='focus_payload_sufficient' req_id='cb810ffc'
[STEP][summary] req_id=cb810ffc tab='(?i).*life.*' step=9 move_result='{'success': true, 'status': 'moved', 'detail': 'moved', 'raw': {'timestamp': 1775951490738, 'reqid': '2a843f8e', 'success': true, 'status': 'moved', 'detail': 'moved', 'flags': []}}' terminal=false no_progress=false

[SCROLL_TRACE]
[SCROLL] req_id=cb810ffc scroll_related_log_found=false move_result='{'success': true, 'status': 'moved', 'detail': 'moved', 'raw': {'timestamp': 1775951490738, 'reqid': '2a843f8e', 'success': true, 'status': 'moved', 'detail': 'moved', 'flags': []}}' smart_result='' detail='' inferred_scroll=false inference_reason='no_scroll_signal_found'

[FOCUS_TRACE]
[08:51:35] [STEP] END tab='(?i).*life.*' step=9 elapsed=4.74s move_result='{'success': True, 'status': 'moved', 'detail': 'moved', 'raw': {'timestamp': 1775951490738, 'reqId': '2a843f8e', 'success': True, 'status': 'moved', 'detail': 'moved', 'flags': []}}' visible='Information' speech='Information' crop='output\talkback_compare_20260412_084908\crops\i_._life._step_9_Information.png' timing(move=0.613s ann=2.934s get_focus=1.194s get_focus_fallback_dump=0.000s step_dump=0.000s crop=0.547s total=5.288s) focus_reason='' fallback_used=False fallback_found=False step_dump_used=False step_dump_reason='focus_payload_sufficient' req_id='cb810ffc'
[FOCUS] req_id=cb810ffc get_focus_req_id='' response_success=false payload_source='' payload_sufficient=false fallback_used=false fallback_found=false dump_attempted=false final_payload_source='' focus_reason='' missing_reason=''

[DECISION_TRACE]
baseline_empty=true
first_candidate_contaminated=true
trim_considered=false
trim_applied=false
stable_reason='result_row_snapshot'
used_snapshot=true
snapshot_reason='no_better_recent_poll_candidate'
scroll_evidence='weak'
focus_evidence='strong'
notes='final speech appears to come from snapshot candidate path'
