[ROW_CONTEXT]
scenario=
tab=(?i).*life.*
step=32
req_id=997b8b13
visible=Device usage
speech=Device usage
final_result=FAIL
failure_reason=move_failed

review_note=이동/발화 결과 재검토 필요
noise=
move_result=failed
debug_source_row_found=false

[ANN_TRACE]
[ANN][baseline] req_id=997b8b13 text='' source='source_row_missing' empty_reason='no_prev_step_row'
[ANN][poll] req_id=997b8b13 idx=0 raw='Device usage' normalized='device usage' changed=true differs_from_baseline=true source='row_snapshot' observed_at='' count=0
[ANN][trim] req_id=997b8b13 considered=false applied=false before='Device usage' after='Device usage' reject_reason='' reason='trim_stage_not_reached'
[ANN][stable] req_id=997b8b13 selected='Device usage' reason='result_row_snapshot' source='result_row'
[ANN][select] req_id=997b8b13 used_snapshot=true snapshot_reason='no_better_recent_poll_candidate' previous='' current='Device usage' final='Device usage'

[STEP_TRACE]
[08:11:29] [STEP] END tab='(?i).*life.*' step=32 elapsed=5.26s move_result='' visible='Device usage' speech='Device usage' crop='output\talkback_compare_20260422_080758\crops\i_._life._step_32_LocationButton.png' timing(move=0.341s ann=3.768s get_focus=1.152s get_focus_fallback_dump=0.000s step_dump=0.000s crop=0.503s total=5.765s) focus_reason='' fallback_used=False fallback_found=False step_dump_used=False step_dump_reason='focus_payload_sufficient' req_id='997b8b13'
[STEP][summary] req_id=997b8b13 tab='(?i).*life.*' step=32 move_result='failed' terminal=false no_progress=false

[SCROLL_TRACE]
[SCROLL] req_id=997b8b13 scroll_related_log_found=false move_result='failed' smart_result='' detail='' inferred_scroll=false inference_reason='no_scroll_signal_found'

[FOCUS_TRACE]
[08:11:29] [STEP] END tab='(?i).*life.*' step=32 elapsed=5.26s move_result='' visible='Device usage' speech='Device usage' crop='output\talkback_compare_20260422_080758\crops\i_._life._step_32_LocationButton.png' timing(move=0.341s ann=3.768s get_focus=1.152s get_focus_fallback_dump=0.000s step_dump=0.000s crop=0.503s total=5.765s) focus_reason='' fallback_used=False fallback_found=False step_dump_used=False step_dump_reason='focus_payload_sufficient' req_id='997b8b13'
[FOCUS] req_id=997b8b13 get_focus_req_id='' response_success=false payload_source='' payload_sufficient=false fallback_used=false fallback_found=false dump_attempted=false final_payload_source='' focus_reason='' missing_reason=''

[DECISION_TRACE]
baseline_empty=true
first_candidate_contaminated=true
trim_considered=false
trim_applied=false
stable_reason='result_row_snapshot'
used_snapshot=true
snapshot_reason='no_better_recent_poll_candidate'
scroll_evidence='weak'
focus_evidence='strong'
notes='final speech appears to come from snapshot candidate path'
