[ROW_CONTEXT]
scenario=
tab=(?i).*life.*
step=7
req_id=04bc4def
visible=Set geolocation
speech=Set geolocation
final_result=FAIL
failure_reason=move_failed

review_note=이동/발화 결과 재검토 필요
noise=
move_result={'success': true, 'status': 'moved', 'detail': 'moved', 'raw': {'timestamp': 1775921773476, 'reqid': '03d889bd', 'success': true, 'status': 'moved', 'detail': 'moved', 'flags': []}}
debug_source_row_found=false

[ANN_TRACE]
[ANN][baseline] req_id=04bc4def text='' source='source_row_missing' empty_reason='no_prev_step_row'
[ANN][poll] req_id=04bc4def idx=0 raw='Set geolocation' normalized='set geolocation' changed=true differs_from_baseline=true source='row_snapshot' observed_at='' count=0
[ANN][trim] req_id=04bc4def considered=false applied=false before='Set geolocation' after='Set geolocation' reject_reason='' reason='trim_stage_not_reached'
[ANN][stable] req_id=04bc4def selected='Set geolocation' reason='result_row_snapshot' source='result_row'
[ANN][select] req_id=04bc4def used_snapshot=true snapshot_reason='no_better_recent_poll_candidate' previous='' current='Set geolocation' final='Set geolocation'

[STEP_TRACE]
[00:36:16] [STEP] END tab='(?i).*life.*' step=7 elapsed=4.45s move_result='{'success': True, 'status': 'moved', 'detail': 'moved', 'raw': {'timestamp': 1775921773476, 'reqId': '03d889bd', 'success': True, 'status': 'moved', 'detail': 'moved', 'flags': []}}' visible='Set geolocation' speech='Set geolocation' crop='output\talkback_compare_20260412_003408\crops\i_._life._step_7_Set_geolocation.png' timing(move=0.489s ann=2.926s get_focus=1.032s get_focus_fallback_dump=0.000s step_dump=0.000s crop=0.466s total=4.913s) focus_reason='' fallback_used=False fallback_found=False step_dump_used=False step_dump_reason='focus_payload_sufficient' req_id='04bc4def'
[STEP][summary] req_id=04bc4def tab='(?i).*life.*' step=7 move_result='{'success': true, 'status': 'moved', 'detail': 'moved', 'raw': {'timestamp': 1775921773476, 'reqid': '03d889bd', 'success': true, 'status': 'moved', 'detail': 'moved', 'flags': []}}' terminal=false no_progress=false

[SCROLL_TRACE]
[SCROLL] req_id=04bc4def scroll_related_log_found=false move_result='{'success': true, 'status': 'moved', 'detail': 'moved', 'raw': {'timestamp': 1775921773476, 'reqid': '03d889bd', 'success': true, 'status': 'moved', 'detail': 'moved', 'flags': []}}' smart_result='' detail='' inferred_scroll=false inference_reason='no_scroll_signal_found'

[FOCUS_TRACE]
[00:36:16] [STEP] END tab='(?i).*life.*' step=7 elapsed=4.45s move_result='{'success': True, 'status': 'moved', 'detail': 'moved', 'raw': {'timestamp': 1775921773476, 'reqId': '03d889bd', 'success': True, 'status': 'moved', 'detail': 'moved', 'flags': []}}' visible='Set geolocation' speech='Set geolocation' crop='output\talkback_compare_20260412_003408\crops\i_._life._step_7_Set_geolocation.png' timing(move=0.489s ann=2.926s get_focus=1.032s get_focus_fallback_dump=0.000s step_dump=0.000s crop=0.466s total=4.913s) focus_reason='' fallback_used=False fallback_found=False step_dump_used=False step_dump_reason='focus_payload_sufficient' req_id='04bc4def'
[FOCUS] req_id=04bc4def get_focus_req_id='' response_success=false payload_source='' payload_sufficient=false fallback_used=false fallback_found=false dump_attempted=false final_payload_source='' focus_reason='' missing_reason=''

[DECISION_TRACE]
baseline_empty=true
first_candidate_contaminated=true
trim_considered=false
trim_applied=false
stable_reason='result_row_snapshot'
used_snapshot=true
snapshot_reason='no_better_recent_poll_candidate'
scroll_evidence='weak'
focus_evidence='strong'
notes='final speech appears to come from snapshot candidate path'
