[ROW_CONTEXT]
scenario=
tab=(?i).*life.*
step=21
req_id=ab409d66
visible=Set up now
speech=Set up now
final_result=FAIL
failure_reason=move_failed

review_note=이동/발화 결과 재검토 필요
noise=
move_result=failed
debug_source_row_found=false

[ANN_TRACE]
[ANN][baseline] req_id=ab409d66 text='' source='source_row_missing' empty_reason='no_prev_step_row'
[ANN][poll] req_id=ab409d66 idx=0 raw='Set up now' normalized='set up now' changed=true differs_from_baseline=true source='row_snapshot' observed_at='' count=0
[ANN][trim] req_id=ab409d66 considered=false applied=false before='Set up now' after='Set up now' reject_reason='' reason='trim_stage_not_reached'
[ANN][stable] req_id=ab409d66 selected='Set up now' reason='result_row_snapshot' source='result_row'
[ANN][select] req_id=ab409d66 used_snapshot=true snapshot_reason='no_better_recent_poll_candidate' previous='' current='Set up now' final='Set up now'

[STEP_TRACE]
[23:11:43] [STEP] END tab='(?i).*life.*' step=21 elapsed=5.23s move_result='' visible='Set up now' speech='Set up now' crop='output\talkback_compare_20260422_230902\crops\i_._life._step_21_Want_better_insight_into_your_daily_life.png' timing(move=0.383s ann=3.877s get_focus=0.966s get_focus_fallback_dump=0.000s step_dump=0.000s crop=0.475s total=5.702s) focus_reason='' fallback_used=False fallback_found=False step_dump_used=False step_dump_reason='focus_payload_sufficient' req_id='ab409d66'
[STEP][summary] req_id=ab409d66 tab='(?i).*life.*' step=21 move_result='failed' terminal=false no_progress=false

[SCROLL_TRACE]
[SCROLL] req_id=ab409d66 scroll_related_log_found=false move_result='failed' smart_result='' detail='' inferred_scroll=false inference_reason='no_scroll_signal_found'

[FOCUS_TRACE]
[23:11:43] [STEP] END tab='(?i).*life.*' step=21 elapsed=5.23s move_result='' visible='Set up now' speech='Set up now' crop='output\talkback_compare_20260422_230902\crops\i_._life._step_21_Want_better_insight_into_your_daily_life.png' timing(move=0.383s ann=3.877s get_focus=0.966s get_focus_fallback_dump=0.000s step_dump=0.000s crop=0.475s total=5.702s) focus_reason='' fallback_used=False fallback_found=False step_dump_used=False step_dump_reason='focus_payload_sufficient' req_id='ab409d66'
[FOCUS] req_id=ab409d66 get_focus_req_id='' response_success=false payload_source='' payload_sufficient=false fallback_used=false fallback_found=false dump_attempted=false final_payload_source='' focus_reason='' missing_reason=''

[DECISION_TRACE]
baseline_empty=true
first_candidate_contaminated=true
trim_considered=false
trim_applied=false
stable_reason='result_row_snapshot'
used_snapshot=true
snapshot_reason='no_better_recent_poll_candidate'
scroll_evidence='weak'
focus_evidence='strong'
notes='final speech appears to come from snapshot candidate path'
