[ROW_CONTEXT]
scenario=
tab=(?i).*life.*
step=9
req_id=3dc41e98
visible=Carbon emissions aware, Current carbon intensity 353 grams per kilowatt-hours Carbon emissions are relatively low during this time of day.
speech=Carbon emissions aware, Current carbon intensity 353 grams per kilowatt-hours Carbon emissions are relatively low during this time of day.
final_result=FAIL
failure_reason=move_failed

review_note=이동/발화 결과 재검토 필요
noise=
move_result={'success': true, 'status': 'moved', 'detail': 'moved', 'raw': {'timestamp': 1775954276222, 'reqid': '2f9b9666', 'success': true, 'status': 'moved', 'detail': 'moved', 'flags': []}}
debug_source_row_found=false

[ANN_TRACE]
[ANN][baseline] req_id=3dc41e98 text='' source='source_row_missing' empty_reason='no_prev_step_row'
[ANN][poll] req_id=3dc41e98 idx=0 raw='Carbon emissions aware, Current carbon intensity 353 grams per kilowatt-hours Carbon emissions are relatively low during this time of day.' normalized='carbon emissions aware, current carbon intensity 353 grams per kilowatt-hours carbon emissions are relatively low during this time of day.' changed=true differs_from_baseline=true source='row_snapshot' observed_at='' count=0
[ANN][trim] req_id=3dc41e98 considered=false applied=false before='Carbon emissions aware, Current carbon intensity 353 grams per kilowatt-hours Carbon emissions are relatively low during this time of day.' after='Carbon emissions aware, Current carbon intensity 353 grams per kilowatt-hours Carbon emissions are relatively low during this time of day.' reject_reason='' reason='trim_stage_not_reached'
[ANN][stable] req_id=3dc41e98 selected='Carbon emissions aware, Current carbon intensity 353 grams per kilowatt-hours Carbon emissions are relatively low during this time of day.' reason='result_row_snapshot' source='result_row'
[ANN][select] req_id=3dc41e98 used_snapshot=true snapshot_reason='no_better_recent_poll_candidate' previous='' current='Carbon emissions aware, Current carbon intensity 353 grams per kilowatt-hours Carbon emissions are relatively low during this time of day.' final='Carbon emissions aware, Current carbon intensity 353 grams per kilowatt-hours Carbon emissions are relatively low during this time of day.'

[STEP_TRACE]
[09:38:01] [STEP] END tab='(?i).*life.*' step=9 elapsed=5.48s move_result='{'success': True, 'status': 'moved', 'detail': 'moved', 'raw': {'timestamp': 1775954276222, 'reqId': '2f9b9666', 'success': True, 'status': 'moved', 'detail': 'moved', 'flags': []}}' visible='Carbon emissions aware, Current carbon intensity 353 grams per kilowatt-hours Carbon emissions are relatively low during this time of day.' speech='Carbon emissions aware, Current carbon intensity 353 grams per kilowatt-hours Carbon emissions are relatively low during this time of day.' crop='output\talkback_compare_20260412_093047\crops\i_._life._step_9_Carbon_emissions_aware__Current_carbon_i.png' timing(move=1.269s ann=3.091s get_focus=1.121s get_focus_fallback_dump=0.000s step_dump=0.000s crop=0.553s total=6.036s) focus_reason='' fallback_used=False fallback_found=False step_dump_used=False step_dump_reason='focus_payload_sufficient' req_id='3dc41e98'
[STEP][summary] req_id=3dc41e98 tab='(?i).*life.*' step=9 move_result='{'success': true, 'status': 'moved', 'detail': 'moved', 'raw': {'timestamp': 1775954276222, 'reqid': '2f9b9666', 'success': true, 'status': 'moved', 'detail': 'moved', 'flags': []}}' terminal=false no_progress=false

[SCROLL_TRACE]
[SCROLL] req_id=3dc41e98 scroll_related_log_found=false move_result='{'success': true, 'status': 'moved', 'detail': 'moved', 'raw': {'timestamp': 1775954276222, 'reqid': '2f9b9666', 'success': true, 'status': 'moved', 'detail': 'moved', 'flags': []}}' smart_result='' detail='' inferred_scroll=false inference_reason='no_scroll_signal_found'

[FOCUS_TRACE]
[09:38:01] [STEP] END tab='(?i).*life.*' step=9 elapsed=5.48s move_result='{'success': True, 'status': 'moved', 'detail': 'moved', 'raw': {'timestamp': 1775954276222, 'reqId': '2f9b9666', 'success': True, 'status': 'moved', 'detail': 'moved', 'flags': []}}' visible='Carbon emissions aware, Current carbon intensity 353 grams per kilowatt-hours Carbon emissions are relatively low during this time of day.' speech='Carbon emissions aware, Current carbon intensity 353 grams per kilowatt-hours Carbon emissions are relatively low during this time of day.' crop='output\talkback_compare_20260412_093047\crops\i_._life._step_9_Carbon_emissions_aware__Current_carbon_i.png' timing(move=1.269s ann=3.091s get_focus=1.121s get_focus_fallback_dump=0.000s step_dump=0.000s crop=0.553s total=6.036s) focus_reason='' fallback_used=False fallback_found=False step_dump_used=False step_dump_reason='focus_payload_sufficient' req_id='3dc41e98'
[FOCUS] req_id=3dc41e98 get_focus_req_id='' response_success=false payload_source='' payload_sufficient=false fallback_used=false fallback_found=false dump_attempted=false final_payload_source='' focus_reason='' missing_reason=''

[DECISION_TRACE]
baseline_empty=true
first_candidate_contaminated=true
trim_considered=false
trim_applied=false
stable_reason='result_row_snapshot'
used_snapshot=true
snapshot_reason='no_better_recent_poll_candidate'
scroll_evidence='weak'
focus_evidence='strong'
notes='final speech appears to come from snapshot candidate path'
