[ROW_CONTEXT]
scenario=
tab=(?i).*life.*
step=5
req_id=db535b3a
visible=Arm
(away)
speech=Arm
final_result=FAIL
failure_reason=move_failed

review_note=이동/발화 결과 재검토 필요
noise=
move_result={'success': true, 'status': 'moved', 'detail': 'moved', 'raw': {'timestamp': 1776036883305, 'reqid': '0a65e72e', 'success': true, 'status': 'moved', 'detail': 'moved', 'flags': []}}
debug_source_row_found=false

[ANN_TRACE]
[ANN][baseline] req_id=db535b3a text='' source='source_row_missing' empty_reason='no_prev_step_row'
[ANN][poll] req_id=db535b3a idx=0 raw='Arm' normalized='arm' changed=true differs_from_baseline=true source='row_snapshot' observed_at='' count=0
[ANN][trim] req_id=db535b3a considered=false applied=false before='Arm' after='Arm' reject_reason='' reason='trim_stage_not_reached'
[ANN][stable] req_id=db535b3a selected='Arm' reason='result_row_snapshot' source='result_row'
[ANN][select] req_id=db535b3a used_snapshot=true snapshot_reason='no_better_recent_poll_candidate' previous='' current='Arm' final='Arm'

[STEP_TRACE]
[08:34:47] [STEP] END tab='(?i).*life.*' step=5 elapsed=4.46s move_result='{'success': True, 'status': 'moved', 'detail': 'moved', 'raw': {'timestamp': 1776036883305, 'reqId': '0a65e72e', 'success': True, 'status': 'moved', 'detail': 'moved', 'flags': []}}' visible='Arm
(away)' speech='Arm' crop='output\talkback_compare_20260413_082241\crops\i_._life._step_5_Arm__away.png' timing(move=0.473s ann=2.989s get_focus=0.993s get_focus_fallback_dump=0.000s step_dump=0.000s crop=0.464s total=4.920s) focus_reason='' fallback_used=False fallback_found=False step_dump_used=False step_dump_reason='focus_payload_sufficient' req_id='db535b3a'
[STEP][summary] req_id=db535b3a tab='(?i).*life.*' step=5 move_result='{'success': true, 'status': 'moved', 'detail': 'moved', 'raw': {'timestamp': 1776036883305, 'reqid': '0a65e72e', 'success': true, 'status': 'moved', 'detail': 'moved', 'flags': []}}' terminal=false no_progress=false

[SCROLL_TRACE]
[SCROLL] req_id=db535b3a scroll_related_log_found=false move_result='{'success': true, 'status': 'moved', 'detail': 'moved', 'raw': {'timestamp': 1776036883305, 'reqid': '0a65e72e', 'success': true, 'status': 'moved', 'detail': 'moved', 'flags': []}}' smart_result='' detail='' inferred_scroll=false inference_reason='no_scroll_signal_found'

[FOCUS_TRACE]
[08:34:47] [STEP] END tab='(?i).*life.*' step=5 elapsed=4.46s move_result='{'success': True, 'status': 'moved', 'detail': 'moved', 'raw': {'timestamp': 1776036883305, 'reqId': '0a65e72e', 'success': True, 'status': 'moved', 'detail': 'moved', 'flags': []}}' visible='Arm
(away)' speech='Arm' crop='output\talkback_compare_20260413_082241\crops\i_._life._step_5_Arm__away.png' timing(move=0.473s ann=2.989s get_focus=0.993s get_focus_fallback_dump=0.000s step_dump=0.000s crop=0.464s total=4.920s) focus_reason='' fallback_used=False fallback_found=False step_dump_used=False step_dump_reason='focus_payload_sufficient' req_id='db535b3a'
[FOCUS] req_id=db535b3a get_focus_req_id='' response_success=false payload_source='' payload_sufficient=false fallback_used=false fallback_found=false dump_attempted=false final_payload_source='' focus_reason='' missing_reason=''

[DECISION_TRACE]
baseline_empty=true
first_candidate_contaminated=true
trim_considered=false
trim_applied=false
stable_reason='result_row_snapshot'
used_snapshot=true
snapshot_reason='no_better_recent_poll_candidate'
scroll_evidence='weak'
focus_evidence='strong'
notes='final speech appears to come from snapshot candidate path'
