[ROW_CONTEXT]
scenario=
tab=(?i).*life.*
step=6
req_id=c3bcfc81
visible=Create a group and register common sensors to easily monitor and manage your plants.
speech=Create a group and register common sensors to easily monitor and manage your plants.
final_result=FAIL
failure_reason=move_failed

review_note=이동/발화 결과 재검토 필요
noise=
move_result={'success': true, 'status': 'moved', 'detail': 'moved', 'raw': {'timestamp': 1776350511145, 'reqid': '6af57e98', 'success': true, 'status': 'moved', 'detail': 'moved', 'flags': []}}
debug_source_row_found=false

[ANN_TRACE]
[ANN][baseline] req_id=c3bcfc81 text='' source='source_row_missing' empty_reason='no_prev_step_row'
[ANN][poll] req_id=c3bcfc81 idx=0 raw='Create a group and register common sensors to easily monitor and manage your plants.' normalized='create a group and register common sensors to easily monitor and manage your plants.' changed=true differs_from_baseline=true source='row_snapshot' observed_at='' count=0
[ANN][trim] req_id=c3bcfc81 considered=false applied=false before='Create a group and register common sensors to easily monitor and manage your plants.' after='Create a group and register common sensors to easily monitor and manage your plants.' reject_reason='' reason='trim_stage_not_reached'
[ANN][stable] req_id=c3bcfc81 selected='Create a group and register common sensors to easily monitor and manage your plants.' reason='result_row_snapshot' source='result_row'
[ANN][select] req_id=c3bcfc81 used_snapshot=true snapshot_reason='no_better_recent_poll_candidate' previous='' current='Create a group and register common sensors to easily monitor and manage your plants.' final='Create a group and register common sensors to easily monitor and manage your plants.'

[STEP_TRACE]
[STEP] START scenario='' tab='(?i).*life.*' step=6 req_id='c3bcfc81'
[STEP] END scenario='' tab='(?i).*life.*' step=6 req_id='c3bcfc81' move_result='{'success': true, 'status': 'moved', 'detail': 'moved', 'raw': {'timestamp': 1776350511145, 'reqid': '6af57e98', 'success': true, 'status': 'moved', 'detail': 'moved', 'flags': []}}'
[STOP][eval] scenario='' step=6 reason='move_failed'
[STEP][summary] req_id=c3bcfc81 tab='(?i).*life.*' step=6 move_result='{'success': true, 'status': 'moved', 'detail': 'moved', 'raw': {'timestamp': 1776350511145, 'reqid': '6af57e98', 'success': true, 'status': 'moved', 'detail': 'moved', 'flags': []}}' terminal=false no_progress=false

[SCROLL_TRACE]
[SCROLL] req_id=c3bcfc81 scroll_related_log_found=false move_result='{'success': true, 'status': 'moved', 'detail': 'moved', 'raw': {'timestamp': 1776350511145, 'reqid': '6af57e98', 'success': true, 'status': 'moved', 'detail': 'moved', 'flags': []}}' smart_result='' detail='' inferred_scroll=false inference_reason='no_scroll_signal_found'

[FOCUS_TRACE]
[FOCUS] req_id=c3bcfc81 get_focus_req_id='' response_success=false payload_source='inferred_from_step_end' payload_sufficient=false fallback_used=false fallback_found=false dump_attempted=false final_payload_source='' focus_reason='' missing_reason='no_direct_get_focus_trace_found'

[DECISION_TRACE]
baseline_empty=true
first_candidate_contaminated=true
trim_considered=false
trim_applied=false
stable_reason='result_row_snapshot'
used_snapshot=true
snapshot_reason='no_better_recent_poll_candidate'
scroll_evidence='weak'
focus_evidence='weak'
notes='final speech appears to come from snapshot candidate path'
