[ROW_CONTEXT]
scenario=
tab=(?i).*life.*
step=1
req_id=e2d2b4f2
visible=
speech=
final_result=FAIL
failure_reason=move_failed

review_note=이동/발화 결과 재검토 필요
noise=
move_result={'success': true, 'status': 'moved', 'detail': 'moved', 'raw': {'timestamp': 1776036075196, 'reqid': '78108aec', 'success': true, 'status': 'moved', 'detail': 'moved', 'flags': []}}
debug_source_row_found=false

[ANN_TRACE]
[ANN][baseline] req_id=e2d2b4f2 text='' source='source_row_missing' empty_reason='no_prev_step_row'
[ANN][poll] req_id=e2d2b4f2 idx=0 raw='' normalized='' changed=false differs_from_baseline=false source='row_snapshot' observed_at='' count=0
[ANN][trim] req_id=e2d2b4f2 considered=false applied=false before='' after='' reject_reason='' reason='trim_stage_not_reached'
[ANN][stable] req_id=e2d2b4f2 selected='' reason='result_row_snapshot' source='result_row'
[ANN][select] req_id=e2d2b4f2 used_snapshot=true snapshot_reason='no_better_recent_poll_candidate' previous='' current='' final=''

[STEP_TRACE]
[08:21:20] [STEP] END tab='(?i).*life.*' step=1 elapsed=5.44s move_result='{'success': True, 'status': 'moved', 'detail': 'moved', 'raw': {'timestamp': 1776036075196, 'reqId': '78108aec', 'success': True, 'status': 'moved', 'detail': 'moved', 'flags': []}}' visible='' speech='' crop='output\talkback_compare_20260413_080941\crops\i_._life._step_1_item.png' timing(move=0.592s ann=3.847s get_focus=1.005s get_focus_fallback_dump=0.000s step_dump=0.000s crop=0.487s total=5.931s) focus_reason='' fallback_used=False fallback_found=False step_dump_used=False step_dump_reason='focus_payload_sufficient' req_id='e2d2b4f2'
[STEP][summary] req_id=e2d2b4f2 tab='(?i).*life.*' step=1 move_result='{'success': true, 'status': 'moved', 'detail': 'moved', 'raw': {'timestamp': 1776036075196, 'reqid': '78108aec', 'success': true, 'status': 'moved', 'detail': 'moved', 'flags': []}}' terminal=false no_progress=false

[SCROLL_TRACE]
[SCROLL] req_id=e2d2b4f2 scroll_related_log_found=false move_result='{'success': true, 'status': 'moved', 'detail': 'moved', 'raw': {'timestamp': 1776036075196, 'reqid': '78108aec', 'success': true, 'status': 'moved', 'detail': 'moved', 'flags': []}}' smart_result='' detail='' inferred_scroll=false inference_reason='no_scroll_signal_found'

[FOCUS_TRACE]
[08:21:20] [STEP] END tab='(?i).*life.*' step=1 elapsed=5.44s move_result='{'success': True, 'status': 'moved', 'detail': 'moved', 'raw': {'timestamp': 1776036075196, 'reqId': '78108aec', 'success': True, 'status': 'moved', 'detail': 'moved', 'flags': []}}' visible='' speech='' crop='output\talkback_compare_20260413_080941\crops\i_._life._step_1_item.png' timing(move=0.592s ann=3.847s get_focus=1.005s get_focus_fallback_dump=0.000s step_dump=0.000s crop=0.487s total=5.931s) focus_reason='' fallback_used=False fallback_found=False step_dump_used=False step_dump_reason='focus_payload_sufficient' req_id='e2d2b4f2'
[FOCUS] req_id=e2d2b4f2 get_focus_req_id='' response_success=false payload_source='' payload_sufficient=false fallback_used=false fallback_found=false dump_attempted=false final_payload_source='' focus_reason='' missing_reason=''

[DECISION_TRACE]
baseline_empty=true
first_candidate_contaminated=false
trim_considered=false
trim_applied=false
stable_reason='result_row_snapshot'
used_snapshot=true
snapshot_reason='no_better_recent_poll_candidate'
scroll_evidence='weak'
focus_evidence='strong'
notes='final speech appears to come from snapshot candidate path'
