[ROW_CONTEXT]
scenario=
tab=(?i).*life.*
step=15
req_id=00834558
visible=Monitor
speech=Monitor
final_result=FAIL
failure_reason=move_failed

review_note=이동/발화 결과 재검토 필요
noise=
move_result={'success': true, 'status': 'moved', 'detail': 'moved', 'raw': {'timestamp': 1776350994738, 'reqid': '8eb391ce', 'success': true, 'status': 'moved', 'detail': 'moved', 'flags': []}}
debug_source_row_found=false

[ANN_TRACE]
[ANN][baseline] req_id=00834558 text='' source='source_row_missing' empty_reason='no_prev_step_row'
[ANN][poll] req_id=00834558 idx=0 raw='Monitor' normalized='monitor' changed=true differs_from_baseline=true source='row_snapshot' observed_at='' count=0
[ANN][trim] req_id=00834558 considered=false applied=false before='Monitor' after='Monitor' reject_reason='' reason='trim_stage_not_reached'
[ANN][stable] req_id=00834558 selected='Monitor' reason='result_row_snapshot' source='result_row'
[ANN][select] req_id=00834558 used_snapshot=true snapshot_reason='no_better_recent_poll_candidate' previous='' current='Monitor' final='Monitor'

[STEP_TRACE]
[23:49:58] [STEP] END tab='(?i).*life.*' step=15 elapsed=4.55s move_result='{'success': True, 'status': 'moved', 'detail': 'moved', 'raw': {'timestamp': 1776350994738, 'reqId': '8eb391ce', 'success': True, 'status': 'moved', 'detail': 'moved', 'flags': []}}' visible='Monitor' speech='Monitor' crop='output\talkback_compare_20260416_231624\crops\i_._life._step_15_Monitor.png' timing(move=0.498s ann=2.984s get_focus=1.064s get_focus_fallback_dump=0.000s step_dump=0.000s crop=0.548s total=5.095s) focus_reason='' fallback_used=False fallback_found=False step_dump_used=False step_dump_reason='focus_payload_sufficient' req_id='00834558'
[STEP][summary] req_id=00834558 tab='(?i).*life.*' step=15 move_result='{'success': true, 'status': 'moved', 'detail': 'moved', 'raw': {'timestamp': 1776350994738, 'reqid': '8eb391ce', 'success': true, 'status': 'moved', 'detail': 'moved', 'flags': []}}' terminal=false no_progress=false

[SCROLL_TRACE]
[SCROLL] req_id=00834558 scroll_related_log_found=false move_result='{'success': true, 'status': 'moved', 'detail': 'moved', 'raw': {'timestamp': 1776350994738, 'reqid': '8eb391ce', 'success': true, 'status': 'moved', 'detail': 'moved', 'flags': []}}' smart_result='' detail='' inferred_scroll=false inference_reason='no_scroll_signal_found'

[FOCUS_TRACE]
[23:49:58] [STEP] END tab='(?i).*life.*' step=15 elapsed=4.55s move_result='{'success': True, 'status': 'moved', 'detail': 'moved', 'raw': {'timestamp': 1776350994738, 'reqId': '8eb391ce', 'success': True, 'status': 'moved', 'detail': 'moved', 'flags': []}}' visible='Monitor' speech='Monitor' crop='output\talkback_compare_20260416_231624\crops\i_._life._step_15_Monitor.png' timing(move=0.498s ann=2.984s get_focus=1.064s get_focus_fallback_dump=0.000s step_dump=0.000s crop=0.548s total=5.095s) focus_reason='' fallback_used=False fallback_found=False step_dump_used=False step_dump_reason='focus_payload_sufficient' req_id='00834558'
[FOCUS] req_id=00834558 get_focus_req_id='' response_success=false payload_source='' payload_sufficient=false fallback_used=false fallback_found=false dump_attempted=false final_payload_source='' focus_reason='' missing_reason=''

[DECISION_TRACE]
baseline_empty=true
first_candidate_contaminated=true
trim_considered=false
trim_applied=false
stable_reason='result_row_snapshot'
used_snapshot=true
snapshot_reason='no_better_recent_poll_candidate'
scroll_evidence='weak'
focus_evidence='strong'
notes='final speech appears to come from snapshot candidate path'
