[ROW_CONTEXT]
scenario=
tab=(?i).*life.*
step=46
req_id=f974eef9
visible=ActivityButton
speech=ActivityButton
final_result=FAIL
failure_reason=move_failed

review_note=이동/발화 결과 재검토 필요
noise=
move_result=failed
debug_source_row_found=false

[ANN_TRACE]
[ANN][baseline] req_id=f974eef9 text='' source='source_row_missing' empty_reason='no_prev_step_row'
[ANN][poll] req_id=f974eef9 idx=0 raw='ActivityButton' normalized='activitybutton' changed=true differs_from_baseline=true source='row_snapshot' observed_at='' count=0
[ANN][trim] req_id=f974eef9 considered=false applied=false before='ActivityButton' after='ActivityButton' reject_reason='' reason='trim_stage_not_reached'
[ANN][stable] req_id=f974eef9 selected='ActivityButton' reason='result_row_snapshot' source='result_row'
[ANN][select] req_id=f974eef9 used_snapshot=true snapshot_reason='no_better_recent_poll_candidate' previous='' current='ActivityButton' final='ActivityButton'

[STEP_TRACE]
[15:17:16] [STEP] END tab='(?i).*life.*' step=46 elapsed=60.93s move_result='' visible='ActivityButton' speech='ActivityButton' crop='output\talkback_compare_20260501_150933\crops\i_._life._step_46_ActivityButton.png' timing(move=33.195s ann=3.877s get_focus=23.861s get_focus_fallback_dump=0.000s step_dump=0.000s crop=0.540s total=61.474s) focus_reason='' fallback_used=False fallback_found=False step_dump_used=False step_dump_reason='focus_payload_sufficient' req_id='f974eef9'
[STEP][summary] req_id=f974eef9 tab='(?i).*life.*' step=46 move_result='failed' terminal=false no_progress=false

[SCROLL_TRACE]
[SCROLL] req_id=f974eef9 scroll_related_log_found=false move_result='failed' smart_result='' detail='' inferred_scroll=false inference_reason='no_scroll_signal_found'

[FOCUS_TRACE]
[15:17:16] [STEP] END tab='(?i).*life.*' step=46 elapsed=60.93s move_result='' visible='ActivityButton' speech='ActivityButton' crop='output\talkback_compare_20260501_150933\crops\i_._life._step_46_ActivityButton.png' timing(move=33.195s ann=3.877s get_focus=23.861s get_focus_fallback_dump=0.000s step_dump=0.000s crop=0.540s total=61.474s) focus_reason='' fallback_used=False fallback_found=False step_dump_used=False step_dump_reason='focus_payload_sufficient' req_id='f974eef9'
[FOCUS] req_id=f974eef9 get_focus_req_id='' response_success=false payload_source='' payload_sufficient=false fallback_used=false fallback_found=false dump_attempted=false final_payload_source='' focus_reason='' missing_reason=''

[DECISION_TRACE]
baseline_empty=true
first_candidate_contaminated=true
trim_considered=false
trim_applied=false
stable_reason='result_row_snapshot'
used_snapshot=true
snapshot_reason='no_better_recent_poll_candidate'
scroll_evidence='weak'
focus_evidence='strong'
notes='final speech appears to come from snapshot candidate path'
