[ROW_CONTEXT]
scenario=
tab=(?i).*life.*
step=11
req_id=44cb5bc3
visible=Apr 11, 6:00 PM - 7:00 PM
speech=Apr 11, 6:00 PM - 7:00 PM
final_result=FAIL
failure_reason=move_failed

review_note=이동/발화 결과 재검토 필요
noise=
move_result={'success': true, 'status': 'moved', 'detail': 'moved', 'raw': {'timestamp': 1775898385179, 'reqid': 'cb143c7e', 'success': true, 'status': 'moved', 'detail': 'moved', 'flags': []}}
debug_source_row_found=false

[ANN_TRACE]
[ANN][baseline] req_id=44cb5bc3 text='' source='source_row_missing' empty_reason='no_prev_step_row'
[ANN][poll] req_id=44cb5bc3 idx=0 raw='Apr 11, 6:00 PM - 7:00 PM' normalized='apr 11, 6:00 pm - 7:00 pm' changed=true differs_from_baseline=true source='row_snapshot' observed_at='' count=0
[ANN][trim] req_id=44cb5bc3 considered=false applied=false before='Apr 11, 6:00 PM - 7:00 PM' after='Apr 11, 6:00 PM - 7:00 PM' reject_reason='' reason='trim_stage_not_reached'
[ANN][stable] req_id=44cb5bc3 selected='Apr 11, 6:00 PM - 7:00 PM' reason='result_row_snapshot' source='result_row'
[ANN][select] req_id=44cb5bc3 used_snapshot=true snapshot_reason='no_better_recent_poll_candidate' previous='' current='Apr 11, 6:00 PM - 7:00 PM' final='Apr 11, 6:00 PM - 7:00 PM'

[STEP_TRACE]
[18:06:29] [STEP] END tab='(?i).*life.*' step=11 elapsed=4.48s move_result='{'success': True, 'status': 'moved', 'detail': 'moved', 'raw': {'timestamp': 1775898385179, 'reqId': 'cb143c7e', 'success': True, 'status': 'moved', 'detail': 'moved', 'flags': []}}' visible='Apr 11, 6:00 PM - 7:00 PM' speech='Apr 11, 6:00 PM - 7:00 PM' crop='output\talkback_compare_20260411_180356\crops\i_._life._step_11_Apr_11__6_00_PM_-_7_00_PM.png' timing(move=0.449s ann=3.044s get_focus=0.986s get_focus_fallback_dump=0.000s step_dump=0.000s crop=0.501s total=4.982s) focus_reason='' fallback_used=False fallback_found=False step_dump_used=False step_dump_reason='focus_payload_sufficient' req_id='44cb5bc3'
[STEP][summary] req_id=44cb5bc3 tab='(?i).*life.*' step=11 move_result='{'success': true, 'status': 'moved', 'detail': 'moved', 'raw': {'timestamp': 1775898385179, 'reqid': 'cb143c7e', 'success': true, 'status': 'moved', 'detail': 'moved', 'flags': []}}' terminal=false no_progress=false

[SCROLL_TRACE]
[SCROLL] req_id=44cb5bc3 scroll_related_log_found=false move_result='{'success': true, 'status': 'moved', 'detail': 'moved', 'raw': {'timestamp': 1775898385179, 'reqid': 'cb143c7e', 'success': true, 'status': 'moved', 'detail': 'moved', 'flags': []}}' smart_result='' detail='' inferred_scroll=false inference_reason='no_scroll_signal_found'

[FOCUS_TRACE]
[18:06:29] [STEP] END tab='(?i).*life.*' step=11 elapsed=4.48s move_result='{'success': True, 'status': 'moved', 'detail': 'moved', 'raw': {'timestamp': 1775898385179, 'reqId': 'cb143c7e', 'success': True, 'status': 'moved', 'detail': 'moved', 'flags': []}}' visible='Apr 11, 6:00 PM - 7:00 PM' speech='Apr 11, 6:00 PM - 7:00 PM' crop='output\talkback_compare_20260411_180356\crops\i_._life._step_11_Apr_11__6_00_PM_-_7_00_PM.png' timing(move=0.449s ann=3.044s get_focus=0.986s get_focus_fallback_dump=0.000s step_dump=0.000s crop=0.501s total=4.982s) focus_reason='' fallback_used=False fallback_found=False step_dump_used=False step_dump_reason='focus_payload_sufficient' req_id='44cb5bc3'
[FOCUS] req_id=44cb5bc3 get_focus_req_id='' response_success=false payload_source='' payload_sufficient=false fallback_used=false fallback_found=false dump_attempted=false final_payload_source='' focus_reason='' missing_reason=''

[DECISION_TRACE]
baseline_empty=true
first_candidate_contaminated=true
trim_considered=false
trim_applied=false
stable_reason='result_row_snapshot'
used_snapshot=true
snapshot_reason='no_better_recent_poll_candidate'
scroll_evidence='weak'
focus_evidence='strong'
notes='final speech appears to come from snapshot candidate path'
