[ROW_CONTEXT]
scenario=
tab=(?i).*life.*
step=19
req_id=1d851718
visible=Labs
speech=Labs
final_result=PASS
failure_reason=move_failed

review_note=정상 이동 및 발화 일치
noise=
move_result=scrolled
debug_source_row_found=false

[ANN_TRACE]
[ANN][baseline] req_id=1d851718 text='' source='source_row_missing' empty_reason='no_prev_step_row'
[ANN][poll] req_id=1d851718 idx=0 raw='Labs' normalized='labs' changed=true differs_from_baseline=true source='row_snapshot' observed_at='' count=0
[ANN][trim] req_id=1d851718 considered=false applied=false before='Labs' after='Labs' reject_reason='' reason='trim_stage_not_reached'
[ANN][stable] req_id=1d851718 selected='Labs' reason='result_row_snapshot' source='result_row'
[ANN][select] req_id=1d851718 used_snapshot=true snapshot_reason='no_better_recent_poll_candidate' previous='' current='Labs' final='Labs'

[STEP_TRACE]
[STEP] START scenario='' tab='(?i).*life.*' step=19 req_id='1d851718'
[STEP] END scenario='' tab='(?i).*life.*' step=19 req_id='1d851718' move_result='scrolled'
[STOP][eval] scenario='' step=19 reason='move_failed'
[STEP][summary] req_id=1d851718 tab='(?i).*life.*' step=19 move_result='scrolled' terminal=false no_progress=false

[SCROLL_TRACE]
[SCROLL] req_id=1d851718 scroll_related_log_found=false move_result='scrolled' smart_result='' detail='' inferred_scroll=true inference_reason='move_result_is_scrolled'

[FOCUS_TRACE]
[FOCUS] req_id=1d851718 get_focus_req_id='' response_success=false payload_source='inferred_from_step_end' payload_sufficient=false fallback_used=false fallback_found=false dump_attempted=false final_payload_source='' focus_reason='' missing_reason='no_direct_get_focus_trace_found'

[DECISION_TRACE]
baseline_empty=true
first_candidate_contaminated=true
trim_considered=false
trim_applied=false
stable_reason='result_row_snapshot'
used_snapshot=true
snapshot_reason='no_better_recent_poll_candidate'
scroll_evidence='weak'
focus_evidence='weak'
notes='final speech appears to come from snapshot candidate path'
