[ROW_CONTEXT]
scenario=
tab=(?i).*life.*
step=39
req_id=41c4cfaf
visible=Find out more about air control
speech=Find out more about air control
final_result=FAIL
failure_reason=move_failed

review_note=이동/발화 결과 재검토 필요
noise=
move_result={'success': true, 'status': 'moved', 'detail': 'moved', 'raw': {'timestamp': 1775898527263, 'reqid': '59de96f7', 'success': true, 'status': 'moved', 'detail': 'moved', 'flags': []}}
debug_source_row_found=false

[ANN_TRACE]
[ANN][baseline] req_id=41c4cfaf text='' source='source_row_missing' empty_reason='no_prev_step_row'
[ANN][poll] req_id=41c4cfaf idx=0 raw='Find out more about air control' normalized='find out more about air control' changed=true differs_from_baseline=true source='row_snapshot' observed_at='' count=0
[ANN][trim] req_id=41c4cfaf considered=false applied=false before='Find out more about air control' after='Find out more about air control' reject_reason='' reason='trim_stage_not_reached'
[ANN][stable] req_id=41c4cfaf selected='Find out more about air control' reason='result_row_snapshot' source='result_row'
[ANN][select] req_id=41c4cfaf used_snapshot=true snapshot_reason='no_better_recent_poll_candidate' previous='' current='Find out more about air control' final='Find out more about air control'

[STEP_TRACE]
[18:08:51] [STEP] END tab='(?i).*life.*' step=39 elapsed=4.83s move_result='{'success': True, 'status': 'moved', 'detail': 'moved', 'raw': {'timestamp': 1775898527263, 'reqId': '59de96f7', 'success': True, 'status': 'moved', 'detail': 'moved', 'flags': []}}' visible='Find out more about air control' speech='Find out more about air control' crop='output\talkback_compare_20260411_180356\crops\i_._life._step_39_Find_out_more_about_air_control.png' timing(move=0.833s ann=3.017s get_focus=0.979s get_focus_fallback_dump=0.000s step_dump=0.000s crop=0.464s total=5.294s) focus_reason='' fallback_used=False fallback_found=False step_dump_used=False step_dump_reason='focus_payload_sufficient' req_id='41c4cfaf'
[STEP][summary] req_id=41c4cfaf tab='(?i).*life.*' step=39 move_result='{'success': true, 'status': 'moved', 'detail': 'moved', 'raw': {'timestamp': 1775898527263, 'reqid': '59de96f7', 'success': true, 'status': 'moved', 'detail': 'moved', 'flags': []}}' terminal=false no_progress=false

[SCROLL_TRACE]
[SCROLL] req_id=41c4cfaf scroll_related_log_found=false move_result='{'success': true, 'status': 'moved', 'detail': 'moved', 'raw': {'timestamp': 1775898527263, 'reqid': '59de96f7', 'success': true, 'status': 'moved', 'detail': 'moved', 'flags': []}}' smart_result='' detail='' inferred_scroll=false inference_reason='no_scroll_signal_found'

[FOCUS_TRACE]
[18:08:51] [STEP] END tab='(?i).*life.*' step=39 elapsed=4.83s move_result='{'success': True, 'status': 'moved', 'detail': 'moved', 'raw': {'timestamp': 1775898527263, 'reqId': '59de96f7', 'success': True, 'status': 'moved', 'detail': 'moved', 'flags': []}}' visible='Find out more about air control' speech='Find out more about air control' crop='output\talkback_compare_20260411_180356\crops\i_._life._step_39_Find_out_more_about_air_control.png' timing(move=0.833s ann=3.017s get_focus=0.979s get_focus_fallback_dump=0.000s step_dump=0.000s crop=0.464s total=5.294s) focus_reason='' fallback_used=False fallback_found=False step_dump_used=False step_dump_reason='focus_payload_sufficient' req_id='41c4cfaf'
[FOCUS] req_id=41c4cfaf get_focus_req_id='' response_success=false payload_source='' payload_sufficient=false fallback_used=false fallback_found=false dump_attempted=false final_payload_source='' focus_reason='' missing_reason=''

[DECISION_TRACE]
baseline_empty=true
first_candidate_contaminated=true
trim_considered=false
trim_applied=false
stable_reason='result_row_snapshot'
used_snapshot=true
snapshot_reason='no_better_recent_poll_candidate'
scroll_evidence='weak'
focus_evidence='strong'
notes='final speech appears to come from snapshot candidate path'
