[ROW_CONTEXT]
scenario=
tab=(?i).*(menu|more).*
step=3
req_id=3e687b0a
visible=Explore New content available Find out how to get the most from SmartThings.
speech=Explore New content available Find out how to get the most from SmartThings.
final_result=FAIL
failure_reason=move_failed

review_note=이동/발화 결과 재검토 필요
noise=
move_result={'success': true, 'status': 'moved', 'detail': 'moved', 'raw': {'timestamp': 1776348605679, 'reqid': '10611ed2', 'success': true, 'status': 'moved', 'detail': 'moved', 'flags': []}}
debug_source_row_found=false

[ANN_TRACE]
[ANN][baseline] req_id=3e687b0a text='' source='source_row_missing' empty_reason='no_prev_step_row'
[ANN][poll] req_id=3e687b0a idx=0 raw='Explore New content available Find out how to get the most from SmartThings.' normalized='explore new content available find out how to get the most from smartthings.' changed=true differs_from_baseline=true source='row_snapshot' observed_at='' count=0
[ANN][trim] req_id=3e687b0a considered=false applied=false before='Explore New content available Find out how to get the most from SmartThings.' after='Explore New content available Find out how to get the most from SmartThings.' reject_reason='' reason='trim_stage_not_reached'
[ANN][stable] req_id=3e687b0a selected='Explore New content available Find out how to get the most from SmartThings.' reason='result_row_snapshot' source='result_row'
[ANN][select] req_id=3e687b0a used_snapshot=true snapshot_reason='no_better_recent_poll_candidate' previous='' current='Explore New content available Find out how to get the most from SmartThings.' final='Explore New content available Find out how to get the most from SmartThings.'

[STEP_TRACE]
[23:10:10] [STEP] END tab='(?i).*(menu|more).*' step=3 elapsed=4.44s move_result='{'success': True, 'status': 'moved', 'detail': 'moved', 'raw': {'timestamp': 1776348605679, 'reqId': '10611ed2', 'success': True, 'status': 'moved', 'detail': 'moved', 'flags': []}}' visible='Explore New content available Find out how to get the most from SmartThings.' speech='Explore New content available Find out how to get the most from SmartThings.' crop='output\talkback_compare_20260416_225823\crops\i_.__menu_more_._step_3_Explore_New_content_available_Find_out_h.png' timing(move=0.451s ann=3.019s get_focus=0.972s get_focus_fallback_dump=0.000s step_dump=0.000s crop=0.586s total=5.029s) focus_reason='' fallback_used=False fallback_found=False step_dump_used=False step_dump_reason='focus_payload_sufficient' req_id='3e687b0a'
[STEP][summary] req_id=3e687b0a tab='(?i).*(menu|more).*' step=3 move_result='{'success': true, 'status': 'moved', 'detail': 'moved', 'raw': {'timestamp': 1776348605679, 'reqid': '10611ed2', 'success': true, 'status': 'moved', 'detail': 'moved', 'flags': []}}' terminal=false no_progress=false

[SCROLL_TRACE]
[SCROLL] req_id=3e687b0a scroll_related_log_found=false move_result='{'success': true, 'status': 'moved', 'detail': 'moved', 'raw': {'timestamp': 1776348605679, 'reqid': '10611ed2', 'success': true, 'status': 'moved', 'detail': 'moved', 'flags': []}}' smart_result='' detail='' inferred_scroll=false inference_reason='no_scroll_signal_found'

[FOCUS_TRACE]
[23:10:10] [STEP] END tab='(?i).*(menu|more).*' step=3 elapsed=4.44s move_result='{'success': True, 'status': 'moved', 'detail': 'moved', 'raw': {'timestamp': 1776348605679, 'reqId': '10611ed2', 'success': True, 'status': 'moved', 'detail': 'moved', 'flags': []}}' visible='Explore New content available Find out how to get the most from SmartThings.' speech='Explore New content available Find out how to get the most from SmartThings.' crop='output\talkback_compare_20260416_225823\crops\i_.__menu_more_._step_3_Explore_New_content_available_Find_out_h.png' timing(move=0.451s ann=3.019s get_focus=0.972s get_focus_fallback_dump=0.000s step_dump=0.000s crop=0.586s total=5.029s) focus_reason='' fallback_used=False fallback_found=False step_dump_used=False step_dump_reason='focus_payload_sufficient' req_id='3e687b0a'
[FOCUS] req_id=3e687b0a get_focus_req_id='' response_success=false payload_source='' payload_sufficient=false fallback_used=false fallback_found=false dump_attempted=false final_payload_source='' focus_reason='' missing_reason=''

[DECISION_TRACE]
baseline_empty=true
first_candidate_contaminated=true
trim_considered=false
trim_applied=false
stable_reason='result_row_snapshot'
used_snapshot=true
snapshot_reason='no_better_recent_poll_candidate'
scroll_evidence='weak'
focus_evidence='strong'
notes='final speech appears to come from snapshot candidate path'
