[ROW_CONTEXT]
scenario=
tab=(?i).*life.*
step=4
req_id=912bbe2e
visible=Security Security mode disarmed
speech=Security Security mode disarmed
final_result=FAIL
failure_reason=move_failed

review_note=이동/발화 결과 재검토 필요
noise=
move_result={'success': true, 'status': 'moved', 'detail': 'moved', 'raw': {'timestamp': 1775999171977, 'reqid': '28fb7558', 'success': true, 'status': 'moved', 'detail': 'moved', 'flags': []}}
debug_source_row_found=false

[ANN_TRACE]
[ANN][baseline] req_id=912bbe2e text='' source='source_row_missing' empty_reason='no_prev_step_row'
[ANN][poll] req_id=912bbe2e idx=0 raw='Security Security mode disarmed' normalized='security security mode disarmed' changed=true differs_from_baseline=true source='row_snapshot' observed_at='' count=0
[ANN][trim] req_id=912bbe2e considered=false applied=false before='Security Security mode disarmed' after='Security Security mode disarmed' reject_reason='' reason='trim_stage_not_reached'
[ANN][stable] req_id=912bbe2e selected='Security Security mode disarmed' reason='result_row_snapshot' source='result_row'
[ANN][select] req_id=912bbe2e used_snapshot=true snapshot_reason='no_better_recent_poll_candidate' previous='' current='Security Security mode disarmed' final='Security Security mode disarmed'

[STEP_TRACE]
[22:06:15] [STEP] END tab='(?i).*life.*' step=4 elapsed=4.91s move_result='{'success': True, 'status': 'moved', 'detail': 'moved', 'raw': {'timestamp': 1775999171977, 'reqId': '28fb7558', 'success': True, 'status': 'moved', 'detail': 'moved', 'flags': []}}' visible='Security Security mode disarmed' speech='Security Security mode disarmed' crop='output\talkback_compare_20260412_215357\crops\i_._life._step_4_Security_Security_mode_disarmed.png' timing(move=0.567s ann=3.205s get_focus=1.136s get_focus_fallback_dump=0.000s step_dump=0.000s crop=0.584s total=5.493s) focus_reason='' fallback_used=False fallback_found=False step_dump_used=False step_dump_reason='focus_payload_sufficient' req_id='912bbe2e'
[STEP][summary] req_id=912bbe2e tab='(?i).*life.*' step=4 move_result='{'success': true, 'status': 'moved', 'detail': 'moved', 'raw': {'timestamp': 1775999171977, 'reqid': '28fb7558', 'success': true, 'status': 'moved', 'detail': 'moved', 'flags': []}}' terminal=false no_progress=false

[SCROLL_TRACE]
[SCROLL] req_id=912bbe2e scroll_related_log_found=false move_result='{'success': true, 'status': 'moved', 'detail': 'moved', 'raw': {'timestamp': 1775999171977, 'reqid': '28fb7558', 'success': true, 'status': 'moved', 'detail': 'moved', 'flags': []}}' smart_result='' detail='' inferred_scroll=false inference_reason='no_scroll_signal_found'

[FOCUS_TRACE]
[22:06:15] [STEP] END tab='(?i).*life.*' step=4 elapsed=4.91s move_result='{'success': True, 'status': 'moved', 'detail': 'moved', 'raw': {'timestamp': 1775999171977, 'reqId': '28fb7558', 'success': True, 'status': 'moved', 'detail': 'moved', 'flags': []}}' visible='Security Security mode disarmed' speech='Security Security mode disarmed' crop='output\talkback_compare_20260412_215357\crops\i_._life._step_4_Security_Security_mode_disarmed.png' timing(move=0.567s ann=3.205s get_focus=1.136s get_focus_fallback_dump=0.000s step_dump=0.000s crop=0.584s total=5.493s) focus_reason='' fallback_used=False fallback_found=False step_dump_used=False step_dump_reason='focus_payload_sufficient' req_id='912bbe2e'
[FOCUS] req_id=912bbe2e get_focus_req_id='' response_success=false payload_source='' payload_sufficient=false fallback_used=false fallback_found=false dump_attempted=false final_payload_source='' focus_reason='' missing_reason=''

[DECISION_TRACE]
baseline_empty=true
first_candidate_contaminated=true
trim_considered=false
trim_applied=false
stable_reason='result_row_snapshot'
used_snapshot=true
snapshot_reason='no_better_recent_poll_candidate'
scroll_evidence='weak'
focus_evidence='strong'
notes='final speech appears to come from snapshot candidate path'
