[ROW_CONTEXT]
scenario=
tab=(?i).*life.*
step=16
req_id=c265d6f9
visible=History
speech=History
final_result=PASS
failure_reason=terminal_not_handled

review_note=정상 이동 및 발화 일치
noise=
move_result=moved
debug_source_row_found=false

[ANN_TRACE]
[ANN][baseline] req_id=c265d6f9 text='' source='source_row_missing' empty_reason='no_prev_step_row'
[ANN][poll] req_id=c265d6f9 idx=0 raw='History' normalized='history' changed=true differs_from_baseline=true source='row_snapshot' observed_at='' count=0
[ANN][trim] req_id=c265d6f9 considered=false applied=false before='History' after='History' reject_reason='' reason='trim_stage_not_reached'
[ANN][stable] req_id=c265d6f9 selected='History' reason='result_row_snapshot' source='result_row'
[ANN][select] req_id=c265d6f9 used_snapshot=true snapshot_reason='no_better_recent_poll_candidate' previous='' current='History' final='History'

[STEP_TRACE]
[22:13:18] [STEP] END tab='(?i).*life.*' step=16 elapsed=4.45s move_result='{'success': True, 'status': 'moved', 'detail': 'moved', 'raw': {'timestamp': 1776431594646, 'reqId': 'a4719560', 'success': True, 'status': 'moved', 'detail': 'moved', 'flags': []}}' visible='History' speech='History' crop='output\talkback_compare_20260417_214340\crops\i_._life._step_16_History.png' timing(move=0.454s ann=3.023s get_focus=0.973s get_focus_fallback_dump=0.000s step_dump=0.000s crop=0.514s total=4.964s) focus_reason='' fallback_used=False fallback_found=False step_dump_used=False step_dump_reason='focus_payload_sufficient' req_id='c265d6f9'
[STEP][summary] req_id=c265d6f9 tab='(?i).*life.*' step=16 move_result='moved' terminal=false no_progress=false

[SCROLL_TRACE]
[SCROLL] req_id=c265d6f9 scroll_related_log_found=false move_result='moved' smart_result='' detail='' inferred_scroll=false inference_reason='no_scroll_signal_found'

[FOCUS_TRACE]
[22:13:18] [STEP] END tab='(?i).*life.*' step=16 elapsed=4.45s move_result='{'success': True, 'status': 'moved', 'detail': 'moved', 'raw': {'timestamp': 1776431594646, 'reqId': 'a4719560', 'success': True, 'status': 'moved', 'detail': 'moved', 'flags': []}}' visible='History' speech='History' crop='output\talkback_compare_20260417_214340\crops\i_._life._step_16_History.png' timing(move=0.454s ann=3.023s get_focus=0.973s get_focus_fallback_dump=0.000s step_dump=0.000s crop=0.514s total=4.964s) focus_reason='' fallback_used=False fallback_found=False step_dump_used=False step_dump_reason='focus_payload_sufficient' req_id='c265d6f9'
[FOCUS] req_id=c265d6f9 get_focus_req_id='' response_success=false payload_source='' payload_sufficient=false fallback_used=false fallback_found=false dump_attempted=false final_payload_source='' focus_reason='' missing_reason=''

[DECISION_TRACE]
baseline_empty=true
first_candidate_contaminated=true
trim_considered=false
trim_applied=false
stable_reason='result_row_snapshot'
used_snapshot=true
snapshot_reason='no_better_recent_poll_candidate'
scroll_evidence='weak'
focus_evidence='strong'
notes='final speech appears to come from snapshot candidate path'
