[ROW_CONTEXT]
scenario=
tab=(?i).*life.*
step=42
req_id=30e6caab
visible=Steps
speech=Steps
final_result=FAIL
failure_reason=move_failed

review_note=이동/발화 결과 재검토 필요
noise=
move_result=failed
debug_source_row_found=false

[ANN_TRACE]
[ANN][baseline] req_id=30e6caab text='' source='source_row_missing' empty_reason='no_prev_step_row'
[ANN][poll] req_id=30e6caab idx=0 raw='Steps' normalized='steps' changed=true differs_from_baseline=true source='row_snapshot' observed_at='' count=0
[ANN][trim] req_id=30e6caab considered=false applied=false before='Steps' after='Steps' reject_reason='' reason='trim_stage_not_reached'
[ANN][stable] req_id=30e6caab selected='Steps' reason='result_row_snapshot' source='result_row'
[ANN][select] req_id=30e6caab used_snapshot=true snapshot_reason='no_better_recent_poll_candidate' previous='' current='Steps' final='Steps'

[STEP_TRACE]
[07:57:17] [STEP] END tab='(?i).*life.*' step=42 elapsed=5.35s move_result='' visible='Steps' speech='Steps' crop='output\talkback_compare_20260422_075233\crops\i_._life._step_42_LocationButton.png' timing(move=0.406s ann=3.910s get_focus=1.031s get_focus_fallback_dump=0.000s step_dump=0.000s crop=0.536s total=5.884s) focus_reason='' fallback_used=False fallback_found=False step_dump_used=False step_dump_reason='focus_payload_sufficient' req_id='30e6caab'
[STEP][summary] req_id=30e6caab tab='(?i).*life.*' step=42 move_result='failed' terminal=false no_progress=false

[SCROLL_TRACE]
[SCROLL] req_id=30e6caab scroll_related_log_found=false move_result='failed' smart_result='' detail='' inferred_scroll=false inference_reason='no_scroll_signal_found'

[FOCUS_TRACE]
[07:57:17] [STEP] END tab='(?i).*life.*' step=42 elapsed=5.35s move_result='' visible='Steps' speech='Steps' crop='output\talkback_compare_20260422_075233\crops\i_._life._step_42_LocationButton.png' timing(move=0.406s ann=3.910s get_focus=1.031s get_focus_fallback_dump=0.000s step_dump=0.000s crop=0.536s total=5.884s) focus_reason='' fallback_used=False fallback_found=False step_dump_used=False step_dump_reason='focus_payload_sufficient' req_id='30e6caab'
[FOCUS] req_id=30e6caab get_focus_req_id='' response_success=false payload_source='' payload_sufficient=false fallback_used=false fallback_found=false dump_attempted=false final_payload_source='' focus_reason='' missing_reason=''

[DECISION_TRACE]
baseline_empty=true
first_candidate_contaminated=true
trim_considered=false
trim_applied=false
stable_reason='result_row_snapshot'
used_snapshot=true
snapshot_reason='no_better_recent_poll_candidate'
scroll_evidence='weak'
focus_evidence='strong'
notes='final speech appears to come from snapshot candidate path'
