[ROW_CONTEXT]
scenario=
tab=(?i).*life.*
step=6
req_id=7ea4175c
visible=Dismiss
speech=Dismiss
final_result=FAIL
failure_reason=move_failed

review_note=이동/발화 결과 재검토 필요
noise=
move_result={'success': true, 'status': 'moved', 'detail': 'moved', 'raw': {'timestamp': 1775958852911, 'reqid': '36b36c0f', 'success': true, 'status': 'moved', 'detail': 'moved', 'flags': []}}
debug_source_row_found=false

[ANN_TRACE]
[ANN][baseline] req_id=7ea4175c text='' source='source_row_missing' empty_reason='no_prev_step_row'
[ANN][poll] req_id=7ea4175c idx=0 raw='Dismiss' normalized='dismiss' changed=true differs_from_baseline=true source='row_snapshot' observed_at='' count=0
[ANN][trim] req_id=7ea4175c considered=false applied=false before='Dismiss' after='Dismiss' reject_reason='' reason='trim_stage_not_reached'
[ANN][stable] req_id=7ea4175c selected='Dismiss' reason='result_row_snapshot' source='result_row'
[ANN][select] req_id=7ea4175c used_snapshot=true snapshot_reason='no_better_recent_poll_candidate' previous='' current='Dismiss' final='Dismiss'

[STEP_TRACE]
[10:54:17] [STEP] END tab='(?i).*life.*' step=6 elapsed=4.55s move_result='{'success': True, 'status': 'moved', 'detail': 'moved', 'raw': {'timestamp': 1775958852911, 'reqId': '36b36c0f', 'success': True, 'status': 'moved', 'detail': 'moved', 'flags': []}}' visible='Dismiss' speech='Dismiss' crop='output\talkback_compare_20260412_104748\crops\i_._life._step_6_Dismiss.png' timing(move=0.525s ann=3.019s get_focus=1.007s get_focus_fallback_dump=0.000s step_dump=0.000s crop=0.485s total=5.036s) focus_reason='' fallback_used=False fallback_found=False step_dump_used=False step_dump_reason='focus_payload_sufficient' req_id='7ea4175c'
[STEP][summary] req_id=7ea4175c tab='(?i).*life.*' step=6 move_result='{'success': true, 'status': 'moved', 'detail': 'moved', 'raw': {'timestamp': 1775958852911, 'reqid': '36b36c0f', 'success': true, 'status': 'moved', 'detail': 'moved', 'flags': []}}' terminal=false no_progress=false

[SCROLL_TRACE]
[SCROLL] req_id=7ea4175c scroll_related_log_found=false move_result='{'success': true, 'status': 'moved', 'detail': 'moved', 'raw': {'timestamp': 1775958852911, 'reqid': '36b36c0f', 'success': true, 'status': 'moved', 'detail': 'moved', 'flags': []}}' smart_result='' detail='' inferred_scroll=false inference_reason='no_scroll_signal_found'

[FOCUS_TRACE]
[10:54:17] [STEP] END tab='(?i).*life.*' step=6 elapsed=4.55s move_result='{'success': True, 'status': 'moved', 'detail': 'moved', 'raw': {'timestamp': 1775958852911, 'reqId': '36b36c0f', 'success': True, 'status': 'moved', 'detail': 'moved', 'flags': []}}' visible='Dismiss' speech='Dismiss' crop='output\talkback_compare_20260412_104748\crops\i_._life._step_6_Dismiss.png' timing(move=0.525s ann=3.019s get_focus=1.007s get_focus_fallback_dump=0.000s step_dump=0.000s crop=0.485s total=5.036s) focus_reason='' fallback_used=False fallback_found=False step_dump_used=False step_dump_reason='focus_payload_sufficient' req_id='7ea4175c'
[FOCUS] req_id=7ea4175c get_focus_req_id='' response_success=false payload_source='' payload_sufficient=false fallback_used=false fallback_found=false dump_attempted=false final_payload_source='' focus_reason='' missing_reason=''

[DECISION_TRACE]
baseline_empty=true
first_candidate_contaminated=true
trim_considered=false
trim_applied=false
stable_reason='result_row_snapshot'
used_snapshot=true
snapshot_reason='no_better_recent_poll_candidate'
scroll_evidence='weak'
focus_evidence='strong'
notes='final speech appears to come from snapshot candidate path'
