[ROW_CONTEXT]
scenario=
tab=(?i).*life.*
step=1
req_id=b7eb5e0e
visible=Energy
speech=Energy
final_result=FAIL
failure_reason=move_failed

review_note=이동/발화 결과 재검토 필요
noise=
move_result={'success': true, 'status': 'moved', 'detail': 'moved', 'raw': {'timestamp': 1775923214119, 'reqid': 'a99959fc', 'success': true, 'status': 'moved', 'detail': 'moved', 'flags': []}}
debug_source_row_found=false

[ANN_TRACE]
[ANN][baseline] req_id=b7eb5e0e text='' source='source_row_missing' empty_reason='no_prev_step_row'
[ANN][poll] req_id=b7eb5e0e idx=0 raw='Energy' normalized='energy' changed=true differs_from_baseline=true source='row_snapshot' observed_at='' count=0
[ANN][trim] req_id=b7eb5e0e considered=false applied=false before='Energy' after='Energy' reject_reason='' reason='trim_stage_not_reached'
[ANN][stable] req_id=b7eb5e0e selected='Energy' reason='result_row_snapshot' source='result_row'
[ANN][select] req_id=b7eb5e0e used_snapshot=true snapshot_reason='no_better_recent_poll_candidate' previous='' current='Energy' final='Energy'

[STEP_TRACE]
[01:00:17] [STEP] END tab='(?i).*life.*' step=1 elapsed=4.45s move_result='{'success': True, 'status': 'moved', 'detail': 'moved', 'raw': {'timestamp': 1775923214119, 'reqId': 'a99959fc', 'success': True, 'status': 'moved', 'detail': 'moved', 'flags': []}}' visible='Energy' speech='Energy' crop='output\talkback_compare_20260412_005533\crops\i_._life._step_1_Energy.png' timing(move=0.404s ann=3.042s get_focus=1.005s get_focus_fallback_dump=0.000s step_dump=0.000s crop=0.495s total=4.946s) focus_reason='' fallback_used=False fallback_found=False step_dump_used=False step_dump_reason='focus_payload_sufficient' req_id='b7eb5e0e'
[STEP][summary] req_id=b7eb5e0e tab='(?i).*life.*' step=1 move_result='{'success': true, 'status': 'moved', 'detail': 'moved', 'raw': {'timestamp': 1775923214119, 'reqid': 'a99959fc', 'success': true, 'status': 'moved', 'detail': 'moved', 'flags': []}}' terminal=false no_progress=false

[SCROLL_TRACE]
[SCROLL] req_id=b7eb5e0e scroll_related_log_found=false move_result='{'success': true, 'status': 'moved', 'detail': 'moved', 'raw': {'timestamp': 1775923214119, 'reqid': 'a99959fc', 'success': true, 'status': 'moved', 'detail': 'moved', 'flags': []}}' smart_result='' detail='' inferred_scroll=false inference_reason='no_scroll_signal_found'

[FOCUS_TRACE]
[01:00:17] [STEP] END tab='(?i).*life.*' step=1 elapsed=4.45s move_result='{'success': True, 'status': 'moved', 'detail': 'moved', 'raw': {'timestamp': 1775923214119, 'reqId': 'a99959fc', 'success': True, 'status': 'moved', 'detail': 'moved', 'flags': []}}' visible='Energy' speech='Energy' crop='output\talkback_compare_20260412_005533\crops\i_._life._step_1_Energy.png' timing(move=0.404s ann=3.042s get_focus=1.005s get_focus_fallback_dump=0.000s step_dump=0.000s crop=0.495s total=4.946s) focus_reason='' fallback_used=False fallback_found=False step_dump_used=False step_dump_reason='focus_payload_sufficient' req_id='b7eb5e0e'
[FOCUS] req_id=b7eb5e0e get_focus_req_id='' response_success=false payload_source='' payload_sufficient=false fallback_used=false fallback_found=false dump_attempted=false final_payload_source='' focus_reason='' missing_reason=''

[DECISION_TRACE]
baseline_empty=true
first_candidate_contaminated=true
trim_considered=false
trim_applied=false
stable_reason='result_row_snapshot'
used_snapshot=true
snapshot_reason='no_better_recent_poll_candidate'
scroll_evidence='weak'
focus_evidence='strong'
notes='final speech appears to come from snapshot candidate path'
