[ROW_CONTEXT]
scenario=
tab=(?i).*life.*
step=9
req_id=138dddfa
visible=Carbon emissions aware, Current carbon intensity 398 grams per kilowatt-hours Carbon emissions are relatively low during this time of day.
speech=Carbon emissions aware, Current carbon intensity 398 grams per kilowatt-hours Carbon emissions are relatively low during this time of day.
final_result=FAIL
failure_reason=move_failed

review_note=이동/발화 결과 재검토 필요
noise=
move_result={'success': true, 'status': 'moved', 'detail': 'moved', 'raw': {'timestamp': 1775924275351, 'reqid': 'bc08aed8', 'success': true, 'status': 'moved', 'detail': 'moved', 'flags': []}}
debug_source_row_found=false

[ANN_TRACE]
[ANN][baseline] req_id=138dddfa text='' source='source_row_missing' empty_reason='no_prev_step_row'
[ANN][poll] req_id=138dddfa idx=0 raw='Carbon emissions aware, Current carbon intensity 398 grams per kilowatt-hours Carbon emissions are relatively low during this time of day.' normalized='carbon emissions aware, current carbon intensity 398 grams per kilowatt-hours carbon emissions are relatively low during this time of day.' changed=true differs_from_baseline=true source='row_snapshot' observed_at='' count=0
[ANN][trim] req_id=138dddfa considered=false applied=false before='Carbon emissions aware, Current carbon intensity 398 grams per kilowatt-hours Carbon emissions are relatively low during this time of day.' after='Carbon emissions aware, Current carbon intensity 398 grams per kilowatt-hours Carbon emissions are relatively low during this time of day.' reject_reason='' reason='trim_stage_not_reached'
[ANN][stable] req_id=138dddfa selected='Carbon emissions aware, Current carbon intensity 398 grams per kilowatt-hours Carbon emissions are relatively low during this time of day.' reason='result_row_snapshot' source='result_row'
[ANN][select] req_id=138dddfa used_snapshot=true snapshot_reason='no_better_recent_poll_candidate' previous='' current='Carbon emissions aware, Current carbon intensity 398 grams per kilowatt-hours Carbon emissions are relatively low during this time of day.' final='Carbon emissions aware, Current carbon intensity 398 grams per kilowatt-hours Carbon emissions are relatively low during this time of day.'

[STEP_TRACE]
[01:17:58] [STEP] END tab='(?i).*life.*' step=9 elapsed=5.85s move_result='{'success': True, 'status': 'moved', 'detail': 'moved', 'raw': {'timestamp': 1775924275351, 'reqId': 'bc08aed8', 'success': True, 'status': 'moved', 'detail': 'moved', 'flags': []}}' visible='Carbon emissions aware, Current carbon intensity 398 grams per kilowatt-hours Carbon emissions are relatively low during this time of day.' speech='Carbon emissions aware, Current carbon intensity 398 grams per kilowatt-hours Carbon emissions are relatively low during this time of day.' crop='output\talkback_compare_20260412_011144\crops\i_._life._step_9_Carbon_emissions_aware__Current_carbon_i.png' timing(move=1.811s ann=3.024s get_focus=1.018s get_focus_fallback_dump=0.000s step_dump=0.000s crop=0.535s total=6.388s) focus_reason='' fallback_used=False fallback_found=False step_dump_used=False step_dump_reason='focus_payload_sufficient' req_id='138dddfa'
[STEP][summary] req_id=138dddfa tab='(?i).*life.*' step=9 move_result='{'success': true, 'status': 'moved', 'detail': 'moved', 'raw': {'timestamp': 1775924275351, 'reqid': 'bc08aed8', 'success': true, 'status': 'moved', 'detail': 'moved', 'flags': []}}' terminal=false no_progress=false

[SCROLL_TRACE]
[SCROLL] req_id=138dddfa scroll_related_log_found=false move_result='{'success': true, 'status': 'moved', 'detail': 'moved', 'raw': {'timestamp': 1775924275351, 'reqid': 'bc08aed8', 'success': true, 'status': 'moved', 'detail': 'moved', 'flags': []}}' smart_result='' detail='' inferred_scroll=false inference_reason='no_scroll_signal_found'

[FOCUS_TRACE]
[01:17:58] [STEP] END tab='(?i).*life.*' step=9 elapsed=5.85s move_result='{'success': True, 'status': 'moved', 'detail': 'moved', 'raw': {'timestamp': 1775924275351, 'reqId': 'bc08aed8', 'success': True, 'status': 'moved', 'detail': 'moved', 'flags': []}}' visible='Carbon emissions aware, Current carbon intensity 398 grams per kilowatt-hours Carbon emissions are relatively low during this time of day.' speech='Carbon emissions aware, Current carbon intensity 398 grams per kilowatt-hours Carbon emissions are relatively low during this time of day.' crop='output\talkback_compare_20260412_011144\crops\i_._life._step_9_Carbon_emissions_aware__Current_carbon_i.png' timing(move=1.811s ann=3.024s get_focus=1.018s get_focus_fallback_dump=0.000s step_dump=0.000s crop=0.535s total=6.388s) focus_reason='' fallback_used=False fallback_found=False step_dump_used=False step_dump_reason='focus_payload_sufficient' req_id='138dddfa'
[FOCUS] req_id=138dddfa get_focus_req_id='' response_success=false payload_source='' payload_sufficient=false fallback_used=false fallback_found=false dump_attempted=false final_payload_source='' focus_reason='' missing_reason=''

[DECISION_TRACE]
baseline_empty=true
first_candidate_contaminated=true
trim_considered=false
trim_applied=false
stable_reason='result_row_snapshot'
used_snapshot=true
snapshot_reason='no_better_recent_poll_candidate'
scroll_evidence='weak'
focus_evidence='strong'
notes='final speech appears to come from snapshot candidate path'
