[ROW_CONTEXT]
scenario=
tab=(?i).*life.*
step=2
req_id=4fa547d9
visible=More options
speech=More options
final_result=FAIL
failure_reason=move_failed

review_note=이동/발화 결과 재검토 필요
noise=
move_result={'success': true, 'status': 'moved', 'detail': 'moved', 'raw': {'timestamp': 1776169453406, 'reqid': '13a25840', 'success': true, 'status': 'moved', 'detail': 'moved', 'flags': []}}
debug_source_row_found=false

[ANN_TRACE]
[ANN][baseline] req_id=4fa547d9 text='' source='source_row_missing' empty_reason='no_prev_step_row'
[ANN][poll] req_id=4fa547d9 idx=0 raw='More options' normalized='more options' changed=true differs_from_baseline=true source='row_snapshot' observed_at='' count=0
[ANN][trim] req_id=4fa547d9 considered=false applied=false before='More options' after='More options' reject_reason='' reason='trim_stage_not_reached'
[ANN][stable] req_id=4fa547d9 selected='More options' reason='result_row_snapshot' source='result_row'
[ANN][select] req_id=4fa547d9 used_snapshot=true snapshot_reason='no_better_recent_poll_candidate' previous='' current='More options' final='More options'

[STEP_TRACE]
[21:24:16] [STEP] END tab='(?i).*life.*' step=2 elapsed=4.44s move_result='{'success': True, 'status': 'moved', 'detail': 'moved', 'raw': {'timestamp': 1776169453406, 'reqId': '13a25840', 'success': True, 'status': 'moved', 'detail': 'moved', 'flags': []}}' visible='More options' speech='More options' crop='output\talkback_compare_20260414_212331\crops\i_._life._step_2_More_options.png' timing(move=0.472s ann=3.029s get_focus=0.944s get_focus_fallback_dump=0.000s step_dump=0.000s crop=0.475s total=4.920s) focus_reason='' fallback_used=False fallback_found=False step_dump_used=False step_dump_reason='focus_payload_sufficient' req_id='4fa547d9'
[STEP][summary] req_id=4fa547d9 tab='(?i).*life.*' step=2 move_result='{'success': true, 'status': 'moved', 'detail': 'moved', 'raw': {'timestamp': 1776169453406, 'reqid': '13a25840', 'success': true, 'status': 'moved', 'detail': 'moved', 'flags': []}}' terminal=false no_progress=false

[SCROLL_TRACE]
[SCROLL] req_id=4fa547d9 scroll_related_log_found=false move_result='{'success': true, 'status': 'moved', 'detail': 'moved', 'raw': {'timestamp': 1776169453406, 'reqid': '13a25840', 'success': true, 'status': 'moved', 'detail': 'moved', 'flags': []}}' smart_result='' detail='' inferred_scroll=false inference_reason='no_scroll_signal_found'

[FOCUS_TRACE]
[21:24:16] [STEP] END tab='(?i).*life.*' step=2 elapsed=4.44s move_result='{'success': True, 'status': 'moved', 'detail': 'moved', 'raw': {'timestamp': 1776169453406, 'reqId': '13a25840', 'success': True, 'status': 'moved', 'detail': 'moved', 'flags': []}}' visible='More options' speech='More options' crop='output\talkback_compare_20260414_212331\crops\i_._life._step_2_More_options.png' timing(move=0.472s ann=3.029s get_focus=0.944s get_focus_fallback_dump=0.000s step_dump=0.000s crop=0.475s total=4.920s) focus_reason='' fallback_used=False fallback_found=False step_dump_used=False step_dump_reason='focus_payload_sufficient' req_id='4fa547d9'
[FOCUS] req_id=4fa547d9 get_focus_req_id='' response_success=false payload_source='' payload_sufficient=false fallback_used=false fallback_found=false dump_attempted=false final_payload_source='' focus_reason='' missing_reason=''

[DECISION_TRACE]
baseline_empty=true
first_candidate_contaminated=true
trim_considered=false
trim_applied=false
stable_reason='result_row_snapshot'
used_snapshot=true
snapshot_reason='no_better_recent_poll_candidate'
scroll_evidence='weak'
focus_evidence='strong'
notes='final speech appears to come from snapshot candidate path'
