[ROW_CONTEXT]
scenario=
tab=(?i).*life.*
step=10
req_id=a172a51c
visible=Previous time
speech=Previous time
final_result=FAIL
failure_reason=move_failed

review_note=이동/발화 결과 재검토 필요
noise=
move_result={'success': true, 'status': 'moved', 'detail': 'moved', 'raw': {'timestamp': 1775951496119, 'reqid': '7b3118b3', 'success': true, 'status': 'moved', 'detail': 'moved', 'flags': []}}
debug_source_row_found=false

[ANN_TRACE]
[ANN][baseline] req_id=a172a51c text='' source='source_row_missing' empty_reason='no_prev_step_row'
[ANN][poll] req_id=a172a51c idx=0 raw='Previous time' normalized='previous time' changed=true differs_from_baseline=true source='row_snapshot' observed_at='' count=0
[ANN][trim] req_id=a172a51c considered=false applied=false before='Previous time' after='Previous time' reject_reason='' reason='trim_stage_not_reached'
[ANN][stable] req_id=a172a51c selected='Previous time' reason='result_row_snapshot' source='result_row'
[ANN][select] req_id=a172a51c used_snapshot=true snapshot_reason='no_better_recent_poll_candidate' previous='' current='Previous time' final='Previous time'

[STEP_TRACE]
[08:51:41] [STEP] END tab='(?i).*life.*' step=10 elapsed=4.85s move_result='{'success': True, 'status': 'moved', 'detail': 'moved', 'raw': {'timestamp': 1775951496119, 'reqId': '7b3118b3', 'success': True, 'status': 'moved', 'detail': 'moved', 'flags': []}}' visible='Previous time' speech='Previous time' crop='output\talkback_compare_20260412_084908\crops\i_._life._step_10_Previous_time.png' timing(move=0.549s ann=3.040s get_focus=1.258s get_focus_fallback_dump=0.000s step_dump=0.000s crop=0.524s total=5.372s) focus_reason='' fallback_used=False fallback_found=False step_dump_used=False step_dump_reason='focus_payload_sufficient' req_id='a172a51c'
[STEP][summary] req_id=a172a51c tab='(?i).*life.*' step=10 move_result='{'success': true, 'status': 'moved', 'detail': 'moved', 'raw': {'timestamp': 1775951496119, 'reqid': '7b3118b3', 'success': true, 'status': 'moved', 'detail': 'moved', 'flags': []}}' terminal=false no_progress=false

[SCROLL_TRACE]
[SCROLL] req_id=a172a51c scroll_related_log_found=false move_result='{'success': true, 'status': 'moved', 'detail': 'moved', 'raw': {'timestamp': 1775951496119, 'reqid': '7b3118b3', 'success': true, 'status': 'moved', 'detail': 'moved', 'flags': []}}' smart_result='' detail='' inferred_scroll=false inference_reason='no_scroll_signal_found'

[FOCUS_TRACE]
[08:51:41] [STEP] END tab='(?i).*life.*' step=10 elapsed=4.85s move_result='{'success': True, 'status': 'moved', 'detail': 'moved', 'raw': {'timestamp': 1775951496119, 'reqId': '7b3118b3', 'success': True, 'status': 'moved', 'detail': 'moved', 'flags': []}}' visible='Previous time' speech='Previous time' crop='output\talkback_compare_20260412_084908\crops\i_._life._step_10_Previous_time.png' timing(move=0.549s ann=3.040s get_focus=1.258s get_focus_fallback_dump=0.000s step_dump=0.000s crop=0.524s total=5.372s) focus_reason='' fallback_used=False fallback_found=False step_dump_used=False step_dump_reason='focus_payload_sufficient' req_id='a172a51c'
[FOCUS] req_id=a172a51c get_focus_req_id='' response_success=false payload_source='' payload_sufficient=false fallback_used=false fallback_found=false dump_attempted=false final_payload_source='' focus_reason='' missing_reason=''

[DECISION_TRACE]
baseline_empty=true
first_candidate_contaminated=true
trim_considered=false
trim_applied=false
stable_reason='result_row_snapshot'
used_snapshot=true
snapshot_reason='no_better_recent_poll_candidate'
scroll_evidence='weak'
focus_evidence='strong'
notes='final speech appears to come from snapshot candidate path'
