[ROW_CONTEXT]
scenario=
tab=(?i).*life.*
step=1
req_id=f003e48a
visible=
speech=Battery 56 per cent.
final_result=FAIL
failure_reason=move_failed

review_note=이동/발화 결과 재검토 필요
noise=
move_result={'success': true, 'status': 'moved', 'detail': 'moved', 'raw': {'timestamp': 1776093900023, 'reqid': '0abddaf7', 'success': true, 'status': 'moved', 'detail': 'moved', 'flags': []}}
debug_source_row_found=false

[ANN_TRACE]
[ANN][baseline] req_id=f003e48a text='' source='source_row_missing' empty_reason='no_prev_step_row'
[ANN][poll] req_id=f003e48a idx=0 raw='Battery 56 per cent.' normalized='battery 56 per cent.' changed=true differs_from_baseline=true source='row_snapshot' observed_at='' count=0
[ANN][trim] req_id=f003e48a considered=false applied=false before='Battery 56 per cent.' after='Battery 56 per cent.' reject_reason='' reason='trim_stage_not_reached'
[ANN][stable] req_id=f003e48a selected='Battery 56 per cent.' reason='result_row_snapshot' source='result_row'
[ANN][select] req_id=f003e48a used_snapshot=true snapshot_reason='no_better_recent_poll_candidate' previous='' current='Battery 56 per cent.' final='Battery 56 per cent.'

[STEP_TRACE]
[00:25:03] [STEP] END tab='(?i).*life.*' step=1 elapsed=4.84s move_result='{'success': True, 'status': 'moved', 'detail': 'moved', 'raw': {'timestamp': 1776093900023, 'reqId': '0abddaf7', 'success': True, 'status': 'moved', 'detail': 'moved', 'flags': []}}' visible='' speech='Battery 56 per cent.' crop='output\talkback_compare_20260414_001334\crops\i_._life._step_1_item.png' timing(move=0.883s ann=3.050s get_focus=0.909s get_focus_fallback_dump=0.000s step_dump=0.000s crop=0.435s total=5.278s) focus_reason='' fallback_used=False fallback_found=False step_dump_used=False step_dump_reason='focus_payload_sufficient' req_id='f003e48a'
[STEP][summary] req_id=f003e48a tab='(?i).*life.*' step=1 move_result='{'success': true, 'status': 'moved', 'detail': 'moved', 'raw': {'timestamp': 1776093900023, 'reqid': '0abddaf7', 'success': true, 'status': 'moved', 'detail': 'moved', 'flags': []}}' terminal=false no_progress=false

[SCROLL_TRACE]
[SCROLL] req_id=f003e48a scroll_related_log_found=false move_result='{'success': true, 'status': 'moved', 'detail': 'moved', 'raw': {'timestamp': 1776093900023, 'reqid': '0abddaf7', 'success': true, 'status': 'moved', 'detail': 'moved', 'flags': []}}' smart_result='' detail='' inferred_scroll=false inference_reason='no_scroll_signal_found'

[FOCUS_TRACE]
[00:25:03] [STEP] END tab='(?i).*life.*' step=1 elapsed=4.84s move_result='{'success': True, 'status': 'moved', 'detail': 'moved', 'raw': {'timestamp': 1776093900023, 'reqId': '0abddaf7', 'success': True, 'status': 'moved', 'detail': 'moved', 'flags': []}}' visible='' speech='Battery 56 per cent.' crop='output\talkback_compare_20260414_001334\crops\i_._life._step_1_item.png' timing(move=0.883s ann=3.050s get_focus=0.909s get_focus_fallback_dump=0.000s step_dump=0.000s crop=0.435s total=5.278s) focus_reason='' fallback_used=False fallback_found=False step_dump_used=False step_dump_reason='focus_payload_sufficient' req_id='f003e48a'
[FOCUS] req_id=f003e48a get_focus_req_id='' response_success=false payload_source='' payload_sufficient=false fallback_used=false fallback_found=false dump_attempted=false final_payload_source='' focus_reason='' missing_reason=''

[DECISION_TRACE]
baseline_empty=true
first_candidate_contaminated=true
trim_considered=false
trim_applied=false
stable_reason='result_row_snapshot'
used_snapshot=true
snapshot_reason='no_better_recent_poll_candidate'
scroll_evidence='weak'
focus_evidence='strong'
notes='final speech appears to come from snapshot candidate path'
