[ROW_CONTEXT]
scenario=
tab=(?i).*routines.*
step=15
req_id=a7703605
visible=Good morning
speech=Good morning View details and use
final_result=FAIL
failure_reason=move_failed

review_note=이동/발화 결과 재검토 필요
noise=
move_result={'success': true, 'status': 'moved', 'detail': 'moved', 'raw': {'timestamp': 1776348545740, 'reqid': '3aa00772', 'success': true, 'status': 'moved', 'detail': 'moved', 'flags': []}}
debug_source_row_found=false

[ANN_TRACE]
[ANN][baseline] req_id=a7703605 text='' source='source_row_missing' empty_reason='no_prev_step_row'
[ANN][poll] req_id=a7703605 idx=0 raw='Good morning View details and use' normalized='good morning view details and use' changed=true differs_from_baseline=true source='row_snapshot' observed_at='' count=0
[ANN][trim] req_id=a7703605 considered=false applied=false before='Good morning View details and use' after='Good morning View details and use' reject_reason='' reason='trim_stage_not_reached'
[ANN][stable] req_id=a7703605 selected='Good morning View details and use' reason='result_row_snapshot' source='result_row'
[ANN][select] req_id=a7703605 used_snapshot=true snapshot_reason='no_better_recent_poll_candidate' previous='' current='Good morning View details and use' final='Good morning View details and use'

[STEP_TRACE]
[23:09:10] [STEP] END tab='(?i).*routines.*' step=15 elapsed=4.42s move_result='{'success': True, 'status': 'moved', 'detail': 'moved', 'raw': {'timestamp': 1776348545740, 'reqId': '3aa00772', 'success': True, 'status': 'moved', 'detail': 'moved', 'flags': []}}' visible='Good morning' speech='Good morning View details and use' crop='output\talkback_compare_20260416_225823\crops\i_._routines._step_15_Good_morning.png' timing(move=0.457s ann=3.008s get_focus=0.955s get_focus_fallback_dump=0.000s step_dump=0.000s crop=1.313s total=5.733s) focus_reason='' fallback_used=False fallback_found=False step_dump_used=False step_dump_reason='focus_payload_sufficient' req_id='a7703605'
[STEP][summary] req_id=a7703605 tab='(?i).*routines.*' step=15 move_result='{'success': true, 'status': 'moved', 'detail': 'moved', 'raw': {'timestamp': 1776348545740, 'reqid': '3aa00772', 'success': true, 'status': 'moved', 'detail': 'moved', 'flags': []}}' terminal=false no_progress=false

[SCROLL_TRACE]
[SCROLL] req_id=a7703605 scroll_related_log_found=false move_result='{'success': true, 'status': 'moved', 'detail': 'moved', 'raw': {'timestamp': 1776348545740, 'reqid': '3aa00772', 'success': true, 'status': 'moved', 'detail': 'moved', 'flags': []}}' smart_result='' detail='' inferred_scroll=false inference_reason='no_scroll_signal_found'

[FOCUS_TRACE]
[23:09:10] [STEP] END tab='(?i).*routines.*' step=15 elapsed=4.42s move_result='{'success': True, 'status': 'moved', 'detail': 'moved', 'raw': {'timestamp': 1776348545740, 'reqId': '3aa00772', 'success': True, 'status': 'moved', 'detail': 'moved', 'flags': []}}' visible='Good morning' speech='Good morning View details and use' crop='output\talkback_compare_20260416_225823\crops\i_._routines._step_15_Good_morning.png' timing(move=0.457s ann=3.008s get_focus=0.955s get_focus_fallback_dump=0.000s step_dump=0.000s crop=1.313s total=5.733s) focus_reason='' fallback_used=False fallback_found=False step_dump_used=False step_dump_reason='focus_payload_sufficient' req_id='a7703605'
[FOCUS] req_id=a7703605 get_focus_req_id='' response_success=false payload_source='' payload_sufficient=false fallback_used=false fallback_found=false dump_attempted=false final_payload_source='' focus_reason='' missing_reason=''

[DECISION_TRACE]
baseline_empty=true
first_candidate_contaminated=true
trim_considered=false
trim_applied=false
stable_reason='result_row_snapshot'
used_snapshot=true
snapshot_reason='no_better_recent_poll_candidate'
scroll_evidence='weak'
focus_evidence='strong'
notes='final speech appears to come from snapshot candidate path'
