[ROW_CONTEXT]
scenario=
tab=(?i).*(menu|more).*
step=3
req_id=d3f34e37
visible=Explore New content available Find out how to get the most from SmartThings.
speech=Explore New content available Find out how to get the most from SmartThings.
final_result=FAIL
failure_reason=move_failed

review_note=이동/발화 결과 재검토 필요
noise=
move_result={'success': true, 'status': 'moved', 'detail': 'moved', 'raw': {'timestamp': 1776350112100, 'reqid': '613fea29', 'success': true, 'status': 'moved', 'detail': 'moved', 'flags': []}}
debug_source_row_found=false

[ANN_TRACE]
[ANN][baseline] req_id=d3f34e37 text='' source='source_row_missing' empty_reason='no_prev_step_row'
[ANN][poll] req_id=d3f34e37 idx=0 raw='Explore New content available Find out how to get the most from SmartThings.' normalized='explore new content available find out how to get the most from smartthings.' changed=true differs_from_baseline=true source='row_snapshot' observed_at='' count=0
[ANN][trim] req_id=d3f34e37 considered=false applied=false before='Explore New content available Find out how to get the most from SmartThings.' after='Explore New content available Find out how to get the most from SmartThings.' reject_reason='' reason='trim_stage_not_reached'
[ANN][stable] req_id=d3f34e37 selected='Explore New content available Find out how to get the most from SmartThings.' reason='result_row_snapshot' source='result_row'
[ANN][select] req_id=d3f34e37 used_snapshot=true snapshot_reason='no_better_recent_poll_candidate' previous='' current='Explore New content available Find out how to get the most from SmartThings.' final='Explore New content available Find out how to get the most from SmartThings.'

[STEP_TRACE]
[STEP] START scenario='' tab='(?i).*(menu|more).*' step=3 req_id='d3f34e37'
[STEP] END scenario='' tab='(?i).*(menu|more).*' step=3 req_id='d3f34e37' move_result='{'success': true, 'status': 'moved', 'detail': 'moved', 'raw': {'timestamp': 1776350112100, 'reqid': '613fea29', 'success': true, 'status': 'moved', 'detail': 'moved', 'flags': []}}'
[STOP][eval] scenario='' step=3 reason='move_failed'
[STEP][summary] req_id=d3f34e37 tab='(?i).*(menu|more).*' step=3 move_result='{'success': true, 'status': 'moved', 'detail': 'moved', 'raw': {'timestamp': 1776350112100, 'reqid': '613fea29', 'success': true, 'status': 'moved', 'detail': 'moved', 'flags': []}}' terminal=false no_progress=false

[SCROLL_TRACE]
[SCROLL] req_id=d3f34e37 scroll_related_log_found=false move_result='{'success': true, 'status': 'moved', 'detail': 'moved', 'raw': {'timestamp': 1776350112100, 'reqid': '613fea29', 'success': true, 'status': 'moved', 'detail': 'moved', 'flags': []}}' smart_result='' detail='' inferred_scroll=false inference_reason='no_scroll_signal_found'

[FOCUS_TRACE]
[FOCUS] req_id=d3f34e37 get_focus_req_id='' response_success=false payload_source='inferred_from_step_end' payload_sufficient=false fallback_used=false fallback_found=false dump_attempted=false final_payload_source='' focus_reason='' missing_reason='no_direct_get_focus_trace_found'

[DECISION_TRACE]
baseline_empty=true
first_candidate_contaminated=true
trim_considered=false
trim_applied=false
stable_reason='result_row_snapshot'
used_snapshot=true
snapshot_reason='no_better_recent_poll_candidate'
scroll_evidence='weak'
focus_evidence='weak'
notes='final speech appears to come from snapshot candidate path'
