[ROW_CONTEXT]
scenario=
tab=(?i).*life.*
step=36
req_id=1b11e1d3
visible=PM 10, Indoor No data,
speech=PM 10, Indoor No data,
final_result=FAIL
failure_reason=move_failed

review_note=이동/발화 결과 재검토 필요
noise=
move_result={'success': true, 'status': 'moved', 'detail': 'moved', 'raw': {'timestamp': 1775898511690, 'reqid': '1a95b8f4', 'success': true, 'status': 'moved', 'detail': 'moved', 'flags': []}}
debug_source_row_found=false

[ANN_TRACE]
[ANN][baseline] req_id=1b11e1d3 text='' source='source_row_missing' empty_reason='no_prev_step_row'
[ANN][poll] req_id=1b11e1d3 idx=0 raw='PM 10, Indoor No data,' normalized='pm 10, indoor no data,' changed=true differs_from_baseline=true source='row_snapshot' observed_at='' count=0
[ANN][trim] req_id=1b11e1d3 considered=false applied=false before='PM 10, Indoor No data,' after='PM 10, Indoor No data,' reject_reason='' reason='trim_stage_not_reached'
[ANN][stable] req_id=1b11e1d3 selected='PM 10, Indoor No data,' reason='result_row_snapshot' source='result_row'
[ANN][select] req_id=1b11e1d3 used_snapshot=true snapshot_reason='no_better_recent_poll_candidate' previous='' current='PM 10, Indoor No data,' final='PM 10, Indoor No data,'

[STEP_TRACE]
[18:08:35] [STEP] END tab='(?i).*life.*' step=36 elapsed=4.44s move_result='{'success': True, 'status': 'moved', 'detail': 'moved', 'raw': {'timestamp': 1775898511690, 'reqId': '1a95b8f4', 'success': True, 'status': 'moved', 'detail': 'moved', 'flags': []}}' visible='PM 10, Indoor No data,' speech='PM 10, Indoor No data,' crop='output\talkback_compare_20260411_180356\crops\i_._life._step_36_PM_10__Indoor_No_data.png' timing(move=0.460s ann=2.995s get_focus=0.985s get_focus_fallback_dump=0.000s step_dump=0.000s crop=0.479s total=4.920s) focus_reason='' fallback_used=False fallback_found=False step_dump_used=False step_dump_reason='focus_payload_sufficient' req_id='1b11e1d3'
[STEP][summary] req_id=1b11e1d3 tab='(?i).*life.*' step=36 move_result='{'success': true, 'status': 'moved', 'detail': 'moved', 'raw': {'timestamp': 1775898511690, 'reqid': '1a95b8f4', 'success': true, 'status': 'moved', 'detail': 'moved', 'flags': []}}' terminal=false no_progress=false

[SCROLL_TRACE]
[SCROLL] req_id=1b11e1d3 scroll_related_log_found=false move_result='{'success': true, 'status': 'moved', 'detail': 'moved', 'raw': {'timestamp': 1775898511690, 'reqid': '1a95b8f4', 'success': true, 'status': 'moved', 'detail': 'moved', 'flags': []}}' smart_result='' detail='' inferred_scroll=false inference_reason='no_scroll_signal_found'

[FOCUS_TRACE]
[18:08:35] [STEP] END tab='(?i).*life.*' step=36 elapsed=4.44s move_result='{'success': True, 'status': 'moved', 'detail': 'moved', 'raw': {'timestamp': 1775898511690, 'reqId': '1a95b8f4', 'success': True, 'status': 'moved', 'detail': 'moved', 'flags': []}}' visible='PM 10, Indoor No data,' speech='PM 10, Indoor No data,' crop='output\talkback_compare_20260411_180356\crops\i_._life._step_36_PM_10__Indoor_No_data.png' timing(move=0.460s ann=2.995s get_focus=0.985s get_focus_fallback_dump=0.000s step_dump=0.000s crop=0.479s total=4.920s) focus_reason='' fallback_used=False fallback_found=False step_dump_used=False step_dump_reason='focus_payload_sufficient' req_id='1b11e1d3'
[FOCUS] req_id=1b11e1d3 get_focus_req_id='' response_success=false payload_source='' payload_sufficient=false fallback_used=false fallback_found=false dump_attempted=false final_payload_source='' focus_reason='' missing_reason=''

[DECISION_TRACE]
baseline_empty=true
first_candidate_contaminated=true
trim_considered=false
trim_applied=false
stable_reason='result_row_snapshot'
used_snapshot=true
snapshot_reason='no_better_recent_poll_candidate'
scroll_evidence='weak'
focus_evidence='strong'
notes='final speech appears to come from snapshot candidate path'
