[ROW_CONTEXT]
scenario=
tab=(?i).*life.*
step=5
req_id=cdad4771
visible=안 창준 (Me)
No activity
speech=Picture 안 창준 (Me) No activity
final_result=FAIL
failure_reason=move_failed

review_note=이동/발화 결과 재검토 필요
noise=
move_result={'success': true, 'status': 'moved', 'detail': 'moved', 'raw': {'timestamp': 1775899383418, 'reqid': '624212e1', 'success': true, 'status': 'moved', 'detail': 'moved', 'flags': []}}
debug_source_row_found=false

[ANN_TRACE]
[ANN][baseline] req_id=cdad4771 text='' source='source_row_missing' empty_reason='no_prev_step_row'
[ANN][poll] req_id=cdad4771 idx=0 raw='Picture 안 창준 (Me) No activity' normalized='picture 안 창준 (me) no activity' changed=true differs_from_baseline=true source='row_snapshot' observed_at='' count=0
[ANN][trim] req_id=cdad4771 considered=false applied=false before='Picture 안 창준 (Me) No activity' after='Picture 안 창준 (Me) No activity' reject_reason='' reason='trim_stage_not_reached'
[ANN][stable] req_id=cdad4771 selected='Picture 안 창준 (Me) No activity' reason='result_row_snapshot' source='result_row'
[ANN][select] req_id=cdad4771 used_snapshot=true snapshot_reason='no_better_recent_poll_candidate' previous='' current='Picture 안 창준 (Me) No activity' final='Picture 안 창준 (Me) No activity'

[STEP_TRACE]
[18:23:07] [STEP] END tab='(?i).*life.*' step=5 elapsed=4.34s move_result='{'success': True, 'status': 'moved', 'detail': 'moved', 'raw': {'timestamp': 1775899383418, 'reqId': '624212e1', 'success': True, 'status': 'moved', 'detail': 'moved', 'flags': []}}' visible='안 창준 (Me)
No activity' speech='Picture 안 창준 (Me) No activity' crop='output\talkback_compare_20260411_182109\crops\i_._life._step_5_안_창준__Me__No_activity.png' timing(move=0.414s ann=2.998s get_focus=0.929s get_focus_fallback_dump=0.000s step_dump=0.000s crop=0.907s total=5.249s) focus_reason='' fallback_used=False fallback_found=False step_dump_used=False step_dump_reason='focus_payload_sufficient' req_id='cdad4771'
[STEP][summary] req_id=cdad4771 tab='(?i).*life.*' step=5 move_result='{'success': true, 'status': 'moved', 'detail': 'moved', 'raw': {'timestamp': 1775899383418, 'reqid': '624212e1', 'success': true, 'status': 'moved', 'detail': 'moved', 'flags': []}}' terminal=false no_progress=false

[SCROLL_TRACE]
[SCROLL] req_id=cdad4771 scroll_related_log_found=false move_result='{'success': true, 'status': 'moved', 'detail': 'moved', 'raw': {'timestamp': 1775899383418, 'reqid': '624212e1', 'success': true, 'status': 'moved', 'detail': 'moved', 'flags': []}}' smart_result='' detail='' inferred_scroll=false inference_reason='no_scroll_signal_found'

[FOCUS_TRACE]
[18:23:07] [STEP] END tab='(?i).*life.*' step=5 elapsed=4.34s move_result='{'success': True, 'status': 'moved', 'detail': 'moved', 'raw': {'timestamp': 1775899383418, 'reqId': '624212e1', 'success': True, 'status': 'moved', 'detail': 'moved', 'flags': []}}' visible='안 창준 (Me)
No activity' speech='Picture 안 창준 (Me) No activity' crop='output\talkback_compare_20260411_182109\crops\i_._life._step_5_안_창준__Me__No_activity.png' timing(move=0.414s ann=2.998s get_focus=0.929s get_focus_fallback_dump=0.000s step_dump=0.000s crop=0.907s total=5.249s) focus_reason='' fallback_used=False fallback_found=False step_dump_used=False step_dump_reason='focus_payload_sufficient' req_id='cdad4771'
[FOCUS] req_id=cdad4771 get_focus_req_id='' response_success=false payload_source='' payload_sufficient=false fallback_used=false fallback_found=false dump_attempted=false final_payload_source='' focus_reason='' missing_reason=''

[DECISION_TRACE]
baseline_empty=true
first_candidate_contaminated=true
trim_considered=false
trim_applied=false
stable_reason='result_row_snapshot'
used_snapshot=true
snapshot_reason='no_better_recent_poll_candidate'
scroll_evidence='weak'
focus_evidence='strong'
notes='final speech appears to come from snapshot candidate path'
