[ROW_CONTEXT]
scenario=
tab=(?i).*life.*
step=29
req_id=6e111779
visible=Steps
speech=Steps
final_result=PASS
failure_reason=terminal_not_handled

review_note=정상 이동 및 발화 일치
noise=
move_result=moved
debug_source_row_found=false

[ANN_TRACE]
[ANN][baseline] req_id=6e111779 text='' source='source_row_missing' empty_reason='no_prev_step_row'
[ANN][poll] req_id=6e111779 idx=0 raw='Steps' normalized='steps' changed=true differs_from_baseline=true source='row_snapshot' observed_at='' count=0
[ANN][trim] req_id=6e111779 considered=false applied=false before='Steps' after='Steps' reject_reason='' reason='trim_stage_not_reached'
[ANN][stable] req_id=6e111779 selected='Steps' reason='result_row_snapshot' source='result_row'
[ANN][select] req_id=6e111779 used_snapshot=true snapshot_reason='no_better_recent_poll_candidate' previous='' current='Steps' final='Steps'

[STEP_TRACE]
[08:11:11] [STEP] END tab='(?i).*life.*' step=29 elapsed=4.39s move_result='{'success': True, 'status': 'moved', 'detail': 'moved', 'raw': {'timestamp': 1776813066151, 'reqId': 'fb4d57dd', 'success': True, 'status': 'moved', 'detail': 'moved', 'flags': []}}' visible='Steps' speech='Steps' crop='output\talkback_compare_20260422_080758\crops\i_._life._step_29_LocationButton.png' timing(move=0.422s ann=3.011s get_focus=0.955s get_focus_fallback_dump=0.000s step_dump=0.000s crop=0.463s total=4.851s) focus_reason='' fallback_used=False fallback_found=False step_dump_used=False step_dump_reason='focus_payload_sufficient' req_id='6e111779'
[STEP][summary] req_id=6e111779 tab='(?i).*life.*' step=29 move_result='moved' terminal=false no_progress=false

[SCROLL_TRACE]
[SCROLL] req_id=6e111779 scroll_related_log_found=false move_result='moved' smart_result='' detail='' inferred_scroll=false inference_reason='no_scroll_signal_found'

[FOCUS_TRACE]
[08:11:11] [STEP] END tab='(?i).*life.*' step=29 elapsed=4.39s move_result='{'success': True, 'status': 'moved', 'detail': 'moved', 'raw': {'timestamp': 1776813066151, 'reqId': 'fb4d57dd', 'success': True, 'status': 'moved', 'detail': 'moved', 'flags': []}}' visible='Steps' speech='Steps' crop='output\talkback_compare_20260422_080758\crops\i_._life._step_29_LocationButton.png' timing(move=0.422s ann=3.011s get_focus=0.955s get_focus_fallback_dump=0.000s step_dump=0.000s crop=0.463s total=4.851s) focus_reason='' fallback_used=False fallback_found=False step_dump_used=False step_dump_reason='focus_payload_sufficient' req_id='6e111779'
[FOCUS] req_id=6e111779 get_focus_req_id='' response_success=false payload_source='' payload_sufficient=false fallback_used=false fallback_found=false dump_attempted=false final_payload_source='' focus_reason='' missing_reason=''

[DECISION_TRACE]
baseline_empty=true
first_candidate_contaminated=true
trim_considered=false
trim_applied=false
stable_reason='result_row_snapshot'
used_snapshot=true
snapshot_reason='no_better_recent_poll_candidate'
scroll_evidence='weak'
focus_evidence='strong'
notes='final speech appears to come from snapshot candidate path'
