[ROW_CONTEXT]
scenario=
tab=(?i).*life.*
step=11
req_id=41efe884
visible=Want better insight into your daily life? Set up the SmartThings devices that you use to better understand your daily life. Later Set up now
speech=Want better insight into your daily life? Set up the SmartThings devices that you use to better understand your daily life. Later Set up now
final_result=FAIL
failure_reason=move_failed

review_note=speech와 visible 불일치
noise=
move_result=failed
debug_source_row_found=false

[ANN_TRACE]
[ANN][baseline] req_id=41efe884 text='' source='source_row_missing' empty_reason='no_prev_step_row'
[ANN][poll] req_id=41efe884 idx=0 raw='Want better insight into your daily life? Set up the SmartThings devices that you use to better understand your daily life. Later Set up now' normalized='want better insight into your daily life? set up the smartthings devices that you use to better understand your daily life. later set up now' changed=true differs_from_baseline=true source='row_snapshot' observed_at='' count=0
[ANN][trim] req_id=41efe884 considered=false applied=false before='Want better insight into your daily life? Set up the SmartThings devices that you use to better understand your daily life. Later Set up now' after='Want better insight into your daily life? Set up the SmartThings devices that you use to better understand your daily life. Later Set up now' reject_reason='' reason='trim_stage_not_reached'
[ANN][stable] req_id=41efe884 selected='Want better insight into your daily life? Set up the SmartThings devices that you use to better understand your daily life. Later Set up now' reason='result_row_snapshot' source='result_row'
[ANN][select] req_id=41efe884 used_snapshot=true snapshot_reason='no_better_recent_poll_candidate' previous='' current='Want better insight into your daily life? Set up the SmartThings devices that you use to better understand your daily life. Later Set up now' final='Want better insight into your daily life? Set up the SmartThings devices that you use to better understand your daily life. Later Set up now'

[STEP_TRACE]
[21:12:51] [STEP] END tab='(?i).*life.*' step=11 elapsed=5.38s move_result='' visible='Want better insight into your daily life? Set up the SmartThings devices that you use to better understand your daily life. Later Set up now' speech='Want better insight into your daily life? Set up the SmartThings devices that you use to better understand your daily life. Later Set up now' crop='output\talkback_compare_20260421_211126\crops\i_._life._step_11_Want_better_insight_into_your_daily_life.png' timing(move=0.373s ann=3.900s get_focus=1.101s get_focus_fallback_dump=0.000s step_dump=0.000s crop=0.522s total=5.898s) focus_reason='' fallback_used=False fallback_found=False step_dump_used=False step_dump_reason='focus_payload_sufficient' req_id='41efe884'
[STEP][summary] req_id=41efe884 tab='(?i).*life.*' step=11 move_result='failed' terminal=false no_progress=false

[SCROLL_TRACE]
[SCROLL] req_id=41efe884 scroll_related_log_found=false move_result='failed' smart_result='' detail='' inferred_scroll=false inference_reason='no_scroll_signal_found'

[FOCUS_TRACE]
[21:12:51] [STEP] END tab='(?i).*life.*' step=11 elapsed=5.38s move_result='' visible='Want better insight into your daily life? Set up the SmartThings devices that you use to better understand your daily life. Later Set up now' speech='Want better insight into your daily life? Set up the SmartThings devices that you use to better understand your daily life. Later Set up now' crop='output\talkback_compare_20260421_211126\crops\i_._life._step_11_Want_better_insight_into_your_daily_life.png' timing(move=0.373s ann=3.900s get_focus=1.101s get_focus_fallback_dump=0.000s step_dump=0.000s crop=0.522s total=5.898s) focus_reason='' fallback_used=False fallback_found=False step_dump_used=False step_dump_reason='focus_payload_sufficient' req_id='41efe884'
[FOCUS] req_id=41efe884 get_focus_req_id='' response_success=false payload_source='' payload_sufficient=false fallback_used=false fallback_found=false dump_attempted=false final_payload_source='' focus_reason='' missing_reason=''

[DECISION_TRACE]
baseline_empty=true
first_candidate_contaminated=true
trim_considered=false
trim_applied=false
stable_reason='result_row_snapshot'
used_snapshot=true
snapshot_reason='no_better_recent_poll_candidate'
scroll_evidence='weak'
focus_evidence='strong'
notes='final speech appears to come from snapshot candidate path'
