[ROW_CONTEXT]
scenario=
tab=(?i).*life.*
step=2
req_id=506234c1
visible=You can take care of your pet with devices connected to SmartThings while you're away from home. Start by entering your pet's profile.
speech=You can take care of your pet with devices connected to SmartThings while you're away from home. Start by entering your pet's profile.
final_result=FAIL
failure_reason=move_failed

review_note=이동/발화 결과 재검토 필요
noise=
move_result={'success': true, 'status': 'moved', 'detail': 'moved', 'raw': {'timestamp': 1775990007140, 'reqid': '7ae6ff73', 'success': true, 'status': 'moved', 'detail': 'moved', 'flags': []}}
debug_source_row_found=false

[ANN_TRACE]
[ANN][baseline] req_id=506234c1 text='' source='source_row_missing' empty_reason='no_prev_step_row'
[ANN][poll] req_id=506234c1 idx=0 raw='You can take care of your pet with devices connected to SmartThings while you're away from home. Start by entering your pet's profile.' normalized='you can take care of your pet with devices connected to smartthings while you're away from home. start by entering your pet's profile.' changed=true differs_from_baseline=true source='row_snapshot' observed_at='' count=0
[ANN][trim] req_id=506234c1 considered=false applied=false before='You can take care of your pet with devices connected to SmartThings while you're away from home. Start by entering your pet's profile.' after='You can take care of your pet with devices connected to SmartThings while you're away from home. Start by entering your pet's profile.' reject_reason='' reason='trim_stage_not_reached'
[ANN][stable] req_id=506234c1 selected='You can take care of your pet with devices connected to SmartThings while you're away from home. Start by entering your pet's profile.' reason='result_row_snapshot' source='result_row'
[ANN][select] req_id=506234c1 used_snapshot=true snapshot_reason='no_better_recent_poll_candidate' previous='' current='You can take care of your pet with devices connected to SmartThings while you're away from home. Start by entering your pet's profile.' final='You can take care of your pet with devices connected to SmartThings while you're away from home. Start by entering your pet's profile.'

[STEP_TRACE]
[19:33:31] [STEP] END tab='(?i).*life.*' step=2 elapsed=4.46s move_result='{'success': True, 'status': 'moved', 'detail': 'moved', 'raw': {'timestamp': 1775990007140, 'reqId': '7ae6ff73', 'success': True, 'status': 'moved', 'detail': 'moved', 'flags': []}}' visible='You can take care of your pet with devices connected to SmartThings while you're away from home. Start by entering your pet's profile.' speech='You can take care of your pet with devices connected to SmartThings while you're away from home. Start by entering your pet's profile.' crop='output\talkback_compare_20260412_192601\crops\i_._life._step_2_You_can_take_care_of_your_pet_with_devic.png' timing(move=0.362s ann=3.055s get_focus=1.041s get_focus_fallback_dump=0.000s step_dump=0.000s crop=1.089s total=5.548s) focus_reason='' fallback_used=False fallback_found=False step_dump_used=False step_dump_reason='focus_payload_sufficient' req_id='506234c1'
[STEP][summary] req_id=506234c1 tab='(?i).*life.*' step=2 move_result='{'success': true, 'status': 'moved', 'detail': 'moved', 'raw': {'timestamp': 1775990007140, 'reqid': '7ae6ff73', 'success': true, 'status': 'moved', 'detail': 'moved', 'flags': []}}' terminal=false no_progress=false

[SCROLL_TRACE]
[SCROLL] req_id=506234c1 scroll_related_log_found=false move_result='{'success': true, 'status': 'moved', 'detail': 'moved', 'raw': {'timestamp': 1775990007140, 'reqid': '7ae6ff73', 'success': true, 'status': 'moved', 'detail': 'moved', 'flags': []}}' smart_result='' detail='' inferred_scroll=false inference_reason='no_scroll_signal_found'

[FOCUS_TRACE]
[19:33:31] [STEP] END tab='(?i).*life.*' step=2 elapsed=4.46s move_result='{'success': True, 'status': 'moved', 'detail': 'moved', 'raw': {'timestamp': 1775990007140, 'reqId': '7ae6ff73', 'success': True, 'status': 'moved', 'detail': 'moved', 'flags': []}}' visible='You can take care of your pet with devices connected to SmartThings while you're away from home. Start by entering your pet's profile.' speech='You can take care of your pet with devices connected to SmartThings while you're away from home. Start by entering your pet's profile.' crop='output\talkback_compare_20260412_192601\crops\i_._life._step_2_You_can_take_care_of_your_pet_with_devic.png' timing(move=0.362s ann=3.055s get_focus=1.041s get_focus_fallback_dump=0.000s step_dump=0.000s crop=1.089s total=5.548s) focus_reason='' fallback_used=False fallback_found=False step_dump_used=False step_dump_reason='focus_payload_sufficient' req_id='506234c1'
[FOCUS] req_id=506234c1 get_focus_req_id='' response_success=false payload_source='' payload_sufficient=false fallback_used=false fallback_found=false dump_attempted=false final_payload_source='' focus_reason='' missing_reason=''

[DECISION_TRACE]
baseline_empty=true
first_candidate_contaminated=true
trim_considered=false
trim_applied=false
stable_reason='result_row_snapshot'
used_snapshot=true
snapshot_reason='no_better_recent_poll_candidate'
scroll_evidence='weak'
focus_evidence='strong'
notes='final speech appears to come from snapshot candidate path'
