[ROW_CONTEXT]
scenario=
tab=(?i).*life.*
step=15
req_id=ad0a4f6d
visible=Activity New notification
speech=Activity New notification
final_result=FAIL
failure_reason=repeat_no_progress

review_note=동일 항목 반복 후 종료
noise=
move_result=failed
debug_source_row_found=false

[ANN_TRACE]
[ANN][baseline] req_id=ad0a4f6d text='' source='source_row_missing' empty_reason='no_prev_step_row'
[ANN][poll] req_id=ad0a4f6d idx=0 raw='Activity New notification' normalized='activity new notification' changed=true differs_from_baseline=true source='row_snapshot' observed_at='' count=0
[ANN][trim] req_id=ad0a4f6d considered=false applied=false before='Activity New notification' after='Activity New notification' reject_reason='' reason='trim_stage_not_reached'
[ANN][stable] req_id=ad0a4f6d selected='Activity New notification' reason='result_row_snapshot' source='result_row'
[ANN][select] req_id=ad0a4f6d used_snapshot=true snapshot_reason='no_better_recent_poll_candidate' previous='' current='Activity New notification' final='Activity New notification'

[STEP_TRACE]
[STEP] START scenario='' tab='(?i).*life.*' step=15 req_id='ad0a4f6d'
[STEP] END scenario='' tab='(?i).*life.*' step=15 req_id='ad0a4f6d' move_result='failed'
[STOP][eval] scenario='' step=15 reason='repeat_no_progress'
[STEP][summary] req_id=ad0a4f6d tab='(?i).*life.*' step=15 move_result='failed' terminal=false no_progress=true

[SCROLL_TRACE]
[SCROLL] req_id=ad0a4f6d scroll_related_log_found=false move_result='failed' smart_result='' detail='' inferred_scroll=false inference_reason='no_scroll_signal_found'

[FOCUS_TRACE]
[FOCUS] req_id=ad0a4f6d get_focus_req_id='' response_success=false payload_source='inferred_from_step_end' payload_sufficient=false fallback_used=false fallback_found=false dump_attempted=false final_payload_source='' focus_reason='' missing_reason='no_direct_get_focus_trace_found'

[DECISION_TRACE]
baseline_empty=true
first_candidate_contaminated=true
trim_considered=false
trim_applied=false
stable_reason='result_row_snapshot'
used_snapshot=true
snapshot_reason='no_better_recent_poll_candidate'
scroll_evidence='weak'
focus_evidence='weak'
notes='final speech appears to come from snapshot candidate path'
