[ROW_CONTEXT]
scenario=
tab=(?i).*life.*
step=19
req_id=ee081e0e
visible=Latest activity Waiting 건우의 Z Flip6 View information
speech=Latest activity Waiting 건우의 Z Flip6 View information
final_result=PASS
failure_reason=terminal_not_handled

review_note=정상 이동 및 발화 일치
noise=
move_result=moved
debug_source_row_found=false

[ANN_TRACE]
[ANN][baseline] req_id=ee081e0e text='' source='source_row_missing' empty_reason='no_prev_step_row'
[ANN][poll] req_id=ee081e0e idx=0 raw='Latest activity Waiting 건우의 Z Flip6 View information' normalized='latest activity waiting 건우의 z flip6 view information' changed=true differs_from_baseline=true source='row_snapshot' observed_at='' count=0
[ANN][trim] req_id=ee081e0e considered=false applied=false before='Latest activity Waiting 건우의 Z Flip6 View information' after='Latest activity Waiting 건우의 Z Flip6 View information' reject_reason='' reason='trim_stage_not_reached'
[ANN][stable] req_id=ee081e0e selected='Latest activity Waiting 건우의 Z Flip6 View information' reason='result_row_snapshot' source='result_row'
[ANN][select] req_id=ee081e0e used_snapshot=true snapshot_reason='no_better_recent_poll_candidate' previous='' current='Latest activity Waiting 건우의 Z Flip6 View information' final='Latest activity Waiting 건우의 Z Flip6 View information'

[STEP_TRACE]
[STEP] START scenario='' tab='(?i).*life.*' step=19 req_id='ee081e0e'
[STEP] END scenario='' tab='(?i).*life.*' step=19 req_id='ee081e0e' move_result='moved'
[STOP][eval] scenario='' step=19 reason='terminal_not_handled'
[STEP][summary] req_id=ee081e0e tab='(?i).*life.*' step=19 move_result='moved' terminal=false no_progress=false

[SCROLL_TRACE]
[SCROLL] req_id=ee081e0e scroll_related_log_found=false move_result='moved' smart_result='' detail='' inferred_scroll=false inference_reason='no_scroll_signal_found'

[FOCUS_TRACE]
[FOCUS] req_id=ee081e0e get_focus_req_id='' response_success=false payload_source='inferred_from_step_end' payload_sufficient=false fallback_used=false fallback_found=false dump_attempted=false final_payload_source='' focus_reason='' missing_reason='no_direct_get_focus_trace_found'

[DECISION_TRACE]
baseline_empty=true
first_candidate_contaminated=true
trim_considered=false
trim_applied=false
stable_reason='result_row_snapshot'
used_snapshot=true
snapshot_reason='no_better_recent_poll_candidate'
scroll_evidence='weak'
focus_evidence='weak'
notes='final speech appears to come from snapshot candidate path'
