[ROW_CONTEXT]
scenario=
tab=(?i).*devices.*
step=-1
req_id=
visible=
speech=
final_result=FAIL
failure_reason=move_failed

review_note=speech와 visible 불일치
noise=
move_result=
debug_source_row_found=false

[ANN_TRACE]
[ANN][baseline] req_id= text='' source='source_row_missing' empty_reason='no_prev_step_row'
[ANN][poll] req_id= idx=0 raw='' normalized='' changed=false differs_from_baseline=false source='row_snapshot' observed_at='' count=0
[ANN][trim] req_id= considered=false applied=false before='' after='' reject_reason='' reason='trim_stage_not_reached'
[ANN][stable] req_id= selected='' reason='result_row_snapshot' source='result_row'
[ANN][select] req_id= used_snapshot=true snapshot_reason='no_better_recent_poll_candidate' previous='' current='' final=''

[STEP_TRACE]
[STEP] START scenario='' tab='(?i).*devices.*' step=-1 req_id=''
[STEP] END scenario='' tab='(?i).*devices.*' step=-1 req_id='' move_result=''
[STOP][eval] scenario='' step=-1 reason='move_failed'
[STEP][summary] req_id= tab='(?i).*devices.*' step=-1 move_result='' terminal=false no_progress=false

[SCROLL_TRACE]
[SCROLL] req_id= scroll_related_log_found=false move_result='' smart_result='' detail='' inferred_scroll=false inference_reason='no_scroll_signal_found'

[FOCUS_TRACE]
[08:20:10] [TAB][select] fallback_to_legacy=True scenario='global_nav_main'
[08:22:05] [PERF][scenario_summary] scenario=devices_main tab=(?i).*devices.* total_runtime=18.8 total_steps=1 main_step_count=1 overlay_step_count=0 overlay_count=0 avg_get_focus=0.0 avg_move=0.0 avg_crop=0.0 avg_step_total=0.0 step_total_sample_count=0 avg_get_focus_main=0.0 avg_get_focus_overlay=0.0 fallback_dump_count=0 success_false_top_level_dump_attempt_count=0 success_false_top_level_dump_found_count=0 fallback_dump_rate=0.0 get_focus_strong_skip_count=0 get_focus_strong_skip_rate=0.0 step_dump_used_count=0 save_excel_count=0 realign_attempt_count=0 realign_success_count=0 realign_success_rate=0.0
[FOCUS] req_id= get_focus_req_id='' response_success=false payload_source='' payload_sufficient=false fallback_used=false fallback_found=false dump_attempted=false final_payload_source='' focus_reason='' missing_reason=''

[DECISION_TRACE]
baseline_empty=true
first_candidate_contaminated=false
trim_considered=false
trim_applied=false
stable_reason='result_row_snapshot'
used_snapshot=true
snapshot_reason='no_better_recent_poll_candidate'
scroll_evidence='weak'
focus_evidence='strong'
notes='final speech appears to come from snapshot candidate path'
