[ROW_CONTEXT]
scenario=
tab=(?i).*life.*
step=19
req_id=520ee7d9
visible=Labs
speech=Labs
final_result=PASS
failure_reason=move_failed

review_note=정상 이동 및 발화 일치
noise=
move_result=scrolled
debug_source_row_found=false

[ANN_TRACE]
[ANN][baseline] req_id=520ee7d9 text='' source='source_row_missing' empty_reason='no_prev_step_row'
[ANN][poll] req_id=520ee7d9 idx=0 raw='Labs' normalized='labs' changed=true differs_from_baseline=true source='row_snapshot' observed_at='' count=0
[ANN][trim] req_id=520ee7d9 considered=false applied=false before='Labs' after='Labs' reject_reason='' reason='trim_stage_not_reached'
[ANN][stable] req_id=520ee7d9 selected='Labs' reason='result_row_snapshot' source='result_row'
[ANN][select] req_id=520ee7d9 used_snapshot=true snapshot_reason='no_better_recent_poll_candidate' previous='' current='Labs' final='Labs'

[STEP_TRACE]
[07:22:35] [STEP] END tab='(?i).*life.*' step=19 elapsed=5.41s move_result='{'success': True, 'status': 'scrolled', 'detail': 'scrolled', 'raw': {'timestamp': 1776464550844, 'reqId': '4df43b26', 'success': True, 'status': 'scrolled', 'detail': 'scrolled', 'flags': []}}' visible='Labs' speech='Labs' crop='output\talkback_compare_20260418_071449\crops\i_._life._step_19_Labs.png' timing(move=1.317s ann=3.001s get_focus=1.089s get_focus_fallback_dump=0.000s step_dump=0.000s crop=0.861s total=6.269s) focus_reason='' fallback_used=False fallback_found=False step_dump_used=False step_dump_reason='focus_payload_sufficient' req_id='520ee7d9'
[STEP][summary] req_id=520ee7d9 tab='(?i).*life.*' step=19 move_result='scrolled' terminal=false no_progress=false

[SCROLL_TRACE]
[SCROLL] req_id=520ee7d9 scroll_related_log_found=false move_result='scrolled' smart_result='' detail='' inferred_scroll=true inference_reason='move_result_is_scrolled'

[FOCUS_TRACE]
[07:22:35] [STEP] END tab='(?i).*life.*' step=19 elapsed=5.41s move_result='{'success': True, 'status': 'scrolled', 'detail': 'scrolled', 'raw': {'timestamp': 1776464550844, 'reqId': '4df43b26', 'success': True, 'status': 'scrolled', 'detail': 'scrolled', 'flags': []}}' visible='Labs' speech='Labs' crop='output\talkback_compare_20260418_071449\crops\i_._life._step_19_Labs.png' timing(move=1.317s ann=3.001s get_focus=1.089s get_focus_fallback_dump=0.000s step_dump=0.000s crop=0.861s total=6.269s) focus_reason='' fallback_used=False fallback_found=False step_dump_used=False step_dump_reason='focus_payload_sufficient' req_id='520ee7d9'
[FOCUS] req_id=520ee7d9 get_focus_req_id='' response_success=false payload_source='' payload_sufficient=false fallback_used=false fallback_found=false dump_attempted=false final_payload_source='' focus_reason='' missing_reason=''

[DECISION_TRACE]
baseline_empty=true
first_candidate_contaminated=true
trim_considered=false
trim_applied=false
stable_reason='result_row_snapshot'
used_snapshot=true
snapshot_reason='no_better_recent_poll_candidate'
scroll_evidence='weak'
focus_evidence='strong'
notes='final speech appears to come from snapshot candidate path'
