[ROW_CONTEXT]
scenario=
tab=(?i).*life.*
step=1
req_id=5b8a444b
visible=
speech=
final_result=FAIL
failure_reason=move_failed

review_note=이동/발화 결과 재검토 필요
noise=
move_result={'success': true, 'status': 'moved', 'detail': 'moved', 'raw': {'timestamp': 1776036862584, 'reqid': '2313e2d1', 'success': true, 'status': 'moved', 'detail': 'moved', 'flags': []}}
debug_source_row_found=false

[ANN_TRACE]
[ANN][baseline] req_id=5b8a444b text='' source='source_row_missing' empty_reason='no_prev_step_row'
[ANN][poll] req_id=5b8a444b idx=0 raw='' normalized='' changed=false differs_from_baseline=false source='row_snapshot' observed_at='' count=0
[ANN][trim] req_id=5b8a444b considered=false applied=false before='' after='' reject_reason='' reason='trim_stage_not_reached'
[ANN][stable] req_id=5b8a444b selected='' reason='result_row_snapshot' source='result_row'
[ANN][select] req_id=5b8a444b used_snapshot=true snapshot_reason='no_better_recent_poll_candidate' previous='' current='' final=''

[STEP_TRACE]
[08:34:27] [STEP] END tab='(?i).*life.*' step=1 elapsed=5.30s move_result='{'success': True, 'status': 'moved', 'detail': 'moved', 'raw': {'timestamp': 1776036862584, 'reqId': '2313e2d1', 'success': True, 'status': 'moved', 'detail': 'moved', 'flags': []}}' visible='' speech='' crop='output\talkback_compare_20260413_082241\crops\i_._life._step_1_item.png' timing(move=0.529s ann=3.794s get_focus=0.974s get_focus_fallback_dump=0.000s step_dump=0.000s crop=0.473s total=5.770s) focus_reason='' fallback_used=False fallback_found=False step_dump_used=False step_dump_reason='focus_payload_sufficient' req_id='5b8a444b'
[STEP][summary] req_id=5b8a444b tab='(?i).*life.*' step=1 move_result='{'success': true, 'status': 'moved', 'detail': 'moved', 'raw': {'timestamp': 1776036862584, 'reqid': '2313e2d1', 'success': true, 'status': 'moved', 'detail': 'moved', 'flags': []}}' terminal=false no_progress=false

[SCROLL_TRACE]
[SCROLL] req_id=5b8a444b scroll_related_log_found=false move_result='{'success': true, 'status': 'moved', 'detail': 'moved', 'raw': {'timestamp': 1776036862584, 'reqid': '2313e2d1', 'success': true, 'status': 'moved', 'detail': 'moved', 'flags': []}}' smart_result='' detail='' inferred_scroll=false inference_reason='no_scroll_signal_found'

[FOCUS_TRACE]
[08:34:27] [STEP] END tab='(?i).*life.*' step=1 elapsed=5.30s move_result='{'success': True, 'status': 'moved', 'detail': 'moved', 'raw': {'timestamp': 1776036862584, 'reqId': '2313e2d1', 'success': True, 'status': 'moved', 'detail': 'moved', 'flags': []}}' visible='' speech='' crop='output\talkback_compare_20260413_082241\crops\i_._life._step_1_item.png' timing(move=0.529s ann=3.794s get_focus=0.974s get_focus_fallback_dump=0.000s step_dump=0.000s crop=0.473s total=5.770s) focus_reason='' fallback_used=False fallback_found=False step_dump_used=False step_dump_reason='focus_payload_sufficient' req_id='5b8a444b'
[FOCUS] req_id=5b8a444b get_focus_req_id='' response_success=false payload_source='' payload_sufficient=false fallback_used=false fallback_found=false dump_attempted=false final_payload_source='' focus_reason='' missing_reason=''

[DECISION_TRACE]
baseline_empty=true
first_candidate_contaminated=false
trim_considered=false
trim_applied=false
stable_reason='result_row_snapshot'
used_snapshot=true
snapshot_reason='no_better_recent_poll_candidate'
scroll_evidence='weak'
focus_evidence='strong'
notes='final speech appears to come from snapshot candidate path'
