[ROW_CONTEXT]
scenario=
tab=(?i).*life.*
step=5
req_id=e4c35e1b
visible=Set geolocation to monitor outdoor air quality
speech=Set geolocation to monitor outdoor air quality
final_result=FAIL
failure_reason=move_failed

review_note=이동/발화 결과 재검토 필요
noise=
move_result={'success': true, 'status': 'moved', 'detail': 'moved', 'raw': {'timestamp': 1775953182096, 'reqid': 'bce8f125', 'success': true, 'status': 'moved', 'detail': 'moved', 'flags': []}}
debug_source_row_found=false

[ANN_TRACE]
[ANN][baseline] req_id=e4c35e1b text='' source='source_row_missing' empty_reason='no_prev_step_row'
[ANN][poll] req_id=e4c35e1b idx=0 raw='Set geolocation to monitor outdoor air quality' normalized='set geolocation to monitor outdoor air quality' changed=true differs_from_baseline=true source='row_snapshot' observed_at='' count=0
[ANN][trim] req_id=e4c35e1b considered=false applied=false before='Set geolocation to monitor outdoor air quality' after='Set geolocation to monitor outdoor air quality' reject_reason='' reason='trim_stage_not_reached'
[ANN][stable] req_id=e4c35e1b selected='Set geolocation to monitor outdoor air quality' reason='result_row_snapshot' source='result_row'
[ANN][select] req_id=e4c35e1b used_snapshot=true snapshot_reason='no_better_recent_poll_candidate' previous='' current='Set geolocation to monitor outdoor air quality' final='Set geolocation to monitor outdoor air quality'

[STEP_TRACE]
[09:19:47] [STEP] END tab='(?i).*life.*' step=5 elapsed=4.56s move_result='{'success': True, 'status': 'moved', 'detail': 'moved', 'raw': {'timestamp': 1775953182096, 'reqId': 'bce8f125', 'success': True, 'status': 'moved', 'detail': 'moved', 'flags': []}}' visible='Set geolocation to monitor outdoor air quality' speech='Set geolocation to monitor outdoor air quality' crop='output\talkback_compare_20260412_091741\crops\i_._life._step_5_Set_geolocation_to_monitor_outdoor_air_q.png' timing(move=0.496s ann=2.868s get_focus=1.197s get_focus_fallback_dump=0.000s step_dump=0.000s crop=0.555s total=5.117s) focus_reason='' fallback_used=False fallback_found=False step_dump_used=False step_dump_reason='focus_payload_sufficient' req_id='e4c35e1b'
[STEP][summary] req_id=e4c35e1b tab='(?i).*life.*' step=5 move_result='{'success': true, 'status': 'moved', 'detail': 'moved', 'raw': {'timestamp': 1775953182096, 'reqid': 'bce8f125', 'success': true, 'status': 'moved', 'detail': 'moved', 'flags': []}}' terminal=false no_progress=false

[SCROLL_TRACE]
[SCROLL] req_id=e4c35e1b scroll_related_log_found=false move_result='{'success': true, 'status': 'moved', 'detail': 'moved', 'raw': {'timestamp': 1775953182096, 'reqid': 'bce8f125', 'success': true, 'status': 'moved', 'detail': 'moved', 'flags': []}}' smart_result='' detail='' inferred_scroll=false inference_reason='no_scroll_signal_found'

[FOCUS_TRACE]
[09:19:47] [STEP] END tab='(?i).*life.*' step=5 elapsed=4.56s move_result='{'success': True, 'status': 'moved', 'detail': 'moved', 'raw': {'timestamp': 1775953182096, 'reqId': 'bce8f125', 'success': True, 'status': 'moved', 'detail': 'moved', 'flags': []}}' visible='Set geolocation to monitor outdoor air quality' speech='Set geolocation to monitor outdoor air quality' crop='output\talkback_compare_20260412_091741\crops\i_._life._step_5_Set_geolocation_to_monitor_outdoor_air_q.png' timing(move=0.496s ann=2.868s get_focus=1.197s get_focus_fallback_dump=0.000s step_dump=0.000s crop=0.555s total=5.117s) focus_reason='' fallback_used=False fallback_found=False step_dump_used=False step_dump_reason='focus_payload_sufficient' req_id='e4c35e1b'
[FOCUS] req_id=e4c35e1b get_focus_req_id='' response_success=false payload_source='' payload_sufficient=false fallback_used=false fallback_found=false dump_attempted=false final_payload_source='' focus_reason='' missing_reason=''

[DECISION_TRACE]
baseline_empty=true
first_candidate_contaminated=true
trim_considered=false
trim_applied=false
stable_reason='result_row_snapshot'
used_snapshot=true
snapshot_reason='no_better_recent_poll_candidate'
scroll_evidence='weak'
focus_evidence='strong'
notes='final speech appears to come from snapshot candidate path'
