[ROW_CONTEXT]
scenario=
tab=(?i).*life.*
step=24
req_id=05ad320c
visible=PM 10, Indoor No data,
speech=PM 10, Indoor No data,
final_result=FAIL
failure_reason=move_failed

review_note=이동/발화 결과 재검토 필요
noise=
move_result={'success': true, 'status': 'moved', 'detail': 'moved', 'raw': {'timestamp': 1775898450754, 'reqid': '12737c55', 'success': true, 'status': 'moved', 'detail': 'moved', 'flags': []}}
debug_source_row_found=false

[ANN_TRACE]
[ANN][baseline] req_id=05ad320c text='' source='source_row_missing' empty_reason='no_prev_step_row'
[ANN][poll] req_id=05ad320c idx=0 raw='PM 10, Indoor No data,' normalized='pm 10, indoor no data,' changed=true differs_from_baseline=true source='row_snapshot' observed_at='' count=0
[ANN][trim] req_id=05ad320c considered=false applied=false before='PM 10, Indoor No data,' after='PM 10, Indoor No data,' reject_reason='' reason='trim_stage_not_reached'
[ANN][stable] req_id=05ad320c selected='PM 10, Indoor No data,' reason='result_row_snapshot' source='result_row'
[ANN][select] req_id=05ad320c used_snapshot=true snapshot_reason='no_better_recent_poll_candidate' previous='' current='PM 10, Indoor No data,' final='PM 10, Indoor No data,'

[STEP_TRACE]
[18:07:34] [STEP] END tab='(?i).*life.*' step=24 elapsed=4.51s move_result='{'success': True, 'status': 'moved', 'detail': 'moved', 'raw': {'timestamp': 1775898450754, 'reqId': '12737c55', 'success': True, 'status': 'moved', 'detail': 'moved', 'flags': []}}' visible='PM 10, Indoor No data,' speech='PM 10, Indoor No data,' crop='output\talkback_compare_20260411_180356\crops\i_._life._step_24_PM_10__Indoor_No_data.png' timing(move=0.446s ann=3.073s get_focus=0.990s get_focus_fallback_dump=0.000s step_dump=0.000s crop=0.482s total=4.992s) focus_reason='' fallback_used=False fallback_found=False step_dump_used=False step_dump_reason='focus_payload_sufficient' req_id='05ad320c'
[STEP][summary] req_id=05ad320c tab='(?i).*life.*' step=24 move_result='{'success': true, 'status': 'moved', 'detail': 'moved', 'raw': {'timestamp': 1775898450754, 'reqid': '12737c55', 'success': true, 'status': 'moved', 'detail': 'moved', 'flags': []}}' terminal=false no_progress=false

[SCROLL_TRACE]
[SCROLL] req_id=05ad320c scroll_related_log_found=false move_result='{'success': true, 'status': 'moved', 'detail': 'moved', 'raw': {'timestamp': 1775898450754, 'reqid': '12737c55', 'success': true, 'status': 'moved', 'detail': 'moved', 'flags': []}}' smart_result='' detail='' inferred_scroll=false inference_reason='no_scroll_signal_found'

[FOCUS_TRACE]
[18:07:34] [STEP] END tab='(?i).*life.*' step=24 elapsed=4.51s move_result='{'success': True, 'status': 'moved', 'detail': 'moved', 'raw': {'timestamp': 1775898450754, 'reqId': '12737c55', 'success': True, 'status': 'moved', 'detail': 'moved', 'flags': []}}' visible='PM 10, Indoor No data,' speech='PM 10, Indoor No data,' crop='output\talkback_compare_20260411_180356\crops\i_._life._step_24_PM_10__Indoor_No_data.png' timing(move=0.446s ann=3.073s get_focus=0.990s get_focus_fallback_dump=0.000s step_dump=0.000s crop=0.482s total=4.992s) focus_reason='' fallback_used=False fallback_found=False step_dump_used=False step_dump_reason='focus_payload_sufficient' req_id='05ad320c'
[FOCUS] req_id=05ad320c get_focus_req_id='' response_success=false payload_source='' payload_sufficient=false fallback_used=false fallback_found=false dump_attempted=false final_payload_source='' focus_reason='' missing_reason=''

[DECISION_TRACE]
baseline_empty=true
first_candidate_contaminated=true
trim_considered=false
trim_applied=false
stable_reason='result_row_snapshot'
used_snapshot=true
snapshot_reason='no_better_recent_poll_candidate'
scroll_evidence='weak'
focus_evidence='strong'
notes='final speech appears to come from snapshot candidate path'
