[ROW_CONTEXT]
scenario=
tab=(?i).*life.*
step=1
req_id=dee2bad1
visible=Family Care
speech=Family Care
final_result=FAIL
failure_reason=move_failed

review_note=이동/발화 결과 재검토 필요
noise=
move_result={'success': true, 'status': 'moved', 'detail': 'moved', 'raw': {'timestamp': 1776164486763, 'reqid': '85f1dff2', 'success': true, 'status': 'moved', 'detail': 'moved', 'flags': []}}
debug_source_row_found=false

[ANN_TRACE]
[ANN][baseline] req_id=dee2bad1 text='' source='source_row_missing' empty_reason='no_prev_step_row'
[ANN][poll] req_id=dee2bad1 idx=0 raw='Family Care' normalized='family care' changed=true differs_from_baseline=true source='row_snapshot' observed_at='' count=0
[ANN][trim] req_id=dee2bad1 considered=false applied=false before='Family Care' after='Family Care' reject_reason='' reason='trim_stage_not_reached'
[ANN][stable] req_id=dee2bad1 selected='Family Care' reason='result_row_snapshot' source='result_row'
[ANN][select] req_id=dee2bad1 used_snapshot=true snapshot_reason='no_better_recent_poll_candidate' previous='' current='Family Care' final='Family Care'

[STEP_TRACE]
[20:01:30] [STEP] END tab='(?i).*life.*' step=1 elapsed=4.58s move_result='{'success': True, 'status': 'moved', 'detail': 'moved', 'raw': {'timestamp': 1776164486763, 'reqId': '85f1dff2', 'success': True, 'status': 'moved', 'detail': 'moved', 'flags': []}}' visible='Family Care' speech='Family Care' crop='output\talkback_compare_20260414_195540\crops\i_._life._step_1_Family_Care.png' timing(move=0.540s ann=3.038s get_focus=0.999s get_focus_fallback_dump=0.000s step_dump=0.000s crop=0.596s total=5.174s) focus_reason='' fallback_used=False fallback_found=False step_dump_used=False step_dump_reason='focus_payload_sufficient' req_id='dee2bad1'
[STEP][summary] req_id=dee2bad1 tab='(?i).*life.*' step=1 move_result='{'success': true, 'status': 'moved', 'detail': 'moved', 'raw': {'timestamp': 1776164486763, 'reqid': '85f1dff2', 'success': true, 'status': 'moved', 'detail': 'moved', 'flags': []}}' terminal=false no_progress=false

[SCROLL_TRACE]
[SCROLL] req_id=dee2bad1 scroll_related_log_found=false move_result='{'success': true, 'status': 'moved', 'detail': 'moved', 'raw': {'timestamp': 1776164486763, 'reqid': '85f1dff2', 'success': true, 'status': 'moved', 'detail': 'moved', 'flags': []}}' smart_result='' detail='' inferred_scroll=false inference_reason='no_scroll_signal_found'

[FOCUS_TRACE]
[20:01:30] [STEP] END tab='(?i).*life.*' step=1 elapsed=4.58s move_result='{'success': True, 'status': 'moved', 'detail': 'moved', 'raw': {'timestamp': 1776164486763, 'reqId': '85f1dff2', 'success': True, 'status': 'moved', 'detail': 'moved', 'flags': []}}' visible='Family Care' speech='Family Care' crop='output\talkback_compare_20260414_195540\crops\i_._life._step_1_Family_Care.png' timing(move=0.540s ann=3.038s get_focus=0.999s get_focus_fallback_dump=0.000s step_dump=0.000s crop=0.596s total=5.174s) focus_reason='' fallback_used=False fallback_found=False step_dump_used=False step_dump_reason='focus_payload_sufficient' req_id='dee2bad1'
[FOCUS] req_id=dee2bad1 get_focus_req_id='' response_success=false payload_source='' payload_sufficient=false fallback_used=false fallback_found=false dump_attempted=false final_payload_source='' focus_reason='' missing_reason=''

[DECISION_TRACE]
baseline_empty=true
first_candidate_contaminated=true
trim_considered=false
trim_applied=false
stable_reason='result_row_snapshot'
used_snapshot=true
snapshot_reason='no_better_recent_poll_candidate'
scroll_evidence='weak'
focus_evidence='strong'
notes='final speech appears to come from snapshot candidate path'
