[ROW_CONTEXT]
scenario=
tab=(?i).*(home|devices|life|routines|menu).*
step=3
req_id=4d6e7ba0
visible=Routines, Tab 4 of 5
speech=Routines
final_result=FAIL
failure_reason=move_failed

review_note=이동/발화 결과 재검토 필요
noise=
move_result={'success': true, 'status': 'moved', 'detail': 'moved', 'raw': {'timestamp': 1775955454593, 'reqid': '197b1ca7', 'success': true, 'status': 'moved', 'detail': 'moved', 'flags': []}}
debug_source_row_found=false

[ANN_TRACE]
[ANN][baseline] req_id=4d6e7ba0 text='' source='source_row_missing' empty_reason='no_prev_step_row'
[ANN][poll] req_id=4d6e7ba0 idx=0 raw='Routines' normalized='routines' changed=true differs_from_baseline=true source='row_snapshot' observed_at='' count=0
[ANN][trim] req_id=4d6e7ba0 considered=false applied=false before='Routines' after='Routines' reject_reason='' reason='trim_stage_not_reached'
[ANN][stable] req_id=4d6e7ba0 selected='Routines' reason='result_row_snapshot' source='result_row'
[ANN][select] req_id=4d6e7ba0 used_snapshot=true snapshot_reason='no_better_recent_poll_candidate' previous='' current='Routines' final='Routines'

[STEP_TRACE]
[09:57:40] [STEP] END tab='(?i).*(home|devices|life|routines|menu).*' step=3 elapsed=4.39s move_result='{'success': True, 'status': 'moved', 'detail': 'moved', 'raw': {'timestamp': 1775955454593, 'reqId': '197b1ca7', 'success': True, 'status': 'moved', 'detail': 'moved', 'flags': []}}' visible='Routines, Tab 4 of 5' speech='Routines' crop='output\talkback_compare_20260412_095642\crops\i_.__home_devices_life_routines_menu_._step_3_Routines__Tab_4_of_5.png' timing(move=0.587s ann=2.749s get_focus=1.056s get_focus_fallback_dump=0.000s step_dump=0.000s crop=1.256s total=5.650s) focus_reason='' fallback_used=False fallback_found=False step_dump_used=False step_dump_reason='focus_payload_sufficient' req_id='4d6e7ba0'
[STEP][summary] req_id=4d6e7ba0 tab='(?i).*(home|devices|life|routines|menu).*' step=3 move_result='{'success': true, 'status': 'moved', 'detail': 'moved', 'raw': {'timestamp': 1775955454593, 'reqid': '197b1ca7', 'success': true, 'status': 'moved', 'detail': 'moved', 'flags': []}}' terminal=false no_progress=false

[SCROLL_TRACE]
[SCROLL] req_id=4d6e7ba0 scroll_related_log_found=false move_result='{'success': true, 'status': 'moved', 'detail': 'moved', 'raw': {'timestamp': 1775955454593, 'reqid': '197b1ca7', 'success': true, 'status': 'moved', 'detail': 'moved', 'flags': []}}' smart_result='' detail='' inferred_scroll=false inference_reason='no_scroll_signal_found'

[FOCUS_TRACE]
[09:57:40] [STEP] END tab='(?i).*(home|devices|life|routines|menu).*' step=3 elapsed=4.39s move_result='{'success': True, 'status': 'moved', 'detail': 'moved', 'raw': {'timestamp': 1775955454593, 'reqId': '197b1ca7', 'success': True, 'status': 'moved', 'detail': 'moved', 'flags': []}}' visible='Routines, Tab 4 of 5' speech='Routines' crop='output\talkback_compare_20260412_095642\crops\i_.__home_devices_life_routines_menu_._step_3_Routines__Tab_4_of_5.png' timing(move=0.587s ann=2.749s get_focus=1.056s get_focus_fallback_dump=0.000s step_dump=0.000s crop=1.256s total=5.650s) focus_reason='' fallback_used=False fallback_found=False step_dump_used=False step_dump_reason='focus_payload_sufficient' req_id='4d6e7ba0'
[FOCUS] req_id=4d6e7ba0 get_focus_req_id='' response_success=false payload_source='' payload_sufficient=false fallback_used=false fallback_found=false dump_attempted=false final_payload_source='' focus_reason='' missing_reason=''

[DECISION_TRACE]
baseline_empty=true
first_candidate_contaminated=true
trim_considered=false
trim_applied=false
stable_reason='result_row_snapshot'
used_snapshot=true
snapshot_reason='no_better_recent_poll_candidate'
scroll_evidence='weak'
focus_evidence='strong'
notes='final speech appears to come from snapshot candidate path'
