[ROW_CONTEXT]
scenario=
tab=(?i).*menu.*
step=2
req_id=ab48b340
visible=Samsung account satest.iot.auto@samsung.com
speech=Samsung account satest.iot.auto@samsung.com
final_result=FAIL
failure_reason=move_failed

review_note=이동/발화 결과 재검토 필요
noise=
move_result={'success': true, 'status': 'moved', 'detail': 'moved', 'raw': {'timestamp': 1776348654705, 'reqid': 'e6604e1c', 'success': true, 'status': 'moved', 'detail': 'moved', 'flags': []}}
debug_source_row_found=false

[ANN_TRACE]
[ANN][baseline] req_id=ab48b340 text='' source='source_row_missing' empty_reason='no_prev_step_row'
[ANN][poll] req_id=ab48b340 idx=0 raw='Samsung account satest.iot.auto@samsung.com' normalized='samsung account satest.iot.auto@samsung.com' changed=true differs_from_baseline=true source='row_snapshot' observed_at='' count=0
[ANN][trim] req_id=ab48b340 considered=false applied=false before='Samsung account satest.iot.auto@samsung.com' after='Samsung account satest.iot.auto@samsung.com' reject_reason='' reason='trim_stage_not_reached'
[ANN][stable] req_id=ab48b340 selected='Samsung account satest.iot.auto@samsung.com' reason='result_row_snapshot' source='result_row'
[ANN][select] req_id=ab48b340 used_snapshot=true snapshot_reason='no_better_recent_poll_candidate' previous='' current='Samsung account satest.iot.auto@samsung.com' final='Samsung account satest.iot.auto@samsung.com'

[STEP_TRACE]
[23:10:58] [STEP] END tab='(?i).*menu.*' step=2 elapsed=4.45s move_result='{'success': True, 'status': 'moved', 'detail': 'moved', 'raw': {'timestamp': 1776348654705, 'reqId': 'e6604e1c', 'success': True, 'status': 'moved', 'detail': 'moved', 'flags': []}}' visible='Samsung account satest.iot.auto@samsung.com' speech='Samsung account satest.iot.auto@samsung.com' crop='output\talkback_compare_20260416_225823\crops\i_._menu._step_2_Samsung_account_satest.iot.auto_samsung..png' timing(move=0.457s ann=3.032s get_focus=0.957s get_focus_fallback_dump=0.000s step_dump=0.000s crop=0.570s total=5.017s) focus_reason='' fallback_used=False fallback_found=False step_dump_used=False step_dump_reason='focus_payload_sufficient' req_id='ab48b340'
[STEP][summary] req_id=ab48b340 tab='(?i).*menu.*' step=2 move_result='{'success': true, 'status': 'moved', 'detail': 'moved', 'raw': {'timestamp': 1776348654705, 'reqid': 'e6604e1c', 'success': true, 'status': 'moved', 'detail': 'moved', 'flags': []}}' terminal=false no_progress=false

[SCROLL_TRACE]
[SCROLL] req_id=ab48b340 scroll_related_log_found=false move_result='{'success': true, 'status': 'moved', 'detail': 'moved', 'raw': {'timestamp': 1776348654705, 'reqid': 'e6604e1c', 'success': true, 'status': 'moved', 'detail': 'moved', 'flags': []}}' smart_result='' detail='' inferred_scroll=false inference_reason='no_scroll_signal_found'

[FOCUS_TRACE]
[23:10:58] [STEP] END tab='(?i).*menu.*' step=2 elapsed=4.45s move_result='{'success': True, 'status': 'moved', 'detail': 'moved', 'raw': {'timestamp': 1776348654705, 'reqId': 'e6604e1c', 'success': True, 'status': 'moved', 'detail': 'moved', 'flags': []}}' visible='Samsung account satest.iot.auto@samsung.com' speech='Samsung account satest.iot.auto@samsung.com' crop='output\talkback_compare_20260416_225823\crops\i_._menu._step_2_Samsung_account_satest.iot.auto_samsung..png' timing(move=0.457s ann=3.032s get_focus=0.957s get_focus_fallback_dump=0.000s step_dump=0.000s crop=0.570s total=5.017s) focus_reason='' fallback_used=False fallback_found=False step_dump_used=False step_dump_reason='focus_payload_sufficient' req_id='ab48b340'
[FOCUS] req_id=ab48b340 get_focus_req_id='' response_success=false payload_source='' payload_sufficient=false fallback_used=false fallback_found=false dump_attempted=false final_payload_source='' focus_reason='' missing_reason=''

[DECISION_TRACE]
baseline_empty=true
first_candidate_contaminated=true
trim_considered=false
trim_applied=false
stable_reason='result_row_snapshot'
used_snapshot=true
snapshot_reason='no_better_recent_poll_candidate'
scroll_evidence='weak'
focus_evidence='strong'
notes='final speech appears to come from snapshot candidate path'
