[ROW_CONTEXT]
scenario=
tab=(?i).*life.*
step=20
req_id=c0004a4c
visible=Want better insight into your daily life?
speech=Want better insight into your daily life?
final_result=FAIL
failure_reason=move_failed

review_note=이동/발화 결과 재검토 필요
noise=
move_result=failed
debug_source_row_found=false

[ANN_TRACE]
[ANN][baseline] req_id=c0004a4c text='' source='source_row_missing' empty_reason='no_prev_step_row'
[ANN][poll] req_id=c0004a4c idx=0 raw='Want better insight into your daily life?' normalized='want better insight into your daily life?' changed=true differs_from_baseline=true source='row_snapshot' observed_at='' count=0
[ANN][trim] req_id=c0004a4c considered=false applied=false before='Want better insight into your daily life?' after='Want better insight into your daily life?' reject_reason='' reason='trim_stage_not_reached'
[ANN][stable] req_id=c0004a4c selected='Want better insight into your daily life?' reason='result_row_snapshot' source='result_row'
[ANN][select] req_id=c0004a4c used_snapshot=true snapshot_reason='no_better_recent_poll_candidate' previous='' current='Want better insight into your daily life?' final='Want better insight into your daily life?'

[STEP_TRACE]
[23:11:37] [STEP] END tab='(?i).*life.*' step=20 elapsed=5.21s move_result='' visible='Want better insight into your daily life?' speech='Want better insight into your daily life?' crop='output\talkback_compare_20260422_230902\crops\i_._life._step_20_Want_better_insight_into_your_daily_life.png' timing(move=0.402s ann=3.817s get_focus=0.988s get_focus_fallback_dump=0.000s step_dump=0.000s crop=0.478s total=5.685s) focus_reason='' fallback_used=False fallback_found=False step_dump_used=False step_dump_reason='focus_payload_sufficient' req_id='c0004a4c'
[STEP][summary] req_id=c0004a4c tab='(?i).*life.*' step=20 move_result='failed' terminal=false no_progress=false

[SCROLL_TRACE]
[SCROLL] req_id=c0004a4c scroll_related_log_found=false move_result='failed' smart_result='' detail='' inferred_scroll=false inference_reason='no_scroll_signal_found'

[FOCUS_TRACE]
[23:11:37] [STEP] END tab='(?i).*life.*' step=20 elapsed=5.21s move_result='' visible='Want better insight into your daily life?' speech='Want better insight into your daily life?' crop='output\talkback_compare_20260422_230902\crops\i_._life._step_20_Want_better_insight_into_your_daily_life.png' timing(move=0.402s ann=3.817s get_focus=0.988s get_focus_fallback_dump=0.000s step_dump=0.000s crop=0.478s total=5.685s) focus_reason='' fallback_used=False fallback_found=False step_dump_used=False step_dump_reason='focus_payload_sufficient' req_id='c0004a4c'
[FOCUS] req_id=c0004a4c get_focus_req_id='' response_success=false payload_source='' payload_sufficient=false fallback_used=false fallback_found=false dump_attempted=false final_payload_source='' focus_reason='' missing_reason=''

[DECISION_TRACE]
baseline_empty=true
first_candidate_contaminated=true
trim_considered=false
trim_applied=false
stable_reason='result_row_snapshot'
used_snapshot=true
snapshot_reason='no_better_recent_poll_candidate'
scroll_evidence='weak'
focus_evidence='strong'
notes='final speech appears to come from snapshot candidate path'
