[ROW_CONTEXT]
scenario=
tab=(?i).*life.*
step=5
req_id=74d69b77
visible=Save energy with AI Energy Mode and earn reward points
speech=Save energy with AI Energy Mode and earn reward points
final_result=FAIL
failure_reason=move_failed

review_note=이동/발화 결과 재검토 필요
noise=
move_result={'success': true, 'status': 'moved', 'detail': 'moved', 'raw': {'timestamp': 1775989951636, 'reqid': '81e169c1', 'success': true, 'status': 'moved', 'detail': 'moved', 'flags': []}}
debug_source_row_found=false

[ANN_TRACE]
[ANN][baseline] req_id=74d69b77 text='' source='source_row_missing' empty_reason='no_prev_step_row'
[ANN][poll] req_id=74d69b77 idx=0 raw='Save energy with AI Energy Mode and earn reward points' normalized='save energy with ai energy mode and earn reward points' changed=true differs_from_baseline=true source='row_snapshot' observed_at='' count=0
[ANN][trim] req_id=74d69b77 considered=false applied=false before='Save energy with AI Energy Mode and earn reward points' after='Save energy with AI Energy Mode and earn reward points' reject_reason='' reason='trim_stage_not_reached'
[ANN][stable] req_id=74d69b77 selected='Save energy with AI Energy Mode and earn reward points' reason='result_row_snapshot' source='result_row'
[ANN][select] req_id=74d69b77 used_snapshot=true snapshot_reason='no_better_recent_poll_candidate' previous='' current='Save energy with AI Energy Mode and earn reward points' final='Save energy with AI Energy Mode and earn reward points'

[STEP_TRACE]
[19:32:35] [STEP] END tab='(?i).*life.*' step=5 elapsed=4.56s move_result='{'success': True, 'status': 'moved', 'detail': 'moved', 'raw': {'timestamp': 1775989951636, 'reqId': '81e169c1', 'success': True, 'status': 'moved', 'detail': 'moved', 'flags': []}}' visible='Save energy with AI Energy Mode and earn reward points' speech='Save energy with AI Energy Mode and earn reward points' crop='output\talkback_compare_20260412_192601\crops\i_._life._step_5_Save_energy_with_AI_Energy_Mode_and_earn.png' timing(move=0.474s ann=3.039s get_focus=1.050s get_focus_fallback_dump=0.000s step_dump=0.000s crop=0.639s total=5.204s) focus_reason='' fallback_used=False fallback_found=False step_dump_used=False step_dump_reason='focus_payload_sufficient' req_id='74d69b77'
[STEP][summary] req_id=74d69b77 tab='(?i).*life.*' step=5 move_result='{'success': true, 'status': 'moved', 'detail': 'moved', 'raw': {'timestamp': 1775989951636, 'reqid': '81e169c1', 'success': true, 'status': 'moved', 'detail': 'moved', 'flags': []}}' terminal=false no_progress=false

[SCROLL_TRACE]
[SCROLL] req_id=74d69b77 scroll_related_log_found=false move_result='{'success': true, 'status': 'moved', 'detail': 'moved', 'raw': {'timestamp': 1775989951636, 'reqid': '81e169c1', 'success': true, 'status': 'moved', 'detail': 'moved', 'flags': []}}' smart_result='' detail='' inferred_scroll=false inference_reason='no_scroll_signal_found'

[FOCUS_TRACE]
[19:32:35] [STEP] END tab='(?i).*life.*' step=5 elapsed=4.56s move_result='{'success': True, 'status': 'moved', 'detail': 'moved', 'raw': {'timestamp': 1775989951636, 'reqId': '81e169c1', 'success': True, 'status': 'moved', 'detail': 'moved', 'flags': []}}' visible='Save energy with AI Energy Mode and earn reward points' speech='Save energy with AI Energy Mode and earn reward points' crop='output\talkback_compare_20260412_192601\crops\i_._life._step_5_Save_energy_with_AI_Energy_Mode_and_earn.png' timing(move=0.474s ann=3.039s get_focus=1.050s get_focus_fallback_dump=0.000s step_dump=0.000s crop=0.639s total=5.204s) focus_reason='' fallback_used=False fallback_found=False step_dump_used=False step_dump_reason='focus_payload_sufficient' req_id='74d69b77'
[FOCUS] req_id=74d69b77 get_focus_req_id='' response_success=false payload_source='' payload_sufficient=false fallback_used=false fallback_found=false dump_attempted=false final_payload_source='' focus_reason='' missing_reason=''

[DECISION_TRACE]
baseline_empty=true
first_candidate_contaminated=true
trim_considered=false
trim_applied=false
stable_reason='result_row_snapshot'
used_snapshot=true
snapshot_reason='no_better_recent_poll_candidate'
scroll_evidence='weak'
focus_evidence='strong'
notes='final speech appears to come from snapshot candidate path'
