[ROW_CONTEXT]
scenario=
tab=(?i).*life.*
step=1
req_id=221e65d0
visible=홈카메라 360
speech=홈카메라 360
final_result=FAIL
failure_reason=move_failed

review_note=이동/발화 결과 재검토 필요
noise=
move_result={'success': true, 'status': 'moved', 'detail': 'moved', 'raw': {'timestamp': 1776265115537, 'reqid': '01e1c9e5', 'success': true, 'status': 'moved', 'detail': 'moved', 'flags': []}}
debug_source_row_found=false

[ANN_TRACE]
[ANN][baseline] req_id=221e65d0 text='' source='source_row_missing' empty_reason='no_prev_step_row'
[ANN][poll] req_id=221e65d0 idx=0 raw='홈카메라 360' normalized='홈카메라 360' changed=true differs_from_baseline=true source='row_snapshot' observed_at='' count=0
[ANN][trim] req_id=221e65d0 considered=false applied=false before='홈카메라 360' after='홈카메라 360' reject_reason='' reason='trim_stage_not_reached'
[ANN][stable] req_id=221e65d0 selected='홈카메라 360' reason='result_row_snapshot' source='result_row'
[ANN][select] req_id=221e65d0 used_snapshot=true snapshot_reason='no_better_recent_poll_candidate' previous='' current='홈카메라 360' final='홈카메라 360'

[STEP_TRACE]
[23:58:40] [STEP] END tab='(?i).*life.*' step=1 elapsed=4.82s move_result='{'success': True, 'status': 'moved', 'detail': 'moved', 'raw': {'timestamp': 1776265115537, 'reqId': '01e1c9e5', 'success': True, 'status': 'moved', 'detail': 'moved', 'flags': []}}' visible='홈카메라 360' speech='홈카메라 360' crop='output\talkback_compare_20260415_234858\crops\i_._life._step_1_홈카메라_360.png' timing(move=0.511s ann=3.121s get_focus=1.189s get_focus_fallback_dump=0.000s step_dump=0.000s crop=0.650s total=5.473s) focus_reason='' fallback_used=False fallback_found=False step_dump_used=False step_dump_reason='focus_payload_sufficient' req_id='221e65d0'
[STEP][summary] req_id=221e65d0 tab='(?i).*life.*' step=1 move_result='{'success': true, 'status': 'moved', 'detail': 'moved', 'raw': {'timestamp': 1776265115537, 'reqid': '01e1c9e5', 'success': true, 'status': 'moved', 'detail': 'moved', 'flags': []}}' terminal=false no_progress=false

[SCROLL_TRACE]
[SCROLL] req_id=221e65d0 scroll_related_log_found=false move_result='{'success': true, 'status': 'moved', 'detail': 'moved', 'raw': {'timestamp': 1776265115537, 'reqid': '01e1c9e5', 'success': true, 'status': 'moved', 'detail': 'moved', 'flags': []}}' smart_result='' detail='' inferred_scroll=false inference_reason='no_scroll_signal_found'

[FOCUS_TRACE]
[23:58:40] [STEP] END tab='(?i).*life.*' step=1 elapsed=4.82s move_result='{'success': True, 'status': 'moved', 'detail': 'moved', 'raw': {'timestamp': 1776265115537, 'reqId': '01e1c9e5', 'success': True, 'status': 'moved', 'detail': 'moved', 'flags': []}}' visible='홈카메라 360' speech='홈카메라 360' crop='output\talkback_compare_20260415_234858\crops\i_._life._step_1_홈카메라_360.png' timing(move=0.511s ann=3.121s get_focus=1.189s get_focus_fallback_dump=0.000s step_dump=0.000s crop=0.650s total=5.473s) focus_reason='' fallback_used=False fallback_found=False step_dump_used=False step_dump_reason='focus_payload_sufficient' req_id='221e65d0'
[FOCUS] req_id=221e65d0 get_focus_req_id='' response_success=false payload_source='' payload_sufficient=false fallback_used=false fallback_found=false dump_attempted=false final_payload_source='' focus_reason='' missing_reason=''

[DECISION_TRACE]
baseline_empty=true
first_candidate_contaminated=true
trim_considered=false
trim_applied=false
stable_reason='result_row_snapshot'
used_snapshot=true
snapshot_reason='no_better_recent_poll_candidate'
scroll_evidence='weak'
focus_evidence='strong'
notes='final speech appears to come from snapshot candidate path'
