[ROW_CONTEXT]
scenario=
tab=(?i).*life.*
step=5
req_id=fe32a27d
visible=To use the clothing and shoe care service, connect your phone to your Samsung appliances.
speech=To use the clothing and shoe care service, connect your phone to your Samsung appliances.
final_result=FAIL
failure_reason=move_failed

review_note=이동/발화 결과 재검토 필요
noise=
move_result={'success': true, 'status': 'moved', 'detail': 'moved', 'raw': {'timestamp': 1775990024544, 'reqid': '8a384bf5', 'success': true, 'status': 'moved', 'detail': 'moved', 'flags': []}}
debug_source_row_found=false

[ANN_TRACE]
[ANN][baseline] req_id=fe32a27d text='' source='source_row_missing' empty_reason='no_prev_step_row'
[ANN][poll] req_id=fe32a27d idx=0 raw='To use the clothing and shoe care service, connect your phone to your Samsung appliances.' normalized='to use the clothing and shoe care service, connect your phone to your samsung appliances.' changed=true differs_from_baseline=true source='row_snapshot' observed_at='' count=0
[ANN][trim] req_id=fe32a27d considered=false applied=false before='To use the clothing and shoe care service, connect your phone to your Samsung appliances.' after='To use the clothing and shoe care service, connect your phone to your Samsung appliances.' reject_reason='' reason='trim_stage_not_reached'
[ANN][stable] req_id=fe32a27d selected='To use the clothing and shoe care service, connect your phone to your Samsung appliances.' reason='result_row_snapshot' source='result_row'
[ANN][select] req_id=fe32a27d used_snapshot=true snapshot_reason='no_better_recent_poll_candidate' previous='' current='To use the clothing and shoe care service, connect your phone to your Samsung appliances.' final='To use the clothing and shoe care service, connect your phone to your Samsung appliances.'

[STEP_TRACE]
[19:33:48] [STEP] END tab='(?i).*life.*' step=5 elapsed=4.46s move_result='{'success': True, 'status': 'moved', 'detail': 'moved', 'raw': {'timestamp': 1775990024544, 'reqId': '8a384bf5', 'success': True, 'status': 'moved', 'detail': 'moved', 'flags': []}}' visible='To use the clothing and shoe care service, connect your phone to your Samsung appliances.' speech='To use the clothing and shoe care service, connect your phone to your Samsung appliances.' crop='output\talkback_compare_20260412_192601\crops\i_._life._step_5_To_use_the_clothing_and_shoe_care_servic.png' timing(move=0.351s ann=3.058s get_focus=1.048s get_focus_fallback_dump=0.000s step_dump=0.000s crop=1.109s total=5.566s) focus_reason='' fallback_used=False fallback_found=False step_dump_used=False step_dump_reason='focus_payload_sufficient' req_id='fe32a27d'
[STEP][summary] req_id=fe32a27d tab='(?i).*life.*' step=5 move_result='{'success': true, 'status': 'moved', 'detail': 'moved', 'raw': {'timestamp': 1775990024544, 'reqid': '8a384bf5', 'success': true, 'status': 'moved', 'detail': 'moved', 'flags': []}}' terminal=false no_progress=false

[SCROLL_TRACE]
[SCROLL] req_id=fe32a27d scroll_related_log_found=false move_result='{'success': true, 'status': 'moved', 'detail': 'moved', 'raw': {'timestamp': 1775990024544, 'reqid': '8a384bf5', 'success': true, 'status': 'moved', 'detail': 'moved', 'flags': []}}' smart_result='' detail='' inferred_scroll=false inference_reason='no_scroll_signal_found'

[FOCUS_TRACE]
[19:33:48] [STEP] END tab='(?i).*life.*' step=5 elapsed=4.46s move_result='{'success': True, 'status': 'moved', 'detail': 'moved', 'raw': {'timestamp': 1775990024544, 'reqId': '8a384bf5', 'success': True, 'status': 'moved', 'detail': 'moved', 'flags': []}}' visible='To use the clothing and shoe care service, connect your phone to your Samsung appliances.' speech='To use the clothing and shoe care service, connect your phone to your Samsung appliances.' crop='output\talkback_compare_20260412_192601\crops\i_._life._step_5_To_use_the_clothing_and_shoe_care_servic.png' timing(move=0.351s ann=3.058s get_focus=1.048s get_focus_fallback_dump=0.000s step_dump=0.000s crop=1.109s total=5.566s) focus_reason='' fallback_used=False fallback_found=False step_dump_used=False step_dump_reason='focus_payload_sufficient' req_id='fe32a27d'
[FOCUS] req_id=fe32a27d get_focus_req_id='' response_success=false payload_source='' payload_sufficient=false fallback_used=false fallback_found=false dump_attempted=false final_payload_source='' focus_reason='' missing_reason=''

[DECISION_TRACE]
baseline_empty=true
first_candidate_contaminated=true
trim_considered=false
trim_applied=false
stable_reason='result_row_snapshot'
used_snapshot=true
snapshot_reason='no_better_recent_poll_candidate'
scroll_evidence='weak'
focus_evidence='strong'
notes='final speech appears to come from snapshot candidate path'
