[ROW_CONTEXT]
scenario=
tab=(?i).*life.*
step=50
req_id=fea48162
visible=Device usage Device usage
speech=Device usage Device usage
final_result=FAIL
failure_reason=move_failed

review_note=이동/발화 결과 재검토 필요
noise=
move_result=failed
debug_source_row_found=false

[ANN_TRACE]
[ANN][baseline] req_id=fea48162 text='' source='source_row_missing' empty_reason='no_prev_step_row'
[ANN][poll] req_id=fea48162 idx=0 raw='Device usage Device usage' normalized='device usage device usage' changed=true differs_from_baseline=true source='row_snapshot' observed_at='' count=0
[ANN][trim] req_id=fea48162 considered=false applied=false before='Device usage Device usage' after='Device usage Device usage' reject_reason='' reason='trim_stage_not_reached'
[ANN][stable] req_id=fea48162 selected='Device usage Device usage' reason='result_row_snapshot' source='result_row'
[ANN][select] req_id=fea48162 used_snapshot=true snapshot_reason='no_better_recent_poll_candidate' previous='' current='Device usage Device usage' final='Device usage Device usage'

[STEP_TRACE]
[23:37:07] [STEP] END tab='(?i).*life.*' step=50 elapsed=5.54s move_result='' visible='Device usage Device usage' speech='Device usage Device usage' crop='output\talkback_compare_20260421_233130\crops\i_._life._step_50_LocationButton.png' timing(move=0.390s ann=4.031s get_focus=1.121s get_focus_fallback_dump=0.000s step_dump=0.000s crop=0.532s total=6.074s) focus_reason='' fallback_used=False fallback_found=False step_dump_used=False step_dump_reason='focus_payload_sufficient' req_id='fea48162'
[STEP][summary] req_id=fea48162 tab='(?i).*life.*' step=50 move_result='failed' terminal=false no_progress=false

[SCROLL_TRACE]
[SCROLL] req_id=fea48162 scroll_related_log_found=false move_result='failed' smart_result='' detail='' inferred_scroll=false inference_reason='no_scroll_signal_found'

[FOCUS_TRACE]
[23:37:07] [STEP] END tab='(?i).*life.*' step=50 elapsed=5.54s move_result='' visible='Device usage Device usage' speech='Device usage Device usage' crop='output\talkback_compare_20260421_233130\crops\i_._life._step_50_LocationButton.png' timing(move=0.390s ann=4.031s get_focus=1.121s get_focus_fallback_dump=0.000s step_dump=0.000s crop=0.532s total=6.074s) focus_reason='' fallback_used=False fallback_found=False step_dump_used=False step_dump_reason='focus_payload_sufficient' req_id='fea48162'
[FOCUS] req_id=fea48162 get_focus_req_id='' response_success=false payload_source='' payload_sufficient=false fallback_used=false fallback_found=false dump_attempted=false final_payload_source='' focus_reason='' missing_reason=''

[DECISION_TRACE]
baseline_empty=true
first_candidate_contaminated=true
trim_considered=false
trim_applied=false
stable_reason='result_row_snapshot'
used_snapshot=true
snapshot_reason='no_better_recent_poll_candidate'
scroll_evidence='weak'
focus_evidence='strong'
notes='final speech appears to come from snapshot candidate path'
