[ROW_CONTEXT]
scenario=
tab=(?i).*life.*
step=10
req_id=7f6c22e6
visible=View sensors
speech=View sensors
final_result=FAIL
failure_reason=move_failed

review_note=이동/발화 결과 재검토 필요
noise=
move_result={'success': true, 'status': 'moved', 'detail': 'moved', 'raw': {'timestamp': 1776350968107, 'reqid': '9224864e', 'success': true, 'status': 'moved', 'detail': 'moved', 'flags': []}}
debug_source_row_found=false

[ANN_TRACE]
[ANN][baseline] req_id=7f6c22e6 text='' source='source_row_missing' empty_reason='no_prev_step_row'
[ANN][poll] req_id=7f6c22e6 idx=0 raw='View sensors' normalized='view sensors' changed=true differs_from_baseline=true source='row_snapshot' observed_at='' count=0
[ANN][trim] req_id=7f6c22e6 considered=false applied=false before='View sensors' after='View sensors' reject_reason='' reason='trim_stage_not_reached'
[ANN][stable] req_id=7f6c22e6 selected='View sensors' reason='result_row_snapshot' source='result_row'
[ANN][select] req_id=7f6c22e6 used_snapshot=true snapshot_reason='no_better_recent_poll_candidate' previous='' current='View sensors' final='View sensors'

[STEP_TRACE]
[23:49:32] [STEP] END tab='(?i).*life.*' step=10 elapsed=4.55s move_result='{'success': True, 'status': 'moved', 'detail': 'moved', 'raw': {'timestamp': 1776350968107, 'reqId': '9224864e', 'success': True, 'status': 'moved', 'detail': 'moved', 'flags': []}}' visible='View sensors' speech='View sensors' crop='output\talkback_compare_20260416_231624\crops\i_._life._step_10_View_sensors.png' timing(move=0.399s ann=3.092s get_focus=1.061s get_focus_fallback_dump=0.000s step_dump=0.000s crop=0.527s total=5.080s) focus_reason='' fallback_used=False fallback_found=False step_dump_used=False step_dump_reason='focus_payload_sufficient' req_id='7f6c22e6'
[STEP][summary] req_id=7f6c22e6 tab='(?i).*life.*' step=10 move_result='{'success': true, 'status': 'moved', 'detail': 'moved', 'raw': {'timestamp': 1776350968107, 'reqid': '9224864e', 'success': true, 'status': 'moved', 'detail': 'moved', 'flags': []}}' terminal=false no_progress=false

[SCROLL_TRACE]
[SCROLL] req_id=7f6c22e6 scroll_related_log_found=false move_result='{'success': true, 'status': 'moved', 'detail': 'moved', 'raw': {'timestamp': 1776350968107, 'reqid': '9224864e', 'success': true, 'status': 'moved', 'detail': 'moved', 'flags': []}}' smart_result='' detail='' inferred_scroll=false inference_reason='no_scroll_signal_found'

[FOCUS_TRACE]
[23:49:32] [STEP] END tab='(?i).*life.*' step=10 elapsed=4.55s move_result='{'success': True, 'status': 'moved', 'detail': 'moved', 'raw': {'timestamp': 1776350968107, 'reqId': '9224864e', 'success': True, 'status': 'moved', 'detail': 'moved', 'flags': []}}' visible='View sensors' speech='View sensors' crop='output\talkback_compare_20260416_231624\crops\i_._life._step_10_View_sensors.png' timing(move=0.399s ann=3.092s get_focus=1.061s get_focus_fallback_dump=0.000s step_dump=0.000s crop=0.527s total=5.080s) focus_reason='' fallback_used=False fallback_found=False step_dump_used=False step_dump_reason='focus_payload_sufficient' req_id='7f6c22e6'
[FOCUS] req_id=7f6c22e6 get_focus_req_id='' response_success=false payload_source='' payload_sufficient=false fallback_used=false fallback_found=false dump_attempted=false final_payload_source='' focus_reason='' missing_reason=''

[DECISION_TRACE]
baseline_empty=true
first_candidate_contaminated=true
trim_considered=false
trim_applied=false
stable_reason='result_row_snapshot'
used_snapshot=true
snapshot_reason='no_better_recent_poll_candidate'
scroll_evidence='weak'
focus_evidence='strong'
notes='final speech appears to come from snapshot candidate path'
