[ROW_CONTEXT]
scenario=
tab=(?i).*life.*
step=4
req_id=6b7e80d7
visible=Want better insight into your daily life? Set up the SmartThings devices that you use to better understand your daily life. Later Set up now
speech=Want better insight into your daily life? Set up the SmartThings devices that you use to better understand your daily life. Later Set up now
final_result=FAIL
failure_reason=move_failed

review_note=speech와 visible 불일치
noise=
move_result=failed
debug_source_row_found=false

[ANN_TRACE]
[ANN][baseline] req_id=6b7e80d7 text='' source='source_row_missing' empty_reason='no_prev_step_row'
[ANN][poll] req_id=6b7e80d7 idx=0 raw='Want better insight into your daily life? Set up the SmartThings devices that you use to better understand your daily life. Later Set up now' normalized='want better insight into your daily life? set up the smartthings devices that you use to better understand your daily life. later set up now' changed=true differs_from_baseline=true source='row_snapshot' observed_at='' count=0
[ANN][trim] req_id=6b7e80d7 considered=false applied=false before='Want better insight into your daily life? Set up the SmartThings devices that you use to better understand your daily life. Later Set up now' after='Want better insight into your daily life? Set up the SmartThings devices that you use to better understand your daily life. Later Set up now' reject_reason='' reason='trim_stage_not_reached'
[ANN][stable] req_id=6b7e80d7 selected='Want better insight into your daily life? Set up the SmartThings devices that you use to better understand your daily life. Later Set up now' reason='result_row_snapshot' source='result_row'
[ANN][select] req_id=6b7e80d7 used_snapshot=true snapshot_reason='no_better_recent_poll_candidate' previous='' current='Want better insight into your daily life? Set up the SmartThings devices that you use to better understand your daily life. Later Set up now' final='Want better insight into your daily life? Set up the SmartThings devices that you use to better understand your daily life. Later Set up now'

[STEP_TRACE]
[STEP] START scenario='' tab='(?i).*life.*' step=4 req_id='6b7e80d7'
[STEP] END scenario='' tab='(?i).*life.*' step=4 req_id='6b7e80d7' move_result='failed'
[STOP][eval] scenario='' step=4 reason='move_failed'
[STEP][summary] req_id=6b7e80d7 tab='(?i).*life.*' step=4 move_result='failed' terminal=false no_progress=false

[SCROLL_TRACE]
[SCROLL] req_id=6b7e80d7 scroll_related_log_found=false move_result='failed' smart_result='' detail='' inferred_scroll=false inference_reason='no_scroll_signal_found'

[FOCUS_TRACE]
[FOCUS] req_id=6b7e80d7 get_focus_req_id='' response_success=false payload_source='inferred_from_step_end' payload_sufficient=false fallback_used=false fallback_found=false dump_attempted=false final_payload_source='' focus_reason='' missing_reason='no_direct_get_focus_trace_found'

[DECISION_TRACE]
baseline_empty=true
first_candidate_contaminated=true
trim_considered=false
trim_applied=false
stable_reason='result_row_snapshot'
used_snapshot=true
snapshot_reason='no_better_recent_poll_candidate'
scroll_evidence='weak'
focus_evidence='weak'
notes='final speech appears to come from snapshot candidate path'
