[ROW_CONTEXT]
scenario=
tab=(?i).*(home|devices|life|routines|menu).*
step=2
req_id=5ef6a312
visible=Life, Tab 3 of 5
speech=Life
final_result=FAIL
failure_reason=move_failed

review_note=이동/발화 결과 재검토 필요
noise=
move_result={'success': true, 'status': 'moved', 'detail': 'moved', 'raw': {'timestamp': 1775955448521, 'reqid': '8977931e', 'success': true, 'status': 'moved', 'detail': 'moved', 'flags': []}}
debug_source_row_found=false

[ANN_TRACE]
[ANN][baseline] req_id=5ef6a312 text='' source='source_row_missing' empty_reason='no_prev_step_row'
[ANN][poll] req_id=5ef6a312 idx=0 raw='Life' normalized='life' changed=true differs_from_baseline=true source='row_snapshot' observed_at='' count=0
[ANN][trim] req_id=5ef6a312 considered=false applied=false before='Life' after='Life' reject_reason='' reason='trim_stage_not_reached'
[ANN][stable] req_id=5ef6a312 selected='Life' reason='result_row_snapshot' source='result_row'
[ANN][select] req_id=5ef6a312 used_snapshot=true snapshot_reason='no_better_recent_poll_candidate' previous='' current='Life' final='Life'

[STEP_TRACE]
[09:57:34] [STEP] END tab='(?i).*(home|devices|life|routines|menu).*' step=2 elapsed=4.68s move_result='{'success': True, 'status': 'moved', 'detail': 'moved', 'raw': {'timestamp': 1775955448521, 'reqId': '8977931e', 'success': True, 'status': 'moved', 'detail': 'moved', 'flags': []}}' visible='Life, Tab 3 of 5' speech='Life' crop='output\talkback_compare_20260412_095642\crops\i_.__home_devices_life_routines_menu_._step_2_Life__Tab_3_of_5.png' timing(move=0.522s ann=3.065s get_focus=1.094s get_focus_fallback_dump=0.000s step_dump=0.000s crop=1.301s total=5.983s) focus_reason='' fallback_used=False fallback_found=False step_dump_used=False step_dump_reason='focus_payload_sufficient' req_id='5ef6a312'
[STEP][summary] req_id=5ef6a312 tab='(?i).*(home|devices|life|routines|menu).*' step=2 move_result='{'success': true, 'status': 'moved', 'detail': 'moved', 'raw': {'timestamp': 1775955448521, 'reqid': '8977931e', 'success': true, 'status': 'moved', 'detail': 'moved', 'flags': []}}' terminal=false no_progress=false

[SCROLL_TRACE]
[SCROLL] req_id=5ef6a312 scroll_related_log_found=false move_result='{'success': true, 'status': 'moved', 'detail': 'moved', 'raw': {'timestamp': 1775955448521, 'reqid': '8977931e', 'success': true, 'status': 'moved', 'detail': 'moved', 'flags': []}}' smart_result='' detail='' inferred_scroll=false inference_reason='no_scroll_signal_found'

[FOCUS_TRACE]
[09:57:34] [STEP] END tab='(?i).*(home|devices|life|routines|menu).*' step=2 elapsed=4.68s move_result='{'success': True, 'status': 'moved', 'detail': 'moved', 'raw': {'timestamp': 1775955448521, 'reqId': '8977931e', 'success': True, 'status': 'moved', 'detail': 'moved', 'flags': []}}' visible='Life, Tab 3 of 5' speech='Life' crop='output\talkback_compare_20260412_095642\crops\i_.__home_devices_life_routines_menu_._step_2_Life__Tab_3_of_5.png' timing(move=0.522s ann=3.065s get_focus=1.094s get_focus_fallback_dump=0.000s step_dump=0.000s crop=1.301s total=5.983s) focus_reason='' fallback_used=False fallback_found=False step_dump_used=False step_dump_reason='focus_payload_sufficient' req_id='5ef6a312'
[FOCUS] req_id=5ef6a312 get_focus_req_id='' response_success=false payload_source='' payload_sufficient=false fallback_used=false fallback_found=false dump_attempted=false final_payload_source='' focus_reason='' missing_reason=''

[DECISION_TRACE]
baseline_empty=true
first_candidate_contaminated=true
trim_considered=false
trim_applied=false
stable_reason='result_row_snapshot'
used_snapshot=true
snapshot_reason='no_better_recent_poll_candidate'
scroll_evidence='weak'
focus_evidence='strong'
notes='final speech appears to come from snapshot candidate path'
