[ROW_CONTEXT]
scenario=
tab=(?i).*life.*
step=1
req_id=6acc3bf6
visible=우리 집, Change location
speech=Battery 84 per cent.
final_result=FAIL
failure_reason=move_failed

review_note=이동/발화 결과 재검토 필요
noise=
move_result={'success': true, 'status': 'moved', 'detail': 'moved', 'raw': {'timestamp': 1775899362194, 'reqid': '1f03abc3', 'success': true, 'status': 'moved', 'detail': 'moved', 'flags': []}}
debug_source_row_found=false

[ANN_TRACE]
[ANN][baseline] req_id=6acc3bf6 text='' source='source_row_missing' empty_reason='no_prev_step_row'
[ANN][poll] req_id=6acc3bf6 idx=0 raw='Battery 84 per cent.' normalized='battery 84 per cent.' changed=true differs_from_baseline=true source='row_snapshot' observed_at='' count=0
[ANN][trim] req_id=6acc3bf6 considered=false applied=false before='Battery 84 per cent.' after='Battery 84 per cent.' reject_reason='' reason='trim_stage_not_reached'
[ANN][stable] req_id=6acc3bf6 selected='Battery 84 per cent.' reason='result_row_snapshot' source='result_row'
[ANN][select] req_id=6acc3bf6 used_snapshot=true snapshot_reason='no_better_recent_poll_candidate' previous='' current='Battery 84 per cent.' final='Battery 84 per cent.'

[STEP_TRACE]
[18:22:46] [STEP] END tab='(?i).*life.*' step=1 elapsed=4.96s move_result='{'success': True, 'status': 'moved', 'detail': 'moved', 'raw': {'timestamp': 1775899362194, 'reqId': '1f03abc3', 'success': True, 'status': 'moved', 'detail': 'moved', 'flags': []}}' visible='우리 집, Change location' speech='Battery 84 per cent.' crop='output\talkback_compare_20260411_182109\crops\i_._life._step_1_우리_집__Change_location.png' timing(move=0.890s ann=3.099s get_focus=0.969s get_focus_fallback_dump=0.000s step_dump=0.000s crop=0.907s total=5.865s) focus_reason='' fallback_used=False fallback_found=False step_dump_used=False step_dump_reason='focus_payload_sufficient' req_id='6acc3bf6'
[STEP][summary] req_id=6acc3bf6 tab='(?i).*life.*' step=1 move_result='{'success': true, 'status': 'moved', 'detail': 'moved', 'raw': {'timestamp': 1775899362194, 'reqid': '1f03abc3', 'success': true, 'status': 'moved', 'detail': 'moved', 'flags': []}}' terminal=false no_progress=false

[SCROLL_TRACE]
[SCROLL] req_id=6acc3bf6 scroll_related_log_found=false move_result='{'success': true, 'status': 'moved', 'detail': 'moved', 'raw': {'timestamp': 1775899362194, 'reqid': '1f03abc3', 'success': true, 'status': 'moved', 'detail': 'moved', 'flags': []}}' smart_result='' detail='' inferred_scroll=false inference_reason='no_scroll_signal_found'

[FOCUS_TRACE]
[18:22:46] [STEP] END tab='(?i).*life.*' step=1 elapsed=4.96s move_result='{'success': True, 'status': 'moved', 'detail': 'moved', 'raw': {'timestamp': 1775899362194, 'reqId': '1f03abc3', 'success': True, 'status': 'moved', 'detail': 'moved', 'flags': []}}' visible='우리 집, Change location' speech='Battery 84 per cent.' crop='output\talkback_compare_20260411_182109\crops\i_._life._step_1_우리_집__Change_location.png' timing(move=0.890s ann=3.099s get_focus=0.969s get_focus_fallback_dump=0.000s step_dump=0.000s crop=0.907s total=5.865s) focus_reason='' fallback_used=False fallback_found=False step_dump_used=False step_dump_reason='focus_payload_sufficient' req_id='6acc3bf6'
[FOCUS] req_id=6acc3bf6 get_focus_req_id='' response_success=false payload_source='' payload_sufficient=false fallback_used=false fallback_found=false dump_attempted=false final_payload_source='' focus_reason='' missing_reason=''

[DECISION_TRACE]
baseline_empty=true
first_candidate_contaminated=true
trim_considered=false
trim_applied=false
stable_reason='result_row_snapshot'
used_snapshot=true
snapshot_reason='no_better_recent_poll_candidate'
scroll_evidence='weak'
focus_evidence='strong'
notes='final speech appears to come from snapshot candidate path'
