[ROW_CONTEXT]
scenario=
tab=(?i).*life.*
step=28
req_id=5db5e4bd
visible=Device usage
speech=Device usage
final_result=FAIL
failure_reason=move_failed

review_note=이동/발화 결과 재검토 필요
noise=
move_result=failed
debug_source_row_found=false

[ANN_TRACE]
[ANN][baseline] req_id=5db5e4bd text='' source='source_row_missing' empty_reason='no_prev_step_row'
[ANN][poll] req_id=5db5e4bd idx=0 raw='Device usage' normalized='device usage' changed=true differs_from_baseline=true source='row_snapshot' observed_at='' count=0
[ANN][trim] req_id=5db5e4bd considered=false applied=false before='Device usage' after='Device usage' reject_reason='' reason='trim_stage_not_reached'
[ANN][stable] req_id=5db5e4bd selected='Device usage' reason='result_row_snapshot' source='result_row'
[ANN][select] req_id=5db5e4bd used_snapshot=true snapshot_reason='no_better_recent_poll_candidate' previous='' current='Device usage' final='Device usage'

[STEP_TRACE]
[STEP] START scenario='' tab='(?i).*life.*' step=28 req_id='5db5e4bd'
[STEP] END scenario='' tab='(?i).*life.*' step=28 req_id='5db5e4bd' move_result='failed'
[STOP][eval] scenario='' step=28 reason='move_failed'
[STEP][summary] req_id=5db5e4bd tab='(?i).*life.*' step=28 move_result='failed' terminal=false no_progress=false

[SCROLL_TRACE]
[SCROLL] req_id=5db5e4bd scroll_related_log_found=false move_result='failed' smart_result='' detail='' inferred_scroll=false inference_reason='no_scroll_signal_found'

[FOCUS_TRACE]
[FOCUS] req_id=5db5e4bd get_focus_req_id='' response_success=false payload_source='inferred_from_step_end' payload_sufficient=false fallback_used=false fallback_found=false dump_attempted=false final_payload_source='' focus_reason='' missing_reason='no_direct_get_focus_trace_found'

[DECISION_TRACE]
baseline_empty=true
first_candidate_contaminated=true
trim_considered=false
trim_applied=false
stable_reason='result_row_snapshot'
used_snapshot=true
snapshot_reason='no_better_recent_poll_candidate'
scroll_evidence='weak'
focus_evidence='weak'
notes='final speech appears to come from snapshot candidate path'
