[ROW_CONTEXT]
scenario=
tab=(?i).*life.*
step=35
req_id=080b664e
visible=Active now
speech=Active now
final_result=FAIL
failure_reason=move_failed

review_note=이동/발화 결과 재검토 필요
noise=
move_result=failed
debug_source_row_found=false

[ANN_TRACE]
[ANN][baseline] req_id=080b664e text='' source='source_row_missing' empty_reason='no_prev_step_row'
[ANN][poll] req_id=080b664e idx=0 raw='Active now' normalized='active now' changed=true differs_from_baseline=true source='row_snapshot' observed_at='' count=0
[ANN][trim] req_id=080b664e considered=false applied=false before='Active now' after='Active now' reject_reason='' reason='trim_stage_not_reached'
[ANN][stable] req_id=080b664e selected='Active now' reason='result_row_snapshot' source='result_row'
[ANN][select] req_id=080b664e used_snapshot=true snapshot_reason='no_better_recent_poll_candidate' previous='' current='Active now' final='Active now'

[STEP_TRACE]
[23:35:28] [STEP] END tab='(?i).*life.*' step=35 elapsed=5.50s move_result='' visible='Active now' speech='Active now' crop='output\talkback_compare_20260421_233130\crops\i_._life._step_35_LocationButton.png' timing(move=0.422s ann=3.917s get_focus=1.157s get_focus_fallback_dump=0.000s step_dump=0.000s crop=0.530s total=6.027s) focus_reason='' fallback_used=False fallback_found=False step_dump_used=False step_dump_reason='focus_payload_sufficient' req_id='080b664e'
[STEP][summary] req_id=080b664e tab='(?i).*life.*' step=35 move_result='failed' terminal=false no_progress=false

[SCROLL_TRACE]
[SCROLL] req_id=080b664e scroll_related_log_found=false move_result='failed' smart_result='' detail='' inferred_scroll=false inference_reason='no_scroll_signal_found'

[FOCUS_TRACE]
[23:35:28] [STEP] END tab='(?i).*life.*' step=35 elapsed=5.50s move_result='' visible='Active now' speech='Active now' crop='output\talkback_compare_20260421_233130\crops\i_._life._step_35_LocationButton.png' timing(move=0.422s ann=3.917s get_focus=1.157s get_focus_fallback_dump=0.000s step_dump=0.000s crop=0.530s total=6.027s) focus_reason='' fallback_used=False fallback_found=False step_dump_used=False step_dump_reason='focus_payload_sufficient' req_id='080b664e'
[FOCUS] req_id=080b664e get_focus_req_id='' response_success=false payload_source='' payload_sufficient=false fallback_used=false fallback_found=false dump_attempted=false final_payload_source='' focus_reason='' missing_reason=''

[DECISION_TRACE]
baseline_empty=true
first_candidate_contaminated=true
trim_considered=false
trim_applied=false
stable_reason='result_row_snapshot'
used_snapshot=true
snapshot_reason='no_better_recent_poll_candidate'
scroll_evidence='weak'
focus_evidence='strong'
notes='final speech appears to come from snapshot candidate path'
