[ROW_CONTEXT]
scenario=
tab=(?i).*(home|devices|life|routines|menu).*
step=1
req_id=c0f1d568
visible=Devices, Tab 2 of 5, New content available
speech=Devices
final_result=FAIL
failure_reason=move_failed

review_note=이동/발화 결과 재검토 필요
noise=
move_result={'success': true, 'status': 'moved', 'detail': 'moved', 'raw': {'timestamp': 1775955442703, 'reqid': '58eb849b', 'success': true, 'status': 'moved', 'detail': 'moved', 'flags': []}}
debug_source_row_found=false

[ANN_TRACE]
[ANN][baseline] req_id=c0f1d568 text='' source='source_row_missing' empty_reason='no_prev_step_row'
[ANN][poll] req_id=c0f1d568 idx=0 raw='Devices' normalized='devices' changed=true differs_from_baseline=true source='row_snapshot' observed_at='' count=0
[ANN][trim] req_id=c0f1d568 considered=false applied=false before='Devices' after='Devices' reject_reason='' reason='trim_stage_not_reached'
[ANN][stable] req_id=c0f1d568 selected='Devices' reason='result_row_snapshot' source='result_row'
[ANN][select] req_id=c0f1d568 used_snapshot=true snapshot_reason='no_better_recent_poll_candidate' previous='' current='Devices' final='Devices'

[STEP_TRACE]
[09:57:28] [STEP] END tab='(?i).*(home|devices|life|routines|menu).*' step=1 elapsed=5.12s move_result='{'success': True, 'status': 'moved', 'detail': 'moved', 'raw': {'timestamp': 1775955442703, 'reqId': '58eb849b', 'success': True, 'status': 'moved', 'detail': 'moved', 'flags': []}}' visible='Devices, Tab 2 of 5, New content available' speech='Devices' crop='output\talkback_compare_20260412_095642\crops\i_.__home_devices_life_routines_menu_._step_1_Devices__Tab_2_of_5__New_content_availab.png' timing(move=1.143s ann=2.766s get_focus=1.209s get_focus_fallback_dump=0.000s step_dump=0.000s crop=1.300s total=6.419s) focus_reason='' fallback_used=False fallback_found=False step_dump_used=False step_dump_reason='focus_payload_sufficient' req_id='c0f1d568'
[STEP][summary] req_id=c0f1d568 tab='(?i).*(home|devices|life|routines|menu).*' step=1 move_result='{'success': true, 'status': 'moved', 'detail': 'moved', 'raw': {'timestamp': 1775955442703, 'reqid': '58eb849b', 'success': true, 'status': 'moved', 'detail': 'moved', 'flags': []}}' terminal=false no_progress=false

[SCROLL_TRACE]
[SCROLL] req_id=c0f1d568 scroll_related_log_found=false move_result='{'success': true, 'status': 'moved', 'detail': 'moved', 'raw': {'timestamp': 1775955442703, 'reqid': '58eb849b', 'success': true, 'status': 'moved', 'detail': 'moved', 'flags': []}}' smart_result='' detail='' inferred_scroll=false inference_reason='no_scroll_signal_found'

[FOCUS_TRACE]
[09:57:28] [STEP] END tab='(?i).*(home|devices|life|routines|menu).*' step=1 elapsed=5.12s move_result='{'success': True, 'status': 'moved', 'detail': 'moved', 'raw': {'timestamp': 1775955442703, 'reqId': '58eb849b', 'success': True, 'status': 'moved', 'detail': 'moved', 'flags': []}}' visible='Devices, Tab 2 of 5, New content available' speech='Devices' crop='output\talkback_compare_20260412_095642\crops\i_.__home_devices_life_routines_menu_._step_1_Devices__Tab_2_of_5__New_content_availab.png' timing(move=1.143s ann=2.766s get_focus=1.209s get_focus_fallback_dump=0.000s step_dump=0.000s crop=1.300s total=6.419s) focus_reason='' fallback_used=False fallback_found=False step_dump_used=False step_dump_reason='focus_payload_sufficient' req_id='c0f1d568'
[FOCUS] req_id=c0f1d568 get_focus_req_id='' response_success=false payload_source='' payload_sufficient=false fallback_used=false fallback_found=false dump_attempted=false final_payload_source='' focus_reason='' missing_reason=''

[DECISION_TRACE]
baseline_empty=true
first_candidate_contaminated=true
trim_considered=false
trim_applied=false
stable_reason='result_row_snapshot'
used_snapshot=true
snapshot_reason='no_better_recent_poll_candidate'
scroll_evidence='weak'
focus_evidence='strong'
notes='final speech appears to come from snapshot candidate path'
