[ROW_CONTEXT]
scenario=
tab=(?i).*life.*
step=35
req_id=90f22054
visible=Next time
speech=Next time
final_result=FAIL
failure_reason=move_failed

review_note=이동/발화 결과 재검토 필요
noise=
move_result={'success': true, 'status': 'moved', 'detail': 'moved', 'raw': {'timestamp': 1775898506746, 'reqid': 'be4b016e', 'success': true, 'status': 'moved', 'detail': 'moved', 'flags': []}}
debug_source_row_found=false

[ANN_TRACE]
[ANN][baseline] req_id=90f22054 text='' source='source_row_missing' empty_reason='no_prev_step_row'
[ANN][poll] req_id=90f22054 idx=0 raw='Next time' normalized='next time' changed=true differs_from_baseline=true source='row_snapshot' observed_at='' count=0
[ANN][trim] req_id=90f22054 considered=false applied=false before='Next time' after='Next time' reject_reason='' reason='trim_stage_not_reached'
[ANN][stable] req_id=90f22054 selected='Next time' reason='result_row_snapshot' source='result_row'
[ANN][select] req_id=90f22054 used_snapshot=true snapshot_reason='no_better_recent_poll_candidate' previous='' current='Next time' final='Next time'

[STEP_TRACE]
[18:08:30] [STEP] END tab='(?i).*life.*' step=35 elapsed=4.46s move_result='{'success': True, 'status': 'moved', 'detail': 'moved', 'raw': {'timestamp': 1775898506746, 'reqId': 'be4b016e', 'success': True, 'status': 'moved', 'detail': 'moved', 'flags': []}}' visible='Next time' speech='Next time' crop='output\talkback_compare_20260411_180356\crops\i_._life._step_35_Next_time.png' timing(move=0.443s ann=3.032s get_focus=0.985s get_focus_fallback_dump=0.000s step_dump=0.000s crop=0.461s total=4.922s) focus_reason='' fallback_used=False fallback_found=False step_dump_used=False step_dump_reason='focus_payload_sufficient' req_id='90f22054'
[STEP][summary] req_id=90f22054 tab='(?i).*life.*' step=35 move_result='{'success': true, 'status': 'moved', 'detail': 'moved', 'raw': {'timestamp': 1775898506746, 'reqid': 'be4b016e', 'success': true, 'status': 'moved', 'detail': 'moved', 'flags': []}}' terminal=false no_progress=false

[SCROLL_TRACE]
[SCROLL] req_id=90f22054 scroll_related_log_found=false move_result='{'success': true, 'status': 'moved', 'detail': 'moved', 'raw': {'timestamp': 1775898506746, 'reqid': 'be4b016e', 'success': true, 'status': 'moved', 'detail': 'moved', 'flags': []}}' smart_result='' detail='' inferred_scroll=false inference_reason='no_scroll_signal_found'

[FOCUS_TRACE]
[18:08:30] [STEP] END tab='(?i).*life.*' step=35 elapsed=4.46s move_result='{'success': True, 'status': 'moved', 'detail': 'moved', 'raw': {'timestamp': 1775898506746, 'reqId': 'be4b016e', 'success': True, 'status': 'moved', 'detail': 'moved', 'flags': []}}' visible='Next time' speech='Next time' crop='output\talkback_compare_20260411_180356\crops\i_._life._step_35_Next_time.png' timing(move=0.443s ann=3.032s get_focus=0.985s get_focus_fallback_dump=0.000s step_dump=0.000s crop=0.461s total=4.922s) focus_reason='' fallback_used=False fallback_found=False step_dump_used=False step_dump_reason='focus_payload_sufficient' req_id='90f22054'
[FOCUS] req_id=90f22054 get_focus_req_id='' response_success=false payload_source='' payload_sufficient=false fallback_used=false fallback_found=false dump_attempted=false final_payload_source='' focus_reason='' missing_reason=''

[DECISION_TRACE]
baseline_empty=true
first_candidate_contaminated=true
trim_considered=false
trim_applied=false
stable_reason='result_row_snapshot'
used_snapshot=true
snapshot_reason='no_better_recent_poll_candidate'
scroll_evidence='weak'
focus_evidence='strong'
notes='final speech appears to come from snapshot candidate path'
