[ROW_CONTEXT]
scenario=
tab=(?i).*home.*
step=3
req_id=a5982cbf
visible=Add
speech=Add
final_result=FAIL
failure_reason=move_failed

review_note=이동/발화 결과 재검토 필요
noise=
move_result={'success': true, 'status': 'moved', 'detail': 'moved', 'raw': {'timestamp': 1775955515319, 'reqid': '7dd2685b', 'success': true, 'status': 'moved', 'detail': 'moved', 'flags': []}}
debug_source_row_found=false

[ANN_TRACE]
[ANN][baseline] req_id=a5982cbf text='' source='source_row_missing' empty_reason='no_prev_step_row'
[ANN][poll] req_id=a5982cbf idx=0 raw='Add' normalized='add' changed=true differs_from_baseline=true source='row_snapshot' observed_at='' count=0
[ANN][trim] req_id=a5982cbf considered=false applied=false before='Add' after='Add' reject_reason='' reason='trim_stage_not_reached'
[ANN][stable] req_id=a5982cbf selected='Add' reason='result_row_snapshot' source='result_row'
[ANN][select] req_id=a5982cbf used_snapshot=true snapshot_reason='no_better_recent_poll_candidate' previous='' current='Add' final='Add'

[STEP_TRACE]
[09:58:40] [STEP] END tab='(?i).*home.*' step=3 elapsed=4.67s move_result='{'success': True, 'status': 'moved', 'detail': 'moved', 'raw': {'timestamp': 1775955515319, 'reqId': '7dd2685b', 'success': True, 'status': 'moved', 'detail': 'moved', 'flags': []}}' visible='Add' speech='Add' crop='output\talkback_compare_20260412_095642\crops\i_._home._step_3_Add.png' timing(move=0.575s ann=2.917s get_focus=1.178s get_focus_fallback_dump=0.000s step_dump=0.000s crop=1.242s total=5.912s) focus_reason='' fallback_used=False fallback_found=False step_dump_used=False step_dump_reason='focus_payload_sufficient' req_id='a5982cbf'
[STEP][summary] req_id=a5982cbf tab='(?i).*home.*' step=3 move_result='{'success': true, 'status': 'moved', 'detail': 'moved', 'raw': {'timestamp': 1775955515319, 'reqid': '7dd2685b', 'success': true, 'status': 'moved', 'detail': 'moved', 'flags': []}}' terminal=false no_progress=false

[SCROLL_TRACE]
[SCROLL] req_id=a5982cbf scroll_related_log_found=false move_result='{'success': true, 'status': 'moved', 'detail': 'moved', 'raw': {'timestamp': 1775955515319, 'reqid': '7dd2685b', 'success': true, 'status': 'moved', 'detail': 'moved', 'flags': []}}' smart_result='' detail='' inferred_scroll=false inference_reason='no_scroll_signal_found'

[FOCUS_TRACE]
[09:58:40] [STEP] END tab='(?i).*home.*' step=3 elapsed=4.67s move_result='{'success': True, 'status': 'moved', 'detail': 'moved', 'raw': {'timestamp': 1775955515319, 'reqId': '7dd2685b', 'success': True, 'status': 'moved', 'detail': 'moved', 'flags': []}}' visible='Add' speech='Add' crop='output\talkback_compare_20260412_095642\crops\i_._home._step_3_Add.png' timing(move=0.575s ann=2.917s get_focus=1.178s get_focus_fallback_dump=0.000s step_dump=0.000s crop=1.242s total=5.912s) focus_reason='' fallback_used=False fallback_found=False step_dump_used=False step_dump_reason='focus_payload_sufficient' req_id='a5982cbf'
[FOCUS] req_id=a5982cbf get_focus_req_id='' response_success=false payload_source='' payload_sufficient=false fallback_used=false fallback_found=false dump_attempted=false final_payload_source='' focus_reason='' missing_reason=''

[DECISION_TRACE]
baseline_empty=true
first_candidate_contaminated=true
trim_considered=false
trim_applied=false
stable_reason='result_row_snapshot'
used_snapshot=true
snapshot_reason='no_better_recent_poll_candidate'
scroll_evidence='weak'
focus_evidence='strong'
notes='final speech appears to come from snapshot candidate path'
