[ROW_CONTEXT]
scenario=
tab=(?i).*life.*
step=5
req_id=a606640e
visible=Smoke
speech=Smoke
final_result=FAIL
failure_reason=move_failed

review_note=이동/발화 결과 재검토 필요
noise=
move_result={'success': true, 'status': 'moved', 'detail': 'moved', 'raw': {'timestamp': 1776035940013, 'reqid': 'fabf4ad0', 'success': true, 'status': 'moved', 'detail': 'moved', 'flags': []}}
debug_source_row_found=false

[ANN_TRACE]
[ANN][baseline] req_id=a606640e text='' source='source_row_missing' empty_reason='no_prev_step_row'
[ANN][poll] req_id=a606640e idx=0 raw='Smoke' normalized='smoke' changed=true differs_from_baseline=true source='row_snapshot' observed_at='' count=0
[ANN][trim] req_id=a606640e considered=false applied=false before='Smoke' after='Smoke' reject_reason='' reason='trim_stage_not_reached'
[ANN][stable] req_id=a606640e selected='Smoke' reason='result_row_snapshot' source='result_row'
[ANN][select] req_id=a606640e used_snapshot=true snapshot_reason='no_better_recent_poll_candidate' previous='' current='Smoke' final='Smoke'

[STEP_TRACE]
[08:19:04] [STEP] END tab='(?i).*life.*' step=5 elapsed=4.47s move_result='{'success': True, 'status': 'moved', 'detail': 'moved', 'raw': {'timestamp': 1776035940013, 'reqId': 'fabf4ad0', 'success': True, 'status': 'moved', 'detail': 'moved', 'flags': []}}' visible='Smoke' speech='Smoke' crop='output\talkback_compare_20260413_080941\crops\i_._life._step_5_Smoke.png' timing(move=0.431s ann=3.027s get_focus=1.012s get_focus_fallback_dump=0.000s step_dump=0.000s crop=0.873s total=5.342s) focus_reason='' fallback_used=False fallback_found=False step_dump_used=False step_dump_reason='focus_payload_sufficient' req_id='a606640e'
[STEP][summary] req_id=a606640e tab='(?i).*life.*' step=5 move_result='{'success': true, 'status': 'moved', 'detail': 'moved', 'raw': {'timestamp': 1776035940013, 'reqid': 'fabf4ad0', 'success': true, 'status': 'moved', 'detail': 'moved', 'flags': []}}' terminal=false no_progress=false

[SCROLL_TRACE]
[SCROLL] req_id=a606640e scroll_related_log_found=false move_result='{'success': true, 'status': 'moved', 'detail': 'moved', 'raw': {'timestamp': 1776035940013, 'reqid': 'fabf4ad0', 'success': true, 'status': 'moved', 'detail': 'moved', 'flags': []}}' smart_result='' detail='' inferred_scroll=false inference_reason='no_scroll_signal_found'

[FOCUS_TRACE]
[08:19:04] [STEP] END tab='(?i).*life.*' step=5 elapsed=4.47s move_result='{'success': True, 'status': 'moved', 'detail': 'moved', 'raw': {'timestamp': 1776035940013, 'reqId': 'fabf4ad0', 'success': True, 'status': 'moved', 'detail': 'moved', 'flags': []}}' visible='Smoke' speech='Smoke' crop='output\talkback_compare_20260413_080941\crops\i_._life._step_5_Smoke.png' timing(move=0.431s ann=3.027s get_focus=1.012s get_focus_fallback_dump=0.000s step_dump=0.000s crop=0.873s total=5.342s) focus_reason='' fallback_used=False fallback_found=False step_dump_used=False step_dump_reason='focus_payload_sufficient' req_id='a606640e'
[FOCUS] req_id=a606640e get_focus_req_id='' response_success=false payload_source='' payload_sufficient=false fallback_used=false fallback_found=false dump_attempted=false final_payload_source='' focus_reason='' missing_reason=''

[DECISION_TRACE]
baseline_empty=true
first_candidate_contaminated=true
trim_considered=false
trim_applied=false
stable_reason='result_row_snapshot'
used_snapshot=true
snapshot_reason='no_better_recent_poll_candidate'
scroll_evidence='weak'
focus_evidence='strong'
notes='final speech appears to come from snapshot candidate path'
