[ROW_CONTEXT]
scenario=
tab=(?i).*life.*
step=8
req_id=8e9d175d
visible=Outdoor air quality (fine dust)
speech=Outdoor air quality (fine dust)
final_result=FAIL
failure_reason=move_failed

review_note=이동/발화 결과 재검토 필요
noise=
move_result={'success': true, 'status': 'moved', 'detail': 'moved', 'raw': {'timestamp': 1775923063730, 'reqid': '6fe92e2f', 'success': true, 'status': 'moved', 'detail': 'moved', 'flags': []}}
debug_source_row_found=false

[ANN_TRACE]
[ANN][baseline] req_id=8e9d175d text='' source='source_row_missing' empty_reason='no_prev_step_row'
[ANN][poll] req_id=8e9d175d idx=0 raw='Outdoor air quality (fine dust)' normalized='outdoor air quality (fine dust)' changed=true differs_from_baseline=true source='row_snapshot' observed_at='' count=0
[ANN][trim] req_id=8e9d175d considered=false applied=false before='Outdoor air quality (fine dust)' after='Outdoor air quality (fine dust)' reject_reason='' reason='trim_stage_not_reached'
[ANN][stable] req_id=8e9d175d selected='Outdoor air quality (fine dust)' reason='result_row_snapshot' source='result_row'
[ANN][select] req_id=8e9d175d used_snapshot=true snapshot_reason='no_better_recent_poll_candidate' previous='' current='Outdoor air quality (fine dust)' final='Outdoor air quality (fine dust)'

[STEP_TRACE]
[00:57:47] [STEP] END tab='(?i).*life.*' step=8 elapsed=4.50s move_result='{'success': True, 'status': 'moved', 'detail': 'moved', 'raw': {'timestamp': 1775923063730, 'reqId': '6fe92e2f', 'success': True, 'status': 'moved', 'detail': 'moved', 'flags': []}}' visible='Outdoor air quality (fine dust)' speech='Outdoor air quality (fine dust)' crop='output\talkback_compare_20260412_005533\crops\i_._life._step_8_Outdoor_air_quality__fine_dust.png' timing(move=0.439s ann=3.060s get_focus=0.999s get_focus_fallback_dump=0.000s step_dump=0.000s crop=0.483s total=4.982s) focus_reason='' fallback_used=False fallback_found=False step_dump_used=False step_dump_reason='focus_payload_sufficient' req_id='8e9d175d'
[STEP][summary] req_id=8e9d175d tab='(?i).*life.*' step=8 move_result='{'success': true, 'status': 'moved', 'detail': 'moved', 'raw': {'timestamp': 1775923063730, 'reqid': '6fe92e2f', 'success': true, 'status': 'moved', 'detail': 'moved', 'flags': []}}' terminal=false no_progress=false

[SCROLL_TRACE]
[SCROLL] req_id=8e9d175d scroll_related_log_found=false move_result='{'success': true, 'status': 'moved', 'detail': 'moved', 'raw': {'timestamp': 1775923063730, 'reqid': '6fe92e2f', 'success': true, 'status': 'moved', 'detail': 'moved', 'flags': []}}' smart_result='' detail='' inferred_scroll=false inference_reason='no_scroll_signal_found'

[FOCUS_TRACE]
[00:57:47] [STEP] END tab='(?i).*life.*' step=8 elapsed=4.50s move_result='{'success': True, 'status': 'moved', 'detail': 'moved', 'raw': {'timestamp': 1775923063730, 'reqId': '6fe92e2f', 'success': True, 'status': 'moved', 'detail': 'moved', 'flags': []}}' visible='Outdoor air quality (fine dust)' speech='Outdoor air quality (fine dust)' crop='output\talkback_compare_20260412_005533\crops\i_._life._step_8_Outdoor_air_quality__fine_dust.png' timing(move=0.439s ann=3.060s get_focus=0.999s get_focus_fallback_dump=0.000s step_dump=0.000s crop=0.483s total=4.982s) focus_reason='' fallback_used=False fallback_found=False step_dump_used=False step_dump_reason='focus_payload_sufficient' req_id='8e9d175d'
[FOCUS] req_id=8e9d175d get_focus_req_id='' response_success=false payload_source='' payload_sufficient=false fallback_used=false fallback_found=false dump_attempted=false final_payload_source='' focus_reason='' missing_reason=''

[DECISION_TRACE]
baseline_empty=true
first_candidate_contaminated=true
trim_considered=false
trim_applied=false
stable_reason='result_row_snapshot'
used_snapshot=true
snapshot_reason='no_better_recent_poll_candidate'
scroll_evidence='weak'
focus_evidence='strong'
notes='final speech appears to come from snapshot candidate path'
