[ROW_CONTEXT]
scenario=
tab=(?i).*life.*
step=7
req_id=9a5fd523
visible=Set geolocation
speech=Set geolocation
final_result=FAIL
failure_reason=move_failed

review_note=이동/발화 결과 재검토 필요
noise=
move_result={'success': true, 'status': 'moved', 'detail': 'moved', 'raw': {'timestamp': 1775898364936, 'reqid': '95130aa7', 'success': true, 'status': 'moved', 'detail': 'moved', 'flags': []}}
debug_source_row_found=false

[ANN_TRACE]
[ANN][baseline] req_id=9a5fd523 text='' source='source_row_missing' empty_reason='no_prev_step_row'
[ANN][poll] req_id=9a5fd523 idx=0 raw='Set geolocation' normalized='set geolocation' changed=true differs_from_baseline=true source='row_snapshot' observed_at='' count=0
[ANN][trim] req_id=9a5fd523 considered=false applied=false before='Set geolocation' after='Set geolocation' reject_reason='' reason='trim_stage_not_reached'
[ANN][stable] req_id=9a5fd523 selected='Set geolocation' reason='result_row_snapshot' source='result_row'
[ANN][select] req_id=9a5fd523 used_snapshot=true snapshot_reason='no_better_recent_poll_candidate' previous='' current='Set geolocation' final='Set geolocation'

[STEP_TRACE]
[18:06:09] [STEP] END tab='(?i).*life.*' step=7 elapsed=4.54s move_result='{'success': True, 'status': 'moved', 'detail': 'moved', 'raw': {'timestamp': 1775898364936, 'reqId': '95130aa7', 'success': True, 'status': 'moved', 'detail': 'moved', 'flags': []}}' visible='Set geolocation' speech='Set geolocation' crop='output\talkback_compare_20260411_180356\crops\i_._life._step_7_Set_geolocation.png' timing(move=0.493s ann=3.061s get_focus=0.991s get_focus_fallback_dump=0.000s step_dump=0.000s crop=0.474s total=5.019s) focus_reason='' fallback_used=False fallback_found=False step_dump_used=False step_dump_reason='focus_payload_sufficient' req_id='9a5fd523'
[STEP][summary] req_id=9a5fd523 tab='(?i).*life.*' step=7 move_result='{'success': true, 'status': 'moved', 'detail': 'moved', 'raw': {'timestamp': 1775898364936, 'reqid': '95130aa7', 'success': true, 'status': 'moved', 'detail': 'moved', 'flags': []}}' terminal=false no_progress=false

[SCROLL_TRACE]
[SCROLL] req_id=9a5fd523 scroll_related_log_found=false move_result='{'success': true, 'status': 'moved', 'detail': 'moved', 'raw': {'timestamp': 1775898364936, 'reqid': '95130aa7', 'success': true, 'status': 'moved', 'detail': 'moved', 'flags': []}}' smart_result='' detail='' inferred_scroll=false inference_reason='no_scroll_signal_found'

[FOCUS_TRACE]
[18:06:09] [STEP] END tab='(?i).*life.*' step=7 elapsed=4.54s move_result='{'success': True, 'status': 'moved', 'detail': 'moved', 'raw': {'timestamp': 1775898364936, 'reqId': '95130aa7', 'success': True, 'status': 'moved', 'detail': 'moved', 'flags': []}}' visible='Set geolocation' speech='Set geolocation' crop='output\talkback_compare_20260411_180356\crops\i_._life._step_7_Set_geolocation.png' timing(move=0.493s ann=3.061s get_focus=0.991s get_focus_fallback_dump=0.000s step_dump=0.000s crop=0.474s total=5.019s) focus_reason='' fallback_used=False fallback_found=False step_dump_used=False step_dump_reason='focus_payload_sufficient' req_id='9a5fd523'
[FOCUS] req_id=9a5fd523 get_focus_req_id='' response_success=false payload_source='' payload_sufficient=false fallback_used=false fallback_found=false dump_attempted=false final_payload_source='' focus_reason='' missing_reason=''

[DECISION_TRACE]
baseline_empty=true
first_candidate_contaminated=true
trim_considered=false
trim_applied=false
stable_reason='result_row_snapshot'
used_snapshot=true
snapshot_reason='no_better_recent_poll_candidate'
scroll_evidence='weak'
focus_evidence='strong'
notes='final speech appears to come from snapshot candidate path'
