[ROW_CONTEXT]
scenario=
tab=(?i).*life.*
step=9
req_id=b536a5a5
visible=0
speech=0
final_result=FAIL
failure_reason=move_failed

review_note=이동/발화 결과 재검토 필요
noise=
move_result={'success': true, 'status': 'moved', 'detail': 'moved', 'raw': {'timestamp': 1775899404592, 'reqid': 'ed740fdc', 'success': true, 'status': 'moved', 'detail': 'moved', 'flags': []}}
debug_source_row_found=false

[ANN_TRACE]
[ANN][baseline] req_id=b536a5a5 text='' source='source_row_missing' empty_reason='no_prev_step_row'
[ANN][poll] req_id=b536a5a5 idx=0 raw='0' normalized='0' changed=true differs_from_baseline=true source='row_snapshot' observed_at='' count=0
[ANN][trim] req_id=b536a5a5 considered=false applied=false before='0' after='0' reject_reason='' reason='trim_stage_not_reached'
[ANN][stable] req_id=b536a5a5 selected='0' reason='result_row_snapshot' source='result_row'
[ANN][select] req_id=b536a5a5 used_snapshot=true snapshot_reason='no_better_recent_poll_candidate' previous='' current='0' final='0'

[STEP_TRACE]
[18:23:29] [STEP] END tab='(?i).*life.*' step=9 elapsed=4.46s move_result='{'success': True, 'status': 'moved', 'detail': 'moved', 'raw': {'timestamp': 1775899404592, 'reqId': 'ed740fdc', 'success': True, 'status': 'moved', 'detail': 'moved', 'flags': []}}' visible='0' speech='0' crop='output\talkback_compare_20260411_182109\crops\i_._life._step_9_0.png' timing(move=0.427s ann=3.053s get_focus=0.983s get_focus_fallback_dump=0.000s step_dump=0.000s crop=0.887s total=5.351s) focus_reason='' fallback_used=False fallback_found=False step_dump_used=False step_dump_reason='focus_payload_sufficient' req_id='b536a5a5'
[STEP][summary] req_id=b536a5a5 tab='(?i).*life.*' step=9 move_result='{'success': true, 'status': 'moved', 'detail': 'moved', 'raw': {'timestamp': 1775899404592, 'reqid': 'ed740fdc', 'success': true, 'status': 'moved', 'detail': 'moved', 'flags': []}}' terminal=false no_progress=false

[SCROLL_TRACE]
[SCROLL] req_id=b536a5a5 scroll_related_log_found=false move_result='{'success': true, 'status': 'moved', 'detail': 'moved', 'raw': {'timestamp': 1775899404592, 'reqid': 'ed740fdc', 'success': true, 'status': 'moved', 'detail': 'moved', 'flags': []}}' smart_result='' detail='' inferred_scroll=false inference_reason='no_scroll_signal_found'

[FOCUS_TRACE]
[18:23:29] [STEP] END tab='(?i).*life.*' step=9 elapsed=4.46s move_result='{'success': True, 'status': 'moved', 'detail': 'moved', 'raw': {'timestamp': 1775899404592, 'reqId': 'ed740fdc', 'success': True, 'status': 'moved', 'detail': 'moved', 'flags': []}}' visible='0' speech='0' crop='output\talkback_compare_20260411_182109\crops\i_._life._step_9_0.png' timing(move=0.427s ann=3.053s get_focus=0.983s get_focus_fallback_dump=0.000s step_dump=0.000s crop=0.887s total=5.351s) focus_reason='' fallback_used=False fallback_found=False step_dump_used=False step_dump_reason='focus_payload_sufficient' req_id='b536a5a5'
[FOCUS] req_id=b536a5a5 get_focus_req_id='' response_success=false payload_source='' payload_sufficient=false fallback_used=false fallback_found=false dump_attempted=false final_payload_source='' focus_reason='' missing_reason=''

[DECISION_TRACE]
baseline_empty=true
first_candidate_contaminated=true
trim_considered=false
trim_applied=false
stable_reason='result_row_snapshot'
used_snapshot=true
snapshot_reason='no_better_recent_poll_candidate'
scroll_evidence='weak'
focus_evidence='strong'
notes='final speech appears to come from snapshot candidate path'
