[ROW_CONTEXT]
scenario=
tab=(?i).*life.*
step=41
req_id=07ede1d0
visible=Activity will be measured again after 4:00 AM.
speech=Activity will be measured again after 4:00 AM.
final_result=FAIL
failure_reason=move_failed

review_note=이동/발화 결과 재검토 필요
noise=
move_result=failed
debug_source_row_found=false

[ANN_TRACE]
[ANN][baseline] req_id=07ede1d0 text='' source='source_row_missing' empty_reason='no_prev_step_row'
[ANN][poll] req_id=07ede1d0 idx=0 raw='Activity will be measured again after 4:00 AM.' normalized='activity will be measured again after 4:00 am.' changed=true differs_from_baseline=true source='row_snapshot' observed_at='' count=0
[ANN][trim] req_id=07ede1d0 considered=false applied=false before='Activity will be measured again after 4:00 AM.' after='Activity will be measured again after 4:00 AM.' reject_reason='' reason='trim_stage_not_reached'
[ANN][stable] req_id=07ede1d0 selected='Activity will be measured again after 4:00 AM.' reason='result_row_snapshot' source='result_row'
[ANN][select] req_id=07ede1d0 used_snapshot=true snapshot_reason='no_better_recent_poll_candidate' previous='' current='Activity will be measured again after 4:00 AM.' final='Activity will be measured again after 4:00 AM.'

[STEP_TRACE]
[00:43:55] [STEP] END tab='(?i).*life.*' step=41 elapsed=5.59s move_result='' visible='Activity will be measured again after 4:00 AM.' speech='Activity will be measured again after 4:00 AM.' crop='output\talkback_compare_20260422_003914\crops\i_._life._step_41_LocationButton.png' timing(move=0.442s ann=4.059s get_focus=1.085s get_focus_fallback_dump=0.000s step_dump=0.000s crop=0.522s total=6.108s) focus_reason='' fallback_used=False fallback_found=False step_dump_used=False step_dump_reason='focus_payload_sufficient' req_id='07ede1d0'
[STEP][summary] req_id=07ede1d0 tab='(?i).*life.*' step=41 move_result='failed' terminal=false no_progress=false

[SCROLL_TRACE]
[SCROLL] req_id=07ede1d0 scroll_related_log_found=false move_result='failed' smart_result='' detail='' inferred_scroll=false inference_reason='no_scroll_signal_found'

[FOCUS_TRACE]
[00:43:55] [STEP] END tab='(?i).*life.*' step=41 elapsed=5.59s move_result='' visible='Activity will be measured again after 4:00 AM.' speech='Activity will be measured again after 4:00 AM.' crop='output\talkback_compare_20260422_003914\crops\i_._life._step_41_LocationButton.png' timing(move=0.442s ann=4.059s get_focus=1.085s get_focus_fallback_dump=0.000s step_dump=0.000s crop=0.522s total=6.108s) focus_reason='' fallback_used=False fallback_found=False step_dump_used=False step_dump_reason='focus_payload_sufficient' req_id='07ede1d0'
[FOCUS] req_id=07ede1d0 get_focus_req_id='' response_success=false payload_source='' payload_sufficient=false fallback_used=false fallback_found=false dump_attempted=false final_payload_source='' focus_reason='' missing_reason=''

[DECISION_TRACE]
baseline_empty=true
first_candidate_contaminated=true
trim_considered=false
trim_applied=false
stable_reason='result_row_snapshot'
used_snapshot=true
snapshot_reason='no_better_recent_poll_candidate'
scroll_evidence='weak'
focus_evidence='strong'
notes='final speech appears to come from snapshot candidate path'
