[ROW_CONTEXT]
scenario=
tab=(?i).*life.*
step=1
req_id=0a3e145d
visible=Add an appliance to start measuring energy usage.
speech=Add an appliance to start measuring energy usage.
final_result=FAIL
failure_reason=move_failed

review_note=이동/발화 결과 재검토 필요
noise=
move_result={'success': true, 'status': 'moved', 'detail': 'moved', 'raw': {'timestamp': 1775988438498, 'reqid': '42302e04', 'success': true, 'status': 'moved', 'detail': 'moved', 'flags': []}}
debug_source_row_found=false

[ANN_TRACE]
[ANN][baseline] req_id=0a3e145d text='' source='source_row_missing' empty_reason='no_prev_step_row'
[ANN][poll] req_id=0a3e145d idx=0 raw='Add an appliance to start measuring energy usage.' normalized='add an appliance to start measuring energy usage.' changed=true differs_from_baseline=true source='row_snapshot' observed_at='' count=0
[ANN][trim] req_id=0a3e145d considered=false applied=false before='Add an appliance to start measuring energy usage.' after='Add an appliance to start measuring energy usage.' reject_reason='' reason='trim_stage_not_reached'
[ANN][stable] req_id=0a3e145d selected='Add an appliance to start measuring energy usage.' reason='result_row_snapshot' source='result_row'
[ANN][select] req_id=0a3e145d used_snapshot=true snapshot_reason='no_better_recent_poll_candidate' previous='' current='Add an appliance to start measuring energy usage.' final='Add an appliance to start measuring energy usage.'

[STEP_TRACE]
[19:07:22] [STEP] END tab='(?i).*life.*' step=1 elapsed=5.31s move_result='{'success': True, 'status': 'moved', 'detail': 'moved', 'raw': {'timestamp': 1775988438498, 'reqId': '42302e04', 'success': True, 'status': 'moved', 'detail': 'moved', 'flags': []}}' visible='Add an appliance to start measuring energy usage.' speech='Add an appliance to start measuring energy usage.' crop='output\talkback_compare_20260412_185945\crops\i_._life._step_1_Add_an_appliance_to_start_measuring_ener.png' timing(move=1.637s ann=2.679s get_focus=0.993s get_focus_fallback_dump=0.000s step_dump=0.000s crop=0.984s total=6.293s) focus_reason='' fallback_used=False fallback_found=False step_dump_used=False step_dump_reason='focus_payload_sufficient' req_id='0a3e145d'
[STEP][summary] req_id=0a3e145d tab='(?i).*life.*' step=1 move_result='{'success': true, 'status': 'moved', 'detail': 'moved', 'raw': {'timestamp': 1775988438498, 'reqid': '42302e04', 'success': true, 'status': 'moved', 'detail': 'moved', 'flags': []}}' terminal=false no_progress=false

[SCROLL_TRACE]
[SCROLL] req_id=0a3e145d scroll_related_log_found=false move_result='{'success': true, 'status': 'moved', 'detail': 'moved', 'raw': {'timestamp': 1775988438498, 'reqid': '42302e04', 'success': true, 'status': 'moved', 'detail': 'moved', 'flags': []}}' smart_result='' detail='' inferred_scroll=false inference_reason='no_scroll_signal_found'

[FOCUS_TRACE]
[19:07:22] [STEP] END tab='(?i).*life.*' step=1 elapsed=5.31s move_result='{'success': True, 'status': 'moved', 'detail': 'moved', 'raw': {'timestamp': 1775988438498, 'reqId': '42302e04', 'success': True, 'status': 'moved', 'detail': 'moved', 'flags': []}}' visible='Add an appliance to start measuring energy usage.' speech='Add an appliance to start measuring energy usage.' crop='output\talkback_compare_20260412_185945\crops\i_._life._step_1_Add_an_appliance_to_start_measuring_ener.png' timing(move=1.637s ann=2.679s get_focus=0.993s get_focus_fallback_dump=0.000s step_dump=0.000s crop=0.984s total=6.293s) focus_reason='' fallback_used=False fallback_found=False step_dump_used=False step_dump_reason='focus_payload_sufficient' req_id='0a3e145d'
[FOCUS] req_id=0a3e145d get_focus_req_id='' response_success=false payload_source='' payload_sufficient=false fallback_used=false fallback_found=false dump_attempted=false final_payload_source='' focus_reason='' missing_reason=''

[DECISION_TRACE]
baseline_empty=true
first_candidate_contaminated=true
trim_considered=false
trim_applied=false
stable_reason='result_row_snapshot'
used_snapshot=true
snapshot_reason='no_better_recent_poll_candidate'
scroll_evidence='weak'
focus_evidence='strong'
notes='final speech appears to come from snapshot candidate path'
