[ROW_CONTEXT]
scenario=
tab=(?i).*life.*
step=10
req_id=8a084728
visible=Carbon emissions aware Information
speech=Carbon emissions aware Information
final_result=FAIL
failure_reason=move_failed

review_note=이동/발화 결과 재검토 필요
noise=
move_result={'success': true, 'status': 'moved', 'detail': 'moved', 'raw': {'timestamp': 1775954281754, 'reqid': 'f2da071a', 'success': true, 'status': 'moved', 'detail': 'moved', 'flags': []}}
debug_source_row_found=false

[ANN_TRACE]
[ANN][baseline] req_id=8a084728 text='' source='source_row_missing' empty_reason='no_prev_step_row'
[ANN][poll] req_id=8a084728 idx=0 raw='Carbon emissions aware Information' normalized='carbon emissions aware information' changed=true differs_from_baseline=true source='row_snapshot' observed_at='' count=0
[ANN][trim] req_id=8a084728 considered=false applied=false before='Carbon emissions aware Information' after='Carbon emissions aware Information' reject_reason='' reason='trim_stage_not_reached'
[ANN][stable] req_id=8a084728 selected='Carbon emissions aware Information' reason='result_row_snapshot' source='result_row'
[ANN][select] req_id=8a084728 used_snapshot=true snapshot_reason='no_better_recent_poll_candidate' previous='' current='Carbon emissions aware Information' final='Carbon emissions aware Information'

[STEP_TRACE]
[09:38:06] [STEP] END tab='(?i).*life.*' step=10 elapsed=4.66s move_result='{'success': True, 'status': 'moved', 'detail': 'moved', 'raw': {'timestamp': 1775954281754, 'reqId': 'f2da071a', 'success': True, 'status': 'moved', 'detail': 'moved', 'flags': []}}' visible='Carbon emissions aware Information' speech='Carbon emissions aware Information' crop='output\talkback_compare_20260412_093047\crops\i_._life._step_10_Carbon_emissions_aware_Information.png' timing(move=0.524s ann=3.019s get_focus=1.116s get_focus_fallback_dump=0.000s step_dump=0.000s crop=0.532s total=5.192s) focus_reason='' fallback_used=False fallback_found=False step_dump_used=False step_dump_reason='focus_payload_sufficient' req_id='8a084728'
[STEP][summary] req_id=8a084728 tab='(?i).*life.*' step=10 move_result='{'success': true, 'status': 'moved', 'detail': 'moved', 'raw': {'timestamp': 1775954281754, 'reqid': 'f2da071a', 'success': true, 'status': 'moved', 'detail': 'moved', 'flags': []}}' terminal=false no_progress=false

[SCROLL_TRACE]
[SCROLL] req_id=8a084728 scroll_related_log_found=false move_result='{'success': true, 'status': 'moved', 'detail': 'moved', 'raw': {'timestamp': 1775954281754, 'reqid': 'f2da071a', 'success': true, 'status': 'moved', 'detail': 'moved', 'flags': []}}' smart_result='' detail='' inferred_scroll=false inference_reason='no_scroll_signal_found'

[FOCUS_TRACE]
[09:38:06] [STEP] END tab='(?i).*life.*' step=10 elapsed=4.66s move_result='{'success': True, 'status': 'moved', 'detail': 'moved', 'raw': {'timestamp': 1775954281754, 'reqId': 'f2da071a', 'success': True, 'status': 'moved', 'detail': 'moved', 'flags': []}}' visible='Carbon emissions aware Information' speech='Carbon emissions aware Information' crop='output\talkback_compare_20260412_093047\crops\i_._life._step_10_Carbon_emissions_aware_Information.png' timing(move=0.524s ann=3.019s get_focus=1.116s get_focus_fallback_dump=0.000s step_dump=0.000s crop=0.532s total=5.192s) focus_reason='' fallback_used=False fallback_found=False step_dump_used=False step_dump_reason='focus_payload_sufficient' req_id='8a084728'
[FOCUS] req_id=8a084728 get_focus_req_id='' response_success=false payload_source='' payload_sufficient=false fallback_used=false fallback_found=false dump_attempted=false final_payload_source='' focus_reason='' missing_reason=''

[DECISION_TRACE]
baseline_empty=true
first_candidate_contaminated=true
trim_considered=false
trim_applied=false
stable_reason='result_row_snapshot'
used_snapshot=true
snapshot_reason='no_better_recent_poll_candidate'
scroll_evidence='weak'
focus_evidence='strong'
notes='final speech appears to come from snapshot candidate path'
