[ROW_CONTEXT]
scenario=
tab=(?i).*life.*
step=12
req_id=c3c6276a
visible=Next time
speech=Next time
final_result=FAIL
failure_reason=move_failed

review_note=이동/발화 결과 재검토 필요
noise=
move_result={'success': true, 'status': 'moved', 'detail': 'moved', 'raw': {'timestamp': 1775898390172, 'reqid': '3a3e2541', 'success': true, 'status': 'moved', 'detail': 'moved', 'flags': []}}
debug_source_row_found=false

[ANN_TRACE]
[ANN][baseline] req_id=c3c6276a text='' source='source_row_missing' empty_reason='no_prev_step_row'
[ANN][poll] req_id=c3c6276a idx=0 raw='Next time' normalized='next time' changed=true differs_from_baseline=true source='row_snapshot' observed_at='' count=0
[ANN][trim] req_id=c3c6276a considered=false applied=false before='Next time' after='Next time' reject_reason='' reason='trim_stage_not_reached'
[ANN][stable] req_id=c3c6276a selected='Next time' reason='result_row_snapshot' source='result_row'
[ANN][select] req_id=c3c6276a used_snapshot=true snapshot_reason='no_better_recent_poll_candidate' previous='' current='Next time' final='Next time'

[STEP_TRACE]
[18:06:34] [STEP] END tab='(?i).*life.*' step=12 elapsed=4.55s move_result='{'success': True, 'status': 'moved', 'detail': 'moved', 'raw': {'timestamp': 1775898390172, 'reqId': '3a3e2541', 'success': True, 'status': 'moved', 'detail': 'moved', 'flags': []}}' visible='Next time' speech='Next time' crop='output\talkback_compare_20260411_180356\crops\i_._life._step_12_Next_time.png' timing(move=0.465s ann=3.051s get_focus=1.029s get_focus_fallback_dump=0.000s step_dump=0.000s crop=0.523s total=5.070s) focus_reason='' fallback_used=False fallback_found=False step_dump_used=False step_dump_reason='focus_payload_sufficient' req_id='c3c6276a'
[STEP][summary] req_id=c3c6276a tab='(?i).*life.*' step=12 move_result='{'success': true, 'status': 'moved', 'detail': 'moved', 'raw': {'timestamp': 1775898390172, 'reqid': '3a3e2541', 'success': true, 'status': 'moved', 'detail': 'moved', 'flags': []}}' terminal=false no_progress=false

[SCROLL_TRACE]
[SCROLL] req_id=c3c6276a scroll_related_log_found=false move_result='{'success': true, 'status': 'moved', 'detail': 'moved', 'raw': {'timestamp': 1775898390172, 'reqid': '3a3e2541', 'success': true, 'status': 'moved', 'detail': 'moved', 'flags': []}}' smart_result='' detail='' inferred_scroll=false inference_reason='no_scroll_signal_found'

[FOCUS_TRACE]
[18:06:34] [STEP] END tab='(?i).*life.*' step=12 elapsed=4.55s move_result='{'success': True, 'status': 'moved', 'detail': 'moved', 'raw': {'timestamp': 1775898390172, 'reqId': '3a3e2541', 'success': True, 'status': 'moved', 'detail': 'moved', 'flags': []}}' visible='Next time' speech='Next time' crop='output\talkback_compare_20260411_180356\crops\i_._life._step_12_Next_time.png' timing(move=0.465s ann=3.051s get_focus=1.029s get_focus_fallback_dump=0.000s step_dump=0.000s crop=0.523s total=5.070s) focus_reason='' fallback_used=False fallback_found=False step_dump_used=False step_dump_reason='focus_payload_sufficient' req_id='c3c6276a'
[FOCUS] req_id=c3c6276a get_focus_req_id='' response_success=false payload_source='' payload_sufficient=false fallback_used=false fallback_found=false dump_attempted=false final_payload_source='' focus_reason='' missing_reason=''

[DECISION_TRACE]
baseline_empty=true
first_candidate_contaminated=true
trim_considered=false
trim_applied=false
stable_reason='result_row_snapshot'
used_snapshot=true
snapshot_reason='no_better_recent_poll_candidate'
scroll_evidence='weak'
focus_evidence='strong'
notes='final speech appears to come from snapshot candidate path'
