[ROW_CONTEXT]
scenario=
tab=(?i).*life.*
step=3
req_id=c31dd233
visible=Labs
speech=Labs
final_result=FAIL
failure_reason=move_failed

review_note=이동/발화 결과 재검토 필요
noise=
move_result={'success': true, 'status': 'moved', 'detail': 'moved', 'raw': {'timestamp': 1775988450194, 'reqid': '3c20c19e', 'success': true, 'status': 'moved', 'detail': 'moved', 'flags': []}}
debug_source_row_found=false

[ANN_TRACE]
[ANN][baseline] req_id=c31dd233 text='' source='source_row_missing' empty_reason='no_prev_step_row'
[ANN][poll] req_id=c31dd233 idx=0 raw='Labs' normalized='labs' changed=true differs_from_baseline=true source='row_snapshot' observed_at='' count=0
[ANN][trim] req_id=c31dd233 considered=false applied=false before='Labs' after='Labs' reject_reason='' reason='trim_stage_not_reached'
[ANN][stable] req_id=c31dd233 selected='Labs' reason='result_row_snapshot' source='result_row'
[ANN][select] req_id=c31dd233 used_snapshot=true snapshot_reason='no_better_recent_poll_candidate' previous='' current='Labs' final='Labs'

[STEP_TRACE]
[19:07:34] [STEP] END tab='(?i).*life.*' step=3 elapsed=4.74s move_result='{'success': True, 'status': 'moved', 'detail': 'moved', 'raw': {'timestamp': 1775988450194, 'reqId': '3c20c19e', 'success': True, 'status': 'moved', 'detail': 'moved', 'flags': []}}' visible='Labs' speech='Labs' crop='' timing(move=0.823s ann=2.869s get_focus=1.044s get_focus_fallback_dump=0.000s step_dump=0.000s crop=0.953s total=5.689s) focus_reason='' fallback_used=False fallback_found=False step_dump_used=False step_dump_reason='focus_payload_sufficient' req_id='c31dd233'
[STEP][summary] req_id=c31dd233 tab='(?i).*life.*' step=3 move_result='{'success': true, 'status': 'moved', 'detail': 'moved', 'raw': {'timestamp': 1775988450194, 'reqid': '3c20c19e', 'success': true, 'status': 'moved', 'detail': 'moved', 'flags': []}}' terminal=false no_progress=false

[SCROLL_TRACE]
[SCROLL] req_id=c31dd233 scroll_related_log_found=false move_result='{'success': true, 'status': 'moved', 'detail': 'moved', 'raw': {'timestamp': 1775988450194, 'reqid': '3c20c19e', 'success': true, 'status': 'moved', 'detail': 'moved', 'flags': []}}' smart_result='' detail='' inferred_scroll=false inference_reason='no_scroll_signal_found'

[FOCUS_TRACE]
[19:07:34] [STEP] END tab='(?i).*life.*' step=3 elapsed=4.74s move_result='{'success': True, 'status': 'moved', 'detail': 'moved', 'raw': {'timestamp': 1775988450194, 'reqId': '3c20c19e', 'success': True, 'status': 'moved', 'detail': 'moved', 'flags': []}}' visible='Labs' speech='Labs' crop='' timing(move=0.823s ann=2.869s get_focus=1.044s get_focus_fallback_dump=0.000s step_dump=0.000s crop=0.953s total=5.689s) focus_reason='' fallback_used=False fallback_found=False step_dump_used=False step_dump_reason='focus_payload_sufficient' req_id='c31dd233'
[FOCUS] req_id=c31dd233 get_focus_req_id='' response_success=false payload_source='' payload_sufficient=false fallback_used=false fallback_found=false dump_attempted=false final_payload_source='' focus_reason='' missing_reason=''

[DECISION_TRACE]
baseline_empty=true
first_candidate_contaminated=true
trim_considered=false
trim_applied=false
stable_reason='result_row_snapshot'
used_snapshot=true
snapshot_reason='no_better_recent_poll_candidate'
scroll_evidence='weak'
focus_evidence='strong'
notes='final speech appears to come from snapshot candidate path'
