[ROW_CONTEXT]
scenario=
tab=(?i).*life.*
step=9
req_id=83c188ec
visible=Want better insight into your daily life?
speech=Want better insight into your daily life?
final_result=FAIL
failure_reason=move_failed

review_note=이동/발화 결과 재검토 필요
noise=
move_result=failed
debug_source_row_found=false

[ANN_TRACE]
[ANN][baseline] req_id=83c188ec text='' source='source_row_missing' empty_reason='no_prev_step_row'
[ANN][poll] req_id=83c188ec idx=0 raw='Want better insight into your daily life?' normalized='want better insight into your daily life?' changed=true differs_from_baseline=true source='row_snapshot' observed_at='' count=0
[ANN][trim] req_id=83c188ec considered=false applied=false before='Want better insight into your daily life?' after='Want better insight into your daily life?' reject_reason='' reason='trim_stage_not_reached'
[ANN][stable] req_id=83c188ec selected='Want better insight into your daily life?' reason='result_row_snapshot' source='result_row'
[ANN][select] req_id=83c188ec used_snapshot=true snapshot_reason='no_better_recent_poll_candidate' previous='' current='Want better insight into your daily life?' final='Want better insight into your daily life?'

[STEP_TRACE]
[STEP] START scenario='' tab='(?i).*life.*' step=9 req_id='83c188ec'
[STEP] END scenario='' tab='(?i).*life.*' step=9 req_id='83c188ec' move_result='failed'
[STOP][eval] scenario='' step=9 reason='move_failed'
[STEP][summary] req_id=83c188ec tab='(?i).*life.*' step=9 move_result='failed' terminal=false no_progress=false

[SCROLL_TRACE]
[SCROLL] req_id=83c188ec scroll_related_log_found=false move_result='failed' smart_result='' detail='' inferred_scroll=false inference_reason='no_scroll_signal_found'

[FOCUS_TRACE]
[FOCUS] req_id=83c188ec get_focus_req_id='' response_success=false payload_source='inferred_from_step_end' payload_sufficient=false fallback_used=false fallback_found=false dump_attempted=false final_payload_source='' focus_reason='' missing_reason='no_direct_get_focus_trace_found'

[DECISION_TRACE]
baseline_empty=true
first_candidate_contaminated=true
trim_considered=false
trim_applied=false
stable_reason='result_row_snapshot'
used_snapshot=true
snapshot_reason='no_better_recent_poll_candidate'
scroll_evidence='weak'
focus_evidence='weak'
notes='final speech appears to come from snapshot candidate path'
