[ROW_CONTEXT]
scenario=
tab=(?i).*life.*
step=8
req_id=5bb405bd
visible=Outdoor air quality (fine dust)
speech=Outdoor air quality (fine dust)
final_result=FAIL
failure_reason=move_failed

review_note=이동/발화 결과 재검토 필요
noise=
move_result={'success': true, 'status': 'moved', 'detail': 'moved', 'raw': {'timestamp': 1775954025421, 'reqid': 'a9f79b7b', 'success': true, 'status': 'moved', 'detail': 'moved', 'flags': []}}
debug_source_row_found=false

[ANN_TRACE]
[ANN][baseline] req_id=5bb405bd text='' source='source_row_missing' empty_reason='no_prev_step_row'
[ANN][poll] req_id=5bb405bd idx=0 raw='Outdoor air quality (fine dust)' normalized='outdoor air quality (fine dust)' changed=true differs_from_baseline=true source='row_snapshot' observed_at='' count=0
[ANN][trim] req_id=5bb405bd considered=false applied=false before='Outdoor air quality (fine dust)' after='Outdoor air quality (fine dust)' reject_reason='' reason='trim_stage_not_reached'
[ANN][stable] req_id=5bb405bd selected='Outdoor air quality (fine dust)' reason='result_row_snapshot' source='result_row'
[ANN][select] req_id=5bb405bd used_snapshot=true snapshot_reason='no_better_recent_poll_candidate' previous='' current='Outdoor air quality (fine dust)' final='Outdoor air quality (fine dust)'

[STEP_TRACE]
[09:33:50] [STEP] END tab='(?i).*life.*' step=8 elapsed=4.90s move_result='{'success': True, 'status': 'moved', 'detail': 'moved', 'raw': {'timestamp': 1775954025421, 'reqId': 'a9f79b7b', 'success': True, 'status': 'moved', 'detail': 'moved', 'flags': []}}' visible='Outdoor air quality (fine dust)' speech='Outdoor air quality (fine dust)' crop='output\talkback_compare_20260412_093047\crops\i_._life._step_8_Outdoor_air_quality__fine_dust.png' timing(move=0.514s ann=3.169s get_focus=1.214s get_focus_fallback_dump=0.000s step_dump=0.000s crop=0.556s total=5.455s) focus_reason='' fallback_used=False fallback_found=False step_dump_used=False step_dump_reason='focus_payload_sufficient' req_id='5bb405bd'
[STEP][summary] req_id=5bb405bd tab='(?i).*life.*' step=8 move_result='{'success': true, 'status': 'moved', 'detail': 'moved', 'raw': {'timestamp': 1775954025421, 'reqid': 'a9f79b7b', 'success': true, 'status': 'moved', 'detail': 'moved', 'flags': []}}' terminal=false no_progress=false

[SCROLL_TRACE]
[SCROLL] req_id=5bb405bd scroll_related_log_found=false move_result='{'success': true, 'status': 'moved', 'detail': 'moved', 'raw': {'timestamp': 1775954025421, 'reqid': 'a9f79b7b', 'success': true, 'status': 'moved', 'detail': 'moved', 'flags': []}}' smart_result='' detail='' inferred_scroll=false inference_reason='no_scroll_signal_found'

[FOCUS_TRACE]
[09:33:50] [STEP] END tab='(?i).*life.*' step=8 elapsed=4.90s move_result='{'success': True, 'status': 'moved', 'detail': 'moved', 'raw': {'timestamp': 1775954025421, 'reqId': 'a9f79b7b', 'success': True, 'status': 'moved', 'detail': 'moved', 'flags': []}}' visible='Outdoor air quality (fine dust)' speech='Outdoor air quality (fine dust)' crop='output\talkback_compare_20260412_093047\crops\i_._life._step_8_Outdoor_air_quality__fine_dust.png' timing(move=0.514s ann=3.169s get_focus=1.214s get_focus_fallback_dump=0.000s step_dump=0.000s crop=0.556s total=5.455s) focus_reason='' fallback_used=False fallback_found=False step_dump_used=False step_dump_reason='focus_payload_sufficient' req_id='5bb405bd'
[FOCUS] req_id=5bb405bd get_focus_req_id='' response_success=false payload_source='' payload_sufficient=false fallback_used=false fallback_found=false dump_attempted=false final_payload_source='' focus_reason='' missing_reason=''

[DECISION_TRACE]
baseline_empty=true
first_candidate_contaminated=true
trim_considered=false
trim_applied=false
stable_reason='result_row_snapshot'
used_snapshot=true
snapshot_reason='no_better_recent_poll_candidate'
scroll_evidence='weak'
focus_evidence='strong'
notes='final speech appears to come from snapshot candidate path'
