[ROW_CONTEXT]
scenario=
tab=(?i).*life.*
step=8
req_id=1400f3ba
visible=Want better insight into your daily life?
speech=Want better insight into your daily life?
final_result=PASS
failure_reason=terminal_not_handled

review_note=정상 이동 및 발화 일치
noise=
move_result=moved
debug_source_row_found=false

[ANN_TRACE]
[ANN][baseline] req_id=1400f3ba text='' source='source_row_missing' empty_reason='no_prev_step_row'
[ANN][poll] req_id=1400f3ba idx=0 raw='Want better insight into your daily life?' normalized='want better insight into your daily life?' changed=true differs_from_baseline=true source='row_snapshot' observed_at='' count=0
[ANN][trim] req_id=1400f3ba considered=false applied=false before='Want better insight into your daily life?' after='Want better insight into your daily life?' reject_reason='' reason='trim_stage_not_reached'
[ANN][stable] req_id=1400f3ba selected='Want better insight into your daily life?' reason='result_row_snapshot' source='result_row'
[ANN][select] req_id=1400f3ba used_snapshot=true snapshot_reason='no_better_recent_poll_candidate' previous='' current='Want better insight into your daily life?' final='Want better insight into your daily life?'

[STEP_TRACE]
[00:11:42] [STEP] END tab='(?i).*life.*' step=8 elapsed=4.49s move_result='{'success': True, 'status': 'moved', 'detail': 'moved', 'raw': {'timestamp': 1776870696568, 'reqId': 'c1bdb5cd', 'success': True, 'status': 'moved', 'detail': 'moved', 'flags': []}}' visible='Want better insight into your daily life?' speech='Want better insight into your daily life?' crop='output\talkback_compare_20260423_001023\crops\i_._life._step_8_Activity.png' timing(move=0.481s ann=3.027s get_focus=0.981s get_focus_fallback_dump=0.000s step_dump=0.000s crop=0.481s total=4.971s) focus_reason='' fallback_used=False fallback_found=False step_dump_used=False step_dump_reason='focus_payload_sufficient' req_id='1400f3ba'
[STEP][summary] req_id=1400f3ba tab='(?i).*life.*' step=8 move_result='moved' terminal=false no_progress=false

[SCROLL_TRACE]
[SCROLL] req_id=1400f3ba scroll_related_log_found=false move_result='moved' smart_result='' detail='' inferred_scroll=false inference_reason='no_scroll_signal_found'

[FOCUS_TRACE]
[00:11:42] [STEP] END tab='(?i).*life.*' step=8 elapsed=4.49s move_result='{'success': True, 'status': 'moved', 'detail': 'moved', 'raw': {'timestamp': 1776870696568, 'reqId': 'c1bdb5cd', 'success': True, 'status': 'moved', 'detail': 'moved', 'flags': []}}' visible='Want better insight into your daily life?' speech='Want better insight into your daily life?' crop='output\talkback_compare_20260423_001023\crops\i_._life._step_8_Activity.png' timing(move=0.481s ann=3.027s get_focus=0.981s get_focus_fallback_dump=0.000s step_dump=0.000s crop=0.481s total=4.971s) focus_reason='' fallback_used=False fallback_found=False step_dump_used=False step_dump_reason='focus_payload_sufficient' req_id='1400f3ba'
[FOCUS] req_id=1400f3ba get_focus_req_id='' response_success=false payload_source='' payload_sufficient=false fallback_used=false fallback_found=false dump_attempted=false final_payload_source='' focus_reason='' missing_reason=''

[DECISION_TRACE]
baseline_empty=true
first_candidate_contaminated=true
trim_considered=false
trim_applied=false
stable_reason='result_row_snapshot'
used_snapshot=true
snapshot_reason='no_better_recent_poll_candidate'
scroll_evidence='weak'
focus_evidence='strong'
notes='final speech appears to come from snapshot candidate path'
