[ROW_CONTEXT]
scenario=
tab=(?i).*life.*
step=4
req_id=6ab4a285
visible=More options
speech=Me Accessibility
final_result=FAIL
failure_reason=move_failed

review_note=이동/발화 결과 재검토 필요
noise=
move_result={'success': true, 'status': 'moved', 'detail': 'moved', 'raw': {'timestamp': 1776164560646, 'reqid': '3b4d64ce', 'success': true, 'status': 'moved', 'detail': 'moved', 'flags': []}}
debug_source_row_found=false

[ANN_TRACE]
[ANN][baseline] req_id=6ab4a285 text='' source='source_row_missing' empty_reason='no_prev_step_row'
[ANN][poll] req_id=6ab4a285 idx=0 raw='Me Accessibility' normalized='me accessibility' changed=true differs_from_baseline=true source='row_snapshot' observed_at='' count=0
[ANN][trim] req_id=6ab4a285 considered=false applied=false before='Me Accessibility' after='Me Accessibility' reject_reason='' reason='trim_stage_not_reached'
[ANN][stable] req_id=6ab4a285 selected='Me Accessibility' reason='result_row_snapshot' source='result_row'
[ANN][select] req_id=6ab4a285 used_snapshot=true snapshot_reason='no_better_recent_poll_candidate' previous='' current='Me Accessibility' final='Me Accessibility'

[STEP_TRACE]
[20:02:44] [STEP] END tab='(?i).*life.*' step=4 elapsed=4.44s move_result='{'success': True, 'status': 'moved', 'detail': 'moved', 'raw': {'timestamp': 1776164560646, 'reqId': '3b4d64ce', 'success': True, 'status': 'moved', 'detail': 'moved', 'flags': []}}' visible='More options' speech='Me Accessibility' crop='output\talkback_compare_20260414_195540\crops\i_._life._step_4_More_options.png' timing(move=0.562s ann=2.916s get_focus=0.963s get_focus_fallback_dump=0.000s step_dump=0.000s crop=0.599s total=5.041s) focus_reason='' fallback_used=False fallback_found=False step_dump_used=False step_dump_reason='focus_payload_sufficient' req_id='6ab4a285'
[STEP][summary] req_id=6ab4a285 tab='(?i).*life.*' step=4 move_result='{'success': true, 'status': 'moved', 'detail': 'moved', 'raw': {'timestamp': 1776164560646, 'reqid': '3b4d64ce', 'success': true, 'status': 'moved', 'detail': 'moved', 'flags': []}}' terminal=false no_progress=false

[SCROLL_TRACE]
[SCROLL] req_id=6ab4a285 scroll_related_log_found=false move_result='{'success': true, 'status': 'moved', 'detail': 'moved', 'raw': {'timestamp': 1776164560646, 'reqid': '3b4d64ce', 'success': true, 'status': 'moved', 'detail': 'moved', 'flags': []}}' smart_result='' detail='' inferred_scroll=false inference_reason='no_scroll_signal_found'

[FOCUS_TRACE]
[20:02:44] [STEP] END tab='(?i).*life.*' step=4 elapsed=4.44s move_result='{'success': True, 'status': 'moved', 'detail': 'moved', 'raw': {'timestamp': 1776164560646, 'reqId': '3b4d64ce', 'success': True, 'status': 'moved', 'detail': 'moved', 'flags': []}}' visible='More options' speech='Me Accessibility' crop='output\talkback_compare_20260414_195540\crops\i_._life._step_4_More_options.png' timing(move=0.562s ann=2.916s get_focus=0.963s get_focus_fallback_dump=0.000s step_dump=0.000s crop=0.599s total=5.041s) focus_reason='' fallback_used=False fallback_found=False step_dump_used=False step_dump_reason='focus_payload_sufficient' req_id='6ab4a285'
[FOCUS] req_id=6ab4a285 get_focus_req_id='' response_success=false payload_source='' payload_sufficient=false fallback_used=false fallback_found=false dump_attempted=false final_payload_source='' focus_reason='' missing_reason=''

[DECISION_TRACE]
baseline_empty=true
first_candidate_contaminated=true
trim_considered=false
trim_applied=false
stable_reason='result_row_snapshot'
used_snapshot=true
snapshot_reason='no_better_recent_poll_candidate'
scroll_evidence='weak'
focus_evidence='strong'
notes='final speech appears to come from snapshot candidate path'
