[ROW_CONTEXT]
scenario=
tab=(?i).*life.*
step=3
req_id=dc4b392c
visible=Home Monitor
speech=Home Monitor
final_result=FAIL
failure_reason=move_failed

review_note=이동/발화 결과 재검토 필요
noise=
move_result={'success': true, 'status': 'moved', 'detail': 'moved', 'raw': {'timestamp': 1776036715446, 'reqid': 'cb8ecab3', 'success': true, 'status': 'moved', 'detail': 'moved', 'flags': []}}
debug_source_row_found=false

[ANN_TRACE]
[ANN][baseline] req_id=dc4b392c text='' source='source_row_missing' empty_reason='no_prev_step_row'
[ANN][poll] req_id=dc4b392c idx=0 raw='Home Monitor' normalized='home monitor' changed=true differs_from_baseline=true source='row_snapshot' observed_at='' count=0
[ANN][trim] req_id=dc4b392c considered=false applied=false before='Home Monitor' after='Home Monitor' reject_reason='' reason='trim_stage_not_reached'
[ANN][stable] req_id=dc4b392c selected='Home Monitor' reason='result_row_snapshot' source='result_row'
[ANN][select] req_id=dc4b392c used_snapshot=true snapshot_reason='no_better_recent_poll_candidate' previous='' current='Home Monitor' final='Home Monitor'

[STEP_TRACE]
[08:32:00] [STEP] END tab='(?i).*life.*' step=3 elapsed=4.42s move_result='{'success': True, 'status': 'moved', 'detail': 'moved', 'raw': {'timestamp': 1776036715446, 'reqId': 'cb8ecab3', 'success': True, 'status': 'moved', 'detail': 'moved', 'flags': []}}' visible='Home Monitor' speech='Home Monitor' crop='output\talkback_compare_20260413_082241\crops\i_._life._step_3_Home_Monitor.png' timing(move=0.491s ann=2.918s get_focus=1.006s get_focus_fallback_dump=0.000s step_dump=0.000s crop=0.898s total=5.314s) focus_reason='' fallback_used=False fallback_found=False step_dump_used=False step_dump_reason='focus_payload_sufficient' req_id='dc4b392c'
[STEP][summary] req_id=dc4b392c tab='(?i).*life.*' step=3 move_result='{'success': true, 'status': 'moved', 'detail': 'moved', 'raw': {'timestamp': 1776036715446, 'reqid': 'cb8ecab3', 'success': true, 'status': 'moved', 'detail': 'moved', 'flags': []}}' terminal=false no_progress=false

[SCROLL_TRACE]
[SCROLL] req_id=dc4b392c scroll_related_log_found=false move_result='{'success': true, 'status': 'moved', 'detail': 'moved', 'raw': {'timestamp': 1776036715446, 'reqid': 'cb8ecab3', 'success': true, 'status': 'moved', 'detail': 'moved', 'flags': []}}' smart_result='' detail='' inferred_scroll=false inference_reason='no_scroll_signal_found'

[FOCUS_TRACE]
[08:32:00] [STEP] END tab='(?i).*life.*' step=3 elapsed=4.42s move_result='{'success': True, 'status': 'moved', 'detail': 'moved', 'raw': {'timestamp': 1776036715446, 'reqId': 'cb8ecab3', 'success': True, 'status': 'moved', 'detail': 'moved', 'flags': []}}' visible='Home Monitor' speech='Home Monitor' crop='output\talkback_compare_20260413_082241\crops\i_._life._step_3_Home_Monitor.png' timing(move=0.491s ann=2.918s get_focus=1.006s get_focus_fallback_dump=0.000s step_dump=0.000s crop=0.898s total=5.314s) focus_reason='' fallback_used=False fallback_found=False step_dump_used=False step_dump_reason='focus_payload_sufficient' req_id='dc4b392c'
[FOCUS] req_id=dc4b392c get_focus_req_id='' response_success=false payload_source='' payload_sufficient=false fallback_used=false fallback_found=false dump_attempted=false final_payload_source='' focus_reason='' missing_reason=''

[DECISION_TRACE]
baseline_empty=true
first_candidate_contaminated=true
trim_considered=false
trim_applied=false
stable_reason='result_row_snapshot'
used_snapshot=true
snapshot_reason='no_better_recent_poll_candidate'
scroll_evidence='weak'
focus_evidence='strong'
notes='final speech appears to come from snapshot candidate path'
