[ROW_CONTEXT]
scenario=
tab=(?i).*life.*
step=7
req_id=dd697140
visible=More
speech=More
final_result=FAIL
failure_reason=move_failed

review_note=이동/발화 결과 재검토 필요
noise=
move_result={'success': true, 'status': 'moved', 'detail': 'moved', 'raw': {'timestamp': 1775923291904, 'reqid': '2a2fc32f', 'success': true, 'status': 'moved', 'detail': 'moved', 'flags': []}}
debug_source_row_found=false

[ANN_TRACE]
[ANN][baseline] req_id=dd697140 text='' source='source_row_missing' empty_reason='no_prev_step_row'
[ANN][poll] req_id=dd697140 idx=0 raw='More' normalized='more' changed=true differs_from_baseline=true source='row_snapshot' observed_at='' count=0
[ANN][trim] req_id=dd697140 considered=false applied=false before='More' after='More' reject_reason='' reason='trim_stage_not_reached'
[ANN][stable] req_id=dd697140 selected='More' reason='result_row_snapshot' source='result_row'
[ANN][select] req_id=dd697140 used_snapshot=true snapshot_reason='no_better_recent_poll_candidate' previous='' current='More' final='More'

[STEP_TRACE]
[01:01:35] [STEP] END tab='(?i).*life.*' step=7 elapsed=4.51s move_result='{'success': True, 'status': 'moved', 'detail': 'moved', 'raw': {'timestamp': 1775923291904, 'reqId': '2a2fc32f', 'success': True, 'status': 'moved', 'detail': 'moved', 'flags': []}}' visible='More' speech='More' crop='output\talkback_compare_20260412_005533\crops\i_._life._step_7_More.png' timing(move=0.419s ann=3.074s get_focus=1.019s get_focus_fallback_dump=0.000s step_dump=0.000s crop=0.487s total=5.000s) focus_reason='' fallback_used=False fallback_found=False step_dump_used=False step_dump_reason='focus_payload_sufficient' req_id='dd697140'
[STEP][summary] req_id=dd697140 tab='(?i).*life.*' step=7 move_result='{'success': true, 'status': 'moved', 'detail': 'moved', 'raw': {'timestamp': 1775923291904, 'reqid': '2a2fc32f', 'success': true, 'status': 'moved', 'detail': 'moved', 'flags': []}}' terminal=false no_progress=false

[SCROLL_TRACE]
[SCROLL] req_id=dd697140 scroll_related_log_found=false move_result='{'success': true, 'status': 'moved', 'detail': 'moved', 'raw': {'timestamp': 1775923291904, 'reqid': '2a2fc32f', 'success': true, 'status': 'moved', 'detail': 'moved', 'flags': []}}' smart_result='' detail='' inferred_scroll=false inference_reason='no_scroll_signal_found'

[FOCUS_TRACE]
[01:01:35] [STEP] END tab='(?i).*life.*' step=7 elapsed=4.51s move_result='{'success': True, 'status': 'moved', 'detail': 'moved', 'raw': {'timestamp': 1775923291904, 'reqId': '2a2fc32f', 'success': True, 'status': 'moved', 'detail': 'moved', 'flags': []}}' visible='More' speech='More' crop='output\talkback_compare_20260412_005533\crops\i_._life._step_7_More.png' timing(move=0.419s ann=3.074s get_focus=1.019s get_focus_fallback_dump=0.000s step_dump=0.000s crop=0.487s total=5.000s) focus_reason='' fallback_used=False fallback_found=False step_dump_used=False step_dump_reason='focus_payload_sufficient' req_id='dd697140'
[FOCUS] req_id=dd697140 get_focus_req_id='' response_success=false payload_source='' payload_sufficient=false fallback_used=false fallback_found=false dump_attempted=false final_payload_source='' focus_reason='' missing_reason=''

[DECISION_TRACE]
baseline_empty=true
first_candidate_contaminated=true
trim_considered=false
trim_applied=false
stable_reason='result_row_snapshot'
used_snapshot=true
snapshot_reason='no_better_recent_poll_candidate'
scroll_evidence='weak'
focus_evidence='strong'
notes='final speech appears to come from snapshot candidate path'
