[ROW_CONTEXT]
scenario=
tab=(?i).*routines.*
step=14
req_id=fc64324f
visible=Away
speech=Away View details and use
final_result=FAIL
failure_reason=move_failed

review_note=이동/발화 결과 재검토 필요
noise=
move_result={'success': true, 'status': 'moved', 'detail': 'moved', 'raw': {'timestamp': 1776348540038, 'reqid': 'c04e75b6', 'success': true, 'status': 'moved', 'detail': 'moved', 'flags': []}}
debug_source_row_found=false

[ANN_TRACE]
[ANN][baseline] req_id=fc64324f text='' source='source_row_missing' empty_reason='no_prev_step_row'
[ANN][poll] req_id=fc64324f idx=0 raw='Away View details and use' normalized='away view details and use' changed=true differs_from_baseline=true source='row_snapshot' observed_at='' count=0
[ANN][trim] req_id=fc64324f considered=false applied=false before='Away View details and use' after='Away View details and use' reject_reason='' reason='trim_stage_not_reached'
[ANN][stable] req_id=fc64324f selected='Away View details and use' reason='result_row_snapshot' source='result_row'
[ANN][select] req_id=fc64324f used_snapshot=true snapshot_reason='no_better_recent_poll_candidate' previous='' current='Away View details and use' final='Away View details and use'

[STEP_TRACE]
[23:09:04] [STEP] END tab='(?i).*routines.*' step=14 elapsed=4.43s move_result='{'success': True, 'status': 'moved', 'detail': 'moved', 'raw': {'timestamp': 1776348540038, 'reqId': 'c04e75b6', 'success': True, 'status': 'moved', 'detail': 'moved', 'flags': []}}' visible='Away' speech='Away View details and use' crop='output\talkback_compare_20260416_225823\crops\i_._routines._step_14_Away.png' timing(move=0.463s ann=3.026s get_focus=0.939s get_focus_fallback_dump=0.000s step_dump=0.000s crop=1.269s total=5.698s) focus_reason='' fallback_used=False fallback_found=False step_dump_used=False step_dump_reason='focus_payload_sufficient' req_id='fc64324f'
[STEP][summary] req_id=fc64324f tab='(?i).*routines.*' step=14 move_result='{'success': true, 'status': 'moved', 'detail': 'moved', 'raw': {'timestamp': 1776348540038, 'reqid': 'c04e75b6', 'success': true, 'status': 'moved', 'detail': 'moved', 'flags': []}}' terminal=false no_progress=false

[SCROLL_TRACE]
[SCROLL] req_id=fc64324f scroll_related_log_found=false move_result='{'success': true, 'status': 'moved', 'detail': 'moved', 'raw': {'timestamp': 1776348540038, 'reqid': 'c04e75b6', 'success': true, 'status': 'moved', 'detail': 'moved', 'flags': []}}' smart_result='' detail='' inferred_scroll=false inference_reason='no_scroll_signal_found'

[FOCUS_TRACE]
[23:09:04] [STEP] END tab='(?i).*routines.*' step=14 elapsed=4.43s move_result='{'success': True, 'status': 'moved', 'detail': 'moved', 'raw': {'timestamp': 1776348540038, 'reqId': 'c04e75b6', 'success': True, 'status': 'moved', 'detail': 'moved', 'flags': []}}' visible='Away' speech='Away View details and use' crop='output\talkback_compare_20260416_225823\crops\i_._routines._step_14_Away.png' timing(move=0.463s ann=3.026s get_focus=0.939s get_focus_fallback_dump=0.000s step_dump=0.000s crop=1.269s total=5.698s) focus_reason='' fallback_used=False fallback_found=False step_dump_used=False step_dump_reason='focus_payload_sufficient' req_id='fc64324f'
[FOCUS] req_id=fc64324f get_focus_req_id='' response_success=false payload_source='' payload_sufficient=false fallback_used=false fallback_found=false dump_attempted=false final_payload_source='' focus_reason='' missing_reason=''

[DECISION_TRACE]
baseline_empty=true
first_candidate_contaminated=true
trim_considered=false
trim_applied=false
stable_reason='result_row_snapshot'
used_snapshot=true
snapshot_reason='no_better_recent_poll_candidate'
scroll_evidence='weak'
focus_evidence='strong'
notes='final speech appears to come from snapshot candidate path'
