[ROW_CONTEXT]
scenario=
tab=(?i).*home.*
step=1
req_id=e58ad7b7
visible=우리 집, Change location
speech=우리 집
final_result=FAIL
failure_reason=move_failed

review_note=이동/발화 결과 재검토 필요
noise=
move_result={'success': true, 'status': 'moved', 'detail': 'moved', 'raw': {'timestamp': 1775955503597, 'reqid': 'd36a3afc', 'success': true, 'status': 'moved', 'detail': 'moved', 'flags': []}}
debug_source_row_found=false

[ANN_TRACE]
[ANN][baseline] req_id=e58ad7b7 text='' source='source_row_missing' empty_reason='no_prev_step_row'
[ANN][poll] req_id=e58ad7b7 idx=0 raw='우리 집' normalized='우리 집' changed=true differs_from_baseline=true source='row_snapshot' observed_at='' count=0
[ANN][trim] req_id=e58ad7b7 considered=false applied=false before='우리 집' after='우리 집' reject_reason='' reason='trim_stage_not_reached'
[ANN][stable] req_id=e58ad7b7 selected='우리 집' reason='result_row_snapshot' source='result_row'
[ANN][select] req_id=e58ad7b7 used_snapshot=true snapshot_reason='no_better_recent_poll_candidate' previous='' current='우리 집' final='우리 집'

[STEP_TRACE]
[09:58:29] [STEP] END tab='(?i).*home.*' step=1 elapsed=5.25s move_result='{'success': True, 'status': 'moved', 'detail': 'moved', 'raw': {'timestamp': 1775955503597, 'reqId': 'd36a3afc', 'success': True, 'status': 'moved', 'detail': 'moved', 'flags': []}}' visible='우리 집, Change location' speech='우리 집' crop='output\talkback_compare_20260412_095642\crops\i_._home._step_1_우리_집__Change_location.png' timing(move=1.257s ann=2.873s get_focus=1.118s get_focus_fallback_dump=0.000s step_dump=0.000s crop=1.303s total=6.552s) focus_reason='' fallback_used=False fallback_found=False step_dump_used=False step_dump_reason='focus_payload_sufficient' req_id='e58ad7b7'
[STEP][summary] req_id=e58ad7b7 tab='(?i).*home.*' step=1 move_result='{'success': true, 'status': 'moved', 'detail': 'moved', 'raw': {'timestamp': 1775955503597, 'reqid': 'd36a3afc', 'success': true, 'status': 'moved', 'detail': 'moved', 'flags': []}}' terminal=false no_progress=false

[SCROLL_TRACE]
[SCROLL] req_id=e58ad7b7 scroll_related_log_found=false move_result='{'success': true, 'status': 'moved', 'detail': 'moved', 'raw': {'timestamp': 1775955503597, 'reqid': 'd36a3afc', 'success': true, 'status': 'moved', 'detail': 'moved', 'flags': []}}' smart_result='' detail='' inferred_scroll=false inference_reason='no_scroll_signal_found'

[FOCUS_TRACE]
[09:58:29] [STEP] END tab='(?i).*home.*' step=1 elapsed=5.25s move_result='{'success': True, 'status': 'moved', 'detail': 'moved', 'raw': {'timestamp': 1775955503597, 'reqId': 'd36a3afc', 'success': True, 'status': 'moved', 'detail': 'moved', 'flags': []}}' visible='우리 집, Change location' speech='우리 집' crop='output\talkback_compare_20260412_095642\crops\i_._home._step_1_우리_집__Change_location.png' timing(move=1.257s ann=2.873s get_focus=1.118s get_focus_fallback_dump=0.000s step_dump=0.000s crop=1.303s total=6.552s) focus_reason='' fallback_used=False fallback_found=False step_dump_used=False step_dump_reason='focus_payload_sufficient' req_id='e58ad7b7'
[FOCUS] req_id=e58ad7b7 get_focus_req_id='' response_success=false payload_source='' payload_sufficient=false fallback_used=false fallback_found=false dump_attempted=false final_payload_source='' focus_reason='' missing_reason=''

[DECISION_TRACE]
baseline_empty=true
first_candidate_contaminated=true
trim_considered=false
trim_applied=false
stable_reason='result_row_snapshot'
used_snapshot=true
snapshot_reason='no_better_recent_poll_candidate'
scroll_evidence='weak'
focus_evidence='strong'
notes='final speech appears to come from snapshot candidate path'
