[ROW_CONTEXT]
scenario=
tab=(?i).*life.*
step=29
req_id=1baab4fa
visible=LocationButton
speech=LocationButton
final_result=PASS
failure_reason=terminal_not_handled

review_note=정상 이동 및 발화 일치
noise=
move_result=moved
debug_source_row_found=false

[ANN_TRACE]
[ANN][baseline] req_id=1baab4fa text='' source='source_row_missing' empty_reason='no_prev_step_row'
[ANN][poll] req_id=1baab4fa idx=0 raw='LocationButton' normalized='locationbutton' changed=true differs_from_baseline=true source='row_snapshot' observed_at='' count=0
[ANN][trim] req_id=1baab4fa considered=false applied=false before='LocationButton' after='LocationButton' reject_reason='' reason='trim_stage_not_reached'
[ANN][stable] req_id=1baab4fa selected='LocationButton' reason='result_row_snapshot' source='result_row'
[ANN][select] req_id=1baab4fa used_snapshot=true snapshot_reason='no_better_recent_poll_candidate' previous='' current='LocationButton' final='LocationButton'

[STEP_TRACE]
[21:54:04] [STEP] END tab='(?i).*life.*' step=29 elapsed=4.98s move_result='{'success': True, 'status': 'moved', 'detail': 'moved', 'raw': {'timestamp': 1776776040690, 'reqId': '90f7bd1c', 'success': True, 'status': 'moved', 'detail': 'moved', 'flags': []}}' visible='LocationButton' speech='LocationButton' crop='output\talkback_compare_20260421_215104\crops\i_._life._step_29_LocationButton.png' timing(move=0.998s ann=3.016s get_focus=0.964s get_focus_fallback_dump=0.000s step_dump=0.000s crop=0.490s total=5.469s) focus_reason='' fallback_used=False fallback_found=False step_dump_used=False step_dump_reason='focus_payload_sufficient' req_id='1baab4fa'
[STEP][summary] req_id=1baab4fa tab='(?i).*life.*' step=29 move_result='moved' terminal=false no_progress=false

[SCROLL_TRACE]
[SCROLL] req_id=1baab4fa scroll_related_log_found=false move_result='moved' smart_result='' detail='' inferred_scroll=false inference_reason='no_scroll_signal_found'

[FOCUS_TRACE]
[21:54:04] [STEP] END tab='(?i).*life.*' step=29 elapsed=4.98s move_result='{'success': True, 'status': 'moved', 'detail': 'moved', 'raw': {'timestamp': 1776776040690, 'reqId': '90f7bd1c', 'success': True, 'status': 'moved', 'detail': 'moved', 'flags': []}}' visible='LocationButton' speech='LocationButton' crop='output\talkback_compare_20260421_215104\crops\i_._life._step_29_LocationButton.png' timing(move=0.998s ann=3.016s get_focus=0.964s get_focus_fallback_dump=0.000s step_dump=0.000s crop=0.490s total=5.469s) focus_reason='' fallback_used=False fallback_found=False step_dump_used=False step_dump_reason='focus_payload_sufficient' req_id='1baab4fa'
[FOCUS] req_id=1baab4fa get_focus_req_id='' response_success=false payload_source='' payload_sufficient=false fallback_used=false fallback_found=false dump_attempted=false final_payload_source='' focus_reason='' missing_reason=''

[DECISION_TRACE]
baseline_empty=true
first_candidate_contaminated=true
trim_considered=false
trim_applied=false
stable_reason='result_row_snapshot'
used_snapshot=true
snapshot_reason='no_better_recent_poll_candidate'
scroll_evidence='weak'
focus_evidence='strong'
notes='final speech appears to come from snapshot candidate path'
