[ROW_CONTEXT]
scenario=
tab=(?i).*life.*
step=23
req_id=65564516
visible=Mobile usageButton Mobile usage
speech=Mobile usageButton Mobile usage
final_result=PASS
failure_reason=terminal_not_handled

review_note=정상 이동 및 발화 일치
noise=
move_result=moved
debug_source_row_found=false

[ANN_TRACE]
[ANN][baseline] req_id=65564516 text='' source='source_row_missing' empty_reason='no_prev_step_row'
[ANN][poll] req_id=65564516 idx=0 raw='Mobile usageButton Mobile usage' normalized='mobile usagebutton mobile usage' changed=true differs_from_baseline=true source='row_snapshot' observed_at='' count=0
[ANN][trim] req_id=65564516 considered=false applied=false before='Mobile usageButton Mobile usage' after='Mobile usageButton Mobile usage' reject_reason='' reason='trim_stage_not_reached'
[ANN][stable] req_id=65564516 selected='Mobile usageButton Mobile usage' reason='result_row_snapshot' source='result_row'
[ANN][select] req_id=65564516 used_snapshot=true snapshot_reason='no_better_recent_poll_candidate' previous='' current='Mobile usageButton Mobile usage' final='Mobile usageButton Mobile usage'

[STEP_TRACE]
[STEP] START scenario='' tab='(?i).*life.*' step=23 req_id='65564516'
[STEP] END scenario='' tab='(?i).*life.*' step=23 req_id='65564516' move_result='moved'
[STOP][eval] scenario='' step=23 reason='terminal_not_handled'
[STEP][summary] req_id=65564516 tab='(?i).*life.*' step=23 move_result='moved' terminal=false no_progress=false

[SCROLL_TRACE]
[SCROLL] req_id=65564516 scroll_related_log_found=false move_result='moved' smart_result='' detail='' inferred_scroll=false inference_reason='no_scroll_signal_found'

[FOCUS_TRACE]
[FOCUS] req_id=65564516 get_focus_req_id='' response_success=false payload_source='inferred_from_step_end' payload_sufficient=false fallback_used=false fallback_found=false dump_attempted=false final_payload_source='' focus_reason='' missing_reason='no_direct_get_focus_trace_found'

[DECISION_TRACE]
baseline_empty=true
first_candidate_contaminated=true
trim_considered=false
trim_applied=false
stable_reason='result_row_snapshot'
used_snapshot=true
snapshot_reason='no_better_recent_poll_candidate'
scroll_evidence='weak'
focus_evidence='weak'
notes='final speech appears to come from snapshot candidate path'
