[ROW_CONTEXT]
scenario=
tab=(?i).*(menu|more).*
step=1
req_id=cf80718d
visible=
speech=
final_result=FAIL
failure_reason=move_failed

review_note=이동/발화 결과 재검토 필요
noise=
move_result={'success': true, 'status': 'moved', 'detail': 'moved', 'raw': {'timestamp': 1776348594952, 'reqid': 'e0d671ea', 'success': true, 'status': 'moved', 'detail': 'moved', 'flags': []}}
debug_source_row_found=false

[ANN_TRACE]
[ANN][baseline] req_id=cf80718d text='' source='source_row_missing' empty_reason='no_prev_step_row'
[ANN][poll] req_id=cf80718d idx=0 raw='' normalized='' changed=false differs_from_baseline=false source='row_snapshot' observed_at='' count=0
[ANN][trim] req_id=cf80718d considered=false applied=false before='' after='' reject_reason='' reason='trim_stage_not_reached'
[ANN][stable] req_id=cf80718d selected='' reason='result_row_snapshot' source='result_row'
[ANN][select] req_id=cf80718d used_snapshot=true snapshot_reason='no_better_recent_poll_candidate' previous='' current='' final=''

[STEP_TRACE]
[23:10:00] [STEP] END tab='(?i).*(menu|more).*' step=1 elapsed=5.32s move_result='{'success': True, 'status': 'moved', 'detail': 'moved', 'raw': {'timestamp': 1776348594952, 'reqId': 'e0d671ea', 'success': True, 'status': 'moved', 'detail': 'moved', 'flags': []}}' visible='' speech='' crop='output\talkback_compare_20260416_225823\crops\i_.__menu_more_._step_1_item.png' timing(move=0.403s ann=3.933s get_focus=0.985s get_focus_fallback_dump=0.000s step_dump=0.000s crop=0.520s total=5.841s) focus_reason='' fallback_used=False fallback_found=False step_dump_used=False step_dump_reason='focus_payload_sufficient' req_id='cf80718d'
[STEP][summary] req_id=cf80718d tab='(?i).*(menu|more).*' step=1 move_result='{'success': true, 'status': 'moved', 'detail': 'moved', 'raw': {'timestamp': 1776348594952, 'reqid': 'e0d671ea', 'success': true, 'status': 'moved', 'detail': 'moved', 'flags': []}}' terminal=false no_progress=false

[SCROLL_TRACE]
[SCROLL] req_id=cf80718d scroll_related_log_found=false move_result='{'success': true, 'status': 'moved', 'detail': 'moved', 'raw': {'timestamp': 1776348594952, 'reqid': 'e0d671ea', 'success': true, 'status': 'moved', 'detail': 'moved', 'flags': []}}' smart_result='' detail='' inferred_scroll=false inference_reason='no_scroll_signal_found'

[FOCUS_TRACE]
[23:10:00] [STEP] END tab='(?i).*(menu|more).*' step=1 elapsed=5.32s move_result='{'success': True, 'status': 'moved', 'detail': 'moved', 'raw': {'timestamp': 1776348594952, 'reqId': 'e0d671ea', 'success': True, 'status': 'moved', 'detail': 'moved', 'flags': []}}' visible='' speech='' crop='output\talkback_compare_20260416_225823\crops\i_.__menu_more_._step_1_item.png' timing(move=0.403s ann=3.933s get_focus=0.985s get_focus_fallback_dump=0.000s step_dump=0.000s crop=0.520s total=5.841s) focus_reason='' fallback_used=False fallback_found=False step_dump_used=False step_dump_reason='focus_payload_sufficient' req_id='cf80718d'
[FOCUS] req_id=cf80718d get_focus_req_id='' response_success=false payload_source='' payload_sufficient=false fallback_used=false fallback_found=false dump_attempted=false final_payload_source='' focus_reason='' missing_reason=''

[DECISION_TRACE]
baseline_empty=true
first_candidate_contaminated=false
trim_considered=false
trim_applied=false
stable_reason='result_row_snapshot'
used_snapshot=true
snapshot_reason='no_better_recent_poll_candidate'
scroll_evidence='weak'
focus_evidence='strong'
notes='final speech appears to come from snapshot candidate path'
