[ROW_CONTEXT]
scenario=
tab=(?i).*life.*
step=1
req_id=39c79f98
visible=Monitor air quality and air comfort in each room of your home.
speech=Monitor air quality and air comfort in each room of your home.
final_result=FAIL
failure_reason=move_failed

review_note=이동/발화 결과 재검토 필요
noise=
move_result={'success': true, 'status': 'moved', 'detail': 'moved', 'raw': {'timestamp': 1776036703073, 'reqid': 'eebb95ff', 'success': true, 'status': 'moved', 'detail': 'moved', 'flags': []}}
debug_source_row_found=false

[ANN_TRACE]
[ANN][baseline] req_id=39c79f98 text='' source='source_row_missing' empty_reason='no_prev_step_row'
[ANN][poll] req_id=39c79f98 idx=0 raw='Monitor air quality and air comfort in each room of your home.' normalized='monitor air quality and air comfort in each room of your home.' changed=true differs_from_baseline=true source='row_snapshot' observed_at='' count=0
[ANN][trim] req_id=39c79f98 considered=false applied=false before='Monitor air quality and air comfort in each room of your home.' after='Monitor air quality and air comfort in each room of your home.' reject_reason='' reason='trim_stage_not_reached'
[ANN][stable] req_id=39c79f98 selected='Monitor air quality and air comfort in each room of your home.' reason='result_row_snapshot' source='result_row'
[ANN][select] req_id=39c79f98 used_snapshot=true snapshot_reason='no_better_recent_poll_candidate' previous='' current='Monitor air quality and air comfort in each room of your home.' final='Monitor air quality and air comfort in each room of your home.'

[STEP_TRACE]
[08:31:47] [STEP] END tab='(?i).*life.*' step=1 elapsed=4.56s move_result='{'success': True, 'status': 'moved', 'detail': 'moved', 'raw': {'timestamp': 1776036703073, 'reqId': 'eebb95ff', 'success': True, 'status': 'moved', 'detail': 'moved', 'flags': []}}' visible='Monitor air quality and air comfort in each room of your home.' speech='Monitor air quality and air comfort in each room of your home.' crop='output\talkback_compare_20260413_082241\crops\i_._life._step_1_Monitor_air_quality_and_air_comfort_in_e.png' timing(move=0.500s ann=3.051s get_focus=1.008s get_focus_fallback_dump=0.000s step_dump=0.000s crop=0.769s total=5.329s) focus_reason='' fallback_used=False fallback_found=False step_dump_used=False step_dump_reason='focus_payload_sufficient' req_id='39c79f98'
[STEP][summary] req_id=39c79f98 tab='(?i).*life.*' step=1 move_result='{'success': true, 'status': 'moved', 'detail': 'moved', 'raw': {'timestamp': 1776036703073, 'reqid': 'eebb95ff', 'success': true, 'status': 'moved', 'detail': 'moved', 'flags': []}}' terminal=false no_progress=false

[SCROLL_TRACE]
[SCROLL] req_id=39c79f98 scroll_related_log_found=false move_result='{'success': true, 'status': 'moved', 'detail': 'moved', 'raw': {'timestamp': 1776036703073, 'reqid': 'eebb95ff', 'success': true, 'status': 'moved', 'detail': 'moved', 'flags': []}}' smart_result='' detail='' inferred_scroll=false inference_reason='no_scroll_signal_found'

[FOCUS_TRACE]
[08:31:47] [STEP] END tab='(?i).*life.*' step=1 elapsed=4.56s move_result='{'success': True, 'status': 'moved', 'detail': 'moved', 'raw': {'timestamp': 1776036703073, 'reqId': 'eebb95ff', 'success': True, 'status': 'moved', 'detail': 'moved', 'flags': []}}' visible='Monitor air quality and air comfort in each room of your home.' speech='Monitor air quality and air comfort in each room of your home.' crop='output\talkback_compare_20260413_082241\crops\i_._life._step_1_Monitor_air_quality_and_air_comfort_in_e.png' timing(move=0.500s ann=3.051s get_focus=1.008s get_focus_fallback_dump=0.000s step_dump=0.000s crop=0.769s total=5.329s) focus_reason='' fallback_used=False fallback_found=False step_dump_used=False step_dump_reason='focus_payload_sufficient' req_id='39c79f98'
[FOCUS] req_id=39c79f98 get_focus_req_id='' response_success=false payload_source='' payload_sufficient=false fallback_used=false fallback_found=false dump_attempted=false final_payload_source='' focus_reason='' missing_reason=''

[DECISION_TRACE]
baseline_empty=true
first_candidate_contaminated=true
trim_considered=false
trim_applied=false
stable_reason='result_row_snapshot'
used_snapshot=true
snapshot_reason='no_better_recent_poll_candidate'
scroll_evidence='weak'
focus_evidence='strong'
notes='final speech appears to come from snapshot candidate path'
