[ROW_CONTEXT]
scenario=
tab=(?i).*life.*
step=5
req_id=78fb7a56
visible=Smoke
speech=Smoke
final_result=FAIL
failure_reason=move_failed

review_note=이동/발화 결과 재검토 필요
noise=
move_result={'success': true, 'status': 'moved', 'detail': 'moved', 'raw': {'timestamp': 1776122164290, 'reqid': '6640c74f', 'success': true, 'status': 'moved', 'detail': 'moved', 'flags': []}}
debug_source_row_found=false

[ANN_TRACE]
[ANN][baseline] req_id=78fb7a56 text='' source='source_row_missing' empty_reason='no_prev_step_row'
[ANN][poll] req_id=78fb7a56 idx=0 raw='Smoke' normalized='smoke' changed=true differs_from_baseline=true source='row_snapshot' observed_at='' count=0
[ANN][trim] req_id=78fb7a56 considered=false applied=false before='Smoke' after='Smoke' reject_reason='' reason='trim_stage_not_reached'
[ANN][stable] req_id=78fb7a56 selected='Smoke' reason='result_row_snapshot' source='result_row'
[ANN][select] req_id=78fb7a56 used_snapshot=true snapshot_reason='no_better_recent_poll_candidate' previous='' current='Smoke' final='Smoke'

[STEP_TRACE]
[08:16:08] [STEP] END tab='(?i).*life.*' step=5 elapsed=4.39s move_result='{'success': True, 'status': 'moved', 'detail': 'moved', 'raw': {'timestamp': 1776122164290, 'reqId': '6640c74f', 'success': True, 'status': 'moved', 'detail': 'moved', 'flags': []}}' visible='Smoke' speech='Smoke' crop='output\talkback_compare_20260414_080645\crops\i_._life._step_5_Smoke.png' timing(move=0.432s ann=3.000s get_focus=0.954s get_focus_fallback_dump=0.000s step_dump=0.000s crop=0.898s total=5.284s) focus_reason='' fallback_used=False fallback_found=False step_dump_used=False step_dump_reason='focus_payload_sufficient' req_id='78fb7a56'
[STEP][summary] req_id=78fb7a56 tab='(?i).*life.*' step=5 move_result='{'success': true, 'status': 'moved', 'detail': 'moved', 'raw': {'timestamp': 1776122164290, 'reqid': '6640c74f', 'success': true, 'status': 'moved', 'detail': 'moved', 'flags': []}}' terminal=false no_progress=false

[SCROLL_TRACE]
[SCROLL] req_id=78fb7a56 scroll_related_log_found=false move_result='{'success': true, 'status': 'moved', 'detail': 'moved', 'raw': {'timestamp': 1776122164290, 'reqid': '6640c74f', 'success': true, 'status': 'moved', 'detail': 'moved', 'flags': []}}' smart_result='' detail='' inferred_scroll=false inference_reason='no_scroll_signal_found'

[FOCUS_TRACE]
[08:16:08] [STEP] END tab='(?i).*life.*' step=5 elapsed=4.39s move_result='{'success': True, 'status': 'moved', 'detail': 'moved', 'raw': {'timestamp': 1776122164290, 'reqId': '6640c74f', 'success': True, 'status': 'moved', 'detail': 'moved', 'flags': []}}' visible='Smoke' speech='Smoke' crop='output\talkback_compare_20260414_080645\crops\i_._life._step_5_Smoke.png' timing(move=0.432s ann=3.000s get_focus=0.954s get_focus_fallback_dump=0.000s step_dump=0.000s crop=0.898s total=5.284s) focus_reason='' fallback_used=False fallback_found=False step_dump_used=False step_dump_reason='focus_payload_sufficient' req_id='78fb7a56'
[FOCUS] req_id=78fb7a56 get_focus_req_id='' response_success=false payload_source='' payload_sufficient=false fallback_used=false fallback_found=false dump_attempted=false final_payload_source='' focus_reason='' missing_reason=''

[DECISION_TRACE]
baseline_empty=true
first_candidate_contaminated=true
trim_considered=false
trim_applied=false
stable_reason='result_row_snapshot'
used_snapshot=true
snapshot_reason='no_better_recent_poll_candidate'
scroll_evidence='weak'
focus_evidence='strong'
notes='final speech appears to come from snapshot candidate path'
