[ROW_CONTEXT]
scenario=
tab=(?i).*life.*
step=13
req_id=9b00d9ee
visible=Leaks
speech=Leaks
final_result=FAIL
failure_reason=move_failed

review_note=이동/발화 결과 재검토 필요
noise=
move_result={'success': true, 'status': 'moved', 'detail': 'moved', 'raw': {'timestamp': 1776350984363, 'reqid': 'eefc11e1', 'success': true, 'status': 'moved', 'detail': 'moved', 'flags': []}}
debug_source_row_found=false

[ANN_TRACE]
[ANN][baseline] req_id=9b00d9ee text='' source='source_row_missing' empty_reason='no_prev_step_row'
[ANN][poll] req_id=9b00d9ee idx=0 raw='Leaks' normalized='leaks' changed=true differs_from_baseline=true source='row_snapshot' observed_at='' count=0
[ANN][trim] req_id=9b00d9ee considered=false applied=false before='Leaks' after='Leaks' reject_reason='' reason='trim_stage_not_reached'
[ANN][stable] req_id=9b00d9ee selected='Leaks' reason='result_row_snapshot' source='result_row'
[ANN][select] req_id=9b00d9ee used_snapshot=true snapshot_reason='no_better_recent_poll_candidate' previous='' current='Leaks' final='Leaks'

[STEP_TRACE]
[23:49:48] [STEP] END tab='(?i).*life.*' step=13 elapsed=4.57s move_result='{'success': True, 'status': 'moved', 'detail': 'moved', 'raw': {'timestamp': 1776350984363, 'reqId': 'eefc11e1', 'success': True, 'status': 'moved', 'detail': 'moved', 'flags': []}}' visible='Leaks' speech='Leaks' crop='output\talkback_compare_20260416_231624\crops\i_._life._step_13_Leaks.png' timing(move=0.485s ann=2.981s get_focus=1.106s get_focus_fallback_dump=0.000s step_dump=0.000s crop=0.515s total=5.088s) focus_reason='' fallback_used=False fallback_found=False step_dump_used=False step_dump_reason='focus_payload_sufficient' req_id='9b00d9ee'
[STEP][summary] req_id=9b00d9ee tab='(?i).*life.*' step=13 move_result='{'success': true, 'status': 'moved', 'detail': 'moved', 'raw': {'timestamp': 1776350984363, 'reqid': 'eefc11e1', 'success': true, 'status': 'moved', 'detail': 'moved', 'flags': []}}' terminal=false no_progress=false

[SCROLL_TRACE]
[SCROLL] req_id=9b00d9ee scroll_related_log_found=false move_result='{'success': true, 'status': 'moved', 'detail': 'moved', 'raw': {'timestamp': 1776350984363, 'reqid': 'eefc11e1', 'success': true, 'status': 'moved', 'detail': 'moved', 'flags': []}}' smart_result='' detail='' inferred_scroll=false inference_reason='no_scroll_signal_found'

[FOCUS_TRACE]
[23:49:48] [STEP] END tab='(?i).*life.*' step=13 elapsed=4.57s move_result='{'success': True, 'status': 'moved', 'detail': 'moved', 'raw': {'timestamp': 1776350984363, 'reqId': 'eefc11e1', 'success': True, 'status': 'moved', 'detail': 'moved', 'flags': []}}' visible='Leaks' speech='Leaks' crop='output\talkback_compare_20260416_231624\crops\i_._life._step_13_Leaks.png' timing(move=0.485s ann=2.981s get_focus=1.106s get_focus_fallback_dump=0.000s step_dump=0.000s crop=0.515s total=5.088s) focus_reason='' fallback_used=False fallback_found=False step_dump_used=False step_dump_reason='focus_payload_sufficient' req_id='9b00d9ee'
[FOCUS] req_id=9b00d9ee get_focus_req_id='' response_success=false payload_source='' payload_sufficient=false fallback_used=false fallback_found=false dump_attempted=false final_payload_source='' focus_reason='' missing_reason=''

[DECISION_TRACE]
baseline_empty=true
first_candidate_contaminated=true
trim_considered=false
trim_applied=false
stable_reason='result_row_snapshot'
used_snapshot=true
snapshot_reason='no_better_recent_poll_candidate'
scroll_evidence='weak'
focus_evidence='strong'
notes='final speech appears to come from snapshot candidate path'
