[ROW_CONTEXT]
scenario=
tab=(?i).*life.*
step=5
req_id=6fd32349
visible=No video clips
speech=No video clips
final_result=FAIL
failure_reason=move_failed

review_note=이동/발화 결과 재검토 필요
noise=
move_result={'success': true, 'status': 'moved', 'detail': 'moved', 'raw': {'timestamp': 1776179929376, 'reqid': '17c52210', 'success': true, 'status': 'moved', 'detail': 'moved', 'flags': []}}
debug_source_row_found=false

[ANN_TRACE]
[ANN][baseline] req_id=6fd32349 text='' source='source_row_missing' empty_reason='no_prev_step_row'
[ANN][poll] req_id=6fd32349 idx=0 raw='No video clips' normalized='no video clips' changed=true differs_from_baseline=true source='row_snapshot' observed_at='' count=0
[ANN][trim] req_id=6fd32349 considered=false applied=false before='No video clips' after='No video clips' reject_reason='' reason='trim_stage_not_reached'
[ANN][stable] req_id=6fd32349 selected='No video clips' reason='result_row_snapshot' source='result_row'
[ANN][select] req_id=6fd32349 used_snapshot=true snapshot_reason='no_better_recent_poll_candidate' previous='' current='No video clips' final='No video clips'

[STEP_TRACE]
[00:18:52] [STEP] END tab='(?i).*life.*' step=5 elapsed=4.60s move_result='{'success': True, 'status': 'moved', 'detail': 'moved', 'raw': {'timestamp': 1776179929376, 'reqId': '17c52210', 'success': True, 'status': 'moved', 'detail': 'moved', 'flags': []}}' visible='No video clips' speech='No video clips' crop='output\talkback_compare_20260415_000701\crops\i_._life._step_5_No_video_clips.png' timing(move=0.506s ann=2.990s get_focus=1.108s get_focus_fallback_dump=0.000s step_dump=0.000s crop=0.642s total=5.247s) focus_reason='' fallback_used=False fallback_found=False step_dump_used=False step_dump_reason='focus_payload_sufficient' req_id='6fd32349'
[STEP][summary] req_id=6fd32349 tab='(?i).*life.*' step=5 move_result='{'success': true, 'status': 'moved', 'detail': 'moved', 'raw': {'timestamp': 1776179929376, 'reqid': '17c52210', 'success': true, 'status': 'moved', 'detail': 'moved', 'flags': []}}' terminal=false no_progress=false

[SCROLL_TRACE]
[SCROLL] req_id=6fd32349 scroll_related_log_found=false move_result='{'success': true, 'status': 'moved', 'detail': 'moved', 'raw': {'timestamp': 1776179929376, 'reqid': '17c52210', 'success': true, 'status': 'moved', 'detail': 'moved', 'flags': []}}' smart_result='' detail='' inferred_scroll=false inference_reason='no_scroll_signal_found'

[FOCUS_TRACE]
[00:18:52] [STEP] END tab='(?i).*life.*' step=5 elapsed=4.60s move_result='{'success': True, 'status': 'moved', 'detail': 'moved', 'raw': {'timestamp': 1776179929376, 'reqId': '17c52210', 'success': True, 'status': 'moved', 'detail': 'moved', 'flags': []}}' visible='No video clips' speech='No video clips' crop='output\talkback_compare_20260415_000701\crops\i_._life._step_5_No_video_clips.png' timing(move=0.506s ann=2.990s get_focus=1.108s get_focus_fallback_dump=0.000s step_dump=0.000s crop=0.642s total=5.247s) focus_reason='' fallback_used=False fallback_found=False step_dump_used=False step_dump_reason='focus_payload_sufficient' req_id='6fd32349'
[FOCUS] req_id=6fd32349 get_focus_req_id='' response_success=false payload_source='' payload_sufficient=false fallback_used=false fallback_found=false dump_attempted=false final_payload_source='' focus_reason='' missing_reason=''

[DECISION_TRACE]
baseline_empty=true
first_candidate_contaminated=true
trim_considered=false
trim_applied=false
stable_reason='result_row_snapshot'
used_snapshot=true
snapshot_reason='no_better_recent_poll_candidate'
scroll_evidence='weak'
focus_evidence='strong'
notes='final speech appears to come from snapshot candidate path'
