[ROW_CONTEXT]
scenario=
tab=(?i).*life.*
step=4
req_id=f9944339
visible=Caring for your plants is now easier and more enjoyable
speech=Caring for your plants is now easier and more enjoyable
final_result=FAIL
failure_reason=move_failed

review_note=이동/발화 결과 재검토 필요
noise=
move_result={'success': true, 'status': 'moved', 'detail': 'moved', 'raw': {'timestamp': 1776122006021, 'reqid': '40dcfd64', 'success': true, 'status': 'moved', 'detail': 'moved', 'flags': []}}
debug_source_row_found=false

[ANN_TRACE]
[ANN][baseline] req_id=f9944339 text='' source='source_row_missing' empty_reason='no_prev_step_row'
[ANN][poll] req_id=f9944339 idx=0 raw='Caring for your plants is now easier and more enjoyable' normalized='caring for your plants is now easier and more enjoyable' changed=true differs_from_baseline=true source='row_snapshot' observed_at='' count=0
[ANN][trim] req_id=f9944339 considered=false applied=false before='Caring for your plants is now easier and more enjoyable' after='Caring for your plants is now easier and more enjoyable' reject_reason='' reason='trim_stage_not_reached'
[ANN][stable] req_id=f9944339 selected='Caring for your plants is now easier and more enjoyable' reason='result_row_snapshot' source='result_row'
[ANN][select] req_id=f9944339 used_snapshot=true snapshot_reason='no_better_recent_poll_candidate' previous='' current='Caring for your plants is now easier and more enjoyable' final='Caring for your plants is now easier and more enjoyable'

[STEP_TRACE]
[08:13:30] [STEP] END tab='(?i).*life.*' step=4 elapsed=4.36s move_result='{'success': True, 'status': 'moved', 'detail': 'moved', 'raw': {'timestamp': 1776122006021, 'reqId': '40dcfd64', 'success': True, 'status': 'moved', 'detail': 'moved', 'flags': []}}' visible='Caring for your plants is now easier and more enjoyable' speech='Caring for your plants is now easier and more enjoyable' crop='output\talkback_compare_20260414_080645\crops\i_._life._step_4_Caring_for_your_plants_is_now_easier_and.png' timing(move=0.456s ann=2.963s get_focus=0.944s get_focus_fallback_dump=0.000s step_dump=0.000s crop=0.812s total=5.176s) focus_reason='' fallback_used=False fallback_found=False step_dump_used=False step_dump_reason='focus_payload_sufficient' req_id='f9944339'
[STEP][summary] req_id=f9944339 tab='(?i).*life.*' step=4 move_result='{'success': true, 'status': 'moved', 'detail': 'moved', 'raw': {'timestamp': 1776122006021, 'reqid': '40dcfd64', 'success': true, 'status': 'moved', 'detail': 'moved', 'flags': []}}' terminal=false no_progress=false

[SCROLL_TRACE]
[SCROLL] req_id=f9944339 scroll_related_log_found=false move_result='{'success': true, 'status': 'moved', 'detail': 'moved', 'raw': {'timestamp': 1776122006021, 'reqid': '40dcfd64', 'success': true, 'status': 'moved', 'detail': 'moved', 'flags': []}}' smart_result='' detail='' inferred_scroll=false inference_reason='no_scroll_signal_found'

[FOCUS_TRACE]
[08:13:30] [STEP] END tab='(?i).*life.*' step=4 elapsed=4.36s move_result='{'success': True, 'status': 'moved', 'detail': 'moved', 'raw': {'timestamp': 1776122006021, 'reqId': '40dcfd64', 'success': True, 'status': 'moved', 'detail': 'moved', 'flags': []}}' visible='Caring for your plants is now easier and more enjoyable' speech='Caring for your plants is now easier and more enjoyable' crop='output\talkback_compare_20260414_080645\crops\i_._life._step_4_Caring_for_your_plants_is_now_easier_and.png' timing(move=0.456s ann=2.963s get_focus=0.944s get_focus_fallback_dump=0.000s step_dump=0.000s crop=0.812s total=5.176s) focus_reason='' fallback_used=False fallback_found=False step_dump_used=False step_dump_reason='focus_payload_sufficient' req_id='f9944339'
[FOCUS] req_id=f9944339 get_focus_req_id='' response_success=false payload_source='' payload_sufficient=false fallback_used=false fallback_found=false dump_attempted=false final_payload_source='' focus_reason='' missing_reason=''

[DECISION_TRACE]
baseline_empty=true
first_candidate_contaminated=true
trim_considered=false
trim_applied=false
stable_reason='result_row_snapshot'
used_snapshot=true
snapshot_reason='no_better_recent_poll_candidate'
scroll_evidence='weak'
focus_evidence='strong'
notes='final speech appears to come from snapshot candidate path'
