[ROW_CONTEXT]
scenario=
tab=(?i).*(home|devices|life|routines|menu).*
step=5
req_id=eb3a0832
visible=Menu, Tab 5 of 5, New content available
speech=Menu, Tab 5 of 5, New content available
final_result=WARN
failure_reason=terminal_followup_noise

review_note=실제 마지막 항목으로 보이나 종료 판정 미흡
noise=
move_result=failed
debug_source_row_found=false

[ANN_TRACE]
[ANN][baseline] req_id=eb3a0832 text='' source='source_row_missing' empty_reason='no_prev_step_row'
[ANN][poll] req_id=eb3a0832 idx=0 raw='Menu, Tab 5 of 5, New content available' normalized='menu, tab 5 of 5, new content available' changed=true differs_from_baseline=true source='row_snapshot' observed_at='' count=0
[ANN][trim] req_id=eb3a0832 considered=false applied=false before='Menu, Tab 5 of 5, New content available' after='Menu, Tab 5 of 5, New content available' reject_reason='' reason='trim_stage_not_reached'
[ANN][stable] req_id=eb3a0832 selected='Menu, Tab 5 of 5, New content available' reason='result_row_snapshot' source='result_row'
[ANN][select] req_id=eb3a0832 used_snapshot=true snapshot_reason='no_better_recent_poll_candidate' previous='' current='Menu, Tab 5 of 5, New content available' final='Menu, Tab 5 of 5, New content available'

[STEP_TRACE]
[STEP] START scenario='' tab='(?i).*(home|devices|life|routines|menu).*' step=5 req_id='eb3a0832'
[STEP] END scenario='' tab='(?i).*(home|devices|life|routines|menu).*' step=5 req_id='eb3a0832' move_result='failed'
[STOP][eval] scenario='' step=5 reason='terminal_followup_noise'
[STEP][summary] req_id=eb3a0832 tab='(?i).*(home|devices|life|routines|menu).*' step=5 move_result='failed' terminal=false no_progress=false

[SCROLL_TRACE]
[SCROLL] req_id=eb3a0832 scroll_related_log_found=false move_result='failed' smart_result='' detail='' inferred_scroll=false inference_reason='no_scroll_signal_found'

[FOCUS_TRACE]
[FOCUS] req_id=eb3a0832 get_focus_req_id='' response_success=false payload_source='inferred_from_step_end' payload_sufficient=false fallback_used=false fallback_found=false dump_attempted=false final_payload_source='' focus_reason='' missing_reason='no_direct_get_focus_trace_found'

[DECISION_TRACE]
baseline_empty=true
first_candidate_contaminated=true
trim_considered=false
trim_applied=false
stable_reason='result_row_snapshot'
used_snapshot=true
snapshot_reason='no_better_recent_poll_candidate'
scroll_evidence='weak'
focus_evidence='weak'
notes='final speech appears to come from snapshot candidate path'
