[ROW_CONTEXT]
scenario=
tab=(?i).*routines.*
step=17
req_id=b01de2ca
visible=Home, Tab 1 of 5
speech=Home
final_result=FAIL
failure_reason=move_failed

review_note=이동/발화 결과 재검토 필요
noise=
move_result={'success': true, 'status': 'moved', 'detail': 'moved', 'raw': {'timestamp': 1776348557501, 'reqid': 'ca9eca6f', 'success': true, 'status': 'moved', 'detail': 'moved', 'flags': []}}
debug_source_row_found=false

[ANN_TRACE]
[ANN][baseline] req_id=b01de2ca text='' source='source_row_missing' empty_reason='no_prev_step_row'
[ANN][poll] req_id=b01de2ca idx=0 raw='Home' normalized='home' changed=true differs_from_baseline=true source='row_snapshot' observed_at='' count=0
[ANN][trim] req_id=b01de2ca considered=false applied=false before='Home' after='Home' reject_reason='' reason='trim_stage_not_reached'
[ANN][stable] req_id=b01de2ca selected='Home' reason='result_row_snapshot' source='result_row'
[ANN][select] req_id=b01de2ca used_snapshot=true snapshot_reason='no_better_recent_poll_candidate' previous='' current='Home' final='Home'

[STEP_TRACE]
[23:09:22] [STEP] END tab='(?i).*routines.*' step=17 elapsed=4.42s move_result='{'success': True, 'status': 'moved', 'detail': 'moved', 'raw': {'timestamp': 1776348557501, 'reqId': 'ca9eca6f', 'success': True, 'status': 'moved', 'detail': 'moved', 'flags': []}}' visible='Home, Tab 1 of 5' speech='Home' crop='output\talkback_compare_20260416_225823\crops\i_._routines._step_17_Home__Tab_1_of_5.png' timing(move=0.448s ann=3.013s get_focus=0.959s get_focus_fallback_dump=0.000s step_dump=0.000s crop=1.335s total=5.755s) focus_reason='' fallback_used=False fallback_found=False step_dump_used=False step_dump_reason='focus_payload_sufficient' req_id='b01de2ca'
[STEP][summary] req_id=b01de2ca tab='(?i).*routines.*' step=17 move_result='{'success': true, 'status': 'moved', 'detail': 'moved', 'raw': {'timestamp': 1776348557501, 'reqid': 'ca9eca6f', 'success': true, 'status': 'moved', 'detail': 'moved', 'flags': []}}' terminal=false no_progress=false

[SCROLL_TRACE]
[SCROLL] req_id=b01de2ca scroll_related_log_found=false move_result='{'success': true, 'status': 'moved', 'detail': 'moved', 'raw': {'timestamp': 1776348557501, 'reqid': 'ca9eca6f', 'success': true, 'status': 'moved', 'detail': 'moved', 'flags': []}}' smart_result='' detail='' inferred_scroll=false inference_reason='no_scroll_signal_found'

[FOCUS_TRACE]
[23:09:22] [STEP] END tab='(?i).*routines.*' step=17 elapsed=4.42s move_result='{'success': True, 'status': 'moved', 'detail': 'moved', 'raw': {'timestamp': 1776348557501, 'reqId': 'ca9eca6f', 'success': True, 'status': 'moved', 'detail': 'moved', 'flags': []}}' visible='Home, Tab 1 of 5' speech='Home' crop='output\talkback_compare_20260416_225823\crops\i_._routines._step_17_Home__Tab_1_of_5.png' timing(move=0.448s ann=3.013s get_focus=0.959s get_focus_fallback_dump=0.000s step_dump=0.000s crop=1.335s total=5.755s) focus_reason='' fallback_used=False fallback_found=False step_dump_used=False step_dump_reason='focus_payload_sufficient' req_id='b01de2ca'
[FOCUS] req_id=b01de2ca get_focus_req_id='' response_success=false payload_source='' payload_sufficient=false fallback_used=false fallback_found=false dump_attempted=false final_payload_source='' focus_reason='' missing_reason=''

[DECISION_TRACE]
baseline_empty=true
first_candidate_contaminated=true
trim_considered=false
trim_applied=false
stable_reason='result_row_snapshot'
used_snapshot=true
snapshot_reason='no_better_recent_poll_candidate'
scroll_evidence='weak'
focus_evidence='strong'
notes='final speech appears to come from snapshot candidate path'
