[ROW_CONTEXT]
scenario=
tab=(?i).*life.*
step=38
req_id=282e4699
visible=chart, From 2026. 04. 11 6:00 pm to 7:00 pm, Graph
speech=chart, From 2026. 04. 11 6:00 pm to 7:00 pm, Graph
final_result=FAIL
failure_reason=move_failed

review_note=이동/발화 결과 재검토 필요
noise=
move_result={'success': true, 'status': 'moved', 'detail': 'moved', 'raw': {'timestamp': 1775898521898, 'reqid': '4ec2a48c', 'success': true, 'status': 'moved', 'detail': 'moved', 'flags': []}}
debug_source_row_found=false

[ANN_TRACE]
[ANN][baseline] req_id=282e4699 text='' source='source_row_missing' empty_reason='no_prev_step_row'
[ANN][poll] req_id=282e4699 idx=0 raw='chart, From 2026. 04. 11 6:00 pm to 7:00 pm, Graph' normalized='chart, from 2026. 04. 11 6:00 pm to 7:00 pm, graph' changed=true differs_from_baseline=true source='row_snapshot' observed_at='' count=0
[ANN][trim] req_id=282e4699 considered=false applied=false before='chart, From 2026. 04. 11 6:00 pm to 7:00 pm, Graph' after='chart, From 2026. 04. 11 6:00 pm to 7:00 pm, Graph' reject_reason='' reason='trim_stage_not_reached'
[ANN][stable] req_id=282e4699 selected='chart, From 2026. 04. 11 6:00 pm to 7:00 pm, Graph' reason='result_row_snapshot' source='result_row'
[ANN][select] req_id=282e4699 used_snapshot=true snapshot_reason='no_better_recent_poll_candidate' previous='' current='chart, From 2026. 04. 11 6:00 pm to 7:00 pm, Graph' final='chart, From 2026. 04. 11 6:00 pm to 7:00 pm, Graph'

[STEP_TRACE]
[18:08:45] [STEP] END tab='(?i).*life.*' step=38 elapsed=4.49s move_result='{'success': True, 'status': 'moved', 'detail': 'moved', 'raw': {'timestamp': 1775898521898, 'reqId': '4ec2a48c', 'success': True, 'status': 'moved', 'detail': 'moved', 'flags': []}}' visible='chart, From 2026. 04. 11 6:00 pm to 7:00 pm, Graph' speech='chart, From 2026. 04. 11 6:00 pm to 7:00 pm, Graph' crop='output\talkback_compare_20260411_180356\crops\i_._life._step_38_chart__From_2026._04._11_6_00_pm_to_7_00.png' timing(move=0.439s ann=3.060s get_focus=0.988s get_focus_fallback_dump=0.000s step_dump=0.000s crop=0.491s total=4.979s) focus_reason='' fallback_used=False fallback_found=False step_dump_used=False step_dump_reason='focus_payload_sufficient' req_id='282e4699'
[STEP][summary] req_id=282e4699 tab='(?i).*life.*' step=38 move_result='{'success': true, 'status': 'moved', 'detail': 'moved', 'raw': {'timestamp': 1775898521898, 'reqid': '4ec2a48c', 'success': true, 'status': 'moved', 'detail': 'moved', 'flags': []}}' terminal=false no_progress=false

[SCROLL_TRACE]
[SCROLL] req_id=282e4699 scroll_related_log_found=false move_result='{'success': true, 'status': 'moved', 'detail': 'moved', 'raw': {'timestamp': 1775898521898, 'reqid': '4ec2a48c', 'success': true, 'status': 'moved', 'detail': 'moved', 'flags': []}}' smart_result='' detail='' inferred_scroll=false inference_reason='no_scroll_signal_found'

[FOCUS_TRACE]
[18:08:45] [STEP] END tab='(?i).*life.*' step=38 elapsed=4.49s move_result='{'success': True, 'status': 'moved', 'detail': 'moved', 'raw': {'timestamp': 1775898521898, 'reqId': '4ec2a48c', 'success': True, 'status': 'moved', 'detail': 'moved', 'flags': []}}' visible='chart, From 2026. 04. 11 6:00 pm to 7:00 pm, Graph' speech='chart, From 2026. 04. 11 6:00 pm to 7:00 pm, Graph' crop='output\talkback_compare_20260411_180356\crops\i_._life._step_38_chart__From_2026._04._11_6_00_pm_to_7_00.png' timing(move=0.439s ann=3.060s get_focus=0.988s get_focus_fallback_dump=0.000s step_dump=0.000s crop=0.491s total=4.979s) focus_reason='' fallback_used=False fallback_found=False step_dump_used=False step_dump_reason='focus_payload_sufficient' req_id='282e4699'
[FOCUS] req_id=282e4699 get_focus_req_id='' response_success=false payload_source='' payload_sufficient=false fallback_used=false fallback_found=false dump_attempted=false final_payload_source='' focus_reason='' missing_reason=''

[DECISION_TRACE]
baseline_empty=true
first_candidate_contaminated=true
trim_considered=false
trim_applied=false
stable_reason='result_row_snapshot'
used_snapshot=true
snapshot_reason='no_better_recent_poll_candidate'
scroll_evidence='weak'
focus_evidence='strong'
notes='final speech appears to come from snapshot candidate path'
