[ROW_CONTEXT]
scenario=
tab=(?i).*life.*
step=2
req_id=ec3188c2
visible=More options
speech=More options
final_result=FAIL
failure_reason=move_failed

review_note=이동/발화 결과 재검토 필요
noise=
move_result={'success': true, 'status': 'moved', 'detail': 'moved', 'raw': {'timestamp': 1775988318792, 'reqid': '3dd129b8', 'success': true, 'status': 'moved', 'detail': 'moved', 'flags': []}}
debug_source_row_found=false

[ANN_TRACE]
[ANN][baseline] req_id=ec3188c2 text='' source='source_row_missing' empty_reason='no_prev_step_row'
[ANN][poll] req_id=ec3188c2 idx=0 raw='More options' normalized='more options' changed=true differs_from_baseline=true source='row_snapshot' observed_at='' count=0
[ANN][trim] req_id=ec3188c2 considered=false applied=false before='More options' after='More options' reject_reason='' reason='trim_stage_not_reached'
[ANN][stable] req_id=ec3188c2 selected='More options' reason='result_row_snapshot' source='result_row'
[ANN][select] req_id=ec3188c2 used_snapshot=true snapshot_reason='no_better_recent_poll_candidate' previous='' current='More options' final='More options'

[STEP_TRACE]
[19:05:22] [STEP] END tab='(?i).*life.*' step=2 elapsed=4.56s move_result='{'success': True, 'status': 'moved', 'detail': 'moved', 'raw': {'timestamp': 1775988318792, 'reqId': '3dd129b8', 'success': True, 'status': 'moved', 'detail': 'moved', 'flags': []}}' visible='More options' speech='More options' crop='output\talkback_compare_20260412_185945\crops\i_._life._step_2_More_options.png' timing(move=0.457s ann=3.070s get_focus=1.036s get_focus_fallback_dump=0.000s step_dump=0.000s crop=0.499s total=5.063s) focus_reason='' fallback_used=False fallback_found=False step_dump_used=False step_dump_reason='focus_payload_sufficient' req_id='ec3188c2'
[STEP][summary] req_id=ec3188c2 tab='(?i).*life.*' step=2 move_result='{'success': true, 'status': 'moved', 'detail': 'moved', 'raw': {'timestamp': 1775988318792, 'reqid': '3dd129b8', 'success': true, 'status': 'moved', 'detail': 'moved', 'flags': []}}' terminal=false no_progress=false

[SCROLL_TRACE]
[SCROLL] req_id=ec3188c2 scroll_related_log_found=false move_result='{'success': true, 'status': 'moved', 'detail': 'moved', 'raw': {'timestamp': 1775988318792, 'reqid': '3dd129b8', 'success': true, 'status': 'moved', 'detail': 'moved', 'flags': []}}' smart_result='' detail='' inferred_scroll=false inference_reason='no_scroll_signal_found'

[FOCUS_TRACE]
[19:05:22] [STEP] END tab='(?i).*life.*' step=2 elapsed=4.56s move_result='{'success': True, 'status': 'moved', 'detail': 'moved', 'raw': {'timestamp': 1775988318792, 'reqId': '3dd129b8', 'success': True, 'status': 'moved', 'detail': 'moved', 'flags': []}}' visible='More options' speech='More options' crop='output\talkback_compare_20260412_185945\crops\i_._life._step_2_More_options.png' timing(move=0.457s ann=3.070s get_focus=1.036s get_focus_fallback_dump=0.000s step_dump=0.000s crop=0.499s total=5.063s) focus_reason='' fallback_used=False fallback_found=False step_dump_used=False step_dump_reason='focus_payload_sufficient' req_id='ec3188c2'
[FOCUS] req_id=ec3188c2 get_focus_req_id='' response_success=false payload_source='' payload_sufficient=false fallback_used=false fallback_found=false dump_attempted=false final_payload_source='' focus_reason='' missing_reason=''

[DECISION_TRACE]
baseline_empty=true
first_candidate_contaminated=true
trim_considered=false
trim_applied=false
stable_reason='result_row_snapshot'
used_snapshot=true
snapshot_reason='no_better_recent_poll_candidate'
scroll_evidence='weak'
focus_evidence='strong'
notes='final speech appears to come from snapshot candidate path'
