[ROW_CONTEXT]
scenario=
tab=(?i).*life.*
step=10
req_id=0660bb61
visible=Set up the SmartThings devices that you use to better understand your daily life.
speech=Set up the SmartThings devices that you use to better understand your daily life.
final_result=FAIL
failure_reason=move_failed

review_note=이동/발화 결과 재검토 필요
noise=
move_result=failed
debug_source_row_found=false

[ANN_TRACE]
[ANN][baseline] req_id=0660bb61 text='' source='source_row_missing' empty_reason='no_prev_step_row'
[ANN][poll] req_id=0660bb61 idx=0 raw='Set up the SmartThings devices that you use to better understand your daily life.' normalized='set up the smartthings devices that you use to better understand your daily life.' changed=true differs_from_baseline=true source='row_snapshot' observed_at='' count=0
[ANN][trim] req_id=0660bb61 considered=false applied=false before='Set up the SmartThings devices that you use to better understand your daily life.' after='Set up the SmartThings devices that you use to better understand your daily life.' reject_reason='' reason='trim_stage_not_reached'
[ANN][stable] req_id=0660bb61 selected='Set up the SmartThings devices that you use to better understand your daily life.' reason='result_row_snapshot' source='result_row'
[ANN][select] req_id=0660bb61 used_snapshot=true snapshot_reason='no_better_recent_poll_candidate' previous='' current='Set up the SmartThings devices that you use to better understand your daily life.' final='Set up the SmartThings devices that you use to better understand your daily life.'

[STEP_TRACE]
[00:11:57] [STEP] END tab='(?i).*life.*' step=10 elapsed=5.39s move_result='' visible='Set up the SmartThings devices that you use to better understand your daily life.' speech='Set up the SmartThings devices that you use to better understand your daily life.' crop='output\talkback_compare_20260423_001023\crops\i_._life._step_10_Want_better_insight_into_your_daily_life.png' timing(move=0.415s ann=3.885s get_focus=1.088s get_focus_fallback_dump=0.000s step_dump=0.000s crop=0.580s total=5.968s) focus_reason='' fallback_used=False fallback_found=False step_dump_used=False step_dump_reason='focus_payload_sufficient' req_id='0660bb61'
[STEP][summary] req_id=0660bb61 tab='(?i).*life.*' step=10 move_result='failed' terminal=false no_progress=false

[SCROLL_TRACE]
[SCROLL] req_id=0660bb61 scroll_related_log_found=false move_result='failed' smart_result='' detail='' inferred_scroll=false inference_reason='no_scroll_signal_found'

[FOCUS_TRACE]
[00:11:57] [STEP] END tab='(?i).*life.*' step=10 elapsed=5.39s move_result='' visible='Set up the SmartThings devices that you use to better understand your daily life.' speech='Set up the SmartThings devices that you use to better understand your daily life.' crop='output\talkback_compare_20260423_001023\crops\i_._life._step_10_Want_better_insight_into_your_daily_life.png' timing(move=0.415s ann=3.885s get_focus=1.088s get_focus_fallback_dump=0.000s step_dump=0.000s crop=0.580s total=5.968s) focus_reason='' fallback_used=False fallback_found=False step_dump_used=False step_dump_reason='focus_payload_sufficient' req_id='0660bb61'
[FOCUS] req_id=0660bb61 get_focus_req_id='' response_success=false payload_source='' payload_sufficient=false fallback_used=false fallback_found=false dump_attempted=false final_payload_source='' focus_reason='' missing_reason=''

[DECISION_TRACE]
baseline_empty=true
first_candidate_contaminated=true
trim_considered=false
trim_applied=false
stable_reason='result_row_snapshot'
used_snapshot=true
snapshot_reason='no_better_recent_poll_candidate'
scroll_evidence='weak'
focus_evidence='strong'
notes='final speech appears to come from snapshot candidate path'
