[ROW_CONTEXT]
scenario=
tab=(?i).*life.*
step=5
req_id=468b7b40
visible=Set geolocation to monitor outdoor air quality
speech=Set geolocation to monitor outdoor air quality
final_result=FAIL
failure_reason=move_failed

review_note=이동/발화 결과 재검토 필요
noise=
move_result={'success': true, 'status': 'moved', 'detail': 'moved', 'raw': {'timestamp': 1776169507132, 'reqid': '1164a494', 'success': true, 'status': 'moved', 'detail': 'moved', 'flags': []}}
debug_source_row_found=false

[ANN_TRACE]
[ANN][baseline] req_id=468b7b40 text='' source='source_row_missing' empty_reason='no_prev_step_row'
[ANN][poll] req_id=468b7b40 idx=0 raw='Set geolocation to monitor outdoor air quality' normalized='set geolocation to monitor outdoor air quality' changed=true differs_from_baseline=true source='row_snapshot' observed_at='' count=0
[ANN][trim] req_id=468b7b40 considered=false applied=false before='Set geolocation to monitor outdoor air quality' after='Set geolocation to monitor outdoor air quality' reject_reason='' reason='trim_stage_not_reached'
[ANN][stable] req_id=468b7b40 selected='Set geolocation to monitor outdoor air quality' reason='result_row_snapshot' source='result_row'
[ANN][select] req_id=468b7b40 used_snapshot=true snapshot_reason='no_better_recent_poll_candidate' previous='' current='Set geolocation to monitor outdoor air quality' final='Set geolocation to monitor outdoor air quality'

[STEP_TRACE]
[21:25:10] [STEP] END tab='(?i).*life.*' step=5 elapsed=4.37s move_result='{'success': True, 'status': 'moved', 'detail': 'moved', 'raw': {'timestamp': 1776169507132, 'reqId': '1164a494', 'success': True, 'status': 'moved', 'detail': 'moved', 'flags': []}}' visible='Set geolocation to monitor outdoor air quality' speech='Set geolocation to monitor outdoor air quality' crop='output\talkback_compare_20260414_212331\crops\i_._life._step_5_Set_geolocation_to_monitor_outdoor_air_q.png' timing(move=0.399s ann=3.011s get_focus=0.964s get_focus_fallback_dump=0.000s step_dump=0.000s crop=0.502s total=4.877s) focus_reason='' fallback_used=False fallback_found=False step_dump_used=False step_dump_reason='focus_payload_sufficient' req_id='468b7b40'
[STEP][summary] req_id=468b7b40 tab='(?i).*life.*' step=5 move_result='{'success': true, 'status': 'moved', 'detail': 'moved', 'raw': {'timestamp': 1776169507132, 'reqid': '1164a494', 'success': true, 'status': 'moved', 'detail': 'moved', 'flags': []}}' terminal=false no_progress=false

[SCROLL_TRACE]
[SCROLL] req_id=468b7b40 scroll_related_log_found=false move_result='{'success': true, 'status': 'moved', 'detail': 'moved', 'raw': {'timestamp': 1776169507132, 'reqid': '1164a494', 'success': true, 'status': 'moved', 'detail': 'moved', 'flags': []}}' smart_result='' detail='' inferred_scroll=false inference_reason='no_scroll_signal_found'

[FOCUS_TRACE]
[21:25:10] [STEP] END tab='(?i).*life.*' step=5 elapsed=4.37s move_result='{'success': True, 'status': 'moved', 'detail': 'moved', 'raw': {'timestamp': 1776169507132, 'reqId': '1164a494', 'success': True, 'status': 'moved', 'detail': 'moved', 'flags': []}}' visible='Set geolocation to monitor outdoor air quality' speech='Set geolocation to monitor outdoor air quality' crop='output\talkback_compare_20260414_212331\crops\i_._life._step_5_Set_geolocation_to_monitor_outdoor_air_q.png' timing(move=0.399s ann=3.011s get_focus=0.964s get_focus_fallback_dump=0.000s step_dump=0.000s crop=0.502s total=4.877s) focus_reason='' fallback_used=False fallback_found=False step_dump_used=False step_dump_reason='focus_payload_sufficient' req_id='468b7b40'
[FOCUS] req_id=468b7b40 get_focus_req_id='' response_success=false payload_source='' payload_sufficient=false fallback_used=false fallback_found=false dump_attempted=false final_payload_source='' focus_reason='' missing_reason=''

[DECISION_TRACE]
baseline_empty=true
first_candidate_contaminated=true
trim_considered=false
trim_applied=false
stable_reason='result_row_snapshot'
used_snapshot=true
snapshot_reason='no_better_recent_poll_candidate'
scroll_evidence='weak'
focus_evidence='strong'
notes='final speech appears to come from snapshot candidate path'
