[ROW_CONTEXT]
scenario=
tab=(?i).*routines.*
step=12
req_id=850443d7
visible=Manually run routines Expanded  Manually run routines
speech=Manually run routines
final_result=FAIL
failure_reason=move_failed

review_note=이동/발화 결과 재검토 필요
noise=
move_result={'success': true, 'status': 'moved', 'detail': 'moved', 'raw': {'timestamp': 1776350027703, 'reqid': '0abf77ee', 'success': true, 'status': 'moved', 'detail': 'moved', 'flags': []}}
debug_source_row_found=false

[ANN_TRACE]
[ANN][baseline] req_id=850443d7 text='' source='source_row_missing' empty_reason='no_prev_step_row'
[ANN][poll] req_id=850443d7 idx=0 raw='Manually run routines' normalized='manually run routines' changed=true differs_from_baseline=true source='row_snapshot' observed_at='' count=0
[ANN][trim] req_id=850443d7 considered=false applied=false before='Manually run routines' after='Manually run routines' reject_reason='' reason='trim_stage_not_reached'
[ANN][stable] req_id=850443d7 selected='Manually run routines' reason='result_row_snapshot' source='result_row'
[ANN][select] req_id=850443d7 used_snapshot=true snapshot_reason='no_better_recent_poll_candidate' previous='' current='Manually run routines' final='Manually run routines'

[STEP_TRACE]
[STEP] START scenario='' tab='(?i).*routines.*' step=12 req_id='850443d7'
[STEP] END scenario='' tab='(?i).*routines.*' step=12 req_id='850443d7' move_result='{'success': true, 'status': 'moved', 'detail': 'moved', 'raw': {'timestamp': 1776350027703, 'reqid': '0abf77ee', 'success': true, 'status': 'moved', 'detail': 'moved', 'flags': []}}'
[STOP][eval] scenario='' step=12 reason='move_failed'
[STEP][summary] req_id=850443d7 tab='(?i).*routines.*' step=12 move_result='{'success': true, 'status': 'moved', 'detail': 'moved', 'raw': {'timestamp': 1776350027703, 'reqid': '0abf77ee', 'success': true, 'status': 'moved', 'detail': 'moved', 'flags': []}}' terminal=false no_progress=false

[SCROLL_TRACE]
[SCROLL] req_id=850443d7 scroll_related_log_found=false move_result='{'success': true, 'status': 'moved', 'detail': 'moved', 'raw': {'timestamp': 1776350027703, 'reqid': '0abf77ee', 'success': true, 'status': 'moved', 'detail': 'moved', 'flags': []}}' smart_result='' detail='' inferred_scroll=false inference_reason='no_scroll_signal_found'

[FOCUS_TRACE]
[FOCUS] req_id=850443d7 get_focus_req_id='' response_success=false payload_source='inferred_from_step_end' payload_sufficient=false fallback_used=false fallback_found=false dump_attempted=false final_payload_source='' focus_reason='' missing_reason='no_direct_get_focus_trace_found'

[DECISION_TRACE]
baseline_empty=true
first_candidate_contaminated=true
trim_considered=false
trim_applied=false
stable_reason='result_row_snapshot'
used_snapshot=true
snapshot_reason='no_better_recent_poll_candidate'
scroll_evidence='weak'
focus_evidence='weak'
notes='final speech appears to come from snapshot candidate path'
