--- adb starting (pid 2280) ---
04-11 18:03:58.552  2280 39076 I adb     : main.cpp:66 Android Debug Bridge version 1.0.41
04-11 18:03:58.552  2280 39076 I adb     : main.cpp:66 Version 37.0.0-14910828
04-11 18:03:58.552  2280 39076 I adb     : main.cpp:66 Installed as C:\Users\smani\AppData\Local\Android\Sdk\platform-tools\adb.exe
04-11 18:03:58.552  2280 39076 I adb     : main.cpp:66 Running on Windows 10.0.22631
04-11 18:03:58.552  2280 39076 I adb     : main.cpp:66 
--- adb starting (pid 34844) ---
04-13 08:02:49.867 34844 35644 I adb     : main.cpp:66 Android Debug Bridge version 1.0.41
04-13 08:02:49.867 34844 35644 I adb     : main.cpp:66 Version 37.0.0-14910828
04-13 08:02:49.867 34844 35644 I adb     : main.cpp:66 Installed as C:\Users\smani\AppData\Local\Android\Sdk\platform-tools\adb.exe
04-13 08:02:49.867 34844 35644 I adb     : main.cpp:66 Running on Windows 10.0.22631
04-13 08:02:49.867 34844 35644 I adb     : main.cpp:66 
04-13 08:09:27.791 34844 34084 I adb     : transport.cpp:1170 R3CX40QFDBP: connection terminated: read failed
--- adb starting (pid 26472) ---
04-13 22:23:05.666 26472 11028 I adb     : main.cpp:66 Android Debug Bridge version 1.0.41
04-13 22:23:05.666 26472 11028 I adb     : main.cpp:66 Version 37.0.0-14910828
04-13 22:23:05.666 26472 11028 I adb     : main.cpp:66 Installed as C:\Users\smani\AppData\Local\Android\Sdk\platform-tools\adb.exe
04-13 22:23:05.666 26472 11028 I adb     : main.cpp:66 Running on Windows 10.0.22631
04-13 22:23:05.666 26472 11028 I adb     : main.cpp:66 
04-13 22:37:36.653 26472 27328 I adb     : transport.cpp:1170 R3CX40QFDBP: connection terminated: read failed
--- adb starting (pid 24232) ---
04-14 07:48:24.044 24232 31464 I adb     : main.cpp:66 Android Debug Bridge version 1.0.41
04-14 07:48:24.044 24232 31464 I adb     : main.cpp:66 Version 37.0.0-14910828
04-14 07:48:24.044 24232 31464 I adb     : main.cpp:66 Installed as C:\Users\smani\AppData\Local\Android\Sdk\platform-tools\adb.exe
04-14 07:48:24.044 24232 31464 I adb     : main.cpp:66 Running on Windows 10.0.22631
04-14 07:48:24.044 24232 31464 I adb     : main.cpp:66 
04-14 07:53:24.557 24232 30960 I adb     : transport.cpp:1170 R3CX40QFDBP: connection terminated: read failed
04-14 08:06:19.884 24232 38060 I adb     : transport.cpp:1170 R3CX40QFDBP: connection terminated: read failed
04-14 19:53:18.856 24232 35220 I adb     : transport.cpp:1170 R3CX40QFDBP: connection terminated: read failed
--- adb starting (pid 40588) ---
04-15 07:55:14.756 40588 22352 I adb     : main.cpp:66 Android Debug Bridge version 1.0.41
04-15 07:55:14.756 40588 22352 I adb     : main.cpp:66 Version 37.0.0-14910828
04-15 07:55:14.756 40588 22352 I adb     : main.cpp:66 Installed as C:\Users\smani\AppData\Local\Android\Sdk\platform-tools\adb.exe
04-15 07:55:14.756 40588 22352 I adb     : main.cpp:66 Running on Windows 10.0.22631
04-15 07:55:14.756 40588 22352 I adb     : main.cpp:66 
04-15 07:56:05.349 40588 40664 I adb     : transport.cpp:1170 R3CX40QFDBP: connection terminated: read failed
04-15 19:05:13.519 40588 35540 I adb     : transport.cpp:1170 R3CX40QFDBP: connection terminated: read failed
--- adb starting (pid 32576) ---
04-16 07:41:47.288 32576 32580 I adb     : main.cpp:66 Android Debug Bridge version 1.0.41
04-16 07:41:47.288 32576 32580 I adb     : main.cpp:66 Version 37.0.0-14910828
04-16 07:41:47.288 32576 32580 I adb     : main.cpp:66 Installed as C:\Users\smani\AppData\Local\Android\Sdk\platform-tools\adb.exe
04-16 07:41:47.288 32576 32580 I adb     : main.cpp:66 Running on Windows 10.0.22631
04-16 07:41:47.288 32576 32580 I adb     : main.cpp:66 
--- adb starting (pid 35564) ---
04-16 22:57:46.198 35564 33620 I adb     : main.cpp:66 Android Debug Bridge version 1.0.41
04-16 22:57:46.198 35564 33620 I adb     : main.cpp:66 Version 37.0.0-14910828
04-16 22:57:46.198 35564 33620 I adb     : main.cpp:66 Installed as C:\Users\smani\AppData\Local\Android\Sdk\platform-tools\adb.exe
04-16 22:57:46.198 35564 33620 I adb     : main.cpp:66 Running on Windows 10.0.22631
04-16 22:57:46.198 35564 33620 I adb     : main.cpp:66 
04-17 06:56:31.524 35564  8132 I adb     : transport.cpp:1170 R3CX40QFDBP: connection terminated: read failed
04-17 18:44:53.886 35564 41512 I adb     : transport.cpp:1170 R3CX40QFDBP: connection terminated: read failed
04-18 07:12:11.394 35564 40604 I adb     : transport.cpp:1170 R3CX40QFDBP: connection terminated: read failed
04-18 07:13:04.108 35564 47708 I adb     : transport.cpp:1170 R3CX40QFDBP: connection terminated: read failed
04-18 17:55:46.332 35564 39956 I adb     : transport.cpp:1170 R3CX40QFDBP: connection terminated: read failed
04-18 21:24:22.825 35564 35980 I adb     : transport.cpp:1170 R3CX40QFDBP: connection terminated: read failed
04-19 01:38:08.529 35564 35148 I adb     : transport.cpp:1170 R3CX40QFDBP: connection terminated: read failed
04-19 01:39:41.378 35564 42888 I adb     : transport.cpp:1170 R3CX40QFDBP: connection terminated: read failed
--- adb starting (pid 31732) ---
04-19 08:38:26.934 31732 30792 I adb     : main.cpp:66 Android Debug Bridge version 1.0.41
04-19 08:38:26.934 31732 30792 I adb     : main.cpp:66 Version 37.0.0-14910828
04-19 08:38:26.934 31732 30792 I adb     : main.cpp:66 Installed as C:\Users\smani\AppData\Local\Android\Sdk\platform-tools\adb.exe
04-19 08:38:26.934 31732 30792 I adb     : main.cpp:66 Running on Windows 10.0.22631
04-19 08:38:26.934 31732 30792 I adb     : main.cpp:66 
04-19 15:19:48.999 31732 30772 I adb     : transport.cpp:1170 R3CX40QFDBP: connection terminated: read failed
--- adb starting (pid 32676) ---
04-19 15:56:26.035 32676 29740 I adb     : main.cpp:66 Android Debug Bridge version 1.0.41
04-19 15:56:26.035 32676 29740 I adb     : main.cpp:66 Version 37.0.0-14910828
04-19 15:56:26.035 32676 29740 I adb     : main.cpp:66 Installed as C:\Users\smani\AppData\Local\Android\Sdk\platform-tools\adb.exe
04-19 15:56:26.035 32676 29740 I adb     : main.cpp:66 Running on Windows 10.0.22631
04-19 15:56:26.035 32676 29740 I adb     : main.cpp:66 
04-19 18:35:50.737 32676 38120 I adb     : transport.cpp:1170 R3CX40QFDBP: connection terminated: read failed
04-19 18:40:17.265 32676 37656 I adb     : transport.cpp:1170 R3CX40QFDBP: connection terminated: read failed
04-19 21:42:03.669 32676 29740 W adb     : sockets.cpp:310 timeout expired while flushing socket, closing
04-20 07:08:18.154 32676 29740 W adb     : sockets.cpp:310 timeout expired while flushing socket, closing
04-20 07:08:18.523 32676 44252 I adb     : transport.cpp:1170 R3CX40QFDBP: connection terminated: read failed
04-20 07:08:18.523 32676 29280 E adb     : transport_usb.cpp:136 remote usb: 1 - write terminated: Input/output error
04-20 07:11:06.296 32676 50040 I adb     : transport.cpp:1170 R3CX40QFDBP: connection terminated: read failed
04-20 07:11:06.296 32676 50044 E adb     : transport_usb.cpp:136 remote usb: 1 - write terminated: Input/output error
04-20 08:21:34.927 32676 44892 I adb     : transport.cpp:1170 R3CX40QFDBP: connection terminated: read failed
04-20 08:21:34.927 32676 52220 E adb     : transport_usb.cpp:136 remote usb: 1 - write terminated: Input/output error
--- adb starting (pid 39136) ---
04-21 18:53:21.935 39136 39140 I adb     : main.cpp:66 Android Debug Bridge version 1.0.41
04-21 18:53:21.935 39136 39140 I adb     : main.cpp:66 Version 37.0.0-14910828
04-21 18:53:21.935 39136 39140 I adb     : main.cpp:66 Installed as C:\Users\smani\AppData\Local\Android\Sdk\platform-tools\adb.exe
04-21 18:53:21.935 39136 39140 I adb     : main.cpp:66 Running on Windows 10.0.22631
04-21 18:53:21.935 39136 39140 I adb     : main.cpp:66 
04-22 07:43:22.471 39136 39020 I adb     : transport.cpp:1170 R3CX40QFDBP: connection terminated: read failed
04-22 07:44:27.294 39136 44572 I adb     : transport.cpp:1170 R3CX40QFDBP: connection terminated: read failed
04-22 22:35:03.291 39136 45096 I adb     : transport.cpp:1170 R3CX40QFDBP: connection terminated: read failed
04-22 22:52:09.506 39136 20736 I adb     : transport.cpp:1170 R3CX40QFDBP: connection terminated: read failed
--- adb starting (pid 15960) ---
04-23 08:19:16.564 15960 39388 I adb     : main.cpp:66 Android Debug Bridge version 1.0.41
04-23 08:19:16.564 15960 39388 I adb     : main.cpp:66 Version 37.0.0-14910828
04-23 08:19:16.564 15960 39388 I adb     : main.cpp:66 Installed as C:\Users\smani\AppData\Local\Android\Sdk\platform-tools\adb.exe
04-23 08:19:16.564 15960 39388 I adb     : main.cpp:66 Running on Windows 10.0.22631
04-23 08:19:16.564 15960 39388 I adb     : main.cpp:66 
04-23 21:47:30.899 15960  1624 I adb     : transport.cpp:1170 R3CX40QFDBP: connection terminated: read failed
04-24 01:03:18.810 15960  6956 I adb     : transport.cpp:1170 R3CX40QFDBP: connection terminated: read failed
04-24 01:13:32.247 15960  3292 I adb     : transport.cpp:1170 R3CX40QFDBP: connection terminated: read failed
--- adb starting (pid 31936) ---
04-24 08:52:45.171 31936 20736 I adb     : main.cpp:66 Android Debug Bridge version 1.0.41
04-24 08:52:45.171 31936 20736 I adb     : main.cpp:66 Version 37.0.0-14910828
04-24 08:52:45.171 31936 20736 I adb     : main.cpp:66 Installed as C:\Users\smani\AppData\Local\Android\Sdk\platform-tools\adb.exe
04-24 08:52:45.171 31936 20736 I adb     : main.cpp:66 Running on Windows 10.0.22631
04-24 08:52:45.171 31936 20736 I adb     : main.cpp:66 
04-24 13:35:58.511 31936 40288 I adb     : transport.cpp:1170 R3CX40QFDBP: connection terminated: read failed
04-24 13:36:20.854 31936 43440 I adb     : transport.cpp:1170 R3CX40QFDBP: connection terminated: read failed
04-24 16:12:25.437 31936 42196 I adb     : transport.cpp:1170 R3CX40QFDBP: connection terminated: read failed
04-24 20:07:58.192 31936 37704 I adb     : transport.cpp:1170 R3CX40QFDBP: connection terminated: read failed
04-24 21:40:40.893 31936 40436 I adb     : transport.cpp:1170 R3CX40QFDBP: connection terminated: read failed
04-24 21:41:46.947 31936  3536 I adb     : transport.cpp:1170 R3CX40QFDBP: connection terminated: read failed
04-25 08:07:23.493 31936 45704 I adb     : transport.cpp:1170 R3CX40QFDBP: connection terminated: read failed
04-25 08:07:28.148 31936 43320 I adb     : transport.cpp:1170 R3CX40QFDBP: connection terminated: read failed
04-25 16:07:55.616 31936 41040 I adb     : transport.cpp:1170 R3CX40QFDBP: connection terminated: read failed
04-25 16:07:58.038 31936 40556 I adb     : transport.cpp:1170 R3CX40QFDBP: connection terminated: read failed
04-25 18:58:58.858 31936 40044 I adb     : transport.cpp:1170 R3CX40QFDBP: connection terminated: read failed
04-25 18:59:00.201 31936 44616 I adb     : transport.cpp:1170 R3CX40QFDBP: connection terminated: read failed
04-26 00:38:11.514 31936 43632 I adb     : transport.cpp:1170 R3CX40QFDBP: connection terminated: read failed
04-26 00:43:54.002 31936 16896 I adb     : transport.cpp:1170 R3CX40QFDBP: connection terminated: read failed
04-26 09:07:36.285 31936 30580 I adb     : transport.cpp:1170 R3CX40QFDBP: connection terminated: read failed
04-26 11:37:23.420 31936  1784 I adb     : transport.cpp:1170 R3CX40QFDBP: connection terminated: read failed
04-26 12:38:43.021 31936 51444 I adb     : transport.cpp:1170 R3CX40QFDBP: connection terminated: read failed
04-26 14:38:25.193 31936 20304 I adb     : transport.cpp:1170 R3CX40QFDBP: connection terminated: read failed
04-26 14:38:46.595 31936 51992 I adb     : transport.cpp:1170 R3CX40QFDBP: connection terminated: read failed
04-26 16:19:06.860 31936 45168 I adb     : transport.cpp:1170 R3CX40QFDBP: connection terminated: read failed
04-26 16:27:15.291 31936 51176 I adb     : transport.cpp:1170 R3CX40QFDBP: connection terminated: read failed
04-26 18:11:34.246 31936 42964 I adb     : transport.cpp:1170 R3CX40QFDBP: connection terminated: read failed
04-26 23:50:39.859 31936 49060 I adb     : transport.cpp:1170 R3CX40QFDBP: connection terminated: read failed
04-26 23:52:04.900 31936 50992 I adb     : transport.cpp:1170 R3CX40QFDBP: connection terminated: read failed
04-27 07:42:48.343 31936 16180 I adb     : transport.cpp:1170 R3CX40QFDBP: connection terminated: read failed
04-27 07:42:50.724 31936 54868 I adb     : transport.cpp:1170 R3CX40QFDBP: connection terminated: read failed
04-27 09:07:42.356 31936 27236 I adb     : transport.cpp:1170 R3CX40QFDBP: connection terminated: read failed
--- adb starting (pid 24348) ---
04-27 23:05:22.986 24348  1508 I adb     : main.cpp:66 Android Debug Bridge version 1.0.41
04-27 23:05:22.986 24348  1508 I adb     : main.cpp:66 Version 37.0.0-14910828
04-27 23:05:22.986 24348  1508 I adb     : main.cpp:66 Installed as C:\Users\smani\AppData\Local\Android\Sdk\platform-tools\adb.exe
04-27 23:05:22.986 24348  1508 I adb     : main.cpp:66 Running on Windows 10.0.22631
04-27 23:05:22.986 24348  1508 I adb     : main.cpp:66 
04-28 07:33:46.963 24348 12064 I adb     : transport.cpp:1170 R3CX40QFDBP: connection terminated: read failed
04-28 21:50:11.232 24348 44716 I adb     : transport.cpp:1170 R3CX40QFDBP: connection terminated: read failed
04-29 07:22:07.465 24348 31168 I adb     : transport.cpp:1170 R3CX40QFDBP: connection terminated: read failed
04-29 07:22:38.967 24348 46408 I adb     : transport.cpp:1170 R3CX40QFDBP: connection terminated: read failed
04-29 18:34:05.229 24348  5752 I adb     : transport.cpp:1170 R3CX40QFDBP: connection terminated: read failed
04-29 20:26:51.855 24348 48988 I adb     : transport.cpp:1170 R3CX40QFDBP: connection terminated: read failed
04-29 21:01:17.502 24348 44492 I adb     : transport.cpp:1170 R3CX40QFDBP: connection terminated: read failed
--- adb starting (pid 41040) ---
04-30 07:40:50.116 41040 28360 I adb     : main.cpp:66 Android Debug Bridge version 1.0.41
04-30 07:40:50.116 41040 28360 I adb     : main.cpp:66 Version 37.0.0-14910828
04-30 07:40:50.116 41040 28360 I adb     : main.cpp:66 Installed as C:\Users\smani\AppData\Local\Android\Sdk\platform-tools\adb.exe
04-30 07:40:50.116 41040 28360 I adb     : main.cpp:66 Running on Windows 10.0.22631
04-30 07:40:50.116 41040 28360 I adb     : main.cpp:66 
04-30 13:23:32.186 41040 41396 I adb     : transport.cpp:1170 R3CX40QFDBP: connection terminated: read failed
04-30 16:59:15.203 41040 44756 I adb     : transport.cpp:1170 R3CX40QFDBP: connection terminated: read failed
04-30 20:01:09.179 41040 23372 I adb     : transport.cpp:1170 R3CX40QFDBP: connection terminated: read failed
05-01 08:51:26.326 41040 43340 I adb     : transport.cpp:1170 R3CX40QFDBP: connection terminated: read failed
05-01 08:59:24.898 41040 31780 I adb     : transport.cpp:1170 R3CX40QFDBP: connection terminated: read failed
05-01 10:26:49.874 41040  2236 I adb     : transport.cpp:1170 R3CX40QFDBP: connection terminated: read failed
05-01 10:27:00.219 41040 41740 I adb     : transport.cpp:1170 R3CX40QFDBP: connection terminated: read failed
05-01 15:02:14.438 41040 41100 I adb     : transport.cpp:1170 R3CX40QFDBP: connection terminated: read failed
05-01 20:36:30.180 41040 41316 I adb     : transport.cpp:1170 R3CX40QFDBP: connection terminated: read failed
05-01 20:38:39.152 41040 30644 I adb     : transport.cpp:1170 R3CX40QFDBP: connection terminated: read failed
05-01 23:11:48.123 41040  6116 I adb     : transport.cpp:1170 R3CX40QFDBP: connection terminated: read failed
